;  LST file generated by mikroListExporter - v.2.0 
; Date/Time: 14/07/2020 03:13:39
;----------------------------------------------

;Address Opcode 	ASM
0x0000	0xF003EF84  	GOTO        1800
_interrupt:
;PWMMotorLCD2.c,83 :: 		void interrupt(){
0x0008	0xF015C000  	MOVFF       R0, 21
;PWMMotorLCD2.c,85 :: 		if(TMR1IF_bit){
0x000C	0xA09E      	BTFSS       TMR1IF_bit, 0 
0x000E	0xD00B      	BRA         L_interrupt0
;PWMMotorLCD2.c,87 :: 		TMR1IF_bit = 0x00;
0x0010	0x909E      	BCF         TMR1IF_bit, 0 
;PWMMotorLCD2.c,88 :: 		TMR1L = 0xB0;
0x0012	0x0EB0      	MOVLW       176
0x0014	0x6ECE      	MOVWF       TMR1L 
;PWMMotorLCD2.c,89 :: 		TMR1H = 0x3C;
0x0016	0x0E3C      	MOVLW       60
0x0018	0x6ECF      	MOVWF       TMR1H 
;PWMMotorLCD2.c,91 :: 		cont++;
0x001A	0x2A2B      	INCF        _cont, 1 
;PWMMotorLCD2.c,93 :: 		if(cont == 40){
0x001C	0x502B      	MOVF        _cont, 0 
0x001E	0x0A28      	XORLW       40
0x0020	0xE102      	BNZ         L_interrupt1
;PWMMotorLCD2.c,95 :: 		cont = 0x00;
0x0022	0x6A2B      	CLRF        _cont 
;PWMMotorLCD2.c,96 :: 		control = 1;
0x0024	0x802D      	BSF         _control, BitPos(_control+0) 
;PWMMotorLCD2.c,97 :: 		} // end cont == 40
L_interrupt1:
;PWMMotorLCD2.c,99 :: 		} // end if TMR1IF_bit
L_interrupt0:
;PWMMotorLCD2.c,101 :: 		} // end void interrupt
L__interrupt28:
0x0026	0xF000C015  	MOVFF       21, R0
0x002A	0x0011      	RETFIE      1
; end of _interrupt
_Delay_50us:
;__Lib_Delays.c,19 :: 		void Delay_50us() {
;__Lib_Delays.c,20 :: 		Delay_us(50);
0x002C	0x0E10      	MOVLW       16
0x002E	0x6E0D      	MOVWF       R13, 0
L_Delay_50us2:
0x0030	0x2E0D      	DECFSZ      R13, 1, 0
0x0032	0xD7FE      	BRA         L_Delay_50us2
0x0034	0x0000      	NOP
;__Lib_Delays.c,21 :: 		}
0x0036	0x0012      	RETURN      0
; end of _Delay_50us
_Delay_5500us:
;__Lib_Delays.c,31 :: 		void Delay_5500us() {
;__Lib_Delays.c,32 :: 		Delay_us(5500);
0x0038	0x0E08      	MOVLW       8
0x003A	0x6E0C      	MOVWF       R12, 0
0x003C	0x0E23      	MOVLW       35
0x003E	0x6E0D      	MOVWF       R13, 0
L_Delay_5500us5:
0x0040	0x2E0D      	DECFSZ      R13, 1, 0
0x0042	0xD7FE      	BRA         L_Delay_5500us5
0x0044	0x2E0C      	DECFSZ      R12, 1, 0
0x0046	0xD7FC      	BRA         L_Delay_5500us5
;__Lib_Delays.c,33 :: 		}
0x0048	0x0012      	RETURN      0
; end of _Delay_5500us
_Delay_1us:
;__Lib_Delays.c,7 :: 		void Delay_1us() {
;__Lib_Delays.c,8 :: 		Delay_us(1);
0x004A	0x0000      	NOP
;__Lib_Delays.c,9 :: 		}
0x004C	0x0012      	RETURN      0
; end of _Delay_1us
_Div_16x16_S_L:
;__Lib_Math.c,139 :: 		
;__Lib_Math.c,146 :: 		
0x004E	0x3401      	RLCF        R1, 0, 0
;__Lib_Math.c,147 :: 		
0x0050	0x3608      	RLCF        R8, 1, 0
;__Lib_Math.c,148 :: 		
0x0052	0x3609      	RLCF        R9, 1, 0
;__Lib_Math.c,149 :: 		
0x0054	0x5004      	MOVF        R4, 0, 0
;__Lib_Math.c,150 :: 		
0x0056	0x5E08      	SUBWF       R8, 1, 0
;__Lib_Math.c,151 :: 		
0x0058	0x5005      	MOVF        R5, 0, 0
;__Lib_Math.c,152 :: 		
0x005A	0xA0D8      	BTFSS       STATUS, 0, 0
;__Lib_Math.c,153 :: 		
0x005C	0x3C05      	INCFSZ      R5, 0, 0
;__Lib_Math.c,154 :: 		
0x005E	0x5E09      	SUBWF       R9, 1, 0
;__Lib_Math.c,155 :: 		
0x0060	0x3600      	RLCF        R0, 1, 0
;__Lib_Math.c,156 :: 		
0x0062	0x3601      	RLCF        R1, 1, 0
;__Lib_Math.c,158 :: 		
0x0064	0x0E0F      	MOVLW       15
;__Lib_Math.c,159 :: 		
0x0066	0x6E0C      	MOVWF       R12, 0
;__Lib_Math.c,161 :: 		
0x0068	0x3401      	RLCF        R1, 0, 0
;__Lib_Math.c,162 :: 		
0x006A	0x3608      	RLCF        R8, 1, 0
;__Lib_Math.c,163 :: 		
0x006C	0x3609      	RLCF        R9, 1, 0
;__Lib_Math.c,164 :: 		
0x006E	0x5004      	MOVF        R4, 0, 0
;__Lib_Math.c,166 :: 		
0x0070	0xA000      	BTFSS       R0, 0, 0
;__Lib_Math.c,167 :: 		
0x0072	0xD006      	BRA         $+14
;__Lib_Math.c,168 :: 		
0x0074	0x5E08      	SUBWF       R8, 1, 0
;__Lib_Math.c,169 :: 		
0x0076	0x5005      	MOVF        R5, 0, 0
;__Lib_Math.c,170 :: 		
0x0078	0xA0D8      	BTFSS       STATUS, 0, 0
;__Lib_Math.c,171 :: 		
0x007A	0x3C05      	INCFSZ      R5, 0, 0
;__Lib_Math.c,172 :: 		
0x007C	0x5E09      	SUBWF       R9, 1, 0
;__Lib_Math.c,173 :: 		
0x007E	0xD005      	BRA         $+12
;__Lib_Math.c,175 :: 		
0x0080	0x2608      	ADDWF       R8, 1, 0
;__Lib_Math.c,176 :: 		
0x0082	0x5005      	MOVF        R5, 0, 0
;__Lib_Math.c,177 :: 		
0x0084	0xB0D8      	BTFSC       STATUS, 0, 0
;__Lib_Math.c,178 :: 		
0x0086	0x3C05      	INCFSZ      R5, 0, 0
;__Lib_Math.c,179 :: 		
0x0088	0x2609      	ADDWF       R9, 1, 0
;__Lib_Math.c,181 :: 		
0x008A	0x3600      	RLCF        R0, 1, 0
;__Lib_Math.c,182 :: 		
0x008C	0x3601      	RLCF        R1, 1, 0
;__Lib_Math.c,184 :: 		
0x008E	0x2E0C      	DECFSZ      R12, 1, 0
;__Lib_Math.c,185 :: 		
0x0090	0xD7EB      	BRA         $-40
;__Lib_Math.c,187 :: 		
0x0092	0xB000      	BTFSC       R0, 0, 0
;__Lib_Math.c,188 :: 		
0x0094	0xD006      	BRA         $+14
;__Lib_Math.c,189 :: 		
0x0096	0x5004      	MOVF        R4, 0, 0
;__Lib_Math.c,190 :: 		
0x0098	0x2608      	ADDWF       R8, 1, 0
;__Lib_Math.c,191 :: 		
0x009A	0x5005      	MOVF        R5, 0, 0
;__Lib_Math.c,192 :: 		
0x009C	0xB0D8      	BTFSC       STATUS, 0, 0
;__Lib_Math.c,193 :: 		
0x009E	0x3C05      	INCFSZ      R5, 0, 0
;__Lib_Math.c,194 :: 		
0x00A0	0x2609      	ADDWF       R9, 1, 0
;__Lib_Math.c,195 :: 		
0x00A2	0x0000      	NOP
;__Lib_Math.c,197 :: 		
0x00A4	0x0012      	RETURN      0
; end of _Div_16x16_S_L
_Lcd_Cmd:
;__Lib_Lcd.c,18 :: 		
;__Lib_Lcd.c,20 :: 		
0x00A6	0xBE37      	BTFSC       FARG_Lcd_Cmd_out_char, 7 
0x00A8	0xD002      	BRA         L__Lcd_Cmd20
0x00AA	0x9E83      	BCF         LCD_D7, BitPos(LCD_D7+0) 
0x00AC	0xD001      	BRA         L__Lcd_Cmd21
L__Lcd_Cmd20:
0x00AE	0x8E83      	BSF         LCD_D7, BitPos(LCD_D7+0) 
L__Lcd_Cmd21:
;__Lib_Lcd.c,21 :: 		
0x00B0	0xBC37      	BTFSC       FARG_Lcd_Cmd_out_char, 6 
0x00B2	0xD002      	BRA         L__Lcd_Cmd22
0x00B4	0x9C83      	BCF         LCD_D6, BitPos(LCD_D6+0) 
0x00B6	0xD001      	BRA         L__Lcd_Cmd23
L__Lcd_Cmd22:
0x00B8	0x8C83      	BSF         LCD_D6, BitPos(LCD_D6+0) 
L__Lcd_Cmd23:
;__Lib_Lcd.c,22 :: 		
0x00BA	0xBA37      	BTFSC       FARG_Lcd_Cmd_out_char, 5 
0x00BC	0xD002      	BRA         L__Lcd_Cmd24
0x00BE	0x9A83      	BCF         LCD_D5, BitPos(LCD_D5+0) 
0x00C0	0xD001      	BRA         L__Lcd_Cmd25
L__Lcd_Cmd24:
0x00C2	0x8A83      	BSF         LCD_D5, BitPos(LCD_D5+0) 
L__Lcd_Cmd25:
;__Lib_Lcd.c,23 :: 		
0x00C4	0xB837      	BTFSC       FARG_Lcd_Cmd_out_char, 4 
0x00C6	0xD002      	BRA         L__Lcd_Cmd26
0x00C8	0x9883      	BCF         LCD_D4, BitPos(LCD_D4+0) 
0x00CA	0xD001      	BRA         L__Lcd_Cmd27
L__Lcd_Cmd26:
0x00CC	0x8883      	BSF         LCD_D4, BitPos(LCD_D4+0) 
L__Lcd_Cmd27:
;__Lib_Lcd.c,25 :: 		
0x00CE	0xB22D      	BTFSC       __Lib_Lcd_cmd_status, BitPos(__Lib_Lcd_cmd_status+0) 
0x00D0	0xD002      	BRA         L__Lcd_Cmd28
0x00D2	0x8483      	BSF         LCD_RS, BitPos(LCD_RS+0) 
0x00D4	0xD001      	BRA         L__Lcd_Cmd29
L__Lcd_Cmd28:
0x00D6	0x9483      	BCF         LCD_RS, BitPos(LCD_RS+0) 
L__Lcd_Cmd29:
;__Lib_Lcd.c,28 :: 		
0x00D8	0x8683      	BSF         LCD_EN, BitPos(LCD_EN+0) 
;__Lib_Lcd.c,29 :: 		
0x00DA	0xDFB7      	RCALL       _Delay_1us
;__Lib_Lcd.c,30 :: 		
0x00DC	0x9683      	BCF         LCD_EN, BitPos(LCD_EN+0) 
;__Lib_Lcd.c,33 :: 		
0x00DE	0xB637      	BTFSC       FARG_Lcd_Cmd_out_char, 3 
0x00E0	0xD002      	BRA         L__Lcd_Cmd30
0x00E2	0x9E83      	BCF         LCD_D7, BitPos(LCD_D7+0) 
0x00E4	0xD001      	BRA         L__Lcd_Cmd31
L__Lcd_Cmd30:
0x00E6	0x8E83      	BSF         LCD_D7, BitPos(LCD_D7+0) 
L__Lcd_Cmd31:
;__Lib_Lcd.c,34 :: 		
0x00E8	0xB437      	BTFSC       FARG_Lcd_Cmd_out_char, 2 
0x00EA	0xD002      	BRA         L__Lcd_Cmd32
0x00EC	0x9C83      	BCF         LCD_D6, BitPos(LCD_D6+0) 
0x00EE	0xD001      	BRA         L__Lcd_Cmd33
L__Lcd_Cmd32:
0x00F0	0x8C83      	BSF         LCD_D6, BitPos(LCD_D6+0) 
L__Lcd_Cmd33:
;__Lib_Lcd.c,35 :: 		
0x00F2	0xB237      	BTFSC       FARG_Lcd_Cmd_out_char, 1 
0x00F4	0xD002      	BRA         L__Lcd_Cmd34
0x00F6	0x9A83      	BCF         LCD_D5, BitPos(LCD_D5+0) 
0x00F8	0xD001      	BRA         L__Lcd_Cmd35
L__Lcd_Cmd34:
0x00FA	0x8A83      	BSF         LCD_D5, BitPos(LCD_D5+0) 
L__Lcd_Cmd35:
;__Lib_Lcd.c,36 :: 		
0x00FC	0xB037      	BTFSC       FARG_Lcd_Cmd_out_char, 0 
0x00FE	0xD002      	BRA         L__Lcd_Cmd36
0x0100	0x9883      	BCF         LCD_D4, BitPos(LCD_D4+0) 
0x0102	0xD001      	BRA         L__Lcd_Cmd37
L__Lcd_Cmd36:
0x0104	0x8883      	BSF         LCD_D4, BitPos(LCD_D4+0) 
L__Lcd_Cmd37:
;__Lib_Lcd.c,38 :: 		
0x0106	0xB22D      	BTFSC       __Lib_Lcd_cmd_status, BitPos(__Lib_Lcd_cmd_status+0) 
0x0108	0xD002      	BRA         L__Lcd_Cmd38
0x010A	0x8483      	BSF         LCD_RS, BitPos(LCD_RS+0) 
0x010C	0xD001      	BRA         L__Lcd_Cmd39
L__Lcd_Cmd38:
0x010E	0x9483      	BCF         LCD_RS, BitPos(LCD_RS+0) 
L__Lcd_Cmd39:
;__Lib_Lcd.c,40 :: 		
0x0110	0x8683      	BSF         LCD_EN, BitPos(LCD_EN+0) 
;__Lib_Lcd.c,41 :: 		
0x0112	0xDF9B      	RCALL       _Delay_1us
;__Lib_Lcd.c,42 :: 		
0x0114	0x9683      	BCF         LCD_EN, BitPos(LCD_EN+0) 
;__Lib_Lcd.c,44 :: 		
0x0116	0xA22D      	BTFSS       __Lib_Lcd_cmd_status, BitPos(__Lib_Lcd_cmd_status+0) 
0x0118	0xD002      	BRA         L_Lcd_Cmd0
;__Lib_Lcd.c,45 :: 		
0x011A	0xDF8E      	RCALL       _Delay_5500us
0x011C	0xD001      	BRA         L_Lcd_Cmd1
L_Lcd_Cmd0:
;__Lib_Lcd.c,47 :: 		
0x011E	0xDF86      	RCALL       _Delay_50us
L_Lcd_Cmd1:
;__Lib_Lcd.c,48 :: 		
0x0120	0x0012      	RETURN      0
; end of _Lcd_Cmd
_Lcd_Chr_CP:
;__Lib_Lcd.c,50 :: 		
;__Lib_Lcd.c,52 :: 		
0x0122	0x922D      	BCF         __Lib_Lcd_cmd_status, BitPos(__Lib_Lcd_cmd_status+0) 
;__Lib_Lcd.c,53 :: 		
0x0124	0xF037C034  	MOVFF       FARG_Lcd_Chr_CP_out_char, FARG_Lcd_Cmd_out_char
0x0128	0xDFBE      	RCALL       _Lcd_Cmd
;__Lib_Lcd.c,54 :: 		
0x012A	0x822D      	BSF         __Lib_Lcd_cmd_status, BitPos(__Lib_Lcd_cmd_status+0) 
;__Lib_Lcd.c,55 :: 		
0x012C	0x0012      	RETURN      0
; end of _Lcd_Chr_CP
_Lcd_Chr:
;__Lib_Lcd.c,65 :: 		
;__Lib_Lcd.c,66 :: 		
0x012E	0xD00F      	BRA         L_Lcd_Chr4
;__Lib_Lcd.c,67 :: 		
L_Lcd_Chr6:
0x0130	0x0E80      	MOVLW       128
0x0132	0x6E34      	MOVWF       FARG_Lcd_Chr_row 
0x0134	0xD019      	BRA         L_Lcd_Chr5
;__Lib_Lcd.c,68 :: 		
L_Lcd_Chr7:
0x0136	0x0EC0      	MOVLW       192
0x0138	0x6E34      	MOVWF       FARG_Lcd_Chr_row 
0x013A	0xD016      	BRA         L_Lcd_Chr5
;__Lib_Lcd.c,69 :: 		
L_Lcd_Chr8:
0x013C	0x0E94      	MOVLW       148
0x013E	0x6E34      	MOVWF       FARG_Lcd_Chr_row 
0x0140	0xD013      	BRA         L_Lcd_Chr5
;__Lib_Lcd.c,70 :: 		
L_Lcd_Chr9:
0x0142	0x0ED4      	MOVLW       212
0x0144	0x6E34      	MOVWF       FARG_Lcd_Chr_row 
0x0146	0xD010      	BRA         L_Lcd_Chr5
;__Lib_Lcd.c,71 :: 		
L_Lcd_Chr10:
0x0148	0x0E80      	MOVLW       128
0x014A	0x6E34      	MOVWF       FARG_Lcd_Chr_row 
;__Lib_Lcd.c,72 :: 		
0x014C	0xD00D      	BRA         L_Lcd_Chr5
L_Lcd_Chr4:
0x014E	0x5034      	MOVF        FARG_Lcd_Chr_row, 0 
0x0150	0x0A01      	XORLW       1
0x0152	0xE0EE      	BZ          L_Lcd_Chr6
0x0154	0x5034      	MOVF        FARG_Lcd_Chr_row, 0 
0x0156	0x0A02      	XORLW       2
0x0158	0xE0EE      	BZ          L_Lcd_Chr7
0x015A	0x5034      	MOVF        FARG_Lcd_Chr_row, 0 
0x015C	0x0A03      	XORLW       3
0x015E	0xE0EE      	BZ          L_Lcd_Chr8
0x0160	0x5034      	MOVF        FARG_Lcd_Chr_row, 0 
0x0162	0x0A04      	XORLW       4
0x0164	0xE0EE      	BZ          L_Lcd_Chr9
0x0166	0xD7F0      	BRA         L_Lcd_Chr10
L_Lcd_Chr5:
;__Lib_Lcd.c,74 :: 		
0x0168	0x0435      	DECF        FARG_Lcd_Chr_column, 0 
0x016A	0x6E00      	MOVWF       R0 
0x016C	0x5034      	MOVF        FARG_Lcd_Chr_row, 0 
0x016E	0x2600      	ADDWF       R0, 1 
0x0170	0xF034C000  	MOVFF       R0, FARG_Lcd_Chr_row
;__Lib_Lcd.c,76 :: 		
0x0174	0x822D      	BSF         __Lib_Lcd_cmd_status, BitPos(__Lib_Lcd_cmd_status+0) 
;__Lib_Lcd.c,77 :: 		
0x0176	0xF037C000  	MOVFF       R0, FARG_Lcd_Cmd_out_char
0x017A	0xDF95      	RCALL       _Lcd_Cmd
;__Lib_Lcd.c,79 :: 		
0x017C	0x922D      	BCF         __Lib_Lcd_cmd_status, BitPos(__Lib_Lcd_cmd_status+0) 
;__Lib_Lcd.c,80 :: 		
0x017E	0xF037C036  	MOVFF       FARG_Lcd_Chr_out_char, FARG_Lcd_Cmd_out_char
0x0182	0xDF91      	RCALL       _Lcd_Cmd
;__Lib_Lcd.c,81 :: 		
0x0184	0x822D      	BSF         __Lib_Lcd_cmd_status, BitPos(__Lib_Lcd_cmd_status+0) 
;__Lib_Lcd.c,82 :: 		
0x0186	0x0012      	RETURN      0
; end of _Lcd_Chr
_Div_16x16_S:
;__Lib_Math.c,200 :: 		
;__Lib_Math.c,208 :: 		
0x0188	0x5004      	MOVF        R4, 0 
0x018A	0x0A00      	XORLW       0
0x018C	0xE108      	BNZ         L_Div_16x16_S0
;__Lib_Math.c,209 :: 		
0x018E	0x5005      	MOVF        R5, 0 
0x0190	0x0A00      	XORLW       0
0x0192	0xE105      	BNZ         L_Div_16x16_S1
;__Lib_Math.c,210 :: 		
0x0194	0x0EFF      	MOVLW       255
0x0196	0x6E00      	MOVWF       R0 
;__Lib_Math.c,211 :: 		
0x0198	0x0E7F      	MOVLW       127
0x019A	0x6E01      	MOVWF       R1 
;__Lib_Math.c,212 :: 		
0x019C	0x0012      	RETURN      0
;__Lib_Math.c,213 :: 		
L_Div_16x16_S1:
L_Div_16x16_S0:
;__Lib_Math.c,216 :: 		
0x019E	0x6A0D      	CLRF        R13, 0
;__Lib_Math.c,217 :: 		
0x01A0	0x6A09      	CLRF        R9, 0
;__Lib_Math.c,218 :: 		
0x01A2	0x6A08      	CLRF        R8, 0
;__Lib_Math.c,219 :: 		
0x01A4	0x5001      	MOVF        R1, 0, 0
;__Lib_Math.c,220 :: 		
0x01A6	0x1000      	IORWF       R0, 0, 0
;__Lib_Math.c,221 :: 		
0x01A8	0xB4D8      	BTFSC       STATUS, 2, 0
;__Lib_Math.c,222 :: 		
0x01AA	0x0C00      	RETLW       0
;__Lib_Math.c,224 :: 		
0x01AC	0x5001      	MOVF        R1, 0, 0
;__Lib_Math.c,225 :: 		
0x01AE	0x1805      	XORWF       R5, 0, 0
;__Lib_Math.c,226 :: 		
0x01B0	0x6E0A      	MOVWF       R10, 0
;__Lib_Math.c,227 :: 		
0x01B2	0xBE0A      	BTFSC       R10, 7, 0
;__Lib_Math.c,228 :: 		
0x01B4	0x1E0D      	COMF        R13, 1, 0
;__Lib_Math.c,230 :: 		
0x01B6	0x6A0B      	CLRF        R11, 0
;__Lib_Math.c,232 :: 		
0x01B8	0xAE05      	BTFSS       R5, 7, 0
;__Lib_Math.c,233 :: 		
0x01BA	0xD005      	BRA         $+12
;__Lib_Math.c,235 :: 		
0x01BC	0x1E04      	COMF        R4, 1, 0
;__Lib_Math.c,236 :: 		
0x01BE	0x1E05      	COMF        R5, 1, 0
;__Lib_Math.c,237 :: 		
0x01C0	0x2A04      	INCF        R4, 1, 0
;__Lib_Math.c,238 :: 		
0x01C2	0xB4D8      	BTFSC       STATUS, 2, 0
;__Lib_Math.c,239 :: 		
0x01C4	0x2A05      	INCF        R5, 1, 0
;__Lib_Math.c,241 :: 		
0x01C6	0xAE01      	BTFSS       R1, 7, 0
;__Lib_Math.c,242 :: 		
0x01C8	0xD005      	BRA         $+12
;__Lib_Math.c,244 :: 		
0x01CA	0x1E00      	COMF        R0, 1, 0
;__Lib_Math.c,245 :: 		
0x01CC	0x1E01      	COMF        R1, 1, 0
;__Lib_Math.c,246 :: 		
0x01CE	0x2A00      	INCF        R0, 1, 0
;__Lib_Math.c,247 :: 		
0x01D0	0xB4D8      	BTFSC       STATUS, 2, 0
;__Lib_Math.c,248 :: 		
0x01D2	0x2A01      	INCF        R1, 1, 0
;__Lib_Math.c,250 :: 		
0x01D4	0x5001      	MOVF        R1, 0, 0
;__Lib_Math.c,251 :: 		
0x01D6	0x1005      	IORWF       R5, 0, 0
;__Lib_Math.c,252 :: 		
0x01D8	0x6E0A      	MOVWF       R10, 0
;__Lib_Math.c,253 :: 		
0x01DA	0xBE0A      	BTFSC       R10, 7, 0
;__Lib_Math.c,254 :: 		
0x01DC	0xD010      	BRA         $+34
;__Lib_Math.c,256 :: 		
0x01DE	0xDF37      	RCALL       _Div_16x16_S_L
;__Lib_Math.c,258 :: 		
0x01E0	0xB00B      	BTFSC       R11, 0, 0
;__Lib_Math.c,259 :: 		
0x01E2	0xD020      	BRA         $+66
;__Lib_Math.c,261 :: 		
0x01E4	0xAE0D      	BTFSS       R13, 7, 0
;__Lib_Math.c,262 :: 		
0x01E6	0x0C00      	RETLW       0
;__Lib_Math.c,264 :: 		
0x01E8	0x1E00      	COMF        R0, 1, 0
;__Lib_Math.c,265 :: 		
0x01EA	0x1E01      	COMF        R1, 1, 0
;__Lib_Math.c,266 :: 		
0x01EC	0x2A00      	INCF        R0, 1, 0
;__Lib_Math.c,267 :: 		
0x01EE	0xB4D8      	BTFSC       STATUS, 2, 0
;__Lib_Math.c,268 :: 		
0x01F0	0x2A01      	INCF        R1, 1, 0
;__Lib_Math.c,270 :: 		
0x01F2	0x1E08      	COMF        R8, 1, 0
;__Lib_Math.c,271 :: 		
0x01F4	0x1E09      	COMF        R9, 1, 0
;__Lib_Math.c,272 :: 		
0x01F6	0x2A08      	INCF        R8, 1, 0
;__Lib_Math.c,273 :: 		
0x01F8	0xB4D8      	BTFSC       STATUS, 2, 0
;__Lib_Math.c,274 :: 		
0x01FA	0x2A09      	INCF        R9, 1, 0
;__Lib_Math.c,276 :: 		
0x01FC	0x0C00      	RETLW       0
;__Lib_Math.c,278 :: 		
0x01FE	0xAE05      	BTFSS       R5, 7, 0
;__Lib_Math.c,279 :: 		
0x0200	0xD00D      	BRA         $+28
;__Lib_Math.c,280 :: 		
0x0202	0xBE01      	BTFSC       R1, 7, 0
;__Lib_Math.c,281 :: 		
0x0204	0xD007      	BRA         $+16
;__Lib_Math.c,282 :: 		
0x0206	0x5001      	MOVF        R1, 0, 0
;__Lib_Math.c,283 :: 		
0x0208	0x6E09      	MOVWF       R9, 0
;__Lib_Math.c,284 :: 		
0x020A	0x5000      	MOVF        R0, 0, 0
;__Lib_Math.c,285 :: 		
0x020C	0x6E08      	MOVWF       R8, 0
;__Lib_Math.c,286 :: 		
0x020E	0x6A01      	CLRF        R1, 0
;__Lib_Math.c,287 :: 		
0x0210	0x6A00      	CLRF        R0, 0
;__Lib_Math.c,288 :: 		
0x0212	0xD7E8      	BRA         $-46
;__Lib_Math.c,289 :: 		
0x0214	0x6A01      	CLRF        R1, 0
;__Lib_Math.c,290 :: 		
0x0216	0x6A00      	CLRF        R0, 0
;__Lib_Math.c,291 :: 		
0x0218	0x2A00      	INCF        R0, 1, 0
;__Lib_Math.c,292 :: 		
0x021A	0x0C00      	RETLW       0
;__Lib_Math.c,294 :: 		
0x021C	0x1E01      	COMF        R1, 1, 0
;__Lib_Math.c,295 :: 		
0x021E	0x1E00      	COMF        R0, 1, 0
;__Lib_Math.c,296 :: 		
0x0220	0x2A0B      	INCF        R11, 1, 0
;__Lib_Math.c,297 :: 		
0x0222	0xD7DD      	BRA         $-68
;__Lib_Math.c,299 :: 		
0x0224	0x2A08      	INCF        R8, 1, 0
;__Lib_Math.c,300 :: 		
0x0226	0xB4D8      	BTFSC       STATUS, 2, 0
;__Lib_Math.c,301 :: 		
0x0228	0x2A09      	INCF        R9, 1, 0
;__Lib_Math.c,302 :: 		
0x022A	0x5004      	MOVF        R4, 0, 0
;__Lib_Math.c,303 :: 		
0x022C	0x5C08      	SUBWF       R8, 0, 0
;__Lib_Math.c,304 :: 		
0x022E	0xA4D8      	BTFSS       STATUS, 2, 0
;__Lib_Math.c,305 :: 		
0x0230	0xD7D9      	BRA         $-76
;__Lib_Math.c,306 :: 		
0x0232	0x5005      	MOVF        R5, 0, 0
;__Lib_Math.c,307 :: 		
0x0234	0x5C09      	SUBWF       R9, 0, 0
;__Lib_Math.c,308 :: 		
0x0236	0xA4D8      	BTFSS       STATUS, 2, 0
;__Lib_Math.c,309 :: 		
0x0238	0xD7D5      	BRA         $-84
;__Lib_Math.c,310 :: 		
0x023A	0x6A09      	CLRF        R9, 0
;__Lib_Math.c,311 :: 		
0x023C	0x6A08      	CLRF        R8, 0
;__Lib_Math.c,312 :: 		
0x023E	0x2A00      	INCF        R0, 1, 0
;__Lib_Math.c,313 :: 		
0x0240	0xB4D8      	BTFSC       STATUS, 2, 0
;__Lib_Math.c,314 :: 		
0x0242	0x2A01      	INCF        R1, 1, 0
;__Lib_Math.c,315 :: 		
0x0244	0xAE01      	BTFSS       R1, 7, 0
;__Lib_Math.c,316 :: 		
0x0246	0xD7CE      	BRA         $-98
;__Lib_Math.c,317 :: 		
0x0248	0x0000      	NOP
;__Lib_Math.c,318 :: 		
0x024A	0x0CFF      	RETLW       255
;__Lib_Math.c,320 :: 		
0x024C	0x0012      	RETURN      0
; end of _Div_16x16_S
_Div_16x16_U:
;__Lib_Math.c,102 :: 		
;__Lib_Math.c,109 :: 		
0x024E	0x6A08      	CLRF        R8, 0
;__Lib_Math.c,110 :: 		
0x0250	0x6A09      	CLRF        R9, 0
;__Lib_Math.c,111 :: 		
0x0252	0x0E10      	MOVLW       16
;__Lib_Math.c,112 :: 		
0x0254	0x6E0C      	MOVWF       R12, 0
;__Lib_Math.c,113 :: 		
0x0256	0x3401      	RLCF        R1, 0, 0
;__Lib_Math.c,114 :: 		
0x0258	0x3608      	RLCF        R8, 1, 0
;__Lib_Math.c,115 :: 		
0x025A	0x3609      	RLCF        R9, 1, 0
;__Lib_Math.c,116 :: 		
0x025C	0x5004      	MOVF        R4, 0, 0
;__Lib_Math.c,117 :: 		
0x025E	0x5E08      	SUBWF       R8, 1, 0
;__Lib_Math.c,118 :: 		
0x0260	0x5005      	MOVF        R5, 0, 0
;__Lib_Math.c,119 :: 		
0x0262	0xA0D8      	BTFSS       STATUS, 0, 0
;__Lib_Math.c,120 :: 		
0x0264	0x3C05      	INCFSZ      R5, 0, 0
;__Lib_Math.c,121 :: 		
0x0266	0x5E09      	SUBWF       R9, 1, 0
;__Lib_Math.c,122 :: 		
0x0268	0xB0D8      	BTFSC       STATUS, 0, 0
;__Lib_Math.c,123 :: 		
0x026A	0xD007      	BRA         $+16
;__Lib_Math.c,124 :: 		
0x026C	0x5004      	MOVF        R4, 0, 0
;__Lib_Math.c,125 :: 		
0x026E	0x2608      	ADDWF       R8, 1, 0
;__Lib_Math.c,126 :: 		
0x0270	0x5005      	MOVF        R5, 0, 0
;__Lib_Math.c,127 :: 		
0x0272	0xB0D8      	BTFSC       STATUS, 0, 0
;__Lib_Math.c,128 :: 		
0x0274	0x3C05      	INCFSZ      R5, 0, 0
;__Lib_Math.c,129 :: 		
0x0276	0x2609      	ADDWF       R9, 1, 0
;__Lib_Math.c,130 :: 		
0x0278	0x90D8      	BCF         STATUS, 0, 0
;__Lib_Math.c,131 :: 		
0x027A	0x3600      	RLCF        R0, 1, 0
;__Lib_Math.c,132 :: 		
0x027C	0x3601      	RLCF        R1, 1, 0
;__Lib_Math.c,133 :: 		
0x027E	0x2E0C      	DECFSZ      R12, 1, 0
;__Lib_Math.c,134 :: 		
0x0280	0xD7EA      	BRA         $-42
;__Lib_Math.c,136 :: 		
0x0282	0x0012      	RETURN      0
; end of _Div_16x16_U
_Mul_16x16_U:
;__Lib_Math.c,437 :: 		
;__Lib_Math.c,444 :: 		
0x0284	0x6A0B      	CLRF        R11, 0
;__Lib_Math.c,445 :: 		
0x0286	0x6A0A      	CLRF        R10, 0
;__Lib_Math.c,446 :: 		
0x0288	0x6A09      	CLRF        R9, 0
;__Lib_Math.c,447 :: 		
0x028A	0x5000      	MOVF        R0, 0, 0
;__Lib_Math.c,448 :: 		
0x028C	0x0204      	MULWF       R4, 0
;__Lib_Math.c,450 :: 		
0x028E	0xF009CFF4  	MOVFF       PRODH, R9
;__Lib_Math.c,451 :: 		
0x0292	0xF008CFF3  	MOVFF       PRODL, R8
;__Lib_Math.c,452 :: 		
0x0296	0x5001      	MOVF        R1, 0, 0
;__Lib_Math.c,453 :: 		
0x0298	0x0205      	MULWF       R5, 0
;__Lib_Math.c,455 :: 		
0x029A	0xF00BCFF4  	MOVFF       PRODH, R11
;__Lib_Math.c,456 :: 		
0x029E	0xF00ACFF3  	MOVFF       PRODL, R10
;__Lib_Math.c,457 :: 		
0x02A2	0x5000      	MOVF        R0, 0, 0
;__Lib_Math.c,458 :: 		
0x02A4	0x0205      	MULWF       R5, 0
;__Lib_Math.c,460 :: 		
0x02A6	0x50F3      	MOVF        PRODL, 0, 0
;__Lib_Math.c,461 :: 		
0x02A8	0x2609      	ADDWF       R9, 1, 0
;__Lib_Math.c,462 :: 		
0x02AA	0x50F4      	MOVF        PRODH, 0, 0
;__Lib_Math.c,463 :: 		
0x02AC	0x220A      	ADDWFC      R10, 1, 0
;__Lib_Math.c,464 :: 		
0x02AE	0x6AE8      	CLRF        WREG, 0
;__Lib_Math.c,465 :: 		
0x02B0	0x220B      	ADDWFC      R11, 1, 0
;__Lib_Math.c,466 :: 		
0x02B2	0x5001      	MOVF        R1, 0, 0
;__Lib_Math.c,467 :: 		
0x02B4	0x0204      	MULWF       R4, 0
;__Lib_Math.c,469 :: 		
0x02B6	0x50F3      	MOVF        PRODL, 0, 0
;__Lib_Math.c,470 :: 		
0x02B8	0x2609      	ADDWF       R9, 1, 0
;__Lib_Math.c,471 :: 		
0x02BA	0x50F4      	MOVF        PRODH, 0, 0
;__Lib_Math.c,472 :: 		
0x02BC	0x220A      	ADDWFC      R10, 1, 0
;__Lib_Math.c,473 :: 		
0x02BE	0x6AE8      	CLRF        WREG, 0
;__Lib_Math.c,474 :: 		
0x02C0	0x220B      	ADDWFC      R11, 1, 0
;__Lib_Math.c,476 :: 		
0x02C2	0xF000C008  	MOVFF       R8, R0
;__Lib_Math.c,477 :: 		
0x02C6	0xF001C009  	MOVFF       R9, R1
;__Lib_Math.c,478 :: 		
0x02CA	0xF002C00A  	MOVFF       R10, R2
;__Lib_Math.c,479 :: 		
0x02CE	0xF003C00B  	MOVFF       R11, R3
;__Lib_Math.c,482 :: 		
0x02D2	0x0012      	RETURN      0
; end of _Mul_16x16_U
_leitura_Botoes:
;PWMMotorLCD2.c,229 :: 		void leitura_Botoes(){
;PWMMotorLCD2.c,231 :: 		if(!decrementa){
0x02D4	0xBC81      	BTFSC       RB6_bit, 6 
0x02D6	0xD002      	BRA         L_leitura_Botoes14
;PWMMotorLCD2.c,233 :: 		flagBotoes.B0 = 0x01;
0x02D8	0x8018      	BSF         _flagBotoes, 0 
;PWMMotorLCD2.c,235 :: 		TMR1ON_bit = 0x01;
0x02DA	0x80CD      	BSF         TMR1ON_bit, 0 
;PWMMotorLCD2.c,236 :: 		} // end if !decrementa
L_leitura_Botoes14:
;PWMMotorLCD2.c,238 :: 		if(!incrementa) {
0x02DC	0xBE81      	BTFSC       RB7_bit, 7 
0x02DE	0xD002      	BRA         L_leitura_Botoes15
;PWMMotorLCD2.c,240 :: 		flagBotoes.B1 = 0x01;
0x02E0	0x8218      	BSF         _flagBotoes, 1 
;PWMMotorLCD2.c,242 :: 		TMR1ON_bit = 0x01;
0x02E2	0x80CD      	BSF         TMR1ON_bit, 0 
;PWMMotorLCD2.c,243 :: 		} // end if !incrementa
L_leitura_Botoes15:
;PWMMotorLCD2.c,245 :: 		if(decrementa && flagBotoes.B0){
0x02E4	0xAC81      	BTFSS       RB6_bit, 6 
0x02E6	0xD00D      	BRA         L_leitura_Botoes18
0x02E8	0xA018      	BTFSS       _flagBotoes, 0 
0x02EA	0xD00B      	BRA         L_leitura_Botoes18
L__leitura_Botoes27:
;PWMMotorLCD2.c,247 :: 		flagBotoes.B0 = 0x00;
0x02EC	0x9018      	BCF         _flagBotoes, 0 
;PWMMotorLCD2.c,248 :: 		TMR1ON_bit = 0x00;
0x02EE	0x90CD      	BCF         TMR1ON_bit, 0 
;PWMMotorLCD2.c,249 :: 		TMR1L = 0xB0;
0x02F0	0x0EB0      	MOVLW       176
0x02F2	0x6ECE      	MOVWF       TMR1L 
;PWMMotorLCD2.c,250 :: 		TMR1H = 0x3C;
0x02F4	0x0E3C      	MOVLW       60
0x02F6	0x6ECF      	MOVWF       TMR1H 
;PWMMotorLCD2.c,251 :: 		cont = 0x00;
0x02F8	0x6A2B      	CLRF        _cont 
;PWMMotorLCD2.c,252 :: 		if(!flagBotoes.B2) parametro--;
0x02FA	0xA418      	BTFSS       _flagBotoes, 2 
0x02FC	0x0619      	DECF        _parametro, 1 
L_leitura_Botoes19:
;PWMMotorLCD2.c,253 :: 		if(flagBotoes.B2) duty--;
0x02FE	0xB418      	BTFSC       _flagBotoes, 2 
0x0300	0x062C      	DECF        _duty, 1 
L_leitura_Botoes20:
;PWMMotorLCD2.c,254 :: 		} // end if decrementa && flagBotoes.B0
L_leitura_Botoes18:
;PWMMotorLCD2.c,256 :: 		if(incrementa && flagBotoes.B1){
0x0302	0xAE81      	BTFSS       RB7_bit, 7 
0x0304	0xD00D      	BRA         L_leitura_Botoes23
0x0306	0xA218      	BTFSS       _flagBotoes, 1 
0x0308	0xD00B      	BRA         L_leitura_Botoes23
L__leitura_Botoes26:
;PWMMotorLCD2.c,258 :: 		flagBotoes.B1 = 0x00;
0x030A	0x9218      	BCF         _flagBotoes, 1 
;PWMMotorLCD2.c,259 :: 		TMR1ON_bit = 0x00;
0x030C	0x90CD      	BCF         TMR1ON_bit, 0 
;PWMMotorLCD2.c,260 :: 		TMR1L = 0xB0;
0x030E	0x0EB0      	MOVLW       176
0x0310	0x6ECE      	MOVWF       TMR1L 
;PWMMotorLCD2.c,261 :: 		TMR1H = 0x3C;
0x0312	0x0E3C      	MOVLW       60
0x0314	0x6ECF      	MOVWF       TMR1H 
;PWMMotorLCD2.c,262 :: 		cont = 0x00;
0x0316	0x6A2B      	CLRF        _cont 
;PWMMotorLCD2.c,263 :: 		if(!flagBotoes.B2) parametro++;
0x0318	0xA418      	BTFSS       _flagBotoes, 2 
0x031A	0x2A19      	INCF        _parametro, 1 
L_leitura_Botoes24:
;PWMMotorLCD2.c,264 :: 		if(flagBotoes.B2) duty++;;
0x031C	0xB418      	BTFSC       _flagBotoes, 2 
0x031E	0x2A2C      	INCF        _duty, 1 
L_leitura_Botoes25:
;PWMMotorLCD2.c,265 :: 		} // end incrementa && flagBotoes.B1
L_leitura_Botoes23:
;PWMMotorLCD2.c,267 :: 		} // end void leitura_Botoes
0x0320	0x0012      	RETURN      0
; end of _leitura_Botoes
_set_Frequency:
;PWMMotorLCD2.c,153 :: 		void set_Frequency(){
;PWMMotorLCD2.c,155 :: 		char mil = 0x00, cen = 0x00, dez = 0x00, uni = 0x00;
0x0322	0x6A2F      	CLRF        set_Frequency_mil_L0 
0x0324	0x6A30      	CLRF        set_Frequency_cen_L0 
0x0326	0x6A31      	CLRF        set_Frequency_dez_L0 
0x0328	0x6A32      	CLRF        set_Frequency_uni_L0 
;PWMMotorLCD2.c,157 :: 		while(!control){
L_set_Frequency10:
0x032A	0xB02D      	BTFSC       _control, BitPos(_control+0) 
0x032C	0xD0A8      	BRA         L_set_Frequency11
;PWMMotorLCD2.c,159 :: 		leitura_Botoes();
0x032E	0xDFD2      	RCALL       _leitura_Botoes
;PWMMotorLCD2.c,161 :: 		lcd_chr(1, 2, 'S');
0x0330	0x0E01      	MOVLW       1
0x0332	0x6E34      	MOVWF       FARG_Lcd_Chr_row 
0x0334	0x0E02      	MOVLW       2
0x0336	0x6E35      	MOVWF       FARG_Lcd_Chr_column 
0x0338	0x0E53      	MOVLW       83
0x033A	0x6E36      	MOVWF       FARG_Lcd_Chr_out_char 
0x033C	0xDEF8      	RCALL       _Lcd_Chr
;PWMMotorLCD2.c,162 :: 		lcd_chr_cp('e');
0x033E	0x0E65      	MOVLW       101
0x0340	0x6E34      	MOVWF       FARG_Lcd_Chr_CP_out_char 
0x0342	0xDEEF      	RCALL       _Lcd_Chr_CP
;PWMMotorLCD2.c,163 :: 		lcd_chr_cp('t');
0x0344	0x0E74      	MOVLW       116
0x0346	0x6E34      	MOVWF       FARG_Lcd_Chr_CP_out_char 
0x0348	0xDEEC      	RCALL       _Lcd_Chr_CP
;PWMMotorLCD2.c,164 :: 		lcd_chr_cp(' ');
0x034A	0x0E20      	MOVLW       32
0x034C	0x6E34      	MOVWF       FARG_Lcd_Chr_CP_out_char 
0x034E	0xDEE9      	RCALL       _Lcd_Chr_CP
;PWMMotorLCD2.c,165 :: 		lcd_chr_cp('F');
0x0350	0x0E46      	MOVLW       70
0x0352	0x6E34      	MOVWF       FARG_Lcd_Chr_CP_out_char 
0x0354	0xDEE6      	RCALL       _Lcd_Chr_CP
;PWMMotorLCD2.c,166 :: 		lcd_chr_cp('r');
0x0356	0x0E72      	MOVLW       114
0x0358	0x6E34      	MOVWF       FARG_Lcd_Chr_CP_out_char 
0x035A	0xDEE3      	RCALL       _Lcd_Chr_CP
;PWMMotorLCD2.c,167 :: 		lcd_chr_cp('e');
0x035C	0x0E65      	MOVLW       101
0x035E	0x6E34      	MOVWF       FARG_Lcd_Chr_CP_out_char 
0x0360	0xDEE0      	RCALL       _Lcd_Chr_CP
;PWMMotorLCD2.c,168 :: 		lcd_chr_cp('q');
0x0362	0x0E71      	MOVLW       113
0x0364	0x6E34      	MOVWF       FARG_Lcd_Chr_CP_out_char 
0x0366	0xDEDD      	RCALL       _Lcd_Chr_CP
;PWMMotorLCD2.c,169 :: 		lcd_chr_cp('u');
0x0368	0x0E75      	MOVLW       117
0x036A	0x6E34      	MOVWF       FARG_Lcd_Chr_CP_out_char 
0x036C	0xDEDA      	RCALL       _Lcd_Chr_CP
;PWMMotorLCD2.c,170 :: 		lcd_chr_cp('e');
0x036E	0x0E65      	MOVLW       101
0x0370	0x6E34      	MOVWF       FARG_Lcd_Chr_CP_out_char 
0x0372	0xDED7      	RCALL       _Lcd_Chr_CP
;PWMMotorLCD2.c,171 :: 		lcd_chr_cp('n');
0x0374	0x0E6E      	MOVLW       110
0x0376	0x6E34      	MOVWF       FARG_Lcd_Chr_CP_out_char 
0x0378	0xDED4      	RCALL       _Lcd_Chr_CP
;PWMMotorLCD2.c,172 :: 		lcd_chr_cp('c');
0x037A	0x0E63      	MOVLW       99
0x037C	0x6E34      	MOVWF       FARG_Lcd_Chr_CP_out_char 
0x037E	0xDED1      	RCALL       _Lcd_Chr_CP
;PWMMotorLCD2.c,173 :: 		lcd_chr_cp('y');
0x0380	0x0E79      	MOVLW       121
0x0382	0x6E34      	MOVWF       FARG_Lcd_Chr_CP_out_char 
0x0384	0xDECE      	RCALL       _Lcd_Chr_CP
;PWMMotorLCD2.c,174 :: 		lcd_chr_cp('!');
0x0386	0x0E21      	MOVLW       33
0x0388	0x6E34      	MOVWF       FARG_Lcd_Chr_CP_out_char 
0x038A	0xDECB      	RCALL       _Lcd_Chr_CP
;PWMMotorLCD2.c,176 :: 		aux = (4 * (parametro + 1));
0x038C	0x5019      	MOVF        _parametro, 0 
0x038E	0x0F01      	ADDLW       1
0x0390	0x6E01      	MOVWF       R1 
0x0392	0x6A02      	CLRF        R2 
0x0394	0x0E00      	MOVLW       0
0x0396	0x2202      	ADDWFC      R2, 1 
0x0398	0xF004C001  	MOVFF       R1, R4
0x039C	0xF005C002  	MOVFF       R2, R5
0x03A0	0x3604      	RLCF        R4, 1 
0x03A2	0x9004      	BCF         R4, 0 
0x03A4	0x3605      	RLCF        R5, 1 
0x03A6	0x3604      	RLCF        R4, 1 
0x03A8	0x9004      	BCF         R4, 0 
0x03AA	0x3605      	RLCF        R5, 1 
0x03AC	0xF01AC004  	MOVFF       R4, _aux
0x03B0	0xF01BC005  	MOVFF       R5, _aux+1
;PWMMotorLCD2.c,177 :: 		frequencia  = (4000 / aux);
0x03B4	0x0EA0      	MOVLW       160
0x03B6	0x6E00      	MOVWF       R0 
0x03B8	0x0E0F      	MOVLW       15
0x03BA	0x6E01      	MOVWF       R1 
0x03BC	0xDF48      	RCALL       _Div_16x16_U
0x03BE	0xF016C000  	MOVFF       R0, _frequencia
0x03C2	0xF017C001  	MOVFF       R1, _frequencia+1
;PWMMotorLCD2.c,179 :: 		mil = frequencia/1000;
0x03C6	0x0EE8      	MOVLW       232
0x03C8	0x6E04      	MOVWF       R4 
0x03CA	0x0E03      	MOVLW       3
0x03CC	0x6E05      	MOVWF       R5 
0x03CE	0xDF3F      	RCALL       _Div_16x16_U
0x03D0	0xF02FC000  	MOVFF       R0, set_Frequency_mil_L0
;PWMMotorLCD2.c,180 :: 		cen = ((frequencia%1000)/100);
0x03D4	0x0EE8      	MOVLW       232
0x03D6	0x6E04      	MOVWF       R4 
0x03D8	0x0E03      	MOVLW       3
0x03DA	0x6E05      	MOVWF       R5 
0x03DC	0xF000C016  	MOVFF       _frequencia, R0
0x03E0	0xF001C017  	MOVFF       _frequencia+1, R1
0x03E4	0xDF34      	RCALL       _Div_16x16_U
0x03E6	0xF000C008  	MOVFF       R8, R0
0x03EA	0xF001C009  	MOVFF       R9, R1
0x03EE	0x0E64      	MOVLW       100
0x03F0	0x6E04      	MOVWF       R4 
0x03F2	0x0E00      	MOVLW       0
0x03F4	0x6E05      	MOVWF       R5 
0x03F6	0xDF2B      	RCALL       _Div_16x16_U
0x03F8	0xF030C000  	MOVFF       R0, set_Frequency_cen_L0
;PWMMotorLCD2.c,181 :: 		dez = ((frequencia%100)/10);
0x03FC	0x0E64      	MOVLW       100
0x03FE	0x6E04      	MOVWF       R4 
0x0400	0x0E00      	MOVLW       0
0x0402	0x6E05      	MOVWF       R5 
0x0404	0xF000C016  	MOVFF       _frequencia, R0
0x0408	0xF001C017  	MOVFF       _frequencia+1, R1
0x040C	0xDF20      	RCALL       _Div_16x16_U
0x040E	0xF000C008  	MOVFF       R8, R0
0x0412	0xF001C009  	MOVFF       R9, R1
0x0416	0x0E0A      	MOVLW       10
0x0418	0x6E04      	MOVWF       R4 
0x041A	0x0E00      	MOVLW       0
0x041C	0x6E05      	MOVWF       R5 
0x041E	0xDF17      	RCALL       _Div_16x16_U
0x0420	0xF031C000  	MOVFF       R0, set_Frequency_dez_L0
;PWMMotorLCD2.c,182 :: 		uni = frequencia%10;
0x0424	0x0E0A      	MOVLW       10
0x0426	0x6E04      	MOVWF       R4 
0x0428	0x0E00      	MOVLW       0
0x042A	0x6E05      	MOVWF       R5 
0x042C	0xF000C016  	MOVFF       _frequencia, R0
0x0430	0xF001C017  	MOVFF       _frequencia+1, R1
0x0434	0xDF0C      	RCALL       _Div_16x16_U
0x0436	0xF000C008  	MOVFF       R8, R0
0x043A	0xF001C009  	MOVFF       R9, R1
0x043E	0xF032C000  	MOVFF       R0, set_Frequency_uni_L0
;PWMMotorLCD2.c,184 :: 		lcd_chr(2, 1, mil + 48);
0x0442	0x0E02      	MOVLW       2
0x0444	0x6E34      	MOVWF       FARG_Lcd_Chr_row 
0x0446	0x0E01      	MOVLW       1
0x0448	0x6E35      	MOVWF       FARG_Lcd_Chr_column 
0x044A	0x0E30      	MOVLW       48
0x044C	0x242F      	ADDWF       set_Frequency_mil_L0, 0 
0x044E	0x6E36      	MOVWF       FARG_Lcd_Chr_out_char 
0x0450	0xDE6E      	RCALL       _Lcd_Chr
;PWMMotorLCD2.c,185 :: 		lcd_chr_cp(cen + 48);
0x0452	0x0E30      	MOVLW       48
0x0454	0x2430      	ADDWF       set_Frequency_cen_L0, 0 
0x0456	0x6E34      	MOVWF       FARG_Lcd_Chr_CP_out_char 
0x0458	0xDE64      	RCALL       _Lcd_Chr_CP
;PWMMotorLCD2.c,186 :: 		lcd_chr_cp(dez + 48);
0x045A	0x0E30      	MOVLW       48
0x045C	0x2431      	ADDWF       set_Frequency_dez_L0, 0 
0x045E	0x6E34      	MOVWF       FARG_Lcd_Chr_CP_out_char 
0x0460	0xDE60      	RCALL       _Lcd_Chr_CP
;PWMMotorLCD2.c,187 :: 		lcd_chr_cp(uni + 48);
0x0462	0x0E30      	MOVLW       48
0x0464	0x2432      	ADDWF       set_Frequency_uni_L0, 0 
0x0466	0x6E34      	MOVWF       FARG_Lcd_Chr_CP_out_char 
0x0468	0xDE5C      	RCALL       _Lcd_Chr_CP
;PWMMotorLCD2.c,188 :: 		lcd_chr_cp('K');
0x046A	0x0E4B      	MOVLW       75
0x046C	0x6E34      	MOVWF       FARG_Lcd_Chr_CP_out_char 
0x046E	0xDE59      	RCALL       _Lcd_Chr_CP
;PWMMotorLCD2.c,189 :: 		lcd_chr_cp('H');
0x0470	0x0E48      	MOVLW       72
0x0472	0x6E34      	MOVWF       FARG_Lcd_Chr_CP_out_char 
0x0474	0xDE56      	RCALL       _Lcd_Chr_CP
;PWMMotorLCD2.c,190 :: 		lcd_chr_cp('z');
0x0476	0x0E7A      	MOVLW       122
0x0478	0x6E34      	MOVWF       FARG_Lcd_Chr_CP_out_char 
0x047A	0xDE53      	RCALL       _Lcd_Chr_CP
;PWMMotorLCD2.c,191 :: 		} // end while control
0x047C	0xD756      	BRA         L_set_Frequency10
L_set_Frequency11:
;PWMMotorLCD2.c,192 :: 		} // end void set_Duty
0x047E	0x0012      	RETURN      0
; end of _set_Frequency
___CC2DW:
;__Lib_System.c,21 :: 		
;__Lib_System.c,23 :: 		
_CC2DL_Loop1:
;__Lib_System.c,24 :: 		
0x0480	0x0009      	TBLRD*+
;__Lib_System.c,25 :: 		
0x0482	0xFFE6CFF5  	MOVFF       TABLAT, POSTINC1
;__Lib_System.c,26 :: 		
0x0486	0x0600      	DECF        R0, 1, 0
;__Lib_System.c,27 :: 		
0x0488	0xE1FB      	BNZ         _CC2DL_Loop1
;__Lib_System.c,28 :: 		
0x048A	0x0601      	DECF        R1, 1, 0
;__Lib_System.c,29 :: 		
0x048C	0xE1F9      	BNZ         _CC2DL_Loop1
;__Lib_System.c,31 :: 		
0x048E	0x0012      	RETURN      0
; end of ___CC2DW
_Lcd_Init:
;__Lib_Lcd.c,84 :: 		
;__Lib_Lcd.c,86 :: 		
0x0490	0x9695      	BCF         LCD_EN_Direction, BitPos(LCD_EN_Direction+0) 
;__Lib_Lcd.c,87 :: 		
0x0492	0x9495      	BCF         LCD_RS_Direction, BitPos(LCD_RS_Direction+0) 
;__Lib_Lcd.c,88 :: 		
0x0494	0x9895      	BCF         LCD_D4_Direction, BitPos(LCD_D4_Direction+0) 
;__Lib_Lcd.c,89 :: 		
0x0496	0x9A95      	BCF         LCD_D5_Direction, BitPos(LCD_D5_Direction+0) 
;__Lib_Lcd.c,90 :: 		
0x0498	0x9C95      	BCF         LCD_D6_Direction, BitPos(LCD_D6_Direction+0) 
;__Lib_Lcd.c,91 :: 		
0x049A	0x9E95      	BCF         LCD_D7_Direction, BitPos(LCD_D7_Direction+0) 
;__Lib_Lcd.c,93 :: 		
0x049C	0x9683      	BCF         LCD_EN, BitPos(LCD_EN+0) 
;__Lib_Lcd.c,94 :: 		
0x049E	0x9483      	BCF         LCD_RS, BitPos(LCD_RS+0) 
;__Lib_Lcd.c,95 :: 		
0x04A0	0x9E83      	BCF         LCD_D7, BitPos(LCD_D7+0) 
;__Lib_Lcd.c,96 :: 		
0x04A2	0x9C83      	BCF         LCD_D6, BitPos(LCD_D6+0) 
;__Lib_Lcd.c,97 :: 		
0x04A4	0x9A83      	BCF         LCD_D5, BitPos(LCD_D5+0) 
;__Lib_Lcd.c,98 :: 		
0x04A6	0x9883      	BCF         LCD_D4, BitPos(LCD_D4+0) 
;__Lib_Lcd.c,100 :: 		
0x04A8	0xDDC7      	RCALL       _Delay_5500us
;__Lib_Lcd.c,101 :: 		
0x04AA	0xDDC6      	RCALL       _Delay_5500us
;__Lib_Lcd.c,102 :: 		
0x04AC	0xDDC5      	RCALL       _Delay_5500us
;__Lib_Lcd.c,105 :: 		
0x04AE	0x8A83      	BSF         LCD_D5, BitPos(LCD_D5+0) 
;__Lib_Lcd.c,106 :: 		
0x04B0	0x8883      	BSF         LCD_D4, BitPos(LCD_D4+0) 
;__Lib_Lcd.c,107 :: 		
0x04B2	0x8683      	BSF         LCD_EN, BitPos(LCD_EN+0) 
;__Lib_Lcd.c,108 :: 		
0x04B4	0xDDCA      	RCALL       _Delay_1us
;__Lib_Lcd.c,109 :: 		
0x04B6	0x9683      	BCF         LCD_EN, BitPos(LCD_EN+0) 
;__Lib_Lcd.c,110 :: 		
0x04B8	0xDDBF      	RCALL       _Delay_5500us
;__Lib_Lcd.c,112 :: 		
0x04BA	0x8683      	BSF         LCD_EN, BitPos(LCD_EN+0) 
;__Lib_Lcd.c,113 :: 		
0x04BC	0xDDC6      	RCALL       _Delay_1us
;__Lib_Lcd.c,114 :: 		
0x04BE	0x9683      	BCF         LCD_EN, BitPos(LCD_EN+0) 
;__Lib_Lcd.c,115 :: 		
0x04C0	0xDDBB      	RCALL       _Delay_5500us
;__Lib_Lcd.c,117 :: 		
0x04C2	0x8683      	BSF         LCD_EN, BitPos(LCD_EN+0) 
;__Lib_Lcd.c,118 :: 		
0x04C4	0xDDC2      	RCALL       _Delay_1us
;__Lib_Lcd.c,119 :: 		
0x04C6	0x9683      	BCF         LCD_EN, BitPos(LCD_EN+0) 
;__Lib_Lcd.c,120 :: 		
0x04C8	0xDDB7      	RCALL       _Delay_5500us
;__Lib_Lcd.c,123 :: 		
0x04CA	0x9883      	BCF         LCD_D4, BitPos(LCD_D4+0) 
;__Lib_Lcd.c,124 :: 		
0x04CC	0x8683      	BSF         LCD_EN, BitPos(LCD_EN+0) 
;__Lib_Lcd.c,125 :: 		
0x04CE	0xDDBD      	RCALL       _Delay_1us
;__Lib_Lcd.c,126 :: 		
0x04D0	0x9683      	BCF         LCD_EN, BitPos(LCD_EN+0) 
;__Lib_Lcd.c,127 :: 		
0x04D2	0xDDB2      	RCALL       _Delay_5500us
;__Lib_Lcd.c,130 :: 		
0x04D4	0x8683      	BSF         LCD_EN, BitPos(LCD_EN+0) 
;__Lib_Lcd.c,131 :: 		
0x04D6	0xDDB9      	RCALL       _Delay_1us
;__Lib_Lcd.c,132 :: 		
0x04D8	0x9683      	BCF         LCD_EN, BitPos(LCD_EN+0) 
;__Lib_Lcd.c,134 :: 		
0x04DA	0x9A83      	BCF         LCD_D5, BitPos(LCD_D5+0) 
;__Lib_Lcd.c,135 :: 		
0x04DC	0x8E83      	BSF         LCD_D7, BitPos(LCD_D7+0) 
;__Lib_Lcd.c,136 :: 		
0x04DE	0x8683      	BSF         LCD_EN, BitPos(LCD_EN+0) 
;__Lib_Lcd.c,137 :: 		
0x04E0	0xDDB4      	RCALL       _Delay_1us
;__Lib_Lcd.c,138 :: 		
0x04E2	0x9683      	BCF         LCD_EN, BitPos(LCD_EN+0) 
;__Lib_Lcd.c,139 :: 		
0x04E4	0xDDA9      	RCALL       _Delay_5500us
;__Lib_Lcd.c,142 :: 		
0x04E6	0x9E83      	BCF         LCD_D7, BitPos(LCD_D7+0) 
;__Lib_Lcd.c,143 :: 		
0x04E8	0x8883      	BSF         LCD_D4, BitPos(LCD_D4+0) 
;__Lib_Lcd.c,144 :: 		
0x04EA	0x8683      	BSF         LCD_EN, BitPos(LCD_EN+0) 
;__Lib_Lcd.c,145 :: 		
0x04EC	0xDDAE      	RCALL       _Delay_1us
;__Lib_Lcd.c,146 :: 		
0x04EE	0x9683      	BCF         LCD_EN, BitPos(LCD_EN+0) 
;__Lib_Lcd.c,148 :: 		
0x04F0	0x9883      	BCF         LCD_D4, BitPos(LCD_D4+0) 
;__Lib_Lcd.c,149 :: 		
0x04F2	0x8683      	BSF         LCD_EN, BitPos(LCD_EN+0) 
;__Lib_Lcd.c,150 :: 		
0x04F4	0xDDAA      	RCALL       _Delay_1us
;__Lib_Lcd.c,151 :: 		
0x04F6	0x9683      	BCF         LCD_EN, BitPos(LCD_EN+0) 
;__Lib_Lcd.c,152 :: 		
0x04F8	0xDD9F      	RCALL       _Delay_5500us
;__Lib_Lcd.c,155 :: 		
0x04FA	0x8683      	BSF         LCD_EN, BitPos(LCD_EN+0) 
;__Lib_Lcd.c,156 :: 		
0x04FC	0xDDA6      	RCALL       _Delay_1us
;__Lib_Lcd.c,157 :: 		
0x04FE	0x9683      	BCF         LCD_EN, BitPos(LCD_EN+0) 
;__Lib_Lcd.c,159 :: 		
0x0500	0x8883      	BSF         LCD_D4, BitPos(LCD_D4+0) 
;__Lib_Lcd.c,160 :: 		
0x0502	0x8683      	BSF         LCD_EN, BitPos(LCD_EN+0) 
;__Lib_Lcd.c,161 :: 		
0x0504	0xDDA2      	RCALL       _Delay_1us
;__Lib_Lcd.c,162 :: 		
0x0506	0x9683      	BCF         LCD_EN, BitPos(LCD_EN+0) 
;__Lib_Lcd.c,163 :: 		
0x0508	0xDD97      	RCALL       _Delay_5500us
;__Lib_Lcd.c,166 :: 		
0x050A	0x9883      	BCF         LCD_D4, BitPos(LCD_D4+0) 
;__Lib_Lcd.c,167 :: 		
0x050C	0x8683      	BSF         LCD_EN, BitPos(LCD_EN+0) 
;__Lib_Lcd.c,168 :: 		
0x050E	0xDD9D      	RCALL       _Delay_1us
;__Lib_Lcd.c,169 :: 		
0x0510	0x9683      	BCF         LCD_EN, BitPos(LCD_EN+0) 
;__Lib_Lcd.c,171 :: 		
0x0512	0x8E83      	BSF         LCD_D7, BitPos(LCD_D7+0) 
;__Lib_Lcd.c,172 :: 		
0x0514	0x8C83      	BSF         LCD_D6, BitPos(LCD_D6+0) 
;__Lib_Lcd.c,173 :: 		
0x0516	0x8A83      	BSF         LCD_D5, BitPos(LCD_D5+0) 
;__Lib_Lcd.c,174 :: 		
0x0518	0x8883      	BSF         LCD_D4, BitPos(LCD_D4+0) 
;__Lib_Lcd.c,175 :: 		
0x051A	0x8683      	BSF         LCD_EN, BitPos(LCD_EN+0) 
;__Lib_Lcd.c,176 :: 		
0x051C	0xDD96      	RCALL       _Delay_1us
;__Lib_Lcd.c,177 :: 		
0x051E	0x9683      	BCF         LCD_EN, BitPos(LCD_EN+0) 
;__Lib_Lcd.c,179 :: 		
0x0520	0xDD8B      	RCALL       _Delay_5500us
;__Lib_Lcd.c,181 :: 		
0x0522	0x822D      	BSF         __Lib_Lcd_cmd_status, BitPos(__Lib_Lcd_cmd_status+0) 
;__Lib_Lcd.c,182 :: 		
0x0524	0x0012      	RETURN      0
; end of _Lcd_Init
_PWM1_Set_Duty:
;__Lib_PWM_c21.c,43 :: 		
;__Lib_PWM_c21.c,47 :: 		
0x0526	0x50CB      	MOVF        PR2, 0 
0x0528	0x0F01      	ADDLW       1
0x052A	0x6E00      	MOVWF       R0 
0x052C	0x6A01      	CLRF        R1 
0x052E	0x0E00      	MOVLW       0
0x0530	0x2201      	ADDWFC      R1, 1 
0x0532	0xF004C02F  	MOVFF       FARG_PWM1_Set_Duty_new_duty, R4
0x0536	0x0E00      	MOVLW       0
0x0538	0x6E05      	MOVWF       R5 
0x053A	0xDEA4      	RCALL       _Mul_16x16_U
0x053C	0x0E06      	MOVLW       6
0x053E	0x6E02      	MOVWF       R2 
0x0540	0xF004C000  	MOVFF       R0, R4
0x0544	0xF005C001  	MOVFF       R1, R5
0x0548	0x5002      	MOVF        R2, 0 
L__PWM1_Set_Duty4:
0x054A	0xE005      	BZ          L__PWM1_Set_Duty5
0x054C	0x3205      	RRCF        R5, 1 
0x054E	0x3204      	RRCF        R4, 1 
0x0550	0x9E05      	BCF         R5, 7 
0x0552	0x0FFF      	ADDLW       255
0x0554	0xD7FA      	BRA         L__PWM1_Set_Duty4
L__PWM1_Set_Duty5:
;__Lib_PWM_c21.c,48 :: 		
0x0556	0x0E04      	MOVLW       4
0x0558	0x6E01      	MOVWF       R1 
0x055A	0xF000C004  	MOVFF       R4, R0
0x055E	0x5001      	MOVF        R1, 0 
L__PWM1_Set_Duty6:
0x0560	0xE004      	BZ          L__PWM1_Set_Duty7
0x0562	0x3600      	RLCF        R0, 1 
0x0564	0x9000      	BCF         R0, 0 
0x0566	0x0FFF      	ADDLW       255
0x0568	0xD7FB      	BRA         L__PWM1_Set_Duty6
L__PWM1_Set_Duty7:
0x056A	0x0E30      	MOVLW       48
0x056C	0x1400      	ANDWF       R0, 0 
0x056E	0x6E03      	MOVWF       R3 
;__Lib_PWM_c21.c,49 :: 		
0x0570	0xF000C004  	MOVFF       R4, R0
0x0574	0xF001C005  	MOVFF       R5, R1
0x0578	0x3201      	RRCF        R1, 1 
0x057A	0x3200      	RRCF        R0, 1 
0x057C	0x9E01      	BCF         R1, 7 
0x057E	0x3201      	RRCF        R1, 1 
0x0580	0x3200      	RRCF        R0, 1 
0x0582	0x9E01      	BCF         R1, 7 
0x0584	0xFFBEC000  	MOVFF       R0, CCPR1L
;__Lib_PWM_c21.c,50 :: 		
0x0588	0x0E0F      	MOVLW       15
0x058A	0x16BD      	ANDWF       CCP1CON, 1 
;__Lib_PWM_c21.c,51 :: 		
0x058C	0x5003      	MOVF        R3, 0 
0x058E	0x12BD      	IORWF       CCP1CON, 1 
;__Lib_PWM_c21.c,52 :: 		
0x0590	0x0012      	RETURN      0
; end of _PWM1_Set_Duty
_set_Duty:
;PWMMotorLCD2.c,194 :: 		void set_Duty(){
;PWMMotorLCD2.c,196 :: 		char cen = 0x00, dez = 0x00, uni = 0x00;
0x0592	0x6A2F      	CLRF        set_Duty_cen_L0 
0x0594	0x6A30      	CLRF        set_Duty_dez_L0 
0x0596	0x6A31      	CLRF        set_Duty_uni_L0 
;PWMMotorLCD2.c,198 :: 		flagBotoes.B2 = 0x01;
0x0598	0x8418      	BSF         _flagBotoes, 2 
;PWMMotorLCD2.c,200 :: 		while(!control){
L_set_Duty12:
0x059A	0xB02D      	BTFSC       _control, BitPos(_control+0) 
0x059C	0xD06D      	BRA         L_set_Duty13
;PWMMotorLCD2.c,202 :: 		leitura_Botoes();
0x059E	0xDE9A      	RCALL       _leitura_Botoes
;PWMMotorLCD2.c,204 :: 		lcd_chr(1, 3, 'S');
0x05A0	0x0E01      	MOVLW       1
0x05A2	0x6E34      	MOVWF       FARG_Lcd_Chr_row 
0x05A4	0x0E03      	MOVLW       3
0x05A6	0x6E35      	MOVWF       FARG_Lcd_Chr_column 
0x05A8	0x0E53      	MOVLW       83
0x05AA	0x6E36      	MOVWF       FARG_Lcd_Chr_out_char 
0x05AC	0xDDC0      	RCALL       _Lcd_Chr
;PWMMotorLCD2.c,205 :: 		lcd_chr_cp('e');
0x05AE	0x0E65      	MOVLW       101
0x05B0	0x6E34      	MOVWF       FARG_Lcd_Chr_CP_out_char 
0x05B2	0xDDB7      	RCALL       _Lcd_Chr_CP
;PWMMotorLCD2.c,206 :: 		lcd_chr_cp('t');
0x05B4	0x0E74      	MOVLW       116
0x05B6	0x6E34      	MOVWF       FARG_Lcd_Chr_CP_out_char 
0x05B8	0xDDB4      	RCALL       _Lcd_Chr_CP
;PWMMotorLCD2.c,207 :: 		lcd_chr_cp(' ');
0x05BA	0x0E20      	MOVLW       32
0x05BC	0x6E34      	MOVWF       FARG_Lcd_Chr_CP_out_char 
0x05BE	0xDDB1      	RCALL       _Lcd_Chr_CP
;PWMMotorLCD2.c,208 :: 		lcd_chr_cp('D');
0x05C0	0x0E44      	MOVLW       68
0x05C2	0x6E34      	MOVWF       FARG_Lcd_Chr_CP_out_char 
0x05C4	0xDDAE      	RCALL       _Lcd_Chr_CP
;PWMMotorLCD2.c,209 :: 		lcd_chr_cp('u');
0x05C6	0x0E75      	MOVLW       117
0x05C8	0x6E34      	MOVWF       FARG_Lcd_Chr_CP_out_char 
0x05CA	0xDDAB      	RCALL       _Lcd_Chr_CP
;PWMMotorLCD2.c,210 :: 		lcd_chr_cp('t');
0x05CC	0x0E74      	MOVLW       116
0x05CE	0x6E34      	MOVWF       FARG_Lcd_Chr_CP_out_char 
0x05D0	0xDDA8      	RCALL       _Lcd_Chr_CP
;PWMMotorLCD2.c,211 :: 		lcd_chr_cp('y');
0x05D2	0x0E79      	MOVLW       121
0x05D4	0x6E34      	MOVWF       FARG_Lcd_Chr_CP_out_char 
0x05D6	0xDDA5      	RCALL       _Lcd_Chr_CP
;PWMMotorLCD2.c,212 :: 		lcd_chr_cp('!');
0x05D8	0x0E21      	MOVLW       33
0x05DA	0x6E34      	MOVWF       FARG_Lcd_Chr_CP_out_char 
0x05DC	0xDDA2      	RCALL       _Lcd_Chr_CP
;PWMMotorLCD2.c,214 :: 		aux = ((100 * duty ) / 255);
0x05DE	0x0E64      	MOVLW       100
0x05E0	0x022C      	MULWF       _duty 
0x05E2	0xF000CFF3  	MOVFF       PRODL, R0
0x05E6	0xF001CFF4  	MOVFF       PRODH, R1
0x05EA	0x0EFF      	MOVLW       255
0x05EC	0x6E04      	MOVWF       R4 
0x05EE	0x0E00      	MOVLW       0
0x05F0	0x6E05      	MOVWF       R5 
0x05F2	0xDDCA      	RCALL       _Div_16x16_S
0x05F4	0xF01AC000  	MOVFF       R0, _aux
0x05F8	0xF01BC001  	MOVFF       R1, _aux+1
;PWMMotorLCD2.c,216 :: 		cen = aux/100;
0x05FC	0x0E64      	MOVLW       100
0x05FE	0x6E04      	MOVWF       R4 
0x0600	0x0E00      	MOVLW       0
0x0602	0x6E05      	MOVWF       R5 
0x0604	0xDE24      	RCALL       _Div_16x16_U
0x0606	0xF02FC000  	MOVFF       R0, set_Duty_cen_L0
;PWMMotorLCD2.c,217 :: 		dez = (aux%100)/10;
0x060A	0x0E64      	MOVLW       100
0x060C	0x6E04      	MOVWF       R4 
0x060E	0x0E00      	MOVLW       0
0x0610	0x6E05      	MOVWF       R5 
0x0612	0xF000C01A  	MOVFF       _aux, R0
0x0616	0xF001C01B  	MOVFF       _aux+1, R1
0x061A	0xDE19      	RCALL       _Div_16x16_U
0x061C	0xF000C008  	MOVFF       R8, R0
0x0620	0xF001C009  	MOVFF       R9, R1
0x0624	0x0E0A      	MOVLW       10
0x0626	0x6E04      	MOVWF       R4 
0x0628	0x0E00      	MOVLW       0
0x062A	0x6E05      	MOVWF       R5 
0x062C	0xDE10      	RCALL       _Div_16x16_U
0x062E	0xF030C000  	MOVFF       R0, set_Duty_dez_L0
;PWMMotorLCD2.c,218 :: 		uni = aux%10;
0x0632	0x0E0A      	MOVLW       10
0x0634	0x6E04      	MOVWF       R4 
0x0636	0x0E00      	MOVLW       0
0x0638	0x6E05      	MOVWF       R5 
0x063A	0xF000C01A  	MOVFF       _aux, R0
0x063E	0xF001C01B  	MOVFF       _aux+1, R1
0x0642	0xDE05      	RCALL       _Div_16x16_U
0x0644	0xF000C008  	MOVFF       R8, R0
0x0648	0xF001C009  	MOVFF       R9, R1
0x064C	0xF031C000  	MOVFF       R0, set_Duty_uni_L0
;PWMMotorLCD2.c,220 :: 		lcd_chr(2, 12, cen + 48);
0x0650	0x0E02      	MOVLW       2
0x0652	0x6E34      	MOVWF       FARG_Lcd_Chr_row 
0x0654	0x0E0C      	MOVLW       12
0x0656	0x6E35      	MOVWF       FARG_Lcd_Chr_column 
0x0658	0x0E30      	MOVLW       48
0x065A	0x242F      	ADDWF       set_Duty_cen_L0, 0 
0x065C	0x6E36      	MOVWF       FARG_Lcd_Chr_out_char 
0x065E	0xDD67      	RCALL       _Lcd_Chr
;PWMMotorLCD2.c,221 :: 		lcd_chr_cp(dez + 48);
0x0660	0x0E30      	MOVLW       48
0x0662	0x2430      	ADDWF       set_Duty_dez_L0, 0 
0x0664	0x6E34      	MOVWF       FARG_Lcd_Chr_CP_out_char 
0x0666	0xDD5D      	RCALL       _Lcd_Chr_CP
;PWMMotorLCD2.c,222 :: 		lcd_chr_cp(uni + 48);
0x0668	0x0E30      	MOVLW       48
0x066A	0x2431      	ADDWF       set_Duty_uni_L0, 0 
0x066C	0x6E34      	MOVWF       FARG_Lcd_Chr_CP_out_char 
0x066E	0xDD59      	RCALL       _Lcd_Chr_CP
;PWMMotorLCD2.c,223 :: 		lcd_chr_cp('%');
0x0670	0x0E25      	MOVLW       37
0x0672	0x6E34      	MOVWF       FARG_Lcd_Chr_CP_out_char 
0x0674	0xDD56      	RCALL       _Lcd_Chr_CP
;PWMMotorLCD2.c,225 :: 		} // end while control
0x0676	0xD791      	BRA         L_set_Duty12
L_set_Duty13:
;PWMMotorLCD2.c,226 :: 		} // end void set_Duty
0x0678	0x0012      	RETURN      0
; end of _set_Duty
_PWM1_Stop:
;__Lib_PWM_c21.c,60 :: 		
;__Lib_PWM_c21.c,61 :: 		
0x067A	0x8494      	BSF         TRISC2_bit, 2 
;__Lib_PWM_c21.c,62 :: 		
0x067C	0x94CA      	BCF         T2CON, 2 
;__Lib_PWM_c21.c,63 :: 		
0x067E	0x0EF0      	MOVLW       240
0x0680	0x16BD      	ANDWF       CCP1CON, 1 
;__Lib_PWM_c21.c,64 :: 		
0x0682	0x0012      	RETURN      0
; end of _PWM1_Stop
_PWM1_Start:
;__Lib_PWM_c21.c,54 :: 		
;__Lib_PWM_c21.c,55 :: 		
0x0684	0x9494      	BCF         TRISC2_bit, 2 
;__Lib_PWM_c21.c,56 :: 		
0x0686	0x84CA      	BSF         T2CON, 2 
;__Lib_PWM_c21.c,57 :: 		
0x0688	0x0E0C      	MOVLW       12
0x068A	0x12BD      	IORWF       CCP1CON, 1 
;__Lib_PWM_c21.c,58 :: 		
0x068C	0x0012      	RETURN      0
; end of _PWM1_Start
_Lcd_Out:
;__Lib_Lcd.c,184 :: 		
;__Lib_Lcd.c,187 :: 		
0x068E	0xD00F      	BRA         L_Lcd_Out11
;__Lib_Lcd.c,188 :: 		
L_Lcd_Out13:
0x0690	0x0E80      	MOVLW       128
0x0692	0x6E2F      	MOVWF       FARG_Lcd_Out_row 
0x0694	0xD019      	BRA         L_Lcd_Out12
;__Lib_Lcd.c,189 :: 		
L_Lcd_Out14:
0x0696	0x0EC0      	MOVLW       192
0x0698	0x6E2F      	MOVWF       FARG_Lcd_Out_row 
0x069A	0xD016      	BRA         L_Lcd_Out12
;__Lib_Lcd.c,190 :: 		
L_Lcd_Out15:
0x069C	0x0E94      	MOVLW       148
0x069E	0x6E2F      	MOVWF       FARG_Lcd_Out_row 
0x06A0	0xD013      	BRA         L_Lcd_Out12
;__Lib_Lcd.c,191 :: 		
L_Lcd_Out16:
0x06A2	0x0ED4      	MOVLW       212
0x06A4	0x6E2F      	MOVWF       FARG_Lcd_Out_row 
0x06A6	0xD010      	BRA         L_Lcd_Out12
;__Lib_Lcd.c,192 :: 		
L_Lcd_Out17:
0x06A8	0x0E80      	MOVLW       128
0x06AA	0x6E2F      	MOVWF       FARG_Lcd_Out_row 
;__Lib_Lcd.c,193 :: 		
0x06AC	0xD00D      	BRA         L_Lcd_Out12
L_Lcd_Out11:
0x06AE	0x502F      	MOVF        FARG_Lcd_Out_row, 0 
0x06B0	0x0A01      	XORLW       1
0x06B2	0xE0EE      	BZ          L_Lcd_Out13
0x06B4	0x502F      	MOVF        FARG_Lcd_Out_row, 0 
0x06B6	0x0A02      	XORLW       2
0x06B8	0xE0EE      	BZ          L_Lcd_Out14
0x06BA	0x502F      	MOVF        FARG_Lcd_Out_row, 0 
0x06BC	0x0A03      	XORLW       3
0x06BE	0xE0EE      	BZ          L_Lcd_Out15
0x06C0	0x502F      	MOVF        FARG_Lcd_Out_row, 0 
0x06C2	0x0A04      	XORLW       4
0x06C4	0xE0EE      	BZ          L_Lcd_Out16
0x06C6	0xD7F0      	BRA         L_Lcd_Out17
L_Lcd_Out12:
;__Lib_Lcd.c,194 :: 		
0x06C8	0x0430      	DECF        FARG_Lcd_Out_column, 0 
0x06CA	0x6E00      	MOVWF       R0 
0x06CC	0x502F      	MOVF        FARG_Lcd_Out_row, 0 
0x06CE	0x2600      	ADDWF       R0, 1 
0x06D0	0xF02FC000  	MOVFF       R0, FARG_Lcd_Out_row
;__Lib_Lcd.c,196 :: 		
0x06D4	0xF037C000  	MOVFF       R0, FARG_Lcd_Cmd_out_char
0x06D8	0xDCE6      	RCALL       _Lcd_Cmd
;__Lib_Lcd.c,197 :: 		
0x06DA	0x922D      	BCF         __Lib_Lcd_cmd_status, BitPos(__Lib_Lcd_cmd_status+0) 
;__Lib_Lcd.c,198 :: 		
0x06DC	0x6A33      	CLRF        Lcd_Out_i_L0 
;__Lib_Lcd.c,199 :: 		
L_Lcd_Out18:
0x06DE	0x5033      	MOVF        Lcd_Out_i_L0, 0 
0x06E0	0x2431      	ADDWF       FARG_Lcd_Out_text, 0 
0x06E2	0x6EE9      	MOVWF       FSR0L 
0x06E4	0x0E00      	MOVLW       0
0x06E6	0x2032      	ADDWFC      FARG_Lcd_Out_text+1, 0 
0x06E8	0x6EEA      	MOVWF       FSR0H 
0x06EA	0x52EE      	MOVF        POSTINC0, 1 
0x06EC	0xE00B      	BZ          L_Lcd_Out19
;__Lib_Lcd.c,200 :: 		
0x06EE	0x5033      	MOVF        Lcd_Out_i_L0, 0 
0x06F0	0x2431      	ADDWF       FARG_Lcd_Out_text, 0 
0x06F2	0x6EE9      	MOVWF       FSR0L 
0x06F4	0x0E00      	MOVLW       0
0x06F6	0x2032      	ADDWFC      FARG_Lcd_Out_text+1, 0 
0x06F8	0x6EEA      	MOVWF       FSR0H 
0x06FA	0xF034CFEE  	MOVFF       POSTINC0, FARG_Lcd_Chr_CP_out_char
0x06FE	0xDD11      	RCALL       _Lcd_Chr_CP
0x0700	0x2A33      	INCF        Lcd_Out_i_L0, 1 
0x0702	0xD7ED      	BRA         L_Lcd_Out18
L_Lcd_Out19:
;__Lib_Lcd.c,201 :: 		
0x0704	0x822D      	BSF         __Lib_Lcd_cmd_status, BitPos(__Lib_Lcd_cmd_status+0) 
;__Lib_Lcd.c,202 :: 		
0x0706	0x0012      	RETURN      0
; end of _Lcd_Out
_main:
0x0708	0xF003ECDC  	CALL        1976, 0
;PWMMotorLCD2.c,103 :: 		void main() {
;PWMMotorLCD2.c,106 :: 		INTCON = 0xC0; // Habilita a interrupo global e a interrupo por perifricos
0x070C	0x0EC0      	MOVLW       192
0x070E	0x6EF2      	MOVWF       INTCON 
;PWMMotorLCD2.c,109 :: 		TMR1IE_bit = 0x01; // Habilita a interrupo por overflow do timer1
0x0710	0x809D      	BSF         TMR1IE_bit, 0 
;PWMMotorLCD2.c,111 :: 		T1CON = 0x00; // Configura o timer1 com 8 bits, prescaler 1:1, incrementa com ciclo de mquina e inicialmente timer1 desabilitado
0x0712	0x6ACD      	CLRF        T1CON 
;PWMMotorLCD2.c,114 :: 		TMR1L = 0xB0; // Inicia em 15536, para uma contagem de 50000
0x0714	0x0EB0      	MOVLW       176
0x0716	0x6ECE      	MOVWF       TMR1L 
;PWMMotorLCD2.c,115 :: 		TMR1H = 0x3C;
0x0718	0x0E3C      	MOVLW       60
0x071A	0x6ECF      	MOVWF       TMR1H 
;PWMMotorLCD2.c,117 :: 		ADCON1 = 0x0F; // Configura todas as portas que poderiam ser analgicas como digitais
0x071C	0x0E0F      	MOVLW       15
0x071E	0x6EC1      	MOVWF       ADCON1 
;PWMMotorLCD2.c,118 :: 		TRISB = 0xFF; // Configura todo o portb como entrada digital
0x0720	0x0EFF      	MOVLW       255
0x0722	0x6E93      	MOVWF       TRISB 
;PWMMotorLCD2.c,119 :: 		control = 0; // Inicia o bit control em 0
0x0724	0x902D      	BCF         _control, BitPos(_control+0) 
;PWMMotorLCD2.c,121 :: 		lcd_Init();
0x0726	0xDEB4      	RCALL       _Lcd_Init
;PWMMotorLCD2.c,122 :: 		lcd_cmd(_LCD_CURSOR_OFF);
0x0728	0x0E0C      	MOVLW       12
0x072A	0x6E37      	MOVWF       FARG_Lcd_Cmd_out_char 
0x072C	0xDCBC      	RCALL       _Lcd_Cmd
;PWMMotorLCD2.c,123 :: 		lcd_cmd(_LCD_CLEAR);
0x072E	0x0E01      	MOVLW       1
0x0730	0x6E37      	MOVWF       FARG_Lcd_Cmd_out_char 
0x0732	0xDCB9      	RCALL       _Lcd_Cmd
;PWMMotorLCD2.c,125 :: 		set_Frequency();
0x0734	0xDDF6      	RCALL       _set_Frequency
;PWMMotorLCD2.c,126 :: 		for(i = 0; i < 17; i++) lcd_chr(1, i, ' ');
0x0736	0x6A2E      	CLRF        _i 
L_main2:
0x0738	0x0E11      	MOVLW       17
0x073A	0x5C2E      	SUBWF       _i, 0 
0x073C	0xE209      	BC          L_main3
0x073E	0x0E01      	MOVLW       1
0x0740	0x6E34      	MOVWF       FARG_Lcd_Chr_row 
0x0742	0xF035C02E  	MOVFF       _i, FARG_Lcd_Chr_column
0x0746	0x0E20      	MOVLW       32
0x0748	0x6E36      	MOVWF       FARG_Lcd_Chr_out_char 
0x074A	0xDCF1      	RCALL       _Lcd_Chr
0x074C	0x2A2E      	INCF        _i, 1 
0x074E	0xD7F4      	BRA         L_main2
L_main3:
;PWMMotorLCD2.c,128 :: 		CCP1CON = 0x0C;
0x0750	0x0E0C      	MOVLW       12
0x0752	0x6EBD      	MOVWF       CCP1CON 
;PWMMotorLCD2.c,129 :: 		T2CON = 0x04; // Habilita o timer2, prescaler 1:1 e postscaler 1:1
0x0754	0x0E04      	MOVLW       4
0x0756	0x6ECA      	MOVWF       T2CON 
;PWMMotorLCD2.c,130 :: 		PR2 = parametro; // PR2  o registrador que define at que numero o timer2 ir contar, de TMR2 at PR2
0x0758	0xFFCBC019  	MOVFF       _parametro, PR2
;PWMMotorLCD2.c,131 :: 		PWM1_Stop();
0x075C	0xDF8E      	RCALL       _PWM1_Stop
;PWMMotorLCD2.c,132 :: 		PWM1_Set_Duty(duty);
0x075E	0xF02FC02C  	MOVFF       _duty, FARG_PWM1_Set_Duty_new_duty
0x0762	0xDEE1      	RCALL       _PWM1_Set_Duty
;PWMMotorLCD2.c,134 :: 		control = 0;
0x0764	0x902D      	BCF         _control, BitPos(_control+0) 
;PWMMotorLCD2.c,135 :: 		set_Duty();
0x0766	0xDF15      	RCALL       _set_Duty
;PWMMotorLCD2.c,136 :: 		for(i = 0; i < 17; i++) lcd_chr(1, i, ' ');
0x0768	0x6A2E      	CLRF        _i 
L_main5:
0x076A	0x0E11      	MOVLW       17
0x076C	0x5C2E      	SUBWF       _i, 0 
0x076E	0xE209      	BC          L_main6
0x0770	0x0E01      	MOVLW       1
0x0772	0x6E34      	MOVWF       FARG_Lcd_Chr_row 
0x0774	0xF035C02E  	MOVFF       _i, FARG_Lcd_Chr_column
0x0778	0x0E20      	MOVLW       32
0x077A	0x6E36      	MOVWF       FARG_Lcd_Chr_out_char 
0x077C	0xDCD8      	RCALL       _Lcd_Chr
0x077E	0x2A2E      	INCF        _i, 1 
0x0780	0xD7F4      	BRA         L_main5
L_main6:
;PWMMotorLCD2.c,137 :: 		lcd_out(1, 3, "Motor acionado");
0x0782	0x0E01      	MOVLW       1
0x0784	0x6E2F      	MOVWF       FARG_Lcd_Out_row 
0x0786	0x0E03      	MOVLW       3
0x0788	0x6E30      	MOVWF       FARG_Lcd_Out_column 
0x078A	0x0E1C      	MOVLW       ?lstr1_PWMMotorLCD2
0x078C	0x6E31      	MOVWF       FARG_Lcd_Out_text 
0x078E	0x0E00      	MOVLW       hi_addr(?lstr1_PWMMotorLCD2)
0x0790	0x6E32      	MOVWF       FARG_Lcd_Out_text+1 
0x0792	0xDF7D      	RCALL       _Lcd_Out
;PWMMotorLCD2.c,139 :: 		PWM1_start();
0x0794	0xDF77      	RCALL       _PWM1_Start
;PWMMotorLCD2.c,140 :: 		PWM1_Set_Duty(duty);
0x0796	0xF02FC02C  	MOVFF       _duty, FARG_PWM1_Set_Duty_new_duty
0x079A	0xDEC5      	RCALL       _PWM1_Set_Duty
;PWMMotorLCD2.c,143 :: 		while(1){
L_main8:
;PWMMotorLCD2.c,147 :: 		} // end loop infinito
0x079C	0xD7FF      	BRA         L_main8
;PWMMotorLCD2.c,149 :: 		} // end void main
0x079E	0xD7FF      	BRA         $+0
; end of _main
0x07B8	0xF016EE10  	LFSR        1, 22
0x07BC	0x0E17      	MOVLW       23
0x07BE	0x6E00      	MOVWF       R0 
0x07C0	0x0E01      	MOVLW       1
0x07C2	0x6E01      	MOVWF       R1 
0x07C4	0x0EA0      	MOVLW       160
0x07C6	0x6EF6      	MOVWF       4086 
0x07C8	0x0E07      	MOVLW       7
0x07CA	0x6EF7      	MOVWF       TBLPTRH 
0x07CC	0x0E00      	MOVLW       0
0x07CE	0x6EF8      	MOVWF       TBLPTRU 
0x07D0	0xF002EC40  	CALL        1152, 0
0x07D4	0x0012      	RETURN      0
;PWMMotorLCD2.c,0 :: ?ICS_frequencia
0x07A0	0x0000 ;?ICS_frequencia+0
; end of ?ICS_frequencia
;PWMMotorLCD2.c,0 :: ?ICS_flagBotoes
0x07A2	0x00 ;?ICS_flagBotoes+0
; end of ?ICS_flagBotoes
;PWMMotorLCD2.c,0 :: ?ICS_parametro
0x07A3	0x01 ;?ICS_parametro+0
; end of ?ICS_parametro
;PWMMotorLCD2.c,0 :: ?ICS_aux
0x07A4	0x0000 ;?ICS_aux+0
; end of ?ICS_aux
;PWMMotorLCD2.c,0 :: ?ICS?lstr1_PWMMotorLCD2
0x07A6	0x6F4D ;?ICS?lstr1_PWMMotorLCD2+0
0x07A8	0x6F74 ;?ICS?lstr1_PWMMotorLCD2+2
0x07AA	0x2072 ;?ICS?lstr1_PWMMotorLCD2+4
0x07AC	0x6361 ;?ICS?lstr1_PWMMotorLCD2+6
0x07AE	0x6F69 ;?ICS?lstr1_PWMMotorLCD2+8
0x07B0	0x616E ;?ICS?lstr1_PWMMotorLCD2+10
0x07B2	0x6F64 ;?ICS?lstr1_PWMMotorLCD2+12
0x07B4	0x00 ;?ICS?lstr1_PWMMotorLCD2+14
; end of ?ICS?lstr1_PWMMotorLCD2
;PWMMotorLCD2.c,0 :: ?ICS_cont
0x07B5	0x00 ;?ICS_cont+0
; end of ?ICS_cont
;PWMMotorLCD2.c,0 :: ?ICS_duty
0x07B6	0x80 ;?ICS_duty+0
; end of ?ICS_duty
Symbol List:
//** Routines locations **
//ADDRESS    SIZE    PROCEDURE
//----------------------------------------------
0x0008      [36]    _interrupt
0x002C      [12]    _Delay_50us
0x0038      [18]    _Delay_5500us
0x004A       [4]    _Delay_1us
0x004E      [88]    _Div_16x16_S_L
0x00A6     [124]    _Lcd_Cmd
0x0122      [12]    _Lcd_Chr_CP
0x012E      [90]    _Lcd_Chr
0x0188     [198]    _Div_16x16_S
0x024E      [54]    _Div_16x16_U
0x0284      [80]    _Mul_16x16_U
0x02D4      [78]    _leitura_Botoes
0x0322     [350]    _set_Frequency
0x0480      [16]    ___CC2DW
0x0490     [150]    _Lcd_Init
0x0526     [108]    _PWM1_Set_Duty
0x0592     [232]    _set_Duty
0x067A      [10]    _PWM1_Stop
0x0684      [10]    _PWM1_Start
0x068E     [122]    _Lcd_Out
0x0708     [152]    _main
//** Variables locations ** 
//ADDRESS    SIZE    VARIABLE
//----------------------------------------------
0x0000       [1]    EEPROM_Write_SaveINTCON_L0
0x0000       [1]    __Lib_SoftI2C_PutZerosToLATScl_temp_scl_L0
0x0000       [1]    __Lib_SoftI2C_PutZerosToLATSda_temp_sda_L0
0x0000       [1]    UART1_Init_tmp_L0
0x0000       [1]    FLASH_Erase_64_SaveINTCON_L0
0x0000       [1]    R0
0x0000       [1]    SPI1_Write_tmp_L0
0x0001       [1]    ispunct_rslt_L0
0x0001       [1]    __Lib_PS2_Wait_Falling_nsample_L0
0x0001       [2]    FLASH_Read_N_Bytes_i_L0
0x0001       [1]    UART1_Read___tmp_UART1_Read_L0
0x0001       [1]    FLASH_Erase_Write_64_i_L0
0x0001       [1]    R1
0x0001       [1]    FLASH_Write_32_i_L0
0x0001       [1]    I2C1_Rd_tmp_L0
0x0002       [2]    memcpy_dd_L0
0x0002       [2]    memchr_s_L0
0x0002       [2]    strlen_cp_L0
0x0002       [2]    memset_pp_L0
0x0002       [1]    R2
0x0002       [1]    FLASH_Write_32_SaveINTCON_L0
0x0002       [1]    FLASH_Erase_Write_64_j_L0
0x0003       [2]    memmove_tt_L0
0x0003       [1]    FLASH_Erase_Write_64_SaveINTCON_L0
0x0003       [1]    R3
0x0003       [2]    Ltrim_original_L0
0x0004       [2]    strcat_cp_L0
0x0004       [2]    memcpy_ss_L0
0x0004       [2]    frexp_pom_L0
0x0004       [2]    strncpy_cp_L0
0x0004       [2]    strcpy_cp_L0
0x0004       [1]    R4
0x0004       [2]    strncat_cp_L0
0x0005       [2]    LongIntToHex_input_half_L0
0x0005       [1]    R5
0x0005       [2]    memmove_ff_L0
0x0005       [2]    Ltrim_p_L0
0x0005       [2]    LongWordToHex_input_half_L0
0x0006       [1]    R6
0x0007       [1]    R7
0x0008       [1]    R8
0x0009       [1]    R9
0x000A       [1]    R10
0x000B       [1]    R11
0x000C       [1]    R12
0x000D       [1]    R13
0x000E       [1]    R14
0x000F       [1]    R15
0x0010       [1]    R16
0x0011       [1]    R17
0x0012       [1]    R18
0x0013       [1]    R19
0x0014       [1]    R20
0x0016       [2]    _frequencia
0x0018       [1]    _flagBotoes
0x0019       [1]    _parametro
0x001A       [2]    _aux
0x001C      [15]    ?lstr1_PWMMotorLCD2
0x002B       [1]    _cont
0x002C       [1]    _duty
0x002D       [0]    __Lib_Lcd_cmd_status
0x002D       [0]    _control
0x002E       [1]    _i
0x002F       [1]    set_Duty_cen_L0
0x002F       [1]    set_Frequency_mil_L0
0x002F       [1]    FARG_Lcd_Out_row
0x002F       [1]    FARG_PWM1_Set_Duty_new_duty
0x0030       [1]    FARG_Lcd_Out_column
0x0030       [1]    set_Duty_dez_L0
0x0030       [1]    set_Frequency_cen_L0
0x0031       [1]    set_Duty_uni_L0
0x0031       [2]    FARG_Lcd_Out_text
0x0031       [1]    set_Frequency_dez_L0
0x0032       [1]    set_Frequency_uni_L0
0x0033       [1]    Lcd_Out_i_L0
0x0034       [1]    FARG_Lcd_Chr_row
0x0034       [1]    FARG_Lcd_Chr_CP_out_char
0x0035       [1]    FARG_Lcd_Chr_column
0x0036       [1]    FARG_Lcd_Chr_out_char
0x0037       [1]    FARG_Lcd_Cmd_out_char
0x0F80       [0]    AN4_bit
0x0F80       [0]    RA4_bit
0x0F80       [0]    AN0_bit
0x0F80       [0]    VREFN_bit
0x0F80       [0]    RA2_bit
0x0F80       [0]    RA7_bit
0x0F80       [0]    RA5_bit
0x0F80       [0]    CVREF_bit
0x0F80       [0]    SS_bit
0x0F80       [0]    NOT_SS_bit
0x0F80       [0]    RA6_bit
0x0F80       [0]    VREFP_bit
0x0F80       [0]    CLKI_bit
0x0F80       [0]    RA3_bit
0x0F80       [0]    LVDIN_bit
0x0F80       [0]    AN2_bit
0x0F80       [0]    CLKO_bit
0x0F80       [0]    AN3_bit
0x0F80       [0]    OSC2_bit
0x0F80       [0]    T0CKI_bit
0x0F80       [0]    OSC1_bit
0x0F80       [0]    RA1_bit
0x0F80       [0]    AN1_bit
0x0F80       [0]    RA0_bit
0x0F80       [1]    PORTA
0x0F81       [0]    RB3_bit
0x0F81       [0]    RB2_bit
0x0F81       [0]    KBI3_bit
0x0F81       [0]    AN10_bit
0x0F81       [0]    PGC_bit
0x0F81       [0]    RB5_bit
0x0F81       [0]    RB1_bit
0x0F81       [0]    INT2_bit
0x0F81       [0]    AN11_bit
0x0F81       [0]    AN12_bit
0x0F81       [0]    KBI0_bit
0x0F81       [0]    INT0_bit
0x0F81       [0]    RB4_bit
0x0F81       [1]    PORTB
0x0F81       [0]    KBI1_bit
0x0F81       [0]    AN9_bit
0x0F81       [0]    PGM_bit
0x0F81       [0]    RB0_bit
0x0F81       [0]    CCP2_PORTB_bit
0x0F81       [0]    RB6_bit
0x0F81       [0]    PGD_bit
0x0F81       [0]    INT1_bit
0x0F81       [0]    AN8_bit
0x0F81       [0]    KBI2_bit
0x0F81       [0]    RB7_bit
0x0F82       [0]    SDA_bit
0x0F82       [0]    SCL_bit
0x0F82       [0]    CK_bit
0x0F82       [0]    T1CKI_bit
0x0F82       [0]    SCK_bit
0x0F82       [0]    CCP2_PORTC_bit
0x0F82       [0]    SDO_bit
0x0F82       [0]    SDI_bit
0x0F82       [0]    TX_bit
0x0F82       [0]    T13CKI_bit
0x0F82       [0]    RX__bit
0x0F82       [0]    RC0_bit
0x0F82       [0]    RC6_bit
0x0F82       [0]    RC5_bit
0x0F82       [0]    RC4_bit
0x0F82       [0]    T1OSI_bit
0x0F82       [0]    CCP1_bit
0x0F82       [0]    RC7_bit
0x0F82       [0]    T1OSO_bit
0x0F82       [0]    RC1_bit
0x0F82       [1]    PORTC
0x0F82       [0]    RC3_bit
0x0F82       [0]    RC2_bit
0x0F83       [0]    RD2_bit
0x0F83       [0]    PSP7_bit
0x0F83       [0]    P1B_bit
0x0F83       [0]    PSP6_bit
0x0F83       [0]    PSP4_bit
0x0F83       [0]    PSP5_bit
0x0F83       [0]    LCD_RS
0x0F83       [0]    LCD_EN
0x0F83       [0]    RD3_bit
0x0F83       [0]    P1C_bit
0x0F83       [0]    P1D_bit
0x0F83       [0]    RD7_bit
0x0F83       [0]    RD1_bit
0x0F83       [0]    RD6_bit
0x0F83       [0]    RD5_bit
0x0F83       [0]    RD4_bit
0x0F83       [0]    PSP3_bit
0x0F83       [1]    PORTD
0x0F83       [0]    PSP2_bit
0x0F83       [0]    PSP0_bit
0x0F83       [0]    PSP1_bit
0x0F83       [0]    LCD_D7
0x0F83       [0]    RD0_bit
0x0F83       [0]    LCD_D4
0x0F83       [0]    LCD_D5
0x0F83       [0]    LCD_D6
0x0F84       [0]    NOT_CS_bit
0x0F84       [0]    NOT_WR_bit
0x0F84       [0]    VPP_bit
0x0F84       [0]    NOT_MCLR_bit
0x0F84       [0]    RE3_bit
0x0F84       [1]    PORTE
0x0F84       [0]    WR_bit
0x0F84       [0]    RD_bit
0x0F84       [0]    NOT_RD_bit
0x0F84       [0]    MCLR_bit
0x0F84       [0]    CS_bit
0x0F84       [0]    AN5_bit
0x0F84       [0]    RE2_bit
0x0F84       [0]    AN7_bit
0x0F84       [0]    RE1_bit
0x0F84       [0]    RE0_bit
0x0F84       [0]    AN6_bit
0x0F89       [0]    LATA3_bit
0x0F89       [0]    LATA2_bit
0x0F89       [0]    LATA5_bit
0x0F89       [1]    LATA
0x0F89       [0]    LATA4_bit
0x0F89       [0]    LATA1_bit
0x0F89       [0]    LATA0_bit
0x0F89       [0]    LATA7_bit
0x0F89       [0]    LATA6_bit
0x0F8A       [1]    LATB
0x0F8A       [0]    LATB0_bit
0x0F8A       [0]    LATB3_bit
0x0F8A       [0]    LATB7_bit
0x0F8A       [0]    LATB5_bit
0x0F8A       [0]    LATB1_bit
0x0F8A       [0]    LATB6_bit
0x0F8A       [0]    LATB4_bit
0x0F8A       [0]    LATB2_bit
0x0F8B       [0]    LATC3_bit
0x0F8B       [0]    LATC4_bit
0x0F8B       [0]    LATC7_bit
0x0F8B       [0]    LATC0_bit
0x0F8B       [0]    LATC5_bit
0x0F8B       [0]    LATC6_bit
0x0F8B       [1]    LATC
0x0F8B       [0]    LATC2_bit
0x0F8B       [0]    LATC1_bit
0x0F8C       [0]    LATD6_bit
0x0F8C       [0]    LATD7_bit
0x0F8C       [0]    LATD4_bit
0x0F8C       [0]    LATD2_bit
0x0F8C       [0]    LATD3_bit
0x0F8C       [0]    LATD1_bit
0x0F8C       [0]    LATD0_bit
0x0F8C       [0]    LATD5_bit
0x0F8C       [1]    LATD
0x0F8D       [1]    LATE
0x0F8D       [0]    LATE2_bit
0x0F8D       [0]    LATE1_bit
0x0F8D       [0]    LATE0_bit
0x0F92       [0]    TRISA3_bit
0x0F92       [0]    TRISA7_bit
0x0F92       [0]    TRISA4_bit
0x0F92       [0]    TRISA0_bit
0x0F92       [0]    TRISA5_bit
0x0F92       [0]    TRISA2_bit
0x0F92       [1]    TRISA
0x0F92       [0]    TRISA6_bit
0x0F92       [0]    TRISA1_bit
0x0F93       [0]    TRISB7_bit
0x0F93       [0]    TRISB6_bit
0x0F93       [0]    TRISB0_bit
0x0F93       [0]    TRISB1_bit
0x0F93       [0]    TRISB2_bit
0x0F93       [1]    TRISB
0x0F93       [0]    TRISB3_bit
0x0F93       [0]    TRISB4_bit
0x0F93       [0]    TRISB5_bit
0x0F94       [0]    TRISC7_bit
0x0F94       [0]    TRISC5_bit
0x0F94       [0]    TRISC6_bit
0x0F94       [0]    TRISC1_bit
0x0F94       [0]    TRISC0_bit
0x0F94       [1]    TRISC
0x0F94       [0]    TRISC3_bit
0x0F94       [0]    TRISC4_bit
0x0F94       [0]    TRISC2_bit
0x0F95       [1]    TRISD
0x0F95       [0]    TRISD1_bit
0x0F95       [0]    TRISD0_bit
0x0F95       [0]    TRISD3_bit
0x0F95       [0]    TRISD2_bit
0x0F95       [0]    LCD_D6_Direction
0x0F95       [0]    LCD_D5_Direction
0x0F95       [0]    LCD_D4_Direction
0x0F95       [0]    LCD_RS_Direction
0x0F95       [0]    TRISD6_bit
0x0F95       [0]    TRISD5_bit
0x0F95       [0]    TRISD7_bit
0x0F95       [0]    LCD_EN_Direction
0x0F95       [0]    LCD_D7_Direction
0x0F95       [0]    TRISD4_bit
0x0F96       [0]    OBF_bit
0x0F96       [0]    TRISE1_bit
0x0F96       [0]    PSPMODE_bit
0x0F96       [0]    PSPMODE_TRISE_bit
0x0F96       [0]    TRISE0_bit
0x0F96       [1]    TRISE
0x0F96       [0]    TRISE2_bit
0x0F96       [0]    IBOV_bit
0x0F96       [0]    IBF_bit
0x0F96       [0]    OBF_TRISE_bit
0x0F96       [0]    IBF_TRISE_bit
0x0F96       [0]    IBOV_TRISE_bit
0x0F9B       [0]    TUN2_bit
0x0F9B       [0]    TUN3_bit
0x0F9B       [0]    TUN0_bit
0x0F9B       [0]    TUN1_bit
0x0F9B       [0]    INTSRC_bit
0x0F9B       [1]    OSCTUNE
0x0F9B       [0]    TUN4_bit
0x0F9B       [0]    PLLEN_bit
0x0F9D       [1]    PIE1
0x0F9D       [0]    SSPIE_bit
0x0F9D       [0]    TXIE_bit
0x0F9D       [0]    CCP1IE_bit
0x0F9D       [0]    TMR2IE_bit
0x0F9D       [0]    RCIE_bit
0x0F9D       [0]    TMR1IE_bit
0x0F9D       [0]    PSPIE_bit
0x0F9D       [0]    ADIE_bit
0x0F9E       [0]    RCIF_bit
0x0F9E       [0]    SSPIF_bit
0x0F9E       [0]    TXIF_bit
0x0F9E       [1]    PIR1
0x0F9E       [0]    TMR2IF_bit
0x0F9E       [0]    TMR1IF_bit
0x0F9E       [0]    CCP1IF_bit
0x0F9E       [0]    ADIF_bit
0x0F9E       [0]    PSPIF_bit
0x0F9F       [0]    TXIP_bit
0x0F9F       [0]    SSPIP_bit
0x0F9F       [0]    RCIP_bit
0x0F9F       [0]    PSPIP_bit
0x0F9F       [0]    ADIP_bit
0x0F9F       [0]    TMR2IP_bit
0x0F9F       [0]    TMR1IP_bit
0x0F9F       [1]    IPR1
0x0F9F       [0]    CCP1IP_bit
0x0FA0       [0]    LVDIE_bit
0x0FA0       [0]    BCLIE_bit
0x0FA0       [0]    HLVDIE_bit
0x0FA0       [0]    CMIE_bit
0x0FA0       [0]    OSCFIE_bit
0x0FA0       [0]    EEIE_bit
0x0FA0       [0]    CCP2IE_bit
0x0FA0       [1]    PIE2
0x0FA0       [0]    TMR3IE_bit
0x0FA1       [1]    PIR2
0x0FA1       [0]    HLVDIF_bit
0x0FA1       [0]    CCP2IF_bit
0x0FA1       [0]    TMR3IF_bit
0x0FA1       [0]    EEIF_bit
0x0FA1       [0]    BCLIF_bit
0x0FA1       [0]    OSCFIF_bit
0x0FA1       [0]    CMIF_bit
0x0FA1       [0]    LVDIF_bit
0x0FA2       [0]    CCP2IP_bit
0x0FA2       [0]    TMR3IP_bit
0x0FA2       [0]    OSCFIP_bit
0x0FA2       [0]    LVDIP_bit
0x0FA2       [1]    IPR2
0x0FA2       [0]    CMIP_bit
0x0FA2       [0]    HLVDIP_bit
0x0FA2       [0]    BCLIP_bit
0x0FA2       [0]    EEIP_bit
0x0FA6       [1]    EECON1
0x0FA6       [0]    FREE_bit
0x0FA6       [0]    WRERR_bit
0x0FA6       [0]    EEPGD_bit
0x0FA6       [0]    CFGS_bit
0x0FA6       [0]    WR_EECON1_bit
0x0FA6       [0]    RD_EECON1_bit
0x0FA6       [0]    WREN_bit
0x0FA7       [1]    EECON2
0x0FA8       [1]    EEDATA
0x0FA9       [1]    EEADR
0x0FAB       [0]    ADEN_bit
0x0FAB       [0]    CREN_bit
0x0FAB       [0]    SPEN_bit
0x0FAB       [0]    ADDEN_bit
0x0FAB       [0]    SREN_bit
0x0FAB       [0]    RX9_bit
0x0FAB       [0]    FERR_bit
0x0FAB       [0]    RX9D_bit
0x0FAB       [1]    RCSTA
0x0FAB       [0]    OERR_bit
0x0FAC       [0]    BRGH_bit
0x0FAC       [0]    SENDB_bit
0x0FAC       [0]    CSRC_bit
0x0FAC       [0]    SYNC_bit
0x0FAC       [0]    TXEN_bit
0x0FAC       [0]    TX9_bit
0x0FAC       [1]    TXSTA
0x0FAC       [0]    TX9D_bit
0x0FAC       [0]    TRMT_bit
0x0FAD       [1]    TXREG
0x0FAE       [1]    RCREG
0x0FAF       [1]    SPBRG
0x0FB0       [1]    SPBRGH
0x0FB1       [0]    T3CCP2_bit
0x0FB1       [0]    T3CKPS1_bit
0x0FB1       [0]    NOT_T3SYNC_bit
0x0FB1       [0]    RD16_bit
0x0FB1       [0]    TMR3CS_bit
0x0FB1       [0]    TMR3ON_bit
0x0FB1       [1]    T3CON
0x0FB1       [0]    T3CKPS0_bit
0x0FB1       [0]    T3CCP1_bit
0x0FB1       [0]    T3SYNC_bit
0x0FB2       [1]    TMR3L
0x0FB3       [1]    TMR3H
0x0FB4       [0]    C2OUT_bit
0x0FB4       [1]    CMCON
0x0FB4       [0]    C1OUT_bit
0x0FB4       [0]    CM2_bit
0x0FB4       [0]    CM1_bit
0x0FB4       [0]    CM0_bit
0x0FB4       [0]    C2INV_bit
0x0FB4       [0]    C1INV_bit
0x0FB4       [0]    CIS_bit
0x0FB5       [0]    CVREN_bit
0x0FB5       [0]    CVROE_bit
0x0FB5       [0]    CVR2_bit
0x0FB5       [0]    CVR1_bit
0x0FB5       [0]    CVRSS_bit
0x0FB5       [0]    CVR3_bit
0x0FB5       [0]    CVRR_bit
0x0FB5       [0]    CVR0_bit
0x0FB5       [1]    CVRCON
0x0FB6       [1]    ECCP1AS
0x0FB6       [0]    ECCPASE_bit
0x0FB6       [0]    PSSAC0_bit
0x0FB6       [0]    PSSBD1_bit
0x0FB6       [0]    PSSBD0_bit
0x0FB6       [0]    PSSAC1_bit
0x0FB6       [0]    ECCPAS2_bit
0x0FB6       [0]    ECCPAS1_bit
0x0FB6       [0]    ECCPAS0_bit
0x0FB7       [0]    PRSEN_bit
0x0FB7       [1]    PWM1CON
0x0FB7       [0]    PDC2_bit
0x0FB7       [0]    PDC3_bit
0x0FB7       [0]    PDC0_bit
0x0FB7       [0]    PDC1_bit
0x0FB7       [0]    PDC5_bit
0x0FB7       [0]    PDC6_bit
0x0FB7       [0]    PDC4_bit
0x0FB8       [0]    TXCKP_bit
0x0FB8       [0]    RXDTP_bit
0x0FB8       [0]    RCMT_bit
0x0FB8       [1]    BAUDCON
0x0FB8       [0]    BRG16_bit
0x0FB8       [0]    ABDEN_bit
0x0FB8       [0]    WUE_bit
0x0FB8       [0]    SCKP_bit
0x0FB8       [0]    RCIDL_bit
0x0FB8       [0]    ABDOVF_bit
0x0FB8       [1]    BAUDCTL
0x0FBA       [0]    DC2B1_bit
0x0FBA       [1]    CCP2CON
0x0FBA       [0]    CCP2X_bit
0x0FBA       [0]    CCP2Y_bit
0x0FBA       [0]    CCP2M2_bit
0x0FBA       [0]    CCP2M1_bit
0x0FBA       [0]    CCP2M0_bit
0x0FBA       [0]    DC2B0_bit
0x0FBA       [0]    CCP2M3_bit
0x0FBB       [1]    CCPR2L
0x0FBB       [2]    CCPR2
0x0FBC       [1]    CCPR2H
0x0FBD       [0]    P1M1_bit
0x0FBD       [0]    CCP1Y_bit
0x0FBD       [0]    CCP1X_bit
0x0FBD       [0]    P1M0_bit
0x0FBD       [1]    CCP1CON
0x0FBD       [0]    CCP1M1_bit
0x0FBD       [0]    CCP1M0_bit
0x0FBD       [0]    CCP1M2_bit
0x0FBD       [0]    DC1B1_bit
0x0FBD       [0]    DC1B0_bit
0x0FBD       [0]    CCP1M3_bit
0x0FBE       [2]    CCPR1
0x0FBE       [1]    CCPR1L
0x0FBF       [1]    CCPR1H
0x0FC0       [1]    ADCON2
0x0FC0       [0]    ADCS2_bit
0x0FC0       [0]    ADCS1_bit
0x0FC0       [0]    ADCS0_bit
0x0FC0       [0]    ACQT0_bit
0x0FC0       [0]    ADFM_bit
0x0FC0       [0]    ACQT2_bit
0x0FC0       [0]    ACQT1_bit
0x0FC1       [1]    ADCON1
0x0FC1       [0]    PCFG0_bit
0x0FC1       [0]    PCFG2_bit
0x0FC1       [0]    PCFG1_bit
0x0FC1       [0]    VCFG1_bit
0x0FC1       [0]    VCFG0_bit
0x0FC1       [0]    PCFG3_bit
0x0FC2       [1]    ADCON0
0x0FC2       [0]    CHS1_bit
0x0FC2       [0]    CHS2_bit
0x0FC2       [0]    CHS0_bit
0x0FC2       [0]    ADON_bit
0x0FC2       [0]    GO_bit
0x0FC2       [0]    NOT_DONE_bit
0x0FC2       [0]    GO_DONE_bit
0x0FC2       [0]    CHS3_bit
0x0FC2       [0]    DONE_bit
0x0FC3       [1]    ADRESL
0x0FC3       [2]    ADRES
0x0FC4       [1]    ADRESH
0x0FC5       [1]    SSPCON2
0x0FC5       [0]    ACKDT_bit
0x0FC5       [0]    ACKEN_bit
0x0FC5       [0]    GCEN_bit
0x0FC5       [0]    ACKSTAT_bit
0x0FC5       [0]    RSEN_bit
0x0FC5       [0]    SEN_bit
0x0FC5       [0]    RCEN_bit
0x0FC5       [0]    PEN_bit
0x0FC6       [0]    SSPEN_bit
0x0FC6       [1]    SSPCON1
0x0FC6       [0]    SSPOV_bit
0x0FC6       [0]    WCOL_bit
0x0FC6       [0]    CKP_bit
0x0FC6       [0]    SSPM1_bit
0x0FC6       [0]    SSPM0_bit
0x0FC6       [0]    SSPM2_bit
0x0FC6       [0]    SSPM3_bit
0x0FC7       [1]    SSPSTAT
0x0FC7       [0]    NOT_W_bit
0x0FC7       [0]    NOT_A_bit
0x0FC7       [0]    CKE_bit
0x0FC7       [0]    SMP_bit
0x0FC7       [0]    NOT_WRITE_bit
0x0FC7       [0]    NOT_ADDRESS_bit
0x0FC7       [0]    R_W_bit
0x0FC7       [0]    D_A_bit
0x0FC7       [0]    R_bit
0x0FC7       [0]    S_bit
0x0FC7       [0]    BF_bit
0x0FC7       [0]    UA_bit
0x0FC7       [0]    P_bit
0x0FC7       [0]    D_bit
0x0FC8       [1]    SSPADD
0x0FC9       [1]    SSPBUF
0x0FCA       [1]    T2CON
0x0FCA       [0]    T2OUTPS1_bit
0x0FCA       [0]    T2OUTPS2_bit
0x0FCA       [0]    T2OUTPS3_bit
0x0FCA       [0]    T2CKPS1_bit
0x0FCA       [0]    TMR2ON_bit
0x0FCA       [0]    T2OUTPS0_bit
0x0FCA       [0]    T2CKPS0_bit
0x0FCB       [1]    PR2
0x0FCC       [1]    TMR2
0x0FCD       [0]    TMR1CS_bit
0x0FCD       [0]    TMR1ON_bit
0x0FCD       [1]    T1CON
0x0FCD       [0]    T1RUN_bit
0x0FCD       [0]    RD16_T1CON_bit
0x0FCD       [0]    NOT_T1SYNC_bit
0x0FCD       [0]    T1OSCEN_bit
0x0FCD       [0]    T1SYNC_bit
0x0FCD       [0]    T1CKPS1_bit
0x0FCD       [0]    T1CKPS0_bit
0x0FCE       [1]    TMR1L
0x0FCF       [1]    TMR1H
0x0FD0       [1]    RCON
0x0FD0       [0]    POR_bit
0x0FD0       [0]    PD_bit
0x0FD0       [0]    BOR_bit
0x0FD0       [0]    NOT_TO_bit
0x0FD0       [0]    NOT_PD_bit
0x0FD0       [0]    TO__bit
0x0FD0       [0]    SBOREN_bit
0x0FD0       [0]    RI_bit
0x0FD0       [0]    IPEN_bit
0x0FD0       [0]    NOT_POR_bit
0x0FD0       [0]    NOT_BOR_bit
0x0FD0       [0]    NOT_RI_bit
0x0FD1       [1]    WDTCON
0x0FD1       [0]    SWDTE_bit
0x0FD1       [0]    SWDTEN_bit
0x0FD2       [0]    IRVST_bit
0x0FD2       [0]    LVDEN_bit
0x0FD2       [1]    LVDCON
0x0FD2       [0]    LVV0_bit
0x0FD2       [0]    LVDL1_bit
0x0FD2       [0]    LVDL0_bit
0x0FD2       [0]    LVDL3_bit
0x0FD2       [0]    LVDL2_bit
0x0FD2       [0]    HLVDEN_bit
0x0FD2       [0]    HLVDL3_bit
0x0FD2       [0]    HLVDL2_bit
0x0FD2       [0]    VDIRMAG_bit
0x0FD2       [0]    IVRST_bit
0x0FD2       [1]    HLVDCON
0x0FD2       [0]    LVV3_bit
0x0FD2       [0]    LVV2_bit
0x0FD2       [0]    LVV1_bit
0x0FD2       [0]    HLVDL1_bit
0x0FD2       [0]    HLVDL0_bit
0x0FD2       [0]    BGST_bit
0x0FD3       [0]    IRCF2_bit
0x0FD3       [0]    IRCF1_bit
0x0FD3       [0]    IDLEN_bit
0x0FD3       [1]    OSCCON
0x0FD3       [0]    FLTS_bit
0x0FD3       [0]    SCS0_bit
0x0FD3       [0]    IRCF0_bit
0x0FD3       [0]    OSTS_bit
0x0FD3       [0]    IOFS_bit
0x0FD3       [0]    SCS1_bit
0x0FD5       [0]    PSA_bit
0x0FD5       [0]    T0PS2_bit
0x0FD5       [0]    T08BIT_bit
0x0FD5       [0]    TMR0ON_bit
0x0FD5       [0]    T0PS1_bit
0x0FD5       [0]    T0SE_bit
0x0FD5       [0]    T0CS_bit
0x0FD5       [0]    T0PS0_bit
0x0FD5       [1]    T0CON
0x0FD6       [1]    TMR0L
0x0FD7       [1]    TMR0H
0x0FD8       [0]    DC_bit
0x0FD8       [0]    Z_bit
0x0FD8       [0]    OV_bit
0x0FD8       [0]    N_bit
0x0FD8       [1]    STATUS
0x0FD8       [0]    C_bit
0x0FD9       [2]    FSR2PTR
0x0FD9       [2]    FSR2
0x0FD9       [1]    FSR2L
0x0FDA       [1]    FSR2H
0x0FDB       [1]    PLUSW2
0x0FDC       [1]    PREINC2
0x0FDD       [1]    POSTDEC2
0x0FDE       [1]    POSTINC2
0x0FDF       [1]    INDF2
0x0FE0       [1]    BSR
0x0FE1       [2]    FSR1
0x0FE1       [2]    FSR1PTR
0x0FE1       [1]    FSR1L
0x0FE2       [1]    FSR1H
0x0FE3       [1]    PLUSW1
0x0FE4       [1]    PREINC1
0x0FE5       [1]    POSTDEC1
0x0FE6       [1]    POSTINC1
0x0FE7       [1]    INDF1
0x0FE8       [1]    WREG
0x0FE9       [2]    FSR0
0x0FE9       [2]    FSR0PTR
0x0FE9       [1]    FSR0L
0x0FEA       [1]    FSR0H
0x0FEB       [1]    PLUSW0
0x0FEC       [1]    PREINC0
0x0FED       [1]    POSTDEC0
0x0FEE       [1]    POSTINC0
0x0FEF       [1]    INDF0
0x0FF0       [1]    INTCON3
0x0FF0       [0]    INT2IP_bit
0x0FF0       [0]    INT1P_bit
0x0FF0       [0]    INT2E_bit
0x0FF0       [0]    INT1IP_bit
0x0FF0       [0]    INT1IF_bit
0x0FF0       [0]    INT2P_bit
0x0FF0       [0]    INT2IF_bit
0x0FF0       [0]    INT2IE_bit
0x0FF0       [0]    INT1IE_bit
0x0FF0       [0]    INT1E_bit
0x0FF0       [0]    INT1F_bit
0x0FF0       [0]    INT2F_bit
0x0FF1       [0]    INTEDG1_bit
0x0FF1       [0]    INTEDG0_bit
0x0FF1       [0]    RBIP_bit
0x0FF1       [0]    INTEDG2_bit
0x0FF1       [0]    TMR0IP_bit
0x0FF1       [0]    NOT_RBPU_bit
0x0FF1       [0]    RBPU_bit
0x0FF1       [1]    INTCON2
0x0FF2       [0]    RBIF_bit
0x0FF2       [0]    PEIE_bit
0x0FF2       [0]    RBIE_bit
0x0FF2       [0]    TMR0IF_bit
0x0FF2       [0]    INT0F_bit
0x0FF2       [0]    TMR0IE_bit
0x0FF2       [1]    INTCON
0x0FF2       [0]    INT0E_bit
0x0FF2       [0]    T0IE_bit
0x0FF2       [0]    GIEL_bit
0x0FF2       [0]    GIEH_bit
0x0FF2       [0]    INT0IE_bit
0x0FF2       [0]    T0IF_bit
0x0FF2       [0]    GIE_bit
0x0FF2       [0]    INT0IF_bit
0x0FF3       [2]    PROD
0x0FF3       [1]    PRODL
0x0FF4       [1]    PRODH
0x0FF5       [1]    TABLAT
0x0FF6       [1]    TBLPTRL
0x0FF6       [3]    TBLPTR
0x0FF7       [1]    TBLPTRH
0x0FF8       [0]    TBLPTRU1_bit
0x0FF8       [0]    TBLPTRU0_bit
0x0FF8       [0]    TBLPTRU4_bit
0x0FF8       [0]    ACSS_bit
0x0FF8       [1]    TBLPTRU
0x0FF8       [0]    TBLPTRU3_bit
0x0FF8       [0]    TBLPTRU2_bit
0x0FF9       [1]    PC
0x0FF9       [1]    PCL
0x0FFA       [1]    PCLATH
0x0FFB       [0]    PCU3_bit
0x0FFB       [0]    PCU4_bit
0x0FFB       [0]    PCU0_bit
0x0FFB       [0]    PCU1_bit
0x0FFB       [0]    PCU2_bit
0x0FFB       [1]    PCLATU
0x0FFC       [1]    STKPTR
0x0FFC       [0]    STKFUL_bit
0x0FFC       [0]    SP1_bit
0x0FFC       [0]    SP0_bit
0x0FFC       [0]    SP2_bit
0x0FFC       [0]    SP3_bit
0x0FFC       [0]    STKOVF_bit
0x0FFC       [0]    STKUNF_bit
0x0FFC       [0]    SP4_bit
0x0FFD       [1]    TOSL
0x0FFE       [1]    TOSH
0x0FFF       [1]    TOSU
//** Constants locations ** 
//ADDRESS    SIZE    CONSTANT
//----------------------------------------------
0x07A0       [2]    ?ICS_frequencia
0x07A2       [1]    ?ICS_flagBotoes
0x07A3       [1]    ?ICS_parametro
0x07A4       [2]    ?ICS_aux
0x07A6      [15]    ?ICS?lstr1_PWMMotorLCD2
0x07B5       [1]    ?ICS_cont
0x07B6       [1]    ?ICS_duty
//** Label List: ** 
//----------------------------------------------
  L_interrupt0
  L_interrupt1
  L_main2
  L_main3
  L_main4
  L_main5
  L_main6
  L_main7
  L_main8
  L_main9
  L_set_Frequency10
  L_set_Frequency11
  L_set_Duty12
  L_set_Duty13
  L_leitura_Botoes14
  L_leitura_Botoes15
  L_leitura_Botoes16
  L_leitura_Botoes17
  L_leitura_Botoes18
  L_leitura_Botoes19
  L_leitura_Botoes20
  L_leitura_Botoes21
  L_leitura_Botoes22
  L_leitura_Botoes23
  L_leitura_Botoes24
  L_leitura_Botoes25
  L__leitura_Botoes26
  L__leitura_Botoes27
  _interrupt
  L__interrupt28
  _main
  _set_Frequency
  _set_Duty
  _leitura_Botoes
  L_Delay_10us0
  L_Delay_22us1
  L_Delay_50us2
  L_Delay_80us3
  L_Delay_500us4
  L_Delay_5500us5
  L_Delay_1ms6
  L_Delay_5ms7
  L_Delay_8ms8
  L_Delay_100ms9
  L_Delay_10ms10
  L_Delay_1sec11
  L____Boot_Delay4k12
  L____Boot_Delay8k13
  L____Boot_Delay12k14
  L____Boot_Delay16k15
  L____Boot_Delay24k16
  L____Boot_Delay32k17
  L____Boot_Delay48k18
  L____Boot_Delay64k19
  L____Boot_Delay128k20
  L_Delay_Cyc21
  L_Delay_Cyc22
  L_VDelay_ms23
  L_VDelay_ms24
  L_VDelay_ms25
  L_VDelay_Advanced_ms26
  L_VDelay_Advanced_ms27
  L_VDelay_Advanced_ms28
  _Get_Fosc_kHz
  _Delay_1us
  _Delay_10us
  _Delay_22us
  _Delay_50us
  _Delay_80us
  _Delay_500us
  _Delay_5500us
  _Delay_1ms
  _Delay_5ms
  _Delay_8ms
  _Delay_100ms
  _Delay_10ms
  _Delay_1sec
  ____Boot_Delay4k
  ____Boot_Delay8k
  ____Boot_Delay12k
  ____Boot_Delay16k
  ____Boot_Delay24k
  ____Boot_Delay32k
  ____Boot_Delay48k
  ____Boot_Delay64k
  ____Boot_Delay128k
  _Delay_Cyc
  _VDelay_ms
  L__VDelay_ms29
  L__VDelay_ms30
  L__VDelay_ms31
  _VDelay_Advanced_ms
  L__VDelay_Advanced_ms32
  L__VDelay_Advanced_ms33
  L__VDelay_Advanced_ms34
  L_Lcd_Cmd0
  L_Lcd_Cmd1
  L_Lcd_Out_CP2
  L_Lcd_Out_CP3
  L_Lcd_Chr4
  L_Lcd_Chr5
  L_Lcd_Chr6
  L_Lcd_Chr7
  L_Lcd_Chr8
  L_Lcd_Chr9
  L_Lcd_Chr10
  L_Lcd_Out11
  L_Lcd_Out12
  L_Lcd_Out13
  L_Lcd_Out14
  L_Lcd_Out15
  L_Lcd_Out16
  L_Lcd_Out17
  L_Lcd_Out18
  L_Lcd_Out19
  _Lcd_Cmd
  L__Lcd_Cmd20
  L__Lcd_Cmd21
  L__Lcd_Cmd22
  L__Lcd_Cmd23
  L__Lcd_Cmd24
  L__Lcd_Cmd25
  L__Lcd_Cmd26
  L__Lcd_Cmd27
  L__Lcd_Cmd28
  L__Lcd_Cmd29
  L__Lcd_Cmd30
  L__Lcd_Cmd31
  L__Lcd_Cmd32
  L__Lcd_Cmd33
  L__Lcd_Cmd34
  L__Lcd_Cmd35
  L__Lcd_Cmd36
  L__Lcd_Cmd37
  L__Lcd_Cmd38
  L__Lcd_Cmd39
  _Lcd_Chr_CP
  _Lcd_Out_CP
  _Lcd_Chr
  _Lcd_Init
  _Lcd_Out
  L_Div_16x16_S0
  L_Div_16x16_S1
  LOOPS3232A
  SADD22LA
  SOK22LA
  SADD22L8
  SOK22L8
  LOOPS3232B
  SADD22LB
  SOK22LB
  SADD22L16
  SOK22L16
  LOOPS3232C
  SADD22LC
  SOK22LC
  SADD22L24
  SOK22L24
  LOOPS3232D
  SADD22LD
  SOK22LD
  SOK22L
  L_Div_32x32_S6
  L_Div_32x32_S7
  L_Div_32x32_S8
  L_Div_32x32_S9
  FXD3232S
  END_ALL
  CA3232S
  C3232SX
  C3232SX1
  C3232S
  C3232S2
  C3232SX4
  C3232SOK
  C3232SX3
  C3232SX2
  avoid_comfrem
  LOOPU3232A
  UADD22LA
  UOK22LA
  UADD22L8
  UOK22L8
  LOOPU3232B
  UADD22LB
  UOK22LB
  UADD22L16
  UOK22L16
  LOOPU3232C
  UADD22LC
  UOK22LC
  UADD22L24
  UOK22L24
  LOOPU3232D
  UADD22LD
  UOK22LD
  UOK22L
  _NEXT
  _EXIT2
  _LOOP
  _EXIT1
  _IF_FIRST
  _IF_SECOND
  _INVERCE_FIRST
  _MULT
  _INBERSE_SECOND
  _EXIT
  _Div_8x8_U
  _Div_16x16_U
  _Div_16x16_S_L
  _Div_16x16_S
  _Div_8x8_S
  _Mul_8x8_S
  _Mul_16x16_U
  _Mul_16x16_S
  _SDIV3232L
  _COMFREM
  _Div_32x32_S
  _Div_32x32_U
  _Mul_32x32_U
  _Mul_32x32_S
  _PWM2_Init
  _PWM2_Set_Duty
  L__PWM2_Set_Duty0
  L__PWM2_Set_Duty1
  L__PWM2_Set_Duty2
  L__PWM2_Set_Duty3
  _PWM2_Start
  _PWM2_Stop
  _PWM1_Init
  _PWM1_Set_Duty
  L__PWM1_Set_Duty4
  L__PWM1_Set_Duty5
  L__PWM1_Set_Duty6
  L__PWM1_Set_Duty7
  _PWM1_Start
  _PWM1_Stop
  _CC2D_Loop1
  _CC2DL_Loop1
  L_longjmp2
  ___CC2D
  ___CC2DW
  _____DoIFC
  _Swap
  _setjmp
  _longjmp
  L_interrupt0
  L_interrupt1
  L_main2
  L_main3
  L_main4
  L_main5
  L_main6
  L_main7
  L_main8
  L_main9
  L_set_Frequency10
  L_set_Frequency11
  L_set_Duty12
  L_set_Duty13
  L_leitura_Botoes14
  L_leitura_Botoes15
  L_leitura_Botoes16
  L_leitura_Botoes17
  L_leitura_Botoes18
  L_leitura_Botoes19
  L_leitura_Botoes20
  L_leitura_Botoes21
  L_leitura_Botoes22
  L_leitura_Botoes23
  L_leitura_Botoes24
  L_leitura_Botoes25
  L__leitura_Botoes26
  L__leitura_Botoes27
  _interrupt
  L__interrupt28
  _main
  _set_Frequency
  _set_Duty
  _leitura_Botoes
