

Microchip Technology PIC18 LITE Macro Assembler V1.38 build -256452561 
                                                                                               Thu Aug 27 20:02:10 2020

Microchip Technology Omniscient Code Generator v1.38 (Free mode) build 201607010351
     1                           	processor	18F2550
     2                           	fnconf	rparam,??,?,0
     3                           	opt	pw 120
     4                           	opt	lm
     5                           	psect	cinit,global,reloc=2,class=CODE,delta=1
     6                           	psect	bitbssCOMRAM,global,bit,class=COMRAM,space=1,delta=1
     7                           	psect	cstackCOMRAM,global,class=COMRAM,space=1,delta=1
     8                           	psect	text0,global,reloc=2,class=CODE,delta=1
     9                           	psect	text1,global,reloc=2,class=CODE,delta=1
    10                           	psect	text2,global,reloc=2,class=CODE,delta=1
    11                           	psect	text3,global,reloc=2,class=CODE,delta=1
    12                           	psect	intsave_regs,global,class=BIGRAM,space=1,delta=1
    13                           	psect	rparam,global,class=COMRAM,space=1,delta=1
    14  0000                     _ADRES	set	4035
    15  0000                     _ADCON0bits	set	4034
    16  0000                     _ADCON1bits	set	4033
    17  0000                     _ADCON2bits	set	4032
    18  0000                     _OSCCON	set	4051
    19  0000                     _TRISB	set	3987
    20  0000                     _LATB7	set	31831
    21                           
    22                           ; #config settings
    23  0000                     
    24                           	psect	cinit
    25  007F5A                     __pcinit:
    26                           	opt stack 0
    27  007F5A                     start_initialization:
    28                           	opt stack 0
    29  007F5A                     __initialization:
    30                           	opt stack 0
    31                           
    32                           ; Clear objects allocated to BITCOMRAM (1 bytes)
    33  007F5A  6A06               	clrf	(__pbitbssCOMRAM/(0+8))& (0+255),c
    34  007F5C                     end_of_initialization:
    35                           	opt stack 0
    36  007F5C                     __end_of__initialization:
    37                           	opt stack 0
    38  007F5C  0100               	movlb	0
    39  007F5E  EFE3  F03F         	goto	_main	;jump to C main() function
    40                           
    41                           	psect	bitbssCOMRAM
    42  000030                     __pbitbssCOMRAM:
    43                           	opt stack 0
    44  000030                     _botao1:
    45                           	opt stack 0
    46  000030                     	ds	1
    47                           
    48                           	psect	cstackCOMRAM
    49  000001                     __pcstackCOMRAM:
    50                           	opt stack 0
    51  000001                     ?_ADC_Leitura:
    52                           	opt stack 0
    53  000001                     ADC_Inicializa@canal:
    54                           	opt stack 0
    55  000001                     ADC_Leitura@canal:
    56                           	opt stack 0
    57                           
    58                           ; 2 bytes @ 0x0
    59  000001                     	ds	2
    60  000003                     ??_ADC_Inicializa:
    61  000003                     ??_ADC_Leitura:
    62                           
    63                           ; 1 bytes @ 0x2
    64  000003                     	ds	1
    65  000004                     main@pot:
    66                           	opt stack 0
    67                           
    68                           ; 2 bytes @ 0x3
    69  000004                     	ds	2
    70                           
    71 ;;
    72 ;;Main: autosize = 0, tempsize = 0, incstack = 0, save=0
    73 ;;
    74 ;; *************** function _main *****************
    75 ;; Defined at:
    76 ;;		line 31 in file "main.c"
    77 ;; Parameters:    Size  Location     Type
    78 ;;		None
    79 ;; Auto vars:     Size  Location     Type
    80 ;;  pot             2    3[COMRAM] int 
    81 ;; Return value:  Size  Location     Type
    82 ;;                  1    wreg      void 
    83 ;; Registers used:
    84 ;;		wreg, status,2, status,0, cstack
    85 ;; Tracked objects:
    86 ;;		On entry : 0/0
    87 ;;		On exit  : 0/0
    88 ;;		Unchanged: 0/0
    89 ;; Data sizes:     COMRAM   BANK0   BANK1   BANK2   BANK3   BANK4   BANK5   BANK6   BANK7
    90 ;;      Params:         0       0       0       0       0       0       0       0       0
    91 ;;      Locals:         2       0       0       0       0       0       0       0       0
    92 ;;      Temps:          0       0       0       0       0       0       0       0       0
    93 ;;      Totals:         2       0       0       0       0       0       0       0       0
    94 ;;Total ram usage:        2 bytes
    95 ;; Hardware stack levels required when called:    2
    96 ;; This function calls:
    97 ;;		_ADC_Leitura
    98 ;;		_setup
    99 ;; This function is called by:
   100 ;;		Startup code after reset
   101 ;; This function uses a non-reentrant model
   102 ;;
   103                           
   104                           	psect	text0
   105  007FC6                     __ptext0:
   106                           	opt stack 0
   107  007FC6                     _main:
   108                           	opt stack 29
   109                           
   110                           ;main.c: 33: int pot = 0;
   111                           
   112                           ;incstack = 0
   113  007FC6  0E00               	movlw	0
   114  007FC8  6E05               	movwf	main@pot+1,c
   115  007FCA  0E00               	movlw	0
   116  007FCC  6E04               	movwf	main@pot,c
   117                           
   118                           ;main.c: 35: setup();
   119  007FCE  ECB1  F03F         	call	_setup	;wreg free
   120                           
   121                           ;main.c: 37: pot = ADC_Leitura(0);
   122  007FD2  0E00               	movlw	0
   123  007FD4  6E02               	movwf	ADC_Leitura@canal+1,c
   124  007FD6  0E00               	movlw	0
   125  007FD8  6E01               	movwf	ADC_Leitura@canal,c
   126  007FDA  ECBD  F03F         	call	_ADC_Leitura	;wreg free
   127  007FDE  C001  F004         	movff	?_ADC_Leitura,main@pot
   128  007FE2  C002  F005         	movff	?_ADC_Leitura+1,main@pot+1
   129                           
   130                           ;main.c: 39: if(pot > 512)
   131  007FE6  BE05               	btfsc	main@pot+1,7,c
   132  007FE8  D008               	goto	l39
   133  007FEA  0404               	decf	main@pot,w,c
   134  007FEC  0E02               	movlw	2
   135  007FEE  5805               	subwfb	main@pot+1,w,c
   136  007FF0  A0D8               	btfss	status,0,c
   137  007FF2  D003               	goto	l39
   138                           
   139                           ;main.c: 40: LATB7 = 1;
   140  007FF4  8E8A               	bsf	3978,7,c	;volatile
   141  007FF6  EF00  F000         	goto	start
   142  007FFA                     l39:
   143                           
   144                           ;main.c: 41: else
   145                           ;main.c: 42: LATB7 = 0;
   146  007FFA  9E8A               	bcf	3978,7,c	;volatile
   147  007FFC  EF00  F000         	goto	start
   148  008000                     __end_of_main:
   149                           	opt stack 0
   150                           status	equ	0xFD8
   151                           
   152 ;; *************** function _setup *****************
   153 ;; Defined at:
   154 ;;		line 21 in file "main.c"
   155 ;; Parameters:    Size  Location     Type
   156 ;;		None
   157 ;; Auto vars:     Size  Location     Type
   158 ;;		None
   159 ;; Return value:  Size  Location     Type
   160 ;;                  1    wreg      void 
   161 ;; Registers used:
   162 ;;		wreg, status,2, status,0, cstack
   163 ;; Tracked objects:
   164 ;;		On entry : 0/0
   165 ;;		On exit  : 0/0
   166 ;;		Unchanged: 0/0
   167 ;; Data sizes:     COMRAM   BANK0   BANK1   BANK2   BANK3   BANK4   BANK5   BANK6   BANK7
   168 ;;      Params:         0       0       0       0       0       0       0       0       0
   169 ;;      Locals:         0       0       0       0       0       0       0       0       0
   170 ;;      Temps:          0       0       0       0       0       0       0       0       0
   171 ;;      Totals:         0       0       0       0       0       0       0       0       0
   172 ;;Total ram usage:        0 bytes
   173 ;; Hardware stack levels used:    1
   174 ;; Hardware stack levels required when called:    1
   175 ;; This function calls:
   176 ;;		_ADC_Inicializa
   177 ;; This function is called by:
   178 ;;		_main
   179 ;; This function uses a non-reentrant model
   180 ;;
   181                           
   182                           	psect	text1
   183  007F62                     __ptext1:
   184                           	opt stack 0
   185  007F62                     _setup:
   186                           	opt stack 29
   187                           
   188                           ;main.c: 23: OSCCON = 0b11111110;
   189                           
   190                           ;incstack = 0
   191  007F62  0EFE               	movlw	254
   192  007F64  6ED3               	movwf	4051,c	;volatile
   193                           
   194                           ;main.c: 24: TRISB = 0b01111111;
   195  007F66  0E7F               	movlw	127
   196  007F68  6E93               	movwf	3987,c	;volatile
   197                           
   198                           ;main.c: 25: LATB7 = 0b0;
   199  007F6A  9E8A               	bcf	3978,7,c	;volatile
   200                           
   201                           ;main.c: 27: ADC_Inicializa(0);
   202  007F6C  0E00               	movlw	0
   203  007F6E  6E02               	movwf	ADC_Inicializa@canal+1,c
   204  007F70  0E00               	movlw	0
   205  007F72  6E01               	movwf	ADC_Inicializa@canal,c
   206  007F74  ECCF  F03F         	call	_ADC_Inicializa	;wreg free
   207  007F78  0012               	return		;funcret
   208  007F7A                     __end_of_setup:
   209                           	opt stack 0
   210                           status	equ	0xFD8
   211                           
   212 ;; *************** function _ADC_Inicializa *****************
   213 ;; Defined at:
   214 ;;		line 31 in file "PicLibs.h"
   215 ;; Parameters:    Size  Location     Type
   216 ;;  canal           2    0[COMRAM] unsigned short 
   217 ;; Auto vars:     Size  Location     Type
   218 ;;		None
   219 ;; Return value:  Size  Location     Type
   220 ;;                  1    wreg      void 
   221 ;; Registers used:
   222 ;;		wreg, status,2, status,0
   223 ;; Tracked objects:
   224 ;;		On entry : 0/0
   225 ;;		On exit  : 0/0
   226 ;;		Unchanged: 0/0
   227 ;; Data sizes:     COMRAM   BANK0   BANK1   BANK2   BANK3   BANK4   BANK5   BANK6   BANK7
   228 ;;      Params:         2       0       0       0       0       0       0       0       0
   229 ;;      Locals:         0       0       0       0       0       0       0       0       0
   230 ;;      Temps:          1       0       0       0       0       0       0       0       0
   231 ;;      Totals:         3       0       0       0       0       0       0       0       0
   232 ;;Total ram usage:        3 bytes
   233 ;; Hardware stack levels used:    1
   234 ;; This function calls:
   235 ;;		Nothing
   236 ;; This function is called by:
   237 ;;		_setup
   238 ;; This function uses a non-reentrant model
   239 ;;
   240                           
   241                           	psect	text2
   242  007F9E                     __ptext2:
   243                           	opt stack 0
   244  007F9E                     _ADC_Inicializa:
   245                           	opt stack 29
   246                           
   247                           ;PicLibs.h: 33: ADCON1bits.VCFG0 = 0;
   248                           
   249                           ;incstack = 0
   250  007F9E  98C1               	bcf	4033,4,c	;volatile
   251                           
   252                           ;PicLibs.h: 34: ADCON1bits.VCFG1 = 0;
   253  007FA0  9AC1               	bcf	4033,5,c	;volatile
   254                           
   255                           ;PicLibs.h: 35: ADCON1bits.PCFG = (0b1111 - (canal + 1));
   256  007FA2  2801               	incf	ADC_Inicializa@canal,w,c
   257  007FA4  0800               	sublw	0
   258  007FA6  6E03               	movwf	??_ADC_Inicializa& (0+255),c
   259  007FA8  0E0F               	movlw	15
   260  007FAA  2603               	addwf	??_ADC_Inicializa,f,c
   261  007FAC  50C1               	movf	4033,w,c	;volatile
   262  007FAE  1803               	xorwf	??_ADC_Inicializa,w,c
   263  007FB0  0BF0               	andlw	-16
   264  007FB2  1803               	xorwf	??_ADC_Inicializa,w,c
   265  007FB4  6EC1               	movwf	4033,c	;volatile
   266                           
   267                           ;PicLibs.h: 36: ADCON2bits.ADFM = 1;
   268  007FB6  8EC0               	bsf	4032,7,c	;volatile
   269                           
   270                           ;PicLibs.h: 37: ADCON2bits.ACQT = 0b1111;
   271  007FB8  86C0               	bsf	4032,3,c	;volatile
   272  007FBA  88C0               	bsf	4032,4,c	;volatile
   273  007FBC  8AC0               	bsf	4032,5,c	;volatile
   274                           
   275                           ;PicLibs.h: 38: ADCON2bits.ADCS = 0b000;
   276  007FBE  90C0               	bcf	4032,0,c	;volatile
   277  007FC0  92C0               	bcf	4032,1,c	;volatile
   278  007FC2  94C0               	bcf	4032,2,c	;volatile
   279  007FC4  0012               	return		;funcret
   280  007FC6                     __end_of_ADC_Inicializa:
   281                           	opt stack 0
   282                           status	equ	0xFD8
   283                           
   284 ;; *************** function _ADC_Leitura *****************
   285 ;; Defined at:
   286 ;;		line 44 in file "PicLibs.h"
   287 ;; Parameters:    Size  Location     Type
   288 ;;  canal           2    0[COMRAM] unsigned int 
   289 ;; Auto vars:     Size  Location     Type
   290 ;;		None
   291 ;; Return value:  Size  Location     Type
   292 ;;                  2    0[COMRAM] unsigned int 
   293 ;; Registers used:
   294 ;;		wreg, status,2, status,0
   295 ;; Tracked objects:
   296 ;;		On entry : 0/0
   297 ;;		On exit  : 0/0
   298 ;;		Unchanged: 0/0
   299 ;; Data sizes:     COMRAM   BANK0   BANK1   BANK2   BANK3   BANK4   BANK5   BANK6   BANK7
   300 ;;      Params:         2       0       0       0       0       0       0       0       0
   301 ;;      Locals:         0       0       0       0       0       0       0       0       0
   302 ;;      Temps:          1       0       0       0       0       0       0       0       0
   303 ;;      Totals:         3       0       0       0       0       0       0       0       0
   304 ;;Total ram usage:        3 bytes
   305 ;; Hardware stack levels used:    1
   306 ;; This function calls:
   307 ;;		Nothing
   308 ;; This function is called by:
   309 ;;		_main
   310 ;; This function uses a non-reentrant model
   311 ;;
   312                           
   313                           	psect	text3
   314  007F7A                     __ptext3:
   315                           	opt stack 0
   316  007F7A                     _ADC_Leitura:
   317                           	opt stack 30
   318                           
   319                           ;PicLibs.h: 46: ADCON0bits.CHS = canal;
   320                           
   321                           ;incstack = 0
   322  007F7A  C001  F003         	movff	ADC_Leitura@canal,??_ADC_Leitura
   323  007F7E  4603               	rlncf	??_ADC_Leitura,f,c
   324  007F80  4603               	rlncf	??_ADC_Leitura,f,c
   325  007F82  50C2               	movf	4034,w,c	;volatile
   326  007F84  1803               	xorwf	??_ADC_Leitura,w,c
   327  007F86  0BC3               	andlw	-61
   328  007F88  1803               	xorwf	??_ADC_Leitura,w,c
   329  007F8A  6EC2               	movwf	4034,c	;volatile
   330                           
   331                           ;PicLibs.h: 47: ADCON0bits.ADON = 1;
   332  007F8C  80C2               	bsf	4034,0,c	;volatile
   333                           
   334                           ;PicLibs.h: 48: ADCON0bits.GODONE = 1;
   335  007F8E  82C2               	bsf	4034,1,c	;volatile
   336  007F90                     l20:
   337  007F90  B2C2               	btfsc	4034,1,c	;volatile
   338  007F92  D7FE               	goto	l20
   339                           
   340                           ;PicLibs.h: 50: return(ADRES);
   341  007F94  CFC3 F001          	movff	4035,?_ADC_Leitura	;volatile
   342  007F98  CFC4 F002          	movff	4036,?_ADC_Leitura+1	;volatile
   343  007F9C  0012               	return		;funcret
   344  007F9E                     __end_of_ADC_Leitura:
   345                           	opt stack 0
   346  0000                     status	equ	0xFD8
   347                           status	equ	0xFD8
   348                           
   349                           	psect	rparam
   350  0000                     status	equ	0xFD8


Data Sizes:
    Strings     0
    Constant    0
    Data        0
    BSS         0
    Persistent  0
    Stack       0

Auto Spaces:
    Space          Size  Autos    Used
    COMRAM           95      5       6
    BANK0           160      0       0
    BANK1           256      0       0
    BANK2           256      0       0
    BANK3           256      0       0
    BANK4           256      0       0
    BANK5           256      0       0
    BANK6           256      0       0
    BANK7           256      0       0

Pointer List with Targets:

    None.

Critical Paths under _main in COMRAM

    _main->_ADC_Leitura
    _setup->_ADC_Inicializa

Critical Paths under _main in BANK0

    None.

Critical Paths under _main in BANK1

    None.

Critical Paths under _main in BANK2

    None.

Critical Paths under _main in BANK3

    None.

Critical Paths under _main in BANK4

    None.

Critical Paths under _main in BANK5

    None.

Critical Paths under _main in BANK6

    None.

Critical Paths under _main in BANK7

    None.

Call Graph Tables:

 ---------------------------------------------------------------------------------
 (Depth) Function   	        Calls       Base Space   Used Autos Params    Refs
 ---------------------------------------------------------------------------------
 (0) _main                                                 2     2      0     154
                                              3 COMRAM     2     2      0
                        _ADC_Leitura
                              _setup
 ---------------------------------------------------------------------------------
 (1) _setup                                                0     0      0      65
                     _ADC_Inicializa
 ---------------------------------------------------------------------------------
 (2) _ADC_Inicializa                                       3     1      2      65
                                              0 COMRAM     3     1      2
 ---------------------------------------------------------------------------------
 (1) _ADC_Leitura                                          3     1      2      65
                                              0 COMRAM     3     1      2
 ---------------------------------------------------------------------------------
 Estimated maximum stack depth 2
 ---------------------------------------------------------------------------------

 Call Graph Graphs:

 _main (ROOT)
   _ADC_Leitura
   _setup
     _ADC_Inicializa

 Address spaces:
Name               Size   Autos  Total    Cost      Usage
BIGRAM             7FF      0       0      21        0.0%
EEDATA             100      0       0       0        0.0%
BITBANK7           100      0       0      18        0.0%
BANK7              100      0       0      19        0.0%
BITBANK6           100      0       0      16        0.0%
BANK6              100      0       0      17        0.0%
BITBANK5           100      0       0      14        0.0%
BANK5              100      0       0      15        0.0%
BITBANK4           100      0       0      12        0.0%
BANK4              100      0       0      13        0.0%
BITBANK3           100      0       0      10        0.0%
BANK3              100      0       0      11        0.0%
BITBANK2           100      0       0       8        0.0%
BANK2              100      0       0       9        0.0%
BITBANK1           100      0       0       6        0.0%
BANK1              100      0       0       7        0.0%
BITBANK0            A0      0       0       4        0.0%
BANK0               A0      0       0       5        0.0%
BITCOMRAM           5F      0       1       0        1.1%
COMRAM              5F      5       6       1        6.3%
BITSFR               0      0       0      40        0.0%
SFR                  0      0       0      40        0.0%
STACK                0      0       0       2        0.0%
NULL                 0      0       0       0        0.0%
ABS                  0      0       6      20        0.0%
DATA                 0      0       6       3        0.0%
CODE                 0      0       0       0        0.0%


Microchip Technology PIC18 Macro Assembler V1.38 build -256452561 
Symbol Table                                                                                   Thu Aug 27 20:02:10 2020

                     l20 7F90                       l39 7FFA              __CFG_BOR$ON 000000  
            __CFG_BORV$3 000000             __CFG_CP0$OFF 000000             __CFG_CP1$OFF 000000  
           __CFG_CP2$OFF 000000             __CFG_CP3$OFF 000000              __CFG_LVP$ON 000000  
           __CFG_CPB$OFF 000000             __CFG_CPD$OFF 000000             __CFG_WDT$OFF 000000  
   __size_of_ADC_Leitura 0024                     _main 7FC6                     start 0000  
          __CFG_IESO$OFF 000000            __CFG_MCLRE$ON 000000             ___param_bank 000010  
          __CFG_PLLDIV$5 000000           __CFG_CCP2MX$ON 000000                    ?_main 0001  
                  _ADRES 000FC3                    _LATB7 007C57            __CFG_USBDIV$2 000000  
                  _TRISB 000F93            __CFG_PWRT$OFF 000000            __CFG_WRT0$OFF 000000  
          __CFG_WRT1$OFF 000000            __CFG_WRT2$OFF 000000            __CFG_WRT3$OFF 000000  
         __CFG_EBTR0$OFF 000000           __CFG_FCMEN$OFF 000000           __CFG_EBTR1$OFF 000000  
         __CFG_EBTR2$OFF 000000           __CFG_EBTR3$OFF 000000            __CFG_WRTB$OFF 000000  
          __CFG_WRTC$OFF 000000            __CFG_WRTD$OFF 000000           __CFG_EBTRB$OFF 000000  
                  _setup 7F62           __pbitbssCOMRAM 0030                    status 000FD8  
        __initialization 7F5A             __end_of_main 8000                   ??_main 0004  
          __activetblptr 000000                   ?_setup 0001                   _OSCCON 000FD3  
         __CFG_XINST$OFF 000000           __CFG_STVREN$ON 000000                   _botao1 0030  
             __accesstop 0060  __end_of__initialization 7F5C          __CFG_PBADEN$OFF 000000  
          ___rparam_used 000001           __pcstackCOMRAM 0001            __end_of_setup 7F7A  
                ??_setup 0004  __size_of_ADC_Inicializa 0028            ??_ADC_Leitura 0003  
    ADC_Inicializa@canal 0001          __CFG_VREGEN$OFF 000000                  __Hparam 0000  
                __Lparam 0000                  __pcinit 7F5A                  __ramtop 0800  
                __ptext0 7FC6                  __ptext1 7F62                  __ptext2 7F9E  
                __ptext3 7F7A                  main@pot 0004     end_of_initialization 7F5C  
    __end_of_ADC_Leitura 7F9E         ADC_Leitura@canal 0001           _ADC_Inicializa 7F9E  
    start_initialization 7F5A              _ADC_Leitura 7F7A   __end_of_ADC_Inicializa 7FC6  
       __CFG_LPT1OSC$OFF 000000          ?_ADC_Inicializa 0001           __size_of_setup 0018  
       __CFG_WDTPS$32768 000000               _ADCON0bits 000FC2               _ADCON1bits 000FC1  
             _ADCON2bits 000FC0                 __Hrparam 0000                 __Lrparam 0000  
           ?_ADC_Leitura 0001            __size_of_main 003A    __CFG_CPUDIV$OSC2_PLL3 000000  
       ??_ADC_Inicializa 0003      __CFG_FOSC$INTOSC_HS 000000  
