;  LST file generated by mikroListExporter - v.2.0 
; Date/Time: 23/04/2020 14:35:27
;----------------------------------------------

;Address Opcode 	ASM
0x0000	0x2858      	GOTO       88
_____DoICP:
;__Lib_System.c,6 :: 		
;__Lib_System.c,9 :: 		
0x0003	0x1283      	BCF        STATUS, 5
0x0004	0x1303      	BCF        STATUS, 6
0x0005	0x082F      	MOVF       ___DoICPAddr+1, 0
0x0006	0x008A      	MOVWF      PCLATH
;__Lib_System.c,10 :: 		
0x0007	0x082E      	MOVF       ___DoICPAddr, 0
0x0008	0x0082      	MOVWF      PCL
;__Lib_System.c,12 :: 		
0x0009	0x0008      	RETURN
; end of _____DoICP
_UART1_Write:
;__Lib_UART_c67.c,39 :: 		
;__Lib_UART_c67.c,40 :: 		
L_UART1_Write3:
0x000A	0x1683      	BSF        STATUS, 5
0x000B	0x1303      	BCF        STATUS, 6
0x000C	0x1898      	BTFSC      TXSTA, 1
0x000D	0x2810      	GOTO       L_UART1_Write4
;__Lib_UART_c67.c,41 :: 		
0x000E	0x0000      	NOP
0x000F	0x280A      	GOTO       L_UART1_Write3
L_UART1_Write4:
;__Lib_UART_c67.c,42 :: 		
0x0010	0x1283      	BCF        STATUS, 5
0x0011	0x0834      	MOVF       FARG_UART1_Write_data_, 0
0x0012	0x0099      	MOVWF      TXREG
;__Lib_UART_c67.c,43 :: 		
0x0013	0x0008      	RETURN
; end of _UART1_Write
_UART1_Init:
;__Lib_UART_c67.c,2 :: 		
;__Lib_UART_c67.c,5 :: 		
0x0014	0x1683      	BSF        STATUS, 5
0x0015	0x1303      	BCF        STATUS, 6
0x0016	0x1698      	BSF        TXSTA, 5
;__Lib_UART_c67.c,6 :: 		
0x0017	0x3090      	MOVLW      144
0x0018	0x1283      	BCF        STATUS, 5
0x0019	0x0098      	MOVWF      RCSTA
;__Lib_UART_c67.c,7 :: 		
0x001A	0x1683      	BSF        STATUS, 5
0x001B	0x1787      	BSF        TRISC7_bit, 7
;__Lib_UART_c67.c,8 :: 		
0x001C	0x1307      	BCF        TRISC6_bit, 6
;__Lib_UART_c67.c,10 :: 		
L_UART1_Init0:
0x001D	0x1283      	BCF        STATUS, 5
0x001E	0x1E8C      	BTFSS      PIR1, 5
0x001F	0x2823      	GOTO       L_UART1_Init1
;__Lib_UART_c67.c,11 :: 		
0x0020	0x081A      	MOVF       RCREG, 0
0x0021	0x00F0      	MOVWF      R0
0x0022	0x281D      	GOTO       L_UART1_Init0
L_UART1_Init1:
;__Lib_UART_c67.c,12 :: 		
0x0023	0x0008      	RETURN
; end of _UART1_Init
_UART1_Read:
;__Lib_UART_c67.c,21 :: 		
;__Lib_UART_c67.c,24 :: 		
0x0024	0x1283      	BCF        STATUS, 5
0x0025	0x1303      	BCF        STATUS, 6
0x0026	0x081A      	MOVF       RCREG, 0
0x0027	0x00F1      	MOVWF      R1
;__Lib_UART_c67.c,25 :: 		
0x0028	0x1C98      	BTFSS      RCSTA, 1
0x0029	0x282C      	GOTO       L_UART1_Read2
;__Lib_UART_c67.c,26 :: 		
0x002A	0x1218      	BCF        RCSTA, 4
;__Lib_UART_c67.c,27 :: 		
0x002B	0x1618      	BSF        RCSTA, 4
;__Lib_UART_c67.c,28 :: 		
L_UART1_Read2:
;__Lib_UART_c67.c,29 :: 		
0x002C	0x0871      	MOVF       R1, 0
0x002D	0x00F0      	MOVWF      R0
;__Lib_UART_c67.c,30 :: 		
0x002E	0x0008      	RETURN
; end of _UART1_Read
___CC2DW:
;__Lib_System.c,24 :: 		
;__Lib_System.c,27 :: 		
_CC2D_Loop1:
;__Lib_System.c,29 :: 		
0x002F	0x2003      	CALL       _____DoICP
0x0030	0x118A      	BCF        PCLATH, 3
0x0031	0x120A      	BCF        PCLATH, 4
;__Lib_System.c,31 :: 		
0x0032	0x0080      	MOVWF      INDF
;__Lib_System.c,32 :: 		
0x0033	0x0A84      	INCF       FSR, 1
;__Lib_System.c,33 :: 		
0x0034	0x0AAE      	INCF       ___DoICPAddr, 1
;__Lib_System.c,35 :: 		
0x0035	0x1903      	BTFSC      STATUS, 2
;__Lib_System.c,36 :: 		
0x0036	0x0AAF      	INCF       ___DoICPAddr+1, 1
;__Lib_System.c,37 :: 		
0x0037	0x03F0      	DECF       R0, 1
;__Lib_System.c,39 :: 		
0x0038	0x1D03      	BTFSS      STATUS, 2
;__Lib_System.c,40 :: 		
0x0039	0x282F      	GOTO       _CC2D_Loop1
;__Lib_System.c,42 :: 		
0x003A	0x0008      	RETURN
; end of ___CC2DW
_UART1_Write_Text:
;__Lib_UART_c67.c,47 :: 		
;__Lib_UART_c67.c,48 :: 		
0x003B	0x1283      	BCF        STATUS, 5
0x003C	0x1303      	BCF        STATUS, 6
0x003D	0x01B3      	CLRF       UART1_Write_Text_counter_L0
;__Lib_UART_c67.c,50 :: 		
0x003E	0x0831      	MOVF       FARG_UART1_Write_Text_uart_text, 0
0x003F	0x0084      	MOVWF      FSR
0x0040	0x0800      	MOVF       INDF, 0
0x0041	0x00B2      	MOVWF      UART1_Write_Text_data__L0
;__Lib_UART_c67.c,51 :: 		
L_UART1_Write_Text5:
0x0042	0x0832      	MOVF       UART1_Write_Text_data__L0, 0
0x0043	0x3A00      	XORLW      0
0x0044	0x1903      	BTFSC      STATUS, 2
0x0045	0x2850      	GOTO       L_UART1_Write_Text6
;__Lib_UART_c67.c,52 :: 		
0x0046	0x0832      	MOVF       UART1_Write_Text_data__L0, 0
0x0047	0x00B4      	MOVWF      FARG_UART1_Write_data_
0x0048	0x200A      	CALL       _UART1_Write
;__Lib_UART_c67.c,53 :: 		
0x0049	0x0AB3      	INCF       UART1_Write_Text_counter_L0, 1
;__Lib_UART_c67.c,54 :: 		
0x004A	0x0833      	MOVF       UART1_Write_Text_counter_L0, 0
0x004B	0x0731      	ADDWF      FARG_UART1_Write_Text_uart_text, 0
0x004C	0x0084      	MOVWF      FSR
0x004D	0x0800      	MOVF       INDF, 0
0x004E	0x00B2      	MOVWF      UART1_Write_Text_data__L0
;__Lib_UART_c67.c,55 :: 		
0x004F	0x2842      	GOTO       L_UART1_Write_Text5
L_UART1_Write_Text6:
;__Lib_UART_c67.c,56 :: 		
0x0050	0x0008      	RETURN
; end of _UART1_Write_Text
_UART1_Data_Ready:
;__Lib_UART_c67.c,16 :: 		
;__Lib_UART_c67.c,17 :: 		
0x0051	0x3000      	MOVLW      0
0x0052	0x1283      	BCF        STATUS, 5
0x0053	0x1303      	BCF        STATUS, 6
0x0054	0x1A8C      	BTFSC      PIR1, 5
0x0055	0x3001      	MOVLW      1
0x0056	0x00F0      	MOVWF      R0
;__Lib_UART_c67.c,18 :: 		
0x0057	0x0008      	RETURN
; end of _UART1_Data_Ready
_main:
0x0058	0x3041      	MOVLW      65
0x0059	0x1283      	BCF        STATUS, 5
0x005A	0x1303      	BCF        STATUS, 6
0x005B	0x00A0      	MOVWF      ?lstr2_UartSimples
0x005C	0x306C      	MOVLW      108
0x005D	0x00A1      	MOVWF      33
0x005E	0x3065      	MOVLW      101
0x005F	0x00A2      	MOVWF      34
0x0060	0x3072      	MOVLW      114
0x0061	0x00A3      	MOVWF      35
0x0062	0x3074      	MOVLW      116
0x0063	0x00A4      	MOVWF      36
0x0064	0x3061      	MOVLW      97
0x0065	0x00A5      	MOVWF      37
0x0066	0x3021      	MOVLW      33
0x0067	0x00A6      	MOVWF      38
0x0068	0x01A7      	CLRF       39
0x0069	0x3053      	MOVLW      83
0x006A	0x00A8      	MOVWF      ?lstr1_UartSimples
0x006B	0x3074      	MOVLW      116
0x006C	0x00A9      	MOVWF      41
0x006D	0x3061      	MOVLW      97
0x006E	0x00AA      	MOVWF      42
0x006F	0x3072      	MOVLW      114
0x0070	0x00AB      	MOVWF      43
0x0071	0x3074      	MOVLW      116
0x0072	0x00AC      	MOVWF      44
0x0073	0x01AD      	CLRF       45
;UartSimples.c,8 :: 		void main() {
;UartSimples.c,10 :: 		CMCON = 0x07; // Desabilita os comparadores internos
0x0074	0x3007      	MOVLW      7
0x0075	0x1683      	BSF        STATUS, 5
0x0076	0x009C      	MOVWF      CMCON
;UartSimples.c,11 :: 		ADCON0 = 0x00; // Desabilita os comparador AD internos
0x0077	0x1283      	BCF        STATUS, 5
0x0078	0x019F      	CLRF       ADCON0
;UartSimples.c,12 :: 		ADCON1 = 0x06; // Torna todo o ADC digital
0x0079	0x3006      	MOVLW      6
0x007A	0x1683      	BSF        STATUS, 5
0x007B	0x009F      	MOVWF      ADCON1
;UartSimples.c,14 :: 		TRISB = 0x80; // Ou 0b10000000 Torna RB7 uma entrada digital
0x007C	0x3080      	MOVLW      128
0x007D	0x0086      	MOVWF      TRISB
;UartSimples.c,15 :: 		PORTB = 0x00; // Inicia todo o portb em nível baixo
0x007E	0x1283      	BCF        STATUS, 5
0x007F	0x0186      	CLRF       PORTB
;UartSimples.c,18 :: 		UART1_Init(9600);               // Initialize UART module at 9600 bps
0x0080	0x3081      	MOVLW      129
0x0081	0x1683      	BSF        STATUS, 5
0x0082	0x0099      	MOVWF      SPBRG
0x0083	0x1518      	BSF        TXSTA, 2
0x0084	0x2014      	CALL       _UART1_Init
;UartSimples.c,19 :: 		delay_ms(150);                  // Wait for UART module to stabilize
0x0085	0x3004      	MOVLW      4
0x0086	0x00FB      	MOVWF      R11
0x0087	0x30CF      	MOVLW      207
0x0088	0x00FC      	MOVWF      R12
0x0089	0x3001      	MOVLW      1
0x008A	0x00FD      	MOVWF      R13
L_main0:
0x008B	0x0BFD      	DECFSZ     R13, 1
0x008C	0x288B      	GOTO       L_main0
0x008D	0x0BFC      	DECFSZ     R12, 1
0x008E	0x288B      	GOTO       L_main0
0x008F	0x0BFB      	DECFSZ     R11, 1
0x0090	0x288B      	GOTO       L_main0
0x0091	0x0000      	NOP
0x0092	0x0000      	NOP
;UartSimples.c,21 :: 		UART1_Write_Text("Start"); // Escreve o texto start
0x0093	0x3028      	MOVLW      ?lstr1_UartSimples
0x0094	0x00B1      	MOVWF      FARG_UART1_Write_Text_uart_text
0x0095	0x203B      	CALL       _UART1_Write_Text
;UartSimples.c,22 :: 		UART1_Write(10); // O 10, na tabela ASCII, representa realimentação de linha, isto é, permite que se escreva mais
0x0096	0x300A      	MOVLW      10
0x0097	0x00B4      	MOVWF      FARG_UART1_Write_data_
0x0098	0x200A      	CALL       _UART1_Write
;UartSimples.c,23 :: 		UART1_Write(13); // O 13, na tabela ASCII, representa a quebra de linha, ou o enter. Assim, este comando quebra a linha
0x0099	0x300D      	MOVLW      13
0x009A	0x00B4      	MOVWF      FARG_UART1_Write_data_
0x009B	0x200A      	CALL       _UART1_Write
;UartSimples.c,25 :: 		while (1) {                    // Endless loop
L_main1:
;UartSimples.c,26 :: 		if (UART1_Data_Ready()) {     // If data is received,
0x009C	0x2051      	CALL       _UART1_Data_Ready
0x009D	0x0870      	MOVF       R0, 0
0x009E	0x1903      	BTFSC      STATUS, 2
0x009F	0x28CB      	GOTO       L_main3
;UartSimples.c,27 :: 		uart_rd = UART1_Read();     // read the received data,
0x00A0	0x2024      	CALL       _UART1_Read
0x00A1	0x0870      	MOVF       R0, 0
0x00A2	0x00B0      	MOVWF      _uart_rd
;UartSimples.c,28 :: 		UART1_Write(uart_rd);       // and send data via UART
0x00A3	0x0870      	MOVF       R0, 0
0x00A4	0x00B4      	MOVWF      FARG_UART1_Write_data_
0x00A5	0x200A      	CALL       _UART1_Write
;UartSimples.c,31 :: 		switch(uart_rd){
0x00A6	0x28B3      	GOTO       L_main4
;UartSimples.c,32 :: 		case 'b': azul = 0x01;
L_main6:
0x00A7	0x1406      	BSF        RB0_bit, 0
;UartSimples.c,33 :: 		break;
0x00A8	0x28CB      	GOTO       L_main5
;UartSimples.c,34 :: 		case 'v': azul = 0x00;
L_main7:
0x00A9	0x1006      	BCF        RB0_bit, 0
;UartSimples.c,35 :: 		break;
0x00AA	0x28CB      	GOTO       L_main5
;UartSimples.c,36 :: 		case 'y': amarelo = 0x01;
L_main8:
0x00AB	0x1486      	BSF        RB1_bit, 1
;UartSimples.c,37 :: 		break;
0x00AC	0x28CB      	GOTO       L_main5
;UartSimples.c,38 :: 		case 't': amarelo = 0x00;
L_main9:
0x00AD	0x1086      	BCF        RB1_bit, 1
;UartSimples.c,39 :: 		break;
0x00AE	0x28CB      	GOTO       L_main5
;UartSimples.c,40 :: 		case 'g': verde = 0x01;
L_main10:
0x00AF	0x1506      	BSF        RB2_bit, 2
;UartSimples.c,41 :: 		break;
0x00B0	0x28CB      	GOTO       L_main5
;UartSimples.c,42 :: 		case 'f': verde = 0x00;
L_main11:
0x00B1	0x1106      	BCF        RB2_bit, 2
;UartSimples.c,43 :: 		break;
0x00B2	0x28CB      	GOTO       L_main5
;UartSimples.c,44 :: 		}
L_main4:
0x00B3	0x0830      	MOVF       _uart_rd, 0
0x00B4	0x3A62      	XORLW      98
0x00B5	0x1903      	BTFSC      STATUS, 2
0x00B6	0x28A7      	GOTO       L_main6
0x00B7	0x0830      	MOVF       _uart_rd, 0
0x00B8	0x3A76      	XORLW      118
0x00B9	0x1903      	BTFSC      STATUS, 2
0x00BA	0x28A9      	GOTO       L_main7
0x00BB	0x0830      	MOVF       _uart_rd, 0
0x00BC	0x3A79      	XORLW      121
0x00BD	0x1903      	BTFSC      STATUS, 2
0x00BE	0x28AB      	GOTO       L_main8
0x00BF	0x0830      	MOVF       _uart_rd, 0
0x00C0	0x3A74      	XORLW      116
0x00C1	0x1903      	BTFSC      STATUS, 2
0x00C2	0x28AD      	GOTO       L_main9
0x00C3	0x0830      	MOVF       _uart_rd, 0
0x00C4	0x3A67      	XORLW      103
0x00C5	0x1903      	BTFSC      STATUS, 2
0x00C6	0x28AF      	GOTO       L_main10
0x00C7	0x0830      	MOVF       _uart_rd, 0
0x00C8	0x3A66      	XORLW      102
0x00C9	0x1903      	BTFSC      STATUS, 2
0x00CA	0x28B1      	GOTO       L_main11
L_main5:
;UartSimples.c,45 :: 		}
L_main3:
;UartSimples.c,47 :: 		if(botao){
0x00CB	0x1F86      	BTFSS      RB7_bit, 7
0x00CC	0x28D6      	GOTO       L_main12
;UartSimples.c,48 :: 		UART1_Write_Text("Alerta!"); // Escreve o texto Alerta!
0x00CD	0x3020      	MOVLW      ?lstr2_UartSimples
0x00CE	0x00B1      	MOVWF      FARG_UART1_Write_Text_uart_text
0x00CF	0x203B      	CALL       _UART1_Write_Text
;UartSimples.c,49 :: 		UART1_Write(10); // Realimentação da linha
0x00D0	0x300A      	MOVLW      10
0x00D1	0x00B4      	MOVWF      FARG_UART1_Write_data_
0x00D2	0x200A      	CALL       _UART1_Write
;UartSimples.c,50 :: 		UART1_Write(13); // Quebra da linha
0x00D3	0x300D      	MOVLW      13
0x00D4	0x00B4      	MOVWF      FARG_UART1_Write_data_
0x00D5	0x200A      	CALL       _UART1_Write
;UartSimples.c,51 :: 		}
L_main12:
;UartSimples.c,52 :: 		}
0x00D6	0x289C      	GOTO       L_main1
;UartSimples.c,53 :: 		}
0x00D7	0x28D7      	GOTO       $+0
; end of _main
Symbol List:
//** Routines locations **
//ADDRESS    SIZE    PROCEDURE
//----------------------------------------------
0x0003       [7]    _____DoICP
0x000A      [10]    _UART1_Write
0x0014      [16]    _UART1_Init
0x0024      [11]    _UART1_Read
0x002F      [12]    ___CC2DW
0x003B      [22]    _UART1_Write_Text
0x0051       [7]    _UART1_Data_Ready
0x0058     [128]    _main
//** Variables locations ** 
//ADDRESS    SIZE    VARIABLE
//----------------------------------------------
0x0000       [1]    INDF
0x0001       [1]    TMR0
0x0002       [1]    PCL
0x0003       [0]    DC_bit
0x0003       [0]    Z_bit
0x0003       [0]    C_bit
0x0003       [1]    STATUS
0x0003       [0]    RP1_bit
0x0003       [0]    IRP_bit
0x0003       [0]    RP0_bit
0x0003       [0]    NOT_PD_bit
0x0003       [0]    NOT_TO_bit
0x0004       [1]    FSR
0x0004       [1]    FSRPTR
0x0005       [0]    RA5_bit
0x0005       [1]    PORTA
0x0005       [0]    RA0_bit
0x0005       [0]    RA1_bit
0x0005       [0]    RA3_bit
0x0005       [0]    RA2_bit
0x0005       [0]    RA4_bit
0x0006       [0]    RB3_bit
0x0006       [0]    RB4_bit
0x0006       [0]    RB0_bit
0x0006       [0]    RB1_bit
0x0006       [0]    RB2_bit
0x0006       [0]    RB6_bit
0x0006       [1]    PORTB
0x0006       [0]    RB7_bit
0x0006       [0]    RB5_bit
0x0007       [1]    PORTC
0x0007       [0]    RC1_bit
0x0007       [0]    RC0_bit
0x0007       [0]    RC2_bit
0x0007       [0]    RC5_bit
0x0007       [0]    RC6_bit
0x0007       [0]    RC7_bit
0x0007       [0]    RC4_bit
0x0007       [0]    RC3_bit
0x0008       [1]    PORTD
0x0008       [0]    RD6_bit
0x0008       [0]    RD0_bit
0x0008       [0]    RD1_bit
0x0008       [0]    RD2_bit
0x0008       [0]    RD3_bit
0x0008       [0]    RD4_bit
0x0008       [0]    RD5_bit
0x0008       [0]    RD7_bit
0x0009       [0]    RE1_bit
0x0009       [0]    RE0_bit
0x0009       [1]    PORTE
0x0009       [0]    RE2_bit
0x000A       [1]    PCLATH
0x000B       [0]    INTE_bit
0x000B       [0]    TMR0IE_bit
0x000B       [0]    PEIE_bit
0x000B       [0]    T0IE_bit
0x000B       [0]    INTF_bit
0x000B       [0]    RBIF_bit
0x000B       [1]    INTCON
0x000B       [0]    RBIE_bit
0x000B       [0]    T0IF_bit
0x000B       [0]    TMR0IF_bit
0x000B       [0]    GIE_bit
0x000C       [0]    CCP1IF_bit
0x000C       [1]    PIR1
0x000C       [0]    ADIF_bit
0x000C       [0]    TMR1IF_bit
0x000C       [0]    TMR2IF_bit
0x000C       [0]    RCIF_bit
0x000C       [0]    TXIF_bit
0x000C       [0]    PSPIF_bit
0x000C       [0]    SSPIF_bit
0x000D       [0]    CMIF_bit
0x000D       [1]    PIR2
0x000D       [0]    EEIF_bit
0x000D       [0]    BCLIF_bit
0x000D       [0]    CCP2IF_bit
0x000E       [1]    TMR1L
0x000F       [1]    TMR1H
0x0010       [0]    T1OSCEN_bit
0x0010       [0]    TMR1ON_bit
0x0010       [1]    T1CON
0x0010       [0]    NOT_T1SYNC_bit
0x0010       [0]    T1CKPS0_bit
0x0010       [0]    T1INSYNC_bit
0x0010       [0]    T1SYNC_bit
0x0010       [0]    T1CKPS1_bit
0x0010       [0]    TMR1CS_bit
0x0011       [1]    TMR2
0x0012       [0]    TOUTPS3_bit
0x0012       [0]    TMR2ON_bit
0x0012       [0]    T2CKPS1_bit
0x0012       [0]    T2CKPS0_bit
0x0012       [0]    TOUTPS0_bit
0x0012       [1]    T2CON
0x0012       [0]    TOUTPS2_bit
0x0012       [0]    TOUTPS1_bit
0x0013       [1]    SSPBUF
0x0014       [0]    SSPM2_bit
0x0014       [0]    SSPM3_bit
0x0014       [0]    SSPM0_bit
0x0014       [0]    SSPM1_bit
0x0014       [0]    CKP_bit
0x0014       [0]    WCOL_bit
0x0014       [0]    SSPEN_bit
0x0014       [0]    SSPOV_bit
0x0014       [1]    SSPCON
0x0015       [2]    CCPR1
0x0015       [1]    CCPR1L
0x0016       [1]    CCPR1H
0x0017       [0]    CCP1M2_bit
0x0017       [0]    CCP1M3_bit
0x0017       [0]    CCP1X_bit
0x0017       [0]    CCP1M1_bit
0x0017       [0]    CCP1M0_bit
0x0017       [0]    CCP1Y_bit
0x0017       [1]    CCP1CON
0x0018       [0]    RC8_9_bit
0x0018       [0]    SPEN_bit
0x0018       [0]    NOT_RC8_bit
0x0018       [0]    RC9_bit
0x0018       [0]    RX9_bit
0x0018       [0]    RX9D_bit
0x0018       [0]    OERR_bit
0x0018       [1]    RCSTA
0x0018       [0]    RCD8_bit
0x0018       [0]    CREN_bit
0x0018       [0]    SREN_bit
0x0018       [0]    FERR_bit
0x0018       [0]    ADDEN_bit
0x0019       [1]    TXREG
0x001A       [1]    RCREG
0x001B       [1]    CCPR2L
0x001B       [2]    CCPR2
0x001C       [1]    CCPR2H
0x001D       [0]    CCP2M2_bit
0x001D       [1]    CCP2CON
0x001D       [0]    CCP2M1_bit
0x001D       [0]    CCP2Y_bit
0x001D       [0]    CCP2M3_bit
0x001D       [0]    CCP2X_bit
0x001D       [0]    CCP2M0_bit
0x001E       [1]    ADRESH
0x001F       [0]    CHS2_bit
0x001F       [0]    CHS1_bit
0x001F       [0]    ADCS1_bit
0x001F       [0]    ADCS0_bit
0x001F       [0]    GO_DONE_bit
0x001F       [0]    NOT_DONE_bit
0x001F       [0]    CHS0_bit
0x001F       [1]    ADCON0
0x001F       [0]    ADON_bit
0x001F       [0]    GO_bit
0x0020       [8]    ?lstr2_UartSimples
0x0028       [6]    ?lstr1_UartSimples
0x002E       [2]    ___DoICPAddr
0x0030       [1]    _uart_rd
0x0031       [1]    FARG_UART1_Write_Text_uart_text
0x0032       [1]    UART1_Write_Text_data__L0
0x0033       [1]    UART1_Write_Text_counter_L0
0x0034       [1]    FARG_UART1_Write_data_
0x0070       [1]    R0
0x0071       [1]    R1
0x0072       [1]    R2
0x0073       [1]    R3
0x0074       [1]    R4
0x0075       [1]    R5
0x0076       [1]    R6
0x0077       [1]    R7
0x0078       [1]    R8
0x0079       [1]    R9
0x007A       [1]    R10
0x007B       [1]    R11
0x007C       [1]    R12
0x007D       [1]    R13
0x007E       [1]    R14
0x007F       [1]    R15
0x0081       [0]    T0SE_bit
0x0081       [0]    NOT_RBPU_bit
0x0081       [0]    PSA_bit
0x0081       [0]    PS2_bit
0x0081       [0]    PS1_bit
0x0081       [0]    PS0_bit
0x0081       [0]    INTEDG_bit
0x0081       [1]    OPTION_REG
0x0081       [0]    T0CS_bit
0x0085       [0]    TRISA1_bit
0x0085       [1]    TRISA
0x0085       [0]    TRISA4_bit
0x0085       [0]    TRISA3_bit
0x0085       [0]    TRISA2_bit
0x0085       [0]    TRISA5_bit
0x0085       [0]    TRISA0_bit
0x0086       [0]    TRISB2_bit
0x0086       [0]    TRISB7_bit
0x0086       [0]    TRISB0_bit
0x0086       [0]    TRISB1_bit
0x0086       [1]    TRISB
0x0086       [0]    TRISB6_bit
0x0086       [0]    TRISB5_bit
0x0086       [0]    TRISB4_bit
0x0086       [0]    TRISB3_bit
0x0087       [0]    TRISC5_bit
0x0087       [0]    TRISC3_bit
0x0087       [0]    TRISC0_bit
0x0087       [0]    TRISC1_bit
0x0087       [0]    TRISC2_bit
0x0087       [0]    TRISC4_bit
0x0087       [0]    TRISC6_bit
0x0087       [1]    TRISC
0x0087       [0]    TRISC7_bit
0x0088       [0]    TRISD5_bit
0x0088       [0]    TRISD6_bit
0x0088       [1]    TRISD
0x0088       [0]    TRISD7_bit
0x0088       [0]    TRISD1_bit
0x0088       [0]    TRISD0_bit
0x0088       [0]    TRISD2_bit
0x0088       [0]    TRISD4_bit
0x0088       [0]    TRISD3_bit
0x0089       [0]    PSPMODE_bit
0x0089       [1]    TRISE
0x0089       [0]    PSPMODE_TRISE_bit
0x0089       [0]    IBF_bit
0x0089       [0]    IBOV_TRISE_bit
0x0089       [0]    OBF_TRISE_bit
0x0089       [0]    IBF_TRISE_bit
0x0089       [0]    TRISE0_bit
0x0089       [0]    TRISE2_bit
0x0089       [0]    TRISE1_bit
0x0089       [0]    OBF_bit
0x0089       [0]    IBOV_bit
0x008C       [0]    PSPIE_bit
0x008C       [0]    TMR2IE_bit
0x008C       [0]    CCP1IE_bit
0x008C       [0]    TXIE_bit
0x008C       [0]    SSPIE_bit
0x008C       [1]    PIE1
0x008C       [0]    ADIE_bit
0x008C       [0]    RCIE_bit
0x008C       [0]    TMR1IE_bit
0x008D       [0]    BCLIE_bit
0x008D       [0]    CCP2IE_bit
0x008D       [0]    EEIE_bit
0x008D       [1]    PIE2
0x008D       [0]    CMIE_bit
0x008E       [1]    PCON
0x008E       [0]    NOT_BOR_bit
0x008E       [0]    NOT_BO_bit
0x008E       [0]    NOT_POR_bit
0x0091       [0]    RCEN_bit
0x0091       [0]    ACKEN_bit
0x0091       [0]    PEN_bit
0x0091       [0]    SEN_bit
0x0091       [0]    RSEN_bit
0x0091       [0]    ACKDT_bit
0x0091       [1]    SSPCON2
0x0091       [0]    GCEN_bit
0x0091       [0]    ACKSTAT_bit
0x0092       [1]    PR2
0x0093       [1]    SSPADD
0x0094       [0]    I2C_READ_bit
0x0094       [0]    NOT_W_bit
0x0094       [0]    R_bit
0x0094       [0]    I2C_START__bit
0x0094       [0]    S_bit
0x0094       [0]    NOT_WRITE_bit
0x0094       [1]    SSPSTAT
0x0094       [0]    BF_bit
0x0094       [0]    UA_bit
0x0094       [0]    R_W_bit
0x0094       [0]    READ_WRITE_bit
0x0094       [0]    I2C_STOP__bit
0x0094       [0]    D_bit
0x0094       [0]    I2C_DATA_bit
0x0094       [0]    SMP_bit
0x0094       [0]    CKE_bit
0x0094       [0]    NOT_A_bit
0x0094       [0]    DATA_ADDRESS_bit
0x0094       [0]    P_bit
0x0094       [0]    NOT_ADDRESS_bit
0x0094       [0]    D_A_bit
0x0098       [0]    TRMT_bit
0x0098       [0]    BRGH_bit
0x0098       [0]    SYNC_bit
0x0098       [1]    TXSTA
0x0098       [0]    TXD8_bit
0x0098       [0]    TX9D_bit
0x0098       [0]    TX9_bit
0x0098       [0]    CSRC_bit
0x0098       [0]    NOT_TX8_bit
0x0098       [0]    TXEN_bit
0x0098       [0]    TX8_9_bit
0x0099       [1]    SPBRG
0x009C       [0]    CM1_bit
0x009C       [0]    CM2_bit
0x009C       [1]    CMCON
0x009C       [0]    CM0_bit
0x009C       [0]    C2OUT_bit
0x009C       [0]    C1OUT_bit
0x009C       [0]    C2INV_bit
0x009C       [0]    CIS_bit
0x009C       [0]    C1INV_bit
0x009D       [0]    CVR1_bit
0x009D       [0]    CVR0_bit
0x009D       [1]    CVRCON
0x009D       [0]    CVRR_bit
0x009D       [0]    CVROE_bit
0x009D       [0]    CVREN_bit
0x009D       [0]    CVR2_bit
0x009D       [0]    CVR3_bit
0x009E       [1]    ADRESL
0x009F       [0]    PCFG3_bit
0x009F       [0]    ADCS2_bit
0x009F       [0]    ADFM_bit
0x009F       [0]    PCFG0_bit
0x009F       [0]    PCFG1_bit
0x009F       [0]    PCFG2_bit
0x009F       [1]    ADCON1
0x010C       [1]    EEDATA
0x010D       [1]    EEADR
0x010E       [1]    EEDATH
0x010F       [1]    EEADRH
0x018C       [0]    WRERR_bit
0x018C       [0]    WREN_bit
0x018C       [0]    WR_bit
0x018C       [1]    EECON1
0x018C       [0]    RD_bit
0x018C       [0]    EEPGD_bit
0x018D       [1]    EECON2
//** Label List: ** 
//----------------------------------------------
  L_main0
  L_main1
  L_main2
  L_main3
  L_main4
  L_main5
  L_main6
  L_main7
  L_main8
  L_main9
  L_main10
  L_main11
  L_main12
  _main
  _CC2D_Loop1
  _____DoICP
  _____DoIFC
  ___CC2DW
  _Swap
  L_UART1_Init0
  L_UART1_Init1
  L_UART1_Read2
  L_UART1_Write3
  L_UART1_Write4
  L_UART1_Write_Text5
  L_UART1_Write_Text6
  L_UART1_Read_Text7
  L_UART1_Read_Text8
  L_UART1_Read_Text9
  L_UART1_Read_Text10
  L_UART1_Read_Text11
  L_UART1_Read_Text12
  L_UART1_Read_Text13
  L_UART1_Read_Text14
  L_UART1_Read_Text15
  _UART1_Init
  _UART1_Data_Ready
  _UART1_Read
  _UART1_Tx_Idle
  _UART1_Write
  _UART1_Write_Text
  _UART1_Read_Text
