;  LST file generated by mikroListExporter - v.2.0 
; Date/Time: 27/04/2020 11:36:01
;----------------------------------------------

;Address Opcode 	ASM
0x0000	0x2966      	GOTO       358
_Mul_16x16_U:
;__Lib_Math.c,136 :: 		
;__Lib_Math.c,143 :: 		
0x0003	0x1283      	BCF        STATUS, 5
;__Lib_Math.c,144 :: 		
0x0004	0x1303      	BCF        STATUS, 6
;__Lib_Math.c,145 :: 		
0x0005	0x01FB      	CLRF       R11
;__Lib_Math.c,146 :: 		
0x0006	0x01FA      	CLRF       R10
;__Lib_Math.c,147 :: 		
0x0007	0x01F9      	CLRF       R9
;__Lib_Math.c,148 :: 		
0x0008	0x3080      	MOVLW      128
;__Lib_Math.c,149 :: 		
0x0009	0x00F8      	MOVWF      R8
;__Lib_Math.c,150 :: 		
0x000A	0x0CF1      	RRF        R1, 1
;__Lib_Math.c,151 :: 		
0x000B	0x0CF0      	RRF        R0, 1
;__Lib_Math.c,152 :: 		
0x000C	0x1C03      	BTFSS      STATUS, 0
;__Lib_Math.c,153 :: 		
0x000D	0x2817      	GOTO       $+10
;__Lib_Math.c,154 :: 		
0x000E	0x0874      	MOVF       R4, 0
;__Lib_Math.c,155 :: 		
0x000F	0x07F9      	ADDWF      R9, 1
;__Lib_Math.c,156 :: 		
0x0010	0x0875      	MOVF       R5, 0
;__Lib_Math.c,157 :: 		
0x0011	0x1803      	BTFSC      STATUS, 0
;__Lib_Math.c,158 :: 		
0x0012	0x0F75      	INCFSZ     R5, 0
;__Lib_Math.c,159 :: 		
0x0013	0x07FA      	ADDWF      R10, 1
;__Lib_Math.c,160 :: 		
0x0014	0x1803      	BTFSC      STATUS, 0
;__Lib_Math.c,161 :: 		
0x0015	0x0AFB      	INCF       R11, 1
;__Lib_Math.c,162 :: 		
0x0016	0x1003      	BCF        STATUS, 0
;__Lib_Math.c,163 :: 		
0x0017	0x1FF0      	BTFSS      R0, 7
;__Lib_Math.c,164 :: 		
0x0018	0x281F      	GOTO       $+7
;__Lib_Math.c,165 :: 		
0x0019	0x0874      	MOVF       R4, 0
;__Lib_Math.c,166 :: 		
0x001A	0x07FA      	ADDWF      R10, 1
;__Lib_Math.c,167 :: 		
0x001B	0x0875      	MOVF       R5, 0
;__Lib_Math.c,168 :: 		
0x001C	0x1803      	BTFSC      STATUS, 0
;__Lib_Math.c,169 :: 		
0x001D	0x0F75      	INCFSZ     R5, 0
;__Lib_Math.c,170 :: 		
0x001E	0x07FB      	ADDWF      R11, 1
;__Lib_Math.c,171 :: 		
0x001F	0x0CFB      	RRF        R11, 1
;__Lib_Math.c,172 :: 		
0x0020	0x0CFA      	RRF        R10, 1
;__Lib_Math.c,173 :: 		
0x0021	0x0CF9      	RRF        R9, 1
;__Lib_Math.c,174 :: 		
0x0022	0x0CF8      	RRF        R8, 1
;__Lib_Math.c,175 :: 		
0x0023	0x1C03      	BTFSS      STATUS, 0
;__Lib_Math.c,176 :: 		
0x0024	0x280A      	GOTO       $-26
;__Lib_Math.c,177 :: 		
0x0025	0x087B      	MOVF       R11, 0
;__Lib_Math.c,178 :: 		
0x0026	0x00F3      	MOVWF      R3
;__Lib_Math.c,179 :: 		
0x0027	0x087A      	MOVF       R10, 0
;__Lib_Math.c,180 :: 		
0x0028	0x00F2      	MOVWF      R2
;__Lib_Math.c,181 :: 		
0x0029	0x0879      	MOVF       R9, 0
;__Lib_Math.c,182 :: 		
0x002A	0x00F1      	MOVWF      R1
;__Lib_Math.c,183 :: 		
0x002B	0x0878      	MOVF       R8, 0
;__Lib_Math.c,184 :: 		
0x002C	0x00F0      	MOVWF      R0
;__Lib_Math.c,187 :: 		
0x002D	0x0008      	RETURN
; end of _Mul_16x16_U
_Delay_22us:
;__Lib_Delays.c,15 :: 		void Delay_22us() {
;__Lib_Delays.c,16 :: 		Delay_us(22);
0x002E	0x3015      	MOVLW      21
0x002F	0x1283      	BCF        STATUS, 5
0x0030	0x1303      	BCF        STATUS, 6
0x0031	0x00FD      	MOVWF      R13
L_Delay_22us1:
0x0032	0x0BFD      	DECFSZ     R13, 1
0x0033	0x2832      	GOTO       L_Delay_22us1
0x0034	0x0000      	NOP
0x0035	0x0000      	NOP
;__Lib_Delays.c,17 :: 		}
0x0036	0x0008      	RETURN
; end of _Delay_22us
_____DoICP:
;__Lib_System.c,6 :: 		
;__Lib_System.c,9 :: 		
0x0037	0x1283      	BCF        STATUS, 5
0x0038	0x1303      	BCF        STATUS, 6
0x0039	0x0824      	MOVF       ___DoICPAddr+1, 0
0x003A	0x008A      	MOVWF      PCLATH
;__Lib_System.c,10 :: 		
0x003B	0x0823      	MOVF       ___DoICPAddr, 0
0x003C	0x0082      	MOVWF      PCL
;__Lib_System.c,12 :: 		
0x003D	0x0008      	RETURN
; end of _____DoICP
_Div_16x16_S_L:
;__Lib_Math.c,420 :: 		
;__Lib_Math.c,426 :: 		
0x003E	0x0D71      	RLF        R1, 0
;__Lib_Math.c,427 :: 		
0x003F	0x0DF8      	RLF        R8, 1
;__Lib_Math.c,428 :: 		
0x0040	0x0DF9      	RLF        R9, 1
;__Lib_Math.c,429 :: 		
0x0041	0x0874      	MOVF       R4, 0
;__Lib_Math.c,430 :: 		
0x0042	0x02F8      	SUBWF      R8, 1
;__Lib_Math.c,431 :: 		
0x0043	0x0875      	MOVF       R5, 0
;__Lib_Math.c,432 :: 		
0x0044	0x1C03      	BTFSS      STATUS, 0
;__Lib_Math.c,433 :: 		
0x0045	0x0F75      	INCFSZ     R5, 0
;__Lib_Math.c,434 :: 		
0x0046	0x02F9      	SUBWF      R9, 1
;__Lib_Math.c,435 :: 		
0x0047	0x0DF0      	RLF        R0, 1
;__Lib_Math.c,436 :: 		
0x0048	0x0DF1      	RLF        R1, 1
;__Lib_Math.c,438 :: 		
0x0049	0x300F      	MOVLW      15
;__Lib_Math.c,439 :: 		
0x004A	0x00FC      	MOVWF      R12
;__Lib_Math.c,441 :: 		
0x004B	0x0D71      	RLF        R1, 0
;__Lib_Math.c,442 :: 		
0x004C	0x0DF8      	RLF        R8, 1
;__Lib_Math.c,443 :: 		
0x004D	0x0DF9      	RLF        R9, 1
;__Lib_Math.c,444 :: 		
0x004E	0x0874      	MOVF       R4, 0
;__Lib_Math.c,446 :: 		
0x004F	0x1C70      	BTFSS      R0, 0
;__Lib_Math.c,447 :: 		
0x0050	0x2857      	GOTO       $+7
;__Lib_Math.c,448 :: 		
0x0051	0x02F8      	SUBWF      R8, 1
;__Lib_Math.c,449 :: 		
0x0052	0x0875      	MOVF       R5, 0
;__Lib_Math.c,450 :: 		
0x0053	0x1C03      	BTFSS      STATUS, 0
;__Lib_Math.c,451 :: 		
0x0054	0x0F75      	INCFSZ     R5, 0
;__Lib_Math.c,452 :: 		
0x0055	0x02F9      	SUBWF      R9, 1
;__Lib_Math.c,453 :: 		
0x0056	0x285C      	GOTO       $+6
;__Lib_Math.c,455 :: 		
0x0057	0x07F8      	ADDWF      R8, 1
;__Lib_Math.c,456 :: 		
0x0058	0x0875      	MOVF       R5, 0
;__Lib_Math.c,457 :: 		
0x0059	0x1803      	BTFSC      STATUS, 0
;__Lib_Math.c,458 :: 		
0x005A	0x0F75      	INCFSZ     R5, 0
;__Lib_Math.c,459 :: 		
0x005B	0x07F9      	ADDWF      R9, 1
;__Lib_Math.c,461 :: 		
0x005C	0x0DF0      	RLF        R0, 1
;__Lib_Math.c,462 :: 		
0x005D	0x0DF1      	RLF        R1, 1
;__Lib_Math.c,464 :: 		
0x005E	0x0BFC      	DECFSZ     R12, 1
;__Lib_Math.c,465 :: 		
0x005F	0x284B      	GOTO       $-20
;__Lib_Math.c,467 :: 		
0x0060	0x1870      	BTFSC      R0, 0
;__Lib_Math.c,468 :: 		
0x0061	0x2868      	GOTO       $+7
;__Lib_Math.c,469 :: 		
0x0062	0x0874      	MOVF       R4, 0
;__Lib_Math.c,470 :: 		
0x0063	0x07F8      	ADDWF      R8, 1
;__Lib_Math.c,471 :: 		
0x0064	0x0875      	MOVF       R5, 0
;__Lib_Math.c,472 :: 		
0x0065	0x1803      	BTFSC      STATUS, 0
;__Lib_Math.c,473 :: 		
0x0066	0x0F75      	INCFSZ     R5, 0
;__Lib_Math.c,474 :: 		
0x0067	0x07F9      	ADDWF      R9, 1
;__Lib_Math.c,475 :: 		
0x0068	0x0000      	NOP
;__Lib_Math.c,477 :: 		
0x0069	0x0008      	RETURN
; end of _Div_16x16_S_L
_PWM1_Start:
;__Lib_PWM_c21.c,51 :: 		
;__Lib_PWM_c21.c,52 :: 		
0x006A	0x1683      	BSF        STATUS, 5
0x006B	0x1303      	BCF        STATUS, 6
0x006C	0x1107      	BCF        TRISC2_bit, 2
;__Lib_PWM_c21.c,53 :: 		
0x006D	0x1283      	BCF        STATUS, 5
0x006E	0x1512      	BSF        T2CON, 2
;__Lib_PWM_c21.c,54 :: 		
0x006F	0x300C      	MOVLW      12
0x0070	0x0497      	IORWF      CCP1CON, 1
;__Lib_PWM_c21.c,55 :: 		
0x0071	0x0008      	RETURN
; end of _PWM1_Start
_Div_16x16_S:
;__Lib_Math.c,479 :: 		
;__Lib_Math.c,487 :: 		
0x0072	0x1283      	BCF        STATUS, 5
0x0073	0x1303      	BCF        STATUS, 6
0x0074	0x0874      	MOVF       R4, 0
0x0075	0x3A00      	XORLW      0
0x0076	0x1D03      	BTFSS      STATUS, 2
0x0077	0x2881      	GOTO       L_Div_16x16_S0
;__Lib_Math.c,488 :: 		
0x0078	0x0875      	MOVF       R5, 0
0x0079	0x3A00      	XORLW      0
0x007A	0x1D03      	BTFSS      STATUS, 2
0x007B	0x2881      	GOTO       L_Div_16x16_S1
;__Lib_Math.c,489 :: 		
0x007C	0x30FF      	MOVLW      255
0x007D	0x00F0      	MOVWF      R0
;__Lib_Math.c,490 :: 		
0x007E	0x307F      	MOVLW      127
0x007F	0x00F1      	MOVWF      R1
;__Lib_Math.c,491 :: 		
0x0080	0x0008      	RETURN
;__Lib_Math.c,492 :: 		
L_Div_16x16_S1:
L_Div_16x16_S0:
;__Lib_Math.c,495 :: 		
0x0081	0x1283      	BCF        STATUS, 5
;__Lib_Math.c,496 :: 		
0x0082	0x1303      	BCF        STATUS, 6
;__Lib_Math.c,497 :: 		
0x0083	0x01FD      	CLRF       R13
;__Lib_Math.c,498 :: 		
0x0084	0x01F9      	CLRF       R9
;__Lib_Math.c,499 :: 		
0x0085	0x01F8      	CLRF       R8
;__Lib_Math.c,500 :: 		
0x0086	0x0871      	MOVF       R1, 0
;__Lib_Math.c,501 :: 		
0x0087	0x0470      	IORWF      R0, 0
;__Lib_Math.c,502 :: 		
0x0088	0x1903      	BTFSC      STATUS, 2
;__Lib_Math.c,503 :: 		
0x0089	0x3400      	RETLW      0
;__Lib_Math.c,505 :: 		
0x008A	0x0871      	MOVF       R1, 0
;__Lib_Math.c,506 :: 		
0x008B	0x0675      	XORWF      R5, 0
;__Lib_Math.c,507 :: 		
0x008C	0x00FA      	MOVWF      R10
;__Lib_Math.c,508 :: 		
0x008D	0x1BFA      	BTFSC      R10, 7
;__Lib_Math.c,509 :: 		
0x008E	0x09FD      	COMF       R13, 1
;__Lib_Math.c,511 :: 		
0x008F	0x01FB      	CLRF       R11
;__Lib_Math.c,513 :: 		
0x0090	0x1FF5      	BTFSS      R5, 7
;__Lib_Math.c,514 :: 		
0x0091	0x2897      	GOTO       $+6
;__Lib_Math.c,516 :: 		
0x0092	0x09F4      	COMF       R4, 1
;__Lib_Math.c,517 :: 		
0x0093	0x09F5      	COMF       R5, 1
;__Lib_Math.c,518 :: 		
0x0094	0x0AF4      	INCF       R4, 1
;__Lib_Math.c,519 :: 		
0x0095	0x1903      	BTFSC      STATUS, 2
;__Lib_Math.c,520 :: 		
0x0096	0x0AF5      	INCF       R5, 1
;__Lib_Math.c,522 :: 		
0x0097	0x1FF1      	BTFSS      R1, 7
;__Lib_Math.c,523 :: 		
0x0098	0x289E      	GOTO       $+6
;__Lib_Math.c,525 :: 		
0x0099	0x09F0      	COMF       R0, 1
;__Lib_Math.c,526 :: 		
0x009A	0x09F1      	COMF       R1, 1
;__Lib_Math.c,527 :: 		
0x009B	0x0AF0      	INCF       R0, 1
;__Lib_Math.c,528 :: 		
0x009C	0x1903      	BTFSC      STATUS, 2
;__Lib_Math.c,529 :: 		
0x009D	0x0AF1      	INCF       R1, 1
;__Lib_Math.c,531 :: 		
0x009E	0x0871      	MOVF       R1, 0
;__Lib_Math.c,532 :: 		
0x009F	0x0475      	IORWF      R5, 0
;__Lib_Math.c,533 :: 		
0x00A0	0x00FA      	MOVWF      R10
;__Lib_Math.c,534 :: 		
0x00A1	0x1BFA      	BTFSC      R10, 7
;__Lib_Math.c,535 :: 		
0x00A2	0x28B3      	GOTO       $+17
;__Lib_Math.c,537 :: 		
0x00A3	0x203E      	CALL       _Div_16x16_S_L
;__Lib_Math.c,539 :: 		
0x00A4	0x187B      	BTFSC      R11, 0
;__Lib_Math.c,540 :: 		
0x00A5	0x28C6      	GOTO       $+33
;__Lib_Math.c,542 :: 		
0x00A6	0x1FFD      	BTFSS      R13, 7
;__Lib_Math.c,543 :: 		
0x00A7	0x3400      	RETLW      0
;__Lib_Math.c,545 :: 		
0x00A8	0x09F0      	COMF       R0, 1
;__Lib_Math.c,546 :: 		
0x00A9	0x09F1      	COMF       R1, 1
;__Lib_Math.c,547 :: 		
0x00AA	0x0AF0      	INCF       R0, 1
;__Lib_Math.c,548 :: 		
0x00AB	0x1903      	BTFSC      STATUS, 2
;__Lib_Math.c,549 :: 		
0x00AC	0x0AF1      	INCF       R1, 1
;__Lib_Math.c,551 :: 		
0x00AD	0x09F8      	COMF       R8, 1
;__Lib_Math.c,552 :: 		
0x00AE	0x09F9      	COMF       R9, 1
;__Lib_Math.c,553 :: 		
0x00AF	0x0AF8      	INCF       R8, 1
;__Lib_Math.c,554 :: 		
0x00B0	0x1903      	BTFSC      STATUS, 2
;__Lib_Math.c,555 :: 		
0x00B1	0x0AF9      	INCF       R9, 1
;__Lib_Math.c,557 :: 		
0x00B2	0x3400      	RETLW      0
;__Lib_Math.c,559 :: 		
0x00B3	0x1FF5      	BTFSS      R5, 7
;__Lib_Math.c,560 :: 		
0x00B4	0x28C2      	GOTO       $+14
;__Lib_Math.c,561 :: 		
0x00B5	0x1BF1      	BTFSC      R1, 7
;__Lib_Math.c,562 :: 		
0x00B6	0x28BE      	GOTO       $+8
;__Lib_Math.c,563 :: 		
0x00B7	0x0871      	MOVF       R1, 0
;__Lib_Math.c,564 :: 		
0x00B8	0x00F9      	MOVWF      R9
;__Lib_Math.c,565 :: 		
0x00B9	0x0870      	MOVF       R0, 0
;__Lib_Math.c,566 :: 		
0x00BA	0x00F8      	MOVWF      R8
;__Lib_Math.c,567 :: 		
0x00BB	0x01F1      	CLRF       R1
;__Lib_Math.c,568 :: 		
0x00BC	0x01F0      	CLRF       R0
;__Lib_Math.c,569 :: 		
0x00BD	0x28A6      	GOTO       $-23
;__Lib_Math.c,570 :: 		
0x00BE	0x01F1      	CLRF       R1
;__Lib_Math.c,571 :: 		
0x00BF	0x01F0      	CLRF       R0
;__Lib_Math.c,572 :: 		
0x00C0	0x0AF0      	INCF       R0, 1
;__Lib_Math.c,573 :: 		
0x00C1	0x3400      	RETLW      0
;__Lib_Math.c,575 :: 		
0x00C2	0x09F1      	COMF       R1, 1
;__Lib_Math.c,576 :: 		
0x00C3	0x09F0      	COMF       R0, 1
;__Lib_Math.c,577 :: 		
0x00C4	0x0AFB      	INCF       R11, 1
;__Lib_Math.c,578 :: 		
0x00C5	0x28A3      	GOTO       $-34
;__Lib_Math.c,580 :: 		
0x00C6	0x0AF8      	INCF       R8, 1
;__Lib_Math.c,581 :: 		
0x00C7	0x1903      	BTFSC      STATUS, 2
;__Lib_Math.c,582 :: 		
0x00C8	0x0AF9      	INCF       R9, 1
;__Lib_Math.c,583 :: 		
0x00C9	0x0874      	MOVF       R4, 0
;__Lib_Math.c,584 :: 		
0x00CA	0x0278      	SUBWF      R8, 0
;__Lib_Math.c,585 :: 		
0x00CB	0x1D03      	BTFSS      STATUS, 2
;__Lib_Math.c,586 :: 		
0x00CC	0x28A6      	GOTO       $-38
;__Lib_Math.c,587 :: 		
0x00CD	0x0875      	MOVF       R5, 0
;__Lib_Math.c,588 :: 		
0x00CE	0x0279      	SUBWF      R9, 0
;__Lib_Math.c,589 :: 		
0x00CF	0x1D03      	BTFSS      STATUS, 2
;__Lib_Math.c,590 :: 		
0x00D0	0x28A6      	GOTO       $-42
;__Lib_Math.c,591 :: 		
0x00D1	0x01F9      	CLRF       R9
;__Lib_Math.c,592 :: 		
0x00D2	0x01F8      	CLRF       R8
;__Lib_Math.c,593 :: 		
0x00D3	0x0AF0      	INCF       R0, 1
;__Lib_Math.c,594 :: 		
0x00D4	0x1903      	BTFSC      STATUS, 2
;__Lib_Math.c,595 :: 		
0x00D5	0x0AF1      	INCF       R1, 1
;__Lib_Math.c,596 :: 		
0x00D6	0x1FF1      	BTFSS      R1, 7
;__Lib_Math.c,597 :: 		
0x00D7	0x28A6      	GOTO       $-49
;__Lib_Math.c,598 :: 		
0x00D8	0x0000      	NOP
;__Lib_Math.c,599 :: 		
0x00D9	0x34FF      	RETLW      255
;__Lib_Math.c,601 :: 		
0x00DA	0x0008      	RETURN
; end of _Div_16x16_S
_PWM1_Set_Duty:
;__Lib_PWM_c21.c,40 :: 		
;__Lib_PWM_c21.c,44 :: 		
0x00DB	0x1683      	BSF        STATUS, 5
0x00DC	0x1303      	BCF        STATUS, 6
0x00DD	0x0812      	MOVF       PR2, 0
0x00DE	0x3E01      	ADDLW      1
0x00DF	0x00F0      	MOVWF      R0
0x00E0	0x01F1      	CLRF       R0+1
0x00E1	0x1803      	BTFSC      STATUS, 0
0x00E2	0x0AF1      	INCF       R0+1, 1
0x00E3	0x1283      	BCF        STATUS, 5
0x00E4	0x0825      	MOVF       FARG_PWM1_Set_Duty_new_duty, 0
0x00E5	0x00F4      	MOVWF      R4
0x00E6	0x01F5      	CLRF       R4+1
0x00E7	0x2003      	CALL       _Mul_16x16_U
0x00E8	0x3006      	MOVLW      6
0x00E9	0x00F2      	MOVWF      R2
0x00EA	0x0870      	MOVF       R0, 0
0x00EB	0x00F4      	MOVWF      R4
0x00EC	0x0871      	MOVF       R0+1, 0
0x00ED	0x00F5      	MOVWF      R4+1
0x00EE	0x0872      	MOVF       R2, 0
L__PWM1_Set_Duty4:
0x00EF	0x1903      	BTFSC      STATUS, 2
0x00F0	0x28F6      	GOTO       L__PWM1_Set_Duty5
0x00F1	0x0CF5      	RRF        R4+1, 1
0x00F2	0x0CF4      	RRF        R4, 1
0x00F3	0x13F5      	BCF        R4+1, 7
0x00F4	0x3EFF      	ADDLW      255
0x00F5	0x28EF      	GOTO       L__PWM1_Set_Duty4
L__PWM1_Set_Duty5:
;__Lib_PWM_c21.c,45 :: 		
0x00F6	0x3004      	MOVLW      4
0x00F7	0x00F1      	MOVWF      R1
0x00F8	0x0874      	MOVF       R4, 0
0x00F9	0x00F0      	MOVWF      R0
0x00FA	0x0871      	MOVF       R1, 0
L__PWM1_Set_Duty6:
0x00FB	0x1903      	BTFSC      STATUS, 2
0x00FC	0x2901      	GOTO       L__PWM1_Set_Duty7
0x00FD	0x0DF0      	RLF        R0, 1
0x00FE	0x1070      	BCF        R0, 0
0x00FF	0x3EFF      	ADDLW      255
0x0100	0x28FB      	GOTO       L__PWM1_Set_Duty6
L__PWM1_Set_Duty7:
0x0101	0x1283      	BCF        STATUS, 5
0x0102	0x1303      	BCF        STATUS, 6
0x0103	0x3030      	MOVLW      48
0x0104	0x0570      	ANDWF      R0, 0
0x0105	0x00F3      	MOVWF      R3
;__Lib_PWM_c21.c,46 :: 		
0x0106	0x0874      	MOVF       R4, 0
0x0107	0x00F0      	MOVWF      R0
0x0108	0x0875      	MOVF       R4+1, 0
0x0109	0x00F1      	MOVWF      R0+1
0x010A	0x0CF1      	RRF        R0+1, 1
0x010B	0x0CF0      	RRF        R0, 1
0x010C	0x13F1      	BCF        R0+1, 7
0x010D	0x0CF1      	RRF        R0+1, 1
0x010E	0x0CF0      	RRF        R0, 1
0x010F	0x13F1      	BCF        R0+1, 7
0x0110	0x0870      	MOVF       R0, 0
0x0111	0x0095      	MOVWF      CCPR1L
;__Lib_PWM_c21.c,47 :: 		
0x0112	0x300F      	MOVLW      15
0x0113	0x0597      	ANDWF      CCP1CON, 1
;__Lib_PWM_c21.c,48 :: 		
0x0114	0x0873      	MOVF       R3, 0
0x0115	0x0497      	IORWF      CCP1CON, 1
;__Lib_PWM_c21.c,49 :: 		
0x0116	0x0008      	RETURN
; end of _PWM1_Set_Duty
___CC2DW:
;__Lib_System.c,24 :: 		
;__Lib_System.c,27 :: 		
_CC2D_Loop1:
;__Lib_System.c,29 :: 		
0x0117	0x2037      	CALL       _____DoICP
0x0118	0x118A      	BCF        PCLATH, 3
0x0119	0x120A      	BCF        PCLATH, 4
;__Lib_System.c,31 :: 		
0x011A	0x0080      	MOVWF      INDF
;__Lib_System.c,32 :: 		
0x011B	0x0A84      	INCF       FSR, 1
;__Lib_System.c,33 :: 		
0x011C	0x0AA3      	INCF       ___DoICPAddr, 1
;__Lib_System.c,35 :: 		
0x011D	0x1903      	BTFSC      STATUS, 2
;__Lib_System.c,36 :: 		
0x011E	0x0AA4      	INCF       ___DoICPAddr+1, 1
;__Lib_System.c,37 :: 		
0x011F	0x03F0      	DECF       R0, 1
;__Lib_System.c,39 :: 		
0x0120	0x1D03      	BTFSS      STATUS, 2
;__Lib_System.c,40 :: 		
0x0121	0x2917      	GOTO       _CC2D_Loop1
;__Lib_System.c,42 :: 		
0x0122	0x0008      	RETURN
; end of ___CC2DW
_Mul_8x8_U:
;__Lib_Math.c,103 :: 		
;__Lib_Math.c,108 :: 		
0x0123	0x1283      	BCF        STATUS, 5
;__Lib_Math.c,109 :: 		
0x0124	0x1303      	BCF        STATUS, 6
;__Lib_Math.c,110 :: 		
0x0125	0x0870      	MOVF       R0, 0
;__Lib_Math.c,111 :: 		
0x0126	0x00F1      	MOVWF      R1
;__Lib_Math.c,112 :: 		
0x0127	0x01F0      	CLRF       R0
;__Lib_Math.c,113 :: 		
0x0128	0x3008      	MOVLW      8
;__Lib_Math.c,114 :: 		
0x0129	0x00FC      	MOVWF      R12
;__Lib_Math.c,115 :: 		
0x012A	0x0871      	MOVF       R1, 0
;__Lib_Math.c,116 :: 		
0x012B	0x0CF4      	RRF        R4, 1
;__Lib_Math.c,117 :: 		
0x012C	0x1803      	BTFSC      STATUS, 0
;__Lib_Math.c,118 :: 		
0x012D	0x2932      	GOTO       $+5
;__Lib_Math.c,119 :: 		
0x012E	0x0BFC      	DECFSZ     R12, 1
;__Lib_Math.c,120 :: 		
0x012F	0x292B      	GOTO       $-4
;__Lib_Math.c,121 :: 		
0x0130	0x01F1      	CLRF       R1
;__Lib_Math.c,122 :: 		
0x0131	0x3400      	RETLW      0
;__Lib_Math.c,123 :: 		
0x0132	0x1003      	BCF        STATUS, 0
;__Lib_Math.c,124 :: 		
0x0133	0x2937      	GOTO       $+4
;__Lib_Math.c,125 :: 		
0x0134	0x0CF4      	RRF        R4, 1
;__Lib_Math.c,126 :: 		
0x0135	0x1803      	BTFSC      STATUS, 0
;__Lib_Math.c,127 :: 		
0x0136	0x07F1      	ADDWF      R1, 1
;__Lib_Math.c,128 :: 		
0x0137	0x0CF1      	RRF        R1, 1
;__Lib_Math.c,129 :: 		
0x0138	0x0CF0      	RRF        R0, 1
;__Lib_Math.c,130 :: 		
0x0139	0x0BFC      	DECFSZ     R12, 1
;__Lib_Math.c,131 :: 		
0x013A	0x2934      	GOTO       $-6
;__Lib_Math.c,133 :: 		
;__Lib_Math.c,134 :: 		
0x013B	0x0008      	RETURN
; end of _Mul_8x8_U
_ADC_Read:
;__Lib_ADC_A_C.c,45 :: 		
;__Lib_ADC_A_C.c,47 :: 		
0x013C	0x1283      	BCF        STATUS, 5
0x013D	0x1303      	BCF        STATUS, 6
0x013E	0x019F      	CLRF       ADCON0
;__Lib_ADC_A_C.c,48 :: 		
0x013F	0x30C0      	MOVLW      192
0x0140	0x049F      	IORWF      ADCON0, 1
;__Lib_ADC_A_C.c,49 :: 		
0x0141	0x1683      	BSF        STATUS, 5
0x0142	0x171F      	BSF        ADCON1, 6
;__Lib_ADC_A_C.c,50 :: 		
0x0143	0x179F      	BSF        ADCON1, 7
;__Lib_ADC_A_C.c,51 :: 		
0x0144	0x1283      	BCF        STATUS, 5
0x0145	0x0825      	MOVF       FARG_ADC_Read_channel, 0
0x0146	0x00F0      	MOVWF      R0
0x0147	0x0DF0      	RLF        R0, 1
0x0148	0x1070      	BCF        R0, 0
0x0149	0x0DF0      	RLF        R0, 1
0x014A	0x1070      	BCF        R0, 0
0x014B	0x0DF0      	RLF        R0, 1
0x014C	0x1070      	BCF        R0, 0
0x014D	0x0870      	MOVF       R0, 0
0x014E	0x049F      	IORWF      ADCON0, 1
;__Lib_ADC_A_C.c,54 :: 		
0x014F	0x141F      	BSF        ADCON0, 0
;__Lib_ADC_A_C.c,57 :: 		
0x0150	0x202E      	CALL       _Delay_22us
;__Lib_ADC_A_C.c,60 :: 		
0x0151	0x151F      	BSF        ADCON0, 2
;__Lib_ADC_A_C.c,63 :: 		
L_ADC_Read2:
0x0152	0x1D1F      	BTFSS      ADCON0, 2
0x0153	0x2956      	GOTO       L_ADC_Read3
;__Lib_ADC_A_C.c,64 :: 		
0x0154	0x0000      	NOP
0x0155	0x2952      	GOTO       L_ADC_Read2
L_ADC_Read3:
;__Lib_ADC_A_C.c,67 :: 		
0x0156	0x101F      	BCF        ADCON0, 0
;__Lib_ADC_A_C.c,70 :: 		
0x0157	0x081E      	MOVF       ADRESH, 0
0x0158	0x00F1      	MOVWF      R0+1
0x0159	0x01F0      	CLRF       R0
0x015A	0x1683      	BSF        STATUS, 5
0x015B	0x081E      	MOVF       ADRESL, 0
0x015C	0x04F0      	IORWF      R0, 1
0x015D	0x3000      	MOVLW      0
0x015E	0x04F1      	IORWF      R0+1, 1
;__Lib_ADC_A_C.c,71 :: 		
0x015F	0x0008      	RETURN
; end of _ADC_Read
_PWM1_Init:
;__Lib_PWM_c21.c,33 :: 		
;__Lib_PWM_c21.c,34 :: 		
;__Lib_PWM_c21.c,35 :: 		
0x0160	0x1283      	BCF        STATUS, 5
0x0161	0x1303      	BCF        STATUS, 6
0x0162	0x0195      	CLRF       CCPR1L
;__Lib_PWM_c21.c,36 :: 		
0x0163	0x1217      	BCF        CCP1CON, 4
;__Lib_PWM_c21.c,37 :: 		
0x0164	0x1297      	BCF        CCP1CON, 5
;__Lib_PWM_c21.c,38 :: 		
0x0165	0x0008      	RETURN
; end of _PWM1_Init
_main:
0x0166	0x3032      	MOVLW      50
0x0167	0x1283      	BCF        STATUS, 5
0x0168	0x1303      	BCF        STATUS, 6
0x0169	0x00A0      	MOVWF      _porcent_duty
;PWMMotor.c,5 :: 		void main() {
;PWMMotor.c,9 :: 		CMCON = 0x07; // Desativa os comparadores internos
0x016A	0x3007      	MOVLW      7
0x016B	0x1683      	BSF        STATUS, 5
0x016C	0x009C      	MOVWF      CMCON
;PWMMotor.c,10 :: 		ADCON0 = 0x01; // Liga o conversor AD
0x016D	0x3001      	MOVLW      1
0x016E	0x1283      	BCF        STATUS, 5
0x016F	0x009F      	MOVWF      ADCON0
;PWMMotor.c,11 :: 		ADCON1 = 0X0E; // Configura apenas o AN0 como entrada analogica, o resto das portas AN, como digital
0x0170	0x300E      	MOVLW      14
0x0171	0x1683      	BSF        STATUS, 5
0x0172	0x009F      	MOVWF      ADCON1
;PWMMotor.c,16 :: 		PWM1_Init(1000);
0x0173	0x1283      	BCF        STATUS, 5
0x0174	0x1412      	BSF        T2CON, 0
0x0175	0x1492      	BSF        T2CON, 1
0x0176	0x30BB      	MOVLW      187
0x0177	0x1683      	BSF        STATUS, 5
0x0178	0x0092      	MOVWF      PR2
0x0179	0x2160      	CALL       _PWM1_Init
;PWMMotor.c,17 :: 		PWM1_Start();
0x017A	0x206A      	CALL       _PWM1_Start
;PWMMotor.c,18 :: 		PWM1_Set_Duty((porcent_duty*255)/100);
0x017B	0x0820      	MOVF       _porcent_duty, 0
0x017C	0x00F0      	MOVWF      R0
0x017D	0x30FF      	MOVLW      255
0x017E	0x00F4      	MOVWF      R4
0x017F	0x2123      	CALL       _Mul_8x8_U
0x0180	0x3064      	MOVLW      100
0x0181	0x00F4      	MOVWF      R4
0x0182	0x3000      	MOVLW      0
0x0183	0x00F5      	MOVWF      R4+1
0x0184	0x2072      	CALL       _Div_16x16_S
0x0185	0x0870      	MOVF       R0, 0
0x0186	0x00A5      	MOVWF      FARG_PWM1_Set_Duty_new_duty
0x0187	0x20DB      	CALL       _PWM1_Set_Duty
;PWMMotor.c,22 :: 		while(1){
L_main0:
;PWMMotor.c,24 :: 		adc = ADC_Read(0);
0x0188	0x01A5      	CLRF       FARG_ADC_Read_channel
0x0189	0x213C      	CALL       _ADC_Read
0x018A	0x0870      	MOVF       R0, 0
0x018B	0x1283      	BCF        STATUS, 5
0x018C	0x00A1      	MOVWF      _adc
0x018D	0x0871      	MOVF       R0+1, 0
0x018E	0x00A2      	MOVWF      _adc+1
;PWMMotor.c,25 :: 		PWM1_Set_Duty((porcent_duty*255)/100);
0x018F	0x0820      	MOVF       _porcent_duty, 0
0x0190	0x00F0      	MOVWF      R0
0x0191	0x30FF      	MOVLW      255
0x0192	0x00F4      	MOVWF      R4
0x0193	0x2123      	CALL       _Mul_8x8_U
0x0194	0x3064      	MOVLW      100
0x0195	0x00F4      	MOVWF      R4
0x0196	0x3000      	MOVLW      0
0x0197	0x00F5      	MOVWF      R4+1
0x0198	0x2072      	CALL       _Div_16x16_S
0x0199	0x0870      	MOVF       R0, 0
0x019A	0x00A5      	MOVWF      FARG_PWM1_Set_Duty_new_duty
0x019B	0x20DB      	CALL       _PWM1_Set_Duty
;PWMMotor.c,27 :: 		if(adc < 400){
0x019C	0x3001      	MOVLW      1
0x019D	0x0222      	SUBWF      _adc+1, 0
0x019E	0x1D03      	BTFSS      STATUS, 2
0x019F	0x29A2      	GOTO       L__main6
0x01A0	0x3090      	MOVLW      144
0x01A1	0x0221      	SUBWF      _adc, 0
L__main6:
0x01A2	0x1803      	BTFSC      STATUS, 0
0x01A3	0x29B4      	GOTO       L_main2
;PWMMotor.c,29 :: 		porcent_duty++;
0x01A4	0x0AA0      	INCF       _porcent_duty, 1
;PWMMotor.c,30 :: 		delay_ms(50);
0x01A5	0x30C3      	MOVLW      195
0x01A6	0x00FC      	MOVWF      R12
0x01A7	0x30CD      	MOVLW      205
0x01A8	0x00FD      	MOVWF      R13
L_main3:
0x01A9	0x0BFD      	DECFSZ     R13, 1
0x01AA	0x29A9      	GOTO       L_main3
0x01AB	0x0BFC      	DECFSZ     R12, 1
0x01AC	0x29A9      	GOTO       L_main3
;PWMMotor.c,32 :: 		if(porcent_duty > 90)
0x01AD	0x0820      	MOVF       _porcent_duty, 0
0x01AE	0x3C5A      	SUBLW      90
0x01AF	0x1803      	BTFSC      STATUS, 0
0x01B0	0x29B3      	GOTO       L_main4
;PWMMotor.c,33 :: 		porcent_duty = 90;
0x01B1	0x305A      	MOVLW      90
0x01B2	0x00A0      	MOVWF      _porcent_duty
L_main4:
;PWMMotor.c,34 :: 		}
0x01B3	0x29B6      	GOTO       L_main5
L_main2:
;PWMMotor.c,36 :: 		porcent_duty = 80;
0x01B4	0x3050      	MOVLW      80
0x01B5	0x00A0      	MOVWF      _porcent_duty
L_main5:
;PWMMotor.c,37 :: 		}
0x01B6	0x2988      	GOTO       L_main0
;PWMMotor.c,38 :: 		}
0x01B7	0x29B7      	GOTO       $+0
; end of _main
Symbol List:
//** Routines locations **
//ADDRESS    SIZE    PROCEDURE
//----------------------------------------------
0x0003      [43]    _Mul_16x16_U
0x002E       [9]    _Delay_22us
0x0037       [7]    _____DoICP
0x003E      [44]    _Div_16x16_S_L
0x006A       [8]    _PWM1_Start
0x0072     [105]    _Div_16x16_S
0x00DB      [60]    _PWM1_Set_Duty
0x0117      [12]    ___CC2DW
0x0123      [25]    _Mul_8x8_U
0x013C      [36]    _ADC_Read
0x0160       [6]    _PWM1_Init
0x0166      [82]    _main
//** Variables locations ** 
//ADDRESS    SIZE    VARIABLE
//----------------------------------------------
0x0000       [1]    INDF
0x0001       [1]    TMR0
0x0002       [1]    PCL
0x0003       [0]    C_bit
0x0003       [1]    STATUS
0x0003       [0]    DC_bit
0x0003       [0]    Z_bit
0x0003       [0]    RP0_bit
0x0003       [0]    RP1_bit
0x0003       [0]    IRP_bit
0x0003       [0]    NOT_PD_bit
0x0003       [0]    NOT_TO_bit
0x0004       [1]    FSR
0x0004       [1]    FSRPTR
0x0005       [0]    RA4_bit
0x0005       [0]    RA2_bit
0x0005       [0]    RA5_bit
0x0005       [0]    RA3_bit
0x0005       [1]    PORTA
0x0005       [0]    RA1_bit
0x0005       [0]    RA0_bit
0x0006       [0]    RB7_bit
0x0006       [1]    PORTB
0x0006       [0]    RB2_bit
0x0006       [0]    RB0_bit
0x0006       [0]    RB1_bit
0x0006       [0]    RB5_bit
0x0006       [0]    RB6_bit
0x0006       [0]    RB4_bit
0x0006       [0]    RB3_bit
0x0007       [0]    RC0_bit
0x0007       [0]    RC1_bit
0x0007       [0]    RC7_bit
0x0007       [0]    RC3_bit
0x0007       [0]    RC6_bit
0x0007       [0]    RC4_bit
0x0007       [0]    RC5_bit
0x0007       [0]    RC2_bit
0x0007       [1]    PORTC
0x0008       [0]    RD4_bit
0x0008       [1]    PORTD
0x0008       [0]    RD5_bit
0x0008       [0]    RD0_bit
0x0008       [0]    RD1_bit
0x0008       [0]    RD2_bit
0x0008       [0]    RD3_bit
0x0008       [0]    RD6_bit
0x0008       [0]    RD7_bit
0x0009       [1]    PORTE
0x0009       [0]    RE1_bit
0x0009       [0]    RE2_bit
0x0009       [0]    RE0_bit
0x000A       [1]    PCLATH
0x000B       [0]    INTF_bit
0x000B       [0]    T0IE_bit
0x000B       [0]    TMR0IF_bit
0x000B       [0]    T0IF_bit
0x000B       [1]    INTCON
0x000B       [0]    RBIE_bit
0x000B       [0]    INTE_bit
0x000B       [0]    PEIE_bit
0x000B       [0]    TMR0IE_bit
0x000B       [0]    GIE_bit
0x000B       [0]    RBIF_bit
0x000C       [0]    RCIF_bit
0x000C       [0]    TXIF_bit
0x000C       [0]    PSPIF_bit
0x000C       [0]    ADIF_bit
0x000C       [0]    SSPIF_bit
0x000C       [0]    TMR2IF_bit
0x000C       [0]    TMR1IF_bit
0x000C       [1]    PIR1
0x000C       [0]    CCP1IF_bit
0x000D       [0]    CCP2IF_bit
0x000D       [0]    BCLIF_bit
0x000D       [0]    EEIF_bit
0x000D       [1]    PIR2
0x000D       [0]    CMIF_bit
0x000E       [1]    TMR1L
0x000F       [1]    TMR1H
0x0010       [0]    T1INSYNC_bit
0x0010       [0]    T1SYNC_bit
0x0010       [0]    NOT_T1SYNC_bit
0x0010       [0]    TMR1CS_bit
0x0010       [0]    T1CKPS1_bit
0x0010       [0]    TMR1ON_bit
0x0010       [1]    T1CON
0x0010       [0]    T1OSCEN_bit
0x0010       [0]    T1CKPS0_bit
0x0011       [1]    TMR2
0x0012       [0]    T2CKPS1_bit
0x0012       [0]    TOUTPS3_bit
0x0012       [1]    T2CON
0x0012       [0]    T2CKPS0_bit
0x0012       [0]    TMR2ON_bit
0x0012       [0]    TOUTPS1_bit
0x0012       [0]    TOUTPS2_bit
0x0012       [0]    TOUTPS0_bit
0x0013       [1]    SSPBUF
0x0014       [0]    WCOL_bit
0x0014       [1]    SSPCON
0x0014       [0]    SSPOV_bit
0x0014       [0]    SSPEN_bit
0x0014       [0]    SSPM0_bit
0x0014       [0]    SSPM1_bit
0x0014       [0]    SSPM3_bit
0x0014       [0]    CKP_bit
0x0014       [0]    SSPM2_bit
0x0015       [1]    CCPR1L
0x0015       [2]    CCPR1
0x0016       [1]    CCPR1H
0x0017       [0]    CCP1M2_bit
0x0017       [0]    CCP1M1_bit
0x0017       [0]    CCP1M3_bit
0x0017       [0]    CCP1Y_bit
0x0017       [0]    CCP1X_bit
0x0017       [0]    CCP1M0_bit
0x0017       [1]    CCP1CON
0x0018       [0]    RC9_bit
0x0018       [0]    SPEN_bit
0x0018       [0]    SREN_bit
0x0018       [1]    RCSTA
0x0018       [0]    RX9_bit
0x0018       [0]    NOT_RC8_bit
0x0018       [0]    RC8_9_bit
0x0018       [0]    OERR_bit
0x0018       [0]    RX9D_bit
0x0018       [0]    RCD8_bit
0x0018       [0]    FERR_bit
0x0018       [0]    ADDEN_bit
0x0018       [0]    CREN_bit
0x0019       [1]    TXREG
0x001A       [1]    RCREG
0x001B       [1]    CCPR2L
0x001B       [2]    CCPR2
0x001C       [1]    CCPR2H
0x001D       [0]    CCP2M2_bit
0x001D       [0]    CCP2M0_bit
0x001D       [0]    CCP2M1_bit
0x001D       [0]    CCP2X_bit
0x001D       [1]    CCP2CON
0x001D       [0]    CCP2Y_bit
0x001D       [0]    CCP2M3_bit
0x001E       [1]    ADRESH
0x001F       [0]    NOT_DONE_bit
0x001F       [0]    CHS2_bit
0x001F       [0]    CHS0_bit
0x001F       [0]    GO_bit
0x001F       [0]    CHS1_bit
0x001F       [0]    ADCS0_bit
0x001F       [0]    ADON_bit
0x001F       [1]    ADCON0
0x001F       [0]    GO_DONE_bit
0x001F       [0]    ADCS1_bit
0x0020       [1]    _porcent_duty
0x0021       [2]    _adc
0x0023       [2]    ___DoICPAddr
0x0025       [1]    FARG_PWM1_Set_Duty_new_duty
0x0025       [1]    FARG_ADC_Read_channel
0x0025       [4]    FARG_PWM1_Init_PWM_Freq
0x0070       [1]    R0
0x0071       [1]    R1
0x0072       [1]    R2
0x0073       [1]    R3
0x0074       [1]    R4
0x0075       [1]    R5
0x0076       [1]    R6
0x0077       [1]    R7
0x0078       [1]    R8
0x0079       [1]    R9
0x007A       [1]    R10
0x007B       [1]    R11
0x007C       [1]    R12
0x007D       [1]    R13
0x007E       [1]    R14
0x007F       [1]    R15
0x0081       [0]    T0CS_bit
0x0081       [0]    INTEDG_bit
0x0081       [0]    NOT_RBPU_bit
0x0081       [0]    T0SE_bit
0x0081       [0]    PS1_bit
0x0081       [0]    PS0_bit
0x0081       [0]    PSA_bit
0x0081       [0]    PS2_bit
0x0081       [1]    OPTION_REG
0x0085       [0]    TRISA1_bit
0x0085       [0]    TRISA2_bit
0x0085       [1]    TRISA
0x0085       [0]    TRISA0_bit
0x0085       [0]    TRISA4_bit
0x0085       [0]    TRISA5_bit
0x0085       [0]    TRISA3_bit
0x0086       [0]    TRISB3_bit
0x0086       [0]    TRISB5_bit
0x0086       [0]    TRISB6_bit
0x0086       [0]    TRISB4_bit
0x0086       [1]    TRISB
0x0086       [0]    TRISB2_bit
0x0086       [0]    TRISB0_bit
0x0086       [0]    TRISB1_bit
0x0086       [0]    TRISB7_bit
0x0087       [0]    TRISC3_bit
0x0087       [0]    TRISC6_bit
0x0087       [0]    TRISC5_bit
0x0087       [0]    TRISC4_bit
0x0087       [0]    TRISC7_bit
0x0087       [0]    TRISC2_bit
0x0087       [1]    TRISC
0x0087       [0]    TRISC1_bit
0x0087       [0]    TRISC0_bit
0x0088       [1]    TRISD
0x0088       [0]    TRISD4_bit
0x0088       [0]    TRISD5_bit
0x0088       [0]    TRISD6_bit
0x0088       [0]    TRISD7_bit
0x0088       [0]    TRISD3_bit
0x0088       [0]    TRISD2_bit
0x0088       [0]    TRISD0_bit
0x0088       [0]    TRISD1_bit
0x0089       [0]    TRISE0_bit
0x0089       [0]    TRISE1_bit
0x0089       [0]    TRISE2_bit
0x0089       [0]    IBOV_bit
0x0089       [0]    PSPMODE_bit
0x0089       [0]    IBF_bit
0x0089       [0]    OBF_bit
0x0089       [1]    TRISE
0x0089       [0]    IBOV_TRISE_bit
0x0089       [0]    PSPMODE_TRISE_bit
0x0089       [0]    IBF_TRISE_bit
0x0089       [0]    OBF_TRISE_bit
0x008C       [0]    SSPIE_bit
0x008C       [0]    TXIE_bit
0x008C       [0]    CCP1IE_bit
0x008C       [0]    TMR1IE_bit
0x008C       [0]    TMR2IE_bit
0x008C       [0]    PSPIE_bit
0x008C       [1]    PIE1
0x008C       [0]    RCIE_bit
0x008C       [0]    ADIE_bit
0x008D       [0]    EEIE_bit
0x008D       [0]    BCLIE_bit
0x008D       [1]    PIE2
0x008D       [0]    CMIE_bit
0x008D       [0]    CCP2IE_bit
0x008E       [0]    NOT_BOR_bit
0x008E       [1]    PCON
0x008E       [0]    NOT_POR_bit
0x008E       [0]    NOT_BO_bit
0x0091       [0]    RSEN_bit
0x0091       [0]    SEN_bit
0x0091       [0]    RCEN_bit
0x0091       [0]    PEN_bit
0x0091       [1]    SSPCON2
0x0091       [0]    ACKSTAT_bit
0x0091       [0]    GCEN_bit
0x0091       [0]    ACKDT_bit
0x0091       [0]    ACKEN_bit
0x0092       [1]    PR2
0x0093       [1]    SSPADD
0x0094       [0]    UA_bit
0x0094       [1]    SSPSTAT
0x0094       [0]    BF_bit
0x0094       [0]    READ_WRITE_bit
0x0094       [0]    I2C_START__bit
0x0094       [0]    R_bit
0x0094       [0]    I2C_STOP__bit
0x0094       [0]    S_bit
0x0094       [0]    NOT_WRITE_bit
0x0094       [0]    R_W_bit
0x0094       [0]    I2C_READ_bit
0x0094       [0]    NOT_W_bit
0x0094       [0]    P_bit
0x0094       [0]    D_bit
0x0094       [0]    I2C_DATA_bit
0x0094       [0]    SMP_bit
0x0094       [0]    CKE_bit
0x0094       [0]    D_A_bit
0x0094       [0]    DATA_ADDRESS_bit
0x0094       [0]    NOT_A_bit
0x0094       [0]    NOT_ADDRESS_bit
0x0098       [0]    SYNC_bit
0x0098       [0]    TXEN_bit
0x0098       [0]    TRMT_bit
0x0098       [0]    BRGH_bit
0x0098       [0]    TX8_9_bit
0x0098       [0]    CSRC_bit
0x0098       [1]    TXSTA
0x0098       [0]    NOT_TX8_bit
0x0098       [0]    TX9_bit
0x0098       [0]    TX9D_bit
0x0098       [0]    TXD8_bit
0x0099       [1]    SPBRG
0x009C       [0]    CM2_bit
0x009C       [0]    CIS_bit
0x009C       [0]    C2OUT_bit
0x009C       [0]    CM0_bit
0x009C       [0]    CM1_bit
0x009C       [1]    CMCON
0x009C       [0]    C1OUT_bit
0x009C       [0]    C2INV_bit
0x009C       [0]    C1INV_bit
0x009D       [0]    CVR1_bit
0x009D       [0]    CVROE_bit
0x009D       [0]    CVREN_bit
0x009D       [0]    CVRR_bit
0x009D       [0]    CVR2_bit
0x009D       [1]    CVRCON
0x009D       [0]    CVR3_bit
0x009D       [0]    CVR0_bit
0x009E       [1]    ADRESL
0x009F       [0]    PCFG2_bit
0x009F       [0]    ADFM_bit
0x009F       [0]    PCFG0_bit
0x009F       [0]    PCFG3_bit
0x009F       [0]    ADCS2_bit
0x009F       [0]    PCFG1_bit
0x009F       [1]    ADCON1
0x010C       [1]    EEDATA
0x010D       [1]    EEADR
0x010E       [1]    EEDATH
0x010F       [1]    EEADRH
0x018C       [0]    WREN_bit
0x018C       [0]    WR_bit
0x018C       [0]    RD_bit
0x018C       [0]    WRERR_bit
0x018C       [1]    EECON1
0x018C       [0]    EEPGD_bit
0x018D       [1]    EECON2
//** Label List: ** 
//----------------------------------------------
  L_main0
  L_main1
  L_main2
  L_main3
  L_main4
  L_main5
  _main
  L__main6
  L_ADC_Get_Sample0
  L_ADC_Get_Sample1
  L_ADC_Read2
  L_ADC_Read3
  _ADC_Init
  _ADC_Get_Sample
  _ADC_Read
  L_Delay_10us0
  L_Delay_22us1
  L_Delay_50us2
  L_Delay_80us3
  L_Delay_500us4
  L_Delay_5500us5
  L_Delay_1ms6
  L_Delay_5ms7
  L_Delay_8ms8
  L_Delay_100ms9
  L_Delay_1sec10
  L_boot16_Delay_5ms11
  L_Delay_Cyc12
  L_Delay_Cyc13
  L_VDelay_ms14
  L_VDelay_ms15
  L_VDelay_ms16
  L_VDelay_Advanced_ms17
  L_VDelay_Advanced_ms18
  L_VDelay_Advanced_ms19
  _Get_Fosc_kHz
  _Delay_1us
  _Delay_10us
  _Delay_22us
  _Delay_50us
  _Delay_80us
  _Delay_500us
  _Delay_5500us
  _Delay_1ms
  _Delay_5ms
  _Delay_8ms
  _Delay_100ms
  _Delay_1sec
  _boot16_Delay_5ms
  _Delay_Cyc
  _VDelay_ms
  L__VDelay_ms20
  L__VDelay_ms21
  L__VDelay_ms22
  _VDelay_Advanced_ms
  L__VDelay_Advanced_ms23
  L__VDelay_Advanced_ms24
  L__VDelay_Advanced_ms25
  L_Div_16x16_S0
  L_Div_16x16_S1
  LOOPS3232A
  SADD22LA
  SOK22LA
  SADD22L8
  SOK22L8
  LOOPS3232B
  SADD22LB
  SOK22LB
  SADD22L16
  SOK22L16
  LOOPS3232C
  SADD22LC
  SOK22LC
  SADD22L24
  SOK22L24
  LOOPS3232D
  SADD22LD
  SOK22LD
  SOK22L
  L_Div_32x32_S6
  L_Div_32x32_S7
  L_Div_32x32_S8
  L_Div_32x32_S9
  FXD3232S
  END_ALL
  CA3232S
  C3232SX
  C3232SX1
  C3232S
  C3232S2
  C3232SX4
  C3232SOK
  C3232SX3
  C3232SX2
  avoid_comfrem
  LOOPU3232A
  UADD22LA
  UOK22LA
  UADD22L8
  UOK22L8
  LOOPU3232B
  UADD22LB
  UOK22LB
  UADD22L16
  UOK22L16
  LOOPU3232C
  UADD22LC
  UOK22LC
  UADD22L24
  UOK22L24
  LOOPU3232D
  UADD22LD
  UOK22LD
  UOK22L
  _NEXT
  _EXIT2
  _LOOP
  _EXIT1
  _IF_FIRST
  _IF_SECOND
  _INVERCE_FIRST
  _MULT
  _INBERSE_SECOND
  _EXIT
  _Mul_8x8_U
  _Mul_16x16_U
  _Div_8x8_U
  _Div_16x16_U
  _Mul_8x8_S
  _Mul_16x16_S
  _Div_16x16_S_L
  _Div_16x16_S
  _Div_8x8_S
  _SDIV3232L
  _COMFREM
  _Div_32x32_S
  _Div_32x32_U
  _Mul_32x32_U
  _Mul_32x32_S
  _PWM2_Init
  _PWM2_Set_Duty
  L__PWM2_Set_Duty0
  L__PWM2_Set_Duty1
  L__PWM2_Set_Duty2
  L__PWM2_Set_Duty3
  _PWM2_Start
  _PWM2_Stop
  _PWM1_Init
  _PWM1_Set_Duty
  L__PWM1_Set_Duty4
  L__PWM1_Set_Duty5
  L__PWM1_Set_Duty6
  L__PWM1_Set_Duty7
  _PWM1_Start
  _PWM1_Stop
  _CC2D_Loop1
  _____DoICP
  _____DoIFC
  ___CC2DW
  _Swap
