

Microchip MPLAB XC8 Assembler V2.31 build 20201012212115 
                                                                                               Wed Jan 13 10:12:55 2021

Microchip MPLAB XC8 C Compiler v2.31 (Free license) build 20201012212115 Og1 
     1                           	processor	18F2550
     2                           	fnconf	rparam,??,?,0
     3                           	pagewidth 120
     4                           	opt	flic
     5                           	psect	cinit,global,reloc=2,class=CODE,delta=1
     6                           	psect	cstackCOMRAM,global,class=COMRAM,space=1,delta=1,lowdata,noexec
     7                           	psect	text0,global,reloc=2,class=CODE,delta=1
     8                           	psect	text1,global,reloc=2,class=CODE,delta=1
     9                           	psect	intsave_regs,global,class=BIGRAM,space=1,delta=1,noexec
    10                           	psect	rparam,global,class=COMRAM,space=1,delta=1,noexec
    11                           	psect	idloc,global,abs,ovrld,class=IDLOC,space=5,delta=1,noexec
    12                           	psect	config,global,abs,ovrld,class=CONFIG,space=4,delta=1,noexec
    13  0000                     
    14                           ; Version 2.20
    15                           ; Generated 12/02/2020 GMT
    16                           ; 
    17                           ; Copyright © 2020, Microchip Technology Inc. and its subsidiaries ("Microchip")
    18                           ; All rights reserved.
    19                           ; 
    20                           ; This software is developed by Microchip Technology Inc. and its subsidiaries ("Microch
      +                          ip").
    21                           ; 
    22                           ; Redistribution and use in source and binary forms, with or without modification, are
    23                           ; permitted provided that the following conditions are met:
    24                           ; 
    25                           ;     1. Redistributions of source code must retain the above copyright notice, this lis
      +                          t of
    26                           ;        conditions and the following disclaimer.
    27                           ; 
    28                           ;     2. Redistributions in binary form must reproduce the above copyright notice, this 
      +                          list
    29                           ;        of conditions and the following disclaimer in the documentation and/or other
    30                           ;        materials provided with the distribution.
    31                           ; 
    32                           ;     3. Microchip's name may not be used to endorse or promote products derived from th
      +                          is
    33                           ;        software without specific prior written permission.
    34                           ; 
    35                           ; THIS SOFTWARE IS PROVIDED BY MICROCHIP "AS IS" AND ANY EXPRESS OR IMPLIED WARRANTIES,
    36                           ; INCLUDING, BUT NOT LIMITED TO, THE IMPLIED WARRANTIES OF MERCHANTABILITY AND FITNESS F
      +                          OR
    37                           ; PURPOSE ARE DISCLAIMED.  IN NO EVENT SHALL MICROCHIP BE LIABLE FOR ANY DIRECT, INDIREC
      +                          T,
    38                           ; INCIDENTAL, SPECIAL, EXEMPLARY, OR CONSEQUENTIAL DAMAGES (INCLUDING BUT NOT LIMITED TO
    39                           ; PROCUREMENT OF SUBSTITUTE GOODS OR SERVICES; LOSS OF USE, DATA OR PROFITS; OR BUSINESS
    40                           ; INTERRUPTION) HOWSOEVER CAUSED AND ON ANY THEORY OF LIABILITY, WHETHER IN CONTRACT, ST
      +                          RICT
    41                           ; LIABILITY, OR TORT (INCLUDING NEGLIGENCE OR OTHERWISE) ARISING IN ANY WAY OUT OF THE U
      +                          SE OF
    42                           ; THIS SOFTWARE, EVEN IF ADVISED OF THE POSSIBILITY OF SUCH DAMAGE.
    43                           ; 
    44                           ; 
    45                           ; Code-generator required, PIC18F2550 Definitions
    46                           ; 
    47                           ; SFR Addresses
    48  0000                     _PORTCbits	set	3970
    49  0000                     _LATBbits	set	3978
    50  0000                     _TRISBbits	set	3987
    51  0000                     _UCFGbits	set	3951
    52  0000                     _OSCCON	set	4051
    53  0000                     _OSCTUNE	set	3995
    54                           
    55                           ; #config settings
    56                           
    57                           	psect	cinit
    58  007FD6                     __pcinit:
    59                           	callstack 0
    60  007FD6                     start_initialization:
    61                           	callstack 0
    62  007FD6                     __initialization:
    63                           	callstack 0
    64  007FD6                     end_of_initialization:
    65                           	callstack 0
    66  007FD6                     __end_of__initialization:
    67                           	callstack 0
    68  007FD6  0100               	movlb	0
    69  007FD8  EFF5  F03F         	goto	_main	;jump to C main() function
    70                           
    71                           	psect	cstackCOMRAM
    72  000000                     __pcstackCOMRAM:
    73                           	callstack 0
    74  000000                     
    75                           ; 1 bytes @ 0x0
    76 ;;
    77 ;;Main: autosize = 0, tempsize = 0, incstack = 0, save=0
    78 ;;
    79 ;; *************** function _main *****************
    80 ;; Defined at:
    81 ;;		line 34 in file "main.c"
    82 ;; Parameters:    Size  Location     Type
    83 ;;		None
    84 ;; Auto vars:     Size  Location     Type
    85 ;;		None
    86 ;; Return value:  Size  Location     Type
    87 ;;                  1    wreg      void 
    88 ;; Registers used:
    89 ;;		wreg, status,2, cstack
    90 ;; Tracked objects:
    91 ;;		On entry : 0/0
    92 ;;		On exit  : 0/0
    93 ;;		Unchanged: 0/0
    94 ;; Data sizes:     COMRAM   BANK0   BANK1   BANK2   BANK3   BANK4   BANK5   BANK6   BANK7
    95 ;;      Params:         0       0       0       0       0       0       0       0       0
    96 ;;      Locals:         0       0       0       0       0       0       0       0       0
    97 ;;      Temps:          0       0       0       0       0       0       0       0       0
    98 ;;      Totals:         0       0       0       0       0       0       0       0       0
    99 ;;Total ram usage:        0 bytes
   100 ;; Hardware stack levels required when called:    1
   101 ;; This function calls:
   102 ;;		_setup
   103 ;; This function is called by:
   104 ;;		Startup code after reset
   105 ;; This function uses a non-reentrant model
   106 ;;
   107                           
   108                           	psect	text0
   109  007FEA                     __ptext0:
   110                           	callstack 0
   111  007FEA                     _main:
   112                           	callstack 30
   113  007FEA                     
   114                           ;main.c: 36:     setup();
   115  007FEA  ECEE  F03F         	call	_setup	;wreg free
   116  007FEE                     l707:
   117                           
   118                           ;main.c: 41:         LATBbits.LATB7 = PORTCbits.RC4;
   119  007FEE  A882               	btfss	130,4,c	;volatile
   120  007FF0  D002               	bra	u15
   121  007FF2  8E8A               	bsf	138,7,c	;volatile
   122  007FF4  D001               	bra	u17
   123  007FF6                     u15:
   124  007FF6  9E8A               	bcf	138,7,c	;volatile
   125  007FF8                     u17:
   126  007FF8  EFF7  F03F         	goto	l707
   127  007FFC  EF00  F000         	goto	start
   128  008000                     __end_of_main:
   129                           	callstack 0
   130                           
   131 ;; *************** function _setup *****************
   132 ;; Defined at:
   133 ;;		line 20 in file "main.c"
   134 ;; Parameters:    Size  Location     Type
   135 ;;		None
   136 ;; Auto vars:     Size  Location     Type
   137 ;;		None
   138 ;; Return value:  Size  Location     Type
   139 ;;                  1    wreg      void 
   140 ;; Registers used:
   141 ;;		wreg, status,2
   142 ;; Tracked objects:
   143 ;;		On entry : 0/0
   144 ;;		On exit  : 0/0
   145 ;;		Unchanged: 0/0
   146 ;; Data sizes:     COMRAM   BANK0   BANK1   BANK2   BANK3   BANK4   BANK5   BANK6   BANK7
   147 ;;      Params:         0       0       0       0       0       0       0       0       0
   148 ;;      Locals:         0       0       0       0       0       0       0       0       0
   149 ;;      Temps:          0       0       0       0       0       0       0       0       0
   150 ;;      Totals:         0       0       0       0       0       0       0       0       0
   151 ;;Total ram usage:        0 bytes
   152 ;; Hardware stack levels used:    1
   153 ;; This function calls:
   154 ;;		Nothing
   155 ;; This function is called by:
   156 ;;		_main
   157 ;; This function uses a non-reentrant model
   158 ;;
   159                           
   160                           	psect	text1
   161  007FDC                     __ptext1:
   162                           	callstack 0
   163  007FDC                     _setup:
   164                           	callstack 30
   165  007FDC                     
   166                           ;main.c: 23:     OSCTUNE = 0b10001111;
   167  007FDC  0E8F               	movlw	143
   168  007FDE  6E9B               	movwf	155,c	;volatile
   169                           
   170                           ;main.c: 24:     OSCCON = 0b11110100;
   171  007FE0  0EF4               	movlw	244
   172  007FE2  6ED3               	movwf	211,c	;volatile
   173  007FE4                     
   174                           ;main.c: 27:     UCFGbits.UTRDIS = 0b1;
   175  007FE4  866F               	bsf	111,3,c	;volatile
   176  007FE6                     
   177                           ;main.c: 30:     TRISBbits.RB7 = 0;
   178  007FE6  9E93               	bcf	147,7,c	;volatile
   179  007FE8  0012               	return		;funcret
   180  007FEA                     __end_of_setup:
   181                           	callstack 0
   182  0000                     
   183                           	psect	rparam
   184  0000                     
   185                           	psect	idloc
   186                           
   187                           ;Config register IDLOC0 @ 0x200000
   188                           ;	unspecified, using default values
   189  200000                     	org	2097152
   190  200000  FF                 	db	255
   191                           
   192                           ;Config register IDLOC1 @ 0x200001
   193                           ;	unspecified, using default values
   194  200001                     	org	2097153
   195  200001  FF                 	db	255
   196                           
   197                           ;Config register IDLOC2 @ 0x200002
   198                           ;	unspecified, using default values
   199  200002                     	org	2097154
   200  200002  FF                 	db	255
   201                           
   202                           ;Config register IDLOC3 @ 0x200003
   203                           ;	unspecified, using default values
   204  200003                     	org	2097155
   205  200003  FF                 	db	255
   206                           
   207                           ;Config register IDLOC4 @ 0x200004
   208                           ;	unspecified, using default values
   209  200004                     	org	2097156
   210  200004  FF                 	db	255
   211                           
   212                           ;Config register IDLOC5 @ 0x200005
   213                           ;	unspecified, using default values
   214  200005                     	org	2097157
   215  200005  FF                 	db	255
   216                           
   217                           ;Config register IDLOC6 @ 0x200006
   218                           ;	unspecified, using default values
   219  200006                     	org	2097158
   220  200006  FF                 	db	255
   221                           
   222                           ;Config register IDLOC7 @ 0x200007
   223                           ;	unspecified, using default values
   224  200007                     	org	2097159
   225  200007  FF                 	db	255
   226                           
   227                           	psect	config
   228                           
   229                           ;Config register CONFIG1L @ 0x300000
   230                           ;	PLL Prescaler Selection bits
   231                           ;	PLLDIV = 4, Divide by 4 (16 MHz oscillator input)
   232                           ;	System Clock Postscaler Selection bits
   233                           ;	CPUDIV = OSC1_PLL2, [Primary Oscillator Src: /1][96 MHz PLL Src: /2]
   234                           ;	USB Clock Selection bit (used in Full-Speed USB mode only; UCFG:FSEN = 1)
   235                           ;	USBDIV = 1, USB clock source comes directly from the primary oscillator block with no 
      +                          postscale
   236  300000                     	org	3145728
   237  300000  03                 	db	3
   238                           
   239                           ;Config register CONFIG1H @ 0x300001
   240                           ;	Oscillator Selection bits
   241                           ;	FOSC = HSPLL_HS, HS oscillator, PLL enabled (HSPLL)
   242                           ;	Fail-Safe Clock Monitor Enable bit
   243                           ;	FCMEN = OFF, Fail-Safe Clock Monitor disabled
   244                           ;	Internal/External Oscillator Switchover bit
   245                           ;	IESO = OFF, Oscillator Switchover mode disabled
   246  300001                     	org	3145729
   247  300001  0E                 	db	14
   248                           
   249                           ;Config register CONFIG2L @ 0x300002
   250                           ;	Power-up Timer Enable bit
   251                           ;	PWRT = OFF, PWRT disabled
   252                           ;	Brown-out Reset Enable bits
   253                           ;	BOR = OFF, Brown-out Reset disabled in hardware and software
   254                           ;	Brown-out Reset Voltage bits
   255                           ;	BORV = 3, Minimum setting 2.05V
   256                           ;	USB Voltage Regulator Enable bit
   257                           ;	VREGEN = OFF, USB voltage regulator disabled
   258  300002                     	org	3145730
   259  300002  19                 	db	25
   260                           
   261                           ;Config register CONFIG2H @ 0x300003
   262                           ;	Watchdog Timer Enable bit
   263                           ;	WDT = OFF, WDT disabled (control is placed on the SWDTEN bit)
   264                           ;	Watchdog Timer Postscale Select bits
   265                           ;	WDTPS = 32768, 1:32768
   266  300003                     	org	3145731
   267  300003  1E                 	db	30
   268                           
   269                           ; Padding undefined space
   270  300004                     	org	3145732
   271  300004  FF                 	db	255
   272                           
   273                           ;Config register CONFIG3H @ 0x300005
   274                           ;	CCP2 MUX bit
   275                           ;	CCP2MX = ON, CCP2 input/output is multiplexed with RC1
   276                           ;	PORTB A/D Enable bit
   277                           ;	PBADEN = ON, PORTB<4:0> pins are configured as analog input channels on Reset
   278                           ;	Low-Power Timer 1 Oscillator Enable bit
   279                           ;	LPT1OSC = OFF, Timer1 configured for higher power operation
   280                           ;	MCLR Pin Enable bit
   281                           ;	MCLRE = ON, MCLR pin enabled; RE3 input pin disabled
   282  300005                     	org	3145733
   283  300005  83                 	db	131
   284                           
   285                           ;Config register CONFIG4L @ 0x300006
   286                           ;	Stack Full/Underflow Reset Enable bit
   287                           ;	STVREN = ON, Stack full/underflow will cause Reset
   288                           ;	Single-Supply ICSP Enable bit
   289                           ;	LVP = OFF, Single-Supply ICSP disabled
   290                           ;	Extended Instruction Set Enable bit
   291                           ;	XINST = OFF, Instruction set extension and Indexed Addressing mode disabled (Legacy mo
      +                          de)
   292                           ;	Background Debugger Enable bit
   293                           ;	DEBUG = 0x1, unprogrammed default
   294  300006                     	org	3145734
   295  300006  81                 	db	129
   296                           
   297                           ; Padding undefined space
   298  300007                     	org	3145735
   299  300007  FF                 	db	255
   300                           
   301                           ;Config register CONFIG5L @ 0x300008
   302                           ;	Code Protection bit
   303                           ;	CP0 = OFF, Block 0 (000800-001FFFh) is not code-protected
   304                           ;	Code Protection bit
   305                           ;	CP1 = OFF, Block 1 (002000-003FFFh) is not code-protected
   306                           ;	Code Protection bit
   307                           ;	CP2 = OFF, Block 2 (004000-005FFFh) is not code-protected
   308                           ;	Code Protection bit
   309                           ;	CP3 = OFF, Block 3 (006000-007FFFh) is not code-protected
   310  300008                     	org	3145736
   311  300008  0F                 	db	15
   312                           
   313                           ;Config register CONFIG5H @ 0x300009
   314                           ;	Boot Block Code Protection bit
   315                           ;	CPB = OFF, Boot block (000000-0007FFh) is not code-protected
   316                           ;	Data EEPROM Code Protection bit
   317                           ;	CPD = OFF, Data EEPROM is not code-protected
   318  300009                     	org	3145737
   319  300009  C0                 	db	192
   320                           
   321                           ;Config register CONFIG6L @ 0x30000A
   322                           ;	Write Protection bit
   323                           ;	WRT0 = OFF, Block 0 (000800-001FFFh) is not write-protected
   324                           ;	Write Protection bit
   325                           ;	WRT1 = OFF, Block 1 (002000-003FFFh) is not write-protected
   326                           ;	Write Protection bit
   327                           ;	WRT2 = OFF, Block 2 (004000-005FFFh) is not write-protected
   328                           ;	Write Protection bit
   329                           ;	WRT3 = OFF, Block 3 (006000-007FFFh) is not write-protected
   330  30000A                     	org	3145738
   331  30000A  0F                 	db	15
   332                           
   333                           ;Config register CONFIG6H @ 0x30000B
   334                           ;	Configuration Register Write Protection bit
   335                           ;	WRTC = OFF, Configuration registers (300000-3000FFh) are not write-protected
   336                           ;	Boot Block Write Protection bit
   337                           ;	WRTB = OFF, Boot block (000000-0007FFh) is not write-protected
   338                           ;	Data EEPROM Write Protection bit
   339                           ;	WRTD = OFF, Data EEPROM is not write-protected
   340  30000B                     	org	3145739
   341  30000B  E0                 	db	224
   342                           
   343                           ;Config register CONFIG7L @ 0x30000C
   344                           ;	Table Read Protection bit
   345                           ;	EBTR0 = OFF, Block 0 (000800-001FFFh) is not protected from table reads executed in ot
      +                          her blocks
   346                           ;	Table Read Protection bit
   347                           ;	EBTR1 = OFF, Block 1 (002000-003FFFh) is not protected from table reads executed in ot
      +                          her blocks
   348                           ;	Table Read Protection bit
   349                           ;	EBTR2 = OFF, Block 2 (004000-005FFFh) is not protected from table reads executed in ot
      +                          her blocks
   350                           ;	Table Read Protection bit
   351                           ;	EBTR3 = OFF, Block 3 (006000-007FFFh) is not protected from table reads executed in ot
      +                          her blocks
   352  30000C                     	org	3145740
   353  30000C  0F                 	db	15
   354                           
   355                           ;Config register CONFIG7H @ 0x30000D
   356                           ;	Boot Block Table Read Protection bit
   357                           ;	EBTRB = OFF, Boot block (000000-0007FFh) is not protected from table reads executed in
      +                           other blocks
   358  30000D                     	org	3145741
   359  30000D  40                 	db	64
   360                           tosu	equ	0xFFF
   361                           tosh	equ	0xFFE
   362                           tosl	equ	0xFFD
   363                           stkptr	equ	0xFFC
   364                           pclatu	equ	0xFFB
   365                           pclath	equ	0xFFA
   366                           pcl	equ	0xFF9
   367                           tblptru	equ	0xFF8
   368                           tblptrh	equ	0xFF7
   369                           tblptrl	equ	0xFF6
   370                           tablat	equ	0xFF5
   371                           prodh	equ	0xFF4
   372                           prodl	equ	0xFF3
   373                           indf0	equ	0xFEF
   374                           postinc0	equ	0xFEE
   375                           postdec0	equ	0xFED
   376                           preinc0	equ	0xFEC
   377                           plusw0	equ	0xFEB
   378                           fsr0h	equ	0xFEA
   379                           fsr0l	equ	0xFE9
   380                           wreg	equ	0xFE8
   381                           indf1	equ	0xFE7
   382                           postinc1	equ	0xFE6
   383                           postdec1	equ	0xFE5
   384                           preinc1	equ	0xFE4
   385                           plusw1	equ	0xFE3
   386                           fsr1h	equ	0xFE2
   387                           fsr1l	equ	0xFE1
   388                           bsr	equ	0xFE0
   389                           indf2	equ	0xFDF
   390                           postinc2	equ	0xFDE
   391                           postdec2	equ	0xFDD
   392                           preinc2	equ	0xFDC
   393                           plusw2	equ	0xFDB
   394                           fsr2h	equ	0xFDA
   395                           fsr2l	equ	0xFD9
   396                           status	equ	0xFD8

Data Sizes:
    Strings     0
    Constant    0
    Data        0
    BSS         0
    Persistent  0
    Stack       0

Auto Spaces:
    Space          Size  Autos    Used
    COMRAM           95      0       0
    BANK0           160      0       0
    BANK1           256      0       0
    BANK2           256      0       0
    BANK3           256      0       0
    BANK4           256      0       0
    BANK5           256      0       0
    BANK6           256      0       0
    BANK7           256      0       0

Pointer List with Targets:

    None.

Critical Paths under _main in COMRAM

    None.

Critical Paths under _main in BANK0

    None.

Critical Paths under _main in BANK1

    None.

Critical Paths under _main in BANK2

    None.

Critical Paths under _main in BANK3

    None.

Critical Paths under _main in BANK4

    None.

Critical Paths under _main in BANK5

    None.

Critical Paths under _main in BANK6

    None.

Critical Paths under _main in BANK7

    None.

Call Graph Tables:

 ---------------------------------------------------------------------------------
 (Depth) Function   	        Calls       Base Space   Used Autos Params    Refs
 ---------------------------------------------------------------------------------
 (0) _main                                                 0     0      0       0
                              _setup
 ---------------------------------------------------------------------------------
 (1) _setup                                                0     0      0       0
 ---------------------------------------------------------------------------------
 Estimated maximum stack depth 1
 ---------------------------------------------------------------------------------

 Call Graph Graphs:

 _main (ROOT)
   _setup

 Address spaces:
Name               Size   Autos  Total    Cost      Usage
BITCOMRAM           5F      0       0       0        0.0%
EEDATA             100      0       0       0        0.0%
NULL                 0      0       0       0        0.0%
CODE                 0      0       0       0        0.0%
COMRAM              5F      0       0       1        0.0%
STACK                0      0       0       2        0.0%
DATA                 0      0       0       3        0.0%
BITBANK0            A0      0       0       4        0.0%
BANK0               A0      0       0       5        0.0%
BITBANK1           100      0       0       6        0.0%
BANK1              100      0       0       7        0.0%
BITBANK2           100      0       0       8        0.0%
BANK2              100      0       0       9        0.0%
BITBANK3           100      0       0      10        0.0%
BANK3              100      0       0      11        0.0%
BITBANK4           100      0       0      12        0.0%
BANK4              100      0       0      13        0.0%
BITBANK5           100      0       0      14        0.0%
BANK5              100      0       0      15        0.0%
BITBANK6           100      0       0      16        0.0%
BANK6              100      0       0      17        0.0%
BITBANK7           100      0       0      18        0.0%
BANK7              100      0       0      19        0.0%
ABS                  0      0       0      20        0.0%
BIGRAM             7FF      0       0      21        0.0%
BITSFR               0      0       0     200        0.0%
SFR                  0      0       0     200        0.0%


Microchip Technology PIC18 Macro Assembler V2.31 build 20201012212115 
Symbol Table                                                                                   Wed Jan 13 10:12:55 2021

                     l15 7FE8                       u15 7FF6                       u17 7FF8  
                    l701 7FE4                      l703 7FE6                      l705 7FEA  
                    l707 7FEE                      l699 7FDC                     _main 7FEA  
                   start 0000             ___param_bank 000000                    ?_main 0000  
                  _setup 7FDC          __initialization 7FD6             __end_of_main 8000  
                 ??_main 0000            __activetblptr 000000                   ?_setup 0000  
                 _OSCCON 000FD3               __accesstop 0060  __end_of__initialization 7FD6  
          ___rparam_used 000001           __pcstackCOMRAM 0000            __end_of_setup 7FEA  
                ??_setup 0000                  _OSCTUNE 000F9B                  __Hparam 0000  
                __Lparam 0000                  __pcinit 7FD6                  __ramtop 0800  
                __ptext0 7FEA                  __ptext1 7FDC     end_of_initialization 7FD6  
              _PORTCbits 000F82                _TRISBbits 000F93      start_initialization 7FD6  
         __size_of_setup 000E                 _LATBbits 000F8A                 _UCFGbits 000F6F  
               __Hrparam 0000                 __Lrparam 0000            __size_of_main 0016  
