;  LST file generated by mikroListExporter - v.2.0 
; Date/Time: 08/07/2020 16:09:31
;----------------------------------------------

;Address Opcode 	ASM
0x0000	0xF003EF35  	GOTO        1642
_interrupt:
;Relogio.c,65 :: 		void interrupt() {
0x0008	0xF015C000  	MOVFF       R0, 21
;Relogio.c,67 :: 		if(TMR1IF_bit){
0x000C	0xA09E      	BTFSS       TMR1IF_bit, 0 
0x000E	0xD003      	BRA         L_interrupt0
;Relogio.c,69 :: 		asm BSF TMR1H,7;
0x0010	0x8ECF      	BSF         TMR1H, 7, 0
;Relogio.c,71 :: 		TMR1IF_bit = 0x00;
0x0012	0x909E      	BCF         TMR1IF_bit, 0 
;Relogio.c,73 :: 		relogio();
0x0014	0xD8D9      	RCALL       _relogio
;Relogio.c,74 :: 		} // end if TMR1IF_bit
L_interrupt0:
;Relogio.c,76 :: 		} // end void interrupt
L__interrupt60:
0x0016	0xF000C015  	MOVFF       21, R0
0x001A	0x0011      	RETFIE      1
; end of _interrupt
_Delay_5500us:
;__Lib_Delays.c,31 :: 		void Delay_5500us() {
;__Lib_Delays.c,32 :: 		Delay_us(5500);
0x001C	0x0E08      	MOVLW       8
0x001E	0x6E0C      	MOVWF       R12, 0
0x0020	0x0E23      	MOVLW       35
0x0022	0x6E0D      	MOVWF       R13, 0
L_Delay_5500us5:
0x0024	0x2E0D      	DECFSZ      R13, 1, 0
0x0026	0xD7FE      	BRA         L_Delay_5500us5
0x0028	0x2E0C      	DECFSZ      R12, 1, 0
0x002A	0xD7FC      	BRA         L_Delay_5500us5
;__Lib_Delays.c,33 :: 		}
0x002C	0x0012      	RETURN      0
; end of _Delay_5500us
_Delay_1us:
;__Lib_Delays.c,7 :: 		void Delay_1us() {
;__Lib_Delays.c,8 :: 		Delay_us(1);
0x002E	0x0000      	NOP
;__Lib_Delays.c,9 :: 		}
0x0030	0x0012      	RETURN      0
; end of _Delay_1us
_Delay_50us:
;__Lib_Delays.c,19 :: 		void Delay_50us() {
;__Lib_Delays.c,20 :: 		Delay_us(50);
0x0032	0x0E10      	MOVLW       16
0x0034	0x6E0D      	MOVWF       R13, 0
L_Delay_50us2:
0x0036	0x2E0D      	DECFSZ      R13, 1, 0
0x0038	0xD7FE      	BRA         L_Delay_50us2
0x003A	0x0000      	NOP
;__Lib_Delays.c,21 :: 		}
0x003C	0x0012      	RETURN      0
; end of _Delay_50us
_Lcd_Cmd:
;__Lib_Lcd.c,18 :: 		
;__Lib_Lcd.c,20 :: 		
0x003E	0xBE30      	BTFSC       FARG_Lcd_Cmd_out_char, 7 
0x0040	0xD002      	BRA         L__Lcd_Cmd20
0x0042	0x9E83      	BCF         LCD_D7, BitPos(LCD_D7+0) 
0x0044	0xD001      	BRA         L__Lcd_Cmd21
L__Lcd_Cmd20:
0x0046	0x8E83      	BSF         LCD_D7, BitPos(LCD_D7+0) 
L__Lcd_Cmd21:
;__Lib_Lcd.c,21 :: 		
0x0048	0xBC30      	BTFSC       FARG_Lcd_Cmd_out_char, 6 
0x004A	0xD002      	BRA         L__Lcd_Cmd22
0x004C	0x9C83      	BCF         LCD_D6, BitPos(LCD_D6+0) 
0x004E	0xD001      	BRA         L__Lcd_Cmd23
L__Lcd_Cmd22:
0x0050	0x8C83      	BSF         LCD_D6, BitPos(LCD_D6+0) 
L__Lcd_Cmd23:
;__Lib_Lcd.c,22 :: 		
0x0052	0xBA30      	BTFSC       FARG_Lcd_Cmd_out_char, 5 
0x0054	0xD002      	BRA         L__Lcd_Cmd24
0x0056	0x9A83      	BCF         LCD_D5, BitPos(LCD_D5+0) 
0x0058	0xD001      	BRA         L__Lcd_Cmd25
L__Lcd_Cmd24:
0x005A	0x8A83      	BSF         LCD_D5, BitPos(LCD_D5+0) 
L__Lcd_Cmd25:
;__Lib_Lcd.c,23 :: 		
0x005C	0xB830      	BTFSC       FARG_Lcd_Cmd_out_char, 4 
0x005E	0xD002      	BRA         L__Lcd_Cmd26
0x0060	0x9883      	BCF         LCD_D4, BitPos(LCD_D4+0) 
0x0062	0xD001      	BRA         L__Lcd_Cmd27
L__Lcd_Cmd26:
0x0064	0x8883      	BSF         LCD_D4, BitPos(LCD_D4+0) 
L__Lcd_Cmd27:
;__Lib_Lcd.c,25 :: 		
0x0066	0xB027      	BTFSC       __Lib_Lcd_cmd_status, BitPos(__Lib_Lcd_cmd_status+0) 
0x0068	0xD002      	BRA         L__Lcd_Cmd28
0x006A	0x8483      	BSF         LCD_RS, BitPos(LCD_RS+0) 
0x006C	0xD001      	BRA         L__Lcd_Cmd29
L__Lcd_Cmd28:
0x006E	0x9483      	BCF         LCD_RS, BitPos(LCD_RS+0) 
L__Lcd_Cmd29:
;__Lib_Lcd.c,28 :: 		
0x0070	0x8683      	BSF         LCD_EN, BitPos(LCD_EN+0) 
;__Lib_Lcd.c,29 :: 		
0x0072	0xDFDD      	RCALL       _Delay_1us
;__Lib_Lcd.c,30 :: 		
0x0074	0x9683      	BCF         LCD_EN, BitPos(LCD_EN+0) 
;__Lib_Lcd.c,33 :: 		
0x0076	0xB630      	BTFSC       FARG_Lcd_Cmd_out_char, 3 
0x0078	0xD002      	BRA         L__Lcd_Cmd30
0x007A	0x9E83      	BCF         LCD_D7, BitPos(LCD_D7+0) 
0x007C	0xD001      	BRA         L__Lcd_Cmd31
L__Lcd_Cmd30:
0x007E	0x8E83      	BSF         LCD_D7, BitPos(LCD_D7+0) 
L__Lcd_Cmd31:
;__Lib_Lcd.c,34 :: 		
0x0080	0xB430      	BTFSC       FARG_Lcd_Cmd_out_char, 2 
0x0082	0xD002      	BRA         L__Lcd_Cmd32
0x0084	0x9C83      	BCF         LCD_D6, BitPos(LCD_D6+0) 
0x0086	0xD001      	BRA         L__Lcd_Cmd33
L__Lcd_Cmd32:
0x0088	0x8C83      	BSF         LCD_D6, BitPos(LCD_D6+0) 
L__Lcd_Cmd33:
;__Lib_Lcd.c,35 :: 		
0x008A	0xB230      	BTFSC       FARG_Lcd_Cmd_out_char, 1 
0x008C	0xD002      	BRA         L__Lcd_Cmd34
0x008E	0x9A83      	BCF         LCD_D5, BitPos(LCD_D5+0) 
0x0090	0xD001      	BRA         L__Lcd_Cmd35
L__Lcd_Cmd34:
0x0092	0x8A83      	BSF         LCD_D5, BitPos(LCD_D5+0) 
L__Lcd_Cmd35:
;__Lib_Lcd.c,36 :: 		
0x0094	0xB030      	BTFSC       FARG_Lcd_Cmd_out_char, 0 
0x0096	0xD002      	BRA         L__Lcd_Cmd36
0x0098	0x9883      	BCF         LCD_D4, BitPos(LCD_D4+0) 
0x009A	0xD001      	BRA         L__Lcd_Cmd37
L__Lcd_Cmd36:
0x009C	0x8883      	BSF         LCD_D4, BitPos(LCD_D4+0) 
L__Lcd_Cmd37:
;__Lib_Lcd.c,38 :: 		
0x009E	0xB027      	BTFSC       __Lib_Lcd_cmd_status, BitPos(__Lib_Lcd_cmd_status+0) 
0x00A0	0xD002      	BRA         L__Lcd_Cmd38
0x00A2	0x8483      	BSF         LCD_RS, BitPos(LCD_RS+0) 
0x00A4	0xD001      	BRA         L__Lcd_Cmd39
L__Lcd_Cmd38:
0x00A6	0x9483      	BCF         LCD_RS, BitPos(LCD_RS+0) 
L__Lcd_Cmd39:
;__Lib_Lcd.c,40 :: 		
0x00A8	0x8683      	BSF         LCD_EN, BitPos(LCD_EN+0) 
;__Lib_Lcd.c,41 :: 		
0x00AA	0xDFC1      	RCALL       _Delay_1us
;__Lib_Lcd.c,42 :: 		
0x00AC	0x9683      	BCF         LCD_EN, BitPos(LCD_EN+0) 
;__Lib_Lcd.c,44 :: 		
0x00AE	0xA027      	BTFSS       __Lib_Lcd_cmd_status, BitPos(__Lib_Lcd_cmd_status+0) 
0x00B0	0xD002      	BRA         L_Lcd_Cmd0
;__Lib_Lcd.c,45 :: 		
0x00B2	0xDFB4      	RCALL       _Delay_5500us
0x00B4	0xD001      	BRA         L_Lcd_Cmd1
L_Lcd_Cmd0:
;__Lib_Lcd.c,47 :: 		
0x00B6	0xDFBD      	RCALL       _Delay_50us
L_Lcd_Cmd1:
;__Lib_Lcd.c,48 :: 		
0x00B8	0x0012      	RETURN      0
; end of _Lcd_Cmd
_Lcd_Chr_CP:
;__Lib_Lcd.c,50 :: 		
;__Lib_Lcd.c,52 :: 		
0x00BA	0x9027      	BCF         __Lib_Lcd_cmd_status, BitPos(__Lib_Lcd_cmd_status+0) 
;__Lib_Lcd.c,53 :: 		
0x00BC	0xF030C02F  	MOVFF       FARG_Lcd_Chr_CP_out_char, FARG_Lcd_Cmd_out_char
0x00C0	0xDFBE      	RCALL       _Lcd_Cmd
;__Lib_Lcd.c,54 :: 		
0x00C2	0x8027      	BSF         __Lib_Lcd_cmd_status, BitPos(__Lib_Lcd_cmd_status+0) 
;__Lib_Lcd.c,55 :: 		
0x00C4	0x0012      	RETURN      0
; end of _Lcd_Chr_CP
_Lcd_Chr:
;__Lib_Lcd.c,65 :: 		
;__Lib_Lcd.c,66 :: 		
0x00C6	0xD00F      	BRA         L_Lcd_Chr4
;__Lib_Lcd.c,67 :: 		
L_Lcd_Chr6:
0x00C8	0x0E80      	MOVLW       128
0x00CA	0x6E2A      	MOVWF       FARG_Lcd_Chr_row 
0x00CC	0xD019      	BRA         L_Lcd_Chr5
;__Lib_Lcd.c,68 :: 		
L_Lcd_Chr7:
0x00CE	0x0EC0      	MOVLW       192
0x00D0	0x6E2A      	MOVWF       FARG_Lcd_Chr_row 
0x00D2	0xD016      	BRA         L_Lcd_Chr5
;__Lib_Lcd.c,69 :: 		
L_Lcd_Chr8:
0x00D4	0x0E94      	MOVLW       148
0x00D6	0x6E2A      	MOVWF       FARG_Lcd_Chr_row 
0x00D8	0xD013      	BRA         L_Lcd_Chr5
;__Lib_Lcd.c,70 :: 		
L_Lcd_Chr9:
0x00DA	0x0ED4      	MOVLW       212
0x00DC	0x6E2A      	MOVWF       FARG_Lcd_Chr_row 
0x00DE	0xD010      	BRA         L_Lcd_Chr5
;__Lib_Lcd.c,71 :: 		
L_Lcd_Chr10:
0x00E0	0x0E80      	MOVLW       128
0x00E2	0x6E2A      	MOVWF       FARG_Lcd_Chr_row 
;__Lib_Lcd.c,72 :: 		
0x00E4	0xD00D      	BRA         L_Lcd_Chr5
L_Lcd_Chr4:
0x00E6	0x502A      	MOVF        FARG_Lcd_Chr_row, 0 
0x00E8	0x0A01      	XORLW       1
0x00EA	0xE0EE      	BZ          L_Lcd_Chr6
0x00EC	0x502A      	MOVF        FARG_Lcd_Chr_row, 0 
0x00EE	0x0A02      	XORLW       2
0x00F0	0xE0EE      	BZ          L_Lcd_Chr7
0x00F2	0x502A      	MOVF        FARG_Lcd_Chr_row, 0 
0x00F4	0x0A03      	XORLW       3
0x00F6	0xE0EE      	BZ          L_Lcd_Chr8
0x00F8	0x502A      	MOVF        FARG_Lcd_Chr_row, 0 
0x00FA	0x0A04      	XORLW       4
0x00FC	0xE0EE      	BZ          L_Lcd_Chr9
0x00FE	0xD7F0      	BRA         L_Lcd_Chr10
L_Lcd_Chr5:
;__Lib_Lcd.c,74 :: 		
0x0100	0x042B      	DECF        FARG_Lcd_Chr_column, 0 
0x0102	0x6E00      	MOVWF       R0 
0x0104	0x502A      	MOVF        FARG_Lcd_Chr_row, 0 
0x0106	0x2600      	ADDWF       R0, 1 
0x0108	0xF02AC000  	MOVFF       R0, FARG_Lcd_Chr_row
;__Lib_Lcd.c,76 :: 		
0x010C	0x8027      	BSF         __Lib_Lcd_cmd_status, BitPos(__Lib_Lcd_cmd_status+0) 
;__Lib_Lcd.c,77 :: 		
0x010E	0xF030C000  	MOVFF       R0, FARG_Lcd_Cmd_out_char
0x0112	0xDF95      	RCALL       _Lcd_Cmd
;__Lib_Lcd.c,79 :: 		
0x0114	0x9027      	BCF         __Lib_Lcd_cmd_status, BitPos(__Lib_Lcd_cmd_status+0) 
;__Lib_Lcd.c,80 :: 		
0x0116	0xF030C02C  	MOVFF       FARG_Lcd_Chr_out_char, FARG_Lcd_Cmd_out_char
0x011A	0xDF91      	RCALL       _Lcd_Cmd
;__Lib_Lcd.c,81 :: 		
0x011C	0x8027      	BSF         __Lib_Lcd_cmd_status, BitPos(__Lib_Lcd_cmd_status+0) 
;__Lib_Lcd.c,82 :: 		
0x011E	0x0012      	RETURN      0
; end of _Lcd_Chr
_Div_8x8_U:
;__Lib_Math.c,77 :: 		
;__Lib_Math.c,84 :: 		
0x0120	0x6A08      	CLRF        R8, 0
;__Lib_Math.c,85 :: 		
0x0122	0x0E08      	MOVLW       8
;__Lib_Math.c,86 :: 		
0x0124	0x6E0C      	MOVWF       R12, 0
;__Lib_Math.c,87 :: 		
0x0126	0x3400      	RLCF        R0, 0, 0
;__Lib_Math.c,88 :: 		
0x0128	0x3608      	RLCF        R8, 1, 0
;__Lib_Math.c,89 :: 		
0x012A	0x5004      	MOVF        R4, 0, 0
;__Lib_Math.c,90 :: 		
0x012C	0x5E08      	SUBWF       R8, 1, 0
;__Lib_Math.c,91 :: 		
0x012E	0xB0D8      	BTFSC       STATUS, 0, 0
;__Lib_Math.c,92 :: 		
0x0130	0xD002      	BRA         $+6
;__Lib_Math.c,93 :: 		
0x0132	0x2608      	ADDWF       R8, 1, 0
;__Lib_Math.c,94 :: 		
0x0134	0x90D8      	BCF         STATUS, 0, 0
;__Lib_Math.c,95 :: 		
0x0136	0x3600      	RLCF        R0, 1, 0
;__Lib_Math.c,96 :: 		
0x0138	0x2E0C      	DECFSZ      R12, 1, 0
;__Lib_Math.c,97 :: 		
0x013A	0xD7F5      	BRA         $-20
;__Lib_Math.c,99 :: 		
0x013C	0x0012      	RETURN      0
; end of _Div_8x8_U
_Lcd_Out:
;__Lib_Lcd.c,184 :: 		
;__Lib_Lcd.c,187 :: 		
0x013E	0xD00F      	BRA         L_Lcd_Out11
;__Lib_Lcd.c,188 :: 		
L_Lcd_Out13:
0x0140	0x0E80      	MOVLW       128
0x0142	0x6E2A      	MOVWF       FARG_Lcd_Out_row 
0x0144	0xD019      	BRA         L_Lcd_Out12
;__Lib_Lcd.c,189 :: 		
L_Lcd_Out14:
0x0146	0x0EC0      	MOVLW       192
0x0148	0x6E2A      	MOVWF       FARG_Lcd_Out_row 
0x014A	0xD016      	BRA         L_Lcd_Out12
;__Lib_Lcd.c,190 :: 		
L_Lcd_Out15:
0x014C	0x0E94      	MOVLW       148
0x014E	0x6E2A      	MOVWF       FARG_Lcd_Out_row 
0x0150	0xD013      	BRA         L_Lcd_Out12
;__Lib_Lcd.c,191 :: 		
L_Lcd_Out16:
0x0152	0x0ED4      	MOVLW       212
0x0154	0x6E2A      	MOVWF       FARG_Lcd_Out_row 
0x0156	0xD010      	BRA         L_Lcd_Out12
;__Lib_Lcd.c,192 :: 		
L_Lcd_Out17:
0x0158	0x0E80      	MOVLW       128
0x015A	0x6E2A      	MOVWF       FARG_Lcd_Out_row 
;__Lib_Lcd.c,193 :: 		
0x015C	0xD00D      	BRA         L_Lcd_Out12
L_Lcd_Out11:
0x015E	0x502A      	MOVF        FARG_Lcd_Out_row, 0 
0x0160	0x0A01      	XORLW       1
0x0162	0xE0EE      	BZ          L_Lcd_Out13
0x0164	0x502A      	MOVF        FARG_Lcd_Out_row, 0 
0x0166	0x0A02      	XORLW       2
0x0168	0xE0EE      	BZ          L_Lcd_Out14
0x016A	0x502A      	MOVF        FARG_Lcd_Out_row, 0 
0x016C	0x0A03      	XORLW       3
0x016E	0xE0EE      	BZ          L_Lcd_Out15
0x0170	0x502A      	MOVF        FARG_Lcd_Out_row, 0 
0x0172	0x0A04      	XORLW       4
0x0174	0xE0EE      	BZ          L_Lcd_Out16
0x0176	0xD7F0      	BRA         L_Lcd_Out17
L_Lcd_Out12:
;__Lib_Lcd.c,194 :: 		
0x0178	0x042B      	DECF        FARG_Lcd_Out_column, 0 
0x017A	0x6E00      	MOVWF       R0 
0x017C	0x502A      	MOVF        FARG_Lcd_Out_row, 0 
0x017E	0x2600      	ADDWF       R0, 1 
0x0180	0xF02AC000  	MOVFF       R0, FARG_Lcd_Out_row
;__Lib_Lcd.c,196 :: 		
0x0184	0xF030C000  	MOVFF       R0, FARG_Lcd_Cmd_out_char
0x0188	0xDF5A      	RCALL       _Lcd_Cmd
;__Lib_Lcd.c,197 :: 		
0x018A	0x9027      	BCF         __Lib_Lcd_cmd_status, BitPos(__Lib_Lcd_cmd_status+0) 
;__Lib_Lcd.c,198 :: 		
0x018C	0x6A2E      	CLRF        Lcd_Out_i_L0 
;__Lib_Lcd.c,199 :: 		
L_Lcd_Out18:
0x018E	0x502E      	MOVF        Lcd_Out_i_L0, 0 
0x0190	0x242C      	ADDWF       FARG_Lcd_Out_text, 0 
0x0192	0x6EE9      	MOVWF       FSR0L 
0x0194	0x0E00      	MOVLW       0
0x0196	0x202D      	ADDWFC      FARG_Lcd_Out_text+1, 0 
0x0198	0x6EEA      	MOVWF       FSR0H 
0x019A	0x52EE      	MOVF        POSTINC0, 1 
0x019C	0xE00B      	BZ          L_Lcd_Out19
;__Lib_Lcd.c,200 :: 		
0x019E	0x502E      	MOVF        Lcd_Out_i_L0, 0 
0x01A0	0x242C      	ADDWF       FARG_Lcd_Out_text, 0 
0x01A2	0x6EE9      	MOVWF       FSR0L 
0x01A4	0x0E00      	MOVLW       0
0x01A6	0x202D      	ADDWFC      FARG_Lcd_Out_text+1, 0 
0x01A8	0x6EEA      	MOVWF       FSR0H 
0x01AA	0xF02FCFEE  	MOVFF       POSTINC0, FARG_Lcd_Chr_CP_out_char
0x01AE	0xDF85      	RCALL       _Lcd_Chr_CP
0x01B0	0x2A2E      	INCF        Lcd_Out_i_L0, 1 
0x01B2	0xD7ED      	BRA         L_Lcd_Out18
L_Lcd_Out19:
;__Lib_Lcd.c,201 :: 		
0x01B4	0x8027      	BSF         __Lib_Lcd_cmd_status, BitPos(__Lib_Lcd_cmd_status+0) 
;__Lib_Lcd.c,202 :: 		
0x01B6	0x0012      	RETURN      0
; end of _Lcd_Out
___CC2DW:
;__Lib_System.c,21 :: 		
;__Lib_System.c,23 :: 		
_CC2DL_Loop1:
;__Lib_System.c,24 :: 		
0x01B8	0x0009      	TBLRD*+
;__Lib_System.c,25 :: 		
0x01BA	0xFFE6CFF5  	MOVFF       TABLAT, POSTINC1
;__Lib_System.c,26 :: 		
0x01BE	0x0600      	DECF        R0, 1, 0
;__Lib_System.c,27 :: 		
0x01C0	0xE1FB      	BNZ         _CC2DL_Loop1
;__Lib_System.c,28 :: 		
0x01C2	0x0601      	DECF        R1, 1, 0
;__Lib_System.c,29 :: 		
0x01C4	0xE1F9      	BNZ         _CC2DL_Loop1
;__Lib_System.c,31 :: 		
0x01C6	0x0012      	RETURN      0
; end of ___CC2DW
_relogio:
;Relogio.c,112 :: 		void relogio(){
;Relogio.c,114 :: 		segundo++;
0x01C8	0x2A25      	INCF        _segundo, 1 
;Relogio.c,116 :: 		if(segundo == 0x3C){ // Se segundo = 60
0x01CA	0x5025      	MOVF        _segundo, 0 
0x01CC	0x0A3C      	XORLW       60
0x01CE	0xE110      	BNZ         L_relogio3
;Relogio.c,118 :: 		segundo = 0x00;
0x01D0	0x6A25      	CLRF        _segundo 
;Relogio.c,119 :: 		minuto++;
0x01D2	0x2A26      	INCF        _minuto, 1 
;Relogio.c,121 :: 		if(minuto == 0x3C){ // se minuto = 60
0x01D4	0x5026      	MOVF        _minuto, 0 
0x01D6	0x0A3C      	XORLW       60
0x01D8	0xE10B      	BNZ         L_relogio4
;Relogio.c,123 :: 		minuto = 0x00;
0x01DA	0x6A26      	CLRF        _minuto 
;Relogio.c,124 :: 		hora++;
0x01DC	0x2A17      	INCF        _hora, 1 
;Relogio.c,126 :: 		if(hora == 0x18){ // Se hora = 24
0x01DE	0x5017      	MOVF        _hora, 0 
0x01E0	0x0A18      	XORLW       24
0x01E2	0xE106      	BNZ         L_relogio5
;Relogio.c,128 :: 		hora = 0x00;
0x01E4	0x6A17      	CLRF        _hora 
;Relogio.c,129 :: 		dia++;
0x01E6	0x2A22      	INCF        _dia, 1 
;Relogio.c,131 :: 		if(dia == 0x07) // Se dia = 7. Lembrando que a variável dia começa em 0
0x01E8	0x5022      	MOVF        _dia, 0 
0x01EA	0x0A07      	XORLW       7
0x01EC	0xB4D8      	BTFSC       STATUS, 2 
;Relogio.c,132 :: 		dia = 0x00;
0x01EE	0x6A22      	CLRF        _dia 
L_relogio6:
;Relogio.c,134 :: 		} // end if hora == 0x18
L_relogio5:
;Relogio.c,136 :: 		} // end if minuto == 0x3C
L_relogio4:
;Relogio.c,138 :: 		} // end if segundo == 0x3C
L_relogio3:
;Relogio.c,141 :: 		} // end void relogio
0x01F0	0x0012      	RETURN      0
; end of _relogio
_Lcd_Init:
;__Lib_Lcd.c,84 :: 		
;__Lib_Lcd.c,86 :: 		
0x01F2	0x9695      	BCF         LCD_EN_Direction, BitPos(LCD_EN_Direction+0) 
;__Lib_Lcd.c,87 :: 		
0x01F4	0x9495      	BCF         LCD_RS_Direction, BitPos(LCD_RS_Direction+0) 
;__Lib_Lcd.c,88 :: 		
0x01F6	0x9895      	BCF         LCD_D4_Direction, BitPos(LCD_D4_Direction+0) 
;__Lib_Lcd.c,89 :: 		
0x01F8	0x9A95      	BCF         LCD_D5_Direction, BitPos(LCD_D5_Direction+0) 
;__Lib_Lcd.c,90 :: 		
0x01FA	0x9C95      	BCF         LCD_D6_Direction, BitPos(LCD_D6_Direction+0) 
;__Lib_Lcd.c,91 :: 		
0x01FC	0x9E95      	BCF         LCD_D7_Direction, BitPos(LCD_D7_Direction+0) 
;__Lib_Lcd.c,93 :: 		
0x01FE	0x9683      	BCF         LCD_EN, BitPos(LCD_EN+0) 
;__Lib_Lcd.c,94 :: 		
0x0200	0x9483      	BCF         LCD_RS, BitPos(LCD_RS+0) 
;__Lib_Lcd.c,95 :: 		
0x0202	0x9E83      	BCF         LCD_D7, BitPos(LCD_D7+0) 
;__Lib_Lcd.c,96 :: 		
0x0204	0x9C83      	BCF         LCD_D6, BitPos(LCD_D6+0) 
;__Lib_Lcd.c,97 :: 		
0x0206	0x9A83      	BCF         LCD_D5, BitPos(LCD_D5+0) 
;__Lib_Lcd.c,98 :: 		
0x0208	0x9883      	BCF         LCD_D4, BitPos(LCD_D4+0) 
;__Lib_Lcd.c,100 :: 		
0x020A	0xDF08      	RCALL       _Delay_5500us
;__Lib_Lcd.c,101 :: 		
0x020C	0xDF07      	RCALL       _Delay_5500us
;__Lib_Lcd.c,102 :: 		
0x020E	0xDF06      	RCALL       _Delay_5500us
;__Lib_Lcd.c,105 :: 		
0x0210	0x8A83      	BSF         LCD_D5, BitPos(LCD_D5+0) 
;__Lib_Lcd.c,106 :: 		
0x0212	0x8883      	BSF         LCD_D4, BitPos(LCD_D4+0) 
;__Lib_Lcd.c,107 :: 		
0x0214	0x8683      	BSF         LCD_EN, BitPos(LCD_EN+0) 
;__Lib_Lcd.c,108 :: 		
0x0216	0xDF0B      	RCALL       _Delay_1us
;__Lib_Lcd.c,109 :: 		
0x0218	0x9683      	BCF         LCD_EN, BitPos(LCD_EN+0) 
;__Lib_Lcd.c,110 :: 		
0x021A	0xDF00      	RCALL       _Delay_5500us
;__Lib_Lcd.c,112 :: 		
0x021C	0x8683      	BSF         LCD_EN, BitPos(LCD_EN+0) 
;__Lib_Lcd.c,113 :: 		
0x021E	0xDF07      	RCALL       _Delay_1us
;__Lib_Lcd.c,114 :: 		
0x0220	0x9683      	BCF         LCD_EN, BitPos(LCD_EN+0) 
;__Lib_Lcd.c,115 :: 		
0x0222	0xDEFC      	RCALL       _Delay_5500us
;__Lib_Lcd.c,117 :: 		
0x0224	0x8683      	BSF         LCD_EN, BitPos(LCD_EN+0) 
;__Lib_Lcd.c,118 :: 		
0x0226	0xDF03      	RCALL       _Delay_1us
;__Lib_Lcd.c,119 :: 		
0x0228	0x9683      	BCF         LCD_EN, BitPos(LCD_EN+0) 
;__Lib_Lcd.c,120 :: 		
0x022A	0xDEF8      	RCALL       _Delay_5500us
;__Lib_Lcd.c,123 :: 		
0x022C	0x9883      	BCF         LCD_D4, BitPos(LCD_D4+0) 
;__Lib_Lcd.c,124 :: 		
0x022E	0x8683      	BSF         LCD_EN, BitPos(LCD_EN+0) 
;__Lib_Lcd.c,125 :: 		
0x0230	0xDEFE      	RCALL       _Delay_1us
;__Lib_Lcd.c,126 :: 		
0x0232	0x9683      	BCF         LCD_EN, BitPos(LCD_EN+0) 
;__Lib_Lcd.c,127 :: 		
0x0234	0xDEF3      	RCALL       _Delay_5500us
;__Lib_Lcd.c,130 :: 		
0x0236	0x8683      	BSF         LCD_EN, BitPos(LCD_EN+0) 
;__Lib_Lcd.c,131 :: 		
0x0238	0xDEFA      	RCALL       _Delay_1us
;__Lib_Lcd.c,132 :: 		
0x023A	0x9683      	BCF         LCD_EN, BitPos(LCD_EN+0) 
;__Lib_Lcd.c,134 :: 		
0x023C	0x9A83      	BCF         LCD_D5, BitPos(LCD_D5+0) 
;__Lib_Lcd.c,135 :: 		
0x023E	0x8E83      	BSF         LCD_D7, BitPos(LCD_D7+0) 
;__Lib_Lcd.c,136 :: 		
0x0240	0x8683      	BSF         LCD_EN, BitPos(LCD_EN+0) 
;__Lib_Lcd.c,137 :: 		
0x0242	0xDEF5      	RCALL       _Delay_1us
;__Lib_Lcd.c,138 :: 		
0x0244	0x9683      	BCF         LCD_EN, BitPos(LCD_EN+0) 
;__Lib_Lcd.c,139 :: 		
0x0246	0xDEEA      	RCALL       _Delay_5500us
;__Lib_Lcd.c,142 :: 		
0x0248	0x9E83      	BCF         LCD_D7, BitPos(LCD_D7+0) 
;__Lib_Lcd.c,143 :: 		
0x024A	0x8883      	BSF         LCD_D4, BitPos(LCD_D4+0) 
;__Lib_Lcd.c,144 :: 		
0x024C	0x8683      	BSF         LCD_EN, BitPos(LCD_EN+0) 
;__Lib_Lcd.c,145 :: 		
0x024E	0xDEEF      	RCALL       _Delay_1us
;__Lib_Lcd.c,146 :: 		
0x0250	0x9683      	BCF         LCD_EN, BitPos(LCD_EN+0) 
;__Lib_Lcd.c,148 :: 		
0x0252	0x9883      	BCF         LCD_D4, BitPos(LCD_D4+0) 
;__Lib_Lcd.c,149 :: 		
0x0254	0x8683      	BSF         LCD_EN, BitPos(LCD_EN+0) 
;__Lib_Lcd.c,150 :: 		
0x0256	0xDEEB      	RCALL       _Delay_1us
;__Lib_Lcd.c,151 :: 		
0x0258	0x9683      	BCF         LCD_EN, BitPos(LCD_EN+0) 
;__Lib_Lcd.c,152 :: 		
0x025A	0xDEE0      	RCALL       _Delay_5500us
;__Lib_Lcd.c,155 :: 		
0x025C	0x8683      	BSF         LCD_EN, BitPos(LCD_EN+0) 
;__Lib_Lcd.c,156 :: 		
0x025E	0xDEE7      	RCALL       _Delay_1us
;__Lib_Lcd.c,157 :: 		
0x0260	0x9683      	BCF         LCD_EN, BitPos(LCD_EN+0) 
;__Lib_Lcd.c,159 :: 		
0x0262	0x8883      	BSF         LCD_D4, BitPos(LCD_D4+0) 
;__Lib_Lcd.c,160 :: 		
0x0264	0x8683      	BSF         LCD_EN, BitPos(LCD_EN+0) 
;__Lib_Lcd.c,161 :: 		
0x0266	0xDEE3      	RCALL       _Delay_1us
;__Lib_Lcd.c,162 :: 		
0x0268	0x9683      	BCF         LCD_EN, BitPos(LCD_EN+0) 
;__Lib_Lcd.c,163 :: 		
0x026A	0xDED8      	RCALL       _Delay_5500us
;__Lib_Lcd.c,166 :: 		
0x026C	0x9883      	BCF         LCD_D4, BitPos(LCD_D4+0) 
;__Lib_Lcd.c,167 :: 		
0x026E	0x8683      	BSF         LCD_EN, BitPos(LCD_EN+0) 
;__Lib_Lcd.c,168 :: 		
0x0270	0xDEDE      	RCALL       _Delay_1us
;__Lib_Lcd.c,169 :: 		
0x0272	0x9683      	BCF         LCD_EN, BitPos(LCD_EN+0) 
;__Lib_Lcd.c,171 :: 		
0x0274	0x8E83      	BSF         LCD_D7, BitPos(LCD_D7+0) 
;__Lib_Lcd.c,172 :: 		
0x0276	0x8C83      	BSF         LCD_D6, BitPos(LCD_D6+0) 
;__Lib_Lcd.c,173 :: 		
0x0278	0x8A83      	BSF         LCD_D5, BitPos(LCD_D5+0) 
;__Lib_Lcd.c,174 :: 		
0x027A	0x8883      	BSF         LCD_D4, BitPos(LCD_D4+0) 
;__Lib_Lcd.c,175 :: 		
0x027C	0x8683      	BSF         LCD_EN, BitPos(LCD_EN+0) 
;__Lib_Lcd.c,176 :: 		
0x027E	0xDED7      	RCALL       _Delay_1us
;__Lib_Lcd.c,177 :: 		
0x0280	0x9683      	BCF         LCD_EN, BitPos(LCD_EN+0) 
;__Lib_Lcd.c,179 :: 		
0x0282	0xDECC      	RCALL       _Delay_5500us
;__Lib_Lcd.c,181 :: 		
0x0284	0x8027      	BSF         __Lib_Lcd_cmd_status, BitPos(__Lib_Lcd_cmd_status+0) 
;__Lib_Lcd.c,182 :: 		
0x0286	0x0012      	RETURN      0
; end of _Lcd_Init
_ajuste_Relogio:
;Relogio.c,189 :: 		void ajuste_Relogio(){
;Relogio.c,193 :: 		if(!botaoAjuste) flags.B0 = 0x01;
0x0288	0xAE81      	BTFSS       RB7_bit, 7 
0x028A	0x8021      	BSF         _flags, 0 
L_ajuste_Relogio16:
;Relogio.c,194 :: 		if(!botaoSoma) flags.B1 = 0x01;
0x028C	0xAC81      	BTFSS       RB6_bit, 6 
0x028E	0x8221      	BSF         _flags, 1 
L_ajuste_Relogio17:
;Relogio.c,195 :: 		if(!botaoSoma10) flags.B2 = 0x01;
0x0290	0xAA81      	BTFSS       RB5_bit, 5 
0x0292	0x8421      	BSF         _flags, 2 
L_ajuste_Relogio18:
;Relogio.c,197 :: 		if(botaoAjuste && flags.B0){
0x0294	0xAE81      	BTFSS       RB7_bit, 7 
0x0296	0xD008      	BRA         L_ajuste_Relogio21
0x0298	0xA021      	BTFSS       _flags, 0 
0x029A	0xD006      	BRA         L_ajuste_Relogio21
L__ajuste_Relogio59:
;Relogio.c,199 :: 		flags.B0 = 0x00;
0x029C	0x9021      	BCF         _flags, 0 
;Relogio.c,201 :: 		controleAjuste++;
0x029E	0x2A16      	INCF        _controleAjuste, 1 
;Relogio.c,203 :: 		if(controleAjuste > 4)
0x02A0	0x5016      	MOVF        _controleAjuste, 0 
0x02A2	0x0804      	SUBLW       4
0x02A4	0xA0D8      	BTFSS       STATUS, 0 
;Relogio.c,204 :: 		controleAjuste = 0x00;
0x02A6	0x6A16      	CLRF        _controleAjuste 
L_ajuste_Relogio22:
;Relogio.c,206 :: 		} // end if botaoAjuste && flags.B0
L_ajuste_Relogio21:
;Relogio.c,208 :: 		switch(controleAjuste){
0x02A8	0xD07F      	BRA         L_ajuste_Relogio23
;Relogio.c,210 :: 		case 0x00: lcd_chr(1, 1, 'H'); // Ajuste hora
L_ajuste_Relogio25:
0x02AA	0x0E01      	MOVLW       1
0x02AC	0x6E2A      	MOVWF       FARG_Lcd_Chr_row 
0x02AE	0x0E01      	MOVLW       1
0x02B0	0x6E2B      	MOVWF       FARG_Lcd_Chr_column 
0x02B2	0x0E48      	MOVLW       72
0x02B4	0x6E2C      	MOVWF       FARG_Lcd_Chr_out_char 
0x02B6	0xDF07      	RCALL       _Lcd_Chr
;Relogio.c,211 :: 		lcd_chr(2, 5, '^');
0x02B8	0x0E02      	MOVLW       2
0x02BA	0x6E2A      	MOVWF       FARG_Lcd_Chr_row 
0x02BC	0x0E05      	MOVLW       5
0x02BE	0x6E2B      	MOVWF       FARG_Lcd_Chr_column 
0x02C0	0x0E5E      	MOVLW       94
0x02C2	0x6E2C      	MOVWF       FARG_Lcd_Chr_out_char 
0x02C4	0xDF00      	RCALL       _Lcd_Chr
;Relogio.c,212 :: 		lcd_chr_cp('^');
0x02C6	0x0E5E      	MOVLW       94
0x02C8	0x6E2F      	MOVWF       FARG_Lcd_Chr_CP_out_char 
0x02CA	0xDEF7      	RCALL       _Lcd_Chr_CP
;Relogio.c,213 :: 		break;
0x02CC	0xD07E      	BRA         L_ajuste_Relogio24
;Relogio.c,214 :: 		case 0x01: lcd_chr(1, 1, 'M'); // Ajuste minuto
L_ajuste_Relogio26:
0x02CE	0x0E01      	MOVLW       1
0x02D0	0x6E2A      	MOVWF       FARG_Lcd_Chr_row 
0x02D2	0x0E01      	MOVLW       1
0x02D4	0x6E2B      	MOVWF       FARG_Lcd_Chr_column 
0x02D6	0x0E4D      	MOVLW       77
0x02D8	0x6E2C      	MOVWF       FARG_Lcd_Chr_out_char 
0x02DA	0xDEF5      	RCALL       _Lcd_Chr
;Relogio.c,215 :: 		lcd_chr(2, 5, ' ');
0x02DC	0x0E02      	MOVLW       2
0x02DE	0x6E2A      	MOVWF       FARG_Lcd_Chr_row 
0x02E0	0x0E05      	MOVLW       5
0x02E2	0x6E2B      	MOVWF       FARG_Lcd_Chr_column 
0x02E4	0x0E20      	MOVLW       32
0x02E6	0x6E2C      	MOVWF       FARG_Lcd_Chr_out_char 
0x02E8	0xDEEE      	RCALL       _Lcd_Chr
;Relogio.c,216 :: 		lcd_chr_cp(' ');
0x02EA	0x0E20      	MOVLW       32
0x02EC	0x6E2F      	MOVWF       FARG_Lcd_Chr_CP_out_char 
0x02EE	0xDEE5      	RCALL       _Lcd_Chr_CP
;Relogio.c,217 :: 		lcd_chr(2, 8, '^');
0x02F0	0x0E02      	MOVLW       2
0x02F2	0x6E2A      	MOVWF       FARG_Lcd_Chr_row 
0x02F4	0x0E08      	MOVLW       8
0x02F6	0x6E2B      	MOVWF       FARG_Lcd_Chr_column 
0x02F8	0x0E5E      	MOVLW       94
0x02FA	0x6E2C      	MOVWF       FARG_Lcd_Chr_out_char 
0x02FC	0xDEE4      	RCALL       _Lcd_Chr
;Relogio.c,218 :: 		lcd_chr_cp('^');
0x02FE	0x0E5E      	MOVLW       94
0x0300	0x6E2F      	MOVWF       FARG_Lcd_Chr_CP_out_char 
0x0302	0xDEDB      	RCALL       _Lcd_Chr_CP
;Relogio.c,219 :: 		break;
0x0304	0xD062      	BRA         L_ajuste_Relogio24
;Relogio.c,220 :: 		case 0x02: lcd_chr(1, 1, 'S'); // Ajuste segundos
L_ajuste_Relogio27:
0x0306	0x0E01      	MOVLW       1
0x0308	0x6E2A      	MOVWF       FARG_Lcd_Chr_row 
0x030A	0x0E01      	MOVLW       1
0x030C	0x6E2B      	MOVWF       FARG_Lcd_Chr_column 
0x030E	0x0E53      	MOVLW       83
0x0310	0x6E2C      	MOVWF       FARG_Lcd_Chr_out_char 
0x0312	0xDED9      	RCALL       _Lcd_Chr
;Relogio.c,221 :: 		lcd_chr(2, 8, ' ');
0x0314	0x0E02      	MOVLW       2
0x0316	0x6E2A      	MOVWF       FARG_Lcd_Chr_row 
0x0318	0x0E08      	MOVLW       8
0x031A	0x6E2B      	MOVWF       FARG_Lcd_Chr_column 
0x031C	0x0E20      	MOVLW       32
0x031E	0x6E2C      	MOVWF       FARG_Lcd_Chr_out_char 
0x0320	0xDED2      	RCALL       _Lcd_Chr
;Relogio.c,222 :: 		lcd_chr_cp(' ');
0x0322	0x0E20      	MOVLW       32
0x0324	0x6E2F      	MOVWF       FARG_Lcd_Chr_CP_out_char 
0x0326	0xDEC9      	RCALL       _Lcd_Chr_CP
;Relogio.c,223 :: 		lcd_chr(2, 11, '^');
0x0328	0x0E02      	MOVLW       2
0x032A	0x6E2A      	MOVWF       FARG_Lcd_Chr_row 
0x032C	0x0E0B      	MOVLW       11
0x032E	0x6E2B      	MOVWF       FARG_Lcd_Chr_column 
0x0330	0x0E5E      	MOVLW       94
0x0332	0x6E2C      	MOVWF       FARG_Lcd_Chr_out_char 
0x0334	0xDEC8      	RCALL       _Lcd_Chr
;Relogio.c,224 :: 		lcd_chr_cp('^');
0x0336	0x0E5E      	MOVLW       94
0x0338	0x6E2F      	MOVWF       FARG_Lcd_Chr_CP_out_char 
0x033A	0xDEBF      	RCALL       _Lcd_Chr_CP
;Relogio.c,225 :: 		break;
0x033C	0xD046      	BRA         L_ajuste_Relogio24
;Relogio.c,226 :: 		case 0x03: lcd_chr(1, 1, 'D'); // Ajuste dias
L_ajuste_Relogio28:
0x033E	0x0E01      	MOVLW       1
0x0340	0x6E2A      	MOVWF       FARG_Lcd_Chr_row 
0x0342	0x0E01      	MOVLW       1
0x0344	0x6E2B      	MOVWF       FARG_Lcd_Chr_column 
0x0346	0x0E44      	MOVLW       68
0x0348	0x6E2C      	MOVWF       FARG_Lcd_Chr_out_char 
0x034A	0xDEBD      	RCALL       _Lcd_Chr
;Relogio.c,227 :: 		lcd_chr(2, 11, ' ');
0x034C	0x0E02      	MOVLW       2
0x034E	0x6E2A      	MOVWF       FARG_Lcd_Chr_row 
0x0350	0x0E0B      	MOVLW       11
0x0352	0x6E2B      	MOVWF       FARG_Lcd_Chr_column 
0x0354	0x0E20      	MOVLW       32
0x0356	0x6E2C      	MOVWF       FARG_Lcd_Chr_out_char 
0x0358	0xDEB6      	RCALL       _Lcd_Chr
;Relogio.c,228 :: 		lcd_chr_cp(' ');
0x035A	0x0E20      	MOVLW       32
0x035C	0x6E2F      	MOVWF       FARG_Lcd_Chr_CP_out_char 
0x035E	0xDEAD      	RCALL       _Lcd_Chr_CP
;Relogio.c,229 :: 		lcd_chr(2, 14, '^');
0x0360	0x0E02      	MOVLW       2
0x0362	0x6E2A      	MOVWF       FARG_Lcd_Chr_row 
0x0364	0x0E0E      	MOVLW       14
0x0366	0x6E2B      	MOVWF       FARG_Lcd_Chr_column 
0x0368	0x0E5E      	MOVLW       94
0x036A	0x6E2C      	MOVWF       FARG_Lcd_Chr_out_char 
0x036C	0xDEAC      	RCALL       _Lcd_Chr
;Relogio.c,230 :: 		lcd_chr_cp('^');
0x036E	0x0E5E      	MOVLW       94
0x0370	0x6E2F      	MOVWF       FARG_Lcd_Chr_CP_out_char 
0x0372	0xDEA3      	RCALL       _Lcd_Chr_CP
;Relogio.c,231 :: 		lcd_chr_cp('^');
0x0374	0x0E5E      	MOVLW       94
0x0376	0x6E2F      	MOVWF       FARG_Lcd_Chr_CP_out_char 
0x0378	0xDEA0      	RCALL       _Lcd_Chr_CP
;Relogio.c,232 :: 		break;
0x037A	0xD027      	BRA         L_ajuste_Relogio24
;Relogio.c,233 :: 		case 0x04: lcd_chr(1, 1, ' ');     // Limpa linha 2
L_ajuste_Relogio29:
0x037C	0x0E01      	MOVLW       1
0x037E	0x6E2A      	MOVWF       FARG_Lcd_Chr_row 
0x0380	0x0E01      	MOVLW       1
0x0382	0x6E2B      	MOVWF       FARG_Lcd_Chr_column 
0x0384	0x0E20      	MOVLW       32
0x0386	0x6E2C      	MOVWF       FARG_Lcd_Chr_out_char 
0x0388	0xDE9E      	RCALL       _Lcd_Chr
;Relogio.c,234 :: 		for(i = 0; i < 12; i++)
0x038A	0x6A28      	CLRF        ajuste_Relogio_i_L0 
L_ajuste_Relogio30:
0x038C	0x0E0C      	MOVLW       12
0x038E	0x5C28      	SUBWF       ajuste_Relogio_i_L0, 0 
0x0390	0xE20A      	BC          L_ajuste_Relogio31
;Relogio.c,235 :: 		lcd_chr(2, i+5, ' ');
0x0392	0x0E02      	MOVLW       2
0x0394	0x6E2A      	MOVWF       FARG_Lcd_Chr_row 
0x0396	0x0E05      	MOVLW       5
0x0398	0x2428      	ADDWF       ajuste_Relogio_i_L0, 0 
0x039A	0x6E2B      	MOVWF       FARG_Lcd_Chr_column 
0x039C	0x0E20      	MOVLW       32
0x039E	0x6E2C      	MOVWF       FARG_Lcd_Chr_out_char 
0x03A0	0xDE92      	RCALL       _Lcd_Chr
;Relogio.c,234 :: 		for(i = 0; i < 12; i++)
0x03A2	0x2A28      	INCF        ajuste_Relogio_i_L0, 1 
;Relogio.c,235 :: 		lcd_chr(2, i+5, ' ');
0x03A4	0xD7F3      	BRA         L_ajuste_Relogio30
L_ajuste_Relogio31:
;Relogio.c,236 :: 		break;
0x03A6	0xD011      	BRA         L_ajuste_Relogio24
;Relogio.c,238 :: 		} // end switch controleAjuste
L_ajuste_Relogio23:
0x03A8	0x5016      	MOVF        _controleAjuste, 0 
0x03AA	0x0A00      	XORLW       0
0x03AC	0xB4D8      	BTFSC       STATUS, 2 
0x03AE	0xD77D      	BRA         L_ajuste_Relogio25
0x03B0	0x5016      	MOVF        _controleAjuste, 0 
0x03B2	0x0A01      	XORLW       1
0x03B4	0xB4D8      	BTFSC       STATUS, 2 
0x03B6	0xD78B      	BRA         L_ajuste_Relogio26
0x03B8	0x5016      	MOVF        _controleAjuste, 0 
0x03BA	0x0A02      	XORLW       2
0x03BC	0xE0A4      	BZ          L_ajuste_Relogio27
0x03BE	0x5016      	MOVF        _controleAjuste, 0 
0x03C0	0x0A03      	XORLW       3
0x03C2	0xE0BD      	BZ          L_ajuste_Relogio28
0x03C4	0x5016      	MOVF        _controleAjuste, 0 
0x03C6	0x0A04      	XORLW       4
0x03C8	0xE0D9      	BZ          L_ajuste_Relogio29
L_ajuste_Relogio24:
;Relogio.c,240 :: 		if(botaoSoma && flags.B1){
0x03CA	0xAC81      	BTFSS       RB6_bit, 6 
0x03CC	0xD028      	BRA         L_ajuste_Relogio35
0x03CE	0xA221      	BTFSS       _flags, 1 
0x03D0	0xD026      	BRA         L_ajuste_Relogio35
L__ajuste_Relogio58:
;Relogio.c,242 :: 		flags.B1 = 0x00;
0x03D2	0x9221      	BCF         _flags, 1 
;Relogio.c,244 :: 		switch(controleAjuste){
0x03D4	0xD018      	BRA         L_ajuste_Relogio36
;Relogio.c,246 :: 		case 0x00: hora++;
L_ajuste_Relogio38:
0x03D6	0x2A17      	INCF        _hora, 1 
;Relogio.c,247 :: 		if(hora == 0x18)
0x03D8	0x5017      	MOVF        _hora, 0 
0x03DA	0x0A18      	XORLW       24
0x03DC	0xB4D8      	BTFSC       STATUS, 2 
;Relogio.c,248 :: 		hora = 0x00;
0x03DE	0x6A17      	CLRF        _hora 
L_ajuste_Relogio39:
;Relogio.c,249 :: 		break;
0x03E0	0xD01E      	BRA         L_ajuste_Relogio37
;Relogio.c,250 :: 		case 0x01: minuto++;
L_ajuste_Relogio40:
0x03E2	0x2A26      	INCF        _minuto, 1 
;Relogio.c,251 :: 		if(minuto == 0x3C)
0x03E4	0x5026      	MOVF        _minuto, 0 
0x03E6	0x0A3C      	XORLW       60
0x03E8	0xB4D8      	BTFSC       STATUS, 2 
;Relogio.c,252 :: 		minuto = 0x00;
0x03EA	0x6A26      	CLRF        _minuto 
L_ajuste_Relogio41:
;Relogio.c,253 :: 		break;
0x03EC	0xD018      	BRA         L_ajuste_Relogio37
;Relogio.c,254 :: 		case 0x02: segundo++;
L_ajuste_Relogio42:
0x03EE	0x2A25      	INCF        _segundo, 1 
;Relogio.c,255 :: 		if(segundo == 0x3C)
0x03F0	0x5025      	MOVF        _segundo, 0 
0x03F2	0x0A3C      	XORLW       60
0x03F4	0xB4D8      	BTFSC       STATUS, 2 
;Relogio.c,256 :: 		segundo = 0x00;
0x03F6	0x6A25      	CLRF        _segundo 
L_ajuste_Relogio43:
;Relogio.c,257 :: 		break;
0x03F8	0xD012      	BRA         L_ajuste_Relogio37
;Relogio.c,258 :: 		case 0x03: dia++;
L_ajuste_Relogio44:
0x03FA	0x2A22      	INCF        _dia, 1 
;Relogio.c,259 :: 		if(dia == 0x07)
0x03FC	0x5022      	MOVF        _dia, 0 
0x03FE	0x0A07      	XORLW       7
0x0400	0xB4D8      	BTFSC       STATUS, 2 
;Relogio.c,260 :: 		dia = 0x00;
0x0402	0x6A22      	CLRF        _dia 
L_ajuste_Relogio45:
;Relogio.c,261 :: 		break;
0x0404	0xD00C      	BRA         L_ajuste_Relogio37
;Relogio.c,263 :: 		} // end switch controleAjuste
L_ajuste_Relogio36:
0x0406	0x5016      	MOVF        _controleAjuste, 0 
0x0408	0x0A00      	XORLW       0
0x040A	0xE0E5      	BZ          L_ajuste_Relogio38
0x040C	0x5016      	MOVF        _controleAjuste, 0 
0x040E	0x0A01      	XORLW       1
0x0410	0xE0E8      	BZ          L_ajuste_Relogio40
0x0412	0x5016      	MOVF        _controleAjuste, 0 
0x0414	0x0A02      	XORLW       2
0x0416	0xE0EB      	BZ          L_ajuste_Relogio42
0x0418	0x5016      	MOVF        _controleAjuste, 0 
0x041A	0x0A03      	XORLW       3
0x041C	0xE0EE      	BZ          L_ajuste_Relogio44
L_ajuste_Relogio37:
;Relogio.c,265 :: 		} // end if botaoSoma && flags.B1
L_ajuste_Relogio35:
;Relogio.c,267 :: 		if(botaoSoma10 && flags.B2){
0x041E	0xAA81      	BTFSS       RB5_bit, 5 
0x0420	0xD02B      	BRA         L_ajuste_Relogio48
0x0422	0xA421      	BTFSS       _flags, 2 
0x0424	0xD029      	BRA         L_ajuste_Relogio48
L__ajuste_Relogio57:
;Relogio.c,269 :: 		flags.B2 = 0x00;
0x0426	0x9421      	BCF         _flags, 2 
;Relogio.c,271 :: 		switch(controleAjuste){
0x0428	0xD01E      	BRA         L_ajuste_Relogio49
;Relogio.c,273 :: 		case 0x00: hora = hora + 10;
L_ajuste_Relogio51:
0x042A	0x0E0A      	MOVLW       10
0x042C	0x2417      	ADDWF       _hora, 0 
0x042E	0x6E01      	MOVWF       R1 
0x0430	0xF017C001  	MOVFF       R1, _hora
;Relogio.c,274 :: 		if(hora >= 0x18)
0x0434	0x0E18      	MOVLW       24
0x0436	0x5C01      	SUBWF       R1, 0 
0x0438	0xB0D8      	BTFSC       STATUS, 0 
;Relogio.c,275 :: 		hora = 0x00;
0x043A	0x6A17      	CLRF        _hora 
L_ajuste_Relogio52:
;Relogio.c,276 :: 		break;
0x043C	0xD01D      	BRA         L_ajuste_Relogio50
;Relogio.c,277 :: 		case 0x01: minuto = minuto + 10;
L_ajuste_Relogio53:
0x043E	0x0E0A      	MOVLW       10
0x0440	0x2426      	ADDWF       _minuto, 0 
0x0442	0x6E01      	MOVWF       R1 
0x0444	0xF026C001  	MOVFF       R1, _minuto
;Relogio.c,278 :: 		if(minuto >= 0x3C)
0x0448	0x0E3C      	MOVLW       60
0x044A	0x5C01      	SUBWF       R1, 0 
0x044C	0xB0D8      	BTFSC       STATUS, 0 
;Relogio.c,279 :: 		minuto = 0x00;
0x044E	0x6A26      	CLRF        _minuto 
L_ajuste_Relogio54:
;Relogio.c,280 :: 		break;
0x0450	0xD013      	BRA         L_ajuste_Relogio50
;Relogio.c,281 :: 		case 0x02: segundo = segundo + 10;
L_ajuste_Relogio55:
0x0452	0x0E0A      	MOVLW       10
0x0454	0x2425      	ADDWF       _segundo, 0 
0x0456	0x6E01      	MOVWF       R1 
0x0458	0xF025C001  	MOVFF       R1, _segundo
;Relogio.c,282 :: 		if(segundo >= 0x3C)
0x045C	0x0E3C      	MOVLW       60
0x045E	0x5C01      	SUBWF       R1, 0 
0x0460	0xB0D8      	BTFSC       STATUS, 0 
;Relogio.c,283 :: 		segundo = 0x00;
0x0462	0x6A25      	CLRF        _segundo 
L_ajuste_Relogio56:
;Relogio.c,284 :: 		break;
0x0464	0xD009      	BRA         L_ajuste_Relogio50
;Relogio.c,286 :: 		} // end switch controleAjuste
L_ajuste_Relogio49:
0x0466	0x5016      	MOVF        _controleAjuste, 0 
0x0468	0x0A00      	XORLW       0
0x046A	0xE0DF      	BZ          L_ajuste_Relogio51
0x046C	0x5016      	MOVF        _controleAjuste, 0 
0x046E	0x0A01      	XORLW       1
0x0470	0xE0E6      	BZ          L_ajuste_Relogio53
0x0472	0x5016      	MOVF        _controleAjuste, 0 
0x0474	0x0A02      	XORLW       2
0x0476	0xE0ED      	BZ          L_ajuste_Relogio55
L_ajuste_Relogio50:
;Relogio.c,288 :: 		} // end if botaoSoma10 && flags.B2
L_ajuste_Relogio48:
;Relogio.c,290 :: 		} // end void ajuste_Relogio
0x0478	0x0012      	RETURN      0
; end of _ajuste_Relogio
_display_Relogio:
;Relogio.c,143 :: 		void display_Relogio(){
;Relogio.c,145 :: 		texto[7] = segundo%10 + '0';
0x047A	0x0E07      	MOVLW       7
0x047C	0x2423      	ADDWF       _texto, 0 
0x047E	0x6E28      	MOVWF       FLOC__display_Relogio 
0x0480	0x0E00      	MOVLW       0
0x0482	0x2024      	ADDWFC      _texto+1, 0 
0x0484	0x6E29      	MOVWF       FLOC__display_Relogio+1 
0x0486	0x0E0A      	MOVLW       10
0x0488	0x6E04      	MOVWF       R4 
0x048A	0xF000C025  	MOVFF       _segundo, R0
0x048E	0xDE48      	RCALL       _Div_8x8_U
0x0490	0xF000C008  	MOVFF       R8, R0
0x0494	0x0E30      	MOVLW       48
0x0496	0x2600      	ADDWF       R0, 1 
0x0498	0xFFE1C028  	MOVFF       FLOC__display_Relogio, FSR1L
0x049C	0xFFE2C029  	MOVFF       FLOC__display_Relogio+1, FSR1H
0x04A0	0xFFE6C000  	MOVFF       R0, POSTINC1
;Relogio.c,146 :: 		texto[6] = segundo/10 + '0';
0x04A4	0x0E06      	MOVLW       6
0x04A6	0x2423      	ADDWF       _texto, 0 
0x04A8	0x6E28      	MOVWF       FLOC__display_Relogio 
0x04AA	0x0E00      	MOVLW       0
0x04AC	0x2024      	ADDWFC      _texto+1, 0 
0x04AE	0x6E29      	MOVWF       FLOC__display_Relogio+1 
0x04B0	0x0E0A      	MOVLW       10
0x04B2	0x6E04      	MOVWF       R4 
0x04B4	0xF000C025  	MOVFF       _segundo, R0
0x04B8	0xDE33      	RCALL       _Div_8x8_U
0x04BA	0x0E30      	MOVLW       48
0x04BC	0x2600      	ADDWF       R0, 1 
0x04BE	0xFFE1C028  	MOVFF       FLOC__display_Relogio, FSR1L
0x04C2	0xFFE2C029  	MOVFF       FLOC__display_Relogio+1, FSR1H
0x04C6	0xFFE6C000  	MOVFF       R0, POSTINC1
;Relogio.c,147 :: 		texto[4] = minuto%10 + '0';
0x04CA	0x0E04      	MOVLW       4
0x04CC	0x2423      	ADDWF       _texto, 0 
0x04CE	0x6E28      	MOVWF       FLOC__display_Relogio 
0x04D0	0x0E00      	MOVLW       0
0x04D2	0x2024      	ADDWFC      _texto+1, 0 
0x04D4	0x6E29      	MOVWF       FLOC__display_Relogio+1 
0x04D6	0x0E0A      	MOVLW       10
0x04D8	0x6E04      	MOVWF       R4 
0x04DA	0xF000C026  	MOVFF       _minuto, R0
0x04DE	0xDE20      	RCALL       _Div_8x8_U
0x04E0	0xF000C008  	MOVFF       R8, R0
0x04E4	0x0E30      	MOVLW       48
0x04E6	0x2600      	ADDWF       R0, 1 
0x04E8	0xFFE1C028  	MOVFF       FLOC__display_Relogio, FSR1L
0x04EC	0xFFE2C029  	MOVFF       FLOC__display_Relogio+1, FSR1H
0x04F0	0xFFE6C000  	MOVFF       R0, POSTINC1
;Relogio.c,148 :: 		texto[3] = minuto/10 + '0';
0x04F4	0x0E03      	MOVLW       3
0x04F6	0x2423      	ADDWF       _texto, 0 
0x04F8	0x6E28      	MOVWF       FLOC__display_Relogio 
0x04FA	0x0E00      	MOVLW       0
0x04FC	0x2024      	ADDWFC      _texto+1, 0 
0x04FE	0x6E29      	MOVWF       FLOC__display_Relogio+1 
0x0500	0x0E0A      	MOVLW       10
0x0502	0x6E04      	MOVWF       R4 
0x0504	0xF000C026  	MOVFF       _minuto, R0
0x0508	0xDE0B      	RCALL       _Div_8x8_U
0x050A	0x0E30      	MOVLW       48
0x050C	0x2600      	ADDWF       R0, 1 
0x050E	0xFFE1C028  	MOVFF       FLOC__display_Relogio, FSR1L
0x0512	0xFFE2C029  	MOVFF       FLOC__display_Relogio+1, FSR1H
0x0516	0xFFE6C000  	MOVFF       R0, POSTINC1
;Relogio.c,149 :: 		texto[1] = hora%10 + '0';
0x051A	0x0E01      	MOVLW       1
0x051C	0x2423      	ADDWF       _texto, 0 
0x051E	0x6E28      	MOVWF       FLOC__display_Relogio 
0x0520	0x0E00      	MOVLW       0
0x0522	0x2024      	ADDWFC      _texto+1, 0 
0x0524	0x6E29      	MOVWF       FLOC__display_Relogio+1 
0x0526	0x0E0A      	MOVLW       10
0x0528	0x6E04      	MOVWF       R4 
0x052A	0xF000C017  	MOVFF       _hora, R0
0x052E	0xDDF8      	RCALL       _Div_8x8_U
0x0530	0xF000C008  	MOVFF       R8, R0
0x0534	0x0E30      	MOVLW       48
0x0536	0x2600      	ADDWF       R0, 1 
0x0538	0xFFE1C028  	MOVFF       FLOC__display_Relogio, FSR1L
0x053C	0xFFE2C029  	MOVFF       FLOC__display_Relogio+1, FSR1H
0x0540	0xFFE6C000  	MOVFF       R0, POSTINC1
;Relogio.c,150 :: 		texto[0] = hora/10 + '0';
0x0544	0xF028C023  	MOVFF       _texto, FLOC__display_Relogio
0x0548	0xF029C024  	MOVFF       _texto+1, FLOC__display_Relogio+1
0x054C	0x0E0A      	MOVLW       10
0x054E	0x6E04      	MOVWF       R4 
0x0550	0xF000C017  	MOVFF       _hora, R0
0x0554	0xDDE5      	RCALL       _Div_8x8_U
0x0556	0x0E30      	MOVLW       48
0x0558	0x2600      	ADDWF       R0, 1 
0x055A	0xFFE1C028  	MOVFF       FLOC__display_Relogio, FSR1L
0x055E	0xFFE2C029  	MOVFF       FLOC__display_Relogio+1, FSR1H
0x0562	0xFFE6C000  	MOVFF       R0, POSTINC1
;Relogio.c,152 :: 		lcd_out(1, 5, texto);
0x0566	0x0E01      	MOVLW       1
0x0568	0x6E2A      	MOVWF       FARG_Lcd_Out_row 
0x056A	0x0E05      	MOVLW       5
0x056C	0x6E2B      	MOVWF       FARG_Lcd_Out_column 
0x056E	0xF02CC023  	MOVFF       _texto, FARG_Lcd_Out_text
0x0572	0xF02DC024  	MOVFF       _texto+1, FARG_Lcd_Out_text+1
0x0576	0xDDE3      	RCALL       _Lcd_Out
;Relogio.c,154 :: 		switch(dia){
0x0578	0xD062      	BRA         L_display_Relogio7
;Relogio.c,156 :: 		case 0: lcd_chr(1, 14, 'D');
L_display_Relogio9:
0x057A	0x0E01      	MOVLW       1
0x057C	0x6E2A      	MOVWF       FARG_Lcd_Chr_row 
0x057E	0x0E0E      	MOVLW       14
0x0580	0x6E2B      	MOVWF       FARG_Lcd_Chr_column 
0x0582	0x0E44      	MOVLW       68
0x0584	0x6E2C      	MOVWF       FARG_Lcd_Chr_out_char 
0x0586	0xDD9F      	RCALL       _Lcd_Chr
;Relogio.c,157 :: 		lcd_chr_cp('o');
0x0588	0x0E6F      	MOVLW       111
0x058A	0x6E2F      	MOVWF       FARG_Lcd_Chr_CP_out_char 
0x058C	0xDD96      	RCALL       _Lcd_Chr_CP
;Relogio.c,158 :: 		lcd_chr_cp('m');
0x058E	0x0E6D      	MOVLW       109
0x0590	0x6E2F      	MOVWF       FARG_Lcd_Chr_CP_out_char 
0x0592	0xDD93      	RCALL       _Lcd_Chr_CP
;Relogio.c,159 :: 		break;
0x0594	0xD069      	BRA         L_display_Relogio8
;Relogio.c,160 :: 		case 1: lcd_chr(1, 14, 'S');
L_display_Relogio10:
0x0596	0x0E01      	MOVLW       1
0x0598	0x6E2A      	MOVWF       FARG_Lcd_Chr_row 
0x059A	0x0E0E      	MOVLW       14
0x059C	0x6E2B      	MOVWF       FARG_Lcd_Chr_column 
0x059E	0x0E53      	MOVLW       83
0x05A0	0x6E2C      	MOVWF       FARG_Lcd_Chr_out_char 
0x05A2	0xDD91      	RCALL       _Lcd_Chr
;Relogio.c,161 :: 		lcd_chr_cp('e');
0x05A4	0x0E65      	MOVLW       101
0x05A6	0x6E2F      	MOVWF       FARG_Lcd_Chr_CP_out_char 
0x05A8	0xDD88      	RCALL       _Lcd_Chr_CP
;Relogio.c,162 :: 		lcd_chr_cp('g');
0x05AA	0x0E67      	MOVLW       103
0x05AC	0x6E2F      	MOVWF       FARG_Lcd_Chr_CP_out_char 
0x05AE	0xDD85      	RCALL       _Lcd_Chr_CP
;Relogio.c,163 :: 		break;
0x05B0	0xD05B      	BRA         L_display_Relogio8
;Relogio.c,164 :: 		case 2: lcd_chr(1, 14, 'T');
L_display_Relogio11:
0x05B2	0x0E01      	MOVLW       1
0x05B4	0x6E2A      	MOVWF       FARG_Lcd_Chr_row 
0x05B6	0x0E0E      	MOVLW       14
0x05B8	0x6E2B      	MOVWF       FARG_Lcd_Chr_column 
0x05BA	0x0E54      	MOVLW       84
0x05BC	0x6E2C      	MOVWF       FARG_Lcd_Chr_out_char 
0x05BE	0xDD83      	RCALL       _Lcd_Chr
;Relogio.c,165 :: 		lcd_chr_cp('e');
0x05C0	0x0E65      	MOVLW       101
0x05C2	0x6E2F      	MOVWF       FARG_Lcd_Chr_CP_out_char 
0x05C4	0xDD7A      	RCALL       _Lcd_Chr_CP
;Relogio.c,166 :: 		lcd_chr_cp('r');
0x05C6	0x0E72      	MOVLW       114
0x05C8	0x6E2F      	MOVWF       FARG_Lcd_Chr_CP_out_char 
0x05CA	0xDD77      	RCALL       _Lcd_Chr_CP
;Relogio.c,167 :: 		break;
0x05CC	0xD04D      	BRA         L_display_Relogio8
;Relogio.c,168 :: 		case 3: lcd_chr(1, 14, 'Q');
L_display_Relogio12:
0x05CE	0x0E01      	MOVLW       1
0x05D0	0x6E2A      	MOVWF       FARG_Lcd_Chr_row 
0x05D2	0x0E0E      	MOVLW       14
0x05D4	0x6E2B      	MOVWF       FARG_Lcd_Chr_column 
0x05D6	0x0E51      	MOVLW       81
0x05D8	0x6E2C      	MOVWF       FARG_Lcd_Chr_out_char 
0x05DA	0xDD75      	RCALL       _Lcd_Chr
;Relogio.c,169 :: 		lcd_chr_cp('u');
0x05DC	0x0E75      	MOVLW       117
0x05DE	0x6E2F      	MOVWF       FARG_Lcd_Chr_CP_out_char 
0x05E0	0xDD6C      	RCALL       _Lcd_Chr_CP
;Relogio.c,170 :: 		lcd_chr_cp('a');
0x05E2	0x0E61      	MOVLW       97
0x05E4	0x6E2F      	MOVWF       FARG_Lcd_Chr_CP_out_char 
0x05E6	0xDD69      	RCALL       _Lcd_Chr_CP
;Relogio.c,171 :: 		break;
0x05E8	0xD03F      	BRA         L_display_Relogio8
;Relogio.c,172 :: 		case 4: lcd_chr(1, 14, 'Q');
L_display_Relogio13:
0x05EA	0x0E01      	MOVLW       1
0x05EC	0x6E2A      	MOVWF       FARG_Lcd_Chr_row 
0x05EE	0x0E0E      	MOVLW       14
0x05F0	0x6E2B      	MOVWF       FARG_Lcd_Chr_column 
0x05F2	0x0E51      	MOVLW       81
0x05F4	0x6E2C      	MOVWF       FARG_Lcd_Chr_out_char 
0x05F6	0xDD67      	RCALL       _Lcd_Chr
;Relogio.c,173 :: 		lcd_chr_cp('u');
0x05F8	0x0E75      	MOVLW       117
0x05FA	0x6E2F      	MOVWF       FARG_Lcd_Chr_CP_out_char 
0x05FC	0xDD5E      	RCALL       _Lcd_Chr_CP
;Relogio.c,174 :: 		lcd_chr_cp('i');
0x05FE	0x0E69      	MOVLW       105
0x0600	0x6E2F      	MOVWF       FARG_Lcd_Chr_CP_out_char 
0x0602	0xDD5B      	RCALL       _Lcd_Chr_CP
;Relogio.c,175 :: 		break;
0x0604	0xD031      	BRA         L_display_Relogio8
;Relogio.c,176 :: 		case 5: lcd_chr(1, 14, 'S');
L_display_Relogio14:
0x0606	0x0E01      	MOVLW       1
0x0608	0x6E2A      	MOVWF       FARG_Lcd_Chr_row 
0x060A	0x0E0E      	MOVLW       14
0x060C	0x6E2B      	MOVWF       FARG_Lcd_Chr_column 
0x060E	0x0E53      	MOVLW       83
0x0610	0x6E2C      	MOVWF       FARG_Lcd_Chr_out_char 
0x0612	0xDD59      	RCALL       _Lcd_Chr
;Relogio.c,177 :: 		lcd_chr_cp('e');
0x0614	0x0E65      	MOVLW       101
0x0616	0x6E2F      	MOVWF       FARG_Lcd_Chr_CP_out_char 
0x0618	0xDD50      	RCALL       _Lcd_Chr_CP
;Relogio.c,178 :: 		lcd_chr_cp('x');
0x061A	0x0E78      	MOVLW       120
0x061C	0x6E2F      	MOVWF       FARG_Lcd_Chr_CP_out_char 
0x061E	0xDD4D      	RCALL       _Lcd_Chr_CP
;Relogio.c,179 :: 		break;
0x0620	0xD023      	BRA         L_display_Relogio8
;Relogio.c,180 :: 		case 6: lcd_chr(1, 14, 'S');
L_display_Relogio15:
0x0622	0x0E01      	MOVLW       1
0x0624	0x6E2A      	MOVWF       FARG_Lcd_Chr_row 
0x0626	0x0E0E      	MOVLW       14
0x0628	0x6E2B      	MOVWF       FARG_Lcd_Chr_column 
0x062A	0x0E53      	MOVLW       83
0x062C	0x6E2C      	MOVWF       FARG_Lcd_Chr_out_char 
0x062E	0xDD4B      	RCALL       _Lcd_Chr
;Relogio.c,181 :: 		lcd_chr_cp('a');
0x0630	0x0E61      	MOVLW       97
0x0632	0x6E2F      	MOVWF       FARG_Lcd_Chr_CP_out_char 
0x0634	0xDD42      	RCALL       _Lcd_Chr_CP
;Relogio.c,182 :: 		lcd_chr_cp('b');
0x0636	0x0E62      	MOVLW       98
0x0638	0x6E2F      	MOVWF       FARG_Lcd_Chr_CP_out_char 
0x063A	0xDD3F      	RCALL       _Lcd_Chr_CP
;Relogio.c,183 :: 		break;
0x063C	0xD015      	BRA         L_display_Relogio8
;Relogio.c,185 :: 		} // end switch dia
L_display_Relogio7:
0x063E	0x5022      	MOVF        _dia, 0 
0x0640	0x0A00      	XORLW       0
0x0642	0xE09B      	BZ          L_display_Relogio9
0x0644	0x5022      	MOVF        _dia, 0 
0x0646	0x0A01      	XORLW       1
0x0648	0xE0A6      	BZ          L_display_Relogio10
0x064A	0x5022      	MOVF        _dia, 0 
0x064C	0x0A02      	XORLW       2
0x064E	0xE0B1      	BZ          L_display_Relogio11
0x0650	0x5022      	MOVF        _dia, 0 
0x0652	0x0A03      	XORLW       3
0x0654	0xE0BC      	BZ          L_display_Relogio12
0x0656	0x5022      	MOVF        _dia, 0 
0x0658	0x0A04      	XORLW       4
0x065A	0xE0C7      	BZ          L_display_Relogio13
0x065C	0x5022      	MOVF        _dia, 0 
0x065E	0x0A05      	XORLW       5
0x0660	0xE0D2      	BZ          L_display_Relogio14
0x0662	0x5022      	MOVF        _dia, 0 
0x0664	0x0A06      	XORLW       6
0x0666	0xE0DD      	BZ          L_display_Relogio15
L_display_Relogio8:
;Relogio.c,187 :: 		} // end void display_Relogio
0x0668	0x0012      	RETURN      0
; end of _display_Relogio
_main:
0x066A	0xF003EC57  	CALL        1710, 0
;Relogio.c,78 :: 		void main() {
;Relogio.c,83 :: 		INTCON = 0xC0; // Habilita a interrupção global e por periféricos
0x066E	0x0EC0      	MOVLW       192
0x0670	0x6EF2      	MOVWF       INTCON 
;Relogio.c,86 :: 		TMR1IE_bit = 0x01; // Habilita a interrupção do timer1 por overflow
0x0672	0x809D      	BSF         TMR1IE_bit, 0 
;Relogio.c,89 :: 		T1CON = 0x0B; // Configura o timer1 com 8 bits,pic com outro oscilador, prescaler 1:1, liga o oscilador do timer1, síncrono, clock
0x0674	0x0E0B      	MOVLW       11
0x0676	0x6ECD      	MOVWF       T1CON 
;Relogio.c,93 :: 		TMR1L = 0x00; // Inicia o timer1 em 32768, para uma contagem de 32768
0x0678	0x6ACE      	CLRF        TMR1L 
;Relogio.c,94 :: 		TMR1H = 0x80;
0x067A	0x0E80      	MOVLW       128
0x067C	0x6ECF      	MOVWF       TMR1H 
;Relogio.c,96 :: 		ADCON1 = 0x0F; // Configura todos os pinos que poderiam ser analógicos como digitais
0x067E	0x0E0F      	MOVLW       15
0x0680	0x6EC1      	MOVWF       ADCON1 
;Relogio.c,97 :: 		TRISB = 0xFF; // Configura todo portb como entrada digital
0x0682	0x0EFF      	MOVLW       255
0x0684	0x6E93      	MOVWF       TRISB 
;Relogio.c,100 :: 		lcd_init();
0x0686	0xDDB5      	RCALL       _Lcd_Init
;Relogio.c,101 :: 		lcd_cmd(_LCD_CURSOR_OFF);
0x0688	0x0E0C      	MOVLW       12
0x068A	0x6E30      	MOVWF       FARG_Lcd_Cmd_out_char 
0x068C	0xDCD8      	RCALL       _Lcd_Cmd
;Relogio.c,102 :: 		lcd_cmd(_LCD_CLEAR);
0x068E	0x0E01      	MOVLW       1
0x0690	0x6E30      	MOVWF       FARG_Lcd_Cmd_out_char 
0x0692	0xDCD5      	RCALL       _Lcd_Cmd
;Relogio.c,105 :: 		while(1){
L_main1:
;Relogio.c,107 :: 		display_Relogio();
0x0694	0xDEF2      	RCALL       _display_Relogio
;Relogio.c,108 :: 		ajuste_Relogio();
0x0696	0xDDF8      	RCALL       _ajuste_Relogio
;Relogio.c,109 :: 		} //end loop infinito
0x0698	0xD7FD      	BRA         L_main1
;Relogio.c,110 :: 		} // end void main
0x069A	0xD7FF      	BRA         $+0
; end of _main
0x06AE	0xF016EE10  	LFSR        1, 22
0x06B2	0x0E11      	MOVLW       17
0x06B4	0x6E00      	MOVWF       R0 
0x06B6	0x0E01      	MOVLW       1
0x06B8	0x6E01      	MOVWF       R1 
0x06BA	0x0E9C      	MOVLW       156
0x06BC	0x6EF6      	MOVWF       4086 
0x06BE	0x0E06      	MOVLW       6
0x06C0	0x6EF7      	MOVWF       TBLPTRH 
0x06C2	0x0E00      	MOVLW       0
0x06C4	0x6EF8      	MOVWF       TBLPTRU 
0x06C6	0xF000ECDC  	CALL        440, 0
0x06CA	0x0012      	RETURN      0
;Relogio.c,0 :: ?ICS_controleAjuste
0x069C	0x05 ;?ICS_controleAjuste+0
; end of ?ICS_controleAjuste
;Relogio.c,0 :: ?ICS_hora
0x069D	0x00 ;?ICS_hora+0
; end of ?ICS_hora
;Relogio.c,0 :: ?ICS?lstr1_Relogio
0x069E	0x3030 ;?ICS?lstr1_Relogio+0
0x06A0	0x303A ;?ICS?lstr1_Relogio+2
0x06A2	0x3A30 ;?ICS?lstr1_Relogio+4
0x06A4	0x3030 ;?ICS?lstr1_Relogio+6
0x06A6	0x00 ;?ICS?lstr1_Relogio+8
; end of ?ICS?lstr1_Relogio
;Relogio.c,0 :: ?ICS_flags
0x06A7	0x00 ;?ICS_flags+0
; end of ?ICS_flags
;Relogio.c,0 :: ?ICS_dia
0x06A8	0x00 ;?ICS_dia+0
; end of ?ICS_dia
;Relogio.c,0 :: ?ICS_texto
0x06A9	0x0018 ;?ICS_texto+0
; end of ?ICS_texto
;Relogio.c,0 :: ?ICS_segundo
0x06AB	0x00 ;?ICS_segundo+0
; end of ?ICS_segundo
;Relogio.c,0 :: ?ICS_minuto
0x06AC	0x00 ;?ICS_minuto+0
; end of ?ICS_minuto
Symbol List:
//** Routines locations **
//ADDRESS    SIZE    PROCEDURE
//----------------------------------------------
0x0008      [20]    _interrupt
0x001C      [18]    _Delay_5500us
0x002E       [4]    _Delay_1us
0x0032      [12]    _Delay_50us
0x003E     [124]    _Lcd_Cmd
0x00BA      [12]    _Lcd_Chr_CP
0x00C6      [90]    _Lcd_Chr
0x0120      [30]    _Div_8x8_U
0x013E     [122]    _Lcd_Out
0x01B8      [16]    ___CC2DW
0x01C8      [42]    _relogio
0x01F2     [150]    _Lcd_Init
0x0288     [498]    _ajuste_Relogio
0x047A     [496]    _display_Relogio
0x066A      [50]    _main
//** Variables locations ** 
//ADDRESS    SIZE    VARIABLE
//----------------------------------------------
0x0000       [1]    UART1_Init_tmp_L0
0x0000       [1]    SPI1_Write_tmp_L0
0x0000       [1]    __Lib_SoftI2C_PutZerosToLATScl_temp_scl_L0
0x0000       [1]    __Lib_SoftI2C_PutZerosToLATSda_temp_sda_L0
0x0000       [1]    EEPROM_Write_SaveINTCON_L0
0x0000       [1]    R0
0x0000       [1]    FLASH_Erase_64_SaveINTCON_L0
0x0001       [1]    UART1_Read___tmp_UART1_Read_L0
0x0001       [1]    ispunct_rslt_L0
0x0001       [1]    FLASH_Write_32_i_L0
0x0001       [2]    FLASH_Read_N_Bytes_i_L0
0x0001       [1]    R1
0x0001       [1]    FLASH_Erase_Write_64_i_L0
0x0001       [1]    I2C1_Rd_tmp_L0
0x0001       [1]    __Lib_PS2_Wait_Falling_nsample_L0
0x0002       [2]    memset_pp_L0
0x0002       [1]    FLASH_Erase_Write_64_j_L0
0x0002       [1]    FLASH_Write_32_SaveINTCON_L0
0x0002       [1]    R2
0x0002       [2]    memcpy_dd_L0
0x0002       [2]    memchr_s_L0
0x0002       [2]    strlen_cp_L0
0x0003       [1]    R3
0x0003       [2]    Ltrim_original_L0
0x0003       [1]    FLASH_Erase_Write_64_SaveINTCON_L0
0x0003       [2]    memmove_tt_L0
0x0004       [2]    strcpy_cp_L0
0x0004       [2]    frexp_pom_L0
0x0004       [2]    memcpy_ss_L0
0x0004       [1]    R4
0x0004       [2]    strncpy_cp_L0
0x0004       [2]    strncat_cp_L0
0x0004       [2]    strcat_cp_L0
0x0005       [1]    R5
0x0005       [2]    Ltrim_p_L0
0x0005       [2]    LongIntToHex_input_half_L0
0x0005       [2]    LongWordToHex_input_half_L0
0x0005       [2]    memmove_ff_L0
0x0006       [1]    R6
0x0007       [1]    R7
0x0008       [1]    R8
0x0009       [1]    R9
0x000A       [1]    R10
0x000B       [1]    R11
0x000C       [1]    R12
0x000D       [1]    R13
0x000E       [1]    R14
0x000F       [1]    R15
0x0010       [1]    R16
0x0011       [1]    R17
0x0012       [1]    R18
0x0013       [1]    R19
0x0014       [1]    R20
0x0016       [1]    _controleAjuste
0x0017       [1]    _hora
0x0018       [9]    ?lstr1_Relogio
0x0021       [1]    _flags
0x0022       [1]    _dia
0x0023       [2]    _texto
0x0025       [1]    _segundo
0x0026       [1]    _minuto
0x0027       [0]    __Lib_Lcd_cmd_status
0x0028       [1]    ajuste_Relogio_i_L0
0x0028       [2]    FLOC__display_Relogio
0x002A       [1]    FARG_Lcd_Chr_row
0x002A       [1]    FARG_Lcd_Out_row
0x002B       [1]    FARG_Lcd_Chr_column
0x002B       [1]    FARG_Lcd_Out_column
0x002C       [2]    FARG_Lcd_Out_text
0x002C       [1]    FARG_Lcd_Chr_out_char
0x002E       [1]    Lcd_Out_i_L0
0x002F       [1]    FARG_Lcd_Chr_CP_out_char
0x0030       [1]    FARG_Lcd_Cmd_out_char
0x0F80       [0]    OSC1_bit
0x0F80       [0]    OSC2_bit
0x0F80       [0]    AN4_bit
0x0F80       [0]    SS_bit
0x0F80       [0]    VREFP_bit
0x0F80       [0]    VREFN_bit
0x0F80       [0]    AN1_bit
0x0F80       [0]    AN0_bit
0x0F80       [1]    PORTA
0x0F80       [0]    T0CKI_bit
0x0F80       [0]    AN3_bit
0x0F80       [0]    AN2_bit
0x0F80       [0]    CLKO_bit
0x0F80       [0]    RA4_bit
0x0F80       [0]    RA3_bit
0x0F80       [0]    RA2_bit
0x0F80       [0]    RA7_bit
0x0F80       [0]    RA6_bit
0x0F80       [0]    RA5_bit
0x0F80       [0]    NOT_SS_bit
0x0F80       [0]    CVREF_bit
0x0F80       [0]    CLKI_bit
0x0F80       [0]    RA1_bit
0x0F80       [0]    RA0_bit
0x0F80       [0]    LVDIN_bit
0x0F81       [0]    KBI0_bit
0x0F81       [0]    CCP2_PORTB_bit
0x0F81       [0]    KBI2_bit
0x0F81       [0]    KBI1_bit
0x0F81       [0]    INT0_bit
0x0F81       [1]    PORTB
0x0F81       [0]    INT2_bit
0x0F81       [0]    INT1_bit
0x0F81       [0]    KBI3_bit
0x0F81       [0]    PGM_bit
0x0F81       [0]    AN11_bit
0x0F81       [0]    PGD_bit
0x0F81       [0]    PGC_bit
0x0F81       [0]    AN10_bit
0x0F81       [0]    AN12_bit
0x0F81       [0]    AN9_bit
0x0F81       [0]    AN8_bit
0x0F81       [0]    RB5_bit
0x0F81       [0]    RB4_bit
0x0F81       [0]    RB7_bit
0x0F81       [0]    RB6_bit
0x0F81       [0]    RB1_bit
0x0F81       [0]    RB0_bit
0x0F81       [0]    RB3_bit
0x0F81       [0]    RB2_bit
0x0F82       [0]    RC7_bit
0x0F82       [0]    T13CKI_bit
0x0F82       [0]    RX__bit
0x0F82       [0]    RC4_bit
0x0F82       [0]    RC5_bit
0x0F82       [0]    RC6_bit
0x0F82       [0]    TX_bit
0x0F82       [0]    CCP1_bit
0x0F82       [0]    T1OSI_bit
0x0F82       [0]    T1OSO_bit
0x0F82       [0]    SDO_bit
0x0F82       [0]    SDI_bit
0x0F82       [0]    SCK_bit
0x0F82       [0]    RC3_bit
0x0F82       [0]    CK_bit
0x0F82       [0]    SDA_bit
0x0F82       [1]    PORTC
0x0F82       [0]    T1CKI_bit
0x0F82       [0]    SCL_bit
0x0F82       [0]    RC1_bit
0x0F82       [0]    RC2_bit
0x0F82       [0]    CCP2_PORTC_bit
0x0F82       [0]    RC0_bit
0x0F83       [0]    P1B_bit
0x0F83       [0]    PSP7_bit
0x0F83       [0]    P1C_bit
0x0F83       [1]    PORTD
0x0F83       [0]    P1D_bit
0x0F83       [0]    PSP6_bit
0x0F83       [0]    PSP2_bit
0x0F83       [0]    PSP1_bit
0x0F83       [0]    PSP0_bit
0x0F83       [0]    PSP5_bit
0x0F83       [0]    PSP4_bit
0x0F83       [0]    PSP3_bit
0x0F83       [0]    LCD_RS
0x0F83       [0]    LCD_EN
0x0F83       [0]    RD0_bit
0x0F83       [0]    LCD_D7
0x0F83       [0]    LCD_D4
0x0F83       [0]    LCD_D5
0x0F83       [0]    LCD_D6
0x0F83       [0]    RD5_bit
0x0F83       [0]    RD4_bit
0x0F83       [0]    RD7_bit
0x0F83       [0]    RD6_bit
0x0F83       [0]    RD2_bit
0x0F83       [0]    RD1_bit
0x0F83       [0]    RD3_bit
0x0F84       [0]    VPP_bit
0x0F84       [0]    NOT_MCLR_bit
0x0F84       [0]    NOT_CS_bit
0x0F84       [0]    AN5_bit
0x0F84       [1]    PORTE
0x0F84       [0]    AN7_bit
0x0F84       [0]    AN6_bit
0x0F84       [0]    NOT_WR_bit
0x0F84       [0]    RE1_bit
0x0F84       [0]    RE0_bit
0x0F84       [0]    RE3_bit
0x0F84       [0]    RE2_bit
0x0F84       [0]    RD_bit
0x0F84       [0]    CS_bit
0x0F84       [0]    MCLR_bit
0x0F84       [0]    NOT_RD_bit
0x0F84       [0]    WR_bit
0x0F89       [0]    LATA3_bit
0x0F89       [0]    LATA7_bit
0x0F89       [0]    LATA5_bit
0x0F89       [0]    LATA6_bit
0x0F89       [0]    LATA4_bit
0x0F89       [0]    LATA1_bit
0x0F89       [0]    LATA0_bit
0x0F89       [0]    LATA2_bit
0x0F89       [1]    LATA
0x0F8A       [0]    LATB4_bit
0x0F8A       [0]    LATB3_bit
0x0F8A       [0]    LATB5_bit
0x0F8A       [0]    LATB7_bit
0x0F8A       [0]    LATB6_bit
0x0F8A       [0]    LATB2_bit
0x0F8A       [1]    LATB
0x0F8A       [0]    LATB0_bit
0x0F8A       [0]    LATB1_bit
0x0F8B       [0]    LATC4_bit
0x0F8B       [0]    LATC3_bit
0x0F8B       [0]    LATC5_bit
0x0F8B       [0]    LATC6_bit
0x0F8B       [0]    LATC7_bit
0x0F8B       [0]    LATC0_bit
0x0F8B       [1]    LATC
0x0F8B       [0]    LATC2_bit
0x0F8B       [0]    LATC1_bit
0x0F8C       [0]    LATD5_bit
0x0F8C       [0]    LATD4_bit
0x0F8C       [0]    LATD7_bit
0x0F8C       [0]    LATD6_bit
0x0F8C       [0]    LATD3_bit
0x0F8C       [0]    LATD0_bit
0x0F8C       [1]    LATD
0x0F8C       [0]    LATD2_bit
0x0F8C       [0]    LATD1_bit
0x0F8D       [0]    LATE2_bit
0x0F8D       [0]    LATE0_bit
0x0F8D       [0]    LATE1_bit
0x0F8D       [1]    LATE
0x0F92       [0]    TRISA5_bit
0x0F92       [0]    TRISA4_bit
0x0F92       [0]    TRISA0_bit
0x0F92       [0]    TRISA1_bit
0x0F92       [0]    TRISA3_bit
0x0F92       [0]    TRISA2_bit
0x0F92       [0]    TRISA6_bit
0x0F92       [1]    TRISA
0x0F92       [0]    TRISA7_bit
0x0F93       [0]    TRISB7_bit
0x0F93       [0]    TRISB1_bit
0x0F93       [0]    TRISB0_bit
0x0F93       [0]    TRISB2_bit
0x0F93       [0]    TRISB5_bit
0x0F93       [0]    TRISB4_bit
0x0F93       [0]    TRISB6_bit
0x0F93       [0]    TRISB3_bit
0x0F93       [1]    TRISB
0x0F94       [0]    TRISC5_bit
0x0F94       [0]    TRISC6_bit
0x0F94       [0]    TRISC7_bit
0x0F94       [0]    TRISC4_bit
0x0F94       [0]    TRISC1_bit
0x0F94       [0]    TRISC0_bit
0x0F94       [0]    TRISC3_bit
0x0F94       [0]    TRISC2_bit
0x0F94       [1]    TRISC
0x0F95       [0]    TRISD1_bit
0x0F95       [0]    TRISD0_bit
0x0F95       [0]    TRISD2_bit
0x0F95       [0]    TRISD4_bit
0x0F95       [0]    TRISD3_bit
0x0F95       [0]    LCD_EN_Direction
0x0F95       [0]    LCD_RS_Direction
0x0F95       [0]    LCD_D4_Direction
0x0F95       [0]    LCD_D6_Direction
0x0F95       [0]    LCD_D5_Direction
0x0F95       [1]    TRISD
0x0F95       [0]    LCD_D7_Direction
0x0F95       [0]    TRISD7_bit
0x0F95       [0]    TRISD5_bit
0x0F95       [0]    TRISD6_bit
0x0F96       [0]    PSPMODE_bit
0x0F96       [1]    TRISE
0x0F96       [0]    OBF_bit
0x0F96       [0]    IBF_bit
0x0F96       [0]    IBOV_bit
0x0F96       [0]    IBF_TRISE_bit
0x0F96       [0]    TRISE2_bit
0x0F96       [0]    TRISE1_bit
0x0F96       [0]    TRISE0_bit
0x0F96       [0]    OBF_TRISE_bit
0x0F96       [0]    IBOV_TRISE_bit
0x0F96       [0]    PSPMODE_TRISE_bit
0x0F9B       [0]    PLLEN_bit
0x0F9B       [0]    TUN4_bit
0x0F9B       [1]    OSCTUNE
0x0F9B       [0]    INTSRC_bit
0x0F9B       [0]    TUN2_bit
0x0F9B       [0]    TUN1_bit
0x0F9B       [0]    TUN3_bit
0x0F9B       [0]    TUN0_bit
0x0F9D       [0]    RCIE_bit
0x0F9D       [1]    PIE1
0x0F9D       [0]    PSPIE_bit
0x0F9D       [0]    ADIE_bit
0x0F9D       [0]    TXIE_bit
0x0F9D       [0]    TMR2IE_bit
0x0F9D       [0]    TMR1IE_bit
0x0F9D       [0]    SSPIE_bit
0x0F9D       [0]    CCP1IE_bit
0x0F9E       [0]    CCP1IF_bit
0x0F9E       [0]    SSPIF_bit
0x0F9E       [0]    TXIF_bit
0x0F9E       [0]    TMR1IF_bit
0x0F9E       [1]    PIR1
0x0F9E       [0]    TMR2IF_bit
0x0F9E       [0]    RCIF_bit
0x0F9E       [0]    PSPIF_bit
0x0F9E       [0]    ADIF_bit
0x0F9F       [0]    SSPIP_bit
0x0F9F       [0]    TMR1IP_bit
0x0F9F       [0]    TMR2IP_bit
0x0F9F       [0]    CCP1IP_bit
0x0F9F       [1]    IPR1
0x0F9F       [0]    PSPIP_bit
0x0F9F       [0]    ADIP_bit
0x0F9F       [0]    TXIP_bit
0x0F9F       [0]    RCIP_bit
0x0FA0       [0]    EEIE_bit
0x0FA0       [0]    CCP2IE_bit
0x0FA0       [0]    HLVDIE_bit
0x0FA0       [0]    CMIE_bit
0x0FA0       [1]    PIE2
0x0FA0       [0]    TMR3IE_bit
0x0FA0       [0]    BCLIE_bit
0x0FA0       [0]    OSCFIE_bit
0x0FA0       [0]    LVDIE_bit
0x0FA1       [0]    LVDIF_bit
0x0FA1       [0]    TMR3IF_bit
0x0FA1       [0]    CCP2IF_bit
0x0FA1       [0]    HLVDIF_bit
0x0FA1       [0]    BCLIF_bit
0x0FA1       [0]    CMIF_bit
0x0FA1       [0]    EEIF_bit
0x0FA1       [1]    PIR2
0x0FA1       [0]    OSCFIF_bit
0x0FA2       [0]    OSCFIP_bit
0x0FA2       [0]    HLVDIP_bit
0x0FA2       [0]    LVDIP_bit
0x0FA2       [1]    IPR2
0x0FA2       [0]    CMIP_bit
0x0FA2       [0]    BCLIP_bit
0x0FA2       [0]    EEIP_bit
0x0FA2       [0]    TMR3IP_bit
0x0FA2       [0]    CCP2IP_bit
0x0FA6       [1]    EECON1
0x0FA6       [0]    RD_EECON1_bit
0x0FA6       [0]    EEPGD_bit
0x0FA6       [0]    CFGS_bit
0x0FA6       [0]    FREE_bit
0x0FA6       [0]    WREN_bit
0x0FA6       [0]    WRERR_bit
0x0FA6       [0]    WR_EECON1_bit
0x0FA7       [1]    EECON2
0x0FA8       [1]    EEDATA
0x0FA9       [1]    EEADR
0x0FAB       [0]    ADEN_bit
0x0FAB       [0]    FERR_bit
0x0FAB       [0]    OERR_bit
0x0FAB       [0]    SPEN_bit
0x0FAB       [0]    ADDEN_bit
0x0FAB       [0]    RX9_bit
0x0FAB       [0]    CREN_bit
0x0FAB       [0]    SREN_bit
0x0FAB       [0]    RX9D_bit
0x0FAB       [1]    RCSTA
0x0FAC       [0]    SENDB_bit
0x0FAC       [0]    TXEN_bit
0x0FAC       [0]    TX9_bit
0x0FAC       [0]    CSRC_bit
0x0FAC       [0]    TRMT_bit
0x0FAC       [1]    TXSTA
0x0FAC       [0]    SYNC_bit
0x0FAC       [0]    TX9D_bit
0x0FAC       [0]    BRGH_bit
0x0FAD       [1]    TXREG
0x0FAE       [1]    RCREG
0x0FAF       [1]    SPBRG
0x0FB0       [1]    SPBRGH
0x0FB1       [0]    T3SYNC_bit
0x0FB1       [0]    TMR3CS_bit
0x0FB1       [0]    TMR3ON_bit
0x0FB1       [0]    T3CKPS1_bit
0x0FB1       [1]    T3CON
0x0FB1       [0]    T3CKPS0_bit
0x0FB1       [0]    RD16_bit
0x0FB1       [0]    T3CCP2_bit
0x0FB1       [0]    NOT_T3SYNC_bit
0x0FB1       [0]    T3CCP1_bit
0x0FB2       [1]    TMR3L
0x0FB3       [1]    TMR3H
0x0FB4       [0]    C1OUT_bit
0x0FB4       [0]    C2OUT_bit
0x0FB4       [0]    CM0_bit
0x0FB4       [0]    CM1_bit
0x0FB4       [0]    C1INV_bit
0x0FB4       [0]    C2INV_bit
0x0FB4       [1]    CMCON
0x0FB4       [0]    CM2_bit
0x0FB4       [0]    CIS_bit
0x0FB5       [0]    CVR0_bit
0x0FB5       [0]    CVR2_bit
0x0FB5       [0]    CVR1_bit
0x0FB5       [0]    CVROE_bit
0x0FB5       [0]    CVREN_bit
0x0FB5       [1]    CVRCON
0x0FB5       [0]    CVR3_bit
0x0FB5       [0]    CVRSS_bit
0x0FB5       [0]    CVRR_bit
0x0FB6       [1]    ECCP1AS
0x0FB6       [0]    PSSAC0_bit
0x0FB6       [0]    PSSAC1_bit
0x0FB6       [0]    PSSBD0_bit
0x0FB6       [0]    PSSBD1_bit
0x0FB6       [0]    ECCPAS2_bit
0x0FB6       [0]    ECCPASE_bit
0x0FB6       [0]    ECCPAS0_bit
0x0FB6       [0]    ECCPAS1_bit
0x0FB7       [0]    PDC4_bit
0x0FB7       [0]    PDC3_bit
0x0FB7       [0]    PRSEN_bit
0x0FB7       [0]    PDC1_bit
0x0FB7       [0]    PDC0_bit
0x0FB7       [0]    PDC6_bit
0x0FB7       [1]    PWM1CON
0x0FB7       [0]    PDC5_bit
0x0FB7       [0]    PDC2_bit
0x0FB8       [0]    RCIDL_bit
0x0FB8       [1]    BAUDCON
0x0FB8       [0]    ABDOVF_bit
0x0FB8       [0]    SCKP_bit
0x0FB8       [0]    ABDEN_bit
0x0FB8       [0]    WUE_bit
0x0FB8       [0]    BRG16_bit
0x0FB8       [0]    RXDTP_bit
0x0FB8       [1]    BAUDCTL
0x0FB8       [0]    RCMT_bit
0x0FB8       [0]    TXCKP_bit
0x0FBA       [0]    CCP2M2_bit
0x0FBA       [0]    CCP2X_bit
0x0FBA       [0]    CCP2Y_bit
0x0FBA       [0]    CCP2M1_bit
0x0FBA       [0]    CCP2M0_bit
0x0FBA       [0]    CCP2M3_bit
0x0FBA       [1]    CCP2CON
0x0FBA       [0]    DC2B1_bit
0x0FBA       [0]    DC2B0_bit
0x0FBB       [1]    CCPR2L
0x0FBB       [2]    CCPR2
0x0FBC       [1]    CCPR2H
0x0FBD       [0]    DC1B0_bit
0x0FBD       [0]    CCP1M1_bit
0x0FBD       [0]    DC1B1_bit
0x0FBD       [0]    P1M0_bit
0x0FBD       [0]    CCP1M2_bit
0x0FBD       [0]    CCP1M3_bit
0x0FBD       [0]    CCP1X_bit
0x0FBD       [1]    CCP1CON
0x0FBD       [0]    P1M1_bit
0x0FBD       [0]    CCP1M0_bit
0x0FBD       [0]    CCP1Y_bit
0x0FBE       [2]    CCPR1
0x0FBE       [1]    CCPR1L
0x0FBF       [1]    CCPR1H
0x0FC0       [1]    ADCON2
0x0FC0       [0]    ACQT1_bit
0x0FC0       [0]    ACQT2_bit
0x0FC0       [0]    ADFM_bit
0x0FC0       [0]    ACQT0_bit
0x0FC0       [0]    ADCS0_bit
0x0FC0       [0]    ADCS1_bit
0x0FC0       [0]    ADCS2_bit
0x0FC1       [0]    VCFG1_bit
0x0FC1       [0]    PCFG1_bit
0x0FC1       [0]    PCFG2_bit
0x0FC1       [0]    VCFG0_bit
0x0FC1       [0]    PCFG3_bit
0x0FC1       [1]    ADCON1
0x0FC1       [0]    PCFG0_bit
0x0FC2       [0]    CHS2_bit
0x0FC2       [0]    CHS0_bit
0x0FC2       [0]    CHS1_bit
0x0FC2       [0]    GO_bit
0x0FC2       [0]    ADON_bit
0x0FC2       [0]    CHS3_bit
0x0FC2       [0]    GO_DONE_bit
0x0FC2       [1]    ADCON0
0x0FC2       [0]    DONE_bit
0x0FC2       [0]    NOT_DONE_bit
0x0FC3       [1]    ADRESL
0x0FC3       [2]    ADRES
0x0FC4       [1]    ADRESH
0x0FC5       [0]    ACKSTAT_bit
0x0FC5       [0]    ACKDT_bit
0x0FC5       [0]    GCEN_bit
0x0FC5       [1]    SSPCON2
0x0FC5       [0]    RSEN_bit
0x0FC5       [0]    PEN_bit
0x0FC5       [0]    SEN_bit
0x0FC5       [0]    ACKEN_bit
0x0FC5       [0]    RCEN_bit
0x0FC6       [0]    SSPM3_bit
0x0FC6       [0]    CKP_bit
0x0FC6       [0]    WCOL_bit
0x0FC6       [0]    SSPOV_bit
0x0FC6       [0]    SSPEN_bit
0x0FC6       [0]    SSPM0_bit
0x0FC6       [1]    SSPCON1
0x0FC6       [0]    SSPM2_bit
0x0FC6       [0]    SSPM1_bit
0x0FC7       [0]    NOT_W_bit
0x0FC7       [1]    SSPSTAT
0x0FC7       [0]    SMP_bit
0x0FC7       [0]    D_bit
0x0FC7       [0]    CKE_bit
0x0FC7       [0]    NOT_WRITE_bit
0x0FC7       [0]    NOT_ADDRESS_bit
0x0FC7       [0]    D_A_bit
0x0FC7       [0]    NOT_A_bit
0x0FC7       [0]    R_W_bit
0x0FC7       [0]    R_bit
0x0FC7       [0]    UA_bit
0x0FC7       [0]    BF_bit
0x0FC7       [0]    S_bit
0x0FC7       [0]    P_bit
0x0FC8       [1]    SSPADD
0x0FC9       [1]    SSPBUF
0x0FCA       [0]    TMR2ON_bit
0x0FCA       [0]    T2CKPS1_bit
0x0FCA       [0]    T2OUTPS1_bit
0x0FCA       [0]    T2OUTPS2_bit
0x0FCA       [0]    T2OUTPS3_bit
0x0FCA       [0]    T2OUTPS0_bit
0x0FCA       [0]    T2CKPS0_bit
0x0FCA       [1]    T2CON
0x0FCB       [1]    PR2
0x0FCC       [1]    TMR2
0x0FCD       [0]    T1CKPS1_bit
0x0FCD       [0]    T1OSCEN_bit
0x0FCD       [0]    T1CKPS0_bit
0x0FCD       [0]    NOT_T1SYNC_bit
0x0FCD       [0]    RD16_T1CON_bit
0x0FCD       [0]    T1RUN_bit
0x0FCD       [0]    TMR1ON_bit
0x0FCD       [1]    T1CON
0x0FCD       [0]    T1SYNC_bit
0x0FCD       [0]    TMR1CS_bit
0x0FCE       [1]    TMR1L
0x0FCF       [1]    TMR1H
0x0FD0       [0]    BOR_bit
0x0FD0       [0]    NOT_PD_bit
0x0FD0       [0]    NOT_POR_bit
0x0FD0       [0]    NOT_BOR_bit
0x0FD0       [1]    RCON
0x0FD0       [0]    NOT_RI_bit
0x0FD0       [0]    NOT_TO_bit
0x0FD0       [0]    TO__bit
0x0FD0       [0]    PD_bit
0x0FD0       [0]    POR_bit
0x0FD0       [0]    IPEN_bit
0x0FD0       [0]    SBOREN_bit
0x0FD0       [0]    RI_bit
0x0FD1       [1]    WDTCON
0x0FD1       [0]    SWDTEN_bit
0x0FD1       [0]    SWDTE_bit
0x0FD2       [0]    HLVDL2_bit
0x0FD2       [0]    HLVDL3_bit
0x0FD2       [0]    HLVDL0_bit
0x0FD2       [0]    HLVDL1_bit
0x0FD2       [0]    HLVDEN_bit
0x0FD2       [1]    HLVDCON
0x0FD2       [1]    LVDCON
0x0FD2       [0]    VDIRMAG_bit
0x0FD2       [0]    IVRST_bit
0x0FD2       [0]    LVDL3_bit
0x0FD2       [0]    LVDEN_bit
0x0FD2       [0]    LVDL2_bit
0x0FD2       [0]    LVDL0_bit
0x0FD2       [0]    LVDL1_bit
0x0FD2       [0]    IRVST_bit
0x0FD2       [0]    LVV2_bit
0x0FD2       [0]    LVV3_bit
0x0FD2       [0]    BGST_bit
0x0FD2       [0]    LVV0_bit
0x0FD2       [0]    LVV1_bit
0x0FD3       [0]    IDLEN_bit
0x0FD3       [0]    FLTS_bit
0x0FD3       [1]    OSCCON
0x0FD3       [0]    SCS0_bit
0x0FD3       [0]    IOFS_bit
0x0FD3       [0]    SCS1_bit
0x0FD3       [0]    OSTS_bit
0x0FD3       [0]    IRCF2_bit
0x0FD3       [0]    IRCF1_bit
0x0FD3       [0]    IRCF0_bit
0x0FD5       [0]    T08BIT_bit
0x0FD5       [0]    TMR0ON_bit
0x0FD5       [0]    T0CS_bit
0x0FD5       [0]    T0PS2_bit
0x0FD5       [0]    T0PS1_bit
0x0FD5       [0]    T0PS0_bit
0x0FD5       [0]    PSA_bit
0x0FD5       [1]    T0CON
0x0FD5       [0]    T0SE_bit
0x0FD6       [1]    TMR0L
0x0FD7       [1]    TMR0H
0x0FD8       [1]    STATUS
0x0FD8       [0]    DC_bit
0x0FD8       [0]    OV_bit
0x0FD8       [0]    Z_bit
0x0FD8       [0]    C_bit
0x0FD8       [0]    N_bit
0x0FD9       [2]    FSR2PTR
0x0FD9       [1]    FSR2L
0x0FD9       [2]    FSR2
0x0FDA       [1]    FSR2H
0x0FDB       [1]    PLUSW2
0x0FDC       [1]    PREINC2
0x0FDD       [1]    POSTDEC2
0x0FDE       [1]    POSTINC2
0x0FDF       [1]    INDF2
0x0FE0       [1]    BSR
0x0FE1       [2]    FSR1PTR
0x0FE1       [1]    FSR1L
0x0FE1       [2]    FSR1
0x0FE2       [1]    FSR1H
0x0FE3       [1]    PLUSW1
0x0FE4       [1]    PREINC1
0x0FE5       [1]    POSTDEC1
0x0FE6       [1]    POSTINC1
0x0FE7       [1]    INDF1
0x0FE8       [1]    WREG
0x0FE9       [1]    FSR0L
0x0FE9       [2]    FSR0
0x0FE9       [2]    FSR0PTR
0x0FEA       [1]    FSR0H
0x0FEB       [1]    PLUSW0
0x0FEC       [1]    PREINC0
0x0FED       [1]    POSTDEC0
0x0FEE       [1]    POSTINC0
0x0FEF       [1]    INDF0
0x0FF0       [0]    INT2P_bit
0x0FF0       [0]    INT1P_bit
0x0FF0       [0]    INT2IF_bit
0x0FF0       [0]    INT1IF_bit
0x0FF0       [0]    INT1F_bit
0x0FF0       [0]    INT2F_bit
0x0FF0       [0]    INT1E_bit
0x0FF0       [0]    INT2E_bit
0x0FF0       [0]    INT1IE_bit
0x0FF0       [0]    INT2IE_bit
0x0FF0       [0]    INT2IP_bit
0x0FF0       [0]    INT1IP_bit
0x0FF0       [1]    INTCON3
0x0FF1       [0]    TMR0IP_bit
0x0FF1       [1]    INTCON2
0x0FF1       [0]    INTEDG1_bit
0x0FF1       [0]    INTEDG0_bit
0x0FF1       [0]    RBPU_bit
0x0FF1       [0]    INTEDG2_bit
0x0FF1       [0]    RBIP_bit
0x0FF1       [0]    NOT_RBPU_bit
0x0FF2       [1]    INTCON
0x0FF2       [0]    GIEH_bit
0x0FF2       [0]    RBIF_bit
0x0FF2       [0]    GIEL_bit
0x0FF2       [0]    TMR0IE_bit
0x0FF2       [0]    PEIE_bit
0x0FF2       [0]    GIE_bit
0x0FF2       [0]    INT0E_bit
0x0FF2       [0]    INT0F_bit
0x0FF2       [0]    TMR0IF_bit
0x0FF2       [0]    RBIE_bit
0x0FF2       [0]    INT0IE_bit
0x0FF2       [0]    T0IE_bit
0x0FF2       [0]    INT0IF_bit
0x0FF2       [0]    T0IF_bit
0x0FF3       [1]    PRODL
0x0FF3       [2]    PROD
0x0FF4       [1]    PRODH
0x0FF5       [1]    TABLAT
0x0FF6       [1]    TBLPTRL
0x0FF6       [3]    TBLPTR
0x0FF7       [1]    TBLPTRH
0x0FF8       [0]    TBLPTRU3_bit
0x0FF8       [0]    TBLPTRU2_bit
0x0FF8       [0]    TBLPTRU4_bit
0x0FF8       [0]    ACSS_bit
0x0FF8       [1]    TBLPTRU
0x0FF8       [0]    TBLPTRU0_bit
0x0FF8       [0]    TBLPTRU1_bit
0x0FF9       [1]    PCL
0x0FF9       [1]    PC
0x0FFA       [1]    PCLATH
0x0FFB       [0]    PCU2_bit
0x0FFB       [0]    PCU3_bit
0x0FFB       [0]    PCU4_bit
0x0FFB       [1]    PCLATU
0x0FFB       [0]    PCU0_bit
0x0FFB       [0]    PCU1_bit
0x0FFC       [0]    STKUNF_bit
0x0FFC       [0]    SP4_bit
0x0FFC       [0]    STKOVF_bit
0x0FFC       [0]    STKFUL_bit
0x0FFC       [0]    SP3_bit
0x0FFC       [0]    SP1_bit
0x0FFC       [0]    SP0_bit
0x0FFC       [1]    STKPTR
0x0FFC       [0]    SP2_bit
0x0FFD       [1]    TOSL
0x0FFE       [1]    TOSH
0x0FFF       [1]    TOSU
//** Constants locations ** 
//ADDRESS    SIZE    CONSTANT
//----------------------------------------------
0x069C       [1]    ?ICS_controleAjuste
0x069D       [1]    ?ICS_hora
0x069E       [9]    ?ICS?lstr1_Relogio
0x06A7       [1]    ?ICS_flags
0x06A8       [1]    ?ICS_dia
0x06A9       [2]    ?ICS_texto
0x06AB       [1]    ?ICS_segundo
0x06AC       [1]    ?ICS_minuto
//** Label List: ** 
//----------------------------------------------
  L_interrupt0
  L_main1
  L_main2
  L_relogio3
  L_relogio4
  L_relogio5
  L_relogio6
  L_display_Relogio7
  L_display_Relogio8
  L_display_Relogio9
  L_display_Relogio10
  L_display_Relogio11
  L_display_Relogio12
  L_display_Relogio13
  L_display_Relogio14
  L_display_Relogio15
  L_ajuste_Relogio16
  L_ajuste_Relogio17
  L_ajuste_Relogio18
  L_ajuste_Relogio19
  L_ajuste_Relogio20
  L_ajuste_Relogio21
  L_ajuste_Relogio22
  L_ajuste_Relogio23
  L_ajuste_Relogio24
  L_ajuste_Relogio25
  L_ajuste_Relogio26
  L_ajuste_Relogio27
  L_ajuste_Relogio28
  L_ajuste_Relogio29
  L_ajuste_Relogio30
  L_ajuste_Relogio31
  L_ajuste_Relogio32
  L_ajuste_Relogio33
  L_ajuste_Relogio34
  L_ajuste_Relogio35
  L_ajuste_Relogio36
  L_ajuste_Relogio37
  L_ajuste_Relogio38
  L_ajuste_Relogio39
  L_ajuste_Relogio40
  L_ajuste_Relogio41
  L_ajuste_Relogio42
  L_ajuste_Relogio43
  L_ajuste_Relogio44
  L_ajuste_Relogio45
  L_ajuste_Relogio46
  L_ajuste_Relogio47
  L_ajuste_Relogio48
  L_ajuste_Relogio49
  L_ajuste_Relogio50
  L_ajuste_Relogio51
  L_ajuste_Relogio52
  L_ajuste_Relogio53
  L_ajuste_Relogio54
  L_ajuste_Relogio55
  L_ajuste_Relogio56
  L__ajuste_Relogio57
  L__ajuste_Relogio58
  L__ajuste_Relogio59
  _interrupt
  L__interrupt60
  _main
  _relogio
  _display_Relogio
  _ajuste_Relogio
  L_Delay_10us0
  L_Delay_22us1
  L_Delay_50us2
  L_Delay_80us3
  L_Delay_500us4
  L_Delay_5500us5
  L_Delay_1ms6
  L_Delay_5ms7
  L_Delay_8ms8
  L_Delay_100ms9
  L_Delay_10ms10
  L_Delay_1sec11
  L____Boot_Delay4k12
  L____Boot_Delay8k13
  L____Boot_Delay12k14
  L____Boot_Delay16k15
  L____Boot_Delay24k16
  L____Boot_Delay32k17
  L____Boot_Delay48k18
  L____Boot_Delay64k19
  L____Boot_Delay128k20
  L_Delay_Cyc21
  L_Delay_Cyc22
  L_VDelay_ms23
  L_VDelay_ms24
  L_VDelay_ms25
  L_VDelay_Advanced_ms26
  L_VDelay_Advanced_ms27
  L_VDelay_Advanced_ms28
  _Get_Fosc_kHz
  _Delay_1us
  _Delay_10us
  _Delay_22us
  _Delay_50us
  _Delay_80us
  _Delay_500us
  _Delay_5500us
  _Delay_1ms
  _Delay_5ms
  _Delay_8ms
  _Delay_100ms
  _Delay_10ms
  _Delay_1sec
  ____Boot_Delay4k
  ____Boot_Delay8k
  ____Boot_Delay12k
  ____Boot_Delay16k
  ____Boot_Delay24k
  ____Boot_Delay32k
  ____Boot_Delay48k
  ____Boot_Delay64k
  ____Boot_Delay128k
  _Delay_Cyc
  _VDelay_ms
  L__VDelay_ms29
  L__VDelay_ms30
  L__VDelay_ms31
  _VDelay_Advanced_ms
  L__VDelay_Advanced_ms32
  L__VDelay_Advanced_ms33
  L__VDelay_Advanced_ms34
  L_Lcd_Cmd0
  L_Lcd_Cmd1
  L_Lcd_Out_CP2
  L_Lcd_Out_CP3
  L_Lcd_Chr4
  L_Lcd_Chr5
  L_Lcd_Chr6
  L_Lcd_Chr7
  L_Lcd_Chr8
  L_Lcd_Chr9
  L_Lcd_Chr10
  L_Lcd_Out11
  L_Lcd_Out12
  L_Lcd_Out13
  L_Lcd_Out14
  L_Lcd_Out15
  L_Lcd_Out16
  L_Lcd_Out17
  L_Lcd_Out18
  L_Lcd_Out19
  _Lcd_Cmd
  L__Lcd_Cmd20
  L__Lcd_Cmd21
  L__Lcd_Cmd22
  L__Lcd_Cmd23
  L__Lcd_Cmd24
  L__Lcd_Cmd25
  L__Lcd_Cmd26
  L__Lcd_Cmd27
  L__Lcd_Cmd28
  L__Lcd_Cmd29
  L__Lcd_Cmd30
  L__Lcd_Cmd31
  L__Lcd_Cmd32
  L__Lcd_Cmd33
  L__Lcd_Cmd34
  L__Lcd_Cmd35
  L__Lcd_Cmd36
  L__Lcd_Cmd37
  L__Lcd_Cmd38
  L__Lcd_Cmd39
  _Lcd_Chr_CP
  _Lcd_Out_CP
  _Lcd_Chr
  _Lcd_Init
  _Lcd_Out
  L_Div_16x16_S0
  L_Div_16x16_S1
  LOOPS3232A
  SADD22LA
  SOK22LA
  SADD22L8
  SOK22L8
  LOOPS3232B
  SADD22LB
  SOK22LB
  SADD22L16
  SOK22L16
  LOOPS3232C
  SADD22LC
  SOK22LC
  SADD22L24
  SOK22L24
  LOOPS3232D
  SADD22LD
  SOK22LD
  SOK22L
  L_Div_32x32_S6
  L_Div_32x32_S7
  L_Div_32x32_S8
  L_Div_32x32_S9
  FXD3232S
  END_ALL
  CA3232S
  C3232SX
  C3232SX1
  C3232S
  C3232S2
  C3232SX4
  C3232SOK
  C3232SX3
  C3232SX2
  avoid_comfrem
  LOOPU3232A
  UADD22LA
  UOK22LA
  UADD22L8
  UOK22L8
  LOOPU3232B
  UADD22LB
  UOK22LB
  UADD22L16
  UOK22L16
  LOOPU3232C
  UADD22LC
  UOK22LC
  UADD22L24
  UOK22L24
  LOOPU3232D
  UADD22LD
  UOK22LD
  UOK22L
  _NEXT
  _EXIT2
  _LOOP
  _EXIT1
  _IF_FIRST
  _IF_SECOND
  _INVERCE_FIRST
  _MULT
  _INBERSE_SECOND
  _EXIT
  _Div_8x8_U
  _Div_16x16_U
  _Div_16x16_S_L
  _Div_16x16_S
  _Div_8x8_S
  _Mul_8x8_S
  _Mul_16x16_U
  _Mul_16x16_S
  _SDIV3232L
  _COMFREM
  _Div_32x32_S
  _Div_32x32_U
  _Mul_32x32_U
  _Mul_32x32_S
  _CC2D_Loop1
  _CC2DL_Loop1
  L_longjmp2
  ___CC2D
  ___CC2DW
  _____DoIFC
  _Swap
  _setjmp
  _longjmp
  L_interrupt0
  L_main1
  L_main2
  L_relogio3
  L_relogio4
  L_relogio5
  L_relogio6
  L_display_Relogio7
  L_display_Relogio8
  L_display_Relogio9
  L_display_Relogio10
  L_display_Relogio11
  L_display_Relogio12
  L_display_Relogio13
  L_display_Relogio14
  L_display_Relogio15
  L_ajuste_Relogio16
  L_ajuste_Relogio17
  L_ajuste_Relogio18
  L_ajuste_Relogio19
  L_ajuste_Relogio20
  L_ajuste_Relogio21
  L_ajuste_Relogio22
  L_ajuste_Relogio23
  L_ajuste_Relogio24
  L_ajuste_Relogio25
  L_ajuste_Relogio26
  L_ajuste_Relogio27
  L_ajuste_Relogio28
  L_ajuste_Relogio29
  L_ajuste_Relogio30
  L_ajuste_Relogio31
  L_ajuste_Relogio32
  L_ajuste_Relogio33
  L_ajuste_Relogio34
  L_ajuste_Relogio35
  L_ajuste_Relogio36
  L_ajuste_Relogio37
  L_ajuste_Relogio38
  L_ajuste_Relogio39
  L_ajuste_Relogio40
  L_ajuste_Relogio41
  L_ajuste_Relogio42
  L_ajuste_Relogio43
  L_ajuste_Relogio44
  L_ajuste_Relogio45
  L_ajuste_Relogio46
  L_ajuste_Relogio47
  L_ajuste_Relogio48
  L_ajuste_Relogio49
  L_ajuste_Relogio50
  L_ajuste_Relogio51
  L_ajuste_Relogio52
  L_ajuste_Relogio53
  L_ajuste_Relogio54
  L_ajuste_Relogio55
  L_ajuste_Relogio56
  L__ajuste_Relogio57
  L__ajuste_Relogio58
  L__ajuste_Relogio59
  _interrupt
  L__interrupt60
  _main
  _relogio
  _display_Relogio
  _ajuste_Relogio
