;  LST file generated by mikroListExporter - v.2.0 
; Date/Time: 21/07/2020 09:51:02
;----------------------------------------------

;Address Opcode 	ASM
0x0000	0xF000EF31  	GOTO        98
0x0004	0x0000      	NOP
0x0006	0x0000      	NOP
0x0008	0xF000EF00  	GOTO        0
0x000C	0x0000      	NOP
0x000E	0x0000      	NOP
0x0010	0x0000      	NOP
0x0012	0x0000      	NOP
0x0014	0x0000      	NOP
0x0016	0x0000      	NOP
0x0018	0xD7F3      	BRA         0
___CC2DW:
;__Lib_System.c,21 :: 		
;__Lib_System.c,23 :: 		
_CC2DL_Loop1:
;__Lib_System.c,24 :: 		
0x001C	0x0009      	TBLRD*+
;__Lib_System.c,25 :: 		
0x001E	0xFFE6CFF5  	MOVFF       TABLAT, POSTINC1
;__Lib_System.c,26 :: 		
0x0022	0x0600      	DECF        R0, 1, 0
;__Lib_System.c,27 :: 		
0x0024	0xE1FB      	BNZ         _CC2DL_Loop1
;__Lib_System.c,28 :: 		
0x0026	0x0601      	DECF        R1, 1, 0
;__Lib_System.c,29 :: 		
0x0028	0xE1F9      	BNZ         _CC2DL_Loop1
;__Lib_System.c,31 :: 		
0x002A	0x0012      	RETURN      0
; end of ___CC2DW
_pisca_Led:
;HelloWorld3.c,188 :: 		void pisca_Led(){
;HelloWorld3.c,190 :: 		LATB0_bit = 0x01;
0x002C	0x808A      	BSF         LATB0_bit, 0 
;HelloWorld3.c,191 :: 		delay_ms(200);
0x002E	0x0E05      	MOVLW       5
0x0030	0x6E0B      	MOVWF       R11, 0
0x0032	0x0E0F      	MOVLW       15
0x0034	0x6E0C      	MOVWF       R12, 0
0x0036	0x0EF1      	MOVLW       241
0x0038	0x6E0D      	MOVWF       R13, 0
L_pisca_Led2:
0x003A	0x2E0D      	DECFSZ      R13, 1, 0
0x003C	0xD7FE      	BRA         L_pisca_Led2
0x003E	0x2E0C      	DECFSZ      R12, 1, 0
0x0040	0xD7FC      	BRA         L_pisca_Led2
0x0042	0x2E0B      	DECFSZ      R11, 1, 0
0x0044	0xD7FA      	BRA         L_pisca_Led2
;HelloWorld3.c,192 :: 		LATB0_bit = 0x00;
0x0046	0x908A      	BCF         LATB0_bit, 0 
;HelloWorld3.c,193 :: 		delay_ms(200);
0x0048	0x0E05      	MOVLW       5
0x004A	0x6E0B      	MOVWF       R11, 0
0x004C	0x0E0F      	MOVLW       15
0x004E	0x6E0C      	MOVWF       R12, 0
0x0050	0x0EF1      	MOVLW       241
0x0052	0x6E0D      	MOVWF       R13, 0
L_pisca_Led3:
0x0054	0x2E0D      	DECFSZ      R13, 1, 0
0x0056	0xD7FE      	BRA         L_pisca_Led3
0x0058	0x2E0C      	DECFSZ      R12, 1, 0
0x005A	0xD7FC      	BRA         L_pisca_Led3
0x005C	0x2E0B      	DECFSZ      R11, 1, 0
0x005E	0xD7FA      	BRA         L_pisca_Led3
;HelloWorld3.c,195 :: 		} // end void pisca_Led
0x0060	0x0012      	RETURN      0
; end of _pisca_Led
_main:
;HelloWorld3.c,27 :: 		void main() {
;HelloWorld3.c,29 :: 		ADCON1 = 0x0F; // Configura todos os pinos que poderiam ser analógicos como digitais
0x0062	0x0E0F      	MOVLW       15
0x0064	0x6EC1      	MOVWF       ADCON1 
;HelloWorld3.c,30 :: 		TRISB = 0xFE; // Configura apenas RB0 como saída digital, o resto como entrada
0x0066	0x0EFE      	MOVLW       254
0x0068	0x6E93      	MOVWF       TRISB 
;HelloWorld3.c,31 :: 		PORTB = 0xFE; // Inicia todos as entradas digitais em High
0x006A	0x0EFE      	MOVLW       254
0x006C	0x6E81      	MOVWF       PORTB 
;HelloWorld3.c,32 :: 		LATB0_bit = 0x00; // Inicia LATB0 em Low
0x006E	0x908A      	BCF         LATB0_bit, 0 
;HelloWorld3.c,35 :: 		while(1){
L_main0:
;HelloWorld3.c,37 :: 		pisca_Led();
0x0070	0xDFDD      	RCALL       _pisca_Led
;HelloWorld3.c,39 :: 		var1 = 5555;
0x0072	0x0EB3      	MOVLW       179
0x0074	0x6E25      	MOVWF       _var1 
0x0076	0x0E15      	MOVLW       21
0x0078	0x6E26      	MOVWF       _var1+1 
0x007A	0x0E00      	MOVLW       0
0x007C	0x6E27      	MOVWF       _var1+2 
0x007E	0x6E28      	MOVWF       _var1+3 
;HelloWorld3.c,40 :: 		var2 = 888888;
0x0080	0x0E38      	MOVLW       56
0x0082	0x6E29      	MOVWF       _var2 
0x0084	0x0E90      	MOVLW       144
0x0086	0x6E2A      	MOVWF       _var2+1 
0x0088	0x0E0D      	MOVLW       13
0x008A	0x6E2B      	MOVWF       _var2+2 
0x008C	0x0E00      	MOVLW       0
0x008E	0x6E2C      	MOVWF       _var2+3 
;HelloWorld3.c,41 :: 		var3 = 4444;
0x0090	0x0E5C      	MOVLW       92
0x0092	0x6E31      	MOVWF       _var3 
0x0094	0x0E11      	MOVLW       17
0x0096	0x6E32      	MOVWF       _var3+1 
0x0098	0x0E00      	MOVLW       0
0x009A	0x6E33      	MOVWF       _var3+2 
0x009C	0x6E34      	MOVWF       _var3+3 
;HelloWorld3.c,42 :: 		var4 = 7777;
0x009E	0x0E61      	MOVLW       97
0x00A0	0x6E2D      	MOVWF       _var4 
0x00A2	0x0E1E      	MOVLW       30
0x00A4	0x6E2E      	MOVWF       _var4+1 
0x00A6	0x0E00      	MOVLW       0
0x00A8	0x6E2F      	MOVWF       _var4+2 
0x00AA	0x6E30      	MOVWF       _var4+3 
;HelloWorld3.c,43 :: 		var5 = 777777;
0x00AC	0x0E31      	MOVLW       49
0x00AE	0x6E19      	MOVWF       _var5 
0x00B0	0x0EDE      	MOVLW       222
0x00B2	0x6E1A      	MOVWF       _var5+1 
0x00B4	0x0E0B      	MOVLW       11
0x00B6	0x6E1B      	MOVWF       _var5+2 
0x00B8	0x0E00      	MOVLW       0
0x00BA	0x6E1C      	MOVWF       _var5+3 
;HelloWorld3.c,44 :: 		var6 = 8888;
0x00BC	0x0EB8      	MOVLW       184
0x00BE	0x6E15      	MOVWF       _var6 
0x00C0	0x0E22      	MOVLW       34
0x00C2	0x6E16      	MOVWF       _var6+1 
0x00C4	0x0E00      	MOVLW       0
0x00C6	0x6E17      	MOVWF       _var6+2 
0x00C8	0x6E18      	MOVWF       _var6+3 
;HelloWorld3.c,45 :: 		var7 = 666666;
0x00CA	0x0E2A      	MOVLW       42
0x00CC	0x6E21      	MOVWF       _var7 
0x00CE	0x0E2C      	MOVLW       44
0x00D0	0x6E22      	MOVWF       _var7+1 
0x00D2	0x0E0A      	MOVLW       10
0x00D4	0x6E23      	MOVWF       _var7+2 
0x00D6	0x0E00      	MOVLW       0
0x00D8	0x6E24      	MOVWF       _var7+3 
;HelloWorld3.c,46 :: 		var8 = 555251;
0x00DA	0x0EF3      	MOVLW       243
0x00DC	0x6E1D      	MOVWF       _var8 
0x00DE	0x0E78      	MOVLW       120
0x00E0	0x6E1E      	MOVWF       _var8+1 
0x00E2	0x0E08      	MOVLW       8
0x00E4	0x6E1F      	MOVWF       _var8+2 
0x00E6	0x0E00      	MOVLW       0
0x00E8	0x6E20      	MOVWF       _var8+3 
;HelloWorld3.c,49 :: 		var1 = 5555;
0x00EA	0x0EB3      	MOVLW       179
0x00EC	0x6E25      	MOVWF       _var1 
0x00EE	0x0E15      	MOVLW       21
0x00F0	0x6E26      	MOVWF       _var1+1 
0x00F2	0x0E00      	MOVLW       0
0x00F4	0x6E27      	MOVWF       _var1+2 
0x00F6	0x6E28      	MOVWF       _var1+3 
;HelloWorld3.c,50 :: 		var2 = 888888;
0x00F8	0x0E38      	MOVLW       56
0x00FA	0x6E29      	MOVWF       _var2 
0x00FC	0x0E90      	MOVLW       144
0x00FE	0x6E2A      	MOVWF       _var2+1 
0x0100	0x0E0D      	MOVLW       13
0x0102	0x6E2B      	MOVWF       _var2+2 
0x0104	0x0E00      	MOVLW       0
0x0106	0x6E2C      	MOVWF       _var2+3 
;HelloWorld3.c,51 :: 		var3 = 4444;
0x0108	0x0E5C      	MOVLW       92
0x010A	0x6E31      	MOVWF       _var3 
0x010C	0x0E11      	MOVLW       17
0x010E	0x6E32      	MOVWF       _var3+1 
0x0110	0x0E00      	MOVLW       0
0x0112	0x6E33      	MOVWF       _var3+2 
0x0114	0x6E34      	MOVWF       _var3+3 
;HelloWorld3.c,52 :: 		var4 = 7777;
0x0116	0x0E61      	MOVLW       97
0x0118	0x6E2D      	MOVWF       _var4 
0x011A	0x0E1E      	MOVLW       30
0x011C	0x6E2E      	MOVWF       _var4+1 
0x011E	0x0E00      	MOVLW       0
0x0120	0x6E2F      	MOVWF       _var4+2 
0x0122	0x6E30      	MOVWF       _var4+3 
;HelloWorld3.c,53 :: 		var5 = 777777;
0x0124	0x0E31      	MOVLW       49
0x0126	0x6E19      	MOVWF       _var5 
0x0128	0x0EDE      	MOVLW       222
0x012A	0x6E1A      	MOVWF       _var5+1 
0x012C	0x0E0B      	MOVLW       11
0x012E	0x6E1B      	MOVWF       _var5+2 
0x0130	0x0E00      	MOVLW       0
0x0132	0x6E1C      	MOVWF       _var5+3 
;HelloWorld3.c,54 :: 		var6 = 8888;
0x0134	0x0EB8      	MOVLW       184
0x0136	0x6E15      	MOVWF       _var6 
0x0138	0x0E22      	MOVLW       34
0x013A	0x6E16      	MOVWF       _var6+1 
0x013C	0x0E00      	MOVLW       0
0x013E	0x6E17      	MOVWF       _var6+2 
0x0140	0x6E18      	MOVWF       _var6+3 
;HelloWorld3.c,55 :: 		var7 = 666666;
0x0142	0x0E2A      	MOVLW       42
0x0144	0x6E21      	MOVWF       _var7 
0x0146	0x0E2C      	MOVLW       44
0x0148	0x6E22      	MOVWF       _var7+1 
0x014A	0x0E0A      	MOVLW       10
0x014C	0x6E23      	MOVWF       _var7+2 
0x014E	0x0E00      	MOVLW       0
0x0150	0x6E24      	MOVWF       _var7+3 
;HelloWorld3.c,56 :: 		var8 = 555251; var1 = 5555;
0x0152	0x0EF3      	MOVLW       243
0x0154	0x6E1D      	MOVWF       _var8 
0x0156	0x0E78      	MOVLW       120
0x0158	0x6E1E      	MOVWF       _var8+1 
0x015A	0x0E08      	MOVLW       8
0x015C	0x6E1F      	MOVWF       _var8+2 
0x015E	0x0E00      	MOVLW       0
0x0160	0x6E20      	MOVWF       _var8+3 
0x0162	0x0EB3      	MOVLW       179
0x0164	0x6E25      	MOVWF       _var1 
0x0166	0x0E15      	MOVLW       21
0x0168	0x6E26      	MOVWF       _var1+1 
0x016A	0x0E00      	MOVLW       0
0x016C	0x6E27      	MOVWF       _var1+2 
0x016E	0x6E28      	MOVWF       _var1+3 
;HelloWorld3.c,57 :: 		var2 = 888888;
0x0170	0x0E38      	MOVLW       56
0x0172	0x6E29      	MOVWF       _var2 
0x0174	0x0E90      	MOVLW       144
0x0176	0x6E2A      	MOVWF       _var2+1 
0x0178	0x0E0D      	MOVLW       13
0x017A	0x6E2B      	MOVWF       _var2+2 
0x017C	0x0E00      	MOVLW       0
0x017E	0x6E2C      	MOVWF       _var2+3 
;HelloWorld3.c,58 :: 		var3 = 4444;
0x0180	0x0E5C      	MOVLW       92
0x0182	0x6E31      	MOVWF       _var3 
0x0184	0x0E11      	MOVLW       17
0x0186	0x6E32      	MOVWF       _var3+1 
0x0188	0x0E00      	MOVLW       0
0x018A	0x6E33      	MOVWF       _var3+2 
0x018C	0x6E34      	MOVWF       _var3+3 
;HelloWorld3.c,59 :: 		var4 = 7777;
0x018E	0x0E61      	MOVLW       97
0x0190	0x6E2D      	MOVWF       _var4 
0x0192	0x0E1E      	MOVLW       30
0x0194	0x6E2E      	MOVWF       _var4+1 
0x0196	0x0E00      	MOVLW       0
0x0198	0x6E2F      	MOVWF       _var4+2 
0x019A	0x6E30      	MOVWF       _var4+3 
;HelloWorld3.c,60 :: 		var5 = 777777;
0x019C	0x0E31      	MOVLW       49
0x019E	0x6E19      	MOVWF       _var5 
0x01A0	0x0EDE      	MOVLW       222
0x01A2	0x6E1A      	MOVWF       _var5+1 
0x01A4	0x0E0B      	MOVLW       11
0x01A6	0x6E1B      	MOVWF       _var5+2 
0x01A8	0x0E00      	MOVLW       0
0x01AA	0x6E1C      	MOVWF       _var5+3 
;HelloWorld3.c,61 :: 		var6 = 8888;
0x01AC	0x0EB8      	MOVLW       184
0x01AE	0x6E15      	MOVWF       _var6 
0x01B0	0x0E22      	MOVLW       34
0x01B2	0x6E16      	MOVWF       _var6+1 
0x01B4	0x0E00      	MOVLW       0
0x01B6	0x6E17      	MOVWF       _var6+2 
0x01B8	0x6E18      	MOVWF       _var6+3 
;HelloWorld3.c,62 :: 		var7 = 666666;
0x01BA	0x0E2A      	MOVLW       42
0x01BC	0x6E21      	MOVWF       _var7 
0x01BE	0x0E2C      	MOVLW       44
0x01C0	0x6E22      	MOVWF       _var7+1 
0x01C2	0x0E0A      	MOVLW       10
0x01C4	0x6E23      	MOVWF       _var7+2 
0x01C6	0x0E00      	MOVLW       0
0x01C8	0x6E24      	MOVWF       _var7+3 
;HelloWorld3.c,63 :: 		var8 = 555251; var1 = 5555;
0x01CA	0x0EF3      	MOVLW       243
0x01CC	0x6E1D      	MOVWF       _var8 
0x01CE	0x0E78      	MOVLW       120
0x01D0	0x6E1E      	MOVWF       _var8+1 
0x01D2	0x0E08      	MOVLW       8
0x01D4	0x6E1F      	MOVWF       _var8+2 
0x01D6	0x0E00      	MOVLW       0
0x01D8	0x6E20      	MOVWF       _var8+3 
0x01DA	0x0EB3      	MOVLW       179
0x01DC	0x6E25      	MOVWF       _var1 
0x01DE	0x0E15      	MOVLW       21
0x01E0	0x6E26      	MOVWF       _var1+1 
0x01E2	0x0E00      	MOVLW       0
0x01E4	0x6E27      	MOVWF       _var1+2 
0x01E6	0x6E28      	MOVWF       _var1+3 
;HelloWorld3.c,64 :: 		var2 = 888888;
0x01E8	0x0E38      	MOVLW       56
0x01EA	0x6E29      	MOVWF       _var2 
0x01EC	0x0E90      	MOVLW       144
0x01EE	0x6E2A      	MOVWF       _var2+1 
0x01F0	0x0E0D      	MOVLW       13
0x01F2	0x6E2B      	MOVWF       _var2+2 
0x01F4	0x0E00      	MOVLW       0
0x01F6	0x6E2C      	MOVWF       _var2+3 
;HelloWorld3.c,65 :: 		var3 = 4444;
0x01F8	0x0E5C      	MOVLW       92
0x01FA	0x6E31      	MOVWF       _var3 
0x01FC	0x0E11      	MOVLW       17
0x01FE	0x6E32      	MOVWF       _var3+1 
0x0200	0x0E00      	MOVLW       0
0x0202	0x6E33      	MOVWF       _var3+2 
0x0204	0x6E34      	MOVWF       _var3+3 
;HelloWorld3.c,66 :: 		var4 = 7777;
0x0206	0x0E61      	MOVLW       97
0x0208	0x6E2D      	MOVWF       _var4 
0x020A	0x0E1E      	MOVLW       30
0x020C	0x6E2E      	MOVWF       _var4+1 
0x020E	0x0E00      	MOVLW       0
0x0210	0x6E2F      	MOVWF       _var4+2 
0x0212	0x6E30      	MOVWF       _var4+3 
;HelloWorld3.c,67 :: 		var5 = 777777;
0x0214	0x0E31      	MOVLW       49
0x0216	0x6E19      	MOVWF       _var5 
0x0218	0x0EDE      	MOVLW       222
0x021A	0x6E1A      	MOVWF       _var5+1 
0x021C	0x0E0B      	MOVLW       11
0x021E	0x6E1B      	MOVWF       _var5+2 
0x0220	0x0E00      	MOVLW       0
0x0222	0x6E1C      	MOVWF       _var5+3 
;HelloWorld3.c,68 :: 		var6 = 8888;
0x0224	0x0EB8      	MOVLW       184
0x0226	0x6E15      	MOVWF       _var6 
0x0228	0x0E22      	MOVLW       34
0x022A	0x6E16      	MOVWF       _var6+1 
0x022C	0x0E00      	MOVLW       0
0x022E	0x6E17      	MOVWF       _var6+2 
0x0230	0x6E18      	MOVWF       _var6+3 
;HelloWorld3.c,69 :: 		var7 = 666666;
0x0232	0x0E2A      	MOVLW       42
0x0234	0x6E21      	MOVWF       _var7 
0x0236	0x0E2C      	MOVLW       44
0x0238	0x6E22      	MOVWF       _var7+1 
0x023A	0x0E0A      	MOVLW       10
0x023C	0x6E23      	MOVWF       _var7+2 
0x023E	0x0E00      	MOVLW       0
0x0240	0x6E24      	MOVWF       _var7+3 
;HelloWorld3.c,70 :: 		var8 = 555251; var1 = 5555;
0x0242	0x0EF3      	MOVLW       243
0x0244	0x6E1D      	MOVWF       _var8 
0x0246	0x0E78      	MOVLW       120
0x0248	0x6E1E      	MOVWF       _var8+1 
0x024A	0x0E08      	MOVLW       8
0x024C	0x6E1F      	MOVWF       _var8+2 
0x024E	0x0E00      	MOVLW       0
0x0250	0x6E20      	MOVWF       _var8+3 
0x0252	0x0EB3      	MOVLW       179
0x0254	0x6E25      	MOVWF       _var1 
0x0256	0x0E15      	MOVLW       21
0x0258	0x6E26      	MOVWF       _var1+1 
0x025A	0x0E00      	MOVLW       0
0x025C	0x6E27      	MOVWF       _var1+2 
0x025E	0x6E28      	MOVWF       _var1+3 
;HelloWorld3.c,71 :: 		var2 = 888888;
0x0260	0x0E38      	MOVLW       56
0x0262	0x6E29      	MOVWF       _var2 
0x0264	0x0E90      	MOVLW       144
0x0266	0x6E2A      	MOVWF       _var2+1 
0x0268	0x0E0D      	MOVLW       13
0x026A	0x6E2B      	MOVWF       _var2+2 
0x026C	0x0E00      	MOVLW       0
0x026E	0x6E2C      	MOVWF       _var2+3 
;HelloWorld3.c,72 :: 		var3 = 4444;
0x0270	0x0E5C      	MOVLW       92
0x0272	0x6E31      	MOVWF       _var3 
0x0274	0x0E11      	MOVLW       17
0x0276	0x6E32      	MOVWF       _var3+1 
0x0278	0x0E00      	MOVLW       0
0x027A	0x6E33      	MOVWF       _var3+2 
0x027C	0x6E34      	MOVWF       _var3+3 
;HelloWorld3.c,73 :: 		var4 = 7777;
0x027E	0x0E61      	MOVLW       97
0x0280	0x6E2D      	MOVWF       _var4 
0x0282	0x0E1E      	MOVLW       30
0x0284	0x6E2E      	MOVWF       _var4+1 
0x0286	0x0E00      	MOVLW       0
0x0288	0x6E2F      	MOVWF       _var4+2 
0x028A	0x6E30      	MOVWF       _var4+3 
;HelloWorld3.c,74 :: 		var5 = 777777;
0x028C	0x0E31      	MOVLW       49
0x028E	0x6E19      	MOVWF       _var5 
0x0290	0x0EDE      	MOVLW       222
0x0292	0x6E1A      	MOVWF       _var5+1 
0x0294	0x0E0B      	MOVLW       11
0x0296	0x6E1B      	MOVWF       _var5+2 
0x0298	0x0E00      	MOVLW       0
0x029A	0x6E1C      	MOVWF       _var5+3 
;HelloWorld3.c,75 :: 		var6 = 8888;
0x029C	0x0EB8      	MOVLW       184
0x029E	0x6E15      	MOVWF       _var6 
0x02A0	0x0E22      	MOVLW       34
0x02A2	0x6E16      	MOVWF       _var6+1 
0x02A4	0x0E00      	MOVLW       0
0x02A6	0x6E17      	MOVWF       _var6+2 
0x02A8	0x6E18      	MOVWF       _var6+3 
;HelloWorld3.c,76 :: 		var7 = 666666;
0x02AA	0x0E2A      	MOVLW       42
0x02AC	0x6E21      	MOVWF       _var7 
0x02AE	0x0E2C      	MOVLW       44
0x02B0	0x6E22      	MOVWF       _var7+1 
0x02B2	0x0E0A      	MOVLW       10
0x02B4	0x6E23      	MOVWF       _var7+2 
0x02B6	0x0E00      	MOVLW       0
0x02B8	0x6E24      	MOVWF       _var7+3 
;HelloWorld3.c,77 :: 		var8 = 555251; var1 = 5555;
0x02BA	0x0EF3      	MOVLW       243
0x02BC	0x6E1D      	MOVWF       _var8 
0x02BE	0x0E78      	MOVLW       120
0x02C0	0x6E1E      	MOVWF       _var8+1 
0x02C2	0x0E08      	MOVLW       8
0x02C4	0x6E1F      	MOVWF       _var8+2 
0x02C6	0x0E00      	MOVLW       0
0x02C8	0x6E20      	MOVWF       _var8+3 
0x02CA	0x0EB3      	MOVLW       179
0x02CC	0x6E25      	MOVWF       _var1 
0x02CE	0x0E15      	MOVLW       21
0x02D0	0x6E26      	MOVWF       _var1+1 
0x02D2	0x0E00      	MOVLW       0
0x02D4	0x6E27      	MOVWF       _var1+2 
0x02D6	0x6E28      	MOVWF       _var1+3 
;HelloWorld3.c,78 :: 		var2 = 888888;
0x02D8	0x0E38      	MOVLW       56
0x02DA	0x6E29      	MOVWF       _var2 
0x02DC	0x0E90      	MOVLW       144
0x02DE	0x6E2A      	MOVWF       _var2+1 
0x02E0	0x0E0D      	MOVLW       13
0x02E2	0x6E2B      	MOVWF       _var2+2 
0x02E4	0x0E00      	MOVLW       0
0x02E6	0x6E2C      	MOVWF       _var2+3 
;HelloWorld3.c,79 :: 		var3 = 4444;
0x02E8	0x0E5C      	MOVLW       92
0x02EA	0x6E31      	MOVWF       _var3 
0x02EC	0x0E11      	MOVLW       17
0x02EE	0x6E32      	MOVWF       _var3+1 
0x02F0	0x0E00      	MOVLW       0
0x02F2	0x6E33      	MOVWF       _var3+2 
0x02F4	0x6E34      	MOVWF       _var3+3 
;HelloWorld3.c,80 :: 		var4 = 7777;
0x02F6	0x0E61      	MOVLW       97
0x02F8	0x6E2D      	MOVWF       _var4 
0x02FA	0x0E1E      	MOVLW       30
0x02FC	0x6E2E      	MOVWF       _var4+1 
0x02FE	0x0E00      	MOVLW       0
0x0300	0x6E2F      	MOVWF       _var4+2 
0x0302	0x6E30      	MOVWF       _var4+3 
;HelloWorld3.c,81 :: 		var5 = 777777;
0x0304	0x0E31      	MOVLW       49
0x0306	0x6E19      	MOVWF       _var5 
0x0308	0x0EDE      	MOVLW       222
0x030A	0x6E1A      	MOVWF       _var5+1 
0x030C	0x0E0B      	MOVLW       11
0x030E	0x6E1B      	MOVWF       _var5+2 
0x0310	0x0E00      	MOVLW       0
0x0312	0x6E1C      	MOVWF       _var5+3 
;HelloWorld3.c,82 :: 		var6 = 8888;
0x0314	0x0EB8      	MOVLW       184
0x0316	0x6E15      	MOVWF       _var6 
0x0318	0x0E22      	MOVLW       34
0x031A	0x6E16      	MOVWF       _var6+1 
0x031C	0x0E00      	MOVLW       0
0x031E	0x6E17      	MOVWF       _var6+2 
0x0320	0x6E18      	MOVWF       _var6+3 
;HelloWorld3.c,83 :: 		var7 = 666666;
0x0322	0x0E2A      	MOVLW       42
0x0324	0x6E21      	MOVWF       _var7 
0x0326	0x0E2C      	MOVLW       44
0x0328	0x6E22      	MOVWF       _var7+1 
0x032A	0x0E0A      	MOVLW       10
0x032C	0x6E23      	MOVWF       _var7+2 
0x032E	0x0E00      	MOVLW       0
0x0330	0x6E24      	MOVWF       _var7+3 
;HelloWorld3.c,84 :: 		var8 = 555251; var1 = 5555;
0x0332	0x0EF3      	MOVLW       243
0x0334	0x6E1D      	MOVWF       _var8 
0x0336	0x0E78      	MOVLW       120
0x0338	0x6E1E      	MOVWF       _var8+1 
0x033A	0x0E08      	MOVLW       8
0x033C	0x6E1F      	MOVWF       _var8+2 
0x033E	0x0E00      	MOVLW       0
0x0340	0x6E20      	MOVWF       _var8+3 
0x0342	0x0EB3      	MOVLW       179
0x0344	0x6E25      	MOVWF       _var1 
0x0346	0x0E15      	MOVLW       21
0x0348	0x6E26      	MOVWF       _var1+1 
0x034A	0x0E00      	MOVLW       0
0x034C	0x6E27      	MOVWF       _var1+2 
0x034E	0x6E28      	MOVWF       _var1+3 
;HelloWorld3.c,85 :: 		var2 = 888888;
0x0350	0x0E38      	MOVLW       56
0x0352	0x6E29      	MOVWF       _var2 
0x0354	0x0E90      	MOVLW       144
0x0356	0x6E2A      	MOVWF       _var2+1 
0x0358	0x0E0D      	MOVLW       13
0x035A	0x6E2B      	MOVWF       _var2+2 
0x035C	0x0E00      	MOVLW       0
0x035E	0x6E2C      	MOVWF       _var2+3 
;HelloWorld3.c,86 :: 		var3 = 4444;
0x0360	0x0E5C      	MOVLW       92
0x0362	0x6E31      	MOVWF       _var3 
0x0364	0x0E11      	MOVLW       17
0x0366	0x6E32      	MOVWF       _var3+1 
0x0368	0x0E00      	MOVLW       0
0x036A	0x6E33      	MOVWF       _var3+2 
0x036C	0x6E34      	MOVWF       _var3+3 
;HelloWorld3.c,87 :: 		var4 = 7777;
0x036E	0x0E61      	MOVLW       97
0x0370	0x6E2D      	MOVWF       _var4 
0x0372	0x0E1E      	MOVLW       30
0x0374	0x6E2E      	MOVWF       _var4+1 
0x0376	0x0E00      	MOVLW       0
0x0378	0x6E2F      	MOVWF       _var4+2 
0x037A	0x6E30      	MOVWF       _var4+3 
;HelloWorld3.c,88 :: 		var5 = 777777;
0x037C	0x0E31      	MOVLW       49
0x037E	0x6E19      	MOVWF       _var5 
0x0380	0x0EDE      	MOVLW       222
0x0382	0x6E1A      	MOVWF       _var5+1 
0x0384	0x0E0B      	MOVLW       11
0x0386	0x6E1B      	MOVWF       _var5+2 
0x0388	0x0E00      	MOVLW       0
0x038A	0x6E1C      	MOVWF       _var5+3 
;HelloWorld3.c,89 :: 		var6 = 8888;
0x038C	0x0EB8      	MOVLW       184
0x038E	0x6E15      	MOVWF       _var6 
0x0390	0x0E22      	MOVLW       34
0x0392	0x6E16      	MOVWF       _var6+1 
0x0394	0x0E00      	MOVLW       0
0x0396	0x6E17      	MOVWF       _var6+2 
0x0398	0x6E18      	MOVWF       _var6+3 
;HelloWorld3.c,90 :: 		var7 = 666666;
0x039A	0x0E2A      	MOVLW       42
0x039C	0x6E21      	MOVWF       _var7 
0x039E	0x0E2C      	MOVLW       44
0x03A0	0x6E22      	MOVWF       _var7+1 
0x03A2	0x0E0A      	MOVLW       10
0x03A4	0x6E23      	MOVWF       _var7+2 
0x03A6	0x0E00      	MOVLW       0
0x03A8	0x6E24      	MOVWF       _var7+3 
;HelloWorld3.c,91 :: 		var8 = 555251; var1 = 5555;
0x03AA	0x0EF3      	MOVLW       243
0x03AC	0x6E1D      	MOVWF       _var8 
0x03AE	0x0E78      	MOVLW       120
0x03B0	0x6E1E      	MOVWF       _var8+1 
0x03B2	0x0E08      	MOVLW       8
0x03B4	0x6E1F      	MOVWF       _var8+2 
0x03B6	0x0E00      	MOVLW       0
0x03B8	0x6E20      	MOVWF       _var8+3 
0x03BA	0x0EB3      	MOVLW       179
0x03BC	0x6E25      	MOVWF       _var1 
0x03BE	0x0E15      	MOVLW       21
0x03C0	0x6E26      	MOVWF       _var1+1 
0x03C2	0x0E00      	MOVLW       0
0x03C4	0x6E27      	MOVWF       _var1+2 
0x03C6	0x6E28      	MOVWF       _var1+3 
;HelloWorld3.c,92 :: 		var2 = 888888;
0x03C8	0x0E38      	MOVLW       56
0x03CA	0x6E29      	MOVWF       _var2 
0x03CC	0x0E90      	MOVLW       144
0x03CE	0x6E2A      	MOVWF       _var2+1 
0x03D0	0x0E0D      	MOVLW       13
0x03D2	0x6E2B      	MOVWF       _var2+2 
0x03D4	0x0E00      	MOVLW       0
0x03D6	0x6E2C      	MOVWF       _var2+3 
;HelloWorld3.c,93 :: 		var3 = 4444;
0x03D8	0x0E5C      	MOVLW       92
0x03DA	0x6E31      	MOVWF       _var3 
0x03DC	0x0E11      	MOVLW       17
0x03DE	0x6E32      	MOVWF       _var3+1 
0x03E0	0x0E00      	MOVLW       0
0x03E2	0x6E33      	MOVWF       _var3+2 
0x03E4	0x6E34      	MOVWF       _var3+3 
;HelloWorld3.c,94 :: 		var4 = 7777;
0x03E6	0x0E61      	MOVLW       97
0x03E8	0x6E2D      	MOVWF       _var4 
0x03EA	0x0E1E      	MOVLW       30
0x03EC	0x6E2E      	MOVWF       _var4+1 
0x03EE	0x0E00      	MOVLW       0
0x03F0	0x6E2F      	MOVWF       _var4+2 
0x03F2	0x6E30      	MOVWF       _var4+3 
;HelloWorld3.c,95 :: 		var5 = 777777;
0x03F4	0x0E31      	MOVLW       49
0x03F6	0x6E19      	MOVWF       _var5 
0x03F8	0x0EDE      	MOVLW       222
0x03FA	0x6E1A      	MOVWF       _var5+1 
0x03FC	0x0E0B      	MOVLW       11
0x03FE	0x6E1B      	MOVWF       _var5+2 
0x0400	0x0E00      	MOVLW       0
0x0402	0x6E1C      	MOVWF       _var5+3 
;HelloWorld3.c,96 :: 		var6 = 8888;
0x0404	0x0EB8      	MOVLW       184
0x0406	0x6E15      	MOVWF       _var6 
0x0408	0x0E22      	MOVLW       34
0x040A	0x6E16      	MOVWF       _var6+1 
0x040C	0x0E00      	MOVLW       0
0x040E	0x6E17      	MOVWF       _var6+2 
0x0410	0x6E18      	MOVWF       _var6+3 
;HelloWorld3.c,97 :: 		var7 = 666666;
0x0412	0x0E2A      	MOVLW       42
0x0414	0x6E21      	MOVWF       _var7 
0x0416	0x0E2C      	MOVLW       44
0x0418	0x6E22      	MOVWF       _var7+1 
0x041A	0x0E0A      	MOVLW       10
0x041C	0x6E23      	MOVWF       _var7+2 
0x041E	0x0E00      	MOVLW       0
0x0420	0x6E24      	MOVWF       _var7+3 
;HelloWorld3.c,98 :: 		var8 = 555251; var1 = 5555;
0x0422	0x0EF3      	MOVLW       243
0x0424	0x6E1D      	MOVWF       _var8 
0x0426	0x0E78      	MOVLW       120
0x0428	0x6E1E      	MOVWF       _var8+1 
0x042A	0x0E08      	MOVLW       8
0x042C	0x6E1F      	MOVWF       _var8+2 
0x042E	0x0E00      	MOVLW       0
0x0430	0x6E20      	MOVWF       _var8+3 
0x0432	0x0EB3      	MOVLW       179
0x0434	0x6E25      	MOVWF       _var1 
0x0436	0x0E15      	MOVLW       21
0x0438	0x6E26      	MOVWF       _var1+1 
0x043A	0x0E00      	MOVLW       0
0x043C	0x6E27      	MOVWF       _var1+2 
0x043E	0x6E28      	MOVWF       _var1+3 
;HelloWorld3.c,99 :: 		var2 = 888888;
0x0440	0x0E38      	MOVLW       56
0x0442	0x6E29      	MOVWF       _var2 
0x0444	0x0E90      	MOVLW       144
0x0446	0x6E2A      	MOVWF       _var2+1 
0x0448	0x0E0D      	MOVLW       13
0x044A	0x6E2B      	MOVWF       _var2+2 
0x044C	0x0E00      	MOVLW       0
0x044E	0x6E2C      	MOVWF       _var2+3 
;HelloWorld3.c,100 :: 		var3 = 4444;
0x0450	0x0E5C      	MOVLW       92
0x0452	0x6E31      	MOVWF       _var3 
0x0454	0x0E11      	MOVLW       17
0x0456	0x6E32      	MOVWF       _var3+1 
0x0458	0x0E00      	MOVLW       0
0x045A	0x6E33      	MOVWF       _var3+2 
0x045C	0x6E34      	MOVWF       _var3+3 
;HelloWorld3.c,101 :: 		var4 = 7777;
0x045E	0x0E61      	MOVLW       97
0x0460	0x6E2D      	MOVWF       _var4 
0x0462	0x0E1E      	MOVLW       30
0x0464	0x6E2E      	MOVWF       _var4+1 
0x0466	0x0E00      	MOVLW       0
0x0468	0x6E2F      	MOVWF       _var4+2 
0x046A	0x6E30      	MOVWF       _var4+3 
;HelloWorld3.c,102 :: 		var5 = 777777;
0x046C	0x0E31      	MOVLW       49
0x046E	0x6E19      	MOVWF       _var5 
0x0470	0x0EDE      	MOVLW       222
0x0472	0x6E1A      	MOVWF       _var5+1 
0x0474	0x0E0B      	MOVLW       11
0x0476	0x6E1B      	MOVWF       _var5+2 
0x0478	0x0E00      	MOVLW       0
0x047A	0x6E1C      	MOVWF       _var5+3 
;HelloWorld3.c,103 :: 		var6 = 8888;
0x047C	0x0EB8      	MOVLW       184
0x047E	0x6E15      	MOVWF       _var6 
0x0480	0x0E22      	MOVLW       34
0x0482	0x6E16      	MOVWF       _var6+1 
0x0484	0x0E00      	MOVLW       0
0x0486	0x6E17      	MOVWF       _var6+2 
0x0488	0x6E18      	MOVWF       _var6+3 
;HelloWorld3.c,104 :: 		var7 = 666666;
0x048A	0x0E2A      	MOVLW       42
0x048C	0x6E21      	MOVWF       _var7 
0x048E	0x0E2C      	MOVLW       44
0x0490	0x6E22      	MOVWF       _var7+1 
0x0492	0x0E0A      	MOVLW       10
0x0494	0x6E23      	MOVWF       _var7+2 
0x0496	0x0E00      	MOVLW       0
0x0498	0x6E24      	MOVWF       _var7+3 
;HelloWorld3.c,105 :: 		var8 = 555251; var1 = 5555;
0x049A	0x0EF3      	MOVLW       243
0x049C	0x6E1D      	MOVWF       _var8 
0x049E	0x0E78      	MOVLW       120
0x04A0	0x6E1E      	MOVWF       _var8+1 
0x04A2	0x0E08      	MOVLW       8
0x04A4	0x6E1F      	MOVWF       _var8+2 
0x04A6	0x0E00      	MOVLW       0
0x04A8	0x6E20      	MOVWF       _var8+3 
0x04AA	0x0EB3      	MOVLW       179
0x04AC	0x6E25      	MOVWF       _var1 
0x04AE	0x0E15      	MOVLW       21
0x04B0	0x6E26      	MOVWF       _var1+1 
0x04B2	0x0E00      	MOVLW       0
0x04B4	0x6E27      	MOVWF       _var1+2 
0x04B6	0x6E28      	MOVWF       _var1+3 
;HelloWorld3.c,106 :: 		var2 = 888888;
0x04B8	0x0E38      	MOVLW       56
0x04BA	0x6E29      	MOVWF       _var2 
0x04BC	0x0E90      	MOVLW       144
0x04BE	0x6E2A      	MOVWF       _var2+1 
0x04C0	0x0E0D      	MOVLW       13
0x04C2	0x6E2B      	MOVWF       _var2+2 
0x04C4	0x0E00      	MOVLW       0
0x04C6	0x6E2C      	MOVWF       _var2+3 
;HelloWorld3.c,107 :: 		var3 = 4444;
0x04C8	0x0E5C      	MOVLW       92
0x04CA	0x6E31      	MOVWF       _var3 
0x04CC	0x0E11      	MOVLW       17
0x04CE	0x6E32      	MOVWF       _var3+1 
0x04D0	0x0E00      	MOVLW       0
0x04D2	0x6E33      	MOVWF       _var3+2 
0x04D4	0x6E34      	MOVWF       _var3+3 
;HelloWorld3.c,108 :: 		var4 = 7777;
0x04D6	0x0E61      	MOVLW       97
0x04D8	0x6E2D      	MOVWF       _var4 
0x04DA	0x0E1E      	MOVLW       30
0x04DC	0x6E2E      	MOVWF       _var4+1 
0x04DE	0x0E00      	MOVLW       0
0x04E0	0x6E2F      	MOVWF       _var4+2 
0x04E2	0x6E30      	MOVWF       _var4+3 
;HelloWorld3.c,109 :: 		var5 = 777777;
0x04E4	0x0E31      	MOVLW       49
0x04E6	0x6E19      	MOVWF       _var5 
0x04E8	0x0EDE      	MOVLW       222
0x04EA	0x6E1A      	MOVWF       _var5+1 
0x04EC	0x0E0B      	MOVLW       11
0x04EE	0x6E1B      	MOVWF       _var5+2 
0x04F0	0x0E00      	MOVLW       0
0x04F2	0x6E1C      	MOVWF       _var5+3 
;HelloWorld3.c,110 :: 		var6 = 8888;
0x04F4	0x0EB8      	MOVLW       184
0x04F6	0x6E15      	MOVWF       _var6 
0x04F8	0x0E22      	MOVLW       34
0x04FA	0x6E16      	MOVWF       _var6+1 
0x04FC	0x0E00      	MOVLW       0
0x04FE	0x6E17      	MOVWF       _var6+2 
0x0500	0x6E18      	MOVWF       _var6+3 
;HelloWorld3.c,111 :: 		var7 = 666666;
0x0502	0x0E2A      	MOVLW       42
0x0504	0x6E21      	MOVWF       _var7 
0x0506	0x0E2C      	MOVLW       44
0x0508	0x6E22      	MOVWF       _var7+1 
0x050A	0x0E0A      	MOVLW       10
0x050C	0x6E23      	MOVWF       _var7+2 
0x050E	0x0E00      	MOVLW       0
0x0510	0x6E24      	MOVWF       _var7+3 
;HelloWorld3.c,112 :: 		var8 = 555251; var1 = 5555;
0x0512	0x0EF3      	MOVLW       243
0x0514	0x6E1D      	MOVWF       _var8 
0x0516	0x0E78      	MOVLW       120
0x0518	0x6E1E      	MOVWF       _var8+1 
0x051A	0x0E08      	MOVLW       8
0x051C	0x6E1F      	MOVWF       _var8+2 
0x051E	0x0E00      	MOVLW       0
0x0520	0x6E20      	MOVWF       _var8+3 
0x0522	0x0EB3      	MOVLW       179
0x0524	0x6E25      	MOVWF       _var1 
0x0526	0x0E15      	MOVLW       21
0x0528	0x6E26      	MOVWF       _var1+1 
0x052A	0x0E00      	MOVLW       0
0x052C	0x6E27      	MOVWF       _var1+2 
0x052E	0x6E28      	MOVWF       _var1+3 
;HelloWorld3.c,113 :: 		var2 = 888888;
0x0530	0x0E38      	MOVLW       56
0x0532	0x6E29      	MOVWF       _var2 
0x0534	0x0E90      	MOVLW       144
0x0536	0x6E2A      	MOVWF       _var2+1 
0x0538	0x0E0D      	MOVLW       13
0x053A	0x6E2B      	MOVWF       _var2+2 
0x053C	0x0E00      	MOVLW       0
0x053E	0x6E2C      	MOVWF       _var2+3 
;HelloWorld3.c,114 :: 		var3 = 4444;
0x0540	0x0E5C      	MOVLW       92
0x0542	0x6E31      	MOVWF       _var3 
0x0544	0x0E11      	MOVLW       17
0x0546	0x6E32      	MOVWF       _var3+1 
0x0548	0x0E00      	MOVLW       0
0x054A	0x6E33      	MOVWF       _var3+2 
0x054C	0x6E34      	MOVWF       _var3+3 
;HelloWorld3.c,115 :: 		var4 = 7777;
0x054E	0x0E61      	MOVLW       97
0x0550	0x6E2D      	MOVWF       _var4 
0x0552	0x0E1E      	MOVLW       30
0x0554	0x6E2E      	MOVWF       _var4+1 
0x0556	0x0E00      	MOVLW       0
0x0558	0x6E2F      	MOVWF       _var4+2 
0x055A	0x6E30      	MOVWF       _var4+3 
;HelloWorld3.c,116 :: 		var5 = 777777;
0x055C	0x0E31      	MOVLW       49
0x055E	0x6E19      	MOVWF       _var5 
0x0560	0x0EDE      	MOVLW       222
0x0562	0x6E1A      	MOVWF       _var5+1 
0x0564	0x0E0B      	MOVLW       11
0x0566	0x6E1B      	MOVWF       _var5+2 
0x0568	0x0E00      	MOVLW       0
0x056A	0x6E1C      	MOVWF       _var5+3 
;HelloWorld3.c,117 :: 		var6 = 8888;
0x056C	0x0EB8      	MOVLW       184
0x056E	0x6E15      	MOVWF       _var6 
0x0570	0x0E22      	MOVLW       34
0x0572	0x6E16      	MOVWF       _var6+1 
0x0574	0x0E00      	MOVLW       0
0x0576	0x6E17      	MOVWF       _var6+2 
0x0578	0x6E18      	MOVWF       _var6+3 
;HelloWorld3.c,118 :: 		var7 = 666666;
0x057A	0x0E2A      	MOVLW       42
0x057C	0x6E21      	MOVWF       _var7 
0x057E	0x0E2C      	MOVLW       44
0x0580	0x6E22      	MOVWF       _var7+1 
0x0582	0x0E0A      	MOVLW       10
0x0584	0x6E23      	MOVWF       _var7+2 
0x0586	0x0E00      	MOVLW       0
0x0588	0x6E24      	MOVWF       _var7+3 
;HelloWorld3.c,119 :: 		var8 = 555251; var1 = 5555;
0x058A	0x0EF3      	MOVLW       243
0x058C	0x6E1D      	MOVWF       _var8 
0x058E	0x0E78      	MOVLW       120
0x0590	0x6E1E      	MOVWF       _var8+1 
0x0592	0x0E08      	MOVLW       8
0x0594	0x6E1F      	MOVWF       _var8+2 
0x0596	0x0E00      	MOVLW       0
0x0598	0x6E20      	MOVWF       _var8+3 
0x059A	0x0EB3      	MOVLW       179
0x059C	0x6E25      	MOVWF       _var1 
0x059E	0x0E15      	MOVLW       21
0x05A0	0x6E26      	MOVWF       _var1+1 
0x05A2	0x0E00      	MOVLW       0
0x05A4	0x6E27      	MOVWF       _var1+2 
0x05A6	0x6E28      	MOVWF       _var1+3 
;HelloWorld3.c,120 :: 		var2 = 888888;
0x05A8	0x0E38      	MOVLW       56
0x05AA	0x6E29      	MOVWF       _var2 
0x05AC	0x0E90      	MOVLW       144
0x05AE	0x6E2A      	MOVWF       _var2+1 
0x05B0	0x0E0D      	MOVLW       13
0x05B2	0x6E2B      	MOVWF       _var2+2 
0x05B4	0x0E00      	MOVLW       0
0x05B6	0x6E2C      	MOVWF       _var2+3 
;HelloWorld3.c,121 :: 		var3 = 4444;
0x05B8	0x0E5C      	MOVLW       92
0x05BA	0x6E31      	MOVWF       _var3 
0x05BC	0x0E11      	MOVLW       17
0x05BE	0x6E32      	MOVWF       _var3+1 
0x05C0	0x0E00      	MOVLW       0
0x05C2	0x6E33      	MOVWF       _var3+2 
0x05C4	0x6E34      	MOVWF       _var3+3 
;HelloWorld3.c,122 :: 		var4 = 7777;
0x05C6	0x0E61      	MOVLW       97
0x05C8	0x6E2D      	MOVWF       _var4 
0x05CA	0x0E1E      	MOVLW       30
0x05CC	0x6E2E      	MOVWF       _var4+1 
0x05CE	0x0E00      	MOVLW       0
0x05D0	0x6E2F      	MOVWF       _var4+2 
0x05D2	0x6E30      	MOVWF       _var4+3 
;HelloWorld3.c,123 :: 		var5 = 777777;
0x05D4	0x0E31      	MOVLW       49
0x05D6	0x6E19      	MOVWF       _var5 
0x05D8	0x0EDE      	MOVLW       222
0x05DA	0x6E1A      	MOVWF       _var5+1 
0x05DC	0x0E0B      	MOVLW       11
0x05DE	0x6E1B      	MOVWF       _var5+2 
0x05E0	0x0E00      	MOVLW       0
0x05E2	0x6E1C      	MOVWF       _var5+3 
;HelloWorld3.c,124 :: 		var6 = 8888;
0x05E4	0x0EB8      	MOVLW       184
0x05E6	0x6E15      	MOVWF       _var6 
0x05E8	0x0E22      	MOVLW       34
0x05EA	0x6E16      	MOVWF       _var6+1 
0x05EC	0x0E00      	MOVLW       0
0x05EE	0x6E17      	MOVWF       _var6+2 
0x05F0	0x6E18      	MOVWF       _var6+3 
;HelloWorld3.c,125 :: 		var7 = 666666;
0x05F2	0x0E2A      	MOVLW       42
0x05F4	0x6E21      	MOVWF       _var7 
0x05F6	0x0E2C      	MOVLW       44
0x05F8	0x6E22      	MOVWF       _var7+1 
0x05FA	0x0E0A      	MOVLW       10
0x05FC	0x6E23      	MOVWF       _var7+2 
0x05FE	0x0E00      	MOVLW       0
0x0600	0x6E24      	MOVWF       _var7+3 
;HelloWorld3.c,126 :: 		var8 = 555251; var1 = 5555;
0x0602	0x0EF3      	MOVLW       243
0x0604	0x6E1D      	MOVWF       _var8 
0x0606	0x0E78      	MOVLW       120
0x0608	0x6E1E      	MOVWF       _var8+1 
0x060A	0x0E08      	MOVLW       8
0x060C	0x6E1F      	MOVWF       _var8+2 
0x060E	0x0E00      	MOVLW       0
0x0610	0x6E20      	MOVWF       _var8+3 
0x0612	0x0EB3      	MOVLW       179
0x0614	0x6E25      	MOVWF       _var1 
0x0616	0x0E15      	MOVLW       21
0x0618	0x6E26      	MOVWF       _var1+1 
0x061A	0x0E00      	MOVLW       0
0x061C	0x6E27      	MOVWF       _var1+2 
0x061E	0x6E28      	MOVWF       _var1+3 
;HelloWorld3.c,127 :: 		var2 = 888888;
0x0620	0x0E38      	MOVLW       56
0x0622	0x6E29      	MOVWF       _var2 
0x0624	0x0E90      	MOVLW       144
0x0626	0x6E2A      	MOVWF       _var2+1 
0x0628	0x0E0D      	MOVLW       13
0x062A	0x6E2B      	MOVWF       _var2+2 
0x062C	0x0E00      	MOVLW       0
0x062E	0x6E2C      	MOVWF       _var2+3 
;HelloWorld3.c,128 :: 		var3 = 4444;
0x0630	0x0E5C      	MOVLW       92
0x0632	0x6E31      	MOVWF       _var3 
0x0634	0x0E11      	MOVLW       17
0x0636	0x6E32      	MOVWF       _var3+1 
0x0638	0x0E00      	MOVLW       0
0x063A	0x6E33      	MOVWF       _var3+2 
0x063C	0x6E34      	MOVWF       _var3+3 
;HelloWorld3.c,129 :: 		var4 = 7777;
0x063E	0x0E61      	MOVLW       97
0x0640	0x6E2D      	MOVWF       _var4 
0x0642	0x0E1E      	MOVLW       30
0x0644	0x6E2E      	MOVWF       _var4+1 
0x0646	0x0E00      	MOVLW       0
0x0648	0x6E2F      	MOVWF       _var4+2 
0x064A	0x6E30      	MOVWF       _var4+3 
;HelloWorld3.c,130 :: 		var5 = 777777;
0x064C	0x0E31      	MOVLW       49
0x064E	0x6E19      	MOVWF       _var5 
0x0650	0x0EDE      	MOVLW       222
0x0652	0x6E1A      	MOVWF       _var5+1 
0x0654	0x0E0B      	MOVLW       11
0x0656	0x6E1B      	MOVWF       _var5+2 
0x0658	0x0E00      	MOVLW       0
0x065A	0x6E1C      	MOVWF       _var5+3 
;HelloWorld3.c,131 :: 		var6 = 8888;
0x065C	0x0EB8      	MOVLW       184
0x065E	0x6E15      	MOVWF       _var6 
0x0660	0x0E22      	MOVLW       34
0x0662	0x6E16      	MOVWF       _var6+1 
0x0664	0x0E00      	MOVLW       0
0x0666	0x6E17      	MOVWF       _var6+2 
0x0668	0x6E18      	MOVWF       _var6+3 
;HelloWorld3.c,132 :: 		var7 = 666666;
0x066A	0x0E2A      	MOVLW       42
0x066C	0x6E21      	MOVWF       _var7 
0x066E	0x0E2C      	MOVLW       44
0x0670	0x6E22      	MOVWF       _var7+1 
0x0672	0x0E0A      	MOVLW       10
0x0674	0x6E23      	MOVWF       _var7+2 
0x0676	0x0E00      	MOVLW       0
0x0678	0x6E24      	MOVWF       _var7+3 
;HelloWorld3.c,133 :: 		var8 = 555251; var1 = 5555;
0x067A	0x0EF3      	MOVLW       243
0x067C	0x6E1D      	MOVWF       _var8 
0x067E	0x0E78      	MOVLW       120
0x0680	0x6E1E      	MOVWF       _var8+1 
0x0682	0x0E08      	MOVLW       8
0x0684	0x6E1F      	MOVWF       _var8+2 
0x0686	0x0E00      	MOVLW       0
0x0688	0x6E20      	MOVWF       _var8+3 
0x068A	0x0EB3      	MOVLW       179
0x068C	0x6E25      	MOVWF       _var1 
0x068E	0x0E15      	MOVLW       21
0x0690	0x6E26      	MOVWF       _var1+1 
0x0692	0x0E00      	MOVLW       0
0x0694	0x6E27      	MOVWF       _var1+2 
0x0696	0x6E28      	MOVWF       _var1+3 
;HelloWorld3.c,134 :: 		var2 = 888888;
0x0698	0x0E38      	MOVLW       56
0x069A	0x6E29      	MOVWF       _var2 
0x069C	0x0E90      	MOVLW       144
0x069E	0x6E2A      	MOVWF       _var2+1 
0x06A0	0x0E0D      	MOVLW       13
0x06A2	0x6E2B      	MOVWF       _var2+2 
0x06A4	0x0E00      	MOVLW       0
0x06A6	0x6E2C      	MOVWF       _var2+3 
;HelloWorld3.c,135 :: 		var3 = 4444;
0x06A8	0x0E5C      	MOVLW       92
0x06AA	0x6E31      	MOVWF       _var3 
0x06AC	0x0E11      	MOVLW       17
0x06AE	0x6E32      	MOVWF       _var3+1 
0x06B0	0x0E00      	MOVLW       0
0x06B2	0x6E33      	MOVWF       _var3+2 
0x06B4	0x6E34      	MOVWF       _var3+3 
;HelloWorld3.c,136 :: 		var4 = 7777;
0x06B6	0x0E61      	MOVLW       97
0x06B8	0x6E2D      	MOVWF       _var4 
0x06BA	0x0E1E      	MOVLW       30
0x06BC	0x6E2E      	MOVWF       _var4+1 
0x06BE	0x0E00      	MOVLW       0
0x06C0	0x6E2F      	MOVWF       _var4+2 
0x06C2	0x6E30      	MOVWF       _var4+3 
;HelloWorld3.c,137 :: 		var5 = 777777;
0x06C4	0x0E31      	MOVLW       49
0x06C6	0x6E19      	MOVWF       _var5 
0x06C8	0x0EDE      	MOVLW       222
0x06CA	0x6E1A      	MOVWF       _var5+1 
0x06CC	0x0E0B      	MOVLW       11
0x06CE	0x6E1B      	MOVWF       _var5+2 
0x06D0	0x0E00      	MOVLW       0
0x06D2	0x6E1C      	MOVWF       _var5+3 
;HelloWorld3.c,138 :: 		var6 = 8888;
0x06D4	0x0EB8      	MOVLW       184
0x06D6	0x6E15      	MOVWF       _var6 
0x06D8	0x0E22      	MOVLW       34
0x06DA	0x6E16      	MOVWF       _var6+1 
0x06DC	0x0E00      	MOVLW       0
0x06DE	0x6E17      	MOVWF       _var6+2 
0x06E0	0x6E18      	MOVWF       _var6+3 
;HelloWorld3.c,139 :: 		var7 = 666666;
0x06E2	0x0E2A      	MOVLW       42
0x06E4	0x6E21      	MOVWF       _var7 
0x06E6	0x0E2C      	MOVLW       44
0x06E8	0x6E22      	MOVWF       _var7+1 
0x06EA	0x0E0A      	MOVLW       10
0x06EC	0x6E23      	MOVWF       _var7+2 
0x06EE	0x0E00      	MOVLW       0
0x06F0	0x6E24      	MOVWF       _var7+3 
;HelloWorld3.c,140 :: 		var8 = 555251; var1 = 5555;
0x06F2	0x0EF3      	MOVLW       243
0x06F4	0x6E1D      	MOVWF       _var8 
0x06F6	0x0E78      	MOVLW       120
0x06F8	0x6E1E      	MOVWF       _var8+1 
0x06FA	0x0E08      	MOVLW       8
0x06FC	0x6E1F      	MOVWF       _var8+2 
0x06FE	0x0E00      	MOVLW       0
0x0700	0x6E20      	MOVWF       _var8+3 
0x0702	0x0EB3      	MOVLW       179
0x0704	0x6E25      	MOVWF       _var1 
0x0706	0x0E15      	MOVLW       21
0x0708	0x6E26      	MOVWF       _var1+1 
0x070A	0x0E00      	MOVLW       0
0x070C	0x6E27      	MOVWF       _var1+2 
0x070E	0x6E28      	MOVWF       _var1+3 
;HelloWorld3.c,141 :: 		var2 = 888888;
0x0710	0x0E38      	MOVLW       56
0x0712	0x6E29      	MOVWF       _var2 
0x0714	0x0E90      	MOVLW       144
0x0716	0x6E2A      	MOVWF       _var2+1 
0x0718	0x0E0D      	MOVLW       13
0x071A	0x6E2B      	MOVWF       _var2+2 
0x071C	0x0E00      	MOVLW       0
0x071E	0x6E2C      	MOVWF       _var2+3 
;HelloWorld3.c,142 :: 		var3 = 4444;
0x0720	0x0E5C      	MOVLW       92
0x0722	0x6E31      	MOVWF       _var3 
0x0724	0x0E11      	MOVLW       17
0x0726	0x6E32      	MOVWF       _var3+1 
0x0728	0x0E00      	MOVLW       0
0x072A	0x6E33      	MOVWF       _var3+2 
0x072C	0x6E34      	MOVWF       _var3+3 
;HelloWorld3.c,143 :: 		var4 = 7777;
0x072E	0x0E61      	MOVLW       97
0x0730	0x6E2D      	MOVWF       _var4 
0x0732	0x0E1E      	MOVLW       30
0x0734	0x6E2E      	MOVWF       _var4+1 
0x0736	0x0E00      	MOVLW       0
0x0738	0x6E2F      	MOVWF       _var4+2 
0x073A	0x6E30      	MOVWF       _var4+3 
;HelloWorld3.c,144 :: 		var5 = 777777;
0x073C	0x0E31      	MOVLW       49
0x073E	0x6E19      	MOVWF       _var5 
0x0740	0x0EDE      	MOVLW       222
0x0742	0x6E1A      	MOVWF       _var5+1 
0x0744	0x0E0B      	MOVLW       11
0x0746	0x6E1B      	MOVWF       _var5+2 
0x0748	0x0E00      	MOVLW       0
0x074A	0x6E1C      	MOVWF       _var5+3 
;HelloWorld3.c,145 :: 		var6 = 8888;
0x074C	0x0EB8      	MOVLW       184
0x074E	0x6E15      	MOVWF       _var6 
0x0750	0x0E22      	MOVLW       34
0x0752	0x6E16      	MOVWF       _var6+1 
0x0754	0x0E00      	MOVLW       0
0x0756	0x6E17      	MOVWF       _var6+2 
0x0758	0x6E18      	MOVWF       _var6+3 
;HelloWorld3.c,146 :: 		var7 = 666666;
0x075A	0x0E2A      	MOVLW       42
0x075C	0x6E21      	MOVWF       _var7 
0x075E	0x0E2C      	MOVLW       44
0x0760	0x6E22      	MOVWF       _var7+1 
0x0762	0x0E0A      	MOVLW       10
0x0764	0x6E23      	MOVWF       _var7+2 
0x0766	0x0E00      	MOVLW       0
0x0768	0x6E24      	MOVWF       _var7+3 
;HelloWorld3.c,147 :: 		var8 = 555251; var1 = 5555;
0x076A	0x0EF3      	MOVLW       243
0x076C	0x6E1D      	MOVWF       _var8 
0x076E	0x0E78      	MOVLW       120
0x0770	0x6E1E      	MOVWF       _var8+1 
0x0772	0x0E08      	MOVLW       8
0x0774	0x6E1F      	MOVWF       _var8+2 
0x0776	0x0E00      	MOVLW       0
0x0778	0x6E20      	MOVWF       _var8+3 
0x077A	0x0EB3      	MOVLW       179
0x077C	0x6E25      	MOVWF       _var1 
0x077E	0x0E15      	MOVLW       21
0x0780	0x6E26      	MOVWF       _var1+1 
0x0782	0x0E00      	MOVLW       0
0x0784	0x6E27      	MOVWF       _var1+2 
0x0786	0x6E28      	MOVWF       _var1+3 
;HelloWorld3.c,148 :: 		var2 = 888888;
0x0788	0x0E38      	MOVLW       56
0x078A	0x6E29      	MOVWF       _var2 
0x078C	0x0E90      	MOVLW       144
0x078E	0x6E2A      	MOVWF       _var2+1 
0x0790	0x0E0D      	MOVLW       13
0x0792	0x6E2B      	MOVWF       _var2+2 
0x0794	0x0E00      	MOVLW       0
0x0796	0x6E2C      	MOVWF       _var2+3 
;HelloWorld3.c,149 :: 		var3 = 4444;
0x0798	0x0E5C      	MOVLW       92
0x079A	0x6E31      	MOVWF       _var3 
0x079C	0x0E11      	MOVLW       17
0x079E	0x6E32      	MOVWF       _var3+1 
0x07A0	0x0E00      	MOVLW       0
0x07A2	0x6E33      	MOVWF       _var3+2 
0x07A4	0x6E34      	MOVWF       _var3+3 
;HelloWorld3.c,150 :: 		var4 = 7777;
0x07A6	0x0E61      	MOVLW       97
0x07A8	0x6E2D      	MOVWF       _var4 
0x07AA	0x0E1E      	MOVLW       30
0x07AC	0x6E2E      	MOVWF       _var4+1 
0x07AE	0x0E00      	MOVLW       0
0x07B0	0x6E2F      	MOVWF       _var4+2 
0x07B2	0x6E30      	MOVWF       _var4+3 
;HelloWorld3.c,151 :: 		var5 = 777777;
0x07B4	0x0E31      	MOVLW       49
0x07B6	0x6E19      	MOVWF       _var5 
0x07B8	0x0EDE      	MOVLW       222
0x07BA	0x6E1A      	MOVWF       _var5+1 
0x07BC	0x0E0B      	MOVLW       11
0x07BE	0x6E1B      	MOVWF       _var5+2 
0x07C0	0x0E00      	MOVLW       0
0x07C2	0x6E1C      	MOVWF       _var5+3 
;HelloWorld3.c,152 :: 		var6 = 8888;
0x07C4	0x0EB8      	MOVLW       184
0x07C6	0x6E15      	MOVWF       _var6 
0x07C8	0x0E22      	MOVLW       34
0x07CA	0x6E16      	MOVWF       _var6+1 
0x07CC	0x0E00      	MOVLW       0
0x07CE	0x6E17      	MOVWF       _var6+2 
0x07D0	0x6E18      	MOVWF       _var6+3 
;HelloWorld3.c,153 :: 		var7 = 666666;
0x07D2	0x0E2A      	MOVLW       42
0x07D4	0x6E21      	MOVWF       _var7 
0x07D6	0x0E2C      	MOVLW       44
0x07D8	0x6E22      	MOVWF       _var7+1 
0x07DA	0x0E0A      	MOVLW       10
0x07DC	0x6E23      	MOVWF       _var7+2 
0x07DE	0x0E00      	MOVLW       0
0x07E0	0x6E24      	MOVWF       _var7+3 
;HelloWorld3.c,154 :: 		var8 = 555251; var1 = 5555;
0x07E2	0x0EF3      	MOVLW       243
0x07E4	0x6E1D      	MOVWF       _var8 
0x07E6	0x0E78      	MOVLW       120
0x07E8	0x6E1E      	MOVWF       _var8+1 
0x07EA	0x0E08      	MOVLW       8
0x07EC	0x6E1F      	MOVWF       _var8+2 
0x07EE	0x0E00      	MOVLW       0
0x07F0	0x6E20      	MOVWF       _var8+3 
0x07F2	0x0EB3      	MOVLW       179
0x07F4	0x6E25      	MOVWF       _var1 
0x07F6	0x0E15      	MOVLW       21
0x07F8	0x6E26      	MOVWF       _var1+1 
0x07FA	0x0E00      	MOVLW       0
0x07FC	0x6E27      	MOVWF       _var1+2 
0x07FE	0x6E28      	MOVWF       _var1+3 
;HelloWorld3.c,155 :: 		var2 = 888888;
0x0800	0x0E38      	MOVLW       56
0x0802	0x6E29      	MOVWF       _var2 
0x0804	0x0E90      	MOVLW       144
0x0806	0x6E2A      	MOVWF       _var2+1 
0x0808	0x0E0D      	MOVLW       13
0x080A	0x6E2B      	MOVWF       _var2+2 
0x080C	0x0E00      	MOVLW       0
0x080E	0x6E2C      	MOVWF       _var2+3 
;HelloWorld3.c,156 :: 		var3 = 4444;
0x0810	0x0E5C      	MOVLW       92
0x0812	0x6E31      	MOVWF       _var3 
0x0814	0x0E11      	MOVLW       17
0x0816	0x6E32      	MOVWF       _var3+1 
0x0818	0x0E00      	MOVLW       0
0x081A	0x6E33      	MOVWF       _var3+2 
0x081C	0x6E34      	MOVWF       _var3+3 
;HelloWorld3.c,157 :: 		var4 = 7777;
0x081E	0x0E61      	MOVLW       97
0x0820	0x6E2D      	MOVWF       _var4 
0x0822	0x0E1E      	MOVLW       30
0x0824	0x6E2E      	MOVWF       _var4+1 
0x0826	0x0E00      	MOVLW       0
0x0828	0x6E2F      	MOVWF       _var4+2 
0x082A	0x6E30      	MOVWF       _var4+3 
;HelloWorld3.c,158 :: 		var5 = 777777;
0x082C	0x0E31      	MOVLW       49
0x082E	0x6E19      	MOVWF       _var5 
0x0830	0x0EDE      	MOVLW       222
0x0832	0x6E1A      	MOVWF       _var5+1 
0x0834	0x0E0B      	MOVLW       11
0x0836	0x6E1B      	MOVWF       _var5+2 
0x0838	0x0E00      	MOVLW       0
0x083A	0x6E1C      	MOVWF       _var5+3 
;HelloWorld3.c,159 :: 		var6 = 8888;
0x083C	0x0EB8      	MOVLW       184
0x083E	0x6E15      	MOVWF       _var6 
0x0840	0x0E22      	MOVLW       34
0x0842	0x6E16      	MOVWF       _var6+1 
0x0844	0x0E00      	MOVLW       0
0x0846	0x6E17      	MOVWF       _var6+2 
0x0848	0x6E18      	MOVWF       _var6+3 
;HelloWorld3.c,160 :: 		var7 = 666666;
0x084A	0x0E2A      	MOVLW       42
0x084C	0x6E21      	MOVWF       _var7 
0x084E	0x0E2C      	MOVLW       44
0x0850	0x6E22      	MOVWF       _var7+1 
0x0852	0x0E0A      	MOVLW       10
0x0854	0x6E23      	MOVWF       _var7+2 
0x0856	0x0E00      	MOVLW       0
0x0858	0x6E24      	MOVWF       _var7+3 
;HelloWorld3.c,161 :: 		var8 = 555251; var1 = 5555;
0x085A	0x0EF3      	MOVLW       243
0x085C	0x6E1D      	MOVWF       _var8 
0x085E	0x0E78      	MOVLW       120
0x0860	0x6E1E      	MOVWF       _var8+1 
0x0862	0x0E08      	MOVLW       8
0x0864	0x6E1F      	MOVWF       _var8+2 
0x0866	0x0E00      	MOVLW       0
0x0868	0x6E20      	MOVWF       _var8+3 
0x086A	0x0EB3      	MOVLW       179
0x086C	0x6E25      	MOVWF       _var1 
0x086E	0x0E15      	MOVLW       21
0x0870	0x6E26      	MOVWF       _var1+1 
0x0872	0x0E00      	MOVLW       0
0x0874	0x6E27      	MOVWF       _var1+2 
0x0876	0x6E28      	MOVWF       _var1+3 
;HelloWorld3.c,162 :: 		var2 = 888888;
0x0878	0x0E38      	MOVLW       56
0x087A	0x6E29      	MOVWF       _var2 
0x087C	0x0E90      	MOVLW       144
0x087E	0x6E2A      	MOVWF       _var2+1 
0x0880	0x0E0D      	MOVLW       13
0x0882	0x6E2B      	MOVWF       _var2+2 
0x0884	0x0E00      	MOVLW       0
0x0886	0x6E2C      	MOVWF       _var2+3 
;HelloWorld3.c,163 :: 		var3 = 4444;
0x0888	0x0E5C      	MOVLW       92
0x088A	0x6E31      	MOVWF       _var3 
0x088C	0x0E11      	MOVLW       17
0x088E	0x6E32      	MOVWF       _var3+1 
0x0890	0x0E00      	MOVLW       0
0x0892	0x6E33      	MOVWF       _var3+2 
0x0894	0x6E34      	MOVWF       _var3+3 
;HelloWorld3.c,164 :: 		var4 = 7777;
0x0896	0x0E61      	MOVLW       97
0x0898	0x6E2D      	MOVWF       _var4 
0x089A	0x0E1E      	MOVLW       30
0x089C	0x6E2E      	MOVWF       _var4+1 
0x089E	0x0E00      	MOVLW       0
0x08A0	0x6E2F      	MOVWF       _var4+2 
0x08A2	0x6E30      	MOVWF       _var4+3 
;HelloWorld3.c,165 :: 		var5 = 777777;
0x08A4	0x0E31      	MOVLW       49
0x08A6	0x6E19      	MOVWF       _var5 
0x08A8	0x0EDE      	MOVLW       222
0x08AA	0x6E1A      	MOVWF       _var5+1 
0x08AC	0x0E0B      	MOVLW       11
0x08AE	0x6E1B      	MOVWF       _var5+2 
0x08B0	0x0E00      	MOVLW       0
0x08B2	0x6E1C      	MOVWF       _var5+3 
;HelloWorld3.c,166 :: 		var6 = 8888;
0x08B4	0x0EB8      	MOVLW       184
0x08B6	0x6E15      	MOVWF       _var6 
0x08B8	0x0E22      	MOVLW       34
0x08BA	0x6E16      	MOVWF       _var6+1 
0x08BC	0x0E00      	MOVLW       0
0x08BE	0x6E17      	MOVWF       _var6+2 
0x08C0	0x6E18      	MOVWF       _var6+3 
;HelloWorld3.c,167 :: 		var7 = 666666;
0x08C2	0x0E2A      	MOVLW       42
0x08C4	0x6E21      	MOVWF       _var7 
0x08C6	0x0E2C      	MOVLW       44
0x08C8	0x6E22      	MOVWF       _var7+1 
0x08CA	0x0E0A      	MOVLW       10
0x08CC	0x6E23      	MOVWF       _var7+2 
0x08CE	0x0E00      	MOVLW       0
0x08D0	0x6E24      	MOVWF       _var7+3 
;HelloWorld3.c,168 :: 		var8 = 555251; var1 = 5555;
0x08D2	0x0EF3      	MOVLW       243
0x08D4	0x6E1D      	MOVWF       _var8 
0x08D6	0x0E78      	MOVLW       120
0x08D8	0x6E1E      	MOVWF       _var8+1 
0x08DA	0x0E08      	MOVLW       8
0x08DC	0x6E1F      	MOVWF       _var8+2 
0x08DE	0x0E00      	MOVLW       0
0x08E0	0x6E20      	MOVWF       _var8+3 
0x08E2	0x0EB3      	MOVLW       179
0x08E4	0x6E25      	MOVWF       _var1 
0x08E6	0x0E15      	MOVLW       21
0x08E8	0x6E26      	MOVWF       _var1+1 
0x08EA	0x0E00      	MOVLW       0
0x08EC	0x6E27      	MOVWF       _var1+2 
0x08EE	0x6E28      	MOVWF       _var1+3 
;HelloWorld3.c,169 :: 		var2 = 888888;
0x08F0	0x0E38      	MOVLW       56
0x08F2	0x6E29      	MOVWF       _var2 
0x08F4	0x0E90      	MOVLW       144
0x08F6	0x6E2A      	MOVWF       _var2+1 
0x08F8	0x0E0D      	MOVLW       13
0x08FA	0x6E2B      	MOVWF       _var2+2 
0x08FC	0x0E00      	MOVLW       0
0x08FE	0x6E2C      	MOVWF       _var2+3 
;HelloWorld3.c,170 :: 		var3 = 4444;
0x0900	0x0E5C      	MOVLW       92
0x0902	0x6E31      	MOVWF       _var3 
0x0904	0x0E11      	MOVLW       17
0x0906	0x6E32      	MOVWF       _var3+1 
0x0908	0x0E00      	MOVLW       0
0x090A	0x6E33      	MOVWF       _var3+2 
0x090C	0x6E34      	MOVWF       _var3+3 
;HelloWorld3.c,171 :: 		var4 = 7777;
0x090E	0x0E61      	MOVLW       97
0x0910	0x6E2D      	MOVWF       _var4 
0x0912	0x0E1E      	MOVLW       30
0x0914	0x6E2E      	MOVWF       _var4+1 
0x0916	0x0E00      	MOVLW       0
0x0918	0x6E2F      	MOVWF       _var4+2 
0x091A	0x6E30      	MOVWF       _var4+3 
;HelloWorld3.c,172 :: 		var5 = 777777;
0x091C	0x0E31      	MOVLW       49
0x091E	0x6E19      	MOVWF       _var5 
0x0920	0x0EDE      	MOVLW       222
0x0922	0x6E1A      	MOVWF       _var5+1 
0x0924	0x0E0B      	MOVLW       11
0x0926	0x6E1B      	MOVWF       _var5+2 
0x0928	0x0E00      	MOVLW       0
0x092A	0x6E1C      	MOVWF       _var5+3 
;HelloWorld3.c,173 :: 		var6 = 8888;
0x092C	0x0EB8      	MOVLW       184
0x092E	0x6E15      	MOVWF       _var6 
0x0930	0x0E22      	MOVLW       34
0x0932	0x6E16      	MOVWF       _var6+1 
0x0934	0x0E00      	MOVLW       0
0x0936	0x6E17      	MOVWF       _var6+2 
0x0938	0x6E18      	MOVWF       _var6+3 
;HelloWorld3.c,174 :: 		var7 = 666666;
0x093A	0x0E2A      	MOVLW       42
0x093C	0x6E21      	MOVWF       _var7 
0x093E	0x0E2C      	MOVLW       44
0x0940	0x6E22      	MOVWF       _var7+1 
0x0942	0x0E0A      	MOVLW       10
0x0944	0x6E23      	MOVWF       _var7+2 
0x0946	0x0E00      	MOVLW       0
0x0948	0x6E24      	MOVWF       _var7+3 
;HelloWorld3.c,175 :: 		var8 = 555251; var1 = 5555;
0x094A	0x0EF3      	MOVLW       243
0x094C	0x6E1D      	MOVWF       _var8 
0x094E	0x0E78      	MOVLW       120
0x0950	0x6E1E      	MOVWF       _var8+1 
0x0952	0x0E08      	MOVLW       8
0x0954	0x6E1F      	MOVWF       _var8+2 
0x0956	0x0E00      	MOVLW       0
0x0958	0x6E20      	MOVWF       _var8+3 
0x095A	0x0EB3      	MOVLW       179
0x095C	0x6E25      	MOVWF       _var1 
0x095E	0x0E15      	MOVLW       21
0x0960	0x6E26      	MOVWF       _var1+1 
0x0962	0x0E00      	MOVLW       0
0x0964	0x6E27      	MOVWF       _var1+2 
0x0966	0x6E28      	MOVWF       _var1+3 
;HelloWorld3.c,176 :: 		var2 = 888888;
0x0968	0x0E38      	MOVLW       56
0x096A	0x6E29      	MOVWF       _var2 
0x096C	0x0E90      	MOVLW       144
0x096E	0x6E2A      	MOVWF       _var2+1 
0x0970	0x0E0D      	MOVLW       13
0x0972	0x6E2B      	MOVWF       _var2+2 
0x0974	0x0E00      	MOVLW       0
0x0976	0x6E2C      	MOVWF       _var2+3 
;HelloWorld3.c,177 :: 		var3 = 4444;
0x0978	0x0E5C      	MOVLW       92
0x097A	0x6E31      	MOVWF       _var3 
0x097C	0x0E11      	MOVLW       17
0x097E	0x6E32      	MOVWF       _var3+1 
0x0980	0x0E00      	MOVLW       0
0x0982	0x6E33      	MOVWF       _var3+2 
0x0984	0x6E34      	MOVWF       _var3+3 
;HelloWorld3.c,178 :: 		var4 = 7777;
0x0986	0x0E61      	MOVLW       97
0x0988	0x6E2D      	MOVWF       _var4 
0x098A	0x0E1E      	MOVLW       30
0x098C	0x6E2E      	MOVWF       _var4+1 
0x098E	0x0E00      	MOVLW       0
0x0990	0x6E2F      	MOVWF       _var4+2 
0x0992	0x6E30      	MOVWF       _var4+3 
;HelloWorld3.c,179 :: 		var5 = 777777;
0x0994	0x0E31      	MOVLW       49
0x0996	0x6E19      	MOVWF       _var5 
0x0998	0x0EDE      	MOVLW       222
0x099A	0x6E1A      	MOVWF       _var5+1 
0x099C	0x0E0B      	MOVLW       11
0x099E	0x6E1B      	MOVWF       _var5+2 
0x09A0	0x0E00      	MOVLW       0
0x09A2	0x6E1C      	MOVWF       _var5+3 
;HelloWorld3.c,180 :: 		var6 = 8888;
0x09A4	0x0EB8      	MOVLW       184
0x09A6	0x6E15      	MOVWF       _var6 
0x09A8	0x0E22      	MOVLW       34
0x09AA	0x6E16      	MOVWF       _var6+1 
0x09AC	0x0E00      	MOVLW       0
0x09AE	0x6E17      	MOVWF       _var6+2 
0x09B0	0x6E18      	MOVWF       _var6+3 
;HelloWorld3.c,181 :: 		var7 = 666666;
0x09B2	0x0E2A      	MOVLW       42
0x09B4	0x6E21      	MOVWF       _var7 
0x09B6	0x0E2C      	MOVLW       44
0x09B8	0x6E22      	MOVWF       _var7+1 
0x09BA	0x0E0A      	MOVLW       10
0x09BC	0x6E23      	MOVWF       _var7+2 
0x09BE	0x0E00      	MOVLW       0
0x09C0	0x6E24      	MOVWF       _var7+3 
;HelloWorld3.c,182 :: 		var8 = 555251;
0x09C2	0x0EF3      	MOVLW       243
0x09C4	0x6E1D      	MOVWF       _var8 
0x09C6	0x0E78      	MOVLW       120
0x09C8	0x6E1E      	MOVWF       _var8+1 
0x09CA	0x0E08      	MOVLW       8
0x09CC	0x6E1F      	MOVWF       _var8+2 
0x09CE	0x0E00      	MOVLW       0
0x09D0	0x6E20      	MOVWF       _var8+3 
;HelloWorld3.c,184 :: 		} // end loop infinito
0x09D2	0xF000EF38  	GOTO        L_main0
;HelloWorld3.c,186 :: 		} // end void main
0x09D6	0xD7FF      	BRA         $+0
; end of _main
Symbol List:
//** Routines locations **
//ADDRESS    SIZE    PROCEDURE
//----------------------------------------------
0x001C      [16]    ___CC2DW
0x002C      [54]    _pisca_Led
0x0062    [2422]    _main
//** Variables locations ** 
//ADDRESS    SIZE    VARIABLE
//----------------------------------------------
0x0000       [1]    EEPROM_Write_SaveINTCON_L0
0x0000       [1]    UART1_Init_tmp_L0
0x0000       [1]    FLASH_Erase_64_SaveINTCON_L0
0x0000       [1]    __Lib_SoftI2C_PutZerosToLATSda_temp_sda_L0
0x0000       [1]    __Lib_SoftI2C_PutZerosToLATScl_temp_scl_L0
0x0000       [1]    SPI1_Write_tmp_L0
0x0000       [1]    R0
0x0001       [1]    FLASH_Erase_Write_64_i_L0
0x0001       [1]    R1
0x0001       [1]    FLASH_Write_32_i_L0
0x0001       [1]    UART1_Read___tmp_UART1_Read_L0
0x0001       [1]    I2C1_Rd_tmp_L0
0x0001       [2]    FLASH_Read_N_Bytes_i_L0
0x0001       [1]    ispunct_rslt_L0
0x0001       [1]    __Lib_PS2_Wait_Falling_nsample_L0
0x0002       [2]    memcpy_dd_L0
0x0002       [2]    memchr_s_L0
0x0002       [1]    FLASH_Erase_Write_64_j_L0
0x0002       [1]    FLASH_Write_32_SaveINTCON_L0
0x0002       [2]    strlen_cp_L0
0x0002       [2]    memset_pp_L0
0x0002       [2]    __Lib_USB_genHID_memset_usb_int_pp_L0
0x0002       [1]    R2
0x0002       [2]    __Lib_USB_genHID_memset_usb_pp_L0
0x0003       [2]    memmove_tt_L0
0x0003       [2]    __Lib_USB_genHID_USB_CtrlTrf_Tx_Service_byteToSend_L0
0x0003       [2]    Ltrim_original_L0
0x0003       [1]    FLASH_Erase_Write_64_SaveINTCON_L0
0x0003       [1]    R3
0x0004       [2]    strcpy_cp_L0
0x0004       [2]    strncat_cp_L0
0x0004       [2]    __Lib_USB_genHID_USB_Get_Status_Handler_p_L2
0x0004       [2]    __Lib_USB_genHID_USB_Transfer_Packet_Int_handle_L0
0x0004       [1]    R4
0x0004       [2]    strcat_cp_L0
0x0004       [2]    __Lib_USB_genHID_USB_Transfer_Packet_handle_L0
0x0004       [2]    __Lib_USB_genHID_USB_Std_Feature_Req_Handler_p_L0
0x0004       [2]    memcpy_ss_L0
0x0004       [2]    strncpy_cp_L0
0x0004       [2]    frexp_pom_L0
0x0005       [2]    __Lib_USB_genHID_USB_Configure_Endpoint_handle_L0
0x0005       [2]    Ltrim_p_L0
0x0005       [1]    R5
0x0005       [2]    LongIntToHex_input_half_L0
0x0005       [2]    memmove_ff_L0
0x0005       [2]    LongWordToHex_input_half_L0
0x0006       [1]    R6
0x0007       [1]    R7
0x0008       [1]    R8
0x0009       [1]    R9
0x000A       [1]    R10
0x000B       [1]    R11
0x000C       [1]    R12
0x000D       [1]    R13
0x000E       [1]    R14
0x000F       [1]    R15
0x0010       [1]    R16
0x0011       [1]    R17
0x0012       [1]    R18
0x0013       [1]    R19
0x0014       [1]    R20
0x0015       [4]    _var6
0x0019       [4]    _var5
0x001D       [4]    _var8
0x0021       [4]    _var7
0x0025       [4]    _var1
0x0029       [4]    _var2
0x002D       [4]    _var4
0x0031       [4]    _var3
0x0400      [32]    __Lib_USB_genHID_BDT
0x0420       [8]    __Lib_USB_genHID_SetupPkt
0x0428       [8]    __Lib_USB_genHID_CtrlTrfData
0x0430       [3]    __Lib_USB_genHID_hid_report_out
0x0433       [3]    __Lib_USB_genHID_hid_report_in
0x0F62       [1]    SPPDATA
0x0F63       [0]    WS2_bit
0x0F63       [0]    WS3_bit
0x0F63       [0]    WS0_bit
0x0F63       [0]    WS1_bit
0x0F63       [0]    CLKCFG0_bit
0x0F63       [0]    CSEN_bit
0x0F63       [0]    CLKCFG1_bit
0x0F63       [0]    CLK1EN_bit
0x0F63       [1]    SPPCFG
0x0F64       [0]    ADDR1_SPPEPS_bit
0x0F64       [0]    ADDR2_SPPEPS_bit
0x0F64       [0]    ADDR0_SPPEPS_bit
0x0F64       [1]    SPPEPS
0x0F64       [0]    WRSPP_bit
0x0F64       [0]    ADDR3_SPPEPS_bit
0x0F64       [0]    RDSPP_bit
0x0F64       [0]    SPPBUSY_bit
0x0F65       [0]    SPPEN_bit
0x0F65       [0]    DMA0WN_bit
0x0F65       [1]    SPPCON
0x0F65       [0]    RDYO_bit
0x0F66       [0]    FRM5_bit
0x0F66       [0]    FRM4_bit
0x0F66       [1]    UFRML
0x0F66       [0]    FRM1_bit
0x0F66       [0]    FRM0_bit
0x0F66       [1]    UFRM
0x0F66       [0]    FRM2_bit
0x0F66       [0]    FRM6_bit
0x0F66       [0]    FRM7_bit
0x0F66       [0]    FRM3_bit
0x0F67       [1]    UFRMH
0x0F67       [0]    FRM10_bit
0x0F67       [0]    FRM8_bit
0x0F67       [0]    FRM9_bit
0x0F68       [0]    ACTVIF_bit
0x0F68       [1]    UIR
0x0F68       [0]    URSTIF_bit
0x0F68       [0]    UERRIF_bit
0x0F68       [0]    STALLIF_bit
0x0F68       [0]    SOFIF_bit
0x0F68       [0]    TRNIF_bit
0x0F68       [0]    IDLEIF_bit
0x0F69       [0]    IDLEIE_bit
0x0F69       [0]    STALLIE_bit
0x0F69       [0]    SOFIE_bit
0x0F69       [0]    TRNIE_bit
0x0F69       [0]    URSTIE_bit
0x0F69       [0]    UERRIE_bit
0x0F69       [0]    ACTVIE_bit
0x0F69       [1]    UIE
0x0F6A       [0]    CRC16EF_bit
0x0F6A       [0]    CRC5EF_bit
0x0F6A       [0]    BTSEF_bit
0x0F6A       [0]    BTOEF_bit
0x0F6A       [0]    DFN8EF_bit
0x0F6A       [0]    PIDEF_bit
0x0F6A       [1]    UEIR
0x0F6B       [0]    BTSEE_bit
0x0F6B       [0]    CRC5EE_bit
0x0F6B       [0]    BTOEE_bit
0x0F6B       [0]    CRC16EE_bit
0x0F6B       [0]    DFN8EE_bit
0x0F6B       [1]    UEIE
0x0F6B       [0]    PIDEE_bit
0x0F6C       [0]    ENDP1_bit
0x0F6C       [0]    ENDP0_bit
0x0F6C       [0]    ENDP3_bit
0x0F6C       [0]    ENDP2_bit
0x0F6C       [0]    DIR__bit
0x0F6C       [1]    USTAT
0x0F6C       [0]    PPBI_bit
0x0F6D       [0]    PKTDIS_bit
0x0F6D       [0]    USBEN_bit
0x0F6D       [0]    PPBRST_bit
0x0F6D       [0]    SE0_bit
0x0F6D       [1]    UCON
0x0F6D       [0]    SUSPND_bit
0x0F6D       [0]    RESUME__bit
0x0F6E       [0]    ADDR1_bit
0x0F6E       [0]    ADDR0_bit
0x0F6E       [1]    UADDR
0x0F6E       [0]    ADDR5_bit
0x0F6E       [0]    ADDR6_bit
0x0F6E       [0]    ADDR4_bit
0x0F6E       [0]    ADDR2_bit
0x0F6E       [0]    ADDR3_bit
0x0F6F       [0]    UOEMON_bit
0x0F6F       [0]    UPUEN_bit
0x0F6F       [1]    UCFG
0x0F6F       [0]    UTEYE_bit
0x0F6F       [0]    PPB1_bit
0x0F6F       [0]    PPB0_bit
0x0F6F       [0]    UTRDIS_bit
0x0F6F       [0]    FSEN_bit
0x0F70       [0]    EPHSHK_bit
0x0F70       [1]    UEP0
0x0F70       [0]    EPCONDIS_bit
0x0F70       [0]    EPINEN_bit
0x0F70       [0]    EPSTALL_bit
0x0F70       [0]    EPOUTEN_bit
0x0F71       [0]    EPHSHK_UEP1_bit
0x0F71       [1]    UEP1
0x0F71       [0]    EPINEN_UEP1_bit
0x0F71       [0]    EPSTALL_UEP1_bit
0x0F71       [0]    EPCONDIS_UEP1_bit
0x0F71       [0]    EPOUTEN_UEP1_bit
0x0F72       [1]    UEP2
0x0F72       [0]    EPHSHK_UEP2_bit
0x0F72       [0]    EPINEN_UEP2_bit
0x0F72       [0]    EPSTALL_UEP2_bit
0x0F72       [0]    EPCONDIS_UEP2_bit
0x0F72       [0]    EPOUTEN_UEP2_bit
0x0F73       [0]    EPHSHK_UEP3_bit
0x0F73       [0]    EPINEN_UEP3_bit
0x0F73       [0]    EPSTALL_UEP3_bit
0x0F73       [0]    EPCONDIS_UEP3_bit
0x0F73       [0]    EPOUTEN_UEP3_bit
0x0F73       [1]    UEP3
0x0F74       [0]    EPINEN_UEP4_bit
0x0F74       [0]    EPOUTEN_UEP4_bit
0x0F74       [0]    EPHSHK_UEP4_bit
0x0F74       [0]    EPCONDIS_UEP4_bit
0x0F74       [1]    UEP4
0x0F74       [0]    EPSTALL_UEP4_bit
0x0F75       [0]    EPOUTEN_UEP5_bit
0x0F75       [0]    EPHSHK_UEP5_bit
0x0F75       [0]    EPCONDIS_UEP5_bit
0x0F75       [0]    EPINEN_UEP5_bit
0x0F75       [1]    UEP5
0x0F75       [0]    EPSTALL_UEP5_bit
0x0F76       [0]    EPOUTEN_UEP6_bit
0x0F76       [0]    EPCONDIS_UEP6_bit
0x0F76       [0]    EPHSHK_UEP6_bit
0x0F76       [1]    UEP6
0x0F76       [0]    EPSTALL_UEP6_bit
0x0F76       [0]    EPINEN_UEP6_bit
0x0F77       [0]    EPCONDIS_UEP7_bit
0x0F77       [0]    EPHSHK_UEP7_bit
0x0F77       [1]    UEP7
0x0F77       [0]    EPSTALL_UEP7_bit
0x0F77       [0]    EPINEN_UEP7_bit
0x0F77       [0]    EPOUTEN_UEP7_bit
0x0F78       [0]    EPHSHK_UEP8_bit
0x0F78       [1]    UEP8
0x0F78       [0]    EPCONDIS_UEP8_bit
0x0F78       [0]    EPINEN_UEP8_bit
0x0F78       [0]    EPSTALL_UEP8_bit
0x0F78       [0]    EPOUTEN_UEP8_bit
0x0F79       [0]    EPHSHK_UEP9_bit
0x0F79       [1]    UEP9
0x0F79       [0]    EPINEN_UEP9_bit
0x0F79       [0]    EPOUTEN_UEP9_bit
0x0F79       [0]    EPSTALL_UEP9_bit
0x0F79       [0]    EPCONDIS_UEP9_bit
0x0F7A       [1]    UEP10
0x0F7A       [0]    EPHSHK_UEP10_bit
0x0F7A       [0]    EPINEN_UEP10_bit
0x0F7A       [0]    EPSTALL_UEP10_bit
0x0F7A       [0]    EPCONDIS_UEP10_bit
0x0F7A       [0]    EPOUTEN_UEP10_bit
0x0F7B       [0]    EPCONDIS_UEP11_bit
0x0F7B       [0]    EPHSHK_UEP11_bit
0x0F7B       [1]    UEP11
0x0F7B       [0]    EPSTALL_UEP11_bit
0x0F7B       [0]    EPINEN_UEP11_bit
0x0F7B       [0]    EPOUTEN_UEP11_bit
0x0F7C       [0]    EPOUTEN_UEP12_bit
0x0F7C       [0]    EPCONDIS_UEP12_bit
0x0F7C       [0]    EPINEN_UEP12_bit
0x0F7C       [0]    EPSTALL_UEP12_bit
0x0F7C       [1]    UEP12
0x0F7C       [0]    EPHSHK_UEP12_bit
0x0F7D       [0]    EPOUTEN_UEP13_bit
0x0F7D       [0]    EPCONDIS_UEP13_bit
0x0F7D       [0]    EPHSHK_UEP13_bit
0x0F7D       [0]    EPSTALL_UEP13_bit
0x0F7D       [0]    EPINEN_UEP13_bit
0x0F7D       [1]    UEP13
0x0F7E       [0]    EPCONDIS_UEP14_bit
0x0F7E       [0]    EPHSHK_UEP14_bit
0x0F7E       [0]    EPOUTEN_UEP14_bit
0x0F7E       [0]    EPSTALL_UEP14_bit
0x0F7E       [0]    EPINEN_UEP14_bit
0x0F7E       [1]    UEP14
0x0F7F       [0]    EPOUTEN_UEP15_bit
0x0F7F       [0]    EPSTALL_UEP15_bit
0x0F7F       [0]    EPINEN_UEP15_bit
0x0F7F       [0]    EPHSHK_UEP15_bit
0x0F7F       [0]    EPCONDIS_UEP15_bit
0x0F7F       [1]    UEP15
0x0F80       [0]    RA2_bit
0x0F80       [0]    RA1_bit
0x0F80       [0]    RA3_bit
0x0F80       [1]    PORTA
0x0F80       [0]    VREFM_bit
0x0F80       [0]    OSC2_bit
0x0F80       [0]    VREFP_bit
0x0F80       [0]    HLVDIN_bit
0x0F80       [0]    LVDIN_bit
0x0F80       [0]    AN4_bit
0x0F80       [0]    AN1_bit
0x0F80       [0]    AN0_bit
0x0F80       [0]    AN2_bit
0x0F80       [0]    T0CKI_bit
0x0F80       [0]    AN3_bit
0x0F80       [0]    RA4_bit
0x0F80       [0]    RA0_bit
0x0F80       [0]    RA6_bit
0x0F80       [0]    RA5_bit
0x0F81       [0]    RB3_bit
0x0F81       [0]    RB4_bit
0x0F81       [0]    RB5_bit
0x0F81       [0]    RB2_bit
0x0F81       [1]    PORTB
0x0F81       [0]    RB0_bit
0x0F81       [0]    RB1_bit
0x0F81       [0]    RB6_bit
0x0F81       [0]    INT2_bit
0x0F81       [0]    INT0_bit
0x0F81       [0]    INT1_bit
0x0F81       [0]    RB7_bit
0x0F81       [0]    PGD_bit
0x0F81       [0]    PGC_bit
0x0F81       [0]    PGM_bit
0x0F82       [0]    TX_bit
0x0F82       [0]    CCP1_bit
0x0F82       [0]    RC2_bit
0x0F82       [0]    P1A_bit
0x0F82       [0]    T13CKI_bit
0x0F82       [0]    RX__bit
0x0F82       [0]    RC7_bit
0x0F82       [0]    T1OSI_bit
0x0F82       [0]    T1OSO_bit
0x0F82       [0]    RC4_bit
0x0F82       [0]    RC5_bit
0x0F82       [0]    RC6_bit
0x0F82       [0]    CK_bit
0x0F82       [0]    RC1_bit
0x0F82       [0]    RC0_bit
0x0F82       [1]    PORTC
0x0F84       [1]    PORTE
0x0F84       [0]    RE3_bit
0x0F89       [0]    LATA4_bit
0x0F89       [0]    LATA6_bit
0x0F89       [0]    LATA5_bit
0x0F89       [0]    LATA1_bit
0x0F89       [0]    LATA2_bit
0x0F89       [0]    LATA3_bit
0x0F89       [0]    LATA0_bit
0x0F89       [1]    LATA
0x0F8A       [0]    LATB1_bit
0x0F8A       [0]    LATB2_bit
0x0F8A       [1]    LATB
0x0F8A       [0]    LATB0_bit
0x0F8A       [0]    LATB6_bit
0x0F8A       [0]    LATB7_bit
0x0F8A       [0]    LATB5_bit
0x0F8A       [0]    LATB3_bit
0x0F8A       [0]    LATB4_bit
0x0F8B       [0]    LATC1_bit
0x0F8B       [0]    LATC0_bit
0x0F8B       [1]    LATC
0x0F8B       [0]    LATC7_bit
0x0F8B       [0]    LATC6_bit
0x0F8B       [0]    LATC2_bit
0x0F92       [1]    TRISA
0x0F92       [0]    TRISA5_bit
0x0F92       [0]    TRISA6_bit
0x0F92       [0]    TRISA3_bit
0x0F92       [0]    TRISA0_bit
0x0F92       [0]    TRISA1_bit
0x0F92       [0]    TRISA2_bit
0x0F92       [0]    TRISA4_bit
0x0F93       [0]    TRISB2_bit
0x0F93       [0]    TRISB3_bit
0x0F93       [0]    TRISB4_bit
0x0F93       [0]    TRISB7_bit
0x0F93       [0]    TRISB0_bit
0x0F93       [0]    TRISB1_bit
0x0F93       [1]    TRISB
0x0F93       [0]    TRISB5_bit
0x0F93       [0]    TRISB6_bit
0x0F94       [0]    TRISC6_bit
0x0F94       [0]    TRISC0_bit
0x0F94       [0]    TRISC1_bit
0x0F94       [0]    TRISC2_bit
0x0F94       [1]    TRISC
0x0F94       [0]    TRISC7_bit
0x0F9B       [0]    TUN2_bit
0x0F9B       [0]    TUN3_bit
0x0F9B       [0]    TUN1_bit
0x0F9B       [0]    TUN4_bit
0x0F9B       [0]    INTSRC_bit
0x0F9B       [0]    TUN0_bit
0x0F9B       [1]    OSCTUNE
0x0F9D       [0]    SSPIE_bit
0x0F9D       [0]    CCP1IE_bit
0x0F9D       [0]    TXIE_bit
0x0F9D       [0]    ADIE_bit
0x0F9D       [0]    RCIE_bit
0x0F9D       [0]    TMR2IE_bit
0x0F9D       [1]    PIE1
0x0F9D       [0]    TMR1IE_bit
0x0F9E       [0]    SSPIF_bit
0x0F9E       [0]    CCP1IF_bit
0x0F9E       [0]    TXIF_bit
0x0F9E       [0]    RCIF_bit
0x0F9E       [0]    ADIF_bit
0x0F9E       [1]    PIR1
0x0F9E       [0]    TMR1IF_bit
0x0F9E       [0]    TMR2IF_bit
0x0F9F       [0]    TXIP_bit
0x0F9F       [0]    SSPIP_bit
0x0F9F       [0]    ADIP_bit
0x0F9F       [0]    RCIP_bit
0x0F9F       [0]    CCP1IP_bit
0x0F9F       [1]    IPR1
0x0F9F       [0]    TMR1IP_bit
0x0F9F       [0]    TMR2IP_bit
0x0FA0       [0]    LVDIE_bit
0x0FA0       [0]    BCLIE_bit
0x0FA0       [0]    TMR3IE_bit
0x0FA0       [1]    PIE2
0x0FA0       [0]    CCP2IE_bit
0x0FA0       [0]    OSCFIE_bit
0x0FA0       [0]    HLVDIE_bit
0x0FA0       [0]    CMIE_bit
0x0FA0       [0]    EEIE_bit
0x0FA0       [0]    USBIE_bit
0x0FA1       [0]    CMIF_bit
0x0FA1       [0]    USBIF_bit
0x0FA1       [0]    OSCFIF_bit
0x0FA1       [1]    PIR2
0x0FA1       [0]    HLVDIF_bit
0x0FA1       [0]    TMR3IF_bit
0x0FA1       [0]    CCP2IF_bit
0x0FA1       [0]    LVDIF_bit
0x0FA1       [0]    EEIF_bit
0x0FA1       [0]    BCLIF_bit
0x0FA2       [0]    OSCFIP_bit
0x0FA2       [0]    CMIP_bit
0x0FA2       [1]    IPR2
0x0FA2       [0]    HLVDIP_bit
0x0FA2       [0]    USBIP_bit
0x0FA2       [0]    TMR3IP_bit
0x0FA2       [0]    CCP2IP_bit
0x0FA2       [0]    LVDIP_bit
0x0FA2       [0]    EEIP_bit
0x0FA2       [0]    BCLIP_bit
0x0FA6       [0]    CFGS_bit
0x0FA6       [0]    EEPGD_bit
0x0FA6       [1]    EECON1
0x0FA6       [0]    WR_bit
0x0FA6       [0]    WREN_bit
0x0FA6       [0]    RD_bit
0x0FA6       [0]    FREE_bit
0x0FA6       [0]    WRERR_bit
0x0FA7       [1]    EECON2
0x0FA8       [1]    EEDATA
0x0FA9       [1]    EEADR
0x0FAB       [0]    ADEN_bit
0x0FAB       [1]    RCSTA
0x0FAB       [0]    ADDEN_bit
0x0FAB       [0]    RX9D_bit
0x0FAB       [0]    OERR_bit
0x0FAB       [0]    FERR_bit
0x0FAB       [0]    RX9_bit
0x0FAB       [0]    SPEN_bit
0x0FAB       [0]    CREN_bit
0x0FAB       [0]    SREN_bit
0x0FAC       [1]    TXSTA
0x0FAC       [0]    CSRC_bit
0x0FAC       [0]    TX9_bit
0x0FAC       [0]    TX9D_bit
0x0FAC       [0]    TRMT_bit
0x0FAC       [0]    SENDB_bit
0x0FAC       [0]    BRGH_bit
0x0FAC       [0]    TXEN_bit
0x0FAC       [0]    SYNC_bit
0x0FAD       [1]    TXREG
0x0FAE       [1]    RCREG
0x0FAF       [1]    SPBRG
0x0FB0       [1]    SPBRGH
0x0FB1       [0]    T3SYNC_bit
0x0FB1       [0]    T3CCP1_bit
0x0FB1       [0]    T3CKPS0_bit
0x0FB1       [0]    TMR3ON_bit
0x0FB1       [1]    T3CON
0x0FB1       [0]    TMR3CS_bit
0x0FB1       [0]    T3CKPS1_bit
0x0FB1       [0]    T3NSYNC_bit
0x0FB1       [0]    NOT_T3SYNC_bit
0x0FB1       [0]    T3CCP2_bit
0x0FB1       [0]    RD16_bit
0x0FB2       [1]    TMR3L
0x0FB3       [1]    TMR3H
0x0FB4       [0]    CIS_bit
0x0FB4       [0]    C1INV_bit
0x0FB4       [0]    CM2_bit
0x0FB4       [0]    CM0_bit
0x0FB4       [0]    CM1_bit
0x0FB4       [0]    C2OUT_bit
0x0FB4       [1]    CMCON
0x0FB4       [0]    C2INV_bit
0x0FB4       [0]    C1OUT_bit
0x0FB5       [1]    CVRCON
0x0FB5       [0]    CVR2_bit
0x0FB5       [0]    CVR3_bit
0x0FB5       [0]    CVR0_bit
0x0FB5       [0]    CVR1_bit
0x0FB5       [0]    CVREF_bit
0x0FB5       [0]    CVROE_bit
0x0FB5       [0]    CVREN_bit
0x0FB5       [0]    CVRR_bit
0x0FB5       [0]    CVRSS_bit
0x0FB6       [0]    ECCPASE_bit
0x0FB6       [0]    ECCPAS2_bit
0x0FB6       [1]    CCP1AS
0x0FB6       [1]    ECCP1AS
0x0FB6       [0]    PSSAC1_bit
0x0FB6       [0]    PSSAC0_bit
0x0FB6       [0]    ECCPAS0_bit
0x0FB6       [0]    ECCPAS1_bit
0x0FB7       [1]    CCP1DEL
0x0FB7       [1]    ECCP1DEL
0x0FB7       [0]    PRSEN_bit
0x0FB8       [0]    TXCKP_bit
0x0FB8       [0]    RXDTP_bit
0x0FB8       [0]    RCMT_bit
0x0FB8       [0]    ABDOVF_bit
0x0FB8       [0]    ABDEN_bit
0x0FB8       [0]    SCKP_bit
0x0FB8       [0]    RCIDL_bit
0x0FB8       [0]    WUE_bit
0x0FB8       [1]    BAUDCON
0x0FB8       [0]    BRG16_bit
0x0FBA       [0]    CCP2M3_bit
0x0FBA       [0]    DC2B0_bit
0x0FBA       [0]    DC2B1_bit
0x0FBA       [0]    CCP2M2_bit
0x0FBA       [0]    CCP2M1_bit
0x0FBA       [1]    CCP2CON
0x0FBA       [0]    CCP2M0_bit
0x0FBB       [1]    CCPR2L
0x0FBB       [2]    CCPR2
0x0FBC       [1]    CCPR2H
0x0FBD       [0]    DC1B0_bit
0x0FBD       [0]    DC1B1_bit
0x0FBD       [1]    CCP1CON
0x0FBD       [0]    CCP1M0_bit
0x0FBD       [0]    CCP1M2_bit
0x0FBD       [0]    CCP1M3_bit
0x0FBD       [0]    CCP1M1_bit
0x0FBE       [2]    CCPR1
0x0FBE       [1]    CCPR1L
0x0FBF       [1]    CCPR1H
0x0FC0       [0]    ADCS2_bit
0x0FC0       [0]    ACQT0_bit
0x0FC0       [0]    ADCS0_bit
0x0FC0       [0]    ADCS1_bit
0x0FC0       [0]    ACQT2_bit
0x0FC0       [0]    ADFM_bit
0x0FC0       [0]    ACQT1_bit
0x0FC0       [1]    ADCON2
0x0FC1       [0]    PCFG2_bit
0x0FC1       [0]    PCFG3_bit
0x0FC1       [0]    PCFG0_bit
0x0FC1       [0]    PCFG1_bit
0x0FC1       [1]    ADCON1
0x0FC1       [0]    VCFG1_bit
0x0FC1       [0]    VCFG0_bit
0x0FC2       [1]    ADCON0
0x0FC2       [0]    CHS3_bit
0x0FC2       [0]    CHS2_bit
0x0FC2       [0]    DONE_bit
0x0FC2       [0]    NOT_DONE_bit
0x0FC2       [0]    GO_bit
0x0FC2       [0]    CHS1_bit
0x0FC2       [0]    ADON_bit
0x0FC2       [0]    GO_DONE_bit
0x0FC2       [0]    CHS0_bit
0x0FC3       [1]    ADRESL
0x0FC3       [2]    ADRES
0x0FC4       [1]    ADRESH
0x0FC5       [0]    ACKSTAT_bit
0x0FC5       [0]    ACKDT_bit
0x0FC5       [1]    SSPCON2
0x0FC5       [0]    GCEN_bit
0x0FC5       [0]    ACKEN_bit
0x0FC5       [0]    RSEN_bit
0x0FC5       [0]    SEN_bit
0x0FC5       [0]    RCEN_bit
0x0FC5       [0]    PEN_bit
0x0FC6       [0]    CKP_bit
0x0FC6       [0]    SSPM3_bit
0x0FC6       [0]    SSPEN_bit
0x0FC6       [0]    WCOL_bit
0x0FC6       [0]    SSPOV_bit
0x0FC6       [0]    SSPM0_bit
0x0FC6       [1]    SSPCON1
0x0FC6       [0]    SSPM2_bit
0x0FC6       [0]    SSPM1_bit
0x0FC7       [0]    D_A_bit
0x0FC7       [0]    P_bit
0x0FC7       [0]    SMP_bit
0x0FC7       [0]    CKE_bit
0x0FC7       [0]    S_bit
0x0FC7       [0]    BF_bit
0x0FC7       [1]    SSPSTAT
0x0FC7       [0]    R_W_bit
0x0FC7       [0]    UA_bit
0x0FC7       [0]    NOT_ADDRESS_bit
0x0FC7       [0]    NOT_WRITE_bit
0x0FC7       [0]    NOT_A_bit
0x0FC7       [0]    READ_WRITE_bit
0x0FC7       [0]    D_bit
0x0FC7       [0]    R_bit
0x0FC7       [0]    DATA_ADDRESS_bit
0x0FC7       [0]    I2C_START__bit
0x0FC7       [0]    I2C_READ_bit
0x0FC7       [0]    I2C_STOP__bit
0x0FC7       [0]    NOT_W_bit
0x0FC7       [0]    I2C_DAT_bit
0x0FC8       [1]    SSPADD
0x0FC9       [1]    SSPBUF
0x0FCA       [0]    T2OUTPS2_bit
0x0FCA       [0]    T2OUTPS1_bit
0x0FCA       [1]    T2CON
0x0FCA       [0]    T2OUTPS3_bit
0x0FCA       [0]    T2CKPS1_bit
0x0FCA       [0]    T2CKPS0_bit
0x0FCA       [0]    T2OUTPS0_bit
0x0FCA       [0]    TMR2ON_bit
0x0FCB       [1]    PR2
0x0FCC       [1]    TMR2
0x0FCD       [0]    TMR1ON_bit
0x0FCD       [0]    T1CKPS1_bit
0x0FCD       [0]    T1CKPS0_bit
0x0FCD       [0]    T1RUN_bit
0x0FCD       [0]    NOT_T1SYNC_bit
0x0FCD       [0]    RD16_T1CON_bit
0x0FCD       [0]    TMR1CS_bit
0x0FCD       [1]    T1CON
0x0FCD       [0]    T1OSCEN_bit
0x0FCD       [0]    T1SYNC_bit
0x0FCE       [1]    TMR1L
0x0FCF       [1]    TMR1H
0x0FD0       [0]    PD_bit
0x0FD0       [0]    BOR_bit
0x0FD0       [0]    POR_bit
0x0FD0       [0]    RI_bit
0x0FD0       [0]    IPEN_bit
0x0FD0       [0]    TO__bit
0x0FD0       [0]    NOT_POR_bit
0x0FD0       [0]    NOT_PD_bit
0x0FD0       [1]    RCON
0x0FD0       [0]    NOT_BOR_bit
0x0FD0       [0]    SBOREN_bit
0x0FD0       [0]    NOT_IPEN_bit
0x0FD0       [0]    NOT_TO_bit
0x0FD0       [0]    NOT_RI_bit
0x0FD1       [0]    SWDTE_bit
0x0FD1       [0]    SWDTEN_bit
0x0FD1       [1]    WDTCON
0x0FD2       [1]    LVDCON
0x0FD2       [1]    HLVDCON
0x0FD2       [0]    LVV0_bit
0x0FD2       [0]    IRVST_bit
0x0FD2       [0]    LVV2_bit
0x0FD2       [0]    LVV1_bit
0x0FD2       [0]    LVDEN_bit
0x0FD2       [0]    LVDL1_bit
0x0FD2       [0]    LVDL0_bit
0x0FD2       [0]    LVDL3_bit
0x0FD2       [0]    LVDL2_bit
0x0FD2       [0]    HLVDEN_bit
0x0FD2       [0]    HLVDL3_bit
0x0FD2       [0]    IVRST_bit
0x0FD2       [0]    VDIRMAG_bit
0x0FD2       [0]    HLVDL2_bit
0x0FD2       [0]    BGST_bit
0x0FD2       [0]    LVV3_bit
0x0FD2       [0]    HLVDL1_bit
0x0FD2       [0]    HLVDL0_bit
0x0FD3       [0]    SCS0_bit
0x0FD3       [0]    SCS1_bit
0x0FD3       [0]    FLTS_bit
0x0FD3       [0]    IRCF2_bit
0x0FD3       [0]    IDLEN_bit
0x0FD3       [0]    IOFS_bit
0x0FD3       [0]    IRCF1_bit
0x0FD3       [1]    OSCCON
0x0FD3       [0]    OSTS_bit
0x0FD3       [0]    IRCF0_bit
0x0FD5       [0]    T0PS2_bit
0x0FD5       [0]    T0PS1_bit
0x0FD5       [0]    T0PS0_bit
0x0FD5       [0]    T08BIT_bit
0x0FD5       [0]    TMR0ON_bit
0x0FD5       [1]    T0CON
0x0FD5       [0]    PSA_bit
0x0FD5       [0]    T0SE_bit
0x0FD5       [0]    T0CS_bit
0x0FD6       [1]    TMR0L
0x0FD7       [1]    TMR0H
0x0FD8       [0]    Z_bit
0x0FD8       [0]    DC_bit
0x0FD8       [0]    C_bit
0x0FD8       [1]    STATUS
0x0FD8       [0]    N_bit
0x0FD8       [0]    OV_bit
0x0FD9       [2]    FSR2
0x0FD9       [2]    FSR2PTR
0x0FD9       [1]    FSR2L
0x0FDA       [1]    FSR2H
0x0FDB       [1]    PLUSW2
0x0FDC       [1]    PREINC2
0x0FDD       [1]    POSTDEC2
0x0FDE       [1]    POSTINC2
0x0FDF       [1]    INDF2
0x0FE0       [1]    BSR
0x0FE1       [2]    FSR1PTR
0x0FE1       [1]    FSR1L
0x0FE1       [2]    FSR1
0x0FE2       [1]    FSR1H
0x0FE3       [1]    PLUSW1
0x0FE4       [1]    PREINC1
0x0FE5       [1]    POSTDEC1
0x0FE6       [1]    POSTINC1
0x0FE7       [1]    INDF1
0x0FE8       [1]    WREG
0x0FE9       [2]    FSR0PTR
0x0FE9       [1]    FSR0L
0x0FE9       [2]    FSR0
0x0FEA       [1]    FSR0H
0x0FEB       [1]    PLUSW0
0x0FEC       [1]    PREINC0
0x0FED       [1]    POSTDEC0
0x0FEE       [1]    POSTINC0
0x0FEF       [1]    INDF0
0x0FF0       [1]    INTCON3
0x0FF0       [0]    INT2IP_bit
0x0FF0       [0]    INT1P_bit
0x0FF0       [0]    INT2P_bit
0x0FF0       [0]    INT2E_bit
0x0FF0       [0]    INT1F_bit
0x0FF0       [0]    INT2F_bit
0x0FF0       [0]    INT1E_bit
0x0FF0       [0]    INT1IP_bit
0x0FF0       [0]    INT2IF_bit
0x0FF0       [0]    INT1IF_bit
0x0FF0       [0]    INT2IE_bit
0x0FF0       [0]    INT1IE_bit
0x0FF1       [0]    RBPU_bit
0x0FF1       [0]    T0IP_bit
0x0FF1       [0]    NOT_RBPU_bit
0x0FF1       [0]    INTEDG2_bit
0x0FF1       [0]    TMR0IP_bit
0x0FF1       [0]    INTEDG0_bit
0x0FF1       [0]    INTEDG1_bit
0x0FF1       [0]    RBIP_bit
0x0FF1       [1]    INTCON2
0x0FF2       [0]    RBIE_bit
0x0FF2       [0]    INT0IE_bit
0x0FF2       [0]    TMR0IF_bit
0x0FF2       [0]    RBIF_bit
0x0FF2       [0]    INT0IF_bit
0x0FF2       [0]    TMR0IE_bit
0x0FF2       [0]    T0IE_bit
0x0FF2       [0]    INT0E_bit
0x0FF2       [0]    GIEH_bit
0x0FF2       [0]    GIEL_bit
0x0FF2       [0]    GIE_bit
0x0FF2       [0]    PEIE_bit
0x0FF2       [0]    T0IF_bit
0x0FF2       [0]    INT0F_bit
0x0FF2       [1]    INTCON
0x0FF3       [1]    PRODL
0x0FF3       [2]    PROD
0x0FF4       [1]    PRODH
0x0FF5       [1]    TABLAT
0x0FF6       [1]    TBLPTRL
0x0FF6       [3]    TBLPTR
0x0FF7       [1]    TBLPTRH
0x0FF8       [1]    TBLPTRU
0x0FF9       [1]    PC
0x0FF9       [1]    PCL
0x0FFA       [1]    PCLATH
0x0FFB       [1]    PCLATU
0x0FFB       [0]    PCU4_bit
0x0FFB       [0]    PCU3_bit
0x0FFB       [0]    PCU0_bit
0x0FFB       [0]    PCU1_bit
0x0FFB       [0]    PCU2_bit
0x0FFC       [0]    STKPTR4_bit
0x0FFC       [0]    STKUNF_bit
0x0FFC       [0]    STKFUL_bit
0x0FFC       [0]    STKPTR0_bit
0x0FFC       [1]    STKPTR
0x0FFC       [0]    STKPTR1_bit
0x0FFC       [0]    STKPTR3_bit
0x0FFC       [0]    STKPTR2_bit
0x0FFD       [1]    TOSL
0x0FFE       [1]    TOSH
0x0FFF       [1]    TOSU
//** Label List: ** 
//----------------------------------------------
  L_main0
  L_main1
  L_pisca_Led2
  L_pisca_Led3
  _main
  _pisca_Led
  _CC2D_Loop1
  _CC2DL_Loop1
  L_longjmp2
  ___CC2D
  ___CC2DW
  _____DoIFC
  _Swap
  _setjmp
  _longjmp
