;  LST file generated by mikroListExporter - v.2.0 
; Date/Time: 11/05/2020 22:54:55
;----------------------------------------------

;Address Opcode 	ASM
0x0000	0x29CD      	GOTO       461
_Delay_1us:
;__Lib_Delays.c,7 :: 		void Delay_1us() {
;__Lib_Delays.c,8 :: 		Delay_us(1);
0x0003	0x0000      	NOP
0x0004	0x0000      	NOP
0x0005	0x0000      	NOP
0x0006	0x0000      	NOP
0x0007	0x0000      	NOP
;__Lib_Delays.c,9 :: 		}
0x0008	0x0008      	RETURN
; end of _Delay_1us
_Delay_50us:
;__Lib_Delays.c,19 :: 		void Delay_50us() {
;__Lib_Delays.c,20 :: 		Delay_us(50);
0x0009	0x3053      	MOVLW      83
0x000A	0x1283      	BCF        STATUS, 5
0x000B	0x1303      	BCF        STATUS, 6
0x000C	0x00FD      	MOVWF      R13
L_Delay_50us2:
0x000D	0x0BFD      	DECFSZ     R13, 1
0x000E	0x280D      	GOTO       L_Delay_50us2
;__Lib_Delays.c,21 :: 		}
0x000F	0x0008      	RETURN
; end of _Delay_50us
_Delay_5500us:
;__Lib_Delays.c,31 :: 		void Delay_5500us() {
;__Lib_Delays.c,32 :: 		Delay_us(5500);
0x0010	0x3024      	MOVLW      36
0x0011	0x1283      	BCF        STATUS, 5
0x0012	0x1303      	BCF        STATUS, 6
0x0013	0x00FC      	MOVWF      R12
0x0014	0x30B5      	MOVLW      181
0x0015	0x00FD      	MOVWF      R13
L_Delay_5500us5:
0x0016	0x0BFD      	DECFSZ     R13, 1
0x0017	0x2816      	GOTO       L_Delay_5500us5
0x0018	0x0BFC      	DECFSZ     R12, 1
0x0019	0x2816      	GOTO       L_Delay_5500us5
0x001A	0x0000      	NOP
0x001B	0x0000      	NOP
;__Lib_Delays.c,33 :: 		}
0x001C	0x0008      	RETURN
; end of _Delay_5500us
_Div_16x16_U:
;__Lib_Math.c,215 :: 		
;__Lib_Math.c,222 :: 		
0x001D	0x1283      	BCF        STATUS, 5
;__Lib_Math.c,223 :: 		
0x001E	0x1303      	BCF        STATUS, 6
;__Lib_Math.c,224 :: 		
0x001F	0x01F8      	CLRF       R8
;__Lib_Math.c,225 :: 		
0x0020	0x01F9      	CLRF       R9
;__Lib_Math.c,226 :: 		
0x0021	0x3010      	MOVLW      16
;__Lib_Math.c,227 :: 		
0x0022	0x00FC      	MOVWF      R12
;__Lib_Math.c,228 :: 		
0x0023	0x0D71      	RLF        R1, 0
;__Lib_Math.c,229 :: 		
0x0024	0x0DF8      	RLF        R8, 1
;__Lib_Math.c,230 :: 		
0x0025	0x0DF9      	RLF        R9, 1
;__Lib_Math.c,231 :: 		
0x0026	0x0874      	MOVF       R4, 0
;__Lib_Math.c,232 :: 		
0x0027	0x02F8      	SUBWF      R8, 1
;__Lib_Math.c,233 :: 		
0x0028	0x0875      	MOVF       R5, 0
;__Lib_Math.c,234 :: 		
0x0029	0x1C03      	BTFSS      STATUS, 0
;__Lib_Math.c,235 :: 		
0x002A	0x0F75      	INCFSZ     R5, 0
;__Lib_Math.c,236 :: 		
0x002B	0x02F9      	SUBWF      R9, 1
;__Lib_Math.c,237 :: 		
0x002C	0x1803      	BTFSC      STATUS, 0
;__Lib_Math.c,238 :: 		
0x002D	0x2835      	GOTO       $+8
;__Lib_Math.c,239 :: 		
0x002E	0x0874      	MOVF       R4, 0
;__Lib_Math.c,240 :: 		
0x002F	0x07F8      	ADDWF      R8, 1
;__Lib_Math.c,241 :: 		
0x0030	0x0875      	MOVF       R5, 0
;__Lib_Math.c,242 :: 		
0x0031	0x1803      	BTFSC      STATUS, 0
;__Lib_Math.c,243 :: 		
0x0032	0x0F75      	INCFSZ     R5, 0
;__Lib_Math.c,244 :: 		
0x0033	0x07F9      	ADDWF      R9, 1
;__Lib_Math.c,245 :: 		
0x0034	0x1003      	BCF        STATUS, 0
;__Lib_Math.c,246 :: 		
0x0035	0x0DF0      	RLF        R0, 1
;__Lib_Math.c,247 :: 		
0x0036	0x0DF1      	RLF        R1, 1
;__Lib_Math.c,248 :: 		
0x0037	0x0BFC      	DECFSZ     R12, 1
;__Lib_Math.c,249 :: 		
0x0038	0x2823      	GOTO       $-21
;__Lib_Math.c,251 :: 		
0x0039	0x0008      	RETURN
; end of _Div_16x16_U
_Lcd_Cmd:
;__Lib_Lcd.c,18 :: 		
;__Lib_Lcd.c,20 :: 		
0x003A	0x1283      	BCF        STATUS, 5
0x003B	0x1303      	BCF        STATUS, 6
0x003C	0x1BC2      	BTFSC      FARG_Lcd_Cmd_out_char, 7
0x003D	0x2840      	GOTO       L__Lcd_Cmd20
0x003E	0x1386      	BCF        LCD_D7, BitPos(LCD_D7+0)
0x003F	0x2841      	GOTO       L__Lcd_Cmd21
L__Lcd_Cmd20:
0x0040	0x1786      	BSF        LCD_D7, BitPos(LCD_D7+0)
L__Lcd_Cmd21:
;__Lib_Lcd.c,21 :: 		
0x0041	0x1B42      	BTFSC      FARG_Lcd_Cmd_out_char, 6
0x0042	0x2845      	GOTO       L__Lcd_Cmd22
0x0043	0x1306      	BCF        LCD_D6, BitPos(LCD_D6+0)
0x0044	0x2846      	GOTO       L__Lcd_Cmd23
L__Lcd_Cmd22:
0x0045	0x1706      	BSF        LCD_D6, BitPos(LCD_D6+0)
L__Lcd_Cmd23:
;__Lib_Lcd.c,22 :: 		
0x0046	0x1AC2      	BTFSC      FARG_Lcd_Cmd_out_char, 5
0x0047	0x284A      	GOTO       L__Lcd_Cmd24
0x0048	0x1286      	BCF        LCD_D5, BitPos(LCD_D5+0)
0x0049	0x284B      	GOTO       L__Lcd_Cmd25
L__Lcd_Cmd24:
0x004A	0x1686      	BSF        LCD_D5, BitPos(LCD_D5+0)
L__Lcd_Cmd25:
;__Lib_Lcd.c,23 :: 		
0x004B	0x1A42      	BTFSC      FARG_Lcd_Cmd_out_char, 4
0x004C	0x284F      	GOTO       L__Lcd_Cmd26
0x004D	0x1206      	BCF        LCD_D4, BitPos(LCD_D4+0)
0x004E	0x2850      	GOTO       L__Lcd_Cmd27
L__Lcd_Cmd26:
0x004F	0x1606      	BSF        LCD_D4, BitPos(LCD_D4+0)
L__Lcd_Cmd27:
;__Lib_Lcd.c,25 :: 		
0x0050	0x182A      	BTFSC      __Lib_Lcd_cmd_status, BitPos(__Lib_Lcd_cmd_status+0)
0x0051	0x2854      	GOTO       L__Lcd_Cmd28
0x0052	0x1506      	BSF        LCD_RS, BitPos(LCD_RS+0)
0x0053	0x2855      	GOTO       L__Lcd_Cmd29
L__Lcd_Cmd28:
0x0054	0x1106      	BCF        LCD_RS, BitPos(LCD_RS+0)
L__Lcd_Cmd29:
;__Lib_Lcd.c,28 :: 		
0x0055	0x1586      	BSF        LCD_EN, BitPos(LCD_EN+0)
;__Lib_Lcd.c,29 :: 		
0x0056	0x2003      	CALL       _Delay_1us
;__Lib_Lcd.c,30 :: 		
0x0057	0x1186      	BCF        LCD_EN, BitPos(LCD_EN+0)
;__Lib_Lcd.c,33 :: 		
0x0058	0x19C2      	BTFSC      FARG_Lcd_Cmd_out_char, 3
0x0059	0x285C      	GOTO       L__Lcd_Cmd30
0x005A	0x1386      	BCF        LCD_D7, BitPos(LCD_D7+0)
0x005B	0x285D      	GOTO       L__Lcd_Cmd31
L__Lcd_Cmd30:
0x005C	0x1786      	BSF        LCD_D7, BitPos(LCD_D7+0)
L__Lcd_Cmd31:
;__Lib_Lcd.c,34 :: 		
0x005D	0x1942      	BTFSC      FARG_Lcd_Cmd_out_char, 2
0x005E	0x2861      	GOTO       L__Lcd_Cmd32
0x005F	0x1306      	BCF        LCD_D6, BitPos(LCD_D6+0)
0x0060	0x2862      	GOTO       L__Lcd_Cmd33
L__Lcd_Cmd32:
0x0061	0x1706      	BSF        LCD_D6, BitPos(LCD_D6+0)
L__Lcd_Cmd33:
;__Lib_Lcd.c,35 :: 		
0x0062	0x18C2      	BTFSC      FARG_Lcd_Cmd_out_char, 1
0x0063	0x2866      	GOTO       L__Lcd_Cmd34
0x0064	0x1286      	BCF        LCD_D5, BitPos(LCD_D5+0)
0x0065	0x2867      	GOTO       L__Lcd_Cmd35
L__Lcd_Cmd34:
0x0066	0x1686      	BSF        LCD_D5, BitPos(LCD_D5+0)
L__Lcd_Cmd35:
;__Lib_Lcd.c,36 :: 		
0x0067	0x1842      	BTFSC      FARG_Lcd_Cmd_out_char, 0
0x0068	0x286B      	GOTO       L__Lcd_Cmd36
0x0069	0x1206      	BCF        LCD_D4, BitPos(LCD_D4+0)
0x006A	0x286C      	GOTO       L__Lcd_Cmd37
L__Lcd_Cmd36:
0x006B	0x1606      	BSF        LCD_D4, BitPos(LCD_D4+0)
L__Lcd_Cmd37:
;__Lib_Lcd.c,38 :: 		
0x006C	0x182A      	BTFSC      __Lib_Lcd_cmd_status, BitPos(__Lib_Lcd_cmd_status+0)
0x006D	0x2870      	GOTO       L__Lcd_Cmd38
0x006E	0x1506      	BSF        LCD_RS, BitPos(LCD_RS+0)
0x006F	0x2871      	GOTO       L__Lcd_Cmd39
L__Lcd_Cmd38:
0x0070	0x1106      	BCF        LCD_RS, BitPos(LCD_RS+0)
L__Lcd_Cmd39:
;__Lib_Lcd.c,40 :: 		
0x0071	0x1586      	BSF        LCD_EN, BitPos(LCD_EN+0)
;__Lib_Lcd.c,41 :: 		
0x0072	0x2003      	CALL       _Delay_1us
;__Lib_Lcd.c,42 :: 		
0x0073	0x1186      	BCF        LCD_EN, BitPos(LCD_EN+0)
;__Lib_Lcd.c,44 :: 		
0x0074	0x1C2A      	BTFSS      __Lib_Lcd_cmd_status, BitPos(__Lib_Lcd_cmd_status+0)
0x0075	0x2878      	GOTO       L_Lcd_Cmd0
;__Lib_Lcd.c,45 :: 		
0x0076	0x2010      	CALL       _Delay_5500us
0x0077	0x2879      	GOTO       L_Lcd_Cmd1
L_Lcd_Cmd0:
;__Lib_Lcd.c,47 :: 		
0x0078	0x2009      	CALL       _Delay_50us
L_Lcd_Cmd1:
;__Lib_Lcd.c,48 :: 		
0x0079	0x0008      	RETURN
; end of _Lcd_Cmd
_Lcd_Chr_CP:
;__Lib_Lcd.c,50 :: 		
;__Lib_Lcd.c,52 :: 		
0x007A	0x1283      	BCF        STATUS, 5
0x007B	0x1303      	BCF        STATUS, 6
0x007C	0x102A      	BCF        __Lib_Lcd_cmd_status, BitPos(__Lib_Lcd_cmd_status+0)
;__Lib_Lcd.c,53 :: 		
0x007D	0x083D      	MOVF       FARG_Lcd_Chr_CP_out_char, 0
0x007E	0x00C2      	MOVWF      FARG_Lcd_Cmd_out_char
0x007F	0x203A      	CALL       _Lcd_Cmd
;__Lib_Lcd.c,54 :: 		
0x0080	0x142A      	BSF        __Lib_Lcd_cmd_status, BitPos(__Lib_Lcd_cmd_status+0)
;__Lib_Lcd.c,55 :: 		
0x0081	0x0008      	RETURN
; end of _Lcd_Chr_CP
_____DoICP:
;__Lib_System.c,6 :: 		
;__Lib_System.c,9 :: 		
0x0082	0x1283      	BCF        STATUS, 5
0x0083	0x1303      	BCF        STATUS, 6
0x0084	0x0833      	MOVF       ___DoICPAddr+1, 0
0x0085	0x008A      	MOVWF      PCLATH
;__Lib_System.c,10 :: 		
0x0086	0x0832      	MOVF       ___DoICPAddr, 0
0x0087	0x0082      	MOVWF      PCL
;__Lib_System.c,12 :: 		
0x0088	0x0008      	RETURN
; end of _____DoICP
_WordToStr:
;__Lib_Conversions.c,84 :: 		
;__Lib_Conversions.c,89 :: 		
0x0089	0x1283      	BCF        STATUS, 5
0x008A	0x1303      	BCF        STATUS, 6
0x008B	0x01C0      	CLRF       WordToStr_len_L0
L_WordToStr6:
0x008C	0x3005      	MOVLW      5
0x008D	0x0240      	SUBWF      WordToStr_len_L0, 0
0x008E	0x1803      	BTFSC      STATUS, 0
0x008F	0x2897      	GOTO       L_WordToStr7
;__Lib_Conversions.c,90 :: 		
0x0090	0x0840      	MOVF       WordToStr_len_L0, 0
0x0091	0x073F      	ADDWF      FARG_WordToStr_output, 0
0x0092	0x0084      	MOVWF      FSR
0x0093	0x3020      	MOVLW      32
0x0094	0x0080      	MOVWF      INDF
;__Lib_Conversions.c,89 :: 		
0x0095	0x0AC0      	INCF       WordToStr_len_L0, 1
;__Lib_Conversions.c,90 :: 		
0x0096	0x288C      	GOTO       L_WordToStr6
L_WordToStr7:
;__Lib_Conversions.c,91 :: 		
0x0097	0x0840      	MOVF       WordToStr_len_L0, 0
0x0098	0x073F      	ADDWF      FARG_WordToStr_output, 0
0x0099	0x0084      	MOVWF      FSR
0x009A	0x0180      	CLRF       INDF
0x009B	0x03C0      	DECF       WordToStr_len_L0, 1
;__Lib_Conversions.c,93 :: 		
L_WordToStr9:
;__Lib_Conversions.c,94 :: 		
0x009C	0x0840      	MOVF       WordToStr_len_L0, 0
0x009D	0x073F      	ADDWF      FARG_WordToStr_output, 0
0x009E	0x00C1      	MOVWF      FLOC__WordToStr
0x009F	0x300A      	MOVLW      10
0x00A0	0x00F4      	MOVWF      R4
0x00A1	0x01F5      	CLRF       R4+1
0x00A2	0x083D      	MOVF       FARG_WordToStr_input, 0
0x00A3	0x00F0      	MOVWF      R0
0x00A4	0x083E      	MOVF       FARG_WordToStr_input+1, 0
0x00A5	0x00F1      	MOVWF      R0+1
0x00A6	0x201D      	CALL       _Div_16x16_U
0x00A7	0x0878      	MOVF       R8, 0
0x00A8	0x00F0      	MOVWF      R0
0x00A9	0x0879      	MOVF       R8+1, 0
0x00AA	0x00F1      	MOVWF      R0+1
0x00AB	0x3030      	MOVLW      48
0x00AC	0x07F0      	ADDWF      R0, 1
0x00AD	0x0841      	MOVF       FLOC__WordToStr, 0
0x00AE	0x0084      	MOVWF      FSR
0x00AF	0x0870      	MOVF       R0, 0
0x00B0	0x0080      	MOVWF      INDF
;__Lib_Conversions.c,95 :: 		
0x00B1	0x300A      	MOVLW      10
0x00B2	0x00F4      	MOVWF      R4
0x00B3	0x01F5      	CLRF       R4+1
0x00B4	0x083D      	MOVF       FARG_WordToStr_input, 0
0x00B5	0x00F0      	MOVWF      R0
0x00B6	0x083E      	MOVF       FARG_WordToStr_input+1, 0
0x00B7	0x00F1      	MOVWF      R0+1
0x00B8	0x201D      	CALL       _Div_16x16_U
0x00B9	0x0870      	MOVF       R0, 0
0x00BA	0x00BD      	MOVWF      FARG_WordToStr_input
0x00BB	0x0871      	MOVF       R0+1, 0
0x00BC	0x00BE      	MOVWF      FARG_WordToStr_input+1
;__Lib_Conversions.c,96 :: 		
0x00BD	0x3000      	MOVLW      0
0x00BE	0x0671      	XORWF      R0+1, 0
0x00BF	0x1D03      	BTFSS      STATUS, 2
0x00C0	0x28C3      	GOTO       L__WordToStr96
0x00C1	0x3000      	MOVLW      0
0x00C2	0x0670      	XORWF      R0, 0
L__WordToStr96:
0x00C3	0x1D03      	BTFSS      STATUS, 2
0x00C4	0x28C6      	GOTO       L_WordToStr11
;__Lib_Conversions.c,97 :: 		
0x00C5	0x28C8      	GOTO       L_WordToStr10
L_WordToStr11:
;__Lib_Conversions.c,98 :: 		
0x00C6	0x03C0      	DECF       WordToStr_len_L0, 1
;__Lib_Conversions.c,99 :: 		
0x00C7	0x289C      	GOTO       L_WordToStr9
L_WordToStr10:
;__Lib_Conversions.c,100 :: 		
0x00C8	0x0008      	RETURN
; end of _WordToStr
_IntToStr:
;__Lib_Conversions.c,146 :: 		
;__Lib_Conversions.c,152 :: 		
0x00C9	0x1283      	BCF        STATUS, 5
0x00CA	0x1303      	BCF        STATUS, 6
0x00CB	0x01B9      	CLRF       IntToStr_negative_L0
0x00CC	0x01BA      	CLRF       IntToStr_negative_L0+1
;__Lib_Conversions.c,153 :: 		
0x00CD	0x0834      	MOVF       FARG_IntToStr_input, 0
0x00CE	0x00BB      	MOVWF      IntToStr_inword_L0
0x00CF	0x0835      	MOVF       FARG_IntToStr_input+1, 0
0x00D0	0x00BC      	MOVWF      IntToStr_inword_L0+1
;__Lib_Conversions.c,154 :: 		
0x00D1	0x3080      	MOVLW      128
0x00D2	0x0635      	XORWF      FARG_IntToStr_input+1, 0
0x00D3	0x00F0      	MOVWF      R0
0x00D4	0x3080      	MOVLW      128
0x00D5	0x0270      	SUBWF      R0, 0
0x00D6	0x1D03      	BTFSS      STATUS, 2
0x00D7	0x28DA      	GOTO       L__IntToStr99
0x00D8	0x3000      	MOVLW      0
0x00D9	0x0234      	SUBWF      FARG_IntToStr_input, 0
L__IntToStr99:
0x00DA	0x1803      	BTFSC      STATUS, 0
0x00DB	0x28E8      	GOTO       L_IntToStr23
;__Lib_Conversions.c,155 :: 		
0x00DC	0x3001      	MOVLW      1
0x00DD	0x00B9      	MOVWF      IntToStr_negative_L0
0x00DE	0x3000      	MOVLW      0
0x00DF	0x00BA      	MOVWF      IntToStr_negative_L0+1
;__Lib_Conversions.c,156 :: 		
0x00E0	0x0834      	MOVF       FARG_IntToStr_input, 0
0x00E1	0x3C00      	SUBLW      0
0x00E2	0x00BB      	MOVWF      IntToStr_inword_L0
0x00E3	0x0835      	MOVF       FARG_IntToStr_input+1, 0
0x00E4	0x1C03      	BTFSS      STATUS, 0
0x00E5	0x3E01      	ADDLW      1
0x00E6	0x01BC      	CLRF       IntToStr_inword_L0+1
0x00E7	0x02BC      	SUBWF      IntToStr_inword_L0+1, 1
;__Lib_Conversions.c,157 :: 		
L_IntToStr23:
;__Lib_Conversions.c,158 :: 		
0x00E8	0x083B      	MOVF       IntToStr_inword_L0, 0
0x00E9	0x00BD      	MOVWF      FARG_WordToStr_input
0x00EA	0x083C      	MOVF       IntToStr_inword_L0+1, 0
0x00EB	0x00BE      	MOVWF      FARG_WordToStr_input+1
0x00EC	0x0836      	MOVF       FARG_IntToStr_output, 0
0x00ED	0x00BF      	MOVWF      FARG_WordToStr_output
0x00EE	0x2089      	CALL       _WordToStr
;__Lib_Conversions.c,160 :: 		
0x00EF	0x3006      	MOVLW      6
0x00F0	0x00B7      	MOVWF      IntToStr_i_L0
0x00F1	0x3000      	MOVLW      0
0x00F2	0x00B8      	MOVWF      IntToStr_i_L0+1
;__Lib_Conversions.c,161 :: 		
L_IntToStr24:
0x00F3	0x0838      	MOVF       IntToStr_i_L0+1, 0
0x00F4	0x3C00      	SUBLW      0
0x00F5	0x1D03      	BTFSS      STATUS, 2
0x00F6	0x28F9      	GOTO       L__IntToStr100
0x00F7	0x0837      	MOVF       IntToStr_i_L0, 0
0x00F8	0x3C00      	SUBLW      0
L__IntToStr100:
0x00F9	0x1803      	BTFSC      STATUS, 0
0x00FA	0x2914      	GOTO       L_IntToStr25
;__Lib_Conversions.c,162 :: 		
0x00FB	0x0837      	MOVF       IntToStr_i_L0, 0
0x00FC	0x0736      	ADDWF      FARG_IntToStr_output, 0
0x00FD	0x00F2      	MOVWF      R2
0x00FE	0x3001      	MOVLW      1
0x00FF	0x0237      	SUBWF      IntToStr_i_L0, 0
0x0100	0x00F0      	MOVWF      R0
0x0101	0x3000      	MOVLW      0
0x0102	0x1C03      	BTFSS      STATUS, 0
0x0103	0x3E01      	ADDLW      1
0x0104	0x0238      	SUBWF      IntToStr_i_L0+1, 0
0x0105	0x00F1      	MOVWF      R0+1
0x0106	0x0870      	MOVF       R0, 0
0x0107	0x0736      	ADDWF      FARG_IntToStr_output, 0
0x0108	0x0084      	MOVWF      FSR
0x0109	0x0800      	MOVF       INDF, 0
0x010A	0x00F0      	MOVWF      R0
0x010B	0x0872      	MOVF       R2, 0
0x010C	0x0084      	MOVWF      FSR
0x010D	0x0870      	MOVF       R0, 0
0x010E	0x0080      	MOVWF      INDF
;__Lib_Conversions.c,163 :: 		
0x010F	0x3001      	MOVLW      1
0x0110	0x02B7      	SUBWF      IntToStr_i_L0, 1
0x0111	0x1C03      	BTFSS      STATUS, 0
0x0112	0x03B8      	DECF       IntToStr_i_L0+1, 1
;__Lib_Conversions.c,164 :: 		
0x0113	0x28F3      	GOTO       L_IntToStr24
L_IntToStr25:
;__Lib_Conversions.c,165 :: 		
0x0114	0x0836      	MOVF       FARG_IntToStr_output, 0
0x0115	0x0084      	MOVWF      FSR
0x0116	0x3020      	MOVLW      32
0x0117	0x0080      	MOVWF      INDF
;__Lib_Conversions.c,166 :: 		
0x0118	0x0839      	MOVF       IntToStr_negative_L0, 0
0x0119	0x043A      	IORWF      IntToStr_negative_L0+1, 0
0x011A	0x1903      	BTFSC      STATUS, 2
0x011B	0x2932      	GOTO       L_IntToStr26
;__Lib_Conversions.c,167 :: 		
0x011C	0x01B7      	CLRF       IntToStr_i_L0
0x011D	0x01B8      	CLRF       IntToStr_i_L0+1
;__Lib_Conversions.c,168 :: 		
L_IntToStr27:
0x011E	0x0837      	MOVF       IntToStr_i_L0, 0
0x011F	0x0736      	ADDWF      FARG_IntToStr_output, 0
0x0120	0x0084      	MOVWF      FSR
0x0121	0x0800      	MOVF       INDF, 0
0x0122	0x3A20      	XORLW      32
0x0123	0x1D03      	BTFSS      STATUS, 2
0x0124	0x2929      	GOTO       L_IntToStr28
0x0125	0x0AB7      	INCF       IntToStr_i_L0, 1
0x0126	0x1903      	BTFSC      STATUS, 2
0x0127	0x0AB8      	INCF       IntToStr_i_L0+1, 1
0x0128	0x291E      	GOTO       L_IntToStr27
L_IntToStr28:
;__Lib_Conversions.c,169 :: 		
0x0129	0x3001      	MOVLW      1
0x012A	0x02B7      	SUBWF      IntToStr_i_L0, 1
0x012B	0x1C03      	BTFSS      STATUS, 0
0x012C	0x03B8      	DECF       IntToStr_i_L0+1, 1
;__Lib_Conversions.c,170 :: 		
0x012D	0x0837      	MOVF       IntToStr_i_L0, 0
0x012E	0x0736      	ADDWF      FARG_IntToStr_output, 0
0x012F	0x0084      	MOVWF      FSR
0x0130	0x302D      	MOVLW      45
0x0131	0x0080      	MOVWF      INDF
L_IntToStr26:
;__Lib_Conversions.c,171 :: 		
0x0132	0x0008      	RETURN
; end of _IntToStr
_Lcd_Out:
;__Lib_Lcd.c,184 :: 		
;__Lib_Lcd.c,187 :: 		
0x0133	0x2945      	GOTO       L_Lcd_Out11
;__Lib_Lcd.c,188 :: 		
L_Lcd_Out13:
0x0134	0x3080      	MOVLW      128
0x0135	0x1283      	BCF        STATUS, 5
0x0136	0x1303      	BCF        STATUS, 6
0x0137	0x00B4      	MOVWF      FARG_Lcd_Out_row
0x0138	0x2958      	GOTO       L_Lcd_Out12
;__Lib_Lcd.c,189 :: 		
L_Lcd_Out14:
0x0139	0x30C0      	MOVLW      192
0x013A	0x00B4      	MOVWF      FARG_Lcd_Out_row
0x013B	0x2958      	GOTO       L_Lcd_Out12
;__Lib_Lcd.c,190 :: 		
L_Lcd_Out15:
0x013C	0x3094      	MOVLW      148
0x013D	0x00B4      	MOVWF      FARG_Lcd_Out_row
0x013E	0x2958      	GOTO       L_Lcd_Out12
;__Lib_Lcd.c,191 :: 		
L_Lcd_Out16:
0x013F	0x30D4      	MOVLW      212
0x0140	0x00B4      	MOVWF      FARG_Lcd_Out_row
0x0141	0x2958      	GOTO       L_Lcd_Out12
;__Lib_Lcd.c,192 :: 		
L_Lcd_Out17:
0x0142	0x3080      	MOVLW      128
0x0143	0x00B4      	MOVWF      FARG_Lcd_Out_row
;__Lib_Lcd.c,193 :: 		
0x0144	0x2958      	GOTO       L_Lcd_Out12
L_Lcd_Out11:
0x0145	0x1283      	BCF        STATUS, 5
0x0146	0x1303      	BCF        STATUS, 6
0x0147	0x0834      	MOVF       FARG_Lcd_Out_row, 0
0x0148	0x3A01      	XORLW      1
0x0149	0x1903      	BTFSC      STATUS, 2
0x014A	0x2934      	GOTO       L_Lcd_Out13
0x014B	0x0834      	MOVF       FARG_Lcd_Out_row, 0
0x014C	0x3A02      	XORLW      2
0x014D	0x1903      	BTFSC      STATUS, 2
0x014E	0x2939      	GOTO       L_Lcd_Out14
0x014F	0x0834      	MOVF       FARG_Lcd_Out_row, 0
0x0150	0x3A03      	XORLW      3
0x0151	0x1903      	BTFSC      STATUS, 2
0x0152	0x293C      	GOTO       L_Lcd_Out15
0x0153	0x0834      	MOVF       FARG_Lcd_Out_row, 0
0x0154	0x3A04      	XORLW      4
0x0155	0x1903      	BTFSC      STATUS, 2
0x0156	0x293F      	GOTO       L_Lcd_Out16
0x0157	0x2942      	GOTO       L_Lcd_Out17
L_Lcd_Out12:
;__Lib_Lcd.c,194 :: 		
0x0158	0x0335      	DECF       FARG_Lcd_Out_column, 0
0x0159	0x00F0      	MOVWF      R0
0x015A	0x0834      	MOVF       FARG_Lcd_Out_row, 0
0x015B	0x07F0      	ADDWF      R0, 1
0x015C	0x0870      	MOVF       R0, 0
0x015D	0x00B4      	MOVWF      FARG_Lcd_Out_row
;__Lib_Lcd.c,196 :: 		
0x015E	0x0870      	MOVF       R0, 0
0x015F	0x00C2      	MOVWF      FARG_Lcd_Cmd_out_char
0x0160	0x203A      	CALL       _Lcd_Cmd
;__Lib_Lcd.c,197 :: 		
0x0161	0x102A      	BCF        __Lib_Lcd_cmd_status, BitPos(__Lib_Lcd_cmd_status+0)
;__Lib_Lcd.c,198 :: 		
0x0162	0x01B7      	CLRF       Lcd_Out_i_L0
;__Lib_Lcd.c,199 :: 		
L_Lcd_Out18:
0x0163	0x0837      	MOVF       Lcd_Out_i_L0, 0
0x0164	0x0736      	ADDWF      FARG_Lcd_Out_text, 0
0x0165	0x0084      	MOVWF      FSR
0x0166	0x0800      	MOVF       INDF, 0
0x0167	0x1903      	BTFSC      STATUS, 2
0x0168	0x2971      	GOTO       L_Lcd_Out19
;__Lib_Lcd.c,200 :: 		
0x0169	0x0837      	MOVF       Lcd_Out_i_L0, 0
0x016A	0x0736      	ADDWF      FARG_Lcd_Out_text, 0
0x016B	0x0084      	MOVWF      FSR
0x016C	0x0800      	MOVF       INDF, 0
0x016D	0x00BD      	MOVWF      FARG_Lcd_Chr_CP_out_char
0x016E	0x207A      	CALL       _Lcd_Chr_CP
0x016F	0x0AB7      	INCF       Lcd_Out_i_L0, 1
0x0170	0x2963      	GOTO       L_Lcd_Out18
L_Lcd_Out19:
;__Lib_Lcd.c,201 :: 		
0x0171	0x142A      	BSF        __Lib_Lcd_cmd_status, BitPos(__Lib_Lcd_cmd_status+0)
;__Lib_Lcd.c,202 :: 		
0x0172	0x0008      	RETURN
; end of _Lcd_Out
___CC2DW:
;__Lib_System.c,24 :: 		
;__Lib_System.c,27 :: 		
_CC2D_Loop1:
;__Lib_System.c,29 :: 		
0x0173	0x2082      	CALL       _____DoICP
0x0174	0x118A      	BCF        PCLATH, 3
0x0175	0x120A      	BCF        PCLATH, 4
;__Lib_System.c,31 :: 		
0x0176	0x0080      	MOVWF      INDF
;__Lib_System.c,32 :: 		
0x0177	0x0A84      	INCF       FSR, 1
;__Lib_System.c,33 :: 		
0x0178	0x0AB2      	INCF       ___DoICPAddr, 1
;__Lib_System.c,35 :: 		
0x0179	0x1903      	BTFSC      STATUS, 2
;__Lib_System.c,36 :: 		
0x017A	0x0AB3      	INCF       ___DoICPAddr+1, 1
;__Lib_System.c,37 :: 		
0x017B	0x03F0      	DECF       R0, 1
;__Lib_System.c,39 :: 		
0x017C	0x1D03      	BTFSS      STATUS, 2
;__Lib_System.c,40 :: 		
0x017D	0x2973      	GOTO       _CC2D_Loop1
;__Lib_System.c,42 :: 		
0x017E	0x0008      	RETURN
; end of ___CC2DW
_Lcd_Init:
;__Lib_Lcd.c,84 :: 		
;__Lib_Lcd.c,86 :: 		
0x017F	0x1683      	BSF        STATUS, 5
0x0180	0x1303      	BCF        STATUS, 6
0x0181	0x1186      	BCF        LCD_EN_Direction, BitPos(LCD_EN_Direction+0)
;__Lib_Lcd.c,87 :: 		
0x0182	0x1106      	BCF        LCD_RS_Direction, BitPos(LCD_RS_Direction+0)
;__Lib_Lcd.c,88 :: 		
0x0183	0x1206      	BCF        LCD_D4_Direction, BitPos(LCD_D4_Direction+0)
;__Lib_Lcd.c,89 :: 		
0x0184	0x1286      	BCF        LCD_D5_Direction, BitPos(LCD_D5_Direction+0)
;__Lib_Lcd.c,90 :: 		
0x0185	0x1306      	BCF        LCD_D6_Direction, BitPos(LCD_D6_Direction+0)
;__Lib_Lcd.c,91 :: 		
0x0186	0x1386      	BCF        LCD_D7_Direction, BitPos(LCD_D7_Direction+0)
;__Lib_Lcd.c,93 :: 		
0x0187	0x1283      	BCF        STATUS, 5
0x0188	0x1186      	BCF        LCD_EN, BitPos(LCD_EN+0)
;__Lib_Lcd.c,94 :: 		
0x0189	0x1106      	BCF        LCD_RS, BitPos(LCD_RS+0)
;__Lib_Lcd.c,95 :: 		
0x018A	0x1386      	BCF        LCD_D7, BitPos(LCD_D7+0)
;__Lib_Lcd.c,96 :: 		
0x018B	0x1306      	BCF        LCD_D6, BitPos(LCD_D6+0)
;__Lib_Lcd.c,97 :: 		
0x018C	0x1286      	BCF        LCD_D5, BitPos(LCD_D5+0)
;__Lib_Lcd.c,98 :: 		
0x018D	0x1206      	BCF        LCD_D4, BitPos(LCD_D4+0)
;__Lib_Lcd.c,100 :: 		
0x018E	0x2010      	CALL       _Delay_5500us
;__Lib_Lcd.c,101 :: 		
0x018F	0x2010      	CALL       _Delay_5500us
;__Lib_Lcd.c,102 :: 		
0x0190	0x2010      	CALL       _Delay_5500us
;__Lib_Lcd.c,105 :: 		
0x0191	0x1686      	BSF        LCD_D5, BitPos(LCD_D5+0)
;__Lib_Lcd.c,106 :: 		
0x0192	0x1606      	BSF        LCD_D4, BitPos(LCD_D4+0)
;__Lib_Lcd.c,107 :: 		
0x0193	0x1586      	BSF        LCD_EN, BitPos(LCD_EN+0)
;__Lib_Lcd.c,108 :: 		
0x0194	0x2003      	CALL       _Delay_1us
;__Lib_Lcd.c,109 :: 		
0x0195	0x1186      	BCF        LCD_EN, BitPos(LCD_EN+0)
;__Lib_Lcd.c,110 :: 		
0x0196	0x2010      	CALL       _Delay_5500us
;__Lib_Lcd.c,112 :: 		
0x0197	0x1586      	BSF        LCD_EN, BitPos(LCD_EN+0)
;__Lib_Lcd.c,113 :: 		
0x0198	0x2003      	CALL       _Delay_1us
;__Lib_Lcd.c,114 :: 		
0x0199	0x1186      	BCF        LCD_EN, BitPos(LCD_EN+0)
;__Lib_Lcd.c,115 :: 		
0x019A	0x2010      	CALL       _Delay_5500us
;__Lib_Lcd.c,117 :: 		
0x019B	0x1586      	BSF        LCD_EN, BitPos(LCD_EN+0)
;__Lib_Lcd.c,118 :: 		
0x019C	0x2003      	CALL       _Delay_1us
;__Lib_Lcd.c,119 :: 		
0x019D	0x1186      	BCF        LCD_EN, BitPos(LCD_EN+0)
;__Lib_Lcd.c,120 :: 		
0x019E	0x2010      	CALL       _Delay_5500us
;__Lib_Lcd.c,123 :: 		
0x019F	0x1206      	BCF        LCD_D4, BitPos(LCD_D4+0)
;__Lib_Lcd.c,124 :: 		
0x01A0	0x1586      	BSF        LCD_EN, BitPos(LCD_EN+0)
;__Lib_Lcd.c,125 :: 		
0x01A1	0x2003      	CALL       _Delay_1us
;__Lib_Lcd.c,126 :: 		
0x01A2	0x1186      	BCF        LCD_EN, BitPos(LCD_EN+0)
;__Lib_Lcd.c,127 :: 		
0x01A3	0x2010      	CALL       _Delay_5500us
;__Lib_Lcd.c,130 :: 		
0x01A4	0x1586      	BSF        LCD_EN, BitPos(LCD_EN+0)
;__Lib_Lcd.c,131 :: 		
0x01A5	0x2003      	CALL       _Delay_1us
;__Lib_Lcd.c,132 :: 		
0x01A6	0x1186      	BCF        LCD_EN, BitPos(LCD_EN+0)
;__Lib_Lcd.c,134 :: 		
0x01A7	0x1286      	BCF        LCD_D5, BitPos(LCD_D5+0)
;__Lib_Lcd.c,135 :: 		
0x01A8	0x1786      	BSF        LCD_D7, BitPos(LCD_D7+0)
;__Lib_Lcd.c,136 :: 		
0x01A9	0x1586      	BSF        LCD_EN, BitPos(LCD_EN+0)
;__Lib_Lcd.c,137 :: 		
0x01AA	0x2003      	CALL       _Delay_1us
;__Lib_Lcd.c,138 :: 		
0x01AB	0x1186      	BCF        LCD_EN, BitPos(LCD_EN+0)
;__Lib_Lcd.c,139 :: 		
0x01AC	0x2010      	CALL       _Delay_5500us
;__Lib_Lcd.c,142 :: 		
0x01AD	0x1386      	BCF        LCD_D7, BitPos(LCD_D7+0)
;__Lib_Lcd.c,143 :: 		
0x01AE	0x1606      	BSF        LCD_D4, BitPos(LCD_D4+0)
;__Lib_Lcd.c,144 :: 		
0x01AF	0x1586      	BSF        LCD_EN, BitPos(LCD_EN+0)
;__Lib_Lcd.c,145 :: 		
0x01B0	0x2003      	CALL       _Delay_1us
;__Lib_Lcd.c,146 :: 		
0x01B1	0x1186      	BCF        LCD_EN, BitPos(LCD_EN+0)
;__Lib_Lcd.c,148 :: 		
0x01B2	0x1206      	BCF        LCD_D4, BitPos(LCD_D4+0)
;__Lib_Lcd.c,149 :: 		
0x01B3	0x1586      	BSF        LCD_EN, BitPos(LCD_EN+0)
;__Lib_Lcd.c,150 :: 		
0x01B4	0x2003      	CALL       _Delay_1us
;__Lib_Lcd.c,151 :: 		
0x01B5	0x1186      	BCF        LCD_EN, BitPos(LCD_EN+0)
;__Lib_Lcd.c,152 :: 		
0x01B6	0x2010      	CALL       _Delay_5500us
;__Lib_Lcd.c,155 :: 		
0x01B7	0x1586      	BSF        LCD_EN, BitPos(LCD_EN+0)
;__Lib_Lcd.c,156 :: 		
0x01B8	0x2003      	CALL       _Delay_1us
;__Lib_Lcd.c,157 :: 		
0x01B9	0x1186      	BCF        LCD_EN, BitPos(LCD_EN+0)
;__Lib_Lcd.c,159 :: 		
0x01BA	0x1606      	BSF        LCD_D4, BitPos(LCD_D4+0)
;__Lib_Lcd.c,160 :: 		
0x01BB	0x1586      	BSF        LCD_EN, BitPos(LCD_EN+0)
;__Lib_Lcd.c,161 :: 		
0x01BC	0x2003      	CALL       _Delay_1us
;__Lib_Lcd.c,162 :: 		
0x01BD	0x1186      	BCF        LCD_EN, BitPos(LCD_EN+0)
;__Lib_Lcd.c,163 :: 		
0x01BE	0x2010      	CALL       _Delay_5500us
;__Lib_Lcd.c,166 :: 		
0x01BF	0x1206      	BCF        LCD_D4, BitPos(LCD_D4+0)
;__Lib_Lcd.c,167 :: 		
0x01C0	0x1586      	BSF        LCD_EN, BitPos(LCD_EN+0)
;__Lib_Lcd.c,168 :: 		
0x01C1	0x2003      	CALL       _Delay_1us
;__Lib_Lcd.c,169 :: 		
0x01C2	0x1186      	BCF        LCD_EN, BitPos(LCD_EN+0)
;__Lib_Lcd.c,171 :: 		
0x01C3	0x1786      	BSF        LCD_D7, BitPos(LCD_D7+0)
;__Lib_Lcd.c,172 :: 		
0x01C4	0x1706      	BSF        LCD_D6, BitPos(LCD_D6+0)
;__Lib_Lcd.c,173 :: 		
0x01C5	0x1686      	BSF        LCD_D5, BitPos(LCD_D5+0)
;__Lib_Lcd.c,174 :: 		
0x01C6	0x1606      	BSF        LCD_D4, BitPos(LCD_D4+0)
;__Lib_Lcd.c,175 :: 		
0x01C7	0x1586      	BSF        LCD_EN, BitPos(LCD_EN+0)
;__Lib_Lcd.c,176 :: 		
0x01C8	0x2003      	CALL       _Delay_1us
;__Lib_Lcd.c,177 :: 		
0x01C9	0x1186      	BCF        LCD_EN, BitPos(LCD_EN+0)
;__Lib_Lcd.c,179 :: 		
0x01CA	0x2010      	CALL       _Delay_5500us
;__Lib_Lcd.c,181 :: 		
0x01CB	0x142A      	BSF        __Lib_Lcd_cmd_status, BitPos(__Lib_Lcd_cmd_status+0)
;__Lib_Lcd.c,182 :: 		
0x01CC	0x0008      	RETURN
; end of _Lcd_Init
_main:
0x01CD	0x3050      	MOVLW      80
0x01CE	0x1283      	BCF        STATUS, 5
0x01CF	0x1303      	BCF        STATUS, 6
0x01D0	0x00A0      	MOVWF      ?lstr1_ContadorPulsosTimer1
0x01D1	0x3075      	MOVLW      117
0x01D2	0x00A1      	MOVWF      33
0x01D3	0x306C      	MOVLW      108
0x01D4	0x00A2      	MOVWF      34
0x01D5	0x3073      	MOVLW      115
0x01D6	0x00A3      	MOVWF      35
0x01D7	0x3065      	MOVLW      101
0x01D8	0x00A4      	MOVWF      36
0x01D9	0x303A      	MOVLW      58
0x01DA	0x00A5      	MOVWF      37
0x01DB	0x3020      	MOVLW      32
0x01DC	0x00A6      	MOVWF      38
0x01DD	0x01A7      	CLRF       39
;ContadorPulsosTimer1.c,21 :: 		void main() {
;ContadorPulsosTimer1.c,23 :: 		CMCON = 0x07; // Desabilita os comparadores internos
0x01DE	0x3007      	MOVLW      7
0x01DF	0x1683      	BSF        STATUS, 5
0x01E0	0x009C      	MOVWF      CMCON
;ContadorPulsosTimer1.c,24 :: 		T1CON = 0x03; // Ou 0b00000011, que configura o prescaler como 1:1, habilita o timer1 e habilita a contagem do timer1
0x01E1	0x3003      	MOVLW      3
0x01E2	0x1283      	BCF        STATUS, 5
0x01E3	0x0090      	MOVWF      T1CON
;ContadorPulsosTimer1.c,27 :: 		TMR1L = 0x00;
0x01E4	0x018E      	CLRF       TMR1L
;ContadorPulsosTimer1.c,28 :: 		TMR1H = 0x00;
0x01E5	0x018F      	CLRF       TMR1H
;ContadorPulsosTimer1.c,30 :: 		TRISB = 0x03; // Ou 0b00000011, que configura apenas RB0 e RB1 como entradas digitais
0x01E6	0x3003      	MOVLW      3
0x01E7	0x1683      	BSF        STATUS, 5
0x01E8	0x0086      	MOVWF      TRISB
;ContadorPulsosTimer1.c,31 :: 		TRISC = 0xEF; // Ou 0b11101111, que configura apenas RC4 como saída digital
0x01E9	0x30EF      	MOVLW      239
0x01EA	0x0087      	MOVWF      TRISC
;ContadorPulsosTimer1.c,33 :: 		PORTB = 0x00; // Inicia todo o portb em low;
0x01EB	0x1283      	BCF        STATUS, 5
0x01EC	0x0186      	CLRF       PORTB
;ContadorPulsosTimer1.c,34 :: 		PORTC = 0xEF; // Inicia apenas RC4 em low
0x01ED	0x30EF      	MOVLW      239
0x01EE	0x0087      	MOVWF      PORTC
;ContadorPulsosTimer1.c,51 :: 		lcd_init();
0x01EF	0x217F      	CALL       _Lcd_Init
;ContadorPulsosTimer1.c,52 :: 		lcd_cmd(_LCD_CURSOR_OFF);
0x01F0	0x300C      	MOVLW      12
0x01F1	0x00C2      	MOVWF      FARG_Lcd_Cmd_out_char
0x01F2	0x203A      	CALL       _Lcd_Cmd
;ContadorPulsosTimer1.c,53 :: 		lcd_cmd(_LCD_CLEAR);
0x01F3	0x3001      	MOVLW      1
0x01F4	0x00C2      	MOVWF      FARG_Lcd_Cmd_out_char
0x01F5	0x203A      	CALL       _Lcd_Cmd
;ContadorPulsosTimer1.c,55 :: 		while(1){
L_main0:
;ContadorPulsosTimer1.c,57 :: 		lcd_out(1,1,"Pulse: ");
0x01F6	0x3001      	MOVLW      1
0x01F7	0x00B4      	MOVWF      FARG_Lcd_Out_row
0x01F8	0x3001      	MOVLW      1
0x01F9	0x00B5      	MOVWF      FARG_Lcd_Out_column
0x01FA	0x3020      	MOVLW      ?lstr1_ContadorPulsosTimer1
0x01FB	0x00B6      	MOVWF      FARG_Lcd_Out_text
0x01FC	0x2133      	CALL       _Lcd_Out
;ContadorPulsosTimer1.c,59 :: 		pulse = (TMR1H << 8) + TMR1L; // Desloca o TMR1H 8 bits para esquerda e soma TMR1L, logo, pulse = 0b TMR1H TMR1L
0x01FD	0x080F      	MOVF       TMR1H, 0
0x01FE	0x00F1      	MOVWF      R0+1
0x01FF	0x01F0      	CLRF       R0
0x0200	0x080E      	MOVF       TMR1L, 0
0x0201	0x07F0      	ADDWF      R0, 1
0x0202	0x1803      	BTFSC      STATUS, 0
0x0203	0x0AF1      	INCF       R0+1, 1
0x0204	0x0870      	MOVF       R0, 0
0x0205	0x00A8      	MOVWF      _pulse
0x0206	0x0871      	MOVF       R0+1, 0
0x0207	0x00A9      	MOVWF      _pulse+1
;ContadorPulsosTimer1.c,61 :: 		IntToStr(pulse, txt);
0x0208	0x0870      	MOVF       R0, 0
0x0209	0x00B4      	MOVWF      FARG_IntToStr_input
0x020A	0x0871      	MOVF       R0+1, 0
0x020B	0x00B5      	MOVWF      FARG_IntToStr_input+1
0x020C	0x302B      	MOVLW      _txt
0x020D	0x00B6      	MOVWF      FARG_IntToStr_output
0x020E	0x20C9      	CALL       _IntToStr
;ContadorPulsosTimer1.c,63 :: 		lcd_out(2,1,txt);
0x020F	0x3002      	MOVLW      2
0x0210	0x00B4      	MOVWF      FARG_Lcd_Out_row
0x0211	0x3001      	MOVLW      1
0x0212	0x00B5      	MOVWF      FARG_Lcd_Out_column
0x0213	0x302B      	MOVLW      _txt
0x0214	0x00B6      	MOVWF      FARG_Lcd_Out_text
0x0215	0x2133      	CALL       _Lcd_Out
;ContadorPulsosTimer1.c,65 :: 		if(pulse > 20)
0x0216	0x0829      	MOVF       _pulse+1, 0
0x0217	0x3C00      	SUBLW      0
0x0218	0x1D03      	BTFSS      STATUS, 2
0x0219	0x2A1C      	GOTO       L__main3
0x021A	0x0828      	MOVF       _pulse, 0
0x021B	0x3C14      	SUBLW      20
L__main3:
0x021C	0x1803      	BTFSC      STATUS, 0
0x021D	0x2A1F      	GOTO       L_main2
;ContadorPulsosTimer1.c,66 :: 		RC4_bit = 0x01;
0x021E	0x1607      	BSF        RC4_bit, 4
L_main2:
;ContadorPulsosTimer1.c,67 :: 		}
0x021F	0x29F6      	GOTO       L_main0
;ContadorPulsosTimer1.c,69 :: 		}
0x0220	0x2A20      	GOTO       $+0
; end of _main
Symbol List:
//** Routines locations **
//ADDRESS    SIZE    PROCEDURE
//----------------------------------------------
0x0003       [6]    _Delay_1us
0x0009       [7]    _Delay_50us
0x0010      [13]    _Delay_5500us
0x001D      [29]    _Div_16x16_U
0x003A      [64]    _Lcd_Cmd
0x007A       [8]    _Lcd_Chr_CP
0x0082       [7]    _____DoICP
0x0089      [64]    _WordToStr
0x00C9     [106]    _IntToStr
0x0133      [64]    _Lcd_Out
0x0173      [12]    ___CC2DW
0x017F      [78]    _Lcd_Init
0x01CD      [84]    _main
//** Variables locations ** 
//ADDRESS    SIZE    VARIABLE
//----------------------------------------------
0x0000       [1]    INDF
0x0001       [1]    TMR0
0x0002       [1]    PCL
0x0003       [0]    C_bit
0x0003       [0]    Z_bit
0x0003       [0]    NOT_PD_bit
0x0003       [0]    NOT_TO_bit
0x0003       [0]    DC_bit
0x0003       [1]    STATUS
0x0003       [0]    IRP_bit
0x0003       [0]    RP1_bit
0x0003       [0]    RP0_bit
0x0004       [1]    FSRPTR
0x0004       [1]    FSR
0x0005       [0]    RA5_bit
0x0005       [0]    RA4_bit
0x0005       [0]    RA3_bit
0x0005       [1]    PORTA
0x0005       [0]    RA0_bit
0x0005       [0]    RA1_bit
0x0005       [0]    RA2_bit
0x0006       [0]    RB1_bit
0x0006       [0]    RB2_bit
0x0006       [0]    RB3_bit
0x0006       [0]    RB0_bit
0x0006       [1]    PORTB
0x0006       [0]    LCD_D6
0x0006       [0]    LCD_D5
0x0006       [0]    LCD_D7
0x0006       [0]    LCD_RS
0x0006       [0]    LCD_EN
0x0006       [0]    RB5_bit
0x0006       [0]    RB4_bit
0x0006       [0]    RB6_bit
0x0006       [0]    LCD_D4
0x0006       [0]    RB7_bit
0x0007       [0]    RC3_bit
0x0007       [0]    RC4_bit
0x0007       [0]    RC5_bit
0x0007       [0]    RC0_bit
0x0007       [0]    RC1_bit
0x0007       [0]    RC2_bit
0x0007       [0]    RC6_bit
0x0007       [0]    RC7_bit
0x0007       [1]    PORTC
0x000A       [1]    PCLATH
0x000B       [0]    PEIE_bit
0x000B       [0]    T0IF_bit
0x000B       [0]    T0IE_bit
0x000B       [0]    TMR0IE_bit
0x000B       [0]    TMR0IF_bit
0x000B       [0]    INTE_bit
0x000B       [0]    RBIE_bit
0x000B       [1]    INTCON
0x000B       [0]    RBIF_bit
0x000B       [0]    GIE_bit
0x000B       [0]    INTF_bit
0x000C       [1]    PIR1
0x000C       [0]    RCIF_bit
0x000C       [0]    ADIF_bit
0x000C       [0]    TMR2IF_bit
0x000C       [0]    TMR1IF_bit
0x000C       [0]    CCP1IF_bit
0x000C       [0]    TXIF_bit
0x000C       [0]    SSPIF_bit
0x000D       [0]    EEIF_bit
0x000D       [0]    CMIF_bit
0x000D       [0]    CCP2IF_bit
0x000D       [0]    BCLIF_bit
0x000D       [1]    PIR2
0x000E       [1]    TMR1L
0x000F       [1]    TMR1H
0x0010       [0]    T1INSYNC_bit
0x0010       [0]    NOT_T1SYNC_bit
0x0010       [0]    T1SYNC_bit
0x0010       [0]    TMR1ON_bit
0x0010       [0]    TMR1CS_bit
0x0010       [1]    T1CON
0x0010       [0]    T1CKPS1_bit
0x0010       [0]    T1OSCEN_bit
0x0010       [0]    T1CKPS0_bit
0x0011       [1]    TMR2
0x0012       [0]    TMR2ON_bit
0x0012       [0]    TOUTPS0_bit
0x0012       [0]    T2CKPS0_bit
0x0012       [0]    T2CKPS1_bit
0x0012       [0]    TOUTPS1_bit
0x0012       [1]    T2CON
0x0012       [0]    TOUTPS3_bit
0x0012       [0]    TOUTPS2_bit
0x0013       [1]    SSPBUF
0x0014       [0]    SSPM3_bit
0x0014       [0]    SSPM1_bit
0x0014       [0]    SSPM0_bit
0x0014       [0]    SSPM2_bit
0x0014       [0]    CKP_bit
0x0014       [0]    SSPOV_bit
0x0014       [0]    WCOL_bit
0x0014       [1]    SSPCON
0x0014       [0]    SSPEN_bit
0x0015       [2]    CCPR1
0x0015       [1]    CCPR1L
0x0016       [1]    CCPR1H
0x0017       [0]    CCP1M2_bit
0x0017       [0]    CCP1M1_bit
0x0017       [0]    CCP1M0_bit
0x0017       [0]    CCP1M3_bit
0x0017       [0]    CCP1X_bit
0x0017       [1]    CCP1CON
0x0017       [0]    CCP1Y_bit
0x0018       [0]    RX9_bit
0x0018       [0]    RC9_bit
0x0018       [0]    CREN_bit
0x0018       [0]    RC8_9_bit
0x0018       [0]    NOT_RC8_bit
0x0018       [0]    SREN_bit
0x0018       [0]    ADDEN_bit
0x0018       [0]    OERR_bit
0x0018       [0]    RX9D_bit
0x0018       [0]    RCD8_bit
0x0018       [0]    SPEN_bit
0x0018       [0]    FERR_bit
0x0018       [1]    RCSTA
0x0019       [1]    TXREG
0x001A       [1]    RCREG
0x001B       [1]    CCPR2L
0x001B       [2]    CCPR2
0x001C       [1]    CCPR2H
0x001D       [0]    CCP2X_bit
0x001D       [0]    CCP2M0_bit
0x001D       [0]    CCP2Y_bit
0x001D       [0]    CCP2M3_bit
0x001D       [0]    CCP2M2_bit
0x001D       [0]    CCP2M1_bit
0x001D       [1]    CCP2CON
0x001E       [1]    ADRESH
0x001F       [0]    ADCS0_bit
0x001F       [0]    ADCS1_bit
0x001F       [0]    CHS2_bit
0x001F       [0]    ADON_bit
0x001F       [1]    ADCON0
0x001F       [0]    NOT_DONE_bit
0x001F       [0]    GO_DONE_bit
0x001F       [0]    CHS1_bit
0x001F       [0]    CHS0_bit
0x001F       [0]    GO_bit
0x0020       [8]    ?lstr1_ContadorPulsosTimer1
0x0028       [2]    _pulse
0x002A       [0]    __Lib_Lcd_cmd_status
0x002B       [7]    _txt
0x0032       [2]    ___DoICPAddr
0x0034       [2]    FARG_IntToStr_input
0x0034       [1]    FARG_Lcd_Out_row
0x0035       [1]    FARG_Lcd_Out_column
0x0036       [1]    FARG_Lcd_Out_text
0x0036       [1]    FARG_IntToStr_output
0x0037       [1]    Lcd_Out_i_L0
0x0037       [2]    IntToStr_i_L0
0x0039       [2]    IntToStr_negative_L0
0x003B       [2]    IntToStr_inword_L0
0x003D       [1]    FARG_Lcd_Chr_CP_out_char
0x003D       [2]    FARG_WordToStr_input
0x003F       [1]    FARG_WordToStr_output
0x0040       [1]    WordToStr_len_L0
0x0041       [1]    FLOC__WordToStr
0x0042       [1]    FARG_Lcd_Cmd_out_char
0x0070       [1]    R0
0x0071       [1]    R1
0x0072       [1]    R2
0x0073       [1]    R3
0x0074       [1]    R4
0x0075       [1]    R5
0x0076       [1]    R6
0x0077       [1]    R7
0x0078       [1]    R8
0x0079       [1]    R9
0x007A       [1]    R10
0x007B       [1]    R11
0x007C       [1]    R12
0x007D       [1]    R13
0x007E       [1]    R14
0x007F       [1]    R15
0x0081       [0]    PS1_bit
0x0081       [0]    T0CS_bit
0x0081       [0]    PS2_bit
0x0081       [1]    OPTION_REG
0x0081       [0]    PSA_bit
0x0081       [0]    T0SE_bit
0x0081       [0]    NOT_RBPU_bit
0x0081       [0]    PS0_bit
0x0081       [0]    INTEDG_bit
0x0085       [1]    TRISA
0x0085       [0]    TRISA3_bit
0x0085       [0]    TRISA5_bit
0x0085       [0]    TRISA4_bit
0x0085       [0]    TRISA2_bit
0x0085       [0]    TRISA0_bit
0x0085       [0]    TRISA1_bit
0x0086       [0]    TRISB4_bit
0x0086       [0]    TRISB6_bit
0x0086       [0]    TRISB5_bit
0x0086       [0]    TRISB0_bit
0x0086       [0]    TRISB2_bit
0x0086       [0]    TRISB3_bit
0x0086       [0]    TRISB1_bit
0x0086       [0]    TRISB7_bit
0x0086       [0]    LCD_D6_Direction
0x0086       [0]    LCD_D7_Direction
0x0086       [0]    LCD_EN_Direction
0x0086       [1]    TRISB
0x0086       [0]    LCD_D4_Direction
0x0086       [0]    LCD_D5_Direction
0x0086       [0]    LCD_RS_Direction
0x0087       [0]    TRISC7_bit
0x0087       [1]    TRISC
0x0087       [0]    TRISC5_bit
0x0087       [0]    TRISC6_bit
0x0087       [0]    TRISC4_bit
0x0087       [0]    TRISC1_bit
0x0087       [0]    TRISC0_bit
0x0087       [0]    TRISC3_bit
0x0087       [0]    TRISC2_bit
0x008C       [0]    RCIE_bit
0x008C       [0]    ADIE_bit
0x008C       [0]    TMR2IE_bit
0x008C       [0]    TMR1IE_bit
0x008C       [0]    TXIE_bit
0x008C       [1]    PIE1
0x008C       [0]    CCP1IE_bit
0x008C       [0]    SSPIE_bit
0x008D       [0]    EEIE_bit
0x008D       [0]    BCLIE_bit
0x008D       [0]    CCP2IE_bit
0x008D       [0]    CMIE_bit
0x008D       [1]    PIE2
0x008E       [0]    NOT_BOR_bit
0x008E       [0]    NOT_BO_bit
0x008E       [0]    NOT_POR_bit
0x008E       [1]    PCON
0x0091       [0]    PEN_bit
0x0091       [0]    RCEN_bit
0x0091       [0]    SEN_bit
0x0091       [0]    RSEN_bit
0x0091       [0]    ACKEN_bit
0x0091       [0]    GCEN_bit
0x0091       [1]    SSPCON2
0x0091       [0]    ACKDT_bit
0x0091       [0]    ACKSTAT_bit
0x0092       [1]    PR2
0x0093       [1]    SSPADD
0x0094       [0]    NOT_ADDRESS_bit
0x0094       [0]    D_A_bit
0x0094       [0]    NOT_A_bit
0x0094       [0]    CKE_bit
0x0094       [0]    SMP_bit
0x0094       [0]    I2C_DATA_bit
0x0094       [0]    D_bit
0x0094       [0]    R_W_bit
0x0094       [0]    NOT_WRITE_bit
0x0094       [0]    NOT_W_bit
0x0094       [0]    READ_WRITE_bit
0x0094       [1]    SSPSTAT
0x0094       [0]    BF_bit
0x0094       [0]    UA_bit
0x0094       [0]    I2C_READ_bit
0x0094       [0]    I2C_STOP__bit
0x0094       [0]    P_bit
0x0094       [0]    DATA_ADDRESS_bit
0x0094       [0]    R_bit
0x0094       [0]    I2C_START__bit
0x0094       [0]    S_bit
0x0098       [0]    TRMT_bit
0x0098       [0]    BRGH_bit
0x0098       [0]    TX9D_bit
0x0098       [1]    TXSTA
0x0098       [0]    TXD8_bit
0x0098       [0]    SYNC_bit
0x0098       [0]    TX9_bit
0x0098       [0]    CSRC_bit
0x0098       [0]    NOT_TX8_bit
0x0098       [0]    TXEN_bit
0x0098       [0]    TX8_9_bit
0x0099       [1]    SPBRG
0x009C       [0]    C1INV_bit
0x009C       [0]    CIS_bit
0x009C       [0]    C2INV_bit
0x009C       [0]    C2OUT_bit
0x009C       [0]    C1OUT_bit
0x009C       [0]    CM0_bit
0x009C       [1]    CMCON
0x009C       [0]    CM2_bit
0x009C       [0]    CM1_bit
0x009D       [1]    CVRCON
0x009D       [0]    CVR2_bit
0x009D       [0]    CVR3_bit
0x009D       [0]    CVR0_bit
0x009D       [0]    CVR1_bit
0x009D       [0]    CVROE_bit
0x009D       [0]    CVREN_bit
0x009D       [0]    CVRR_bit
0x009E       [1]    ADRESL
0x009F       [0]    PCFG3_bit
0x009F       [0]    PCFG2_bit
0x009F       [0]    ADFM_bit
0x009F       [0]    ADCS2_bit
0x009F       [0]    PCFG0_bit
0x009F       [0]    PCFG1_bit
0x009F       [1]    ADCON1
0x010C       [1]    EEDATA
0x010D       [1]    EEADR
0x010E       [1]    EEDATH
0x010F       [1]    EEADRH
0x018C       [0]    WREN_bit
0x018C       [0]    WR_bit
0x018C       [0]    RD_bit
0x018C       [0]    WRERR_bit
0x018C       [1]    EECON1
0x018C       [0]    EEPGD_bit
0x018D       [1]    EECON2
//** Label List: ** 
//----------------------------------------------
  L_main0
  L_main1
  L_main2
  _main
  L__main3
  L_ByteToStr0
  L_ByteToStr1
  L_ByteToStr2
  L_ByteToStr3
  L_ByteToStr4
  L_ByteToStr5
  L_WordToStr6
  L_WordToStr7
  L_WordToStr8
  L_WordToStr9
  L_WordToStr10
  L_WordToStr11
  L_WordToStrWithZeros12
  L_WordToStrWithZeros13
  L_WordToStrWithZeros14
  L_WordToStrWithZeros15
  L_WordToStrWithZeros16
  L_ShortToStr17
  L_ShortToStr18
  L_ShortToStr19
  L_ShortToStr20
  L_ShortToStr21
  L_ShortToStr22
  L_IntToStr23
  L_IntToStr24
  L_IntToStr25
  L_IntToStr26
  L_IntToStr27
  L_IntToStr28
  L_IntToStrWithZeros29
  L_IntToStrWithZeros30
  L_IntToStrWithZeros31
  L_IntToStrWithZeros32
  L_IntToStrWithZeros33
  L_IntToStrWithZeros34
  L_IntToStrWithZeros35
  L_IntToStrWithZeros36
  L_LongWordToStr37
  L_LongWordToStr38
  L_LongWordToStr39
  L_LongWordToStr40
  L_LongWordToStr41
  L_LongWordToStr42
  L_LongWordToStrWithZeros43
  L_LongWordToStrWithZeros44
  L_LongWordToStrWithZeros45
  L_LongWordToStrWithZeros46
  L_LongWordToStrWithZeros47
  L_LongToStr48
  L_LongToStr49
  L_LongToStr50
  L_LongToStr51
  L_LongToStr52
  L_LongToStr53
  L_LongIntToStrWithZeros54
  L_LongIntToStrWithZeros55
  L_LongIntToStrWithZeros56
  L_LongIntToStrWithZeros57
  L_LongIntToStrWithZeros58
  L_LongIntToStrWithZeros59
  L_LongIntToStrWithZeros60
  L_LongIntToStrWithZeros61
  L_Dec2Bcd62
  L_Dec2Bcd63
  L_Rtrim64
  L_Rtrim65
  L_Ltrim66
  L_Ltrim67
  L_Ltrim68
  L_Ltrim69
  L_Ltrim70
  L_Ltrim71
  L_FloatToStr72
  L_FloatToStr73
  L_FloatToStr74
  L_FloatToStr75
  L_FloatToStr76
  L_FloatToStr77
  L_FloatToStr78
  L_FloatToStr79
  L_FloatToStr80
  L_FloatToStr81
  L_FloatToStr82
  L_FloatToStr83
  L_FloatToStr84
  L_FloatToStr85
  L_FloatToStr86
  L_FloatToStr87
  L_FloatToStr88
  L_FloatToStr89
  L_FloatToStr90
  L_FloatToStr91
  L_FloatToStr92
  L_FloatToStr93
  L__Ltrim94
  L__FloatToStr95
  _ByteToHex
  _ShortToHex
  _WordToHex
  _IntToHex
  _LongWordToHex
  _LongIntToHex
  _ByteToStr
  _WordToStr
  L__WordToStr96
  _WordToStrWithZeros
  L__WordToStrWithZeros97
  _ShortToStr
  L__ShortToStr98
  _IntToStr
  L__IntToStr99
  L__IntToStr100
  _IntToStrWithZeros
  L__IntToStrWithZeros101
  L__IntToStrWithZeros102
  L__IntToStrWithZeros103
  _LongWordToStr
  L__LongWordToStr104
  L__LongWordToStr105
  _LongWordToStrWithZeros
  L__LongWordToStrWithZeros106
  _LongToStr
  L__LongToStr107
  L__LongToStr108
  _LongIntToStrWithZeros
  L__LongIntToStrWithZeros109
  L__LongIntToStrWithZeros110
  L__LongIntToStrWithZeros111
  _Dec2Bcd
  _Bcd2Dec
  _Bcd2Dec16
  L__Bcd2Dec16112
  L__Bcd2Dec16113
  _Dec2Bcd16
  L__Dec2Bcd16114
  L__Dec2Bcd16115
  _Rtrim
  _Ltrim
  _FloatToStr
  L__FloatToStr116
  L__FloatToStr117
  L__FloatToStr118
  L__FloatToStr119
  L__FloatToStr120
  L_Delay_10us0
  L_Delay_22us1
  L_Delay_50us2
  L_Delay_80us3
  L_Delay_500us4
  L_Delay_5500us5
  L_Delay_1ms6
  L_Delay_5ms7
  L_Delay_8ms8
  L_Delay_100ms9
  L_Delay_1sec10
  L_boot16_Delay_5ms11
  L_Delay_Cyc12
  L_Delay_Cyc13
  L_VDelay_ms14
  L_VDelay_ms15
  L_VDelay_ms16
  L_VDelay_Advanced_ms17
  L_VDelay_Advanced_ms18
  L_VDelay_Advanced_ms19
  _Get_Fosc_kHz
  _Delay_1us
  _Delay_10us
  _Delay_22us
  _Delay_50us
  _Delay_80us
  _Delay_500us
  _Delay_5500us
  _Delay_1ms
  _Delay_5ms
  _Delay_8ms
  _Delay_100ms
  _Delay_1sec
  _boot16_Delay_5ms
  _Delay_Cyc
  _VDelay_ms
  L__VDelay_ms20
  L__VDelay_ms21
  L__VDelay_ms22
  _VDelay_Advanced_ms
  L__VDelay_Advanced_ms23
  L__VDelay_Advanced_ms24
  L__VDelay_Advanced_ms25
  L_Lcd_Cmd0
  L_Lcd_Cmd1
  L_Lcd_Out_CP2
  L_Lcd_Out_CP3
  L_Lcd_Chr4
  L_Lcd_Chr5
  L_Lcd_Chr6
  L_Lcd_Chr7
  L_Lcd_Chr8
  L_Lcd_Chr9
  L_Lcd_Chr10
  L_Lcd_Out11
  L_Lcd_Out12
  L_Lcd_Out13
  L_Lcd_Out14
  L_Lcd_Out15
  L_Lcd_Out16
  L_Lcd_Out17
  L_Lcd_Out18
  L_Lcd_Out19
  _Lcd_Cmd
  L__Lcd_Cmd20
  L__Lcd_Cmd21
  L__Lcd_Cmd22
  L__Lcd_Cmd23
  L__Lcd_Cmd24
  L__Lcd_Cmd25
  L__Lcd_Cmd26
  L__Lcd_Cmd27
  L__Lcd_Cmd28
  L__Lcd_Cmd29
  L__Lcd_Cmd30
  L__Lcd_Cmd31
  L__Lcd_Cmd32
  L__Lcd_Cmd33
  L__Lcd_Cmd34
  L__Lcd_Cmd35
  L__Lcd_Cmd36
  L__Lcd_Cmd37
  L__Lcd_Cmd38
  L__Lcd_Cmd39
  _Lcd_Chr_CP
  _Lcd_Out_CP
  _Lcd_Chr
  _Lcd_Init
  _Lcd_Out
  L_Div_16x16_S0
  L_Div_16x16_S1
  LOOPS3232A
  SADD22LA
  SOK22LA
  SADD22L8
  SOK22L8
  LOOPS3232B
  SADD22LB
  SOK22LB
  SADD22L16
  SOK22L16
  LOOPS3232C
  SADD22LC
  SOK22LC
  SADD22L24
  SOK22L24
  LOOPS3232D
  SADD22LD
  SOK22LD
  SOK22L
  L_Div_32x32_S6
  L_Div_32x32_S7
  L_Div_32x32_S8
  L_Div_32x32_S9
  FXD3232S
  END_ALL
  CA3232S
  C3232SX
  C3232SX1
  C3232S
  C3232S2
  C3232SX4
  C3232SOK
  C3232SX3
  C3232SX2
  avoid_comfrem
  LOOPU3232A
  UADD22LA
  UOK22LA
  UADD22L8
  UOK22L8
  LOOPU3232B
  UADD22LB
  UOK22LB
  UADD22L16
  UOK22L16
  LOOPU3232C
  UADD22LC
  UOK22LC
  UADD22L24
  UOK22L24
  LOOPU3232D
  UADD22LD
  UOK22LD
  UOK22L
  _NEXT
  _EXIT2
  _LOOP
  _EXIT1
  _IF_FIRST
  _IF_SECOND
  _INVERCE_FIRST
  _MULT
  _INBERSE_SECOND
  _EXIT
  _Mul_8x8_U
  _Mul_16x16_U
  _Div_8x8_U
  _Div_16x16_U
  _Mul_8x8_S
  _Mul_16x16_S
  _Div_16x16_S_L
  _Div_16x16_S
  _Div_8x8_S
  _SDIV3232L
  _COMFREM
  _Div_32x32_S
  _Div_32x32_U
  _Mul_32x32_U
  _Mul_32x32_S
  _CC2D_Loop1
  _____DoICP
  _____DoIFC
  ___CC2DW
  _Swap
