;  LST file generated by mikroListExporter - v.2.0 
; Date/Time: 19/09/2020 13:00:12
;----------------------------------------------

;Address Opcode 	ASM
0x0000	0x2C07      	GOTO       1031
_interrupt:
0x0004	0x00FF      	MOVWF      R15
0x0005	0x0E03      	SWAPF      STATUS, 0
0x0006	0x0183      	CLRF       STATUS
0x0007	0x00B3      	MOVWF      ___saveSTATUS
0x0008	0x080A      	MOVF       PCLATH, 0
0x0009	0x00B4      	MOVWF      ___savePCLATH
0x000A	0x018A      	CLRF       PCLATH
0x000B	0x0870      	MOVF       R0, 0
0x000C	0x00A1      	MOVWF      33
;TermometroV1.c,50 :: 		void interrupt(){
;TermometroV1.c,52 :: 		if(TMR0IF_bit){
0x000D	0x1D0B      	BTFSS      TMR0IF_bit, 2
0x000E	0x2830      	GOTO       L_interrupt0
;TermometroV1.c,54 :: 		TMR0IF_bit = 0x00;                   // Limpa flag de interrupção do timer0
0x000F	0x110B      	BCF        TMR0IF_bit, 2
;TermometroV1.c,55 :: 		TMR0 = 0xB2;                         // Reinicia valor de TMR0
0x0010	0x30B2      	MOVLW      178
0x0011	0x0081      	MOVWF      TMR0
;TermometroV1.c,59 :: 		if(!disp1 && control == 0x00){                        // Liga display 1, das dezenas
0x0012	0x1986      	BTFSC      RB3_bit, 3
0x0013	0x2822      	GOTO       L_interrupt3
0x0014	0x0824      	MOVF       _control, 0
0x0015	0x3A00      	XORLW      0
0x0016	0x1D03      	BTFSS      STATUS, 2
0x0017	0x2822      	GOTO       L_interrupt3
L__interrupt31:
;TermometroV1.c,61 :: 		disp2 = 0x00;                      // Desliga display 2
0x0018	0x1086      	BCF        RB1_bit, 1
;TermometroV1.c,62 :: 		PORTB = 0x00;                      // Limpa PORTB
0x0019	0x0186      	CLRF       PORTB
;TermometroV1.c,63 :: 		PORTC = 0x00;                      // Limpa PORTC
0x001A	0x0187      	CLRF       PORTC
;TermometroV1.c,64 :: 		disp1 = 0x01;                      // Liga display 1
0x001B	0x1586      	BSF        RB3_bit, 3
;TermometroV1.c,65 :: 		display(dezena);                   // Envia número a ser exibido no display
0x001C	0x0822      	MOVF       _dezena, 0
0x001D	0x00B6      	MOVWF      FARG_display_n
0x001E	0x2389      	CALL       _display
;TermometroV1.c,66 :: 		control = 0x01;                    // Seta variável de controle
0x001F	0x3001      	MOVLW      1
0x0020	0x00A4      	MOVWF      _control
;TermometroV1.c,68 :: 		} // end if
0x0021	0x2830      	GOTO       L_interrupt4
L_interrupt3:
;TermometroV1.c,69 :: 		else if(!disp2 && control == 0x01){
0x0022	0x1886      	BTFSC      RB1_bit, 1
0x0023	0x2830      	GOTO       L_interrupt7
0x0024	0x0824      	MOVF       _control, 0
0x0025	0x3A01      	XORLW      1
0x0026	0x1D03      	BTFSS      STATUS, 2
0x0027	0x2830      	GOTO       L_interrupt7
L__interrupt30:
;TermometroV1.c,71 :: 		disp1 = 0x00;                      // Desliga display 1
0x0028	0x1186      	BCF        RB3_bit, 3
;TermometroV1.c,72 :: 		PORTB = 0x00;                      // Limpa PORTB
0x0029	0x0186      	CLRF       PORTB
;TermometroV1.c,73 :: 		PORTC = 0x00;                      // Limpa PORTC
0x002A	0x0187      	CLRF       PORTC
;TermometroV1.c,74 :: 		disp2 = 0x01;                      // Liga display 2
0x002B	0x1486      	BSF        RB1_bit, 1
;TermometroV1.c,75 :: 		display(unidade);                  // Envia número a ser exibido no display
0x002C	0x0823      	MOVF       _unidade, 0
0x002D	0x00B6      	MOVWF      FARG_display_n
0x002E	0x2389      	CALL       _display
;TermometroV1.c,76 :: 		control = 0x00;                       // Limpa variável de controle
0x002F	0x01A4      	CLRF       _control
;TermometroV1.c,78 :: 		} // end if
L_interrupt7:
L_interrupt4:
;TermometroV1.c,80 :: 		} // end if TMR0IF_bit
L_interrupt0:
;TermometroV1.c,82 :: 		} // end void interrupt
L__interrupt33:
0x0030	0x0821      	MOVF       33, 0
0x0031	0x00F0      	MOVWF      R0
0x0032	0x0834      	MOVF       ___savePCLATH, 0
0x0033	0x008A      	MOVWF      PCLATH
0x0034	0x0E33      	SWAPF      ___saveSTATUS, 0
0x0035	0x0083      	MOVWF      STATUS
0x0036	0x0EFF      	SWAPF      R15, 1
0x0037	0x0E7F      	SWAPF      R15, 0
0x0038	0x0009      	RETFIE
; end of _interrupt
_COMFREM:
;__Lib_Math.c,1063 :: 		
;__Lib_Math.c,1067 :: 		
0x0039	0x09FB      	COMF       R11, 1
;__Lib_Math.c,1068 :: 		
0x003A	0x09FA      	COMF       R10, 1
;__Lib_Math.c,1069 :: 		
0x003B	0x09F9      	COMF       R9, 1
;__Lib_Math.c,1070 :: 		
0x003C	0x09F8      	COMF       R8, 1
;__Lib_Math.c,1071 :: 		
0x003D	0x0AF8      	INCF       R8, 1
;__Lib_Math.c,1072 :: 		
0x003E	0x1903      	BTFSC      STATUS, 2
;__Lib_Math.c,1073 :: 		
0x003F	0x0AF9      	INCF       R9, 1
;__Lib_Math.c,1074 :: 		
0x0040	0x1903      	BTFSC      STATUS, 2
;__Lib_Math.c,1075 :: 		
0x0041	0x0AFA      	INCF       R10, 1
;__Lib_Math.c,1076 :: 		
0x0042	0x1903      	BTFSC      STATUS, 2
;__Lib_Math.c,1077 :: 		
0x0043	0x0AFB      	INCF       R11, 1
;__Lib_Math.c,1079 :: 		
0x0044	0x0008      	RETURN
; end of _COMFREM
_SDIV3232L:
;__Lib_Math.c,694 :: 		
;__Lib_Math.c,703 :: 		
0x0045	0x0874      	MOVF       R4, 0
;__Lib_Math.c,704 :: 		
0x0046	0x02F8      	SUBWF      R8, 1
;__Lib_Math.c,705 :: 		
0x0047	0x0875      	MOVF       R5, 0
;__Lib_Math.c,706 :: 		
0x0048	0x1C03      	BTFSS      STATUS, 0
;__Lib_Math.c,707 :: 		
0x0049	0x0F75      	INCFSZ     R5, 0
;__Lib_Math.c,708 :: 		
0x004A	0x02F9      	SUBWF      R9, 1
;__Lib_Math.c,709 :: 		
0x004B	0x0876      	MOVF       R6, 0
;__Lib_Math.c,710 :: 		
0x004C	0x1C03      	BTFSS      STATUS, 0
;__Lib_Math.c,711 :: 		
0x004D	0x0F76      	INCFSZ     R6, 0
;__Lib_Math.c,712 :: 		
0x004E	0x02FA      	SUBWF      R10, 1
;__Lib_Math.c,713 :: 		
0x004F	0x0877      	MOVF       R7, 0
;__Lib_Math.c,714 :: 		
0x0050	0x1C03      	BTFSS      STATUS, 0
;__Lib_Math.c,715 :: 		
0x0051	0x0F77      	INCFSZ     R7, 0
;__Lib_Math.c,716 :: 		
0x0052	0x02FB      	SUBWF      R11, 1
;__Lib_Math.c,717 :: 		
0x0053	0x0DF3      	RLF        R3, 1
;__Lib_Math.c,719 :: 		
0x0054	0x3007      	MOVLW      7
;__Lib_Math.c,720 :: 		
0x0055	0x00FC      	MOVWF      R12
;__Lib_Math.c,722 :: 		
LOOPS3232A:
;__Lib_Math.c,723 :: 		
0x0056	0x0D73      	RLF        R3, 0
;__Lib_Math.c,724 :: 		
0x0057	0x0DF8      	RLF        R8, 1
;__Lib_Math.c,725 :: 		
0x0058	0x0DF9      	RLF        R9, 1
;__Lib_Math.c,726 :: 		
0x0059	0x0DFA      	RLF        R10, 1
;__Lib_Math.c,727 :: 		
0x005A	0x0DFB      	RLF        R11, 1
;__Lib_Math.c,728 :: 		
0x005B	0x0874      	MOVF       R4, 0
;__Lib_Math.c,729 :: 		
0x005C	0x1C73      	BTFSS      R3, 0
;__Lib_Math.c,730 :: 		
0x005D	0x286C      	GOTO       SADD22LA
;__Lib_Math.c,732 :: 		
0x005E	0x02F8      	SUBWF      R8, 1
;__Lib_Math.c,733 :: 		
0x005F	0x0875      	MOVF       R5, 0
;__Lib_Math.c,734 :: 		
0x0060	0x1C03      	BTFSS      STATUS, 0
;__Lib_Math.c,735 :: 		
0x0061	0x0F75      	INCFSZ     R5, 0
;__Lib_Math.c,736 :: 		
0x0062	0x02F9      	SUBWF      R9, 1
;__Lib_Math.c,737 :: 		
0x0063	0x0876      	MOVF       R6, 0
;__Lib_Math.c,738 :: 		
0x0064	0x1C03      	BTFSS      STATUS, 0
;__Lib_Math.c,739 :: 		
0x0065	0x0F76      	INCFSZ     R6, 0
;__Lib_Math.c,740 :: 		
0x0066	0x02FA      	SUBWF      R10, 1
;__Lib_Math.c,741 :: 		
0x0067	0x0877      	MOVF       R7, 0
;__Lib_Math.c,742 :: 		
0x0068	0x1C03      	BTFSS      STATUS, 0
;__Lib_Math.c,743 :: 		
0x0069	0x0F77      	INCFSZ     R7, 0
;__Lib_Math.c,744 :: 		
0x006A	0x02FB      	SUBWF      R11, 1
;__Lib_Math.c,745 :: 		
0x006B	0x2879      	GOTO       SOK22LA
;__Lib_Math.c,747 :: 		
SADD22LA:
;__Lib_Math.c,748 :: 		
0x006C	0x07F8      	ADDWF      R8, 1
;__Lib_Math.c,749 :: 		
0x006D	0x0875      	MOVF       R5, 0
;__Lib_Math.c,750 :: 		
0x006E	0x1803      	BTFSC      STATUS, 0
;__Lib_Math.c,751 :: 		
0x006F	0x0F75      	INCFSZ     R5, 0
;__Lib_Math.c,752 :: 		
0x0070	0x07F9      	ADDWF      R9, 1
;__Lib_Math.c,753 :: 		
0x0071	0x0876      	MOVF       R6, 0
;__Lib_Math.c,754 :: 		
0x0072	0x1803      	BTFSC      STATUS, 0
;__Lib_Math.c,755 :: 		
0x0073	0x0F76      	INCFSZ     R6, 0
;__Lib_Math.c,756 :: 		
0x0074	0x07FA      	ADDWF      R10, 1
;__Lib_Math.c,757 :: 		
0x0075	0x0877      	MOVF       R7, 0
;__Lib_Math.c,758 :: 		
0x0076	0x1803      	BTFSC      STATUS, 0
;__Lib_Math.c,759 :: 		
0x0077	0x0F77      	INCFSZ     R7, 0
;__Lib_Math.c,760 :: 		
0x0078	0x07FB      	ADDWF      R11, 1
;__Lib_Math.c,762 :: 		
SOK22LA:
;__Lib_Math.c,763 :: 		
0x0079	0x0DF3      	RLF        R3, 1
;__Lib_Math.c,765 :: 		
0x007A	0x0BFC      	DECFSZ     R12, 1
;__Lib_Math.c,766 :: 		
0x007B	0x2856      	GOTO       LOOPS3232A
;__Lib_Math.c,768 :: 		
0x007C	0x0D72      	RLF        R2, 0
;__Lib_Math.c,769 :: 		
0x007D	0x0DF8      	RLF        R8, 1
;__Lib_Math.c,770 :: 		
0x007E	0x0DF9      	RLF        R9, 1
;__Lib_Math.c,771 :: 		
0x007F	0x0DFA      	RLF        R10, 1
;__Lib_Math.c,772 :: 		
0x0080	0x0DFB      	RLF        R11, 1
;__Lib_Math.c,773 :: 		
0x0081	0x0874      	MOVF       R4, 0
;__Lib_Math.c,774 :: 		
0x0082	0x1C73      	BTFSS      R3, 0
;__Lib_Math.c,775 :: 		
0x0083	0x2892      	GOTO       SADD22L8
;__Lib_Math.c,777 :: 		
0x0084	0x02F8      	SUBWF      R8, 1
;__Lib_Math.c,778 :: 		
0x0085	0x0875      	MOVF       R5, 0
;__Lib_Math.c,779 :: 		
0x0086	0x1C03      	BTFSS      STATUS, 0
;__Lib_Math.c,780 :: 		
0x0087	0x0F75      	INCFSZ     R5, 0
;__Lib_Math.c,781 :: 		
0x0088	0x02F9      	SUBWF      R9, 1
;__Lib_Math.c,782 :: 		
0x0089	0x0876      	MOVF       R6, 0
;__Lib_Math.c,783 :: 		
0x008A	0x1C03      	BTFSS      STATUS, 0
;__Lib_Math.c,784 :: 		
0x008B	0x0F76      	INCFSZ     R6, 0
;__Lib_Math.c,785 :: 		
0x008C	0x02FA      	SUBWF      R10, 1
;__Lib_Math.c,786 :: 		
0x008D	0x0877      	MOVF       R7, 0
;__Lib_Math.c,787 :: 		
0x008E	0x1C03      	BTFSS      STATUS, 0
;__Lib_Math.c,788 :: 		
0x008F	0x0F77      	INCFSZ     R7, 0
;__Lib_Math.c,789 :: 		
0x0090	0x02FB      	SUBWF      R11, 1
;__Lib_Math.c,790 :: 		
0x0091	0x289F      	GOTO       SOK22L8
;__Lib_Math.c,792 :: 		
SADD22L8:
;__Lib_Math.c,793 :: 		
0x0092	0x07F8      	ADDWF      R8, 1
;__Lib_Math.c,794 :: 		
0x0093	0x0875      	MOVF       R5, 0
;__Lib_Math.c,795 :: 		
0x0094	0x1803      	BTFSC      STATUS, 0
;__Lib_Math.c,796 :: 		
0x0095	0x0F75      	INCFSZ     R5, 0
;__Lib_Math.c,797 :: 		
0x0096	0x07F9      	ADDWF      R9, 1
;__Lib_Math.c,798 :: 		
0x0097	0x0876      	MOVF       R6, 0
;__Lib_Math.c,799 :: 		
0x0098	0x1803      	BTFSC      STATUS, 0
;__Lib_Math.c,800 :: 		
0x0099	0x0F76      	INCFSZ     R6, 0
;__Lib_Math.c,801 :: 		
0x009A	0x07FA      	ADDWF      R10, 1
;__Lib_Math.c,802 :: 		
0x009B	0x0877      	MOVF       R7, 0
;__Lib_Math.c,803 :: 		
0x009C	0x1803      	BTFSC      STATUS, 0
;__Lib_Math.c,804 :: 		
0x009D	0x0F77      	INCFSZ     R7, 0
;__Lib_Math.c,805 :: 		
0x009E	0x07FB      	ADDWF      R11, 1
;__Lib_Math.c,807 :: 		
SOK22L8:
;__Lib_Math.c,808 :: 		
0x009F	0x0DF2      	RLF        R2, 1
;__Lib_Math.c,810 :: 		
0x00A0	0x3007      	MOVLW      7
;__Lib_Math.c,811 :: 		
0x00A1	0x00FC      	MOVWF      R12
;__Lib_Math.c,813 :: 		
LOOPS3232B:
;__Lib_Math.c,814 :: 		
0x00A2	0x0D72      	RLF        R2, 0
;__Lib_Math.c,815 :: 		
0x00A3	0x0DF8      	RLF        R8, 1
;__Lib_Math.c,816 :: 		
0x00A4	0x0DF9      	RLF        R9, 1
;__Lib_Math.c,817 :: 		
0x00A5	0x0DFA      	RLF        R10, 1
;__Lib_Math.c,818 :: 		
0x00A6	0x0DFB      	RLF        R11, 1
;__Lib_Math.c,819 :: 		
0x00A7	0x0874      	MOVF       R4, 0
;__Lib_Math.c,820 :: 		
0x00A8	0x1C72      	BTFSS      R2, 0
;__Lib_Math.c,821 :: 		
0x00A9	0x28B8      	GOTO       SADD22LB
;__Lib_Math.c,823 :: 		
0x00AA	0x02F8      	SUBWF      R8, 1
;__Lib_Math.c,824 :: 		
0x00AB	0x0875      	MOVF       R5, 0
;__Lib_Math.c,825 :: 		
0x00AC	0x1C03      	BTFSS      STATUS, 0
;__Lib_Math.c,826 :: 		
0x00AD	0x0F75      	INCFSZ     R5, 0
;__Lib_Math.c,827 :: 		
0x00AE	0x02F9      	SUBWF      R9, 1
;__Lib_Math.c,828 :: 		
0x00AF	0x0876      	MOVF       R6, 0
;__Lib_Math.c,829 :: 		
0x00B0	0x1C03      	BTFSS      STATUS, 0
;__Lib_Math.c,830 :: 		
0x00B1	0x0F76      	INCFSZ     R6, 0
;__Lib_Math.c,831 :: 		
0x00B2	0x02FA      	SUBWF      R10, 1
;__Lib_Math.c,832 :: 		
0x00B3	0x0877      	MOVF       R7, 0
;__Lib_Math.c,833 :: 		
0x00B4	0x1C03      	BTFSS      STATUS, 0
;__Lib_Math.c,834 :: 		
0x00B5	0x0F77      	INCFSZ     R7, 0
;__Lib_Math.c,835 :: 		
0x00B6	0x02FB      	SUBWF      R11, 1
;__Lib_Math.c,836 :: 		
0x00B7	0x28C5      	GOTO       SOK22LB
;__Lib_Math.c,838 :: 		
SADD22LB:
;__Lib_Math.c,839 :: 		
0x00B8	0x07F8      	ADDWF      R8, 1
;__Lib_Math.c,840 :: 		
0x00B9	0x0875      	MOVF       R5, 0
;__Lib_Math.c,841 :: 		
0x00BA	0x1803      	BTFSC      STATUS, 0
;__Lib_Math.c,842 :: 		
0x00BB	0x0F75      	INCFSZ     R5, 0
;__Lib_Math.c,843 :: 		
0x00BC	0x07F9      	ADDWF      R9, 1
;__Lib_Math.c,844 :: 		
0x00BD	0x0876      	MOVF       R6, 0
;__Lib_Math.c,845 :: 		
0x00BE	0x1803      	BTFSC      STATUS, 0
;__Lib_Math.c,846 :: 		
0x00BF	0x0F76      	INCFSZ     R6, 0
;__Lib_Math.c,847 :: 		
0x00C0	0x07FA      	ADDWF      R10, 1
;__Lib_Math.c,848 :: 		
0x00C1	0x0877      	MOVF       R7, 0
;__Lib_Math.c,849 :: 		
0x00C2	0x1803      	BTFSC      STATUS, 0
;__Lib_Math.c,850 :: 		
0x00C3	0x0F77      	INCFSZ     R7, 0
;__Lib_Math.c,851 :: 		
0x00C4	0x07FB      	ADDWF      R11, 1
;__Lib_Math.c,853 :: 		
SOK22LB:
;__Lib_Math.c,854 :: 		
0x00C5	0x0DF2      	RLF        R2, 1
;__Lib_Math.c,856 :: 		
0x00C6	0x0BFC      	DECFSZ     R12, 1
;__Lib_Math.c,857 :: 		
0x00C7	0x28A2      	GOTO       LOOPS3232B
;__Lib_Math.c,859 :: 		
0x00C8	0x0D71      	RLF        R1, 0
;__Lib_Math.c,860 :: 		
0x00C9	0x0DF8      	RLF        R8, 1
;__Lib_Math.c,861 :: 		
0x00CA	0x0DF9      	RLF        R9, 1
;__Lib_Math.c,862 :: 		
0x00CB	0x0DFA      	RLF        R10, 1
;__Lib_Math.c,863 :: 		
0x00CC	0x0DFB      	RLF        R11, 1
;__Lib_Math.c,864 :: 		
0x00CD	0x0874      	MOVF       R4, 0
;__Lib_Math.c,865 :: 		
0x00CE	0x1C72      	BTFSS      R2, 0
;__Lib_Math.c,866 :: 		
0x00CF	0x28DE      	GOTO       SADD22L16
;__Lib_Math.c,868 :: 		
0x00D0	0x02F8      	SUBWF      R8, 1
;__Lib_Math.c,869 :: 		
0x00D1	0x0875      	MOVF       R5, 0
;__Lib_Math.c,870 :: 		
0x00D2	0x1C03      	BTFSS      STATUS, 0
;__Lib_Math.c,871 :: 		
0x00D3	0x0F75      	INCFSZ     R5, 0
;__Lib_Math.c,872 :: 		
0x00D4	0x02F9      	SUBWF      R9, 1
;__Lib_Math.c,873 :: 		
0x00D5	0x0876      	MOVF       R6, 0
;__Lib_Math.c,874 :: 		
0x00D6	0x1C03      	BTFSS      STATUS, 0
;__Lib_Math.c,875 :: 		
0x00D7	0x0F76      	INCFSZ     R6, 0
;__Lib_Math.c,876 :: 		
0x00D8	0x02FA      	SUBWF      R10, 1
;__Lib_Math.c,877 :: 		
0x00D9	0x0877      	MOVF       R7, 0
;__Lib_Math.c,878 :: 		
0x00DA	0x1C03      	BTFSS      STATUS, 0
;__Lib_Math.c,879 :: 		
0x00DB	0x0F77      	INCFSZ     R7, 0
;__Lib_Math.c,880 :: 		
0x00DC	0x02FB      	SUBWF      R11, 1
;__Lib_Math.c,881 :: 		
0x00DD	0x28EB      	GOTO       SOK22L16
;__Lib_Math.c,883 :: 		
SADD22L16:
;__Lib_Math.c,884 :: 		
0x00DE	0x07F8      	ADDWF      R8, 1
;__Lib_Math.c,885 :: 		
0x00DF	0x0875      	MOVF       R5, 0
;__Lib_Math.c,886 :: 		
0x00E0	0x1803      	BTFSC      STATUS, 0
;__Lib_Math.c,887 :: 		
0x00E1	0x0F75      	INCFSZ     R5, 0
;__Lib_Math.c,888 :: 		
0x00E2	0x07F9      	ADDWF      R9, 1
;__Lib_Math.c,889 :: 		
0x00E3	0x0876      	MOVF       R6, 0
;__Lib_Math.c,890 :: 		
0x00E4	0x1803      	BTFSC      STATUS, 0
;__Lib_Math.c,891 :: 		
0x00E5	0x0F76      	INCFSZ     R6, 0
;__Lib_Math.c,892 :: 		
0x00E6	0x07FA      	ADDWF      R10, 1
;__Lib_Math.c,893 :: 		
0x00E7	0x0877      	MOVF       R7, 0
;__Lib_Math.c,894 :: 		
0x00E8	0x1803      	BTFSC      STATUS, 0
;__Lib_Math.c,895 :: 		
0x00E9	0x0F77      	INCFSZ     R7, 0
;__Lib_Math.c,896 :: 		
0x00EA	0x07FB      	ADDWF      R11, 1
;__Lib_Math.c,898 :: 		
SOK22L16:
;__Lib_Math.c,899 :: 		
0x00EB	0x0DF1      	RLF        R1, 1
;__Lib_Math.c,901 :: 		
0x00EC	0x3007      	MOVLW      7
;__Lib_Math.c,902 :: 		
0x00ED	0x00FC      	MOVWF      R12
;__Lib_Math.c,904 :: 		
LOOPS3232C:
;__Lib_Math.c,905 :: 		
0x00EE	0x0D71      	RLF        R1, 0
;__Lib_Math.c,906 :: 		
0x00EF	0x0DF8      	RLF        R8, 1
;__Lib_Math.c,907 :: 		
0x00F0	0x0DF9      	RLF        R9, 1
;__Lib_Math.c,908 :: 		
0x00F1	0x0DFA      	RLF        R10, 1
;__Lib_Math.c,909 :: 		
0x00F2	0x0DFB      	RLF        R11, 1
;__Lib_Math.c,910 :: 		
0x00F3	0x0874      	MOVF       R4, 0
;__Lib_Math.c,911 :: 		
0x00F4	0x1C71      	BTFSS      R1, 0
;__Lib_Math.c,912 :: 		
0x00F5	0x2904      	GOTO       SADD22LC
;__Lib_Math.c,914 :: 		
0x00F6	0x02F8      	SUBWF      R8, 1
;__Lib_Math.c,915 :: 		
0x00F7	0x0875      	MOVF       R5, 0
;__Lib_Math.c,916 :: 		
0x00F8	0x1C03      	BTFSS      STATUS, 0
;__Lib_Math.c,917 :: 		
0x00F9	0x0F75      	INCFSZ     R5, 0
;__Lib_Math.c,918 :: 		
0x00FA	0x02F9      	SUBWF      R9, 1
;__Lib_Math.c,919 :: 		
0x00FB	0x0876      	MOVF       R6, 0
;__Lib_Math.c,920 :: 		
0x00FC	0x1C03      	BTFSS      STATUS, 0
;__Lib_Math.c,921 :: 		
0x00FD	0x0F76      	INCFSZ     R6, 0
;__Lib_Math.c,922 :: 		
0x00FE	0x02FA      	SUBWF      R10, 1
;__Lib_Math.c,923 :: 		
0x00FF	0x0877      	MOVF       R7, 0
;__Lib_Math.c,924 :: 		
0x0100	0x1C03      	BTFSS      STATUS, 0
;__Lib_Math.c,925 :: 		
0x0101	0x0F77      	INCFSZ     R7, 0
;__Lib_Math.c,926 :: 		
0x0102	0x02FB      	SUBWF      R11, 1
;__Lib_Math.c,927 :: 		
0x0103	0x2911      	GOTO       SOK22LC
;__Lib_Math.c,929 :: 		
SADD22LC:
;__Lib_Math.c,930 :: 		
0x0104	0x07F8      	ADDWF      R8, 1
;__Lib_Math.c,931 :: 		
0x0105	0x0875      	MOVF       R5, 0
;__Lib_Math.c,932 :: 		
0x0106	0x1803      	BTFSC      STATUS, 0
;__Lib_Math.c,933 :: 		
0x0107	0x0F75      	INCFSZ     R5, 0
;__Lib_Math.c,934 :: 		
0x0108	0x07F9      	ADDWF      R9, 1
;__Lib_Math.c,935 :: 		
0x0109	0x0876      	MOVF       R6, 0
;__Lib_Math.c,936 :: 		
0x010A	0x1803      	BTFSC      STATUS, 0
;__Lib_Math.c,937 :: 		
0x010B	0x0F76      	INCFSZ     R6, 0
;__Lib_Math.c,938 :: 		
0x010C	0x07FA      	ADDWF      R10, 1
;__Lib_Math.c,939 :: 		
0x010D	0x0877      	MOVF       R7, 0
;__Lib_Math.c,940 :: 		
0x010E	0x1803      	BTFSC      STATUS, 0
;__Lib_Math.c,941 :: 		
0x010F	0x0F77      	INCFSZ     R7, 0
;__Lib_Math.c,942 :: 		
0x0110	0x07FB      	ADDWF      R11, 1
;__Lib_Math.c,944 :: 		
SOK22LC:
;__Lib_Math.c,945 :: 		
0x0111	0x0DF1      	RLF        R1, 1
;__Lib_Math.c,947 :: 		
0x0112	0x0BFC      	DECFSZ     R12, 1
;__Lib_Math.c,948 :: 		
0x0113	0x28EE      	GOTO       LOOPS3232C
;__Lib_Math.c,950 :: 		
0x0114	0x0D70      	RLF        R0, 0
;__Lib_Math.c,951 :: 		
0x0115	0x0DF8      	RLF        R8, 1
;__Lib_Math.c,952 :: 		
0x0116	0x0DF9      	RLF        R9, 1
;__Lib_Math.c,953 :: 		
0x0117	0x0DFA      	RLF        R10, 1
;__Lib_Math.c,954 :: 		
0x0118	0x0DFB      	RLF        R11, 1
;__Lib_Math.c,955 :: 		
0x0119	0x0874      	MOVF       R4, 0
;__Lib_Math.c,956 :: 		
0x011A	0x1C71      	BTFSS      R1, 0
;__Lib_Math.c,957 :: 		
0x011B	0x292A      	GOTO       SADD22L24
;__Lib_Math.c,959 :: 		
0x011C	0x02F8      	SUBWF      R8, 1
;__Lib_Math.c,960 :: 		
0x011D	0x0875      	MOVF       R5, 0
;__Lib_Math.c,961 :: 		
0x011E	0x1C03      	BTFSS      STATUS, 0
;__Lib_Math.c,962 :: 		
0x011F	0x0F75      	INCFSZ     R5, 0
;__Lib_Math.c,963 :: 		
0x0120	0x02F9      	SUBWF      R9, 1
;__Lib_Math.c,964 :: 		
0x0121	0x0876      	MOVF       R6, 0
;__Lib_Math.c,965 :: 		
0x0122	0x1C03      	BTFSS      STATUS, 0
;__Lib_Math.c,966 :: 		
0x0123	0x0F76      	INCFSZ     R6, 0
;__Lib_Math.c,967 :: 		
0x0124	0x02FA      	SUBWF      R10, 1
;__Lib_Math.c,968 :: 		
0x0125	0x0877      	MOVF       R7, 0
;__Lib_Math.c,969 :: 		
0x0126	0x1C03      	BTFSS      STATUS, 0
;__Lib_Math.c,970 :: 		
0x0127	0x0F77      	INCFSZ     R7, 0
;__Lib_Math.c,971 :: 		
0x0128	0x02FB      	SUBWF      R11, 1
;__Lib_Math.c,972 :: 		
0x0129	0x2937      	GOTO       SOK22L24
;__Lib_Math.c,974 :: 		
SADD22L24:
;__Lib_Math.c,975 :: 		
0x012A	0x07F8      	ADDWF      R8, 1
;__Lib_Math.c,976 :: 		
0x012B	0x0875      	MOVF       R5, 0
;__Lib_Math.c,977 :: 		
0x012C	0x1803      	BTFSC      STATUS, 0
;__Lib_Math.c,978 :: 		
0x012D	0x0F75      	INCFSZ     R5, 0
;__Lib_Math.c,979 :: 		
0x012E	0x07F9      	ADDWF      R9, 1
;__Lib_Math.c,980 :: 		
0x012F	0x0876      	MOVF       R6, 0
;__Lib_Math.c,981 :: 		
0x0130	0x1803      	BTFSC      STATUS, 0
;__Lib_Math.c,982 :: 		
0x0131	0x0F76      	INCFSZ     R6, 0
;__Lib_Math.c,983 :: 		
0x0132	0x07FA      	ADDWF      R10, 1
;__Lib_Math.c,984 :: 		
0x0133	0x0877      	MOVF       R7, 0
;__Lib_Math.c,985 :: 		
0x0134	0x1803      	BTFSC      STATUS, 0
;__Lib_Math.c,986 :: 		
0x0135	0x0F77      	INCFSZ     R7, 0
;__Lib_Math.c,987 :: 		
0x0136	0x07FB      	ADDWF      R11, 1
;__Lib_Math.c,989 :: 		
SOK22L24:
;__Lib_Math.c,990 :: 		
0x0137	0x0DF0      	RLF        R0, 1
;__Lib_Math.c,992 :: 		
0x0138	0x3007      	MOVLW      7
;__Lib_Math.c,993 :: 		
0x0139	0x00FC      	MOVWF      R12
;__Lib_Math.c,995 :: 		
LOOPS3232D:
;__Lib_Math.c,996 :: 		
0x013A	0x0D70      	RLF        R0, 0
;__Lib_Math.c,997 :: 		
0x013B	0x0DF8      	RLF        R8, 1
;__Lib_Math.c,998 :: 		
0x013C	0x0DF9      	RLF        R9, 1
;__Lib_Math.c,999 :: 		
0x013D	0x0DFA      	RLF        R10, 1
;__Lib_Math.c,1000 :: 		
0x013E	0x0DFB      	RLF        R11, 1
;__Lib_Math.c,1001 :: 		
0x013F	0x0874      	MOVF       R4, 0
;__Lib_Math.c,1002 :: 		
0x0140	0x1C70      	BTFSS      R0, 0
;__Lib_Math.c,1003 :: 		
0x0141	0x2950      	GOTO       SADD22LD
;__Lib_Math.c,1005 :: 		
0x0142	0x02F8      	SUBWF      R8, 1
;__Lib_Math.c,1006 :: 		
0x0143	0x0875      	MOVF       R5, 0
;__Lib_Math.c,1007 :: 		
0x0144	0x1C03      	BTFSS      STATUS, 0
;__Lib_Math.c,1008 :: 		
0x0145	0x0F75      	INCFSZ     R5, 0
;__Lib_Math.c,1009 :: 		
0x0146	0x02F9      	SUBWF      R9, 1
;__Lib_Math.c,1010 :: 		
0x0147	0x0876      	MOVF       R6, 0
;__Lib_Math.c,1011 :: 		
0x0148	0x1C03      	BTFSS      STATUS, 0
;__Lib_Math.c,1012 :: 		
0x0149	0x0F76      	INCFSZ     R6, 0
;__Lib_Math.c,1013 :: 		
0x014A	0x02FA      	SUBWF      R10, 1
;__Lib_Math.c,1014 :: 		
0x014B	0x0877      	MOVF       R7, 0
;__Lib_Math.c,1015 :: 		
0x014C	0x1C03      	BTFSS      STATUS, 0
;__Lib_Math.c,1016 :: 		
0x014D	0x0F77      	INCFSZ     R7, 0
;__Lib_Math.c,1017 :: 		
0x014E	0x02FB      	SUBWF      R11, 1
;__Lib_Math.c,1018 :: 		
0x014F	0x295D      	GOTO       SOK22LD
;__Lib_Math.c,1020 :: 		
SADD22LD:
;__Lib_Math.c,1021 :: 		
0x0150	0x07F8      	ADDWF      R8, 1
;__Lib_Math.c,1022 :: 		
0x0151	0x0875      	MOVF       R5, 0
;__Lib_Math.c,1023 :: 		
0x0152	0x1803      	BTFSC      STATUS, 0
;__Lib_Math.c,1024 :: 		
0x0153	0x0F75      	INCFSZ     R5, 0
;__Lib_Math.c,1025 :: 		
0x0154	0x07F9      	ADDWF      R9, 1
;__Lib_Math.c,1026 :: 		
0x0155	0x0876      	MOVF       R6, 0
;__Lib_Math.c,1027 :: 		
0x0156	0x1803      	BTFSC      STATUS, 0
;__Lib_Math.c,1028 :: 		
0x0157	0x0F76      	INCFSZ     R6, 0
;__Lib_Math.c,1029 :: 		
0x0158	0x07FA      	ADDWF      R10, 1
;__Lib_Math.c,1030 :: 		
0x0159	0x0877      	MOVF       R7, 0
;__Lib_Math.c,1031 :: 		
0x015A	0x1803      	BTFSC      STATUS, 0
;__Lib_Math.c,1033 :: 		
0x015B	0x0F77      	INCFSZ     R7, 0
;__Lib_Math.c,1034 :: 		
0x015C	0x07FB      	ADDWF      R11, 1
;__Lib_Math.c,1036 :: 		
SOK22LD:
;__Lib_Math.c,1037 :: 		
0x015D	0x0DF0      	RLF        R0, 1
;__Lib_Math.c,1039 :: 		
0x015E	0x0BFC      	DECFSZ     R12, 1
;__Lib_Math.c,1040 :: 		
0x015F	0x293A      	GOTO       LOOPS3232D
;__Lib_Math.c,1042 :: 		
0x0160	0x1870      	BTFSC      R0, 0
;__Lib_Math.c,1043 :: 		
0x0161	0x2970      	GOTO       SOK22L
;__Lib_Math.c,1044 :: 		
0x0162	0x0874      	MOVF       R4, 0
;__Lib_Math.c,1045 :: 		
0x0163	0x07F8      	ADDWF      R8, 1
;__Lib_Math.c,1046 :: 		
0x0164	0x0875      	MOVF       R5, 0
;__Lib_Math.c,1047 :: 		
0x0165	0x1803      	BTFSC      STATUS, 0
;__Lib_Math.c,1048 :: 		
0x0166	0x0F75      	INCFSZ     R5, 0
;__Lib_Math.c,1049 :: 		
0x0167	0x07F9      	ADDWF      R9, 1
;__Lib_Math.c,1050 :: 		
0x0168	0x0876      	MOVF       R6, 0
;__Lib_Math.c,1051 :: 		
0x0169	0x1803      	BTFSC      STATUS, 0
;__Lib_Math.c,1052 :: 		
0x016A	0x0F76      	INCFSZ     R6, 0
;__Lib_Math.c,1053 :: 		
0x016B	0x07FA      	ADDWF      R10, 1
;__Lib_Math.c,1054 :: 		
0x016C	0x0877      	MOVF       R7, 0
;__Lib_Math.c,1055 :: 		
0x016D	0x1803      	BTFSC      STATUS, 0
;__Lib_Math.c,1056 :: 		
0x016E	0x0F77      	INCFSZ     R7, 0
;__Lib_Math.c,1057 :: 		
0x016F	0x07FB      	ADDWF      R11, 1
;__Lib_Math.c,1058 :: 		
SOK22L:
;__Lib_Math.c,1061 :: 		
0x0170	0x0008      	RETURN
; end of _SDIV3232L
_Delay_22us:
;__Lib_Delays.c,15 :: 		void Delay_22us() {
;__Lib_Delays.c,16 :: 		Delay_us(22);
0x0171	0x3007      	MOVLW      7
0x0172	0x1283      	BCF        STATUS, 5
0x0173	0x1303      	BCF        STATUS, 6
0x0174	0x00FD      	MOVWF      R13
L_Delay_22us1:
0x0175	0x0BFD      	DECFSZ     R13, 1
0x0176	0x2975      	GOTO       L_Delay_22us1
;__Lib_Delays.c,17 :: 		}
0x0177	0x0008      	RETURN
; end of _Delay_22us
_____DoICP:
;__Lib_System.c,6 :: 		
;__Lib_System.c,9 :: 		
0x0178	0x1283      	BCF        STATUS, 5
0x0179	0x1303      	BCF        STATUS, 6
0x017A	0x0832      	MOVF       ___DoICPAddr+1, 0
0x017B	0x008A      	MOVWF      PCLATH
;__Lib_System.c,10 :: 		
0x017C	0x0831      	MOVF       ___DoICPAddr, 0
0x017D	0x0082      	MOVWF      PCL
;__Lib_System.c,12 :: 		
0x017E	0x0008      	RETURN
; end of _____DoICP
_ADC_Read:
;__Lib_ADC_A_C.c,45 :: 		
;__Lib_ADC_A_C.c,47 :: 		
0x017F	0x1283      	BCF        STATUS, 5
0x0180	0x1303      	BCF        STATUS, 6
0x0181	0x019F      	CLRF       ADCON0
;__Lib_ADC_A_C.c,48 :: 		
0x0182	0x30C0      	MOVLW      192
0x0183	0x049F      	IORWF      ADCON0, 1
;__Lib_ADC_A_C.c,49 :: 		
0x0184	0x1683      	BSF        STATUS, 5
0x0185	0x171F      	BSF        ADCON1, 6
;__Lib_ADC_A_C.c,50 :: 		
0x0186	0x179F      	BSF        ADCON1, 7
;__Lib_ADC_A_C.c,51 :: 		
0x0187	0x1283      	BCF        STATUS, 5
0x0188	0x0835      	MOVF       FARG_ADC_Read_channel, 0
0x0189	0x00F0      	MOVWF      R0
0x018A	0x0DF0      	RLF        R0, 1
0x018B	0x1070      	BCF        R0, 0
0x018C	0x0DF0      	RLF        R0, 1
0x018D	0x1070      	BCF        R0, 0
0x018E	0x0DF0      	RLF        R0, 1
0x018F	0x1070      	BCF        R0, 0
0x0190	0x0870      	MOVF       R0, 0
0x0191	0x049F      	IORWF      ADCON0, 1
;__Lib_ADC_A_C.c,54 :: 		
0x0192	0x141F      	BSF        ADCON0, 0
;__Lib_ADC_A_C.c,57 :: 		
0x0193	0x2171      	CALL       _Delay_22us
;__Lib_ADC_A_C.c,60 :: 		
0x0194	0x151F      	BSF        ADCON0, 2
;__Lib_ADC_A_C.c,63 :: 		
L_ADC_Read2:
0x0195	0x1D1F      	BTFSS      ADCON0, 2
0x0196	0x2999      	GOTO       L_ADC_Read3
;__Lib_ADC_A_C.c,64 :: 		
0x0197	0x0000      	NOP
0x0198	0x2995      	GOTO       L_ADC_Read2
L_ADC_Read3:
;__Lib_ADC_A_C.c,67 :: 		
0x0199	0x101F      	BCF        ADCON0, 0
;__Lib_ADC_A_C.c,70 :: 		
0x019A	0x081E      	MOVF       ADRESH, 0
0x019B	0x00F1      	MOVWF      R0+1
0x019C	0x01F0      	CLRF       R0
0x019D	0x1683      	BSF        STATUS, 5
0x019E	0x081E      	MOVF       ADRESL, 0
0x019F	0x04F0      	IORWF      R0, 1
0x01A0	0x3000      	MOVLW      0
0x01A1	0x04F1      	IORWF      R0+1, 1
;__Lib_ADC_A_C.c,71 :: 		
0x01A2	0x0008      	RETURN
; end of _ADC_Read
_Mul_32x32_U:
;__Lib_Math.c,1771 :: 		
;__Lib_Math.c,1786 :: 		
0x01A3	0x1283      	BCF        STATUS, 5
;__Lib_Math.c,1787 :: 		
0x01A4	0x1303      	BCF        STATUS, 6
;__Lib_Math.c,1788 :: 		
0x01A5	0x3022      	MOVLW      34
;__Lib_Math.c,1789 :: 		
0x01A6	0x00FC      	MOVWF      R12
;__Lib_Math.c,1790 :: 		
0x01A7	0x01F8      	CLRF       R8
;__Lib_Math.c,1791 :: 		
0x01A8	0x01F9      	CLRF       R9
;__Lib_Math.c,1792 :: 		
0x01A9	0x01FA      	CLRF       R10
;__Lib_Math.c,1793 :: 		
0x01AA	0x01FB      	CLRF       R11
;__Lib_Math.c,1795 :: 		
_NEXT:
;__Lib_Math.c,1799 :: 		
0x01AB	0x03FC      	DECF       R12, 1
;__Lib_Math.c,1800 :: 		
0x01AC	0x1903      	BTFSC      STATUS, 2
;__Lib_Math.c,1801 :: 		
0x01AD	0x29D9      	GOTO       _EXIT2
;__Lib_Math.c,1802 :: 		
0x01AE	0x1003      	BCF        STATUS, 0
;__Lib_Math.c,1804 :: 		
_LOOP:
;__Lib_Math.c,1813 :: 		
0x01AF	0x0CFB      	RRF        R11, 1
;__Lib_Math.c,1814 :: 		
0x01B0	0x0CFA      	RRF        R10, 1
;__Lib_Math.c,1815 :: 		
0x01B1	0x0CF9      	RRF        R9, 1
;__Lib_Math.c,1816 :: 		
0x01B2	0x0CF8      	RRF        R8, 1
;__Lib_Math.c,1817 :: 		
0x01B3	0x0CF3      	RRF        R3, 1
;__Lib_Math.c,1818 :: 		
0x01B4	0x0CF2      	RRF        R2, 1
;__Lib_Math.c,1819 :: 		
0x01B5	0x0CF1      	RRF        R1, 1
;__Lib_Math.c,1820 :: 		
0x01B6	0x0CF0      	RRF        R0, 1
;__Lib_Math.c,1825 :: 		
0x01B7	0x1C03      	BTFSS      STATUS, 0
;__Lib_Math.c,1826 :: 		
0x01B8	0x29AB      	GOTO       _NEXT
;__Lib_Math.c,1827 :: 		
0x01B9	0x03FC      	DECF       R12, 1
;__Lib_Math.c,1828 :: 		
0x01BA	0x1903      	BTFSC      STATUS, 2
;__Lib_Math.c,1829 :: 		
0x01BB	0x29CB      	GOTO       _EXIT1
;__Lib_Math.c,1836 :: 		
0x01BC	0x0874      	MOVF       R4, 0
;__Lib_Math.c,1837 :: 		
0x01BD	0x07F8      	ADDWF      R8, 1
;__Lib_Math.c,1838 :: 		
0x01BE	0x0875      	MOVF       R5, 0
;__Lib_Math.c,1839 :: 		
0x01BF	0x1803      	BTFSC      STATUS, 0
;__Lib_Math.c,1840 :: 		
0x01C0	0x0F75      	INCFSZ     R5, 0
;__Lib_Math.c,1841 :: 		
0x01C1	0x07F9      	ADDWF      R9, 1
;__Lib_Math.c,1842 :: 		
0x01C2	0x0876      	MOVF       R6, 0
;__Lib_Math.c,1843 :: 		
0x01C3	0x1803      	BTFSC      STATUS, 0
;__Lib_Math.c,1844 :: 		
0x01C4	0x0F76      	INCFSZ     R6, 0
;__Lib_Math.c,1845 :: 		
0x01C5	0x07FA      	ADDWF      R10, 1
;__Lib_Math.c,1846 :: 		
0x01C6	0x0877      	MOVF       R7, 0
;__Lib_Math.c,1847 :: 		
0x01C7	0x1803      	BTFSC      STATUS, 0
;__Lib_Math.c,1848 :: 		
0x01C8	0x0F77      	INCFSZ     R7, 0
;__Lib_Math.c,1849 :: 		
0x01C9	0x07FB      	ADDWF      R11, 1
;__Lib_Math.c,1851 :: 		
0x01CA	0x29AF      	GOTO       _LOOP
;__Lib_Math.c,1853 :: 		
_EXIT1:
;__Lib_Math.c,1858 :: 		
0x01CB	0x0874      	MOVF       R4, 0
;__Lib_Math.c,1859 :: 		
0x01CC	0x07F8      	ADDWF      R8, 1
;__Lib_Math.c,1860 :: 		
0x01CD	0x0875      	MOVF       R5, 0
;__Lib_Math.c,1861 :: 		
0x01CE	0x1803      	BTFSC      STATUS, 0
;__Lib_Math.c,1862 :: 		
0x01CF	0x0F75      	INCFSZ     R5, 0
;__Lib_Math.c,1863 :: 		
0x01D0	0x07F9      	ADDWF      R9, 1
;__Lib_Math.c,1864 :: 		
0x01D1	0x0876      	MOVF       R6, 0
;__Lib_Math.c,1865 :: 		
0x01D2	0x1803      	BTFSC      STATUS, 0
;__Lib_Math.c,1866 :: 		
0x01D3	0x0F76      	INCFSZ     R6, 0
;__Lib_Math.c,1867 :: 		
0x01D4	0x07FA      	ADDWF      R10, 1
;__Lib_Math.c,1868 :: 		
0x01D5	0x0877      	MOVF       R7, 0
;__Lib_Math.c,1869 :: 		
0x01D6	0x1803      	BTFSC      STATUS, 0
;__Lib_Math.c,1870 :: 		
0x01D7	0x0F77      	INCFSZ     R7, 0
;__Lib_Math.c,1871 :: 		
0x01D8	0x07FB      	ADDWF      R11, 1
;__Lib_Math.c,1874 :: 		
_EXIT2:
;__Lib_Math.c,1876 :: 		
0x01D9	0x0008      	RETURN
; end of _Mul_32x32_U
_Div_32x32_S:
;__Lib_Math.c,1088 :: 		
;__Lib_Math.c,1099 :: 		
;__Lib_Math.c,1102 :: 		
0x01DA	0x1283      	BCF        STATUS, 5
0x01DB	0x1303      	BCF        STATUS, 6
0x01DC	0x0874      	MOVF       R4, 0
0x01DD	0x3A00      	XORLW      0
0x01DE	0x1D03      	BTFSS      STATUS, 2
0x01DF	0x29F5      	GOTO       L_Div_32x32_S6
;__Lib_Math.c,1103 :: 		
0x01E0	0x0875      	MOVF       R5, 0
0x01E1	0x3A00      	XORLW      0
0x01E2	0x1D03      	BTFSS      STATUS, 2
0x01E3	0x29F5      	GOTO       L_Div_32x32_S7
;__Lib_Math.c,1104 :: 		
0x01E4	0x0876      	MOVF       R6, 0
0x01E5	0x3A00      	XORLW      0
0x01E6	0x1D03      	BTFSS      STATUS, 2
0x01E7	0x29F5      	GOTO       L_Div_32x32_S8
;__Lib_Math.c,1105 :: 		
0x01E8	0x0877      	MOVF       R7, 0
0x01E9	0x3A00      	XORLW      0
0x01EA	0x1D03      	BTFSS      STATUS, 2
0x01EB	0x29F5      	GOTO       L_Div_32x32_S9
;__Lib_Math.c,1106 :: 		
0x01EC	0x30FF      	MOVLW      255
0x01ED	0x00F0      	MOVWF      R0
;__Lib_Math.c,1107 :: 		
0x01EE	0x30FF      	MOVLW      255
0x01EF	0x00F1      	MOVWF      R1
;__Lib_Math.c,1108 :: 		
0x01F0	0x30FF      	MOVLW      255
0x01F1	0x00F2      	MOVWF      R2
;__Lib_Math.c,1109 :: 		
0x01F2	0x307F      	MOVLW      127
0x01F3	0x00F3      	MOVWF      R3
;__Lib_Math.c,1110 :: 		
0x01F4	0x0008      	RETURN
;__Lib_Math.c,1111 :: 		
L_Div_32x32_S9:
L_Div_32x32_S8:
L_Div_32x32_S7:
L_Div_32x32_S6:
;__Lib_Math.c,1114 :: 		
0x01F5	0x1283      	BCF        STATUS, 5
;__Lib_Math.c,1115 :: 		
0x01F6	0x1303      	BCF        STATUS, 6
;__Lib_Math.c,1117 :: 		
0x01F7	0x01FC      	CLRF       R12
;__Lib_Math.c,1118 :: 		
0x01F8	0x1BF7      	BTFSC      R7, 7
;__Lib_Math.c,1119 :: 		
0x01F9	0x0AFC      	INCF       R12, 1
;__Lib_Math.c,1121 :: 		
0x01FA	0x01FD      	CLRF       R13
;__Lib_Math.c,1122 :: 		
0x01FB	0x01FB      	CLRF       R11
;__Lib_Math.c,1123 :: 		
0x01FC	0x01FA      	CLRF       R10
;__Lib_Math.c,1124 :: 		
0x01FD	0x01F9      	CLRF       R9
;__Lib_Math.c,1125 :: 		
0x01FE	0x01F8      	CLRF       R8
;__Lib_Math.c,1126 :: 		
0x01FF	0x0873      	MOVF       R3, 0
;__Lib_Math.c,1127 :: 		
0x0200	0x0472      	IORWF      R2, 0
;__Lib_Math.c,1128 :: 		
0x0201	0x0471      	IORWF      R1, 0
;__Lib_Math.c,1129 :: 		
0x0202	0x0470      	IORWF      R0, 0
;__Lib_Math.c,1130 :: 		
0x0203	0x1903      	BTFSC      STATUS, 2
;__Lib_Math.c,1131 :: 		
0x0204	0x2A89      	GOTO       END_ALL
;__Lib_Math.c,1133 :: 		
0x0205	0x0873      	MOVF       R3, 0
;__Lib_Math.c,1134 :: 		
0x0206	0x0677      	XORWF      R7, 0
;__Lib_Math.c,1135 :: 		
0x0207	0x00A0      	MOVWF      ___math_tempb
;__Lib_Math.c,1136 :: 		
0x0208	0x1BA0      	BTFSC      ___math_tempb, 7
;__Lib_Math.c,1137 :: 		
0x0209	0x09FD      	COMF       R13, 1
;__Lib_Math.c,1141 :: 		
0x020A	0x1FF7      	BTFSS      R7, 7
;__Lib_Math.c,1142 :: 		
0x020B	0x2A17      	GOTO       CA3232S
;__Lib_Math.c,1144 :: 		
0x020C	0x09F4      	COMF       R4, 1
;__Lib_Math.c,1145 :: 		
0x020D	0x09F5      	COMF       R5, 1
;__Lib_Math.c,1146 :: 		
0x020E	0x09F6      	COMF       R6, 1
;__Lib_Math.c,1147 :: 		
0x020F	0x09F7      	COMF       R7, 1
;__Lib_Math.c,1148 :: 		
0x0210	0x0AF4      	INCF       R4, 1
;__Lib_Math.c,1149 :: 		
0x0211	0x1903      	BTFSC      STATUS, 2
;__Lib_Math.c,1150 :: 		
0x0212	0x0AF5      	INCF       R5, 1
;__Lib_Math.c,1151 :: 		
0x0213	0x1903      	BTFSC      STATUS, 2
;__Lib_Math.c,1152 :: 		
0x0214	0x0AF6      	INCF       R6, 1
;__Lib_Math.c,1153 :: 		
0x0215	0x1903      	BTFSC      STATUS, 2
;__Lib_Math.c,1154 :: 		
0x0216	0x0AF7      	INCF       R7, 1
;__Lib_Math.c,1156 :: 		
CA3232S:
;__Lib_Math.c,1157 :: 		
0x0217	0x1FF3      	BTFSS      R3, 7
;__Lib_Math.c,1158 :: 		
0x0218	0x2A24      	GOTO       C3232SX
;__Lib_Math.c,1160 :: 		
0x0219	0x09F0      	COMF       R0, 1
;__Lib_Math.c,1161 :: 		
0x021A	0x09F1      	COMF       R1, 1
;__Lib_Math.c,1162 :: 		
0x021B	0x09F2      	COMF       R2, 1
;__Lib_Math.c,1163 :: 		
0x021C	0x09F3      	COMF       R3, 1
;__Lib_Math.c,1164 :: 		
0x021D	0x0AF0      	INCF       R0, 1
;__Lib_Math.c,1165 :: 		
0x021E	0x1903      	BTFSC      STATUS, 2
;__Lib_Math.c,1166 :: 		
0x021F	0x0AF1      	INCF       R1, 1
;__Lib_Math.c,1167 :: 		
0x0220	0x1903      	BTFSC      STATUS, 2
;__Lib_Math.c,1168 :: 		
0x0221	0x0AF2      	INCF       R2, 1
;__Lib_Math.c,1169 :: 		
0x0222	0x1903      	BTFSC      STATUS, 2
;__Lib_Math.c,1170 :: 		
0x0223	0x0AF3      	INCF       R3, 1
;__Lib_Math.c,1172 :: 		
C3232SX:
;__Lib_Math.c,1173 :: 		
0x0224	0x0873      	MOVF       R3, 0
;__Lib_Math.c,1174 :: 		
0x0225	0x0477      	IORWF      R7, 0
;__Lib_Math.c,1175 :: 		
0x0226	0x00A0      	MOVWF      ___math_tempb
;__Lib_Math.c,1176 :: 		
0x0227	0x1BA0      	BTFSC      ___math_tempb, 7
;__Lib_Math.c,1177 :: 		
0x0228	0x2A45      	GOTO       C3232SX1
;__Lib_Math.c,1179 :: 		
C3232S:
;__Lib_Math.c,1182 :: 		
0x0229	0x2045      	CALL       _SDIV3232L
;__Lib_Math.c,1186 :: 		
0x022A	0x1BFC      	BTFSC      R12, 7
;__Lib_Math.c,1187 :: 		
0x022B	0x2A62      	GOTO       C3232SX4
;__Lib_Math.c,1189 :: 		
C3232SOK:
;__Lib_Math.c,1190 :: 		
0x022C	0x1FFD      	BTFSS      R13, 7
;__Lib_Math.c,1191 :: 		
0x022D	0x2A89      	GOTO       END_ALL
;__Lib_Math.c,1193 :: 		
0x022E	0x09F0      	COMF       R0, 1
;__Lib_Math.c,1194 :: 		
0x022F	0x09F1      	COMF       R1, 1
;__Lib_Math.c,1195 :: 		
0x0230	0x09F2      	COMF       R2, 1
;__Lib_Math.c,1196 :: 		
0x0231	0x09F3      	COMF       R3, 1
;__Lib_Math.c,1197 :: 		
0x0232	0x0AF0      	INCF       R0, 1
;__Lib_Math.c,1198 :: 		
0x0233	0x1903      	BTFSC      STATUS, 2
;__Lib_Math.c,1199 :: 		
0x0234	0x0AF1      	INCF       R1, 1
;__Lib_Math.c,1200 :: 		
0x0235	0x1903      	BTFSC      STATUS, 2
;__Lib_Math.c,1201 :: 		
0x0236	0x0AF2      	INCF       R2, 1
;__Lib_Math.c,1202 :: 		
0x0237	0x1903      	BTFSC      STATUS, 2
;__Lib_Math.c,1203 :: 		
0x0238	0x0AF3      	INCF       R3, 1
;__Lib_Math.c,1205 :: 		
0x0239	0x09F8      	COMF       R8, 1
;__Lib_Math.c,1206 :: 		
0x023A	0x09F9      	COMF       R9, 1
;__Lib_Math.c,1207 :: 		
0x023B	0x09FA      	COMF       R10, 1
;__Lib_Math.c,1208 :: 		
0x023C	0x09FB      	COMF       R11, 1
;__Lib_Math.c,1209 :: 		
0x023D	0x0AF8      	INCF       R8, 1
;__Lib_Math.c,1210 :: 		
0x023E	0x1903      	BTFSC      STATUS, 2
;__Lib_Math.c,1211 :: 		
0x023F	0x0AF9      	INCF       R9, 1
;__Lib_Math.c,1212 :: 		
0x0240	0x1903      	BTFSC      STATUS, 2
;__Lib_Math.c,1213 :: 		
0x0241	0x0AFA      	INCF       R10, 1
;__Lib_Math.c,1214 :: 		
0x0242	0x1903      	BTFSC      STATUS, 2
;__Lib_Math.c,1215 :: 		
0x0243	0x0AFB      	INCF       R11, 1
;__Lib_Math.c,1217 :: 		
0x0244	0x2A89      	GOTO       END_ALL
;__Lib_Math.c,1219 :: 		
C3232SX1:
;__Lib_Math.c,1220 :: 		
0x0245	0x1FF7      	BTFSS      R7, 7
;__Lib_Math.c,1221 :: 		
0x0246	0x2A5C      	GOTO       C3232SX3
;__Lib_Math.c,1222 :: 		
0x0247	0x1BF3      	BTFSC      R3, 7
;__Lib_Math.c,1223 :: 		
0x0248	0x2A56      	GOTO       C3232SX2
;__Lib_Math.c,1224 :: 		
0x0249	0x0873      	MOVF       R3, 0
;__Lib_Math.c,1225 :: 		
0x024A	0x00FB      	MOVWF      R11
;__Lib_Math.c,1226 :: 		
0x024B	0x0872      	MOVF       R2, 0
;__Lib_Math.c,1227 :: 		
0x024C	0x00FA      	MOVWF      R10
;__Lib_Math.c,1228 :: 		
0x024D	0x0871      	MOVF       R1, 0
;__Lib_Math.c,1229 :: 		
0x024E	0x00F9      	MOVWF      R9
;__Lib_Math.c,1230 :: 		
0x024F	0x0870      	MOVF       R0, 0
;__Lib_Math.c,1231 :: 		
0x0250	0x00F8      	MOVWF      R8
;__Lib_Math.c,1232 :: 		
0x0251	0x01F3      	CLRF       R3
;__Lib_Math.c,1233 :: 		
0x0252	0x01F2      	CLRF       R2
;__Lib_Math.c,1234 :: 		
0x0253	0x01F1      	CLRF       R1
;__Lib_Math.c,1235 :: 		
0x0254	0x01F0      	CLRF       R0
;__Lib_Math.c,1236 :: 		
0x0255	0x2A2C      	GOTO       C3232SOK
;__Lib_Math.c,1237 :: 		
C3232SX2:
;__Lib_Math.c,1238 :: 		
0x0256	0x01F3      	CLRF       R3
;__Lib_Math.c,1239 :: 		
0x0257	0x01F2      	CLRF       R2
;__Lib_Math.c,1240 :: 		
0x0258	0x01F1      	CLRF       R1
;__Lib_Math.c,1241 :: 		
0x0259	0x01F0      	CLRF       R0
;__Lib_Math.c,1242 :: 		
0x025A	0x0AF0      	INCF       R0, 1
;__Lib_Math.c,1243 :: 		
0x025B	0x3400      	RETLW      0
;__Lib_Math.c,1245 :: 		
C3232SX3:
;__Lib_Math.c,1246 :: 		
0x025C	0x09F3      	COMF       R3, 1
;__Lib_Math.c,1247 :: 		
0x025D	0x09F2      	COMF       R2, 1
;__Lib_Math.c,1248 :: 		
0x025E	0x09F1      	COMF       R1, 1
;__Lib_Math.c,1249 :: 		
0x025F	0x09F0      	COMF       R0, 1
;__Lib_Math.c,1251 :: 		
0x0260	0x17FC      	BSF        R12, 7
;__Lib_Math.c,1253 :: 		
0x0261	0x2A29      	GOTO       C3232S
;__Lib_Math.c,1255 :: 		
C3232SX4:
;__Lib_Math.c,1256 :: 		
0x0262	0x0AF8      	INCF       R8, 1
;__Lib_Math.c,1257 :: 		
0x0263	0x1903      	BTFSC      STATUS, 2
;__Lib_Math.c,1258 :: 		
0x0264	0x0AF9      	INCF       R9, 1
;__Lib_Math.c,1259 :: 		
0x0265	0x1903      	BTFSC      STATUS, 2
;__Lib_Math.c,1260 :: 		
0x0266	0x0AFA      	INCF       R10, 1
;__Lib_Math.c,1261 :: 		
0x0267	0x1903      	BTFSC      STATUS, 2
;__Lib_Math.c,1262 :: 		
0x0268	0x0AFB      	INCF       R11, 1
;__Lib_Math.c,1263 :: 		
0x0269	0x0874      	MOVF       R4, 0
;__Lib_Math.c,1264 :: 		
0x026A	0x0278      	SUBWF      R8, 0
;__Lib_Math.c,1265 :: 		
0x026B	0x1D03      	BTFSS      STATUS, 2
;__Lib_Math.c,1266 :: 		
0x026C	0x2A2C      	GOTO       C3232SOK
;__Lib_Math.c,1267 :: 		
0x026D	0x0875      	MOVF       R5, 0
;__Lib_Math.c,1268 :: 		
0x026E	0x0279      	SUBWF      R9, 0
;__Lib_Math.c,1269 :: 		
0x026F	0x1D03      	BTFSS      STATUS, 2
;__Lib_Math.c,1270 :: 		
0x0270	0x2A2C      	GOTO       C3232SOK
;__Lib_Math.c,1271 :: 		
0x0271	0x0876      	MOVF       R6, 0
;__Lib_Math.c,1272 :: 		
0x0272	0x027A      	SUBWF      R10, 0
;__Lib_Math.c,1273 :: 		
0x0273	0x1D03      	BTFSS      STATUS, 2
;__Lib_Math.c,1274 :: 		
0x0274	0x2A2C      	GOTO       C3232SOK
;__Lib_Math.c,1275 :: 		
0x0275	0x0877      	MOVF       R7, 0
;__Lib_Math.c,1276 :: 		
0x0276	0x027B      	SUBWF      R11, 0
;__Lib_Math.c,1277 :: 		
0x0277	0x1D03      	BTFSS      STATUS, 2
;__Lib_Math.c,1278 :: 		
0x0278	0x2A2C      	GOTO       C3232SOK
;__Lib_Math.c,1279 :: 		
0x0279	0x01FB      	CLRF       R11
;__Lib_Math.c,1280 :: 		
0x027A	0x01FA      	CLRF       R10
;__Lib_Math.c,1281 :: 		
0x027B	0x01F9      	CLRF       R9
;__Lib_Math.c,1282 :: 		
0x027C	0x01F8      	CLRF       R8
;__Lib_Math.c,1283 :: 		
0x027D	0x0AF0      	INCF       R0, 1
;__Lib_Math.c,1284 :: 		
0x027E	0x1903      	BTFSC      STATUS, 2
;__Lib_Math.c,1285 :: 		
0x027F	0x0AF1      	INCF       R1, 1
;__Lib_Math.c,1286 :: 		
0x0280	0x1903      	BTFSC      STATUS, 2
;__Lib_Math.c,1287 :: 		
0x0281	0x0AF2      	INCF       R2, 1
;__Lib_Math.c,1288 :: 		
0x0282	0x1903      	BTFSC      STATUS, 2
;__Lib_Math.c,1289 :: 		
0x0283	0x0AF3      	INCF       R3, 1
;__Lib_Math.c,1290 :: 		
0x0284	0x1FF3      	BTFSS      R3, 7
;__Lib_Math.c,1291 :: 		
0x0285	0x2A2C      	GOTO       C3232SOK
;__Lib_Math.c,1292 :: 		
0x0286	0x01A0      	CLRF       ___math_tempb
;__Lib_Math.c,1293 :: 		
0x0287	0x1620      	BSF        ___math_tempb, 4
;__Lib_Math.c,1294 :: 		
0x0288	0x34FF      	RETLW      255
;__Lib_Math.c,1295 :: 		
END_ALL:
;__Lib_Math.c,1296 :: 		
0x0289	0x01A0      	CLRF       ___math_tempb
;__Lib_Math.c,1297 :: 		
0x028A	0x1C7C      	BTFSS      R12, 0
;__Lib_Math.c,1298 :: 		
0x028B	0x2A8D      	GOTO       avoid_comfrem
;__Lib_Math.c,1300 :: 		
0x028C	0x2039      	CALL       _COMFREM
;__Lib_Math.c,1302 :: 		
avoid_comfrem:
;__Lib_Math.c,1303 :: 		
0x028D	0x3E00      	ADDLW      0
;__Lib_Math.c,1305 :: 		
0x028E	0x0008      	RETURN
; end of _Div_32x32_S
_celsius:
;TermometroV1.c,118 :: 		void celsius(){
;TermometroV1.c,121 :: 		mediaMovel = adc_read(0);
0x028F	0x1283      	BCF        STATUS, 5
0x0290	0x1303      	BCF        STATUS, 6
0x0291	0x01B5      	CLRF       FARG_ADC_Read_channel
0x0292	0x217F      	CALL       _ADC_Read
0x0293	0x0870      	MOVF       R0, 0
0x0294	0x1283      	BCF        STATUS, 5
0x0295	0x00A9      	MOVWF      _mediaMovel
0x0296	0x0871      	MOVF       R0+1, 0
0x0297	0x00AA      	MOVWF      _mediaMovel+1
0x0298	0x01AB      	CLRF       _mediaMovel+2
0x0299	0x01AC      	CLRF       _mediaMovel+3
;TermometroV1.c,123 :: 		temperatura = ((mediaMovel * 500) / 1024);
0x029A	0x0829      	MOVF       _mediaMovel, 0
0x029B	0x00F0      	MOVWF      R0
0x029C	0x082A      	MOVF       _mediaMovel+1, 0
0x029D	0x00F1      	MOVWF      R0+1
0x029E	0x082B      	MOVF       _mediaMovel+2, 0
0x029F	0x00F2      	MOVWF      R0+2
0x02A0	0x082C      	MOVF       _mediaMovel+3, 0
0x02A1	0x00F3      	MOVWF      R0+3
0x02A2	0x30F4      	MOVLW      244
0x02A3	0x00F4      	MOVWF      R4
0x02A4	0x3001      	MOVLW      1
0x02A5	0x00F5      	MOVWF      R4+1
0x02A6	0x01F6      	CLRF       R4+2
0x02A7	0x01F7      	CLRF       R4+3
0x02A8	0x21A3      	CALL       _Mul_32x32_U
0x02A9	0x300A      	MOVLW      10
0x02AA	0x00F4      	MOVWF      R4
0x02AB	0x0870      	MOVF       R0, 0
0x02AC	0x00F5      	MOVWF      R5
0x02AD	0x0871      	MOVF       R0+1, 0
0x02AE	0x00F6      	MOVWF      R5+1
0x02AF	0x0872      	MOVF       R0+2, 0
0x02B0	0x00F7      	MOVWF      R5+2
0x02B1	0x0873      	MOVF       R0+3, 0
0x02B2	0x00F8      	MOVWF      R5+3
0x02B3	0x0874      	MOVF       R4, 0
L__celsius34:
0x02B4	0x1903      	BTFSC      STATUS, 2
0x02B5	0x2ABF      	GOTO       L__celsius35
0x02B6	0x0CF8      	RRF        R5+3, 1
0x02B7	0x0CF7      	RRF        R5+2, 1
0x02B8	0x0CF6      	RRF        R5+1, 1
0x02B9	0x0CF5      	RRF        R5, 1
0x02BA	0x13F8      	BCF        R5+3, 7
0x02BB	0x1B78      	BTFSC      R5+3, 6
0x02BC	0x17F8      	BSF        R5+3, 7
0x02BD	0x3EFF      	ADDLW      255
0x02BE	0x2AB4      	GOTO       L__celsius34
L__celsius35:
0x02BF	0x0875      	MOVF       R5, 0
0x02C0	0x00AD      	MOVWF      _temperatura
0x02C1	0x0876      	MOVF       R5+1, 0
0x02C2	0x00AE      	MOVWF      _temperatura+1
0x02C3	0x0877      	MOVF       R5+2, 0
0x02C4	0x00AF      	MOVWF      _temperatura+2
0x02C5	0x0878      	MOVF       R5+3, 0
0x02C6	0x00B0      	MOVWF      _temperatura+3
;TermometroV1.c,125 :: 		if((temperatura > ultimaTemperatura + 1) || (temperatura < ultimaTemperatura - 1)){
0x02C7	0x0825      	MOVF       _ultimaTemperatura, 0
0x02C8	0x00F1      	MOVWF      R1
0x02C9	0x0826      	MOVF       _ultimaTemperatura+1, 0
0x02CA	0x00F2      	MOVWF      R1+1
0x02CB	0x0827      	MOVF       _ultimaTemperatura+2, 0
0x02CC	0x00F3      	MOVWF      R1+2
0x02CD	0x0828      	MOVF       _ultimaTemperatura+3, 0
0x02CE	0x00F4      	MOVWF      R1+3
0x02CF	0x0AF1      	INCF       R1, 1
0x02D0	0x1903      	BTFSC      STATUS, 2
0x02D1	0x0AF2      	INCF       R1+1, 1
0x02D2	0x1903      	BTFSC      STATUS, 2
0x02D3	0x0AF3      	INCF       R1+2, 1
0x02D4	0x1903      	BTFSC      STATUS, 2
0x02D5	0x0AF4      	INCF       R1+3, 1
0x02D6	0x3080      	MOVLW      128
0x02D7	0x0674      	XORWF      R1+3, 0
0x02D8	0x00F0      	MOVWF      R0
0x02D9	0x3080      	MOVLW      128
0x02DA	0x0678      	XORWF      R5+3, 0
0x02DB	0x0270      	SUBWF      R0, 0
0x02DC	0x1D03      	BTFSS      STATUS, 2
0x02DD	0x2AE8      	GOTO       L__celsius36
0x02DE	0x0877      	MOVF       R5+2, 0
0x02DF	0x0273      	SUBWF      R1+2, 0
0x02E0	0x1D03      	BTFSS      STATUS, 2
0x02E1	0x2AE8      	GOTO       L__celsius36
0x02E2	0x0876      	MOVF       R5+1, 0
0x02E3	0x0272      	SUBWF      R1+1, 0
0x02E4	0x1D03      	BTFSS      STATUS, 2
0x02E5	0x2AE8      	GOTO       L__celsius36
0x02E6	0x0875      	MOVF       R5, 0
0x02E7	0x0271      	SUBWF      R1, 0
L__celsius36:
0x02E8	0x1C03      	BTFSS      STATUS, 0
0x02E9	0x2B1C      	GOTO       L__celsius32
0x02EA	0x1283      	BCF        STATUS, 5
0x02EB	0x1303      	BCF        STATUS, 6
0x02EC	0x3001      	MOVLW      1
0x02ED	0x00F0      	MOVWF      R0
0x02EE	0x01F1      	CLRF       R0+1
0x02EF	0x01F2      	CLRF       R0+2
0x02F0	0x01F3      	CLRF       R0+3
0x02F1	0x0825      	MOVF       _ultimaTemperatura, 0
0x02F2	0x00F4      	MOVWF      R4
0x02F3	0x0826      	MOVF       _ultimaTemperatura+1, 0
0x02F4	0x00F5      	MOVWF      R4+1
0x02F5	0x0827      	MOVF       _ultimaTemperatura+2, 0
0x02F6	0x00F6      	MOVWF      R4+2
0x02F7	0x0828      	MOVF       _ultimaTemperatura+3, 0
0x02F8	0x00F7      	MOVWF      R4+3
0x02F9	0x0870      	MOVF       R0, 0
0x02FA	0x02F4      	SUBWF      R4, 1
0x02FB	0x0871      	MOVF       R0+1, 0
0x02FC	0x1C03      	BTFSS      STATUS, 0
0x02FD	0x0F71      	INCFSZ     R0+1, 0
0x02FE	0x02F5      	SUBWF      R4+1, 1
0x02FF	0x0872      	MOVF       R0+2, 0
0x0300	0x1C03      	BTFSS      STATUS, 0
0x0301	0x0F72      	INCFSZ     R0+2, 0
0x0302	0x02F6      	SUBWF      R4+2, 1
0x0303	0x0873      	MOVF       R0+3, 0
0x0304	0x1C03      	BTFSS      STATUS, 0
0x0305	0x0F73      	INCFSZ     R0+3, 0
0x0306	0x02F7      	SUBWF      R4+3, 1
0x0307	0x3080      	MOVLW      128
0x0308	0x0630      	XORWF      _temperatura+3, 0
0x0309	0x00F0      	MOVWF      R0
0x030A	0x3080      	MOVLW      128
0x030B	0x0677      	XORWF      R4+3, 0
0x030C	0x0270      	SUBWF      R0, 0
0x030D	0x1D03      	BTFSS      STATUS, 2
0x030E	0x2B19      	GOTO       L__celsius37
0x030F	0x0876      	MOVF       R4+2, 0
0x0310	0x022F      	SUBWF      _temperatura+2, 0
0x0311	0x1D03      	BTFSS      STATUS, 2
0x0312	0x2B19      	GOTO       L__celsius37
0x0313	0x0875      	MOVF       R4+1, 0
0x0314	0x022E      	SUBWF      _temperatura+1, 0
0x0315	0x1D03      	BTFSS      STATUS, 2
0x0316	0x2B19      	GOTO       L__celsius37
0x0317	0x0874      	MOVF       R4, 0
0x0318	0x022D      	SUBWF      _temperatura, 0
L__celsius37:
0x0319	0x1C03      	BTFSS      STATUS, 0
0x031A	0x2B1C      	GOTO       L__celsius32
0x031B	0x2B7C      	GOTO       L_celsius13
L__celsius32:
0x031C	0x1283      	BCF        STATUS, 5
0x031D	0x1303      	BCF        STATUS, 6
;TermometroV1.c,127 :: 		ultimaTemperatura = temperatura;
0x031E	0x082D      	MOVF       _temperatura, 0
0x031F	0x00A5      	MOVWF      _ultimaTemperatura
0x0320	0x082E      	MOVF       _temperatura+1, 0
0x0321	0x00A6      	MOVWF      _ultimaTemperatura+1
0x0322	0x082F      	MOVF       _temperatura+2, 0
0x0323	0x00A7      	MOVWF      _ultimaTemperatura+2
0x0324	0x0830      	MOVF       _temperatura+3, 0
0x0325	0x00A8      	MOVWF      _ultimaTemperatura+3
;TermometroV1.c,129 :: 		if(temperatura > 99){
0x0326	0x3080      	MOVLW      128
0x0327	0x00F0      	MOVWF      R0
0x0328	0x3080      	MOVLW      128
0x0329	0x0630      	XORWF      _temperatura+3, 0
0x032A	0x0270      	SUBWF      R0, 0
0x032B	0x1D03      	BTFSS      STATUS, 2
0x032C	0x2B37      	GOTO       L__celsius38
0x032D	0x082F      	MOVF       _temperatura+2, 0
0x032E	0x3C00      	SUBLW      0
0x032F	0x1D03      	BTFSS      STATUS, 2
0x0330	0x2B37      	GOTO       L__celsius38
0x0331	0x082E      	MOVF       _temperatura+1, 0
0x0332	0x3C00      	SUBLW      0
0x0333	0x1D03      	BTFSS      STATUS, 2
0x0334	0x2B37      	GOTO       L__celsius38
0x0335	0x082D      	MOVF       _temperatura, 0
0x0336	0x3C63      	SUBLW      99
L__celsius38:
0x0337	0x1803      	BTFSC      STATUS, 0
0x0338	0x2B3E      	GOTO       L_celsius14
;TermometroV1.c,131 :: 		dezena = 0x09;
0x0339	0x3009      	MOVLW      9
0x033A	0x00A2      	MOVWF      _dezena
;TermometroV1.c,132 :: 		unidade = 0x09;
0x033B	0x3009      	MOVLW      9
0x033C	0x00A3      	MOVWF      _unidade
;TermometroV1.c,134 :: 		}
0x033D	0x2B7C      	GOTO       L_celsius15
L_celsius14:
;TermometroV1.c,135 :: 		else if(temperatura < 1){
0x033E	0x3080      	MOVLW      128
0x033F	0x0630      	XORWF      _temperatura+3, 0
0x0340	0x00F0      	MOVWF      R0
0x0341	0x3080      	MOVLW      128
0x0342	0x0270      	SUBWF      R0, 0
0x0343	0x1D03      	BTFSS      STATUS, 2
0x0344	0x2B4F      	GOTO       L__celsius39
0x0345	0x3000      	MOVLW      0
0x0346	0x022F      	SUBWF      _temperatura+2, 0
0x0347	0x1D03      	BTFSS      STATUS, 2
0x0348	0x2B4F      	GOTO       L__celsius39
0x0349	0x3000      	MOVLW      0
0x034A	0x022E      	SUBWF      _temperatura+1, 0
0x034B	0x1D03      	BTFSS      STATUS, 2
0x034C	0x2B4F      	GOTO       L__celsius39
0x034D	0x3001      	MOVLW      1
0x034E	0x022D      	SUBWF      _temperatura, 0
L__celsius39:
0x034F	0x1803      	BTFSC      STATUS, 0
0x0350	0x2B54      	GOTO       L_celsius16
;TermometroV1.c,137 :: 		dezena = 0x00;
0x0351	0x01A2      	CLRF       _dezena
;TermometroV1.c,138 :: 		unidade = 0x00;
0x0352	0x01A3      	CLRF       _unidade
;TermometroV1.c,139 :: 		}
0x0353	0x2B7C      	GOTO       L_celsius17
L_celsius16:
;TermometroV1.c,142 :: 		dezena = temperatura / 10;
0x0354	0x300A      	MOVLW      10
0x0355	0x00F4      	MOVWF      R4
0x0356	0x01F5      	CLRF       R4+1
0x0357	0x01F6      	CLRF       R4+2
0x0358	0x01F7      	CLRF       R4+3
0x0359	0x082D      	MOVF       _temperatura, 0
0x035A	0x00F0      	MOVWF      R0
0x035B	0x082E      	MOVF       _temperatura+1, 0
0x035C	0x00F1      	MOVWF      R0+1
0x035D	0x082F      	MOVF       _temperatura+2, 0
0x035E	0x00F2      	MOVWF      R0+2
0x035F	0x0830      	MOVF       _temperatura+3, 0
0x0360	0x00F3      	MOVWF      R0+3
0x0361	0x21DA      	CALL       _Div_32x32_S
0x0362	0x0870      	MOVF       R0, 0
0x0363	0x00A2      	MOVWF      _dezena
;TermometroV1.c,143 :: 		unidade = temperatura % 10;
0x0364	0x300A      	MOVLW      10
0x0365	0x00F4      	MOVWF      R4
0x0366	0x01F5      	CLRF       R4+1
0x0367	0x01F6      	CLRF       R4+2
0x0368	0x01F7      	CLRF       R4+3
0x0369	0x082D      	MOVF       _temperatura, 0
0x036A	0x00F0      	MOVWF      R0
0x036B	0x082E      	MOVF       _temperatura+1, 0
0x036C	0x00F1      	MOVWF      R0+1
0x036D	0x082F      	MOVF       _temperatura+2, 0
0x036E	0x00F2      	MOVWF      R0+2
0x036F	0x0830      	MOVF       _temperatura+3, 0
0x0370	0x00F3      	MOVWF      R0+3
0x0371	0x21DA      	CALL       _Div_32x32_S
0x0372	0x0878      	MOVF       R8, 0
0x0373	0x00F0      	MOVWF      R0
0x0374	0x0879      	MOVF       R8+1, 0
0x0375	0x00F1      	MOVWF      R0+1
0x0376	0x087A      	MOVF       R8+2, 0
0x0377	0x00F2      	MOVWF      R0+2
0x0378	0x087B      	MOVF       R8+3, 0
0x0379	0x00F3      	MOVWF      R0+3
0x037A	0x0870      	MOVF       R0, 0
0x037B	0x00A3      	MOVWF      _unidade
;TermometroV1.c,145 :: 		}
L_celsius17:
L_celsius15:
;TermometroV1.c,147 :: 		} // end if
L_celsius13:
;TermometroV1.c,150 :: 		} // end void celsius
0x037C	0x0008      	RETURN
; end of _celsius
___CC2DW:
;__Lib_System.c,24 :: 		
;__Lib_System.c,27 :: 		
_CC2D_Loop1:
;__Lib_System.c,29 :: 		
0x037D	0x2178      	CALL       _____DoICP
0x037E	0x118A      	BCF        PCLATH, 3
0x037F	0x120A      	BCF        PCLATH, 4
;__Lib_System.c,31 :: 		
0x0380	0x0080      	MOVWF      INDF
;__Lib_System.c,32 :: 		
0x0381	0x0A84      	INCF       FSR, 1
;__Lib_System.c,33 :: 		
0x0382	0x0AB1      	INCF       ___DoICPAddr, 1
;__Lib_System.c,35 :: 		
0x0383	0x1903      	BTFSC      STATUS, 2
;__Lib_System.c,36 :: 		
0x0384	0x0AB2      	INCF       ___DoICPAddr+1, 1
;__Lib_System.c,37 :: 		
0x0385	0x03F0      	DECF       R0, 1
;__Lib_System.c,39 :: 		
0x0386	0x1D03      	BTFSS      STATUS, 2
;__Lib_System.c,40 :: 		
0x0387	0x2B7D      	GOTO       _CC2D_Loop1
;__Lib_System.c,42 :: 		
0x0388	0x0008      	RETURN
; end of ___CC2DW
_display:
;TermometroV1.c,192 :: 		void display(unsigned short n){
;TermometroV1.c,194 :: 		switch(n){
0x0389	0x2BDC      	GOTO       L_display18
;TermometroV1.c,196 :: 		case 0: RC4_bit = 0x01;
L_display20:
0x038A	0x1283      	BCF        STATUS, 5
0x038B	0x1303      	BCF        STATUS, 6
0x038C	0x1607      	BSF        RC4_bit, 4
;TermometroV1.c,197 :: 		RC5_bit = 0x01;
0x038D	0x1687      	BSF        RC5_bit, 5
;TermometroV1.c,198 :: 		RC6_bit = 0x01;
0x038E	0x1707      	BSF        RC6_bit, 6
;TermometroV1.c,199 :: 		RC7_bit = 0x01;
0x038F	0x1787      	BSF        RC7_bit, 7
;TermometroV1.c,200 :: 		RB5_bit = 0x01;
0x0390	0x1686      	BSF        RB5_bit, 5
;TermometroV1.c,201 :: 		RB6_bit = 0x01;
0x0391	0x1706      	BSF        RB6_bit, 6
;TermometroV1.c,202 :: 		RB7_bit = 0x00;
0x0392	0x1386      	BCF        RB7_bit, 7
;TermometroV1.c,203 :: 		break;
0x0393	0x2C06      	GOTO       L_display19
;TermometroV1.c,204 :: 		case 1: RC4_bit = 0x00;
L_display21:
0x0394	0x1207      	BCF        RC4_bit, 4
;TermometroV1.c,205 :: 		RC5_bit = 0x01;
0x0395	0x1687      	BSF        RC5_bit, 5
;TermometroV1.c,206 :: 		RC6_bit = 0x01;
0x0396	0x1707      	BSF        RC6_bit, 6
;TermometroV1.c,207 :: 		RC7_bit = 0x00;
0x0397	0x1387      	BCF        RC7_bit, 7
;TermometroV1.c,208 :: 		RB5_bit = 0x00;
0x0398	0x1286      	BCF        RB5_bit, 5
;TermometroV1.c,209 :: 		RB6_bit = 0x00;
0x0399	0x1306      	BCF        RB6_bit, 6
;TermometroV1.c,210 :: 		RB7_bit = 0x00;
0x039A	0x1386      	BCF        RB7_bit, 7
;TermometroV1.c,211 :: 		break;
0x039B	0x2C06      	GOTO       L_display19
;TermometroV1.c,212 :: 		case 2: RC4_bit = 0x01;
L_display22:
0x039C	0x1607      	BSF        RC4_bit, 4
;TermometroV1.c,213 :: 		RC5_bit = 0x01;
0x039D	0x1687      	BSF        RC5_bit, 5
;TermometroV1.c,214 :: 		RC6_bit = 0x00;
0x039E	0x1307      	BCF        RC6_bit, 6
;TermometroV1.c,215 :: 		RC7_bit = 0x01;
0x039F	0x1787      	BSF        RC7_bit, 7
;TermometroV1.c,216 :: 		RB5_bit = 0x01;
0x03A0	0x1686      	BSF        RB5_bit, 5
;TermometroV1.c,217 :: 		RB6_bit = 0x00;
0x03A1	0x1306      	BCF        RB6_bit, 6
;TermometroV1.c,218 :: 		RB7_bit = 0x01;
0x03A2	0x1786      	BSF        RB7_bit, 7
;TermometroV1.c,219 :: 		break;
0x03A3	0x2C06      	GOTO       L_display19
;TermometroV1.c,220 :: 		case 3: RC4_bit = 0x01;
L_display23:
0x03A4	0x1607      	BSF        RC4_bit, 4
;TermometroV1.c,221 :: 		RC5_bit = 0x01;
0x03A5	0x1687      	BSF        RC5_bit, 5
;TermometroV1.c,222 :: 		RC6_bit = 0x01;
0x03A6	0x1707      	BSF        RC6_bit, 6
;TermometroV1.c,223 :: 		RC7_bit = 0x01;
0x03A7	0x1787      	BSF        RC7_bit, 7
;TermometroV1.c,224 :: 		RB5_bit = 0x00;
0x03A8	0x1286      	BCF        RB5_bit, 5
;TermometroV1.c,225 :: 		RB6_bit = 0x00;
0x03A9	0x1306      	BCF        RB6_bit, 6
;TermometroV1.c,226 :: 		RB7_bit = 0x01;
0x03AA	0x1786      	BSF        RB7_bit, 7
;TermometroV1.c,227 :: 		break;
0x03AB	0x2C06      	GOTO       L_display19
;TermometroV1.c,228 :: 		case 4: RC4_bit = 0x00;
L_display24:
0x03AC	0x1207      	BCF        RC4_bit, 4
;TermometroV1.c,229 :: 		RC5_bit = 0x01;
0x03AD	0x1687      	BSF        RC5_bit, 5
;TermometroV1.c,230 :: 		RC6_bit = 0x01;
0x03AE	0x1707      	BSF        RC6_bit, 6
;TermometroV1.c,231 :: 		RC7_bit = 0x00;
0x03AF	0x1387      	BCF        RC7_bit, 7
;TermometroV1.c,232 :: 		RB5_bit = 0x00;
0x03B0	0x1286      	BCF        RB5_bit, 5
;TermometroV1.c,233 :: 		RB6_bit = 0x01;
0x03B1	0x1706      	BSF        RB6_bit, 6
;TermometroV1.c,234 :: 		RB7_bit = 0x01;
0x03B2	0x1786      	BSF        RB7_bit, 7
;TermometroV1.c,235 :: 		break;
0x03B3	0x2C06      	GOTO       L_display19
;TermometroV1.c,236 :: 		case 5: RC4_bit = 0x01;
L_display25:
0x03B4	0x1607      	BSF        RC4_bit, 4
;TermometroV1.c,237 :: 		RC5_bit = 0x00;
0x03B5	0x1287      	BCF        RC5_bit, 5
;TermometroV1.c,238 :: 		RC6_bit = 0x01;
0x03B6	0x1707      	BSF        RC6_bit, 6
;TermometroV1.c,239 :: 		RC7_bit = 0x01;
0x03B7	0x1787      	BSF        RC7_bit, 7
;TermometroV1.c,240 :: 		RB5_bit = 0x00;
0x03B8	0x1286      	BCF        RB5_bit, 5
;TermometroV1.c,241 :: 		RB6_bit = 0x01;
0x03B9	0x1706      	BSF        RB6_bit, 6
;TermometroV1.c,242 :: 		RB7_bit = 0x01;
0x03BA	0x1786      	BSF        RB7_bit, 7
;TermometroV1.c,243 :: 		break;
0x03BB	0x2C06      	GOTO       L_display19
;TermometroV1.c,244 :: 		case 6: RC4_bit = 0x01;
L_display26:
0x03BC	0x1607      	BSF        RC4_bit, 4
;TermometroV1.c,245 :: 		RC5_bit = 0x00;
0x03BD	0x1287      	BCF        RC5_bit, 5
;TermometroV1.c,246 :: 		RC6_bit = 0x01;
0x03BE	0x1707      	BSF        RC6_bit, 6
;TermometroV1.c,247 :: 		RC7_bit = 0x01;
0x03BF	0x1787      	BSF        RC7_bit, 7
;TermometroV1.c,248 :: 		RB5_bit = 0x01;
0x03C0	0x1686      	BSF        RB5_bit, 5
;TermometroV1.c,249 :: 		RB6_bit = 0x01;
0x03C1	0x1706      	BSF        RB6_bit, 6
;TermometroV1.c,250 :: 		RB7_bit = 0x01;
0x03C2	0x1786      	BSF        RB7_bit, 7
;TermometroV1.c,251 :: 		break;
0x03C3	0x2C06      	GOTO       L_display19
;TermometroV1.c,252 :: 		case 7: RC4_bit = 0x01;
L_display27:
0x03C4	0x1607      	BSF        RC4_bit, 4
;TermometroV1.c,253 :: 		RC5_bit = 0x01;
0x03C5	0x1687      	BSF        RC5_bit, 5
;TermometroV1.c,254 :: 		RC6_bit = 0x01;
0x03C6	0x1707      	BSF        RC6_bit, 6
;TermometroV1.c,255 :: 		RC7_bit = 0x00;
0x03C7	0x1387      	BCF        RC7_bit, 7
;TermometroV1.c,256 :: 		RB5_bit = 0x00;
0x03C8	0x1286      	BCF        RB5_bit, 5
;TermometroV1.c,257 :: 		RB6_bit = 0x00;
0x03C9	0x1306      	BCF        RB6_bit, 6
;TermometroV1.c,258 :: 		RB7_bit = 0x00;
0x03CA	0x1386      	BCF        RB7_bit, 7
;TermometroV1.c,259 :: 		break;
0x03CB	0x2C06      	GOTO       L_display19
;TermometroV1.c,260 :: 		case 8: RC4_bit = 0x01;
L_display28:
0x03CC	0x1607      	BSF        RC4_bit, 4
;TermometroV1.c,261 :: 		RC5_bit = 0x01;
0x03CD	0x1687      	BSF        RC5_bit, 5
;TermometroV1.c,262 :: 		RC6_bit = 0x01;
0x03CE	0x1707      	BSF        RC6_bit, 6
;TermometroV1.c,263 :: 		RC7_bit = 0x01;
0x03CF	0x1787      	BSF        RC7_bit, 7
;TermometroV1.c,264 :: 		RB5_bit = 0x01;
0x03D0	0x1686      	BSF        RB5_bit, 5
;TermometroV1.c,265 :: 		RB6_bit = 0x01;
0x03D1	0x1706      	BSF        RB6_bit, 6
;TermometroV1.c,266 :: 		RB7_bit = 0x01;
0x03D2	0x1786      	BSF        RB7_bit, 7
;TermometroV1.c,267 :: 		break;
0x03D3	0x2C06      	GOTO       L_display19
;TermometroV1.c,268 :: 		case 9: RC4_bit = 0x01;
L_display29:
0x03D4	0x1607      	BSF        RC4_bit, 4
;TermometroV1.c,269 :: 		RC5_bit = 0x01;
0x03D5	0x1687      	BSF        RC5_bit, 5
;TermometroV1.c,270 :: 		RC6_bit = 0x01;
0x03D6	0x1707      	BSF        RC6_bit, 6
;TermometroV1.c,271 :: 		RC7_bit = 0x00;
0x03D7	0x1387      	BCF        RC7_bit, 7
;TermometroV1.c,272 :: 		RB5_bit = 0x00;
0x03D8	0x1286      	BCF        RB5_bit, 5
;TermometroV1.c,273 :: 		RB6_bit = 0x01;
0x03D9	0x1706      	BSF        RB6_bit, 6
;TermometroV1.c,274 :: 		RB7_bit = 0x01;
0x03DA	0x1786      	BSF        RB7_bit, 7
;TermometroV1.c,275 :: 		break;
0x03DB	0x2C06      	GOTO       L_display19
;TermometroV1.c,277 :: 		} // end switch
L_display18:
0x03DC	0x1283      	BCF        STATUS, 5
0x03DD	0x1303      	BCF        STATUS, 6
0x03DE	0x0836      	MOVF       FARG_display_n, 0
0x03DF	0x3A00      	XORLW      0
0x03E0	0x1903      	BTFSC      STATUS, 2
0x03E1	0x2B8A      	GOTO       L_display20
0x03E2	0x0836      	MOVF       FARG_display_n, 0
0x03E3	0x3A01      	XORLW      1
0x03E4	0x1903      	BTFSC      STATUS, 2
0x03E5	0x2B94      	GOTO       L_display21
0x03E6	0x0836      	MOVF       FARG_display_n, 0
0x03E7	0x3A02      	XORLW      2
0x03E8	0x1903      	BTFSC      STATUS, 2
0x03E9	0x2B9C      	GOTO       L_display22
0x03EA	0x0836      	MOVF       FARG_display_n, 0
0x03EB	0x3A03      	XORLW      3
0x03EC	0x1903      	BTFSC      STATUS, 2
0x03ED	0x2BA4      	GOTO       L_display23
0x03EE	0x0836      	MOVF       FARG_display_n, 0
0x03EF	0x3A04      	XORLW      4
0x03F0	0x1903      	BTFSC      STATUS, 2
0x03F1	0x2BAC      	GOTO       L_display24
0x03F2	0x0836      	MOVF       FARG_display_n, 0
0x03F3	0x3A05      	XORLW      5
0x03F4	0x1903      	BTFSC      STATUS, 2
0x03F5	0x2BB4      	GOTO       L_display25
0x03F6	0x0836      	MOVF       FARG_display_n, 0
0x03F7	0x3A06      	XORLW      6
0x03F8	0x1903      	BTFSC      STATUS, 2
0x03F9	0x2BBC      	GOTO       L_display26
0x03FA	0x0836      	MOVF       FARG_display_n, 0
0x03FB	0x3A07      	XORLW      7
0x03FC	0x1903      	BTFSC      STATUS, 2
0x03FD	0x2BC4      	GOTO       L_display27
0x03FE	0x0836      	MOVF       FARG_display_n, 0
0x03FF	0x3A08      	XORLW      8
0x0400	0x1903      	BTFSC      STATUS, 2
0x0401	0x2BCC      	GOTO       L_display28
0x0402	0x0836      	MOVF       FARG_display_n, 0
0x0403	0x3A09      	XORLW      9
0x0404	0x1903      	BTFSC      STATUS, 2
0x0405	0x2BD4      	GOTO       L_display29
L_display19:
;TermometroV1.c,279 :: 		} // end void display
0x0406	0x0008      	RETURN
; end of _display
_main:
0x0407	0x1283      	BCF        STATUS, 5
0x0408	0x1303      	BCF        STATUS, 6
0x0409	0x01A2      	CLRF       _dezena
0x040A	0x01A3      	CLRF       _unidade
0x040B	0x01A4      	CLRF       _control
0x040C	0x01A5      	CLRF       _ultimaTemperatura
0x040D	0x01A6      	CLRF       38
0x040E	0x01A7      	CLRF       39
0x040F	0x01A8      	CLRF       40
0x0410	0x01A9      	CLRF       _mediaMovel
0x0411	0x01AA      	CLRF       42
0x0412	0x01AB      	CLRF       43
0x0413	0x01AC      	CLRF       44
0x0414	0x01AD      	CLRF       _temperatura
0x0415	0x01AE      	CLRF       46
0x0416	0x01AF      	CLRF       47
0x0417	0x01B0      	CLRF       48
;TermometroV1.c,85 :: 		void main() {
;TermometroV1.c,88 :: 		CMCON = 0x07;                             // Desabilita os comparadores internos
0x0418	0x3007      	MOVLW      7
0x0419	0x1683      	BSF        STATUS, 5
0x041A	0x009C      	MOVWF      CMCON
;TermometroV1.c,90 :: 		TRISB = 0x15;                             // Ou 0b00010101, configura todos os pinos que serão utilizados como saídas digitais
0x041B	0x3015      	MOVLW      21
0x041C	0x0086      	MOVWF      TRISB
;TermometroV1.c,91 :: 		TRISC = 0x0F;                             // Ou 0b00001111, configura o primeiro nibble como saída digital
0x041D	0x300F      	MOVLW      15
0x041E	0x0087      	MOVWF      TRISC
;TermometroV1.c,92 :: 		TRISA = 0xFF;
0x041F	0x30FF      	MOVLW      255
0x0420	0x0085      	MOVWF      TRISA
;TermometroV1.c,94 :: 		OPTION_REG = 0x85;                        // Desabilita os pull-ups internos e configura o prescaler do timer0 em 1:64
0x0421	0x3085      	MOVLW      133
0x0422	0x0081      	MOVWF      OPTION_REG
;TermometroV1.c,95 :: 		INTCON = 0xA0;                            // Habilita a interrupção global e a interrupção do timer0
0x0423	0x30A0      	MOVLW      160
0x0424	0x008B      	MOVWF      INTCON
;TermometroV1.c,96 :: 		TMR0 = 0xB2;                              // Inicializa TMR0 = B2h = 178d, para contagem de 78 e overflow de 5ms
0x0425	0x30B2      	MOVLW      178
0x0426	0x1283      	BCF        STATUS, 5
0x0427	0x0081      	MOVWF      TMR0
;TermometroV1.c,97 :: 		disp1 = 0x00;                             // Inicia display 1 desligado
0x0428	0x1186      	BCF        RB3_bit, 3
;TermometroV1.c,98 :: 		disp2 = 0x00;                             // Inicia display 2 desligado
0x0429	0x1086      	BCF        RB1_bit, 1
;TermometroV1.c,100 :: 		ADCON0 = 0x41;                            // Habilita o conversor AD
0x042A	0x3041      	MOVLW      65
0x042B	0x009F      	MOVWF      ADCON0
;TermometroV1.c,101 :: 		ADCON1 = 0x4E;                            // Configura apenas AN0 como entrada analógica, com a conversão no intervalo entre as tensões da fonte
0x042C	0x304E      	MOVLW      78
0x042D	0x1683      	BSF        STATUS, 5
0x042E	0x009F      	MOVWF      ADCON1
;TermometroV1.c,105 :: 		while(1){
L_main8:
;TermometroV1.c,107 :: 		celsius();
0x042F	0x228F      	CALL       _celsius
;TermometroV1.c,109 :: 		delay_ms(1000);
0x0430	0x3006      	MOVLW      6
0x0431	0x00FB      	MOVWF      R11
0x0432	0x3013      	MOVLW      19
0x0433	0x00FC      	MOVWF      R12
0x0434	0x30AD      	MOVLW      173
0x0435	0x00FD      	MOVWF      R13
L_main10:
0x0436	0x0BFD      	DECFSZ     R13, 1
0x0437	0x2C36      	GOTO       L_main10
0x0438	0x0BFC      	DECFSZ     R12, 1
0x0439	0x2C36      	GOTO       L_main10
0x043A	0x0BFB      	DECFSZ     R11, 1
0x043B	0x2C36      	GOTO       L_main10
0x043C	0x0000      	NOP
0x043D	0x0000      	NOP
;TermometroV1.c,111 :: 		} // end loop infinito
0x043E	0x2C2F      	GOTO       L_main8
;TermometroV1.c,113 :: 		} // end void main
0x043F	0x2C3F      	GOTO       $+0
; end of _main
Symbol List:
//** Routines locations **
//ADDRESS    SIZE    PROCEDURE
//----------------------------------------------
0x0004      [53]    _interrupt
0x0039      [12]    _COMFREM
0x0045     [300]    _SDIV3232L
0x0171       [7]    _Delay_22us
0x0178       [7]    _____DoICP
0x017F      [36]    _ADC_Read
0x01A3      [55]    _Mul_32x32_U
0x01DA     [181]    _Div_32x32_S
0x028F     [238]    _celsius
0x037D      [12]    ___CC2DW
0x0389     [126]    _display
0x0407      [57]    _main
//** Variables locations ** 
//ADDRESS    SIZE    VARIABLE
//----------------------------------------------
0x0000       [1]    INDF
0x0001       [1]    TMR0
0x0002       [1]    PCL
0x0003       [0]    RP0_bit
0x0003       [0]    DC_bit
0x0003       [0]    NOT_PD_bit
0x0003       [0]    Z_bit
0x0003       [0]    NOT_TO_bit
0x0003       [0]    C_bit
0x0003       [1]    STATUS
0x0003       [0]    IRP_bit
0x0003       [0]    RP1_bit
0x0004       [1]    FSR
0x0004       [1]    FSRPTR
0x0005       [0]    RA2_bit
0x0005       [1]    PORTA
0x0005       [0]    RA4_bit
0x0005       [0]    RA3_bit
0x0005       [0]    RA5_bit
0x0005       [0]    RA1_bit
0x0005       [0]    RA0_bit
0x0006       [0]    RB3_bit
0x0006       [0]    RB5_bit
0x0006       [0]    RB6_bit
0x0006       [1]    PORTB
0x0006       [0]    RB2_bit
0x0006       [0]    RB7_bit
0x0006       [0]    RB4_bit
0x0006       [0]    RB0_bit
0x0006       [0]    RB1_bit
0x0007       [0]    RC5_bit
0x0007       [0]    RC6_bit
0x0007       [0]    RC7_bit
0x0007       [0]    RC4_bit
0x0007       [0]    RC2_bit
0x0007       [0]    RC1_bit
0x0007       [0]    RC0_bit
0x0007       [0]    RC3_bit
0x0007       [1]    PORTC
0x000A       [1]    PCLATH
0x000B       [0]    RBIE_bit
0x000B       [1]    INTCON
0x000B       [0]    PEIE_bit
0x000B       [0]    GIE_bit
0x000B       [0]    RBIF_bit
0x000B       [0]    T0IE_bit
0x000B       [0]    INTF_bit
0x000B       [0]    INTE_bit
0x000B       [0]    T0IF_bit
0x000B       [0]    TMR0IE_bit
0x000B       [0]    TMR0IF_bit
0x000C       [0]    TMR2IF_bit
0x000C       [0]    CCP1IF_bit
0x000C       [0]    ADIF_bit
0x000C       [0]    TMR1IF_bit
0x000C       [0]    TXIF_bit
0x000C       [0]    RCIF_bit
0x000C       [1]    PIR1
0x000C       [0]    SSPIF_bit
0x000D       [1]    PIR2
0x000D       [0]    CCP2IF_bit
0x000D       [0]    BCLIF_bit
0x000D       [0]    CMIF_bit
0x000D       [0]    EEIF_bit
0x000E       [1]    TMR1L
0x000F       [1]    TMR1H
0x0010       [1]    T1CON
0x0010       [0]    T1INSYNC_bit
0x0010       [0]    T1SYNC_bit
0x0010       [0]    TMR1CS_bit
0x0010       [0]    NOT_T1SYNC_bit
0x0010       [0]    T1CKPS1_bit
0x0010       [0]    T1CKPS0_bit
0x0010       [0]    T1OSCEN_bit
0x0010       [0]    TMR1ON_bit
0x0011       [1]    TMR2
0x0012       [1]    T2CON
0x0012       [0]    T2CKPS1_bit
0x0012       [0]    TOUTPS1_bit
0x0012       [0]    TOUTPS2_bit
0x0012       [0]    TOUTPS3_bit
0x0012       [0]    T2CKPS0_bit
0x0012       [0]    TMR2ON_bit
0x0012       [0]    TOUTPS0_bit
0x0013       [1]    SSPBUF
0x0014       [0]    SSPOV_bit
0x0014       [0]    CKP_bit
0x0014       [0]    SSPM3_bit
0x0014       [0]    WCOL_bit
0x0014       [0]    SSPM1_bit
0x0014       [0]    SSPM0_bit
0x0014       [0]    SSPEN_bit
0x0014       [0]    SSPM2_bit
0x0014       [1]    SSPCON
0x0015       [1]    CCPR1L
0x0015       [2]    CCPR1
0x0016       [1]    CCPR1H
0x0017       [0]    CCP1M3_bit
0x0017       [1]    CCP1CON
0x0017       [0]    CCP1X_bit
0x0017       [0]    CCP1Y_bit
0x0017       [0]    CCP1M1_bit
0x0017       [0]    CCP1M0_bit
0x0017       [0]    CCP1M2_bit
0x0018       [0]    RC9_bit
0x0018       [0]    RX9_bit
0x0018       [0]    SPEN_bit
0x0018       [0]    OERR_bit
0x0018       [0]    FERR_bit
0x0018       [0]    RX9D_bit
0x0018       [1]    RCSTA
0x0018       [0]    RCD8_bit
0x0018       [0]    ADDEN_bit
0x0018       [0]    RC8_9_bit
0x0018       [0]    NOT_RC8_bit
0x0018       [0]    SREN_bit
0x0018       [0]    CREN_bit
0x0019       [1]    TXREG
0x001A       [1]    RCREG
0x001B       [1]    CCPR2L
0x001B       [2]    CCPR2
0x001C       [1]    CCPR2H
0x001D       [0]    CCP2M1_bit
0x001D       [0]    CCP2M0_bit
0x001D       [0]    CCP2X_bit
0x001D       [1]    CCP2CON
0x001D       [0]    CCP2Y_bit
0x001D       [0]    CCP2M2_bit
0x001D       [0]    CCP2M3_bit
0x001E       [1]    ADRESH
0x001F       [0]    CHS1_bit
0x001F       [0]    CHS0_bit
0x001F       [0]    CHS2_bit
0x001F       [0]    ADCS1_bit
0x001F       [0]    ADCS0_bit
0x001F       [0]    ADON_bit
0x001F       [1]    ADCON0
0x001F       [0]    GO_DONE_bit
0x001F       [0]    GO_bit
0x001F       [0]    NOT_DONE_bit
0x0020       [1]    ___math_tempb
0x0022       [1]    _dezena
0x0023       [1]    _unidade
0x0024       [1]    _control
0x0025       [4]    _ultimaTemperatura
0x0029       [4]    _mediaMovel
0x002D       [4]    _temperatura
0x0031       [2]    ___DoICPAddr
0x0033       [1]    ___saveSTATUS
0x0034       [1]    ___savePCLATH
0x0035       [1]    FARG_ADC_Read_channel
0x0036       [1]    FARG_display_n
0x0070       [1]    R0
0x0071       [1]    R1
0x0072       [1]    R2
0x0073       [1]    R3
0x0074       [1]    R4
0x0075       [1]    R5
0x0076       [1]    R6
0x0077       [1]    R7
0x0078       [1]    R8
0x0079       [1]    R9
0x007A       [1]    R10
0x007B       [1]    R11
0x007C       [1]    R12
0x007D       [1]    R13
0x007E       [1]    R14
0x007F       [1]    R15
0x0081       [0]    PS0_bit
0x0081       [1]    OPTION_REG
0x0081       [0]    T0SE_bit
0x0081       [0]    PSA_bit
0x0081       [0]    PS2_bit
0x0081       [0]    NOT_RBPU_bit
0x0081       [0]    INTEDG_bit
0x0081       [0]    T0CS_bit
0x0081       [0]    PS1_bit
0x0085       [0]    TRISA3_bit
0x0085       [0]    TRISA4_bit
0x0085       [0]    TRISA0_bit
0x0085       [1]    TRISA
0x0085       [0]    TRISA2_bit
0x0085       [0]    TRISA1_bit
0x0085       [0]    TRISA5_bit
0x0086       [0]    TRISB7_bit
0x0086       [0]    TRISB3_bit
0x0086       [0]    TRISB0_bit
0x0086       [0]    TRISB1_bit
0x0086       [0]    TRISB2_bit
0x0086       [1]    TRISB
0x0086       [0]    TRISB6_bit
0x0086       [0]    TRISB5_bit
0x0086       [0]    TRISB4_bit
0x0087       [0]    TRISC2_bit
0x0087       [0]    TRISC3_bit
0x0087       [0]    TRISC0_bit
0x0087       [0]    TRISC1_bit
0x0087       [0]    TRISC4_bit
0x0087       [0]    TRISC7_bit
0x0087       [1]    TRISC
0x0087       [0]    TRISC5_bit
0x0087       [0]    TRISC6_bit
0x008C       [0]    CCP1IE_bit
0x008C       [0]    SSPIE_bit
0x008C       [0]    TMR1IE_bit
0x008C       [0]    TMR2IE_bit
0x008C       [1]    PIE1
0x008C       [0]    ADIE_bit
0x008C       [0]    TXIE_bit
0x008C       [0]    RCIE_bit
0x008D       [1]    PIE2
0x008D       [0]    CCP2IE_bit
0x008D       [0]    BCLIE_bit
0x008D       [0]    CMIE_bit
0x008D       [0]    EEIE_bit
0x008E       [1]    PCON
0x008E       [0]    NOT_BOR_bit
0x008E       [0]    NOT_BO_bit
0x008E       [0]    NOT_POR_bit
0x0091       [0]    RSEN_bit
0x0091       [0]    PEN_bit
0x0091       [1]    SSPCON2
0x0091       [0]    SEN_bit
0x0091       [0]    RCEN_bit
0x0091       [0]    ACKSTAT_bit
0x0091       [0]    GCEN_bit
0x0091       [0]    ACKEN_bit
0x0091       [0]    ACKDT_bit
0x0092       [1]    PR2
0x0093       [1]    SSPADD
0x0094       [0]    R_bit
0x0094       [0]    I2C_START__bit
0x0094       [0]    P_bit
0x0094       [0]    I2C_STOP__bit
0x0094       [0]    S_bit
0x0094       [0]    I2C_READ_bit
0x0094       [0]    UA_bit
0x0094       [0]    BF_bit
0x0094       [1]    SSPSTAT
0x0094       [0]    READ_WRITE_bit
0x0094       [0]    NOT_W_bit
0x0094       [0]    NOT_WRITE_bit
0x0094       [0]    R_W_bit
0x0094       [0]    DATA_ADDRESS_bit
0x0094       [0]    D_bit
0x0094       [0]    CKE_bit
0x0094       [0]    NOT_A_bit
0x0094       [0]    I2C_DATA_bit
0x0094       [0]    SMP_bit
0x0094       [0]    D_A_bit
0x0094       [0]    NOT_ADDRESS_bit
0x0098       [0]    TX8_9_bit
0x0098       [0]    TXEN_bit
0x0098       [0]    TX9D_bit
0x0098       [0]    TXD8_bit
0x0098       [0]    TRMT_bit
0x0098       [0]    SYNC_bit
0x0098       [0]    BRGH_bit
0x0098       [0]    NOT_TX8_bit
0x0098       [1]    TXSTA
0x0098       [0]    CSRC_bit
0x0098       [0]    TX9_bit
0x0099       [1]    SPBRG
0x009C       [0]    CM2_bit
0x009C       [0]    C1INV_bit
0x009C       [0]    CIS_bit
0x009C       [0]    CM1_bit
0x009C       [0]    CM0_bit
0x009C       [1]    CMCON
0x009C       [0]    C2OUT_bit
0x009C       [0]    C1OUT_bit
0x009C       [0]    C2INV_bit
0x009D       [0]    CVR2_bit
0x009D       [0]    CVR3_bit
0x009D       [0]    CVR0_bit
0x009D       [0]    CVR1_bit
0x009D       [0]    CVRR_bit
0x009D       [1]    CVRCON
0x009D       [0]    CVREN_bit
0x009D       [0]    CVROE_bit
0x009E       [1]    ADRESL
0x009F       [0]    PCFG1_bit
0x009F       [0]    PCFG0_bit
0x009F       [1]    ADCON1
0x009F       [0]    PCFG2_bit
0x009F       [0]    ADFM_bit
0x009F       [0]    ADCS2_bit
0x009F       [0]    PCFG3_bit
0x010C       [1]    EEDATA
0x010D       [1]    EEADR
0x010E       [1]    EEDATH
0x010F       [1]    EEADRH
0x018C       [0]    WREN_bit
0x018C       [0]    WR_bit
0x018C       [0]    RD_bit
0x018C       [0]    WRERR_bit
0x018C       [1]    EECON1
0x018C       [0]    EEPGD_bit
0x018D       [1]    EECON2
//** Label List: ** 
//----------------------------------------------
  L_interrupt0
  L_interrupt1
  L_interrupt2
  L_interrupt3
  L_interrupt4
  L_interrupt5
  L_interrupt6
  L_interrupt7
  L_main8
  L_main9
  L_main10
  L_celsius11
  L_celsius12
  L_celsius13
  L_celsius14
  L_celsius15
  L_celsius16
  L_celsius17
  L_display18
  L_display19
  L_display20
  L_display21
  L_display22
  L_display23
  L_display24
  L_display25
  L_display26
  L_display27
  L_display28
  L_display29
  L__interrupt30
  L__interrupt31
  L__celsius32
  _interrupt
  L__interrupt33
  _main
  _celsius
  L__celsius34
  L__celsius35
  L__celsius36
  L__celsius37
  L__celsius38
  L__celsius39
  _display
  L_ADC_Get_Sample0
  L_ADC_Get_Sample1
  L_ADC_Read2
  L_ADC_Read3
  _ADC_Init
  _ADC_Get_Sample
  _ADC_Read
  L_Delay_10us0
  L_Delay_22us1
  L_Delay_50us2
  L_Delay_80us3
  L_Delay_500us4
  L_Delay_5500us5
  L_Delay_1ms6
  L_Delay_5ms7
  L_Delay_8ms8
  L_Delay_100ms9
  L_Delay_1sec10
  L_boot16_Delay_5ms11
  L_Delay_Cyc12
  L_Delay_Cyc13
  L_VDelay_ms14
  L_VDelay_ms15
  L_VDelay_ms16
  L_VDelay_Advanced_ms17
  L_VDelay_Advanced_ms18
  L_VDelay_Advanced_ms19
  _Get_Fosc_kHz
  _Delay_1us
  _Delay_10us
  _Delay_22us
  _Delay_50us
  _Delay_80us
  _Delay_500us
  _Delay_5500us
  _Delay_1ms
  _Delay_5ms
  _Delay_8ms
  _Delay_100ms
  _Delay_1sec
  _boot16_Delay_5ms
  _Delay_Cyc
  _VDelay_ms
  L__VDelay_ms20
  L__VDelay_ms21
  L__VDelay_ms22
  _VDelay_Advanced_ms
  L__VDelay_Advanced_ms23
  L__VDelay_Advanced_ms24
  L__VDelay_Advanced_ms25
  L_Div_16x16_S0
  L_Div_16x16_S1
  LOOPS3232A
  SADD22LA
  SOK22LA
  SADD22L8
  SOK22L8
  LOOPS3232B
  SADD22LB
  SOK22LB
  SADD22L16
  SOK22L16
  LOOPS3232C
  SADD22LC
  SOK22LC
  SADD22L24
  SOK22L24
  LOOPS3232D
  SADD22LD
  SOK22LD
  SOK22L
  L_Div_32x32_S6
  L_Div_32x32_S7
  L_Div_32x32_S8
  L_Div_32x32_S9
  FXD3232S
  END_ALL
  CA3232S
  C3232SX
  C3232SX1
  C3232S
  C3232S2
  C3232SX4
  C3232SOK
  C3232SX3
  C3232SX2
  avoid_comfrem
  LOOPU3232A
  UADD22LA
  UOK22LA
  UADD22L8
  UOK22L8
  LOOPU3232B
  UADD22LB
  UOK22LB
  UADD22L16
  UOK22L16
  LOOPU3232C
  UADD22LC
  UOK22LC
  UADD22L24
  UOK22L24
  LOOPU3232D
  UADD22LD
  UOK22LD
  UOK22L
  _NEXT
  _EXIT2
  _LOOP
  _EXIT1
  _IF_FIRST
  _IF_SECOND
  _INVERCE_FIRST
  _MULT
  _INBERSE_SECOND
  _EXIT
  _Mul_8x8_U
  _Mul_16x16_U
  _Div_8x8_U
  _Div_16x16_U
  _Mul_8x8_S
  _Mul_16x16_S
  _Div_16x16_S_L
  _Div_16x16_S
  _Div_8x8_S
  _SDIV3232L
  _COMFREM
  _Div_32x32_S
  _Div_32x32_U
  _Mul_32x32_U
  _Mul_32x32_S
  _CC2D_Loop1
  _____DoICP
  _____DoIFC
  ___CC2DW
  _Swap
  L_interrupt0
  L_interrupt1
  L_interrupt2
  L_interrupt3
  L_interrupt4
  L_interrupt5
  L_interrupt6
  L_interrupt7
  L_main8
  L_main9
  L_main10
  L_celsius11
  L_celsius12
  L_celsius13
  L_celsius14
  L_celsius15
  L_celsius16
  L_celsius17
  L_display18
  L_display19
  L_display20
  L_display21
  L_display22
  L_display23
  L_display24
  L_display25
  L_display26
  L_display27
  L_display28
  L_display29
  L__interrupt30
  L__interrupt31
  L__celsius32
  _interrupt
  L__interrupt33
  _main
  _celsius
  L__celsius34
  L__celsius35
  L__celsius36
  L__celsius37
  L__celsius38
  L__celsius39
  _display
