;  LST file generated by mikroListExporter - v.2.0 
; Date/Time: 26/05/2020 22:15:31
;----------------------------------------------

;Address Opcode 	ASM
0x0000	0x2A00      	GOTO       512
_interrupt:
0x0004	0x00FF      	MOVWF      R15
0x0005	0x0E03      	SWAPF      STATUS, 0
0x0006	0x0183      	CLRF       STATUS
0x0007	0x00B5      	MOVWF      ___saveSTATUS
0x0008	0x080A      	MOVF       PCLATH, 0
0x0009	0x00B6      	MOVWF      ___savePCLATH
0x000A	0x018A      	CLRF       PCLATH
0x000B	0x0870      	MOVF       R0, 0
0x000C	0x00A1      	MOVWF      33
0x000D	0x087C      	MOVF       R12, 0
0x000E	0x00A0      	MOVWF      32
0x000F	0x0804      	MOVF       FSR, 0
0x0010	0x00A2      	MOVWF      34
;DespertadorPic.c,66 :: 		void interrupt(){
;DespertadorPic.c,68 :: 		if(INTF_bit){
0x0011	0x1C8B      	BTFSS      INTF_bit, 1
0x0012	0x281B      	GOTO       L_interrupt0
;DespertadorPic.c,70 :: 		INTF_bit = 0x00;
0x0013	0x108B      	BCF        INTF_bit, 1
;DespertadorPic.c,72 :: 		flag.B3 = ~flag.B3;
0x0014	0x3008      	MOVLW      8
0x0015	0x06A3      	XORWF      _flag, 1
;DespertadorPic.c,74 :: 		if(flag.B3) ledAlarme = 0x01;
0x0016	0x1DA3      	BTFSS      _flag, 3
0x0017	0x281A      	GOTO       L_interrupt1
0x0018	0x1505      	BSF        RA2_bit, 2
0x0019	0x281B      	GOTO       L_interrupt2
L_interrupt1:
;DespertadorPic.c,75 :: 		else ledAlarme = 0x00;
0x001A	0x1105      	BCF        RA2_bit, 2
L_interrupt2:
;DespertadorPic.c,76 :: 		}
L_interrupt0:
;DespertadorPic.c,78 :: 		if(T0IF_bit){
0x001B	0x1D0B      	BTFSS      T0IF_bit, 2
0x001C	0x2933      	GOTO       L_interrupt3
;DespertadorPic.c,80 :: 		T0IF_bit = 0x00;
0x001D	0x110B      	BCF        T0IF_bit, 2
;DespertadorPic.c,82 :: 		if(flag.B3){
0x001E	0x1DA3      	BTFSS      _flag, 3
0x001F	0x282C      	GOTO       L_interrupt4
;DespertadorPic.c,83 :: 		if(minuAlarme == minu && horaAlarme == hora)
0x0020	0x0827      	MOVF       _minuAlarme, 0
0x0021	0x0625      	XORWF      _minu, 0
0x0022	0x1D03      	BTFSS      STATUS, 2
0x0023	0x282A      	GOTO       L_interrupt7
0x0024	0x082A      	MOVF       _horaAlarme, 0
0x0025	0x0624      	XORWF      _hora, 0
0x0026	0x1D03      	BTFSS      STATUS, 2
0x0027	0x282A      	GOTO       L_interrupt7
L__interrupt86:
;DespertadorPic.c,84 :: 		buzzer = 0x01;
0x0028	0x1485      	BSF        RA1_bit, 1
0x0029	0x282B      	GOTO       L_interrupt8
L_interrupt7:
;DespertadorPic.c,86 :: 		buzzer = 0x00;
0x002A	0x1085      	BCF        RA1_bit, 1
L_interrupt8:
;DespertadorPic.c,87 :: 		}
0x002B	0x282D      	GOTO       L_interrupt9
L_interrupt4:
;DespertadorPic.c,89 :: 		buzzer = 0x00;
0x002C	0x1085      	BCF        RA1_bit, 1
L_interrupt9:
;DespertadorPic.c,91 :: 		if(!flag.B2){
0x002D	0x1923      	BTFSC      _flag, 2
0x002E	0x28B0      	GOTO       L_interrupt10
;DespertadorPic.c,92 :: 		if(!mil && control == 0x01){
0x002F	0x1886      	BTFSC      RB1_bit, 1
0x0030	0x2851      	GOTO       L_interrupt13
0x0031	0x0829      	MOVF       _control, 0
0x0032	0x3A01      	XORLW      1
0x0033	0x1D03      	BTFSS      STATUS, 2
0x0034	0x2851      	GOTO       L_interrupt13
L__interrupt85:
;DespertadorPic.c,94 :: 		cent = 0x00;
0x0035	0x1106      	BCF        RB2_bit, 2
;DespertadorPic.c,95 :: 		dez = 0x00;
0x0036	0x1186      	BCF        RB3_bit, 3
;DespertadorPic.c,96 :: 		uni = 0x00;
0x0037	0x1206      	BCF        RB4_bit, 4
;DespertadorPic.c,97 :: 		control = 0x02;
0x0038	0x3002      	MOVLW      2
0x0039	0x00A9      	MOVWF      _control
;DespertadorPic.c,98 :: 		PORTC = 0x00;
0x003A	0x0187      	CLRF       PORTC
;DespertadorPic.c,99 :: 		milesimo = (hora%100)/10; // Ex: 22 % 100 = 22, 22 / 10 = 2. Logo, milesimo = 2
0x003B	0x3064      	MOVLW      100
0x003C	0x00F4      	MOVWF      R4
0x003D	0x0824      	MOVF       _hora, 0
0x003E	0x00F0      	MOVWF      R0
0x003F	0x21EF      	CALL       _Div_8x8_U
0x0040	0x0878      	MOVF       R8, 0
0x0041	0x00F0      	MOVWF      R0
0x0042	0x300A      	MOVLW      10
0x0043	0x00F4      	MOVWF      R4
0x0044	0x21EF      	CALL       _Div_8x8_U
0x0045	0x0870      	MOVF       R0, 0
0x0046	0x00AF      	MOVWF      _milesimo
0x0047	0x01B0      	CLRF       _milesimo+1
;DespertadorPic.c,100 :: 		mil = 0x01;
0x0048	0x1486      	BSF        RB1_bit, 1
;DespertadorPic.c,101 :: 		PORTC = display(milesimo);
0x0049	0x082F      	MOVF       _milesimo, 0
0x004A	0x00B7      	MOVWF      FARG_display_num
0x004B	0x0830      	MOVF       _milesimo+1, 0
0x004C	0x00B8      	MOVWF      FARG_display_num+1
0x004D	0x21B5      	CALL       _display
0x004E	0x0870      	MOVF       R0, 0
0x004F	0x0087      	MOVWF      PORTC
;DespertadorPic.c,102 :: 		}
0x0050	0x28B0      	GOTO       L_interrupt14
L_interrupt13:
;DespertadorPic.c,103 :: 		else if(!cent && control == 0x02){
0x0051	0x1906      	BTFSC      RB2_bit, 2
0x0052	0x2870      	GOTO       L_interrupt17
0x0053	0x0829      	MOVF       _control, 0
0x0054	0x3A02      	XORLW      2
0x0055	0x1D03      	BTFSS      STATUS, 2
0x0056	0x2870      	GOTO       L_interrupt17
L__interrupt84:
;DespertadorPic.c,105 :: 		mil = 0x00;
0x0057	0x1086      	BCF        RB1_bit, 1
;DespertadorPic.c,106 :: 		dez = 0x00;
0x0058	0x1186      	BCF        RB3_bit, 3
;DespertadorPic.c,107 :: 		uni = 0x00;
0x0059	0x1206      	BCF        RB4_bit, 4
;DespertadorPic.c,108 :: 		control = 0x03;
0x005A	0x3003      	MOVLW      3
0x005B	0x00A9      	MOVWF      _control
;DespertadorPic.c,109 :: 		PORTC = 0x00;
0x005C	0x0187      	CLRF       PORTC
;DespertadorPic.c,110 :: 		centena = hora%10;
0x005D	0x300A      	MOVLW      10
0x005E	0x00F4      	MOVWF      R4
0x005F	0x0824      	MOVF       _hora, 0
0x0060	0x00F0      	MOVWF      R0
0x0061	0x21EF      	CALL       _Div_8x8_U
0x0062	0x0878      	MOVF       R8, 0
0x0063	0x00F0      	MOVWF      R0
0x0064	0x0870      	MOVF       R0, 0
0x0065	0x00AD      	MOVWF      _centena
0x0066	0x01AE      	CLRF       _centena+1
;DespertadorPic.c,111 :: 		cent = 0x01;
0x0067	0x1506      	BSF        RB2_bit, 2
;DespertadorPic.c,112 :: 		PORTC = display(centena);
0x0068	0x082D      	MOVF       _centena, 0
0x0069	0x00B7      	MOVWF      FARG_display_num
0x006A	0x082E      	MOVF       _centena+1, 0
0x006B	0x00B8      	MOVWF      FARG_display_num+1
0x006C	0x21B5      	CALL       _display
0x006D	0x0870      	MOVF       R0, 0
0x006E	0x0087      	MOVWF      PORTC
;DespertadorPic.c,113 :: 		}
0x006F	0x28B0      	GOTO       L_interrupt18
L_interrupt17:
;DespertadorPic.c,114 :: 		else if(!dez && control == 0x03){
0x0070	0x1986      	BTFSC      RB3_bit, 3
0x0071	0x2892      	GOTO       L_interrupt21
0x0072	0x0829      	MOVF       _control, 0
0x0073	0x3A03      	XORLW      3
0x0074	0x1D03      	BTFSS      STATUS, 2
0x0075	0x2892      	GOTO       L_interrupt21
L__interrupt83:
;DespertadorPic.c,116 :: 		mil = 0x00;
0x0076	0x1086      	BCF        RB1_bit, 1
;DespertadorPic.c,117 :: 		cent = 0x00;
0x0077	0x1106      	BCF        RB2_bit, 2
;DespertadorPic.c,118 :: 		uni = 0x00;
0x0078	0x1206      	BCF        RB4_bit, 4
;DespertadorPic.c,119 :: 		control = 0x04;
0x0079	0x3004      	MOVLW      4
0x007A	0x00A9      	MOVWF      _control
;DespertadorPic.c,120 :: 		PORTC = 0x00;
0x007B	0x0187      	CLRF       PORTC
;DespertadorPic.c,121 :: 		dezena = (minu%100)/10;
0x007C	0x3064      	MOVLW      100
0x007D	0x00F4      	MOVWF      R4
0x007E	0x0825      	MOVF       _minu, 0
0x007F	0x00F0      	MOVWF      R0
0x0080	0x21EF      	CALL       _Div_8x8_U
0x0081	0x0878      	MOVF       R8, 0
0x0082	0x00F0      	MOVWF      R0
0x0083	0x300A      	MOVLW      10
0x0084	0x00F4      	MOVWF      R4
0x0085	0x21EF      	CALL       _Div_8x8_U
0x0086	0x0870      	MOVF       R0, 0
0x0087	0x00B3      	MOVWF      _dezena
0x0088	0x01B4      	CLRF       _dezena+1
;DespertadorPic.c,122 :: 		dez = 0x01;
0x0089	0x1586      	BSF        RB3_bit, 3
;DespertadorPic.c,123 :: 		PORTC = display(dezena);
0x008A	0x0833      	MOVF       _dezena, 0
0x008B	0x00B7      	MOVWF      FARG_display_num
0x008C	0x0834      	MOVF       _dezena+1, 0
0x008D	0x00B8      	MOVWF      FARG_display_num+1
0x008E	0x21B5      	CALL       _display
0x008F	0x0870      	MOVF       R0, 0
0x0090	0x0087      	MOVWF      PORTC
;DespertadorPic.c,124 :: 		}
0x0091	0x28B0      	GOTO       L_interrupt22
L_interrupt21:
;DespertadorPic.c,125 :: 		else if(!uni && control == 0x04){
0x0092	0x1A06      	BTFSC      RB4_bit, 4
0x0093	0x28B0      	GOTO       L_interrupt25
0x0094	0x0829      	MOVF       _control, 0
0x0095	0x3A04      	XORLW      4
0x0096	0x1D03      	BTFSS      STATUS, 2
0x0097	0x28B0      	GOTO       L_interrupt25
L__interrupt82:
;DespertadorPic.c,127 :: 		mil = 0x00;
0x0098	0x1086      	BCF        RB1_bit, 1
;DespertadorPic.c,128 :: 		cent = 0x00;
0x0099	0x1106      	BCF        RB2_bit, 2
;DespertadorPic.c,129 :: 		dez = 0x00;
0x009A	0x1186      	BCF        RB3_bit, 3
;DespertadorPic.c,130 :: 		control = 0x01;
0x009B	0x3001      	MOVLW      1
0x009C	0x00A9      	MOVWF      _control
;DespertadorPic.c,131 :: 		PORTC = 0x00;
0x009D	0x0187      	CLRF       PORTC
;DespertadorPic.c,132 :: 		unidade = minu%10;
0x009E	0x300A      	MOVLW      10
0x009F	0x00F4      	MOVWF      R4
0x00A0	0x0825      	MOVF       _minu, 0
0x00A1	0x00F0      	MOVWF      R0
0x00A2	0x21EF      	CALL       _Div_8x8_U
0x00A3	0x0878      	MOVF       R8, 0
0x00A4	0x00F0      	MOVWF      R0
0x00A5	0x0870      	MOVF       R0, 0
0x00A6	0x00B1      	MOVWF      _unidade
0x00A7	0x01B2      	CLRF       _unidade+1
;DespertadorPic.c,133 :: 		uni = 0x01;
0x00A8	0x1606      	BSF        RB4_bit, 4
;DespertadorPic.c,134 :: 		PORTC = display(unidade);
0x00A9	0x0831      	MOVF       _unidade, 0
0x00AA	0x00B7      	MOVWF      FARG_display_num
0x00AB	0x0832      	MOVF       _unidade+1, 0
0x00AC	0x00B8      	MOVWF      FARG_display_num+1
0x00AD	0x21B5      	CALL       _display
0x00AE	0x0870      	MOVF       R0, 0
0x00AF	0x0087      	MOVWF      PORTC
;DespertadorPic.c,135 :: 		}
L_interrupt25:
L_interrupt22:
L_interrupt18:
L_interrupt14:
;DespertadorPic.c,136 :: 		}
L_interrupt10:
;DespertadorPic.c,137 :: 		if(flag.B2){
0x00B0	0x1D23      	BTFSS      _flag, 2
0x00B1	0x2933      	GOTO       L_interrupt26
;DespertadorPic.c,138 :: 		if(!mil && control == 0x01){
0x00B2	0x1886      	BTFSC      RB1_bit, 1
0x00B3	0x28D4      	GOTO       L_interrupt29
0x00B4	0x0829      	MOVF       _control, 0
0x00B5	0x3A01      	XORLW      1
0x00B6	0x1D03      	BTFSS      STATUS, 2
0x00B7	0x28D4      	GOTO       L_interrupt29
L__interrupt81:
;DespertadorPic.c,140 :: 		cent = 0x00;
0x00B8	0x1106      	BCF        RB2_bit, 2
;DespertadorPic.c,141 :: 		dez = 0x00;
0x00B9	0x1186      	BCF        RB3_bit, 3
;DespertadorPic.c,142 :: 		uni = 0x00;
0x00BA	0x1206      	BCF        RB4_bit, 4
;DespertadorPic.c,143 :: 		control = 0x02;
0x00BB	0x3002      	MOVLW      2
0x00BC	0x00A9      	MOVWF      _control
;DespertadorPic.c,144 :: 		PORTC = 0x00;
0x00BD	0x0187      	CLRF       PORTC
;DespertadorPic.c,145 :: 		milesimo = (horaAlarme%100)/10; // Ex: 22 % 100 = 22, 22 / 10 = 2. Logo, milesimo = 2
0x00BE	0x3064      	MOVLW      100
0x00BF	0x00F4      	MOVWF      R4
0x00C0	0x082A      	MOVF       _horaAlarme, 0
0x00C1	0x00F0      	MOVWF      R0
0x00C2	0x21EF      	CALL       _Div_8x8_U
0x00C3	0x0878      	MOVF       R8, 0
0x00C4	0x00F0      	MOVWF      R0
0x00C5	0x300A      	MOVLW      10
0x00C6	0x00F4      	MOVWF      R4
0x00C7	0x21EF      	CALL       _Div_8x8_U
0x00C8	0x0870      	MOVF       R0, 0
0x00C9	0x00AF      	MOVWF      _milesimo
0x00CA	0x01B0      	CLRF       _milesimo+1
;DespertadorPic.c,146 :: 		mil = 0x01;
0x00CB	0x1486      	BSF        RB1_bit, 1
;DespertadorPic.c,147 :: 		PORTC = display(milesimo);
0x00CC	0x082F      	MOVF       _milesimo, 0
0x00CD	0x00B7      	MOVWF      FARG_display_num
0x00CE	0x0830      	MOVF       _milesimo+1, 0
0x00CF	0x00B8      	MOVWF      FARG_display_num+1
0x00D0	0x21B5      	CALL       _display
0x00D1	0x0870      	MOVF       R0, 0
0x00D2	0x0087      	MOVWF      PORTC
;DespertadorPic.c,148 :: 		}
0x00D3	0x2933      	GOTO       L_interrupt30
L_interrupt29:
;DespertadorPic.c,149 :: 		else if(!cent && control == 0x02){
0x00D4	0x1906      	BTFSC      RB2_bit, 2
0x00D5	0x28F3      	GOTO       L_interrupt33
0x00D6	0x0829      	MOVF       _control, 0
0x00D7	0x3A02      	XORLW      2
0x00D8	0x1D03      	BTFSS      STATUS, 2
0x00D9	0x28F3      	GOTO       L_interrupt33
L__interrupt80:
;DespertadorPic.c,151 :: 		mil = 0x00;
0x00DA	0x1086      	BCF        RB1_bit, 1
;DespertadorPic.c,152 :: 		dez = 0x00;
0x00DB	0x1186      	BCF        RB3_bit, 3
;DespertadorPic.c,153 :: 		uni = 0x00;
0x00DC	0x1206      	BCF        RB4_bit, 4
;DespertadorPic.c,154 :: 		control = 0x03;
0x00DD	0x3003      	MOVLW      3
0x00DE	0x00A9      	MOVWF      _control
;DespertadorPic.c,155 :: 		PORTC = 0x00;
0x00DF	0x0187      	CLRF       PORTC
;DespertadorPic.c,156 :: 		centena = horaAlarme%10;
0x00E0	0x300A      	MOVLW      10
0x00E1	0x00F4      	MOVWF      R4
0x00E2	0x082A      	MOVF       _horaAlarme, 0
0x00E3	0x00F0      	MOVWF      R0
0x00E4	0x21EF      	CALL       _Div_8x8_U
0x00E5	0x0878      	MOVF       R8, 0
0x00E6	0x00F0      	MOVWF      R0
0x00E7	0x0870      	MOVF       R0, 0
0x00E8	0x00AD      	MOVWF      _centena
0x00E9	0x01AE      	CLRF       _centena+1
;DespertadorPic.c,157 :: 		cent = 0x01;
0x00EA	0x1506      	BSF        RB2_bit, 2
;DespertadorPic.c,158 :: 		PORTC = display(centena);
0x00EB	0x082D      	MOVF       _centena, 0
0x00EC	0x00B7      	MOVWF      FARG_display_num
0x00ED	0x082E      	MOVF       _centena+1, 0
0x00EE	0x00B8      	MOVWF      FARG_display_num+1
0x00EF	0x21B5      	CALL       _display
0x00F0	0x0870      	MOVF       R0, 0
0x00F1	0x0087      	MOVWF      PORTC
;DespertadorPic.c,159 :: 		}
0x00F2	0x2933      	GOTO       L_interrupt34
L_interrupt33:
;DespertadorPic.c,160 :: 		else if(!dez && control == 0x03){
0x00F3	0x1986      	BTFSC      RB3_bit, 3
0x00F4	0x2915      	GOTO       L_interrupt37
0x00F5	0x0829      	MOVF       _control, 0
0x00F6	0x3A03      	XORLW      3
0x00F7	0x1D03      	BTFSS      STATUS, 2
0x00F8	0x2915      	GOTO       L_interrupt37
L__interrupt79:
;DespertadorPic.c,162 :: 		mil = 0x00;
0x00F9	0x1086      	BCF        RB1_bit, 1
;DespertadorPic.c,163 :: 		cent = 0x00;
0x00FA	0x1106      	BCF        RB2_bit, 2
;DespertadorPic.c,164 :: 		uni = 0x00;
0x00FB	0x1206      	BCF        RB4_bit, 4
;DespertadorPic.c,165 :: 		control = 0x04;
0x00FC	0x3004      	MOVLW      4
0x00FD	0x00A9      	MOVWF      _control
;DespertadorPic.c,166 :: 		PORTC = 0x00;
0x00FE	0x0187      	CLRF       PORTC
;DespertadorPic.c,167 :: 		dezena = (minuAlarme%100)/10;
0x00FF	0x3064      	MOVLW      100
0x0100	0x00F4      	MOVWF      R4
0x0101	0x0827      	MOVF       _minuAlarme, 0
0x0102	0x00F0      	MOVWF      R0
0x0103	0x21EF      	CALL       _Div_8x8_U
0x0104	0x0878      	MOVF       R8, 0
0x0105	0x00F0      	MOVWF      R0
0x0106	0x300A      	MOVLW      10
0x0107	0x00F4      	MOVWF      R4
0x0108	0x21EF      	CALL       _Div_8x8_U
0x0109	0x0870      	MOVF       R0, 0
0x010A	0x00B3      	MOVWF      _dezena
0x010B	0x01B4      	CLRF       _dezena+1
;DespertadorPic.c,168 :: 		dez = 0x01;
0x010C	0x1586      	BSF        RB3_bit, 3
;DespertadorPic.c,169 :: 		PORTC = display(dezena);
0x010D	0x0833      	MOVF       _dezena, 0
0x010E	0x00B7      	MOVWF      FARG_display_num
0x010F	0x0834      	MOVF       _dezena+1, 0
0x0110	0x00B8      	MOVWF      FARG_display_num+1
0x0111	0x21B5      	CALL       _display
0x0112	0x0870      	MOVF       R0, 0
0x0113	0x0087      	MOVWF      PORTC
;DespertadorPic.c,170 :: 		}
0x0114	0x2933      	GOTO       L_interrupt38
L_interrupt37:
;DespertadorPic.c,171 :: 		else if(!uni && control == 0x04){
0x0115	0x1A06      	BTFSC      RB4_bit, 4
0x0116	0x2933      	GOTO       L_interrupt41
0x0117	0x0829      	MOVF       _control, 0
0x0118	0x3A04      	XORLW      4
0x0119	0x1D03      	BTFSS      STATUS, 2
0x011A	0x2933      	GOTO       L_interrupt41
L__interrupt78:
;DespertadorPic.c,173 :: 		mil = 0x00;
0x011B	0x1086      	BCF        RB1_bit, 1
;DespertadorPic.c,174 :: 		cent = 0x00;
0x011C	0x1106      	BCF        RB2_bit, 2
;DespertadorPic.c,175 :: 		dez = 0x00;
0x011D	0x1186      	BCF        RB3_bit, 3
;DespertadorPic.c,176 :: 		control = 0x01;
0x011E	0x3001      	MOVLW      1
0x011F	0x00A9      	MOVWF      _control
;DespertadorPic.c,177 :: 		PORTC = 0x00;
0x0120	0x0187      	CLRF       PORTC
;DespertadorPic.c,178 :: 		unidade = minuAlarme%10;
0x0121	0x300A      	MOVLW      10
0x0122	0x00F4      	MOVWF      R4
0x0123	0x0827      	MOVF       _minuAlarme, 0
0x0124	0x00F0      	MOVWF      R0
0x0125	0x21EF      	CALL       _Div_8x8_U
0x0126	0x0878      	MOVF       R8, 0
0x0127	0x00F0      	MOVWF      R0
0x0128	0x0870      	MOVF       R0, 0
0x0129	0x00B1      	MOVWF      _unidade
0x012A	0x01B2      	CLRF       _unidade+1
;DespertadorPic.c,179 :: 		uni = 0x01;
0x012B	0x1606      	BSF        RB4_bit, 4
;DespertadorPic.c,180 :: 		PORTC = display(unidade);
0x012C	0x0831      	MOVF       _unidade, 0
0x012D	0x00B7      	MOVWF      FARG_display_num
0x012E	0x0832      	MOVF       _unidade+1, 0
0x012F	0x00B8      	MOVWF      FARG_display_num+1
0x0130	0x21B5      	CALL       _display
0x0131	0x0870      	MOVF       R0, 0
0x0132	0x0087      	MOVWF      PORTC
;DespertadorPic.c,181 :: 		}
L_interrupt41:
L_interrupt38:
L_interrupt34:
L_interrupt30:
;DespertadorPic.c,182 :: 		}
L_interrupt26:
;DespertadorPic.c,183 :: 		}
L_interrupt3:
;DespertadorPic.c,185 :: 		if(TMR1IF_bit){
0x0133	0x1C0C      	BTFSS      TMR1IF_bit, 0
0x0134	0x2943      	GOTO       L_interrupt42
;DespertadorPic.c,187 :: 		TMR1IF_bit = 0x00;
0x0135	0x100C      	BCF        TMR1IF_bit, 0
;DespertadorPic.c,188 :: 		TMR1H = 0x0B;
0x0136	0x300B      	MOVLW      11
0x0137	0x008F      	MOVWF      TMR1H
;DespertadorPic.c,189 :: 		TMR1L = 0xDC;
0x0138	0x30DC      	MOVLW      220
0x0139	0x008E      	MOVWF      TMR1L
;DespertadorPic.c,191 :: 		led = ~led;
0x013A	0x3080      	MOVLW      128
0x013B	0x0686      	XORWF      RB7_bit, 1
;DespertadorPic.c,193 :: 		cont++;
0x013C	0x0AA8      	INCF       _cont, 1
;DespertadorPic.c,195 :: 		if(cont == 0x02){
0x013D	0x0828      	MOVF       _cont, 0
0x013E	0x3A02      	XORLW      2
0x013F	0x1D03      	BTFSS      STATUS, 2
0x0140	0x2943      	GOTO       L_interrupt43
;DespertadorPic.c,197 :: 		cont = 0x00;
0x0141	0x01A8      	CLRF       _cont
;DespertadorPic.c,198 :: 		seg++;
0x0142	0x0AA6      	INCF       _seg, 1
;DespertadorPic.c,199 :: 		}
L_interrupt43:
;DespertadorPic.c,200 :: 		}
L_interrupt42:
;DespertadorPic.c,201 :: 		}
L__interrupt93:
0x0143	0x0821      	MOVF       33, 0
0x0144	0x00F0      	MOVWF      R0
0x0145	0x0820      	MOVF       32, 0
0x0146	0x00FC      	MOVWF      R12
0x0147	0x0822      	MOVF       34, 0
0x0148	0x0084      	MOVWF      FSR
0x0149	0x0836      	MOVF       ___savePCLATH, 0
0x014A	0x008A      	MOVWF      PCLATH
0x014B	0x0E35      	SWAPF      ___saveSTATUS, 0
0x014C	0x0083      	MOVWF      STATUS
0x014D	0x0EFF      	SWAPF      R15, 1
0x014E	0x0E7F      	SWAPF      R15, 0
0x014F	0x0009      	RETFIE
; end of _interrupt
_____DoICP:
;__Lib_System.c,6 :: 		
;__Lib_System.c,9 :: 		
0x0150	0x1283      	BCF        STATUS, 5
0x0151	0x1303      	BCF        STATUS, 6
0x0152	0x082C      	MOVF       ___DoICPAddr+1, 0
0x0153	0x008A      	MOVWF      PCLATH
;__Lib_System.c,10 :: 		
0x0154	0x082B      	MOVF       ___DoICPAddr, 0
0x0155	0x0082      	MOVWF      PCL
;__Lib_System.c,12 :: 		
0x0156	0x0008      	RETURN
; end of _____DoICP
___CC2DW:
;__Lib_System.c,24 :: 		
;__Lib_System.c,27 :: 		
_CC2D_Loop1:
;__Lib_System.c,29 :: 		
0x0157	0x2150      	CALL       _____DoICP
0x0158	0x118A      	BCF        PCLATH, 3
0x0159	0x120A      	BCF        PCLATH, 4
;__Lib_System.c,31 :: 		
0x015A	0x0080      	MOVWF      INDF
;__Lib_System.c,32 :: 		
0x015B	0x0A84      	INCF       FSR, 1
;__Lib_System.c,33 :: 		
0x015C	0x0AAB      	INCF       ___DoICPAddr, 1
;__Lib_System.c,35 :: 		
0x015D	0x1903      	BTFSC      STATUS, 2
;__Lib_System.c,36 :: 		
0x015E	0x0AAC      	INCF       ___DoICPAddr+1, 1
;__Lib_System.c,37 :: 		
0x015F	0x03F0      	DECF       R0, 1
;__Lib_System.c,39 :: 		
0x0160	0x1D03      	BTFSS      STATUS, 2
;__Lib_System.c,40 :: 		
0x0161	0x2957      	GOTO       _CC2D_Loop1
;__Lib_System.c,42 :: 		
0x0162	0x0008      	RETURN
; end of ___CC2DW
_alarme:
;DespertadorPic.c,279 :: 		void alarme(){
;DespertadorPic.c,281 :: 		if(!botMin) flag.B0 = 0x01;
0x0163	0x1283      	BCF        STATUS, 5
0x0164	0x1303      	BCF        STATUS, 6
0x0165	0x1A86      	BTFSC      RB5_bit, 5
0x0166	0x2968      	GOTO       L_alarme68
0x0167	0x1423      	BSF        _flag, 0
L_alarme68:
;DespertadorPic.c,282 :: 		if(!botHora) flag.B1 = 0x01;
0x0168	0x1B06      	BTFSC      RB6_bit, 6
0x0169	0x296B      	GOTO       L_alarme69
0x016A	0x14A3      	BSF        _flag, 1
L_alarme69:
;DespertadorPic.c,284 :: 		if(botMin && flag.B0){
0x016B	0x1E86      	BTFSS      RB5_bit, 5
0x016C	0x2976      	GOTO       L_alarme72
0x016D	0x1C23      	BTFSS      _flag, 0
0x016E	0x2976      	GOTO       L_alarme72
L__alarme92:
;DespertadorPic.c,286 :: 		flag.B0 = 0x00;
0x016F	0x1023      	BCF        _flag, 0
;DespertadorPic.c,287 :: 		minuAlarme++;
0x0170	0x0AA7      	INCF       _minuAlarme, 1
;DespertadorPic.c,289 :: 		if(minuAlarme > 59) minuAlarme = 0;
0x0171	0x0827      	MOVF       _minuAlarme, 0
0x0172	0x3C3B      	SUBLW      59
0x0173	0x1803      	BTFSC      STATUS, 0
0x0174	0x2976      	GOTO       L_alarme73
0x0175	0x01A7      	CLRF       _minuAlarme
L_alarme73:
;DespertadorPic.c,290 :: 		}
L_alarme72:
;DespertadorPic.c,291 :: 		if(botHora && flag.B1){
0x0176	0x1F06      	BTFSS      RB6_bit, 6
0x0177	0x2981      	GOTO       L_alarme76
0x0178	0x1CA3      	BTFSS      _flag, 1
0x0179	0x2981      	GOTO       L_alarme76
L__alarme91:
;DespertadorPic.c,293 :: 		flag.B1 = 0x00;
0x017A	0x10A3      	BCF        _flag, 1
;DespertadorPic.c,294 :: 		horaAlarme++;
0x017B	0x0AAA      	INCF       _horaAlarme, 1
;DespertadorPic.c,296 :: 		if(horaAlarme > 23) hora = 0;
0x017C	0x082A      	MOVF       _horaAlarme, 0
0x017D	0x3C17      	SUBLW      23
0x017E	0x1803      	BTFSC      STATUS, 0
0x017F	0x2981      	GOTO       L_alarme77
0x0180	0x01A4      	CLRF       _hora
L_alarme77:
;DespertadorPic.c,297 :: 		}
L_alarme76:
;DespertadorPic.c,298 :: 		}
0x0181	0x0008      	RETURN
; end of _alarme
_relogio:
;DespertadorPic.c,238 :: 		void relogio(){
;DespertadorPic.c,240 :: 		if(seg > 59){
0x0182	0x1283      	BCF        STATUS, 5
0x0183	0x1303      	BCF        STATUS, 6
0x0184	0x0826      	MOVF       _seg, 0
0x0185	0x3C3B      	SUBLW      59
0x0186	0x1803      	BTFSC      STATUS, 0
0x0187	0x2995      	GOTO       L_relogio55
;DespertadorPic.c,242 :: 		seg = 0;
0x0188	0x01A6      	CLRF       _seg
;DespertadorPic.c,243 :: 		minu++;
0x0189	0x0AA5      	INCF       _minu, 1
;DespertadorPic.c,245 :: 		if(minu > 59){
0x018A	0x0825      	MOVF       _minu, 0
0x018B	0x3C3B      	SUBLW      59
0x018C	0x1803      	BTFSC      STATUS, 0
0x018D	0x2995      	GOTO       L_relogio56
;DespertadorPic.c,247 :: 		minu = 0;
0x018E	0x01A5      	CLRF       _minu
;DespertadorPic.c,248 :: 		hora++;
0x018F	0x0AA4      	INCF       _hora, 1
;DespertadorPic.c,250 :: 		if(hora > 23)
0x0190	0x0824      	MOVF       _hora, 0
0x0191	0x3C17      	SUBLW      23
0x0192	0x1803      	BTFSC      STATUS, 0
0x0193	0x2995      	GOTO       L_relogio57
;DespertadorPic.c,251 :: 		hora = 0;
0x0194	0x01A4      	CLRF       _hora
L_relogio57:
;DespertadorPic.c,252 :: 		}
L_relogio56:
;DespertadorPic.c,253 :: 		}
L_relogio55:
;DespertadorPic.c,254 :: 		}
0x0195	0x0008      	RETURN
; end of _relogio
_ajusteRelogio:
;DespertadorPic.c,256 :: 		void ajusteRelogio(){
;DespertadorPic.c,258 :: 		if(!botMin)
0x0196	0x1283      	BCF        STATUS, 5
0x0197	0x1303      	BCF        STATUS, 6
0x0198	0x1A86      	BTFSC      RB5_bit, 5
0x0199	0x299B      	GOTO       L_ajusteRelogio58
;DespertadorPic.c,259 :: 		flag.B0 = 0x01;
0x019A	0x1423      	BSF        _flag, 0
L_ajusteRelogio58:
;DespertadorPic.c,260 :: 		if(!botHora)
0x019B	0x1B06      	BTFSC      RB6_bit, 6
0x019C	0x299E      	GOTO       L_ajusteRelogio59
;DespertadorPic.c,261 :: 		flag.B1 = 0x01;
0x019D	0x14A3      	BSF        _flag, 1
L_ajusteRelogio59:
;DespertadorPic.c,263 :: 		if(botMin && flag.B0){
0x019E	0x1E86      	BTFSS      RB5_bit, 5
0x019F	0x29A9      	GOTO       L_ajusteRelogio62
0x01A0	0x1C23      	BTFSS      _flag, 0
0x01A1	0x29A9      	GOTO       L_ajusteRelogio62
L__ajusteRelogio90:
;DespertadorPic.c,265 :: 		flag.B0 = 0x00;
0x01A2	0x1023      	BCF        _flag, 0
;DespertadorPic.c,266 :: 		minu++;
0x01A3	0x0AA5      	INCF       _minu, 1
;DespertadorPic.c,268 :: 		if(minu > 59) minu = 0;
0x01A4	0x0825      	MOVF       _minu, 0
0x01A5	0x3C3B      	SUBLW      59
0x01A6	0x1803      	BTFSC      STATUS, 0
0x01A7	0x29A9      	GOTO       L_ajusteRelogio63
0x01A8	0x01A5      	CLRF       _minu
L_ajusteRelogio63:
;DespertadorPic.c,269 :: 		}
L_ajusteRelogio62:
;DespertadorPic.c,270 :: 		if(botHora && flag.B1){
0x01A9	0x1F06      	BTFSS      RB6_bit, 6
0x01AA	0x29B4      	GOTO       L_ajusteRelogio66
0x01AB	0x1CA3      	BTFSS      _flag, 1
0x01AC	0x29B4      	GOTO       L_ajusteRelogio66
L__ajusteRelogio89:
;DespertadorPic.c,272 :: 		flag.B1 = 0x00;
0x01AD	0x10A3      	BCF        _flag, 1
;DespertadorPic.c,273 :: 		hora++;
0x01AE	0x0AA4      	INCF       _hora, 1
;DespertadorPic.c,275 :: 		if(hora > 23) hora = 0;
0x01AF	0x0824      	MOVF       _hora, 0
0x01B0	0x3C17      	SUBLW      23
0x01B1	0x1803      	BTFSC      STATUS, 0
0x01B2	0x29B4      	GOTO       L_ajusteRelogio67
0x01B3	0x01A4      	CLRF       _hora
L_ajusteRelogio67:
;DespertadorPic.c,276 :: 		}
L_ajusteRelogio66:
;DespertadorPic.c,277 :: 		}
0x01B4	0x0008      	RETURN
; end of _ajusteRelogio
_display:
;DespertadorPic.c,300 :: 		int display(int num){
;DespertadorPic.c,302 :: 		int vetorDisplay[10] = {0x3F,0x06,0x5B,0x4F,0x66,0x6D,0x7D,0x07,0x7F,0x67}; //Numeros de 0 a 9 no display, representados em hexa
0x01B5	0x303F      	MOVLW      63
0x01B6	0x1283      	BCF        STATUS, 5
0x01B7	0x1303      	BCF        STATUS, 6
0x01B8	0x00B9      	MOVWF      display_vetorDisplay_L0
0x01B9	0x3000      	MOVLW      0
0x01BA	0x00BA      	MOVWF      display_vetorDisplay_L0+1
0x01BB	0x3006      	MOVLW      6
0x01BC	0x00BB      	MOVWF      display_vetorDisplay_L0+2
0x01BD	0x3000      	MOVLW      0
0x01BE	0x00BC      	MOVWF      display_vetorDisplay_L0+3
0x01BF	0x305B      	MOVLW      91
0x01C0	0x00BD      	MOVWF      display_vetorDisplay_L0+4
0x01C1	0x3000      	MOVLW      0
0x01C2	0x00BE      	MOVWF      display_vetorDisplay_L0+5
0x01C3	0x304F      	MOVLW      79
0x01C4	0x00BF      	MOVWF      display_vetorDisplay_L0+6
0x01C5	0x3000      	MOVLW      0
0x01C6	0x00C0      	MOVWF      display_vetorDisplay_L0+7
0x01C7	0x3066      	MOVLW      102
0x01C8	0x00C1      	MOVWF      display_vetorDisplay_L0+8
0x01C9	0x3000      	MOVLW      0
0x01CA	0x00C2      	MOVWF      display_vetorDisplay_L0+9
0x01CB	0x306D      	MOVLW      109
0x01CC	0x00C3      	MOVWF      display_vetorDisplay_L0+10
0x01CD	0x3000      	MOVLW      0
0x01CE	0x00C4      	MOVWF      display_vetorDisplay_L0+11
0x01CF	0x307D      	MOVLW      125
0x01D0	0x00C5      	MOVWF      display_vetorDisplay_L0+12
0x01D1	0x3000      	MOVLW      0
0x01D2	0x00C6      	MOVWF      display_vetorDisplay_L0+13
0x01D3	0x3007      	MOVLW      7
0x01D4	0x00C7      	MOVWF      display_vetorDisplay_L0+14
0x01D5	0x3000      	MOVLW      0
0x01D6	0x00C8      	MOVWF      display_vetorDisplay_L0+15
0x01D7	0x307F      	MOVLW      127
0x01D8	0x00C9      	MOVWF      display_vetorDisplay_L0+16
0x01D9	0x3000      	MOVLW      0
0x01DA	0x00CA      	MOVWF      display_vetorDisplay_L0+17
0x01DB	0x3067      	MOVLW      103
0x01DC	0x00CB      	MOVWF      display_vetorDisplay_L0+18
0x01DD	0x3000      	MOVLW      0
0x01DE	0x00CC      	MOVWF      display_vetorDisplay_L0+19
;DespertadorPic.c,305 :: 		aux = vetorDisplay[num];
0x01DF	0x0837      	MOVF       FARG_display_num, 0
0x01E0	0x00F0      	MOVWF      R0
0x01E1	0x0838      	MOVF       FARG_display_num+1, 0
0x01E2	0x00F1      	MOVWF      R0+1
0x01E3	0x0DF0      	RLF        R0, 1
0x01E4	0x0DF1      	RLF        R0+1, 1
0x01E5	0x1070      	BCF        R0, 0
0x01E6	0x0870      	MOVF       R0, 0
0x01E7	0x3E39      	ADDLW      display_vetorDisplay_L0
0x01E8	0x0084      	MOVWF      FSR
;DespertadorPic.c,307 :: 		return aux;
0x01E9	0x0800      	MOVF       INDF, 0
0x01EA	0x00F0      	MOVWF      R0
0x01EB	0x0A84      	INCF       FSR, 1
0x01EC	0x0800      	MOVF       INDF, 0
0x01ED	0x00F1      	MOVWF      R0+1
;DespertadorPic.c,308 :: 		}
0x01EE	0x0008      	RETURN
; end of _display
_Div_8x8_U:
;__Lib_Math.c,189 :: 		
;__Lib_Math.c,196 :: 		
0x01EF	0x1283      	BCF        STATUS, 5
;__Lib_Math.c,197 :: 		
0x01F0	0x1303      	BCF        STATUS, 6
;__Lib_Math.c,198 :: 		
0x01F1	0x01F8      	CLRF       R8
;__Lib_Math.c,199 :: 		
0x01F2	0x3008      	MOVLW      8
;__Lib_Math.c,200 :: 		
0x01F3	0x00FC      	MOVWF      R12
;__Lib_Math.c,201 :: 		
0x01F4	0x0D70      	RLF        R0, 0
;__Lib_Math.c,202 :: 		
0x01F5	0x0DF8      	RLF        R8, 1
;__Lib_Math.c,203 :: 		
0x01F6	0x0874      	MOVF       R4, 0
;__Lib_Math.c,204 :: 		
0x01F7	0x02F8      	SUBWF      R8, 1
;__Lib_Math.c,205 :: 		
0x01F8	0x1803      	BTFSC      STATUS, 0
;__Lib_Math.c,206 :: 		
0x01F9	0x29FC      	GOTO       $+3
;__Lib_Math.c,207 :: 		
0x01FA	0x07F8      	ADDWF      R8, 1
;__Lib_Math.c,208 :: 		
0x01FB	0x1003      	BCF        STATUS, 0
;__Lib_Math.c,209 :: 		
0x01FC	0x0DF0      	RLF        R0, 1
;__Lib_Math.c,210 :: 		
0x01FD	0x0BFC      	DECFSZ     R12, 1
;__Lib_Math.c,211 :: 		
0x01FE	0x29F4      	GOTO       $-10
;__Lib_Math.c,213 :: 		
0x01FF	0x0008      	RETURN
; end of _Div_8x8_U
_main:
0x0200	0x1283      	BCF        STATUS, 5
0x0201	0x1303      	BCF        STATUS, 6
0x0202	0x01A3      	CLRF       _flag
0x0203	0x01A4      	CLRF       _hora
0x0204	0x01A5      	CLRF       _minu
0x0205	0x01A6      	CLRF       _seg
0x0206	0x01A7      	CLRF       _minuAlarme
0x0207	0x01A8      	CLRF       _cont
0x0208	0x3001      	MOVLW      1
0x0209	0x00A9      	MOVWF      _control
0x020A	0x01AA      	CLRF       _horaAlarme
;DespertadorPic.c,203 :: 		void main(){
;DespertadorPic.c,205 :: 		CMCON = 0x07; // Desabilita os comparadores internos
0x020B	0x3007      	MOVLW      7
0x020C	0x1683      	BSF        STATUS, 5
0x020D	0x009C      	MOVWF      CMCON
;DespertadorPic.c,206 :: 		ADCON0 = 0x00; // Desliga o conversor AD
0x020E	0x1283      	BCF        STATUS, 5
0x020F	0x019F      	CLRF       ADCON0
;DespertadorPic.c,207 :: 		ADCON1 = 0x07; // Configura todo porta, que tem os pinos analogicos, como pinos digitais
0x0210	0x3007      	MOVLW      7
0x0211	0x1683      	BSF        STATUS, 5
0x0212	0x009F      	MOVWF      ADCON1
;DespertadorPic.c,209 :: 		OPTION_REG = 0x83; // Desabilita os pull-ups internos, configura o prescaler do timer0 em 1:16, e a interrupção externa por borda de descida
0x0213	0x3083      	MOVLW      131
0x0214	0x0081      	MOVWF      OPTION_REG
;DespertadorPic.c,210 :: 		INTCON = 0xB0; // Habilita a interrupção global, habilita a interrupção do timer0 e habilita a interrupção externa
0x0215	0x30B0      	MOVLW      176
0x0216	0x008B      	MOVWF      INTCON
;DespertadorPic.c,212 :: 		T1CON = 0x31; // Habilita o timer1 e configura seu prescaler em 1:8;
0x0217	0x3031      	MOVLW      49
0x0218	0x1283      	BCF        STATUS, 5
0x0219	0x0090      	MOVWF      T1CON
;DespertadorPic.c,213 :: 		TMR1IE_bit = 0x01; // Habilita a interrupção pelo timer1 (registrador PIE1)
0x021A	0x1683      	BSF        STATUS, 5
0x021B	0x140C      	BSF        TMR1IE_bit, 0
;DespertadorPic.c,214 :: 		TMR1H = 0x0B; // Inicia a contagem do timer 1 em 3036(decimal), para uma contagem de 62500
0x021C	0x300B      	MOVLW      11
0x021D	0x1283      	BCF        STATUS, 5
0x021E	0x008F      	MOVWF      TMR1H
;DespertadorPic.c,215 :: 		TMR1L = 0xDC;
0x021F	0x30DC      	MOVLW      220
0x0220	0x008E      	MOVWF      TMR1L
;DespertadorPic.c,217 :: 		TRISA = 0xF9; // Configura apenas RA1 e RA2 como saída digital
0x0221	0x30F9      	MOVLW      249
0x0222	0x1683      	BSF        STATUS, 5
0x0223	0x0085      	MOVWF      TRISA
;DespertadorPic.c,218 :: 		TRISB = 0x61; // Configura apenas RB0, RB5 e RB6 como entradas digitais
0x0224	0x3061      	MOVLW      97
0x0225	0x0086      	MOVWF      TRISB
;DespertadorPic.c,219 :: 		TRISC = 0x80; // Configura apenas RC7 como entrada digital
0x0226	0x3080      	MOVLW      128
0x0227	0x0087      	MOVWF      TRISC
;DespertadorPic.c,220 :: 		PORTA = 0xF9; // Inicia apenas RA1 e RA2 em Low
0x0228	0x30F9      	MOVLW      249
0x0229	0x1283      	BCF        STATUS, 5
0x022A	0x0085      	MOVWF      PORTA
;DespertadorPic.c,221 :: 		PORTB = 0x30; // Inicia RB0, RB4 e RB5 em High, o resto em Low
0x022B	0x3030      	MOVLW      48
0x022C	0x0086      	MOVWF      PORTB
;DespertadorPic.c,222 :: 		PORTC = 0x80; // Inicia os displays mostrando "0"
0x022D	0x3080      	MOVLW      128
0x022E	0x0087      	MOVWF      PORTC
;DespertadorPic.c,224 :: 		while(1){
L_main44:
;DespertadorPic.c,226 :: 		relogio();
0x022F	0x2182      	CALL       _relogio
;DespertadorPic.c,228 :: 		if(!ajusteAlarme) flag.B2 = ~flag.B2;
0x0230	0x1805      	BTFSC      RA0_bit, 0
0x0231	0x2A34      	GOTO       L_main46
0x0232	0x3004      	MOVLW      4
0x0233	0x06A3      	XORWF      _flag, 1
L_main46:
;DespertadorPic.c,229 :: 		delay_ms(70);
0x0234	0x305B      	MOVLW      91
0x0235	0x00FC      	MOVWF      R12
0x0236	0x30E7      	MOVLW      231
0x0237	0x00FD      	MOVWF      R13
L_main47:
0x0238	0x0BFD      	DECFSZ     R13, 1
0x0239	0x2A38      	GOTO       L_main47
0x023A	0x0BFC      	DECFSZ     R12, 1
0x023B	0x2A38      	GOTO       L_main47
0x023C	0x0000      	NOP
0x023D	0x0000      	NOP
;DespertadorPic.c,231 :: 		if(ajusteAlarme && !flag.B2)
0x023E	0x1C05      	BTFSS      RA0_bit, 0
0x023F	0x2A44      	GOTO       L_main50
0x0240	0x1923      	BTFSC      _flag, 2
0x0241	0x2A44      	GOTO       L_main50
L__main88:
;DespertadorPic.c,232 :: 		ajusteRelogio();
0x0242	0x2196      	CALL       _ajusteRelogio
0x0243	0x2A49      	GOTO       L_main51
L_main50:
;DespertadorPic.c,233 :: 		else if(ajusteAlarme && flag.B2)
0x0244	0x1C05      	BTFSS      RA0_bit, 0
0x0245	0x2A49      	GOTO       L_main54
0x0246	0x1D23      	BTFSS      _flag, 2
0x0247	0x2A49      	GOTO       L_main54
L__main87:
;DespertadorPic.c,234 :: 		alarme();
0x0248	0x2163      	CALL       _alarme
L_main54:
L_main51:
;DespertadorPic.c,235 :: 		}
0x0249	0x2A2F      	GOTO       L_main44
;DespertadorPic.c,236 :: 		}
0x024A	0x2A4A      	GOTO       $+0
; end of _main
Symbol List:
//** Routines locations **
//ADDRESS    SIZE    PROCEDURE
//----------------------------------------------
0x0004     [332]    _interrupt
0x0150       [7]    _____DoICP
0x0157      [12]    ___CC2DW
0x0163      [31]    _alarme
0x0182      [20]    _relogio
0x0196      [31]    _ajusteRelogio
0x01B5      [58]    _display
0x01EF      [17]    _Div_8x8_U
0x0200      [75]    _main
//** Variables locations ** 
//ADDRESS    SIZE    VARIABLE
//----------------------------------------------
0x0000       [1]    INDF
0x0001       [1]    TMR0
0x0002       [1]    PCL
0x0003       [0]    RP0_bit
0x0003       [0]    RP1_bit
0x0003       [0]    DC_bit
0x0003       [0]    NOT_PD_bit
0x0003       [0]    C_bit
0x0003       [1]    STATUS
0x0003       [0]    NOT_TO_bit
0x0003       [0]    Z_bit
0x0003       [0]    IRP_bit
0x0004       [1]    FSR
0x0004       [1]    FSRPTR
0x0005       [0]    RA2_bit
0x0005       [0]    RA3_bit
0x0005       [0]    RA4_bit
0x0005       [0]    RA1_bit
0x0005       [0]    RA5_bit
0x0005       [0]    RA0_bit
0x0005       [1]    PORTA
0x0006       [1]    PORTB
0x0006       [0]    RB6_bit
0x0006       [0]    RB4_bit
0x0006       [0]    RB5_bit
0x0006       [0]    RB3_bit
0x0006       [0]    RB7_bit
0x0006       [0]    RB0_bit
0x0006       [0]    RB2_bit
0x0006       [0]    RB1_bit
0x0007       [0]    RC2_bit
0x0007       [0]    RC7_bit
0x0007       [0]    RC0_bit
0x0007       [0]    RC1_bit
0x0007       [0]    RC3_bit
0x0007       [0]    RC4_bit
0x0007       [0]    RC5_bit
0x0007       [1]    PORTC
0x0007       [0]    RC6_bit
0x000A       [1]    PCLATH
0x000B       [0]    T0IF_bit
0x000B       [0]    RBIE_bit
0x000B       [0]    T0IE_bit
0x000B       [0]    INTE_bit
0x000B       [1]    INTCON
0x000B       [0]    GIE_bit
0x000B       [0]    INTF_bit
0x000B       [0]    RBIF_bit
0x000B       [0]    TMR0IE_bit
0x000B       [0]    PEIE_bit
0x000B       [0]    TMR0IF_bit
0x000C       [0]    TXIF_bit
0x000C       [0]    SSPIF_bit
0x000C       [0]    CCP1IF_bit
0x000C       [1]    PIR1
0x000C       [0]    ADIF_bit
0x000C       [0]    RCIF_bit
0x000C       [0]    TMR2IF_bit
0x000C       [0]    TMR1IF_bit
0x000D       [0]    CCP2IF_bit
0x000D       [1]    PIR2
0x000D       [0]    BCLIF_bit
0x000D       [0]    CMIF_bit
0x000D       [0]    EEIF_bit
0x000E       [1]    TMR1L
0x000F       [1]    TMR1H
0x0010       [1]    T1CON
0x0010       [0]    T1CKPS1_bit
0x0010       [0]    T1INSYNC_bit
0x0010       [0]    NOT_T1SYNC_bit
0x0010       [0]    T1OSCEN_bit
0x0010       [0]    T1CKPS0_bit
0x0010       [0]    T1SYNC_bit
0x0010       [0]    TMR1CS_bit
0x0010       [0]    TMR1ON_bit
0x0011       [1]    TMR2
0x0012       [0]    TOUTPS2_bit
0x0012       [1]    T2CON
0x0012       [0]    TOUTPS3_bit
0x0012       [0]    TOUTPS0_bit
0x0012       [0]    TMR2ON_bit
0x0012       [0]    T2CKPS1_bit
0x0012       [0]    T2CKPS0_bit
0x0012       [0]    TOUTPS1_bit
0x0013       [1]    SSPBUF
0x0014       [0]    SSPM0_bit
0x0014       [1]    SSPCON
0x0014       [0]    CKP_bit
0x0014       [0]    SSPM3_bit
0x0014       [0]    SSPEN_bit
0x0014       [0]    WCOL_bit
0x0014       [0]    SSPOV_bit
0x0014       [0]    SSPM2_bit
0x0014       [0]    SSPM1_bit
0x0015       [1]    CCPR1L
0x0015       [2]    CCPR1
0x0016       [1]    CCPR1H
0x0017       [0]    CCP1M0_bit
0x0017       [0]    CCP1M1_bit
0x0017       [0]    CCP1X_bit
0x0017       [1]    CCP1CON
0x0017       [0]    CCP1Y_bit
0x0017       [0]    CCP1M2_bit
0x0017       [0]    CCP1M3_bit
0x0018       [0]    RC9_bit
0x0018       [1]    RCSTA
0x0018       [0]    SPEN_bit
0x0018       [0]    RX9_bit
0x0018       [0]    OERR_bit
0x0018       [0]    RX9D_bit
0x0018       [0]    CREN_bit
0x0018       [0]    FERR_bit
0x0018       [0]    ADDEN_bit
0x0018       [0]    RCD8_bit
0x0018       [0]    NOT_RC8_bit
0x0018       [0]    SREN_bit
0x0018       [0]    RC8_9_bit
0x0019       [1]    TXREG
0x001A       [1]    RCREG
0x001B       [1]    CCPR2L
0x001B       [2]    CCPR2
0x001C       [1]    CCPR2H
0x001D       [0]    CCP2Y_bit
0x001D       [0]    CCP2X_bit
0x001D       [0]    CCP2M1_bit
0x001D       [0]    CCP2M3_bit
0x001D       [0]    CCP2M2_bit
0x001D       [1]    CCP2CON
0x001D       [0]    CCP2M0_bit
0x001E       [1]    ADRESH
0x001F       [0]    ADCS1_bit
0x001F       [0]    CHS1_bit
0x001F       [0]    ADCS0_bit
0x001F       [0]    CHS2_bit
0x001F       [0]    GO_DONE_bit
0x001F       [0]    ADON_bit
0x001F       [1]    ADCON0
0x001F       [0]    NOT_DONE_bit
0x001F       [0]    CHS0_bit
0x001F       [0]    GO_bit
0x0023       [1]    _flag
0x0024       [1]    _hora
0x0025       [1]    _minu
0x0026       [1]    _seg
0x0027       [1]    _minuAlarme
0x0028       [1]    _cont
0x0029       [1]    _control
0x002A       [1]    _horaAlarme
0x002B       [2]    ___DoICPAddr
0x002D       [2]    _centena
0x002F       [2]    _milesimo
0x0031       [2]    _unidade
0x0033       [2]    _dezena
0x0035       [1]    ___saveSTATUS
0x0036       [1]    ___savePCLATH
0x0037       [2]    FARG_display_num
0x0039      [20]    display_vetorDisplay_L0
0x0070       [1]    R0
0x0071       [1]    R1
0x0072       [1]    R2
0x0073       [1]    R3
0x0074       [1]    R4
0x0075       [1]    R5
0x0076       [1]    R6
0x0077       [1]    R7
0x0078       [1]    R8
0x0079       [1]    R9
0x007A       [1]    R10
0x007B       [1]    R11
0x007C       [1]    R12
0x007D       [1]    R13
0x007E       [1]    R14
0x007F       [1]    R15
0x0081       [1]    OPTION_REG
0x0081       [0]    PS0_bit
0x0081       [0]    INTEDG_bit
0x0081       [0]    T0CS_bit
0x0081       [0]    NOT_RBPU_bit
0x0081       [0]    PS2_bit
0x0081       [0]    T0SE_bit
0x0081       [0]    PSA_bit
0x0081       [0]    PS1_bit
0x0085       [1]    TRISA
0x0085       [0]    TRISA2_bit
0x0085       [0]    TRISA3_bit
0x0085       [0]    TRISA4_bit
0x0085       [0]    TRISA5_bit
0x0085       [0]    TRISA0_bit
0x0085       [0]    TRISA1_bit
0x0086       [1]    TRISB
0x0086       [0]    TRISB0_bit
0x0086       [0]    TRISB2_bit
0x0086       [0]    TRISB3_bit
0x0086       [0]    TRISB7_bit
0x0086       [0]    TRISB5_bit
0x0086       [0]    TRISB6_bit
0x0086       [0]    TRISB1_bit
0x0086       [0]    TRISB4_bit
0x0087       [0]    TRISC2_bit
0x0087       [0]    TRISC0_bit
0x0087       [1]    TRISC
0x0087       [0]    TRISC1_bit
0x0087       [0]    TRISC5_bit
0x0087       [0]    TRISC6_bit
0x0087       [0]    TRISC7_bit
0x0087       [0]    TRISC3_bit
0x0087       [0]    TRISC4_bit
0x008C       [0]    CCP1IE_bit
0x008C       [0]    SSPIE_bit
0x008C       [0]    TMR2IE_bit
0x008C       [0]    TMR1IE_bit
0x008C       [0]    RCIE_bit
0x008C       [0]    ADIE_bit
0x008C       [0]    TXIE_bit
0x008C       [1]    PIE1
0x008D       [1]    PIE2
0x008D       [0]    BCLIE_bit
0x008D       [0]    CCP2IE_bit
0x008D       [0]    EEIE_bit
0x008D       [0]    CMIE_bit
0x008E       [0]    NOT_BO_bit
0x008E       [0]    NOT_BOR_bit
0x008E       [1]    PCON
0x008E       [0]    NOT_POR_bit
0x0091       [0]    ACKDT_bit
0x0091       [0]    ACKEN_bit
0x0091       [0]    ACKSTAT_bit
0x0091       [1]    SSPCON2
0x0091       [0]    GCEN_bit
0x0091       [0]    RSEN_bit
0x0091       [0]    SEN_bit
0x0091       [0]    RCEN_bit
0x0091       [0]    PEN_bit
0x0092       [1]    PR2
0x0093       [1]    SSPADD
0x0094       [1]    SSPSTAT
0x0094       [0]    I2C_START__bit
0x0094       [0]    R_bit
0x0094       [0]    I2C_STOP__bit
0x0094       [0]    S_bit
0x0094       [0]    I2C_READ_bit
0x0094       [0]    R_W_bit
0x0094       [0]    READ_WRITE_bit
0x0094       [0]    NOT_W_bit
0x0094       [0]    NOT_WRITE_bit
0x0094       [0]    D_bit
0x0094       [0]    I2C_DATA_bit
0x0094       [0]    SMP_bit
0x0094       [0]    CKE_bit
0x0094       [0]    NOT_A_bit
0x0094       [0]    DATA_ADDRESS_bit
0x0094       [0]    P_bit
0x0094       [0]    NOT_ADDRESS_bit
0x0094       [0]    D_A_bit
0x0094       [0]    UA_bit
0x0094       [0]    BF_bit
0x0098       [0]    SYNC_bit
0x0098       [0]    BRGH_bit
0x0098       [0]    NOT_TX8_bit
0x0098       [0]    TXEN_bit
0x0098       [0]    TX8_9_bit
0x0098       [0]    CSRC_bit
0x0098       [0]    TRMT_bit
0x0098       [0]    TX9D_bit
0x0098       [0]    TXD8_bit
0x0098       [0]    TX9_bit
0x0098       [1]    TXSTA
0x0099       [1]    SPBRG
0x009C       [0]    C1OUT_bit
0x009C       [0]    CM1_bit
0x009C       [0]    CM0_bit
0x009C       [1]    CMCON
0x009C       [0]    CM2_bit
0x009C       [0]    C2INV_bit
0x009C       [0]    C1INV_bit
0x009C       [0]    CIS_bit
0x009C       [0]    C2OUT_bit
0x009D       [0]    CVREN_bit
0x009D       [1]    CVRCON
0x009D       [0]    CVR3_bit
0x009D       [0]    CVR2_bit
0x009D       [0]    CVRR_bit
0x009D       [0]    CVR0_bit
0x009D       [0]    CVR1_bit
0x009D       [0]    CVROE_bit
0x009E       [1]    ADRESL
0x009F       [0]    PCFG3_bit
0x009F       [0]    ADCS2_bit
0x009F       [1]    ADCON1
0x009F       [0]    PCFG1_bit
0x009F       [0]    ADFM_bit
0x009F       [0]    PCFG0_bit
0x009F       [0]    PCFG2_bit
0x010C       [1]    EEDATA
0x010D       [1]    EEADR
0x010E       [1]    EEDATH
0x010F       [1]    EEADRH
0x018C       [1]    EECON1
0x018C       [0]    WRERR_bit
0x018C       [0]    EEPGD_bit
0x018C       [0]    RD_bit
0x018C       [0]    WR_bit
0x018C       [0]    WREN_bit
0x018D       [1]    EECON2
//** Label List: ** 
//----------------------------------------------
  L_interrupt0
  L_interrupt1
  L_interrupt2
  L_interrupt3
  L_interrupt4
  L_interrupt5
  L_interrupt6
  L_interrupt7
  L_interrupt8
  L_interrupt9
  L_interrupt10
  L_interrupt11
  L_interrupt12
  L_interrupt13
  L_interrupt14
  L_interrupt15
  L_interrupt16
  L_interrupt17
  L_interrupt18
  L_interrupt19
  L_interrupt20
  L_interrupt21
  L_interrupt22
  L_interrupt23
  L_interrupt24
  L_interrupt25
  L_interrupt26
  L_interrupt27
  L_interrupt28
  L_interrupt29
  L_interrupt30
  L_interrupt31
  L_interrupt32
  L_interrupt33
  L_interrupt34
  L_interrupt35
  L_interrupt36
  L_interrupt37
  L_interrupt38
  L_interrupt39
  L_interrupt40
  L_interrupt41
  L_interrupt42
  L_interrupt43
  L_main44
  L_main45
  L_main46
  L_main47
  L_main48
  L_main49
  L_main50
  L_main51
  L_main52
  L_main53
  L_main54
  L_relogio55
  L_relogio56
  L_relogio57
  L_ajusteRelogio58
  L_ajusteRelogio59
  L_ajusteRelogio60
  L_ajusteRelogio61
  L_ajusteRelogio62
  L_ajusteRelogio63
  L_ajusteRelogio64
  L_ajusteRelogio65
  L_ajusteRelogio66
  L_ajusteRelogio67
  L_alarme68
  L_alarme69
  L_alarme70
  L_alarme71
  L_alarme72
  L_alarme73
  L_alarme74
  L_alarme75
  L_alarme76
  L_alarme77
  L__interrupt78
  L__interrupt79
  L__interrupt80
  L__interrupt81
  L__interrupt82
  L__interrupt83
  L__interrupt84
  L__interrupt85
  L__interrupt86
  L__main87
  L__main88
  L__ajusteRelogio89
  L__ajusteRelogio90
  L__alarme91
  L__alarme92
  _interrupt
  L__interrupt93
  _main
  _relogio
  _ajusteRelogio
  _alarme
  _display
  _CC2D_Loop1
  _____DoICP
  _____DoIFC
  ___CC2DW
  _Swap
  L_interrupt0
  L_interrupt1
  L_interrupt2
  L_interrupt3
  L_interrupt4
  L_interrupt5
  L_interrupt6
  L_interrupt7
  L_interrupt8
  L_interrupt9
  L_interrupt10
  L_interrupt11
  L_interrupt12
  L_interrupt13
  L_interrupt14
  L_interrupt15
  L_interrupt16
  L_interrupt17
  L_interrupt18
  L_interrupt19
  L_interrupt20
  L_interrupt21
  L_interrupt22
  L_interrupt23
  L_interrupt24
  L_interrupt25
  L_interrupt26
  L_interrupt27
  L_interrupt28
  L_interrupt29
  L_interrupt30
  L_interrupt31
  L_interrupt32
  L_interrupt33
  L_interrupt34
  L_interrupt35
  L_interrupt36
  L_interrupt37
  L_interrupt38
  L_interrupt39
  L_interrupt40
  L_interrupt41
  L_interrupt42
  L_interrupt43
  L_main44
  L_main45
  L_main46
  L_main47
  L_main48
  L_main49
  L_main50
  L_main51
  L_main52
  L_main53
  L_main54
  L_relogio55
  L_relogio56
  L_relogio57
  L_ajusteRelogio58
  L_ajusteRelogio59
  L_ajusteRelogio60
  L_ajusteRelogio61
  L_ajusteRelogio62
  L_ajusteRelogio63
  L_ajusteRelogio64
  L_ajusteRelogio65
  L_ajusteRelogio66
  L_ajusteRelogio67
  L_alarme68
  L_alarme69
  L_alarme70
  L_alarme71
  L_alarme72
  L_alarme73
  L_alarme74
  L_alarme75
  L_alarme76
  L_alarme77
  L__interrupt78
  L__interrupt79
  L__interrupt80
  L__interrupt81
  L__interrupt82
  L__interrupt83
  L__interrupt84
  L__interrupt85
  L__interrupt86
  L__main87
  L__main88
  L__ajusteRelogio89
  L__ajusteRelogio90
  L__alarme91
  L__alarme92
  _interrupt
  L__interrupt93
  _main
  _relogio
  _ajusteRelogio
  _alarme
  _display
  L_Div_16x16_S0
  L_Div_16x16_S1
  LOOPS3232A
  SADD22LA
  SOK22LA
  SADD22L8
  SOK22L8
  LOOPS3232B
  SADD22LB
  SOK22LB
  SADD22L16
  SOK22L16
  LOOPS3232C
  SADD22LC
  SOK22LC
  SADD22L24
  SOK22L24
  LOOPS3232D
  SADD22LD
  SOK22LD
  SOK22L
  L_Div_32x32_S6
  L_Div_32x32_S7
  L_Div_32x32_S8
  L_Div_32x32_S9
  FXD3232S
  END_ALL
  CA3232S
  C3232SX
  C3232SX1
  C3232S
  C3232S2
  C3232SX4
  C3232SOK
  C3232SX3
  C3232SX2
  avoid_comfrem
  LOOPU3232A
  UADD22LA
  UOK22LA
  UADD22L8
  UOK22L8
  LOOPU3232B
  UADD22LB
  UOK22LB
  UADD22L16
  UOK22L16
  LOOPU3232C
  UADD22LC
  UOK22LC
  UADD22L24
  UOK22L24
  LOOPU3232D
  UADD22LD
  UOK22LD
  UOK22L
  _NEXT
  _EXIT2
  _LOOP
  _EXIT1
  _IF_FIRST
  _IF_SECOND
  _INVERCE_FIRST
  _MULT
  _INBERSE_SECOND
  _EXIT
  _Mul_8x8_U
  _Mul_16x16_U
  _Div_8x8_U
  _Div_16x16_U
  _Mul_8x8_S
  _Mul_16x16_S
  _Div_16x16_S_L
  _Div_16x16_S
  _Div_8x8_S
  _SDIV3232L
  _COMFREM
  _Div_32x32_S
  _Div_32x32_U
  _Mul_32x32_U
  _Mul_32x32_S
