;  LST file generated by mikroListExporter - v.2.0 
; Date/Time: 29/04/2020 14:35:37
;----------------------------------------------

;Address Opcode 	ASM
0x0000	0x2B0C      	GOTO       780
_interrupt:
0x0004	0x00FF      	MOVWF      R15
0x0005	0x0E03      	SWAPF      STATUS, 0
0x0006	0x0183      	CLRF       STATUS
0x0007	0x00C9      	MOVWF      ___saveSTATUS
0x0008	0x080A      	MOVF       PCLATH, 0
0x0009	0x00C8      	MOVWF      ___savePCLATH
0x000A	0x018A      	CLRF       PCLATH
0x000B	0x0870      	MOVF       R0, 0
0x000C	0x00A3      	MOVWF      35
0x000D	0x087B      	MOVF       R11, 0
0x000E	0x00A2      	MOVWF      34
0x000F	0x087C      	MOVF       R12, 0
0x0010	0x00A1      	MOVWF      33
0x0011	0x087D      	MOVF       R13, 0
0x0012	0x00A0      	MOVWF      32
;GeradorPwmProg.c,55 :: 		void interrupt(){
;GeradorPwmProg.c,58 :: 		if(TMR0IF_bit){
0x0013	0x1D0B      	BTFSS      TMR0IF_bit, 2
0x0014	0x2892      	GOTO       L_interrupt0
;GeradorPwmProg.c,60 :: 		TMR0IF_bit = 0x00;
0x0015	0x110B      	BCF        TMR0IF_bit, 2
;GeradorPwmProg.c,61 :: 		TMR0 = 0x00;
0x0016	0x0181      	CLRF       TMR0
;GeradorPwmProg.c,63 :: 		if(col1 && control == 0x01){
0x0017	0x1C86      	BTFSS      RB1_bit, 1
0x0018	0x283F      	GOTO       L_interrupt3
0x0019	0x0825      	MOVF       _control, 0
0x001A	0x3A01      	XORLW      1
0x001B	0x1D03      	BTFSS      STATUS, 2
0x001C	0x283F      	GOTO       L_interrupt3
L__interrupt44:
;GeradorPwmProg.c,64 :: 		col1 = 0x00;
0x001D	0x1086      	BCF        RB1_bit, 1
;GeradorPwmProg.c,65 :: 		col2 = 0x01;
0x001E	0x1506      	BSF        RB2_bit, 2
;GeradorPwmProg.c,66 :: 		col3 = 0x01;
0x001F	0x1586      	BSF        RB3_bit, 3
;GeradorPwmProg.c,67 :: 		control = 0x02;
0x0020	0x3002      	MOVLW      2
0x0021	0x00A5      	MOVWF      _control
;GeradorPwmProg.c,69 :: 		if(!lina)
0x0022	0x1A06      	BTFSC      RB4_bit, 4
0x0023	0x282A      	GOTO       L_interrupt4
;GeradorPwmProg.c,70 :: 		guardaNum(1);
0x0024	0x3001      	MOVLW      1
0x0025	0x00D0      	MOVWF      FARG_guardaNum_num
0x0026	0x3000      	MOVLW      0
0x0027	0x00D1      	MOVWF      FARG_guardaNum_num+1
0x0028	0x22D0      	CALL       _guardaNum
0x0029	0x283E      	GOTO       L_interrupt5
L_interrupt4:
;GeradorPwmProg.c,71 :: 		else if(!linb)
0x002A	0x1A86      	BTFSC      RB5_bit, 5
0x002B	0x2832      	GOTO       L_interrupt6
;GeradorPwmProg.c,72 :: 		guardaNum(4);
0x002C	0x3004      	MOVLW      4
0x002D	0x00D0      	MOVWF      FARG_guardaNum_num
0x002E	0x3000      	MOVLW      0
0x002F	0x00D1      	MOVWF      FARG_guardaNum_num+1
0x0030	0x22D0      	CALL       _guardaNum
0x0031	0x283E      	GOTO       L_interrupt7
L_interrupt6:
;GeradorPwmProg.c,73 :: 		else if(!linc)
0x0032	0x1B06      	BTFSC      RB6_bit, 6
0x0033	0x283A      	GOTO       L_interrupt8
;GeradorPwmProg.c,74 :: 		guardaNum(7);
0x0034	0x3007      	MOVLW      7
0x0035	0x00D0      	MOVWF      FARG_guardaNum_num
0x0036	0x3000      	MOVLW      0
0x0037	0x00D1      	MOVWF      FARG_guardaNum_num+1
0x0038	0x22D0      	CALL       _guardaNum
0x0039	0x283E      	GOTO       L_interrupt9
L_interrupt8:
;GeradorPwmProg.c,75 :: 		else if(!lind)
0x003A	0x1B86      	BTFSC      RB7_bit, 7
0x003B	0x283E      	GOTO       L_interrupt10
;GeradorPwmProg.c,76 :: 		aux = 1;
0x003C	0x3001      	MOVLW      1
0x003D	0x00A4      	MOVWF      _aux
L_interrupt10:
L_interrupt9:
L_interrupt7:
L_interrupt5:
;GeradorPwmProg.c,78 :: 		}
0x003E	0x2892      	GOTO       L_interrupt11
L_interrupt3:
;GeradorPwmProg.c,79 :: 		else if(col2 && control == 0x02){
0x003F	0x1D06      	BTFSS      RB2_bit, 2
0x0040	0x2868      	GOTO       L_interrupt14
0x0041	0x0825      	MOVF       _control, 0
0x0042	0x3A02      	XORLW      2
0x0043	0x1D03      	BTFSS      STATUS, 2
0x0044	0x2868      	GOTO       L_interrupt14
L__interrupt43:
;GeradorPwmProg.c,80 :: 		col1 = 0x01;
0x0045	0x1486      	BSF        RB1_bit, 1
;GeradorPwmProg.c,81 :: 		col2 = 0x00;
0x0046	0x1106      	BCF        RB2_bit, 2
;GeradorPwmProg.c,82 :: 		col3 = 0x01;
0x0047	0x1586      	BSF        RB3_bit, 3
;GeradorPwmProg.c,83 :: 		control = 0x03;
0x0048	0x3003      	MOVLW      3
0x0049	0x00A5      	MOVWF      _control
;GeradorPwmProg.c,85 :: 		if(!lina)
0x004A	0x1A06      	BTFSC      RB4_bit, 4
0x004B	0x2852      	GOTO       L_interrupt15
;GeradorPwmProg.c,86 :: 		guardaNum(2);
0x004C	0x3002      	MOVLW      2
0x004D	0x00D0      	MOVWF      FARG_guardaNum_num
0x004E	0x3000      	MOVLW      0
0x004F	0x00D1      	MOVWF      FARG_guardaNum_num+1
0x0050	0x22D0      	CALL       _guardaNum
0x0051	0x2867      	GOTO       L_interrupt16
L_interrupt15:
;GeradorPwmProg.c,87 :: 		else if(!linb)
0x0052	0x1A86      	BTFSC      RB5_bit, 5
0x0053	0x285A      	GOTO       L_interrupt17
;GeradorPwmProg.c,88 :: 		guardaNum(5);
0x0054	0x3005      	MOVLW      5
0x0055	0x00D0      	MOVWF      FARG_guardaNum_num
0x0056	0x3000      	MOVLW      0
0x0057	0x00D1      	MOVWF      FARG_guardaNum_num+1
0x0058	0x22D0      	CALL       _guardaNum
0x0059	0x2867      	GOTO       L_interrupt18
L_interrupt17:
;GeradorPwmProg.c,89 :: 		else if(!linc)
0x005A	0x1B06      	BTFSC      RB6_bit, 6
0x005B	0x2862      	GOTO       L_interrupt19
;GeradorPwmProg.c,90 :: 		guardaNum(8);
0x005C	0x3008      	MOVLW      8
0x005D	0x00D0      	MOVWF      FARG_guardaNum_num
0x005E	0x3000      	MOVLW      0
0x005F	0x00D1      	MOVWF      FARG_guardaNum_num+1
0x0060	0x22D0      	CALL       _guardaNum
0x0061	0x2867      	GOTO       L_interrupt20
L_interrupt19:
;GeradorPwmProg.c,91 :: 		else if(!lind)
0x0062	0x1B86      	BTFSC      RB7_bit, 7
0x0063	0x2867      	GOTO       L_interrupt21
;GeradorPwmProg.c,92 :: 		guardaNum(0);
0x0064	0x01D0      	CLRF       FARG_guardaNum_num
0x0065	0x01D1      	CLRF       FARG_guardaNum_num+1
0x0066	0x22D0      	CALL       _guardaNum
L_interrupt21:
L_interrupt20:
L_interrupt18:
L_interrupt16:
;GeradorPwmProg.c,94 :: 		}
0x0067	0x2892      	GOTO       L_interrupt22
L_interrupt14:
;GeradorPwmProg.c,95 :: 		else if(col3 && control == 0x03){
0x0068	0x1D86      	BTFSS      RB3_bit, 3
0x0069	0x2892      	GOTO       L_interrupt25
0x006A	0x0825      	MOVF       _control, 0
0x006B	0x3A03      	XORLW      3
0x006C	0x1D03      	BTFSS      STATUS, 2
0x006D	0x2892      	GOTO       L_interrupt25
L__interrupt42:
;GeradorPwmProg.c,96 :: 		col1 = 0x01;
0x006E	0x1486      	BSF        RB1_bit, 1
;GeradorPwmProg.c,97 :: 		col2 = 0x01;
0x006F	0x1506      	BSF        RB2_bit, 2
;GeradorPwmProg.c,98 :: 		col3 = 0x00;
0x0070	0x1186      	BCF        RB3_bit, 3
;GeradorPwmProg.c,99 :: 		control = 0x01;
0x0071	0x3001      	MOVLW      1
0x0072	0x00A5      	MOVWF      _control
;GeradorPwmProg.c,101 :: 		if(!lina)
0x0073	0x1A06      	BTFSC      RB4_bit, 4
0x0074	0x287B      	GOTO       L_interrupt26
;GeradorPwmProg.c,102 :: 		guardaNum(3);
0x0075	0x3003      	MOVLW      3
0x0076	0x00D0      	MOVWF      FARG_guardaNum_num
0x0077	0x3000      	MOVLW      0
0x0078	0x00D1      	MOVWF      FARG_guardaNum_num+1
0x0079	0x22D0      	CALL       _guardaNum
0x007A	0x2892      	GOTO       L_interrupt27
L_interrupt26:
;GeradorPwmProg.c,103 :: 		else if(!linb)
0x007B	0x1A86      	BTFSC      RB5_bit, 5
0x007C	0x2883      	GOTO       L_interrupt28
;GeradorPwmProg.c,104 :: 		guardaNum(6);
0x007D	0x3006      	MOVLW      6
0x007E	0x00D0      	MOVWF      FARG_guardaNum_num
0x007F	0x3000      	MOVLW      0
0x0080	0x00D1      	MOVWF      FARG_guardaNum_num+1
0x0081	0x22D0      	CALL       _guardaNum
0x0082	0x2892      	GOTO       L_interrupt29
L_interrupt28:
;GeradorPwmProg.c,105 :: 		else if(!linc)
0x0083	0x1B06      	BTFSC      RB6_bit, 6
0x0084	0x288B      	GOTO       L_interrupt30
;GeradorPwmProg.c,106 :: 		guardaNum(9);
0x0085	0x3009      	MOVLW      9
0x0086	0x00D0      	MOVWF      FARG_guardaNum_num
0x0087	0x3000      	MOVLW      0
0x0088	0x00D1      	MOVWF      FARG_guardaNum_num+1
0x0089	0x22D0      	CALL       _guardaNum
0x008A	0x2892      	GOTO       L_interrupt31
L_interrupt30:
;GeradorPwmProg.c,107 :: 		else if(!lind)
0x008B	0x1B86      	BTFSC      RB7_bit, 7
0x008C	0x2892      	GOTO       L_interrupt32
;GeradorPwmProg.c,108 :: 		dutyHalf(50);
0x008D	0x3032      	MOVLW      50
0x008E	0x00D0      	MOVWF      FARG_dutyHalf_duty
0x008F	0x3000      	MOVLW      0
0x0090	0x00D1      	MOVWF      FARG_dutyHalf_duty+1
0x0091	0x22F8      	CALL       _dutyHalf
L_interrupt32:
L_interrupt31:
L_interrupt29:
L_interrupt27:
;GeradorPwmProg.c,110 :: 		}
L_interrupt25:
L_interrupt22:
L_interrupt11:
;GeradorPwmProg.c,111 :: 		}
L_interrupt0:
;GeradorPwmProg.c,112 :: 		}
L__interrupt45:
0x0092	0x0823      	MOVF       35, 0
0x0093	0x00F0      	MOVWF      R0
0x0094	0x0822      	MOVF       34, 0
0x0095	0x00FB      	MOVWF      R11
0x0096	0x0821      	MOVF       33, 0
0x0097	0x00FC      	MOVWF      R12
0x0098	0x0820      	MOVF       32, 0
0x0099	0x00FD      	MOVWF      R13
0x009A	0x0848      	MOVF       ___savePCLATH, 0
0x009B	0x008A      	MOVWF      PCLATH
0x009C	0x0E49      	SWAPF      ___saveSTATUS, 0
0x009D	0x0083      	MOVWF      STATUS
0x009E	0x0EFF      	SWAPF      R15, 1
0x009F	0x0E7F      	SWAPF      R15, 0
0x00A0	0x0009      	RETFIE
; end of _interrupt
_Delay_1us:
;__Lib_Delays.c,7 :: 		void Delay_1us() {
;__Lib_Delays.c,8 :: 		Delay_us(1);
0x00A1	0x0000      	NOP
0x00A2	0x0000      	NOP
0x00A3	0x0000      	NOP
0x00A4	0x0000      	NOP
;__Lib_Delays.c,9 :: 		}
0x00A5	0x0008      	RETURN
; end of _Delay_1us
_Delay_5500us:
;__Lib_Delays.c,31 :: 		void Delay_5500us() {
;__Lib_Delays.c,32 :: 		Delay_us(5500);
0x00A6	0x301D      	MOVLW      29
0x00A7	0x1283      	BCF        STATUS, 5
0x00A8	0x1303      	BCF        STATUS, 6
0x00A9	0x00FC      	MOVWF      R12
0x00AA	0x3091      	MOVLW      145
0x00AB	0x00FD      	MOVWF      R13
L_Delay_5500us5:
0x00AC	0x0BFD      	DECFSZ     R13, 1
0x00AD	0x28AC      	GOTO       L_Delay_5500us5
0x00AE	0x0BFC      	DECFSZ     R12, 1
0x00AF	0x28AC      	GOTO       L_Delay_5500us5
;__Lib_Delays.c,33 :: 		}
0x00B0	0x0008      	RETURN
; end of _Delay_5500us
_Delay_50us:
;__Lib_Delays.c,19 :: 		void Delay_50us() {
;__Lib_Delays.c,20 :: 		Delay_us(50);
0x00B1	0x3042      	MOVLW      66
0x00B2	0x1283      	BCF        STATUS, 5
0x00B3	0x1303      	BCF        STATUS, 6
0x00B4	0x00FD      	MOVWF      R13
L_Delay_50us2:
0x00B5	0x0BFD      	DECFSZ     R13, 1
0x00B6	0x28B5      	GOTO       L_Delay_50us2
0x00B7	0x0000      	NOP
;__Lib_Delays.c,21 :: 		}
0x00B8	0x0008      	RETURN
; end of _Delay_50us
_Lcd_Cmd:
;__Lib_Lcd.c,18 :: 		
;__Lib_Lcd.c,20 :: 		
0x00B9	0x1283      	BCF        STATUS, 5
0x00BA	0x1303      	BCF        STATUS, 6
0x00BB	0x1BCF      	BTFSC      FARG_Lcd_Cmd_out_char, 7
0x00BC	0x28BF      	GOTO       L__Lcd_Cmd20
0x00BD	0x1388      	BCF        LCD_D7, BitPos(LCD_D7+0)
0x00BE	0x28C0      	GOTO       L__Lcd_Cmd21
L__Lcd_Cmd20:
0x00BF	0x1788      	BSF        LCD_D7, BitPos(LCD_D7+0)
L__Lcd_Cmd21:
;__Lib_Lcd.c,21 :: 		
0x00C0	0x1B4F      	BTFSC      FARG_Lcd_Cmd_out_char, 6
0x00C1	0x28C4      	GOTO       L__Lcd_Cmd22
0x00C2	0x1308      	BCF        LCD_D6, BitPos(LCD_D6+0)
0x00C3	0x28C5      	GOTO       L__Lcd_Cmd23
L__Lcd_Cmd22:
0x00C4	0x1708      	BSF        LCD_D6, BitPos(LCD_D6+0)
L__Lcd_Cmd23:
;__Lib_Lcd.c,22 :: 		
0x00C5	0x1ACF      	BTFSC      FARG_Lcd_Cmd_out_char, 5
0x00C6	0x28C9      	GOTO       L__Lcd_Cmd24
0x00C7	0x1288      	BCF        LCD_D5, BitPos(LCD_D5+0)
0x00C8	0x28CA      	GOTO       L__Lcd_Cmd25
L__Lcd_Cmd24:
0x00C9	0x1688      	BSF        LCD_D5, BitPos(LCD_D5+0)
L__Lcd_Cmd25:
;__Lib_Lcd.c,23 :: 		
0x00CA	0x1A4F      	BTFSC      FARG_Lcd_Cmd_out_char, 4
0x00CB	0x28CE      	GOTO       L__Lcd_Cmd26
0x00CC	0x1208      	BCF        LCD_D4, BitPos(LCD_D4+0)
0x00CD	0x28CF      	GOTO       L__Lcd_Cmd27
L__Lcd_Cmd26:
0x00CE	0x1608      	BSF        LCD_D4, BitPos(LCD_D4+0)
L__Lcd_Cmd27:
;__Lib_Lcd.c,25 :: 		
0x00CF	0x1847      	BTFSC      __Lib_Lcd_cmd_status, BitPos(__Lib_Lcd_cmd_status+0)
0x00D0	0x28D3      	GOTO       L__Lcd_Cmd28
0x00D1	0x1508      	BSF        LCD_RS, BitPos(LCD_RS+0)
0x00D2	0x28D4      	GOTO       L__Lcd_Cmd29
L__Lcd_Cmd28:
0x00D3	0x1108      	BCF        LCD_RS, BitPos(LCD_RS+0)
L__Lcd_Cmd29:
;__Lib_Lcd.c,28 :: 		
0x00D4	0x1588      	BSF        LCD_EN, BitPos(LCD_EN+0)
;__Lib_Lcd.c,29 :: 		
0x00D5	0x20A1      	CALL       _Delay_1us
;__Lib_Lcd.c,30 :: 		
0x00D6	0x1188      	BCF        LCD_EN, BitPos(LCD_EN+0)
;__Lib_Lcd.c,33 :: 		
0x00D7	0x19CF      	BTFSC      FARG_Lcd_Cmd_out_char, 3
0x00D8	0x28DB      	GOTO       L__Lcd_Cmd30
0x00D9	0x1388      	BCF        LCD_D7, BitPos(LCD_D7+0)
0x00DA	0x28DC      	GOTO       L__Lcd_Cmd31
L__Lcd_Cmd30:
0x00DB	0x1788      	BSF        LCD_D7, BitPos(LCD_D7+0)
L__Lcd_Cmd31:
;__Lib_Lcd.c,34 :: 		
0x00DC	0x194F      	BTFSC      FARG_Lcd_Cmd_out_char, 2
0x00DD	0x28E0      	GOTO       L__Lcd_Cmd32
0x00DE	0x1308      	BCF        LCD_D6, BitPos(LCD_D6+0)
0x00DF	0x28E1      	GOTO       L__Lcd_Cmd33
L__Lcd_Cmd32:
0x00E0	0x1708      	BSF        LCD_D6, BitPos(LCD_D6+0)
L__Lcd_Cmd33:
;__Lib_Lcd.c,35 :: 		
0x00E1	0x18CF      	BTFSC      FARG_Lcd_Cmd_out_char, 1
0x00E2	0x28E5      	GOTO       L__Lcd_Cmd34
0x00E3	0x1288      	BCF        LCD_D5, BitPos(LCD_D5+0)
0x00E4	0x28E6      	GOTO       L__Lcd_Cmd35
L__Lcd_Cmd34:
0x00E5	0x1688      	BSF        LCD_D5, BitPos(LCD_D5+0)
L__Lcd_Cmd35:
;__Lib_Lcd.c,36 :: 		
0x00E6	0x184F      	BTFSC      FARG_Lcd_Cmd_out_char, 0
0x00E7	0x28EA      	GOTO       L__Lcd_Cmd36
0x00E8	0x1208      	BCF        LCD_D4, BitPos(LCD_D4+0)
0x00E9	0x28EB      	GOTO       L__Lcd_Cmd37
L__Lcd_Cmd36:
0x00EA	0x1608      	BSF        LCD_D4, BitPos(LCD_D4+0)
L__Lcd_Cmd37:
;__Lib_Lcd.c,38 :: 		
0x00EB	0x1847      	BTFSC      __Lib_Lcd_cmd_status, BitPos(__Lib_Lcd_cmd_status+0)
0x00EC	0x28EF      	GOTO       L__Lcd_Cmd38
0x00ED	0x1508      	BSF        LCD_RS, BitPos(LCD_RS+0)
0x00EE	0x28F0      	GOTO       L__Lcd_Cmd39
L__Lcd_Cmd38:
0x00EF	0x1108      	BCF        LCD_RS, BitPos(LCD_RS+0)
L__Lcd_Cmd39:
;__Lib_Lcd.c,40 :: 		
0x00F0	0x1588      	BSF        LCD_EN, BitPos(LCD_EN+0)
;__Lib_Lcd.c,41 :: 		
0x00F1	0x20A1      	CALL       _Delay_1us
;__Lib_Lcd.c,42 :: 		
0x00F2	0x1188      	BCF        LCD_EN, BitPos(LCD_EN+0)
;__Lib_Lcd.c,44 :: 		
0x00F3	0x1C47      	BTFSS      __Lib_Lcd_cmd_status, BitPos(__Lib_Lcd_cmd_status+0)
0x00F4	0x28F7      	GOTO       L_Lcd_Cmd0
;__Lib_Lcd.c,45 :: 		
0x00F5	0x20A6      	CALL       _Delay_5500us
0x00F6	0x28F8      	GOTO       L_Lcd_Cmd1
L_Lcd_Cmd0:
;__Lib_Lcd.c,47 :: 		
0x00F7	0x20B1      	CALL       _Delay_50us
L_Lcd_Cmd1:
;__Lib_Lcd.c,48 :: 		
0x00F8	0x0008      	RETURN
; end of _Lcd_Cmd
_Div_16x16_S_L:
;__Lib_Math.c,420 :: 		
;__Lib_Math.c,426 :: 		
0x00F9	0x0D71      	RLF        R1, 0
;__Lib_Math.c,427 :: 		
0x00FA	0x0DF8      	RLF        R8, 1
;__Lib_Math.c,428 :: 		
0x00FB	0x0DF9      	RLF        R9, 1
;__Lib_Math.c,429 :: 		
0x00FC	0x0874      	MOVF       R4, 0
;__Lib_Math.c,430 :: 		
0x00FD	0x02F8      	SUBWF      R8, 1
;__Lib_Math.c,431 :: 		
0x00FE	0x0875      	MOVF       R5, 0
;__Lib_Math.c,432 :: 		
0x00FF	0x1C03      	BTFSS      STATUS, 0
;__Lib_Math.c,433 :: 		
0x0100	0x0F75      	INCFSZ     R5, 0
;__Lib_Math.c,434 :: 		
0x0101	0x02F9      	SUBWF      R9, 1
;__Lib_Math.c,435 :: 		
0x0102	0x0DF0      	RLF        R0, 1
;__Lib_Math.c,436 :: 		
0x0103	0x0DF1      	RLF        R1, 1
;__Lib_Math.c,438 :: 		
0x0104	0x300F      	MOVLW      15
;__Lib_Math.c,439 :: 		
0x0105	0x00FC      	MOVWF      R12
;__Lib_Math.c,441 :: 		
0x0106	0x0D71      	RLF        R1, 0
;__Lib_Math.c,442 :: 		
0x0107	0x0DF8      	RLF        R8, 1
;__Lib_Math.c,443 :: 		
0x0108	0x0DF9      	RLF        R9, 1
;__Lib_Math.c,444 :: 		
0x0109	0x0874      	MOVF       R4, 0
;__Lib_Math.c,446 :: 		
0x010A	0x1C70      	BTFSS      R0, 0
;__Lib_Math.c,447 :: 		
0x010B	0x2912      	GOTO       $+7
;__Lib_Math.c,448 :: 		
0x010C	0x02F8      	SUBWF      R8, 1
;__Lib_Math.c,449 :: 		
0x010D	0x0875      	MOVF       R5, 0
;__Lib_Math.c,450 :: 		
0x010E	0x1C03      	BTFSS      STATUS, 0
;__Lib_Math.c,451 :: 		
0x010F	0x0F75      	INCFSZ     R5, 0
;__Lib_Math.c,452 :: 		
0x0110	0x02F9      	SUBWF      R9, 1
;__Lib_Math.c,453 :: 		
0x0111	0x2917      	GOTO       $+6
;__Lib_Math.c,455 :: 		
0x0112	0x07F8      	ADDWF      R8, 1
;__Lib_Math.c,456 :: 		
0x0113	0x0875      	MOVF       R5, 0
;__Lib_Math.c,457 :: 		
0x0114	0x1803      	BTFSC      STATUS, 0
;__Lib_Math.c,458 :: 		
0x0115	0x0F75      	INCFSZ     R5, 0
;__Lib_Math.c,459 :: 		
0x0116	0x07F9      	ADDWF      R9, 1
;__Lib_Math.c,461 :: 		
0x0117	0x0DF0      	RLF        R0, 1
;__Lib_Math.c,462 :: 		
0x0118	0x0DF1      	RLF        R1, 1
;__Lib_Math.c,464 :: 		
0x0119	0x0BFC      	DECFSZ     R12, 1
;__Lib_Math.c,465 :: 		
0x011A	0x2906      	GOTO       $-20
;__Lib_Math.c,467 :: 		
0x011B	0x1870      	BTFSC      R0, 0
;__Lib_Math.c,468 :: 		
0x011C	0x2923      	GOTO       $+7
;__Lib_Math.c,469 :: 		
0x011D	0x0874      	MOVF       R4, 0
;__Lib_Math.c,470 :: 		
0x011E	0x07F8      	ADDWF      R8, 1
;__Lib_Math.c,471 :: 		
0x011F	0x0875      	MOVF       R5, 0
;__Lib_Math.c,472 :: 		
0x0120	0x1803      	BTFSC      STATUS, 0
;__Lib_Math.c,473 :: 		
0x0121	0x0F75      	INCFSZ     R5, 0
;__Lib_Math.c,474 :: 		
0x0122	0x07F9      	ADDWF      R9, 1
;__Lib_Math.c,475 :: 		
0x0123	0x0000      	NOP
;__Lib_Math.c,477 :: 		
0x0124	0x0008      	RETURN
; end of _Div_16x16_S_L
_Mul_8x8_U:
;__Lib_Math.c,103 :: 		
;__Lib_Math.c,108 :: 		
0x0125	0x1283      	BCF        STATUS, 5
;__Lib_Math.c,109 :: 		
0x0126	0x1303      	BCF        STATUS, 6
;__Lib_Math.c,110 :: 		
0x0127	0x0870      	MOVF       R0, 0
;__Lib_Math.c,111 :: 		
0x0128	0x00F1      	MOVWF      R1
;__Lib_Math.c,112 :: 		
0x0129	0x01F0      	CLRF       R0
;__Lib_Math.c,113 :: 		
0x012A	0x3008      	MOVLW      8
;__Lib_Math.c,114 :: 		
0x012B	0x00FC      	MOVWF      R12
;__Lib_Math.c,115 :: 		
0x012C	0x0871      	MOVF       R1, 0
;__Lib_Math.c,116 :: 		
0x012D	0x0CF4      	RRF        R4, 1
;__Lib_Math.c,117 :: 		
0x012E	0x1803      	BTFSC      STATUS, 0
;__Lib_Math.c,118 :: 		
0x012F	0x2934      	GOTO       $+5
;__Lib_Math.c,119 :: 		
0x0130	0x0BFC      	DECFSZ     R12, 1
;__Lib_Math.c,120 :: 		
0x0131	0x292D      	GOTO       $-4
;__Lib_Math.c,121 :: 		
0x0132	0x01F1      	CLRF       R1
;__Lib_Math.c,122 :: 		
0x0133	0x3400      	RETLW      0
;__Lib_Math.c,123 :: 		
0x0134	0x1003      	BCF        STATUS, 0
;__Lib_Math.c,124 :: 		
0x0135	0x2939      	GOTO       $+4
;__Lib_Math.c,125 :: 		
0x0136	0x0CF4      	RRF        R4, 1
;__Lib_Math.c,126 :: 		
0x0137	0x1803      	BTFSC      STATUS, 0
;__Lib_Math.c,127 :: 		
0x0138	0x07F1      	ADDWF      R1, 1
;__Lib_Math.c,128 :: 		
0x0139	0x0CF1      	RRF        R1, 1
;__Lib_Math.c,129 :: 		
0x013A	0x0CF0      	RRF        R0, 1
;__Lib_Math.c,130 :: 		
0x013B	0x0BFC      	DECFSZ     R12, 1
;__Lib_Math.c,131 :: 		
0x013C	0x2936      	GOTO       $-6
;__Lib_Math.c,133 :: 		
;__Lib_Math.c,134 :: 		
0x013D	0x0008      	RETURN
; end of _Mul_8x8_U
_____DoICP:
;__Lib_System.c,6 :: 		
;__Lib_System.c,9 :: 		
0x013E	0x1283      	BCF        STATUS, 5
0x013F	0x1303      	BCF        STATUS, 6
0x0140	0x0846      	MOVF       ___DoICPAddr+1, 0
0x0141	0x008A      	MOVWF      PCLATH
;__Lib_System.c,10 :: 		
0x0142	0x0845      	MOVF       ___DoICPAddr, 0
0x0143	0x0082      	MOVWF      PCL
;__Lib_System.c,12 :: 		
0x0144	0x0008      	RETURN
; end of _____DoICP
_Mul_16x16_U:
;__Lib_Math.c,136 :: 		
;__Lib_Math.c,143 :: 		
0x0145	0x1283      	BCF        STATUS, 5
;__Lib_Math.c,144 :: 		
0x0146	0x1303      	BCF        STATUS, 6
;__Lib_Math.c,145 :: 		
0x0147	0x01FB      	CLRF       R11
;__Lib_Math.c,146 :: 		
0x0148	0x01FA      	CLRF       R10
;__Lib_Math.c,147 :: 		
0x0149	0x01F9      	CLRF       R9
;__Lib_Math.c,148 :: 		
0x014A	0x3080      	MOVLW      128
;__Lib_Math.c,149 :: 		
0x014B	0x00F8      	MOVWF      R8
;__Lib_Math.c,150 :: 		
0x014C	0x0CF1      	RRF        R1, 1
;__Lib_Math.c,151 :: 		
0x014D	0x0CF0      	RRF        R0, 1
;__Lib_Math.c,152 :: 		
0x014E	0x1C03      	BTFSS      STATUS, 0
;__Lib_Math.c,153 :: 		
0x014F	0x2959      	GOTO       $+10
;__Lib_Math.c,154 :: 		
0x0150	0x0874      	MOVF       R4, 0
;__Lib_Math.c,155 :: 		
0x0151	0x07F9      	ADDWF      R9, 1
;__Lib_Math.c,156 :: 		
0x0152	0x0875      	MOVF       R5, 0
;__Lib_Math.c,157 :: 		
0x0153	0x1803      	BTFSC      STATUS, 0
;__Lib_Math.c,158 :: 		
0x0154	0x0F75      	INCFSZ     R5, 0
;__Lib_Math.c,159 :: 		
0x0155	0x07FA      	ADDWF      R10, 1
;__Lib_Math.c,160 :: 		
0x0156	0x1803      	BTFSC      STATUS, 0
;__Lib_Math.c,161 :: 		
0x0157	0x0AFB      	INCF       R11, 1
;__Lib_Math.c,162 :: 		
0x0158	0x1003      	BCF        STATUS, 0
;__Lib_Math.c,163 :: 		
0x0159	0x1FF0      	BTFSS      R0, 7
;__Lib_Math.c,164 :: 		
0x015A	0x2961      	GOTO       $+7
;__Lib_Math.c,165 :: 		
0x015B	0x0874      	MOVF       R4, 0
;__Lib_Math.c,166 :: 		
0x015C	0x07FA      	ADDWF      R10, 1
;__Lib_Math.c,167 :: 		
0x015D	0x0875      	MOVF       R5, 0
;__Lib_Math.c,168 :: 		
0x015E	0x1803      	BTFSC      STATUS, 0
;__Lib_Math.c,169 :: 		
0x015F	0x0F75      	INCFSZ     R5, 0
;__Lib_Math.c,170 :: 		
0x0160	0x07FB      	ADDWF      R11, 1
;__Lib_Math.c,171 :: 		
0x0161	0x0CFB      	RRF        R11, 1
;__Lib_Math.c,172 :: 		
0x0162	0x0CFA      	RRF        R10, 1
;__Lib_Math.c,173 :: 		
0x0163	0x0CF9      	RRF        R9, 1
;__Lib_Math.c,174 :: 		
0x0164	0x0CF8      	RRF        R8, 1
;__Lib_Math.c,175 :: 		
0x0165	0x1C03      	BTFSS      STATUS, 0
;__Lib_Math.c,176 :: 		
0x0166	0x294C      	GOTO       $-26
;__Lib_Math.c,177 :: 		
0x0167	0x087B      	MOVF       R11, 0
;__Lib_Math.c,178 :: 		
0x0168	0x00F3      	MOVWF      R3
;__Lib_Math.c,179 :: 		
0x0169	0x087A      	MOVF       R10, 0
;__Lib_Math.c,180 :: 		
0x016A	0x00F2      	MOVWF      R2
;__Lib_Math.c,181 :: 		
0x016B	0x0879      	MOVF       R9, 0
;__Lib_Math.c,182 :: 		
0x016C	0x00F1      	MOVWF      R1
;__Lib_Math.c,183 :: 		
0x016D	0x0878      	MOVF       R8, 0
;__Lib_Math.c,184 :: 		
0x016E	0x00F0      	MOVWF      R0
;__Lib_Math.c,187 :: 		
0x016F	0x0008      	RETURN
; end of _Mul_16x16_U
_Lcd_Chr_CP:
;__Lib_Lcd.c,50 :: 		
;__Lib_Lcd.c,52 :: 		
0x0170	0x1283      	BCF        STATUS, 5
0x0171	0x1303      	BCF        STATUS, 6
0x0172	0x1047      	BCF        __Lib_Lcd_cmd_status, BitPos(__Lib_Lcd_cmd_status+0)
;__Lib_Lcd.c,53 :: 		
0x0173	0x084E      	MOVF       FARG_Lcd_Chr_CP_out_char, 0
0x0174	0x00CF      	MOVWF      FARG_Lcd_Cmd_out_char
0x0175	0x20B9      	CALL       _Lcd_Cmd
;__Lib_Lcd.c,54 :: 		
0x0176	0x1447      	BSF        __Lib_Lcd_cmd_status, BitPos(__Lib_Lcd_cmd_status+0)
;__Lib_Lcd.c,55 :: 		
0x0177	0x0008      	RETURN
; end of _Lcd_Chr_CP
_PWM1_Set_Duty:
;__Lib_PWM_c21.c,40 :: 		
;__Lib_PWM_c21.c,44 :: 		
0x0178	0x1683      	BSF        STATUS, 5
0x0179	0x1303      	BCF        STATUS, 6
0x017A	0x0812      	MOVF       PR2, 0
0x017B	0x3E01      	ADDLW      1
0x017C	0x00F0      	MOVWF      R0
0x017D	0x01F1      	CLRF       R0+1
0x017E	0x1803      	BTFSC      STATUS, 0
0x017F	0x0AF1      	INCF       R0+1, 1
0x0180	0x1283      	BCF        STATUS, 5
0x0181	0x084A      	MOVF       FARG_PWM1_Set_Duty_new_duty, 0
0x0182	0x00F4      	MOVWF      R4
0x0183	0x01F5      	CLRF       R4+1
0x0184	0x2145      	CALL       _Mul_16x16_U
0x0185	0x3006      	MOVLW      6
0x0186	0x00F2      	MOVWF      R2
0x0187	0x0870      	MOVF       R0, 0
0x0188	0x00F4      	MOVWF      R4
0x0189	0x0871      	MOVF       R0+1, 0
0x018A	0x00F5      	MOVWF      R4+1
0x018B	0x0872      	MOVF       R2, 0
L__PWM1_Set_Duty4:
0x018C	0x1903      	BTFSC      STATUS, 2
0x018D	0x2993      	GOTO       L__PWM1_Set_Duty5
0x018E	0x0CF5      	RRF        R4+1, 1
0x018F	0x0CF4      	RRF        R4, 1
0x0190	0x13F5      	BCF        R4+1, 7
0x0191	0x3EFF      	ADDLW      255
0x0192	0x298C      	GOTO       L__PWM1_Set_Duty4
L__PWM1_Set_Duty5:
;__Lib_PWM_c21.c,45 :: 		
0x0193	0x3004      	MOVLW      4
0x0194	0x00F1      	MOVWF      R1
0x0195	0x0874      	MOVF       R4, 0
0x0196	0x00F0      	MOVWF      R0
0x0197	0x0871      	MOVF       R1, 0
L__PWM1_Set_Duty6:
0x0198	0x1903      	BTFSC      STATUS, 2
0x0199	0x299E      	GOTO       L__PWM1_Set_Duty7
0x019A	0x0DF0      	RLF        R0, 1
0x019B	0x1070      	BCF        R0, 0
0x019C	0x3EFF      	ADDLW      255
0x019D	0x2998      	GOTO       L__PWM1_Set_Duty6
L__PWM1_Set_Duty7:
0x019E	0x1283      	BCF        STATUS, 5
0x019F	0x1303      	BCF        STATUS, 6
0x01A0	0x3030      	MOVLW      48
0x01A1	0x0570      	ANDWF      R0, 0
0x01A2	0x00F3      	MOVWF      R3
;__Lib_PWM_c21.c,46 :: 		
0x01A3	0x0874      	MOVF       R4, 0
0x01A4	0x00F0      	MOVWF      R0
0x01A5	0x0875      	MOVF       R4+1, 0
0x01A6	0x00F1      	MOVWF      R0+1
0x01A7	0x0CF1      	RRF        R0+1, 1
0x01A8	0x0CF0      	RRF        R0, 1
0x01A9	0x13F1      	BCF        R0+1, 7
0x01AA	0x0CF1      	RRF        R0+1, 1
0x01AB	0x0CF0      	RRF        R0, 1
0x01AC	0x13F1      	BCF        R0+1, 7
0x01AD	0x0870      	MOVF       R0, 0
0x01AE	0x0095      	MOVWF      CCPR1L
;__Lib_PWM_c21.c,47 :: 		
0x01AF	0x300F      	MOVLW      15
0x01B0	0x0597      	ANDWF      CCP1CON, 1
;__Lib_PWM_c21.c,48 :: 		
0x01B1	0x0873      	MOVF       R3, 0
0x01B2	0x0497      	IORWF      CCP1CON, 1
;__Lib_PWM_c21.c,49 :: 		
0x01B3	0x0008      	RETURN
; end of _PWM1_Set_Duty
_PWM1_Start:
;__Lib_PWM_c21.c,51 :: 		
;__Lib_PWM_c21.c,52 :: 		
0x01B4	0x1683      	BSF        STATUS, 5
0x01B5	0x1303      	BCF        STATUS, 6
0x01B6	0x1107      	BCF        TRISC2_bit, 2
;__Lib_PWM_c21.c,53 :: 		
0x01B7	0x1283      	BCF        STATUS, 5
0x01B8	0x1512      	BSF        T2CON, 2
;__Lib_PWM_c21.c,54 :: 		
0x01B9	0x300C      	MOVLW      12
0x01BA	0x0497      	IORWF      CCP1CON, 1
;__Lib_PWM_c21.c,55 :: 		
0x01BB	0x0008      	RETURN
; end of _PWM1_Start
_Div_16x16_S:
;__Lib_Math.c,479 :: 		
;__Lib_Math.c,487 :: 		
0x01BC	0x1283      	BCF        STATUS, 5
0x01BD	0x1303      	BCF        STATUS, 6
0x01BE	0x0874      	MOVF       R4, 0
0x01BF	0x3A00      	XORLW      0
0x01C0	0x1D03      	BTFSS      STATUS, 2
0x01C1	0x29CB      	GOTO       L_Div_16x16_S0
;__Lib_Math.c,488 :: 		
0x01C2	0x0875      	MOVF       R5, 0
0x01C3	0x3A00      	XORLW      0
0x01C4	0x1D03      	BTFSS      STATUS, 2
0x01C5	0x29CB      	GOTO       L_Div_16x16_S1
;__Lib_Math.c,489 :: 		
0x01C6	0x30FF      	MOVLW      255
0x01C7	0x00F0      	MOVWF      R0
;__Lib_Math.c,490 :: 		
0x01C8	0x307F      	MOVLW      127
0x01C9	0x00F1      	MOVWF      R1
;__Lib_Math.c,491 :: 		
0x01CA	0x0008      	RETURN
;__Lib_Math.c,492 :: 		
L_Div_16x16_S1:
L_Div_16x16_S0:
;__Lib_Math.c,495 :: 		
0x01CB	0x1283      	BCF        STATUS, 5
;__Lib_Math.c,496 :: 		
0x01CC	0x1303      	BCF        STATUS, 6
;__Lib_Math.c,497 :: 		
0x01CD	0x01FD      	CLRF       R13
;__Lib_Math.c,498 :: 		
0x01CE	0x01F9      	CLRF       R9
;__Lib_Math.c,499 :: 		
0x01CF	0x01F8      	CLRF       R8
;__Lib_Math.c,500 :: 		
0x01D0	0x0871      	MOVF       R1, 0
;__Lib_Math.c,501 :: 		
0x01D1	0x0470      	IORWF      R0, 0
;__Lib_Math.c,502 :: 		
0x01D2	0x1903      	BTFSC      STATUS, 2
;__Lib_Math.c,503 :: 		
0x01D3	0x3400      	RETLW      0
;__Lib_Math.c,505 :: 		
0x01D4	0x0871      	MOVF       R1, 0
;__Lib_Math.c,506 :: 		
0x01D5	0x0675      	XORWF      R5, 0
;__Lib_Math.c,507 :: 		
0x01D6	0x00FA      	MOVWF      R10
;__Lib_Math.c,508 :: 		
0x01D7	0x1BFA      	BTFSC      R10, 7
;__Lib_Math.c,509 :: 		
0x01D8	0x09FD      	COMF       R13, 1
;__Lib_Math.c,511 :: 		
0x01D9	0x01FB      	CLRF       R11
;__Lib_Math.c,513 :: 		
0x01DA	0x1FF5      	BTFSS      R5, 7
;__Lib_Math.c,514 :: 		
0x01DB	0x29E1      	GOTO       $+6
;__Lib_Math.c,516 :: 		
0x01DC	0x09F4      	COMF       R4, 1
;__Lib_Math.c,517 :: 		
0x01DD	0x09F5      	COMF       R5, 1
;__Lib_Math.c,518 :: 		
0x01DE	0x0AF4      	INCF       R4, 1
;__Lib_Math.c,519 :: 		
0x01DF	0x1903      	BTFSC      STATUS, 2
;__Lib_Math.c,520 :: 		
0x01E0	0x0AF5      	INCF       R5, 1
;__Lib_Math.c,522 :: 		
0x01E1	0x1FF1      	BTFSS      R1, 7
;__Lib_Math.c,523 :: 		
0x01E2	0x29E8      	GOTO       $+6
;__Lib_Math.c,525 :: 		
0x01E3	0x09F0      	COMF       R0, 1
;__Lib_Math.c,526 :: 		
0x01E4	0x09F1      	COMF       R1, 1
;__Lib_Math.c,527 :: 		
0x01E5	0x0AF0      	INCF       R0, 1
;__Lib_Math.c,528 :: 		
0x01E6	0x1903      	BTFSC      STATUS, 2
;__Lib_Math.c,529 :: 		
0x01E7	0x0AF1      	INCF       R1, 1
;__Lib_Math.c,531 :: 		
0x01E8	0x0871      	MOVF       R1, 0
;__Lib_Math.c,532 :: 		
0x01E9	0x0475      	IORWF      R5, 0
;__Lib_Math.c,533 :: 		
0x01EA	0x00FA      	MOVWF      R10
;__Lib_Math.c,534 :: 		
0x01EB	0x1BFA      	BTFSC      R10, 7
;__Lib_Math.c,535 :: 		
0x01EC	0x29FD      	GOTO       $+17
;__Lib_Math.c,537 :: 		
0x01ED	0x20F9      	CALL       _Div_16x16_S_L
;__Lib_Math.c,539 :: 		
0x01EE	0x187B      	BTFSC      R11, 0
;__Lib_Math.c,540 :: 		
0x01EF	0x2A10      	GOTO       $+33
;__Lib_Math.c,542 :: 		
0x01F0	0x1FFD      	BTFSS      R13, 7
;__Lib_Math.c,543 :: 		
0x01F1	0x3400      	RETLW      0
;__Lib_Math.c,545 :: 		
0x01F2	0x09F0      	COMF       R0, 1
;__Lib_Math.c,546 :: 		
0x01F3	0x09F1      	COMF       R1, 1
;__Lib_Math.c,547 :: 		
0x01F4	0x0AF0      	INCF       R0, 1
;__Lib_Math.c,548 :: 		
0x01F5	0x1903      	BTFSC      STATUS, 2
;__Lib_Math.c,549 :: 		
0x01F6	0x0AF1      	INCF       R1, 1
;__Lib_Math.c,551 :: 		
0x01F7	0x09F8      	COMF       R8, 1
;__Lib_Math.c,552 :: 		
0x01F8	0x09F9      	COMF       R9, 1
;__Lib_Math.c,553 :: 		
0x01F9	0x0AF8      	INCF       R8, 1
;__Lib_Math.c,554 :: 		
0x01FA	0x1903      	BTFSC      STATUS, 2
;__Lib_Math.c,555 :: 		
0x01FB	0x0AF9      	INCF       R9, 1
;__Lib_Math.c,557 :: 		
0x01FC	0x3400      	RETLW      0
;__Lib_Math.c,559 :: 		
0x01FD	0x1FF5      	BTFSS      R5, 7
;__Lib_Math.c,560 :: 		
0x01FE	0x2A0C      	GOTO       $+14
;__Lib_Math.c,561 :: 		
0x01FF	0x1BF1      	BTFSC      R1, 7
;__Lib_Math.c,562 :: 		
0x0200	0x2A08      	GOTO       $+8
;__Lib_Math.c,563 :: 		
0x0201	0x0871      	MOVF       R1, 0
;__Lib_Math.c,564 :: 		
0x0202	0x00F9      	MOVWF      R9
;__Lib_Math.c,565 :: 		
0x0203	0x0870      	MOVF       R0, 0
;__Lib_Math.c,566 :: 		
0x0204	0x00F8      	MOVWF      R8
;__Lib_Math.c,567 :: 		
0x0205	0x01F1      	CLRF       R1
;__Lib_Math.c,568 :: 		
0x0206	0x01F0      	CLRF       R0
;__Lib_Math.c,569 :: 		
0x0207	0x29F0      	GOTO       $-23
;__Lib_Math.c,570 :: 		
0x0208	0x01F1      	CLRF       R1
;__Lib_Math.c,571 :: 		
0x0209	0x01F0      	CLRF       R0
;__Lib_Math.c,572 :: 		
0x020A	0x0AF0      	INCF       R0, 1
;__Lib_Math.c,573 :: 		
0x020B	0x3400      	RETLW      0
;__Lib_Math.c,575 :: 		
0x020C	0x09F1      	COMF       R1, 1
;__Lib_Math.c,576 :: 		
0x020D	0x09F0      	COMF       R0, 1
;__Lib_Math.c,577 :: 		
0x020E	0x0AFB      	INCF       R11, 1
;__Lib_Math.c,578 :: 		
0x020F	0x29ED      	GOTO       $-34
;__Lib_Math.c,580 :: 		
0x0210	0x0AF8      	INCF       R8, 1
;__Lib_Math.c,581 :: 		
0x0211	0x1903      	BTFSC      STATUS, 2
;__Lib_Math.c,582 :: 		
0x0212	0x0AF9      	INCF       R9, 1
;__Lib_Math.c,583 :: 		
0x0213	0x0874      	MOVF       R4, 0
;__Lib_Math.c,584 :: 		
0x0214	0x0278      	SUBWF      R8, 0
;__Lib_Math.c,585 :: 		
0x0215	0x1D03      	BTFSS      STATUS, 2
;__Lib_Math.c,586 :: 		
0x0216	0x29F0      	GOTO       $-38
;__Lib_Math.c,587 :: 		
0x0217	0x0875      	MOVF       R5, 0
;__Lib_Math.c,588 :: 		
0x0218	0x0279      	SUBWF      R9, 0
;__Lib_Math.c,589 :: 		
0x0219	0x1D03      	BTFSS      STATUS, 2
;__Lib_Math.c,590 :: 		
0x021A	0x29F0      	GOTO       $-42
;__Lib_Math.c,591 :: 		
0x021B	0x01F9      	CLRF       R9
;__Lib_Math.c,592 :: 		
0x021C	0x01F8      	CLRF       R8
;__Lib_Math.c,593 :: 		
0x021D	0x0AF0      	INCF       R0, 1
;__Lib_Math.c,594 :: 		
0x021E	0x1903      	BTFSC      STATUS, 2
;__Lib_Math.c,595 :: 		
0x021F	0x0AF1      	INCF       R1, 1
;__Lib_Math.c,596 :: 		
0x0220	0x1FF1      	BTFSS      R1, 7
;__Lib_Math.c,597 :: 		
0x0221	0x29F0      	GOTO       $-49
;__Lib_Math.c,598 :: 		
0x0222	0x0000      	NOP
;__Lib_Math.c,599 :: 		
0x0223	0x34FF      	RETLW      255
;__Lib_Math.c,601 :: 		
0x0224	0x0008      	RETURN
; end of _Div_16x16_S
_concatenaNum:
;GeradorPwmProg.c,173 :: 		char concatenaNum(unsigned dez, unsigned uni){
;GeradorPwmProg.c,177 :: 		num = (dez*10) + uni;
0x0225	0x1283      	BCF        STATUS, 5
0x0226	0x1303      	BCF        STATUS, 6
0x0227	0x084A      	MOVF       FARG_concatenaNum_dez, 0
0x0228	0x00F0      	MOVWF      R0
0x0229	0x300A      	MOVLW      10
0x022A	0x00F4      	MOVWF      R4
0x022B	0x2125      	CALL       _Mul_8x8_U
0x022C	0x084C      	MOVF       FARG_concatenaNum_uni, 0
0x022D	0x07F0      	ADDWF      R0, 1
;GeradorPwmProg.c,179 :: 		aux = 0;
0x022E	0x01A4      	CLRF       _aux
;GeradorPwmProg.c,181 :: 		return num;
;GeradorPwmProg.c,182 :: 		}
0x022F	0x0008      	RETURN
; end of _concatenaNum
_PWM1_Init:
;__Lib_PWM_c21.c,33 :: 		
;__Lib_PWM_c21.c,34 :: 		
;__Lib_PWM_c21.c,35 :: 		
0x0230	0x1283      	BCF        STATUS, 5
0x0231	0x1303      	BCF        STATUS, 6
0x0232	0x0195      	CLRF       CCPR1L
;__Lib_PWM_c21.c,36 :: 		
0x0233	0x1217      	BCF        CCP1CON, 4
;__Lib_PWM_c21.c,37 :: 		
0x0234	0x1297      	BCF        CCP1CON, 5
;__Lib_PWM_c21.c,38 :: 		
0x0235	0x0008      	RETURN
; end of _PWM1_Init
_Lcd_Init:
;__Lib_Lcd.c,84 :: 		
;__Lib_Lcd.c,86 :: 		
0x0236	0x1683      	BSF        STATUS, 5
0x0237	0x1303      	BCF        STATUS, 6
0x0238	0x1188      	BCF        LCD_EN_Direction, BitPos(LCD_EN_Direction+0)
;__Lib_Lcd.c,87 :: 		
0x0239	0x1108      	BCF        LCD_RS_Direction, BitPos(LCD_RS_Direction+0)
;__Lib_Lcd.c,88 :: 		
0x023A	0x1208      	BCF        LCD_D4_Direction, BitPos(LCD_D4_Direction+0)
;__Lib_Lcd.c,89 :: 		
0x023B	0x1288      	BCF        LCD_D5_Direction, BitPos(LCD_D5_Direction+0)
;__Lib_Lcd.c,90 :: 		
0x023C	0x1308      	BCF        LCD_D6_Direction, BitPos(LCD_D6_Direction+0)
;__Lib_Lcd.c,91 :: 		
0x023D	0x1388      	BCF        LCD_D7_Direction, BitPos(LCD_D7_Direction+0)
;__Lib_Lcd.c,93 :: 		
0x023E	0x1283      	BCF        STATUS, 5
0x023F	0x1188      	BCF        LCD_EN, BitPos(LCD_EN+0)
;__Lib_Lcd.c,94 :: 		
0x0240	0x1108      	BCF        LCD_RS, BitPos(LCD_RS+0)
;__Lib_Lcd.c,95 :: 		
0x0241	0x1388      	BCF        LCD_D7, BitPos(LCD_D7+0)
;__Lib_Lcd.c,96 :: 		
0x0242	0x1308      	BCF        LCD_D6, BitPos(LCD_D6+0)
;__Lib_Lcd.c,97 :: 		
0x0243	0x1288      	BCF        LCD_D5, BitPos(LCD_D5+0)
;__Lib_Lcd.c,98 :: 		
0x0244	0x1208      	BCF        LCD_D4, BitPos(LCD_D4+0)
;__Lib_Lcd.c,100 :: 		
0x0245	0x20A6      	CALL       _Delay_5500us
;__Lib_Lcd.c,101 :: 		
0x0246	0x20A6      	CALL       _Delay_5500us
;__Lib_Lcd.c,102 :: 		
0x0247	0x20A6      	CALL       _Delay_5500us
;__Lib_Lcd.c,105 :: 		
0x0248	0x1688      	BSF        LCD_D5, BitPos(LCD_D5+0)
;__Lib_Lcd.c,106 :: 		
0x0249	0x1608      	BSF        LCD_D4, BitPos(LCD_D4+0)
;__Lib_Lcd.c,107 :: 		
0x024A	0x1588      	BSF        LCD_EN, BitPos(LCD_EN+0)
;__Lib_Lcd.c,108 :: 		
0x024B	0x20A1      	CALL       _Delay_1us
;__Lib_Lcd.c,109 :: 		
0x024C	0x1188      	BCF        LCD_EN, BitPos(LCD_EN+0)
;__Lib_Lcd.c,110 :: 		
0x024D	0x20A6      	CALL       _Delay_5500us
;__Lib_Lcd.c,112 :: 		
0x024E	0x1588      	BSF        LCD_EN, BitPos(LCD_EN+0)
;__Lib_Lcd.c,113 :: 		
0x024F	0x20A1      	CALL       _Delay_1us
;__Lib_Lcd.c,114 :: 		
0x0250	0x1188      	BCF        LCD_EN, BitPos(LCD_EN+0)
;__Lib_Lcd.c,115 :: 		
0x0251	0x20A6      	CALL       _Delay_5500us
;__Lib_Lcd.c,117 :: 		
0x0252	0x1588      	BSF        LCD_EN, BitPos(LCD_EN+0)
;__Lib_Lcd.c,118 :: 		
0x0253	0x20A1      	CALL       _Delay_1us
;__Lib_Lcd.c,119 :: 		
0x0254	0x1188      	BCF        LCD_EN, BitPos(LCD_EN+0)
;__Lib_Lcd.c,120 :: 		
0x0255	0x20A6      	CALL       _Delay_5500us
;__Lib_Lcd.c,123 :: 		
0x0256	0x1208      	BCF        LCD_D4, BitPos(LCD_D4+0)
;__Lib_Lcd.c,124 :: 		
0x0257	0x1588      	BSF        LCD_EN, BitPos(LCD_EN+0)
;__Lib_Lcd.c,125 :: 		
0x0258	0x20A1      	CALL       _Delay_1us
;__Lib_Lcd.c,126 :: 		
0x0259	0x1188      	BCF        LCD_EN, BitPos(LCD_EN+0)
;__Lib_Lcd.c,127 :: 		
0x025A	0x20A6      	CALL       _Delay_5500us
;__Lib_Lcd.c,130 :: 		
0x025B	0x1588      	BSF        LCD_EN, BitPos(LCD_EN+0)
;__Lib_Lcd.c,131 :: 		
0x025C	0x20A1      	CALL       _Delay_1us
;__Lib_Lcd.c,132 :: 		
0x025D	0x1188      	BCF        LCD_EN, BitPos(LCD_EN+0)
;__Lib_Lcd.c,134 :: 		
0x025E	0x1288      	BCF        LCD_D5, BitPos(LCD_D5+0)
;__Lib_Lcd.c,135 :: 		
0x025F	0x1788      	BSF        LCD_D7, BitPos(LCD_D7+0)
;__Lib_Lcd.c,136 :: 		
0x0260	0x1588      	BSF        LCD_EN, BitPos(LCD_EN+0)
;__Lib_Lcd.c,137 :: 		
0x0261	0x20A1      	CALL       _Delay_1us
;__Lib_Lcd.c,138 :: 		
0x0262	0x1188      	BCF        LCD_EN, BitPos(LCD_EN+0)
;__Lib_Lcd.c,139 :: 		
0x0263	0x20A6      	CALL       _Delay_5500us
;__Lib_Lcd.c,142 :: 		
0x0264	0x1388      	BCF        LCD_D7, BitPos(LCD_D7+0)
;__Lib_Lcd.c,143 :: 		
0x0265	0x1608      	BSF        LCD_D4, BitPos(LCD_D4+0)
;__Lib_Lcd.c,144 :: 		
0x0266	0x1588      	BSF        LCD_EN, BitPos(LCD_EN+0)
;__Lib_Lcd.c,145 :: 		
0x0267	0x20A1      	CALL       _Delay_1us
;__Lib_Lcd.c,146 :: 		
0x0268	0x1188      	BCF        LCD_EN, BitPos(LCD_EN+0)
;__Lib_Lcd.c,148 :: 		
0x0269	0x1208      	BCF        LCD_D4, BitPos(LCD_D4+0)
;__Lib_Lcd.c,149 :: 		
0x026A	0x1588      	BSF        LCD_EN, BitPos(LCD_EN+0)
;__Lib_Lcd.c,150 :: 		
0x026B	0x20A1      	CALL       _Delay_1us
;__Lib_Lcd.c,151 :: 		
0x026C	0x1188      	BCF        LCD_EN, BitPos(LCD_EN+0)
;__Lib_Lcd.c,152 :: 		
0x026D	0x20A6      	CALL       _Delay_5500us
;__Lib_Lcd.c,155 :: 		
0x026E	0x1588      	BSF        LCD_EN, BitPos(LCD_EN+0)
;__Lib_Lcd.c,156 :: 		
0x026F	0x20A1      	CALL       _Delay_1us
;__Lib_Lcd.c,157 :: 		
0x0270	0x1188      	BCF        LCD_EN, BitPos(LCD_EN+0)
;__Lib_Lcd.c,159 :: 		
0x0271	0x1608      	BSF        LCD_D4, BitPos(LCD_D4+0)
;__Lib_Lcd.c,160 :: 		
0x0272	0x1588      	BSF        LCD_EN, BitPos(LCD_EN+0)
;__Lib_Lcd.c,161 :: 		
0x0273	0x20A1      	CALL       _Delay_1us
;__Lib_Lcd.c,162 :: 		
0x0274	0x1188      	BCF        LCD_EN, BitPos(LCD_EN+0)
;__Lib_Lcd.c,163 :: 		
0x0275	0x20A6      	CALL       _Delay_5500us
;__Lib_Lcd.c,166 :: 		
0x0276	0x1208      	BCF        LCD_D4, BitPos(LCD_D4+0)
;__Lib_Lcd.c,167 :: 		
0x0277	0x1588      	BSF        LCD_EN, BitPos(LCD_EN+0)
;__Lib_Lcd.c,168 :: 		
0x0278	0x20A1      	CALL       _Delay_1us
;__Lib_Lcd.c,169 :: 		
0x0279	0x1188      	BCF        LCD_EN, BitPos(LCD_EN+0)
;__Lib_Lcd.c,171 :: 		
0x027A	0x1788      	BSF        LCD_D7, BitPos(LCD_D7+0)
;__Lib_Lcd.c,172 :: 		
0x027B	0x1708      	BSF        LCD_D6, BitPos(LCD_D6+0)
;__Lib_Lcd.c,173 :: 		
0x027C	0x1688      	BSF        LCD_D5, BitPos(LCD_D5+0)
;__Lib_Lcd.c,174 :: 		
0x027D	0x1608      	BSF        LCD_D4, BitPos(LCD_D4+0)
;__Lib_Lcd.c,175 :: 		
0x027E	0x1588      	BSF        LCD_EN, BitPos(LCD_EN+0)
;__Lib_Lcd.c,176 :: 		
0x027F	0x20A1      	CALL       _Delay_1us
;__Lib_Lcd.c,177 :: 		
0x0280	0x1188      	BCF        LCD_EN, BitPos(LCD_EN+0)
;__Lib_Lcd.c,179 :: 		
0x0281	0x20A6      	CALL       _Delay_5500us
;__Lib_Lcd.c,181 :: 		
0x0282	0x1447      	BSF        __Lib_Lcd_cmd_status, BitPos(__Lib_Lcd_cmd_status+0)
;__Lib_Lcd.c,182 :: 		
0x0283	0x0008      	RETURN
; end of _Lcd_Init
_Lcd_Out:
;__Lib_Lcd.c,184 :: 		
;__Lib_Lcd.c,187 :: 		
0x0284	0x2A96      	GOTO       L_Lcd_Out11
;__Lib_Lcd.c,188 :: 		
L_Lcd_Out13:
0x0285	0x3080      	MOVLW      128
0x0286	0x1283      	BCF        STATUS, 5
0x0287	0x1303      	BCF        STATUS, 6
0x0288	0x00CA      	MOVWF      FARG_Lcd_Out_row
0x0289	0x2AA9      	GOTO       L_Lcd_Out12
;__Lib_Lcd.c,189 :: 		
L_Lcd_Out14:
0x028A	0x30C0      	MOVLW      192
0x028B	0x00CA      	MOVWF      FARG_Lcd_Out_row
0x028C	0x2AA9      	GOTO       L_Lcd_Out12
;__Lib_Lcd.c,190 :: 		
L_Lcd_Out15:
0x028D	0x3094      	MOVLW      148
0x028E	0x00CA      	MOVWF      FARG_Lcd_Out_row
0x028F	0x2AA9      	GOTO       L_Lcd_Out12
;__Lib_Lcd.c,191 :: 		
L_Lcd_Out16:
0x0290	0x30D4      	MOVLW      212
0x0291	0x00CA      	MOVWF      FARG_Lcd_Out_row
0x0292	0x2AA9      	GOTO       L_Lcd_Out12
;__Lib_Lcd.c,192 :: 		
L_Lcd_Out17:
0x0293	0x3080      	MOVLW      128
0x0294	0x00CA      	MOVWF      FARG_Lcd_Out_row
;__Lib_Lcd.c,193 :: 		
0x0295	0x2AA9      	GOTO       L_Lcd_Out12
L_Lcd_Out11:
0x0296	0x1283      	BCF        STATUS, 5
0x0297	0x1303      	BCF        STATUS, 6
0x0298	0x084A      	MOVF       FARG_Lcd_Out_row, 0
0x0299	0x3A01      	XORLW      1
0x029A	0x1903      	BTFSC      STATUS, 2
0x029B	0x2A85      	GOTO       L_Lcd_Out13
0x029C	0x084A      	MOVF       FARG_Lcd_Out_row, 0
0x029D	0x3A02      	XORLW      2
0x029E	0x1903      	BTFSC      STATUS, 2
0x029F	0x2A8A      	GOTO       L_Lcd_Out14
0x02A0	0x084A      	MOVF       FARG_Lcd_Out_row, 0
0x02A1	0x3A03      	XORLW      3
0x02A2	0x1903      	BTFSC      STATUS, 2
0x02A3	0x2A8D      	GOTO       L_Lcd_Out15
0x02A4	0x084A      	MOVF       FARG_Lcd_Out_row, 0
0x02A5	0x3A04      	XORLW      4
0x02A6	0x1903      	BTFSC      STATUS, 2
0x02A7	0x2A90      	GOTO       L_Lcd_Out16
0x02A8	0x2A93      	GOTO       L_Lcd_Out17
L_Lcd_Out12:
;__Lib_Lcd.c,194 :: 		
0x02A9	0x034B      	DECF       FARG_Lcd_Out_column, 0
0x02AA	0x00F0      	MOVWF      R0
0x02AB	0x084A      	MOVF       FARG_Lcd_Out_row, 0
0x02AC	0x07F0      	ADDWF      R0, 1
0x02AD	0x0870      	MOVF       R0, 0
0x02AE	0x00CA      	MOVWF      FARG_Lcd_Out_row
;__Lib_Lcd.c,196 :: 		
0x02AF	0x0870      	MOVF       R0, 0
0x02B0	0x00CF      	MOVWF      FARG_Lcd_Cmd_out_char
0x02B1	0x20B9      	CALL       _Lcd_Cmd
;__Lib_Lcd.c,197 :: 		
0x02B2	0x1047      	BCF        __Lib_Lcd_cmd_status, BitPos(__Lib_Lcd_cmd_status+0)
;__Lib_Lcd.c,198 :: 		
0x02B3	0x01CD      	CLRF       Lcd_Out_i_L0
;__Lib_Lcd.c,199 :: 		
L_Lcd_Out18:
0x02B4	0x084D      	MOVF       Lcd_Out_i_L0, 0
0x02B5	0x074C      	ADDWF      FARG_Lcd_Out_text, 0
0x02B6	0x0084      	MOVWF      FSR
0x02B7	0x0800      	MOVF       INDF, 0
0x02B8	0x1903      	BTFSC      STATUS, 2
0x02B9	0x2AC2      	GOTO       L_Lcd_Out19
;__Lib_Lcd.c,200 :: 		
0x02BA	0x084D      	MOVF       Lcd_Out_i_L0, 0
0x02BB	0x074C      	ADDWF      FARG_Lcd_Out_text, 0
0x02BC	0x0084      	MOVWF      FSR
0x02BD	0x0800      	MOVF       INDF, 0
0x02BE	0x00CE      	MOVWF      FARG_Lcd_Chr_CP_out_char
0x02BF	0x2170      	CALL       _Lcd_Chr_CP
0x02C0	0x0ACD      	INCF       Lcd_Out_i_L0, 1
0x02C1	0x2AB4      	GOTO       L_Lcd_Out18
L_Lcd_Out19:
;__Lib_Lcd.c,201 :: 		
0x02C2	0x1447      	BSF        __Lib_Lcd_cmd_status, BitPos(__Lib_Lcd_cmd_status+0)
;__Lib_Lcd.c,202 :: 		
0x02C3	0x0008      	RETURN
; end of _Lcd_Out
___CC2DW:
;__Lib_System.c,24 :: 		
;__Lib_System.c,27 :: 		
_CC2D_Loop1:
;__Lib_System.c,29 :: 		
0x02C4	0x213E      	CALL       _____DoICP
0x02C5	0x118A      	BCF        PCLATH, 3
0x02C6	0x120A      	BCF        PCLATH, 4
;__Lib_System.c,31 :: 		
0x02C7	0x0080      	MOVWF      INDF
;__Lib_System.c,32 :: 		
0x02C8	0x0A84      	INCF       FSR, 1
;__Lib_System.c,33 :: 		
0x02C9	0x0AC5      	INCF       ___DoICPAddr, 1
;__Lib_System.c,35 :: 		
0x02CA	0x1903      	BTFSC      STATUS, 2
;__Lib_System.c,36 :: 		
0x02CB	0x0AC6      	INCF       ___DoICPAddr+1, 1
;__Lib_System.c,37 :: 		
0x02CC	0x03F0      	DECF       R0, 1
;__Lib_System.c,39 :: 		
0x02CD	0x1D03      	BTFSS      STATUS, 2
;__Lib_System.c,40 :: 		
0x02CE	0x2AC4      	GOTO       _CC2D_Loop1
;__Lib_System.c,42 :: 		
0x02CF	0x0008      	RETURN
; end of ___CC2DW
_guardaNum:
;GeradorPwmProg.c,160 :: 		void guardaNum(unsigned num){
;GeradorPwmProg.c,162 :: 		if(guardaNume == 0){
0x02D0	0x1283      	BCF        STATUS, 5
0x02D1	0x1303      	BCF        STATUS, 6
0x02D2	0x0828      	MOVF       _guardaNume, 0
0x02D3	0x3A00      	XORLW      0
0x02D4	0x1D03      	BTFSS      STATUS, 2
0x02D5	0x2AE8      	GOTO       L_guardaNum37
;GeradorPwmProg.c,163 :: 		dezena = num;
0x02D6	0x0850      	MOVF       FARG_guardaNum_num, 0
0x02D7	0x00B7      	MOVWF      _dezena
;GeradorPwmProg.c,164 :: 		delay_ms(300);
0x02D8	0x3007      	MOVLW      7
0x02D9	0x00FB      	MOVWF      R11
0x02DA	0x3017      	MOVLW      23
0x02DB	0x00FC      	MOVWF      R12
0x02DC	0x306A      	MOVLW      106
0x02DD	0x00FD      	MOVWF      R13
L_guardaNum38:
0x02DE	0x0BFD      	DECFSZ     R13, 1
0x02DF	0x2ADE      	GOTO       L_guardaNum38
0x02E0	0x0BFC      	DECFSZ     R12, 1
0x02E1	0x2ADE      	GOTO       L_guardaNum38
0x02E2	0x0BFB      	DECFSZ     R11, 1
0x02E3	0x2ADE      	GOTO       L_guardaNum38
0x02E4	0x0000      	NOP
;GeradorPwmProg.c,165 :: 		guardaNume = 1;
0x02E5	0x3001      	MOVLW      1
0x02E6	0x00A8      	MOVWF      _guardaNume
;GeradorPwmProg.c,166 :: 		}
0x02E7	0x2AF7      	GOTO       L_guardaNum39
L_guardaNum37:
;GeradorPwmProg.c,168 :: 		unidade = num;
0x02E8	0x0850      	MOVF       FARG_guardaNum_num, 0
0x02E9	0x00A7      	MOVWF      _unidade
;GeradorPwmProg.c,169 :: 		delay_ms(300);
0x02EA	0x3007      	MOVLW      7
0x02EB	0x00FB      	MOVWF      R11
0x02EC	0x3017      	MOVLW      23
0x02ED	0x00FC      	MOVWF      R12
0x02EE	0x306A      	MOVLW      106
0x02EF	0x00FD      	MOVWF      R13
L_guardaNum40:
0x02F0	0x0BFD      	DECFSZ     R13, 1
0x02F1	0x2AF0      	GOTO       L_guardaNum40
0x02F2	0x0BFC      	DECFSZ     R12, 1
0x02F3	0x2AF0      	GOTO       L_guardaNum40
0x02F4	0x0BFB      	DECFSZ     R11, 1
0x02F5	0x2AF0      	GOTO       L_guardaNum40
0x02F6	0x0000      	NOP
;GeradorPwmProg.c,170 :: 		}
L_guardaNum39:
;GeradorPwmProg.c,171 :: 		}
0x02F7	0x0008      	RETURN
; end of _guardaNum
_dutyHalf:
;GeradorPwmProg.c,184 :: 		void dutyHalf(unsigned duty){
;GeradorPwmProg.c,185 :: 		numero = duty;
0x02F8	0x1283      	BCF        STATUS, 5
0x02F9	0x1303      	BCF        STATUS, 6
0x02FA	0x0850      	MOVF       FARG_dutyHalf_duty, 0
0x02FB	0x00A6      	MOVWF      _numero
;GeradorPwmProg.c,186 :: 		delay_ms(100);
0x02FC	0x3003      	MOVLW      3
0x02FD	0x00FB      	MOVWF      R11
0x02FE	0x3008      	MOVLW      8
0x02FF	0x00FC      	MOVWF      R12
0x0300	0x3077      	MOVLW      119
0x0301	0x00FD      	MOVWF      R13
L_dutyHalf41:
0x0302	0x0BFD      	DECFSZ     R13, 1
0x0303	0x2B02      	GOTO       L_dutyHalf41
0x0304	0x0BFC      	DECFSZ     R12, 1
0x0305	0x2B02      	GOTO       L_dutyHalf41
0x0306	0x0BFB      	DECFSZ     R11, 1
0x0307	0x2B02      	GOTO       L_dutyHalf41
;GeradorPwmProg.c,187 :: 		dezena = 5;
0x0308	0x3005      	MOVLW      5
0x0309	0x00B7      	MOVWF      _dezena
;GeradorPwmProg.c,188 :: 		unidade = 0;
0x030A	0x01A7      	CLRF       _unidade
;GeradorPwmProg.c,189 :: 		}
0x030B	0x0008      	RETURN
; end of _dutyHalf
_main:
0x030C	0x1283      	BCF        STATUS, 5
0x030D	0x1303      	BCF        STATUS, 6
0x030E	0x01A4      	CLRF       _aux
0x030F	0x3001      	MOVLW      1
0x0310	0x00A5      	MOVWF      _control
0x0311	0x01A6      	CLRF       _numero
0x0312	0x01A7      	CLRF       _unidade
0x0313	0x01A8      	CLRF       _guardaNume
0x0314	0x3041      	MOVLW      65
0x0315	0x00A9      	MOVWF      ?lstr1_GeradorPwmProg
0x0316	0x306A      	MOVLW      106
0x0317	0x00AA      	MOVWF      42
0x0318	0x3075      	MOVLW      117
0x0319	0x00AB      	MOVWF      43
0x031A	0x3073      	MOVLW      115
0x031B	0x00AC      	MOVWF      44
0x031C	0x3074      	MOVLW      116
0x031D	0x00AD      	MOVWF      45
0x031E	0x3065      	MOVLW      101
0x031F	0x00AE      	MOVWF      46
0x0320	0x3020      	MOVLW      32
0x0321	0x00AF      	MOVWF      47
0x0322	0x3064      	MOVLW      100
0x0323	0x00B0      	MOVWF      48
0x0324	0x3065      	MOVLW      101
0x0325	0x00B1      	MOVWF      49
0x0326	0x3020      	MOVLW      32
0x0327	0x00B2      	MOVWF      50
0x0328	0x3050      	MOVLW      80
0x0329	0x00B3      	MOVWF      51
0x032A	0x3057      	MOVLW      87
0x032B	0x00B4      	MOVWF      52
0x032C	0x304D      	MOVLW      77
0x032D	0x00B5      	MOVWF      53
0x032E	0x01B6      	CLRF       54
0x032F	0x01B7      	CLRF       _dezena
0x0330	0x3044      	MOVLW      68
0x0331	0x00B8      	MOVWF      ?lstr2_GeradorPwmProg
0x0332	0x3075      	MOVLW      117
0x0333	0x00B9      	MOVWF      57
0x0334	0x3074      	MOVLW      116
0x0335	0x00BA      	MOVWF      58
0x0336	0x3079      	MOVLW      121
0x0337	0x00BB      	MOVWF      59
0x0338	0x3020      	MOVLW      32
0x0339	0x00BC      	MOVWF      60
0x033A	0x3043      	MOVLW      67
0x033B	0x00BD      	MOVWF      61
0x033C	0x3069      	MOVLW      105
0x033D	0x00BE      	MOVWF      62
0x033E	0x3063      	MOVLW      99
0x033F	0x00BF      	MOVWF      63
0x0340	0x306C      	MOVLW      108
0x0341	0x00C0      	MOVWF      64
0x0342	0x3065      	MOVLW      101
0x0343	0x00C1      	MOVWF      65
0x0344	0x303A      	MOVLW      58
0x0345	0x00C2      	MOVWF      66
0x0346	0x3020      	MOVLW      32
0x0347	0x00C3      	MOVWF      67
0x0348	0x01C4      	CLRF       68
;GeradorPwmProg.c,114 :: 		void main() {
;GeradorPwmProg.c,116 :: 		CMCON = 0x07; // Desativa os comparadores internos
0x0349	0x3007      	MOVLW      7
0x034A	0x1683      	BSF        STATUS, 5
0x034B	0x009C      	MOVWF      CMCON
;GeradorPwmProg.c,117 :: 		OPTION_REG = 0x87; // Desativa os pull-ups internos e configura o prescaler para 1:128
0x034C	0x3087      	MOVLW      135
0x034D	0x0081      	MOVWF      OPTION_REG
;GeradorPwmProg.c,118 :: 		GIE_bit = 0x01; // Ativa a interrupção global
0x034E	0x178B      	BSF        GIE_bit, 7
;GeradorPwmProg.c,119 :: 		PEIE_bit = 0x01; // Ativa a interrupção por periféricos
0x034F	0x170B      	BSF        PEIE_bit, 6
;GeradorPwmProg.c,120 :: 		TMR0IE_bit = 0x01; // Ativa a interrupção do timer0 por estouro
0x0350	0x168B      	BSF        TMR0IE_bit, 5
;GeradorPwmProg.c,121 :: 		TMR0 = 0x00;
0x0351	0x1283      	BCF        STATUS, 5
0x0352	0x0181      	CLRF       TMR0
;GeradorPwmProg.c,123 :: 		TRISB = 0xF0; // Faz o primeiro nibble do portb ser entrada
0x0353	0x30F0      	MOVLW      240
0x0354	0x1683      	BSF        STATUS, 5
0x0355	0x0086      	MOVWF      TRISB
;GeradorPwmProg.c,124 :: 		TRISC = 0xFB; // Apenas ccp1 como saída
0x0356	0x30FB      	MOVLW      251
0x0357	0x0087      	MOVWF      TRISC
;GeradorPwmProg.c,125 :: 		TRISD = 0x03; // Apenas RD0 e RD1 como entrada
0x0358	0x3003      	MOVLW      3
0x0359	0x0088      	MOVWF      TRISD
;GeradorPwmProg.c,126 :: 		PORTB = 0x0F; // Inicia o primeiro nibble do portb em High
0x035A	0x300F      	MOVLW      15
0x035B	0x1283      	BCF        STATUS, 5
0x035C	0x0086      	MOVWF      PORTB
;GeradorPwmProg.c,132 :: 		PWM1_Init(2000);
0x035D	0x1412      	BSF        T2CON, 0
0x035E	0x1492      	BSF        T2CON, 1
0x035F	0x307C      	MOVLW      124
0x0360	0x1683      	BSF        STATUS, 5
0x0361	0x0092      	MOVWF      PR2
0x0362	0x2230      	CALL       _PWM1_Init
;GeradorPwmProg.c,136 :: 		Lcd_Init();
0x0363	0x2236      	CALL       _Lcd_Init
;GeradorPwmProg.c,137 :: 		Lcd_Cmd(_LCD_CURSOR_OFF);
0x0364	0x300C      	MOVLW      12
0x0365	0x00CF      	MOVWF      FARG_Lcd_Cmd_out_char
0x0366	0x20B9      	CALL       _Lcd_Cmd
;GeradorPwmProg.c,138 :: 		Lcd_Cmd(_LCD_CLEAR);
0x0367	0x3001      	MOVLW      1
0x0368	0x00CF      	MOVWF      FARG_Lcd_Cmd_out_char
0x0369	0x20B9      	CALL       _Lcd_Cmd
;GeradorPwmProg.c,139 :: 		Lcd_Out(1, 4, "Ajuste de PWM");
0x036A	0x3001      	MOVLW      1
0x036B	0x00CA      	MOVWF      FARG_Lcd_Out_row
0x036C	0x3004      	MOVLW      4
0x036D	0x00CB      	MOVWF      FARG_Lcd_Out_column
0x036E	0x3029      	MOVLW      ?lstr1_GeradorPwmProg
0x036F	0x00CC      	MOVWF      FARG_Lcd_Out_text
0x0370	0x2284      	CALL       _Lcd_Out
;GeradorPwmProg.c,143 :: 		PWM1_Start();
0x0371	0x21B4      	CALL       _PWM1_Start
;GeradorPwmProg.c,145 :: 		while(1){
L_main33:
;GeradorPwmProg.c,147 :: 		escreve;
0x0372	0x3002      	MOVLW      2
0x0373	0x00CA      	MOVWF      FARG_Lcd_Out_row
0x0374	0x3001      	MOVLW      1
0x0375	0x00CB      	MOVWF      FARG_Lcd_Out_column
0x0376	0x3038      	MOVLW      ?lstr2_GeradorPwmProg
0x0377	0x00CC      	MOVWF      FARG_Lcd_Out_text
0x0378	0x2284      	CALL       _Lcd_Out
0x0379	0x3030      	MOVLW      48
0x037A	0x0737      	ADDWF      _dezena, 0
0x037B	0x00CE      	MOVWF      FARG_Lcd_Chr_CP_out_char
0x037C	0x2170      	CALL       _Lcd_Chr_CP
0x037D	0x3030      	MOVLW      48
0x037E	0x0727      	ADDWF      _unidade, 0
0x037F	0x00CE      	MOVWF      FARG_Lcd_Chr_CP_out_char
0x0380	0x2170      	CALL       _Lcd_Chr_CP
;GeradorPwmProg.c,149 :: 		if(aux == 1){
0x0381	0x0824      	MOVF       _aux, 0
0x0382	0x3A01      	XORLW      1
0x0383	0x1D03      	BTFSS      STATUS, 2
0x0384	0x2B8F      	GOTO       L_main35
;GeradorPwmProg.c,150 :: 		numero = concatenaNum(dezena, unidade);
0x0385	0x0837      	MOVF       _dezena, 0
0x0386	0x00CA      	MOVWF      FARG_concatenaNum_dez
0x0387	0x01CB      	CLRF       FARG_concatenaNum_dez+1
0x0388	0x0827      	MOVF       _unidade, 0
0x0389	0x00CC      	MOVWF      FARG_concatenaNum_uni
0x038A	0x01CD      	CLRF       FARG_concatenaNum_uni+1
0x038B	0x2225      	CALL       _concatenaNum
0x038C	0x0870      	MOVF       R0, 0
0x038D	0x00A6      	MOVWF      _numero
;GeradorPwmProg.c,152 :: 		guardaNume = 0;
0x038E	0x01A8      	CLRF       _guardaNume
;GeradorPwmProg.c,153 :: 		}
L_main35:
;GeradorPwmProg.c,155 :: 		PWM1_Set_Duty((numero*255)/100);
0x038F	0x0826      	MOVF       _numero, 0
0x0390	0x00F0      	MOVWF      R0
0x0391	0x30FF      	MOVLW      255
0x0392	0x00F4      	MOVWF      R4
0x0393	0x2125      	CALL       _Mul_8x8_U
0x0394	0x3064      	MOVLW      100
0x0395	0x00F4      	MOVWF      R4
0x0396	0x3000      	MOVLW      0
0x0397	0x00F5      	MOVWF      R4+1
0x0398	0x21BC      	CALL       _Div_16x16_S
0x0399	0x0870      	MOVF       R0, 0
0x039A	0x00CA      	MOVWF      FARG_PWM1_Set_Duty_new_duty
0x039B	0x2178      	CALL       _PWM1_Set_Duty
;GeradorPwmProg.c,156 :: 		delay_ms(100);
0x039C	0x3003      	MOVLW      3
0x039D	0x00FB      	MOVWF      R11
0x039E	0x3008      	MOVLW      8
0x039F	0x00FC      	MOVWF      R12
0x03A0	0x3077      	MOVLW      119
0x03A1	0x00FD      	MOVWF      R13
L_main36:
0x03A2	0x0BFD      	DECFSZ     R13, 1
0x03A3	0x2BA2      	GOTO       L_main36
0x03A4	0x0BFC      	DECFSZ     R12, 1
0x03A5	0x2BA2      	GOTO       L_main36
0x03A6	0x0BFB      	DECFSZ     R11, 1
0x03A7	0x2BA2      	GOTO       L_main36
;GeradorPwmProg.c,157 :: 		}
0x03A8	0x2B72      	GOTO       L_main33
;GeradorPwmProg.c,158 :: 		}
0x03A9	0x2BA9      	GOTO       $+0
; end of _main
Symbol List:
//** Routines locations **
//ADDRESS    SIZE    PROCEDURE
//----------------------------------------------
0x0004     [157]    _interrupt
0x00A1       [5]    _Delay_1us
0x00A6      [11]    _Delay_5500us
0x00B1       [8]    _Delay_50us
0x00B9      [64]    _Lcd_Cmd
0x00F9      [44]    _Div_16x16_S_L
0x0125      [25]    _Mul_8x8_U
0x013E       [7]    _____DoICP
0x0145      [43]    _Mul_16x16_U
0x0170       [8]    _Lcd_Chr_CP
0x0178      [60]    _PWM1_Set_Duty
0x01B4       [8]    _PWM1_Start
0x01BC     [105]    _Div_16x16_S
0x0225      [11]    _concatenaNum
0x0230       [6]    _PWM1_Init
0x0236      [78]    _Lcd_Init
0x0284      [64]    _Lcd_Out
0x02C4      [12]    ___CC2DW
0x02D0      [40]    _guardaNum
0x02F8      [20]    _dutyHalf
0x030C     [158]    _main
//** Variables locations ** 
//ADDRESS    SIZE    VARIABLE
//----------------------------------------------
0x0000       [1]    INDF
0x0001       [1]    TMR0
0x0002       [1]    PCL
0x0003       [0]    RP1_bit
0x0003       [0]    IRP_bit
0x0003       [0]    DC_bit
0x0003       [0]    Z_bit
0x0003       [0]    NOT_PD_bit
0x0003       [0]    NOT_TO_bit
0x0003       [0]    RP0_bit
0x0003       [1]    STATUS
0x0003       [0]    C_bit
0x0004       [1]    FSR
0x0004       [1]    FSRPTR
0x0005       [1]    PORTA
0x0005       [0]    RA2_bit
0x0005       [0]    RA1_bit
0x0005       [0]    RA0_bit
0x0005       [0]    RA5_bit
0x0005       [0]    RA4_bit
0x0005       [0]    RA3_bit
0x0006       [0]    RB7_bit
0x0006       [0]    RB2_bit
0x0006       [0]    RB1_bit
0x0006       [0]    RB0_bit
0x0006       [0]    RB3_bit
0x0006       [0]    RB6_bit
0x0006       [0]    RB5_bit
0x0006       [0]    RB4_bit
0x0006       [1]    PORTB
0x0007       [0]    RC3_bit
0x0007       [0]    RC4_bit
0x0007       [0]    RC5_bit
0x0007       [0]    RC1_bit
0x0007       [0]    RC2_bit
0x0007       [0]    RC0_bit
0x0007       [0]    RC6_bit
0x0007       [0]    RC7_bit
0x0007       [1]    PORTC
0x0008       [0]    RD0_bit
0x0008       [0]    RD5_bit
0x0008       [0]    RD6_bit
0x0008       [0]    RD1_bit
0x0008       [0]    RD3_bit
0x0008       [0]    RD2_bit
0x0008       [0]    RD4_bit
0x0008       [0]    RD7_bit
0x0008       [0]    LCD_D4
0x0008       [0]    LCD_D6
0x0008       [0]    LCD_D5
0x0008       [0]    LCD_EN
0x0008       [1]    PORTD
0x0008       [0]    LCD_D7
0x0008       [0]    LCD_RS
0x0009       [0]    RE0_bit
0x0009       [1]    PORTE
0x0009       [0]    RE2_bit
0x0009       [0]    RE1_bit
0x000A       [1]    PCLATH
0x000B       [0]    T0IF_bit
0x000B       [1]    INTCON
0x000B       [0]    TMR0IF_bit
0x000B       [0]    RBIF_bit
0x000B       [0]    INTF_bit
0x000B       [0]    RBIE_bit
0x000B       [0]    PEIE_bit
0x000B       [0]    TMR0IE_bit
0x000B       [0]    T0IE_bit
0x000B       [0]    GIE_bit
0x000B       [0]    INTE_bit
0x000C       [0]    PSPIF_bit
0x000C       [0]    TMR2IF_bit
0x000C       [0]    SSPIF_bit
0x000C       [0]    TMR1IF_bit
0x000C       [0]    CCP1IF_bit
0x000C       [1]    PIR1
0x000C       [0]    ADIF_bit
0x000C       [0]    RCIF_bit
0x000C       [0]    TXIF_bit
0x000D       [0]    EEIF_bit
0x000D       [0]    CMIF_bit
0x000D       [1]    PIR2
0x000D       [0]    CCP2IF_bit
0x000D       [0]    BCLIF_bit
0x000E       [1]    TMR1L
0x000F       [1]    TMR1H
0x0010       [0]    TMR1CS_bit
0x0010       [1]    T1CON
0x0010       [0]    NOT_T1SYNC_bit
0x0010       [0]    T1CKPS0_bit
0x0010       [0]    TMR1ON_bit
0x0010       [0]    T1INSYNC_bit
0x0010       [0]    T1CKPS1_bit
0x0010       [0]    T1OSCEN_bit
0x0010       [0]    T1SYNC_bit
0x0011       [1]    TMR2
0x0012       [0]    TOUTPS3_bit
0x0012       [1]    T2CON
0x0012       [0]    T2CKPS1_bit
0x0012       [0]    TOUTPS2_bit
0x0012       [0]    TOUTPS1_bit
0x0012       [0]    TOUTPS0_bit
0x0012       [0]    TMR2ON_bit
0x0012       [0]    T2CKPS0_bit
0x0013       [1]    SSPBUF
0x0014       [0]    SSPM1_bit
0x0014       [0]    SSPM0_bit
0x0014       [0]    SSPM2_bit
0x0014       [0]    CKP_bit
0x0014       [0]    SSPEN_bit
0x0014       [0]    SSPOV_bit
0x0014       [1]    SSPCON
0x0014       [0]    WCOL_bit
0x0014       [0]    SSPM3_bit
0x0015       [1]    CCPR1L
0x0015       [2]    CCPR1
0x0016       [1]    CCPR1H
0x0017       [0]    CCP1M0_bit
0x0017       [0]    CCP1M2_bit
0x0017       [0]    CCP1M3_bit
0x0017       [0]    CCP1M1_bit
0x0017       [0]    CCP1Y_bit
0x0017       [0]    CCP1X_bit
0x0017       [1]    CCP1CON
0x0018       [0]    ADDEN_bit
0x0018       [0]    CREN_bit
0x0018       [0]    FERR_bit
0x0018       [0]    OERR_bit
0x0018       [1]    RCSTA
0x0018       [0]    RX9_bit
0x0018       [0]    RC8_9_bit
0x0018       [0]    NOT_RC8_bit
0x0018       [0]    RX9D_bit
0x0018       [0]    RC9_bit
0x0018       [0]    RCD8_bit
0x0018       [0]    SPEN_bit
0x0018       [0]    SREN_bit
0x0019       [1]    TXREG
0x001A       [1]    RCREG
0x001B       [1]    CCPR2L
0x001B       [2]    CCPR2
0x001C       [1]    CCPR2H
0x001D       [0]    CCP2M3_bit
0x001D       [0]    CCP2Y_bit
0x001D       [0]    CCP2X_bit
0x001D       [0]    CCP2M1_bit
0x001D       [0]    CCP2M0_bit
0x001D       [1]    CCP2CON
0x001D       [0]    CCP2M2_bit
0x001E       [1]    ADRESH
0x001F       [0]    CHS0_bit
0x001F       [0]    CHS2_bit
0x001F       [0]    CHS1_bit
0x001F       [0]    ADON_bit
0x001F       [0]    NOT_DONE_bit
0x001F       [0]    GO_DONE_bit
0x001F       [0]    GO_bit
0x001F       [0]    ADCS1_bit
0x001F       [1]    ADCON0
0x001F       [0]    ADCS0_bit
0x0024       [1]    _aux
0x0025       [1]    _control
0x0026       [1]    _numero
0x0027       [1]    _unidade
0x0028       [1]    _guardaNume
0x0029      [14]    ?lstr1_GeradorPwmProg
0x0037       [1]    _dezena
0x0038      [13]    ?lstr2_GeradorPwmProg
0x0045       [2]    ___DoICPAddr
0x0047       [0]    __Lib_Lcd_cmd_status
0x0048       [1]    ___savePCLATH
0x0049       [1]    ___saveSTATUS
0x004A       [2]    FARG_concatenaNum_dez
0x004A       [1]    FARG_PWM1_Set_Duty_new_duty
0x004A       [1]    FARG_Lcd_Out_row
0x004A       [4]    FARG_PWM1_Init_PWM_Freq
0x004B       [1]    FARG_Lcd_Out_column
0x004C       [2]    FARG_concatenaNum_uni
0x004C       [1]    FARG_Lcd_Out_text
0x004D       [1]    Lcd_Out_i_L0
0x004E       [1]    FARG_Lcd_Chr_CP_out_char
0x004F       [1]    FARG_Lcd_Cmd_out_char
0x0050       [2]    FARG_guardaNum_num
0x0050       [2]    FARG_dutyHalf_duty
0x0070       [1]    R0
0x0071       [1]    R1
0x0072       [1]    R2
0x0073       [1]    R3
0x0074       [1]    R4
0x0075       [1]    R5
0x0076       [1]    R6
0x0077       [1]    R7
0x0078       [1]    R8
0x0079       [1]    R9
0x007A       [1]    R10
0x007B       [1]    R11
0x007C       [1]    R12
0x007D       [1]    R13
0x007E       [1]    R14
0x007F       [1]    R15
0x0081       [0]    T0SE_bit
0x0081       [0]    PSA_bit
0x0081       [0]    T0CS_bit
0x0081       [0]    NOT_RBPU_bit
0x0081       [0]    INTEDG_bit
0x0081       [0]    PS0_bit
0x0081       [1]    OPTION_REG
0x0081       [0]    PS2_bit
0x0081       [0]    PS1_bit
0x0085       [0]    TRISA4_bit
0x0085       [0]    TRISA5_bit
0x0085       [1]    TRISA
0x0085       [0]    TRISA1_bit
0x0085       [0]    TRISA0_bit
0x0085       [0]    TRISA3_bit
0x0085       [0]    TRISA2_bit
0x0086       [1]    TRISB
0x0086       [0]    TRISB2_bit
0x0086       [0]    TRISB0_bit
0x0086       [0]    TRISB1_bit
0x0086       [0]    TRISB3_bit
0x0086       [0]    TRISB6_bit
0x0086       [0]    TRISB7_bit
0x0086       [0]    TRISB5_bit
0x0086       [0]    TRISB4_bit
0x0087       [1]    TRISC
0x0087       [0]    TRISC2_bit
0x0087       [0]    TRISC3_bit
0x0087       [0]    TRISC0_bit
0x0087       [0]    TRISC1_bit
0x0087       [0]    TRISC6_bit
0x0087       [0]    TRISC7_bit
0x0087       [0]    TRISC4_bit
0x0087       [0]    TRISC5_bit
0x0088       [0]    TRISD0_bit
0x0088       [0]    LCD_RS_Direction
0x0088       [0]    TRISD1_bit
0x0088       [0]    TRISD3_bit
0x0088       [0]    TRISD2_bit
0x0088       [0]    LCD_D5_Direction
0x0088       [0]    LCD_D4_Direction
0x0088       [0]    LCD_D6_Direction
0x0088       [0]    LCD_EN_Direction
0x0088       [0]    LCD_D7_Direction
0x0088       [0]    TRISD6_bit
0x0088       [0]    TRISD5_bit
0x0088       [1]    TRISD
0x0088       [0]    TRISD4_bit
0x0088       [0]    TRISD7_bit
0x0089       [0]    IBOV_bit
0x0089       [0]    OBF_bit
0x0089       [0]    TRISE2_bit
0x0089       [0]    PSPMODE_bit
0x0089       [0]    TRISE1_bit
0x0089       [0]    OBF_TRISE_bit
0x0089       [1]    TRISE
0x0089       [0]    PSPMODE_TRISE_bit
0x0089       [0]    IBOV_TRISE_bit
0x0089       [0]    IBF_bit
0x0089       [0]    TRISE0_bit
0x0089       [0]    IBF_TRISE_bit
0x008C       [0]    CCP1IE_bit
0x008C       [0]    SSPIE_bit
0x008C       [0]    TMR1IE_bit
0x008C       [1]    PIE1
0x008C       [0]    TMR2IE_bit
0x008C       [0]    RCIE_bit
0x008C       [0]    ADIE_bit
0x008C       [0]    PSPIE_bit
0x008C       [0]    TXIE_bit
0x008D       [0]    BCLIE_bit
0x008D       [0]    EEIE_bit
0x008D       [0]    CMIE_bit
0x008D       [1]    PIE2
0x008D       [0]    CCP2IE_bit
0x008E       [0]    NOT_POR_bit
0x008E       [1]    PCON
0x008E       [0]    NOT_BOR_bit
0x008E       [0]    NOT_BO_bit
0x0091       [0]    GCEN_bit
0x0091       [0]    PEN_bit
0x0091       [0]    RCEN_bit
0x0091       [0]    SEN_bit
0x0091       [0]    RSEN_bit
0x0091       [0]    ACKSTAT_bit
0x0091       [1]    SSPCON2
0x0091       [0]    ACKEN_bit
0x0091       [0]    ACKDT_bit
0x0092       [1]    PR2
0x0093       [1]    SSPADD
0x0094       [0]    CKE_bit
0x0094       [0]    NOT_ADDRESS_bit
0x0094       [0]    NOT_W_bit
0x0094       [0]    READ_WRITE_bit
0x0094       [0]    D_A_bit
0x0094       [0]    UA_bit
0x0094       [0]    NOT_A_bit
0x0094       [0]    P_bit
0x0094       [0]    D_bit
0x0094       [0]    R_W_bit
0x0094       [0]    I2C_STOP__bit
0x0094       [0]    SMP_bit
0x0094       [0]    NOT_WRITE_bit
0x0094       [0]    I2C_DATA_bit
0x0094       [1]    SSPSTAT
0x0094       [0]    DATA_ADDRESS_bit
0x0094       [0]    I2C_READ_bit
0x0094       [0]    BF_bit
0x0094       [0]    S_bit
0x0094       [0]    I2C_START__bit
0x0094       [0]    R_bit
0x0098       [0]    TRMT_bit
0x0098       [0]    CSRC_bit
0x0098       [0]    BRGH_bit
0x0098       [0]    TX9D_bit
0x0098       [0]    TXEN_bit
0x0098       [0]    TX8_9_bit
0x0098       [0]    NOT_TX8_bit
0x0098       [1]    TXSTA
0x0098       [0]    TXD8_bit
0x0098       [0]    TX9_bit
0x0098       [0]    SYNC_bit
0x0099       [1]    SPBRG
0x009C       [0]    CIS_bit
0x009C       [0]    CM2_bit
0x009C       [0]    CM1_bit
0x009C       [0]    C1OUT_bit
0x009C       [0]    C2OUT_bit
0x009C       [1]    CMCON
0x009C       [0]    CM0_bit
0x009C       [0]    C1INV_bit
0x009C       [0]    C2INV_bit
0x009D       [0]    CVR2_bit
0x009D       [0]    CVR3_bit
0x009D       [0]    CVR0_bit
0x009D       [0]    CVR1_bit
0x009D       [0]    CVRR_bit
0x009D       [1]    CVRCON
0x009D       [0]    CVREN_bit
0x009D       [0]    CVROE_bit
0x009E       [1]    ADRESL
0x009F       [0]    ADFM_bit
0x009F       [0]    ADCS2_bit
0x009F       [0]    PCFG3_bit
0x009F       [0]    PCFG2_bit
0x009F       [1]    ADCON1
0x009F       [0]    PCFG1_bit
0x009F       [0]    PCFG0_bit
0x010C       [1]    EEDATA
0x010D       [1]    EEADR
0x010E       [1]    EEDATH
0x010F       [1]    EEADRH
0x018C       [0]    EEPGD_bit
0x018C       [0]    RD_bit
0x018C       [0]    WR_bit
0x018C       [1]    EECON1
0x018C       [0]    WRERR_bit
0x018C       [0]    WREN_bit
0x018D       [1]    EECON2
//** Label List: ** 
//----------------------------------------------
  L_interrupt0
  L_interrupt1
  L_interrupt2
  L_interrupt3
  L_interrupt4
  L_interrupt5
  L_interrupt6
  L_interrupt7
  L_interrupt8
  L_interrupt9
  L_interrupt10
  L_interrupt11
  L_interrupt12
  L_interrupt13
  L_interrupt14
  L_interrupt15
  L_interrupt16
  L_interrupt17
  L_interrupt18
  L_interrupt19
  L_interrupt20
  L_interrupt21
  L_interrupt22
  L_interrupt23
  L_interrupt24
  L_interrupt25
  L_interrupt26
  L_interrupt27
  L_interrupt28
  L_interrupt29
  L_interrupt30
  L_interrupt31
  L_interrupt32
  L_main33
  L_main34
  L_main35
  L_main36
  L_guardaNum37
  L_guardaNum38
  L_guardaNum39
  L_guardaNum40
  L_dutyHalf41
  L__interrupt42
  L__interrupt43
  L__interrupt44
  _interrupt
  L__interrupt45
  _main
  _guardaNum
  _concatenaNum
  _dutyHalf
  L_Delay_10us0
  L_Delay_22us1
  L_Delay_50us2
  L_Delay_80us3
  L_Delay_500us4
  L_Delay_5500us5
  L_Delay_1ms6
  L_Delay_5ms7
  L_Delay_8ms8
  L_Delay_100ms9
  L_Delay_1sec10
  L_boot16_Delay_5ms11
  L_Delay_Cyc12
  L_Delay_Cyc13
  L_VDelay_ms14
  L_VDelay_ms15
  L_VDelay_ms16
  L_VDelay_Advanced_ms17
  L_VDelay_Advanced_ms18
  L_VDelay_Advanced_ms19
  _Get_Fosc_kHz
  _Delay_1us
  _Delay_10us
  _Delay_22us
  _Delay_50us
  _Delay_80us
  _Delay_500us
  _Delay_5500us
  _Delay_1ms
  _Delay_5ms
  _Delay_8ms
  _Delay_100ms
  _Delay_1sec
  _boot16_Delay_5ms
  _Delay_Cyc
  _VDelay_ms
  L__VDelay_ms20
  L__VDelay_ms21
  L__VDelay_ms22
  _VDelay_Advanced_ms
  L__VDelay_Advanced_ms23
  L__VDelay_Advanced_ms24
  L__VDelay_Advanced_ms25
  L_Lcd_Cmd0
  L_Lcd_Cmd1
  L_Lcd_Out_CP2
  L_Lcd_Out_CP3
  L_Lcd_Chr4
  L_Lcd_Chr5
  L_Lcd_Chr6
  L_Lcd_Chr7
  L_Lcd_Chr8
  L_Lcd_Chr9
  L_Lcd_Chr10
  L_Lcd_Out11
  L_Lcd_Out12
  L_Lcd_Out13
  L_Lcd_Out14
  L_Lcd_Out15
  L_Lcd_Out16
  L_Lcd_Out17
  L_Lcd_Out18
  L_Lcd_Out19
  _Lcd_Cmd
  L__Lcd_Cmd20
  L__Lcd_Cmd21
  L__Lcd_Cmd22
  L__Lcd_Cmd23
  L__Lcd_Cmd24
  L__Lcd_Cmd25
  L__Lcd_Cmd26
  L__Lcd_Cmd27
  L__Lcd_Cmd28
  L__Lcd_Cmd29
  L__Lcd_Cmd30
  L__Lcd_Cmd31
  L__Lcd_Cmd32
  L__Lcd_Cmd33
  L__Lcd_Cmd34
  L__Lcd_Cmd35
  L__Lcd_Cmd36
  L__Lcd_Cmd37
  L__Lcd_Cmd38
  L__Lcd_Cmd39
  _Lcd_Chr_CP
  _Lcd_Out_CP
  _Lcd_Chr
  _Lcd_Init
  _Lcd_Out
  L_Div_16x16_S0
  L_Div_16x16_S1
  LOOPS3232A
  SADD22LA
  SOK22LA
  SADD22L8
  SOK22L8
  LOOPS3232B
  SADD22LB
  SOK22LB
  SADD22L16
  SOK22L16
  LOOPS3232C
  SADD22LC
  SOK22LC
  SADD22L24
  SOK22L24
  LOOPS3232D
  SADD22LD
  SOK22LD
  SOK22L
  L_Div_32x32_S6
  L_Div_32x32_S7
  L_Div_32x32_S8
  L_Div_32x32_S9
  FXD3232S
  END_ALL
  CA3232S
  C3232SX
  C3232SX1
  C3232S
  C3232S2
  C3232SX4
  C3232SOK
  C3232SX3
  C3232SX2
  avoid_comfrem
  LOOPU3232A
  UADD22LA
  UOK22LA
  UADD22L8
  UOK22L8
  LOOPU3232B
  UADD22LB
  UOK22LB
  UADD22L16
  UOK22L16
  LOOPU3232C
  UADD22LC
  UOK22LC
  UADD22L24
  UOK22L24
  LOOPU3232D
  UADD22LD
  UOK22LD
  UOK22L
  _NEXT
  _EXIT2
  _LOOP
  _EXIT1
  _IF_FIRST
  _IF_SECOND
  _INVERCE_FIRST
  _MULT
  _INBERSE_SECOND
  _EXIT
  _Mul_8x8_U
  _Mul_16x16_U
  _Div_8x8_U
  _Div_16x16_U
  _Mul_8x8_S
  _Mul_16x16_S
  _Div_16x16_S_L
  _Div_16x16_S
  _Div_8x8_S
  _SDIV3232L
  _COMFREM
  _Div_32x32_S
  _Div_32x32_U
  _Mul_32x32_U
  _Mul_32x32_S
  _PWM2_Init
  _PWM2_Set_Duty
  L__PWM2_Set_Duty0
  L__PWM2_Set_Duty1
  L__PWM2_Set_Duty2
  L__PWM2_Set_Duty3
  _PWM2_Start
  _PWM2_Stop
  _PWM1_Init
  _PWM1_Set_Duty
  L__PWM1_Set_Duty4
  L__PWM1_Set_Duty5
  L__PWM1_Set_Duty6
  L__PWM1_Set_Duty7
  _PWM1_Start
  _PWM1_Stop
  _CC2D_Loop1
  _____DoICP
  _____DoIFC
  ___CC2DW
  _Swap
  L_interrupt0
  L_interrupt1
  L_interrupt2
  L_interrupt3
  L_interrupt4
  L_interrupt5
  L_interrupt6
  L_interrupt7
  L_interrupt8
  L_interrupt9
  L_interrupt10
  L_interrupt11
  L_interrupt12
  L_interrupt13
  L_interrupt14
  L_interrupt15
  L_interrupt16
  L_interrupt17
  L_interrupt18
  L_interrupt19
  L_interrupt20
  L_interrupt21
  L_interrupt22
  L_interrupt23
  L_interrupt24
  L_interrupt25
  L_interrupt26
  L_interrupt27
  L_interrupt28
  L_interrupt29
  L_interrupt30
  L_interrupt31
  L_interrupt32
  L_main33
  L_main34
  L_main35
  L_main36
  L_guardaNum37
  L_guardaNum38
  L_guardaNum39
  L_guardaNum40
  L_dutyHalf41
  L__interrupt42
  L__interrupt43
  L__interrupt44
  _interrupt
  L__interrupt45
  _main
  _guardaNum
  _concatenaNum
  _dutyHalf
