;  LST file generated by mikroListExporter - v.2.0 
; Date/Time: 14/05/2020 19:21:51
;----------------------------------------------

;Address Opcode 	ASM
0x0000	0x293E      	GOTO       318
_interrupt:
0x0004	0x00FF      	MOVWF      R15
0x0005	0x0E03      	SWAPF      STATUS, 0
0x0006	0x0183      	CLRF       STATUS
0x0007	0x00B9      	MOVWF      ___saveSTATUS
0x0008	0x080A      	MOVF       PCLATH, 0
0x0009	0x00BA      	MOVWF      ___savePCLATH
0x000A	0x018A      	CLRF       PCLATH
0x000B	0x0870      	MOVF       R0, 0
0x000C	0x00A0      	MOVWF      32
;Timer0Timer1.c,25 :: 		void interrupt(){
;Timer0Timer1.c,27 :: 		if(T0IF_bit){
0x000D	0x1D0B      	BTFSS      T0IF_bit, 2
0x000E	0x2821      	GOTO       L_interrupt0
;Timer0Timer1.c,29 :: 		T0IF_bit = 0x00;
0x000F	0x110B      	BCF        T0IF_bit, 2
;Timer0Timer1.c,30 :: 		TMR0 = 0x06;
0x0010	0x3006      	MOVLW      6
0x0011	0x0081      	MOVWF      TMR0
;Timer0Timer1.c,32 :: 		cont1++;
0x0012	0x0AB4      	INCF       _cont1, 1
0x0013	0x1903      	BTFSC      STATUS, 2
0x0014	0x0AB5      	INCF       _cont1+1, 1
;Timer0Timer1.c,34 :: 		if(cont1 == 500){
0x0015	0x0835      	MOVF       _cont1+1, 0
0x0016	0x3A01      	XORLW      1
0x0017	0x1D03      	BTFSS      STATUS, 2
0x0018	0x281B      	GOTO       L__interrupt10
0x0019	0x30F4      	MOVLW      244
0x001A	0x0634      	XORWF      _cont1, 0
L__interrupt10:
0x001B	0x1D03      	BTFSS      STATUS, 2
0x001C	0x2821      	GOTO       L_interrupt1
;Timer0Timer1.c,36 :: 		cont1 = 0x00;
0x001D	0x01B4      	CLRF       _cont1
0x001E	0x01B5      	CLRF       _cont1+1
;Timer0Timer1.c,38 :: 		luzLcd = ~luzLcd;
0x001F	0x3008      	MOVLW      8
0x0020	0x0686      	XORWF      RB3_bit, 1
;Timer0Timer1.c,39 :: 		}
L_interrupt1:
;Timer0Timer1.c,40 :: 		}
L_interrupt0:
;Timer0Timer1.c,42 :: 		if(TMR1IF_bit){
0x0021	0x1C0C      	BTFSS      TMR1IF_bit, 0
0x0022	0x2837      	GOTO       L_interrupt2
;Timer0Timer1.c,44 :: 		TMR1IF_bit = 0x00;
0x0023	0x100C      	BCF        TMR1IF_bit, 0
;Timer0Timer1.c,45 :: 		TMR1H = 0xCF;
0x0024	0x30CF      	MOVLW      207
0x0025	0x008F      	MOVWF      TMR1H
;Timer0Timer1.c,46 :: 		TMR1L = 0x2C;
0x0026	0x302C      	MOVLW      44
0x0027	0x008E      	MOVWF      TMR1L
;Timer0Timer1.c,48 :: 		cont2++;
0x0028	0x0AB2      	INCF       _cont2, 1
0x0029	0x1903      	BTFSC      STATUS, 2
0x002A	0x0AB3      	INCF       _cont2+1, 1
;Timer0Timer1.c,50 :: 		if(cont2 == 10){
0x002B	0x3000      	MOVLW      0
0x002C	0x0633      	XORWF      _cont2+1, 0
0x002D	0x1D03      	BTFSS      STATUS, 2
0x002E	0x2831      	GOTO       L__interrupt11
0x002F	0x300A      	MOVLW      10
0x0030	0x0632      	XORWF      _cont2, 0
L__interrupt11:
0x0031	0x1D03      	BTFSS      STATUS, 2
0x0032	0x2837      	GOTO       L_interrupt3
;Timer0Timer1.c,52 :: 		cont2 = 0;
0x0033	0x01B2      	CLRF       _cont2
0x0034	0x01B3      	CLRF       _cont2+1
;Timer0Timer1.c,54 :: 		change = ~change;
0x0035	0x3001      	MOVLW      1
0x0036	0x06B6      	XORWF      _change, 1
;Timer0Timer1.c,55 :: 		}
L_interrupt3:
;Timer0Timer1.c,56 :: 		}
L_interrupt2:
;Timer0Timer1.c,57 :: 		}
L__interrupt9:
0x0037	0x0820      	MOVF       32, 0
0x0038	0x00F0      	MOVWF      R0
0x0039	0x083A      	MOVF       ___savePCLATH, 0
0x003A	0x008A      	MOVWF      PCLATH
0x003B	0x0E39      	SWAPF      ___saveSTATUS, 0
0x003C	0x0083      	MOVWF      STATUS
0x003D	0x0EFF      	SWAPF      R15, 1
0x003E	0x0E7F      	SWAPF      R15, 0
0x003F	0x0009      	RETFIE
; end of _interrupt
_Delay_50us:
;__Lib_Delays.c,19 :: 		void Delay_50us() {
;__Lib_Delays.c,20 :: 		Delay_us(50);
0x0040	0x3010      	MOVLW      16
0x0041	0x1283      	BCF        STATUS, 5
0x0042	0x1303      	BCF        STATUS, 6
0x0043	0x00FD      	MOVWF      R13
L_Delay_50us2:
0x0044	0x0BFD      	DECFSZ     R13, 1
0x0045	0x2844      	GOTO       L_Delay_50us2
0x0046	0x0000      	NOP
;__Lib_Delays.c,21 :: 		}
0x0047	0x0008      	RETURN
; end of _Delay_50us
_Delay_5500us:
;__Lib_Delays.c,31 :: 		void Delay_5500us() {
;__Lib_Delays.c,32 :: 		Delay_us(5500);
0x0048	0x3008      	MOVLW      8
0x0049	0x1283      	BCF        STATUS, 5
0x004A	0x1303      	BCF        STATUS, 6
0x004B	0x00FC      	MOVWF      R12
0x004C	0x3023      	MOVLW      35
0x004D	0x00FD      	MOVWF      R13
L_Delay_5500us5:
0x004E	0x0BFD      	DECFSZ     R13, 1
0x004F	0x284E      	GOTO       L_Delay_5500us5
0x0050	0x0BFC      	DECFSZ     R12, 1
0x0051	0x284E      	GOTO       L_Delay_5500us5
;__Lib_Delays.c,33 :: 		}
0x0052	0x0008      	RETURN
; end of _Delay_5500us
_Delay_1us:
;__Lib_Delays.c,7 :: 		void Delay_1us() {
;__Lib_Delays.c,8 :: 		Delay_us(1);
0x0053	0x0000      	NOP
;__Lib_Delays.c,9 :: 		}
0x0054	0x0008      	RETURN
; end of _Delay_1us
_Lcd_Cmd:
;__Lib_Lcd.c,18 :: 		
;__Lib_Lcd.c,20 :: 		
0x0055	0x1283      	BCF        STATUS, 5
0x0056	0x1303      	BCF        STATUS, 6
0x0057	0x1BC0      	BTFSC      FARG_Lcd_Cmd_out_char, 7
0x0058	0x285B      	GOTO       L__Lcd_Cmd20
0x0059	0x1386      	BCF        LCD_D7, BitPos(LCD_D7+0)
0x005A	0x285C      	GOTO       L__Lcd_Cmd21
L__Lcd_Cmd20:
0x005B	0x1786      	BSF        LCD_D7, BitPos(LCD_D7+0)
L__Lcd_Cmd21:
;__Lib_Lcd.c,21 :: 		
0x005C	0x1B40      	BTFSC      FARG_Lcd_Cmd_out_char, 6
0x005D	0x2860      	GOTO       L__Lcd_Cmd22
0x005E	0x1306      	BCF        LCD_D6, BitPos(LCD_D6+0)
0x005F	0x2861      	GOTO       L__Lcd_Cmd23
L__Lcd_Cmd22:
0x0060	0x1706      	BSF        LCD_D6, BitPos(LCD_D6+0)
L__Lcd_Cmd23:
;__Lib_Lcd.c,22 :: 		
0x0061	0x1AC0      	BTFSC      FARG_Lcd_Cmd_out_char, 5
0x0062	0x2865      	GOTO       L__Lcd_Cmd24
0x0063	0x1286      	BCF        LCD_D5, BitPos(LCD_D5+0)
0x0064	0x2866      	GOTO       L__Lcd_Cmd25
L__Lcd_Cmd24:
0x0065	0x1686      	BSF        LCD_D5, BitPos(LCD_D5+0)
L__Lcd_Cmd25:
;__Lib_Lcd.c,23 :: 		
0x0066	0x1A40      	BTFSC      FARG_Lcd_Cmd_out_char, 4
0x0067	0x286A      	GOTO       L__Lcd_Cmd26
0x0068	0x1206      	BCF        LCD_D4, BitPos(LCD_D4+0)
0x0069	0x286B      	GOTO       L__Lcd_Cmd27
L__Lcd_Cmd26:
0x006A	0x1606      	BSF        LCD_D4, BitPos(LCD_D4+0)
L__Lcd_Cmd27:
;__Lib_Lcd.c,25 :: 		
0x006B	0x18B6      	BTFSC      __Lib_Lcd_cmd_status, BitPos(__Lib_Lcd_cmd_status+0)
0x006C	0x286F      	GOTO       L__Lcd_Cmd28
0x006D	0x1486      	BSF        LCD_RS, BitPos(LCD_RS+0)
0x006E	0x2870      	GOTO       L__Lcd_Cmd29
L__Lcd_Cmd28:
0x006F	0x1086      	BCF        LCD_RS, BitPos(LCD_RS+0)
L__Lcd_Cmd29:
;__Lib_Lcd.c,28 :: 		
0x0070	0x1506      	BSF        LCD_EN, BitPos(LCD_EN+0)
;__Lib_Lcd.c,29 :: 		
0x0071	0x2053      	CALL       _Delay_1us
;__Lib_Lcd.c,30 :: 		
0x0072	0x1106      	BCF        LCD_EN, BitPos(LCD_EN+0)
;__Lib_Lcd.c,33 :: 		
0x0073	0x19C0      	BTFSC      FARG_Lcd_Cmd_out_char, 3
0x0074	0x2877      	GOTO       L__Lcd_Cmd30
0x0075	0x1386      	BCF        LCD_D7, BitPos(LCD_D7+0)
0x0076	0x2878      	GOTO       L__Lcd_Cmd31
L__Lcd_Cmd30:
0x0077	0x1786      	BSF        LCD_D7, BitPos(LCD_D7+0)
L__Lcd_Cmd31:
;__Lib_Lcd.c,34 :: 		
0x0078	0x1940      	BTFSC      FARG_Lcd_Cmd_out_char, 2
0x0079	0x287C      	GOTO       L__Lcd_Cmd32
0x007A	0x1306      	BCF        LCD_D6, BitPos(LCD_D6+0)
0x007B	0x287D      	GOTO       L__Lcd_Cmd33
L__Lcd_Cmd32:
0x007C	0x1706      	BSF        LCD_D6, BitPos(LCD_D6+0)
L__Lcd_Cmd33:
;__Lib_Lcd.c,35 :: 		
0x007D	0x18C0      	BTFSC      FARG_Lcd_Cmd_out_char, 1
0x007E	0x2881      	GOTO       L__Lcd_Cmd34
0x007F	0x1286      	BCF        LCD_D5, BitPos(LCD_D5+0)
0x0080	0x2882      	GOTO       L__Lcd_Cmd35
L__Lcd_Cmd34:
0x0081	0x1686      	BSF        LCD_D5, BitPos(LCD_D5+0)
L__Lcd_Cmd35:
;__Lib_Lcd.c,36 :: 		
0x0082	0x1840      	BTFSC      FARG_Lcd_Cmd_out_char, 0
0x0083	0x2886      	GOTO       L__Lcd_Cmd36
0x0084	0x1206      	BCF        LCD_D4, BitPos(LCD_D4+0)
0x0085	0x2887      	GOTO       L__Lcd_Cmd37
L__Lcd_Cmd36:
0x0086	0x1606      	BSF        LCD_D4, BitPos(LCD_D4+0)
L__Lcd_Cmd37:
;__Lib_Lcd.c,38 :: 		
0x0087	0x18B6      	BTFSC      __Lib_Lcd_cmd_status, BitPos(__Lib_Lcd_cmd_status+0)
0x0088	0x288B      	GOTO       L__Lcd_Cmd38
0x0089	0x1486      	BSF        LCD_RS, BitPos(LCD_RS+0)
0x008A	0x288C      	GOTO       L__Lcd_Cmd39
L__Lcd_Cmd38:
0x008B	0x1086      	BCF        LCD_RS, BitPos(LCD_RS+0)
L__Lcd_Cmd39:
;__Lib_Lcd.c,40 :: 		
0x008C	0x1506      	BSF        LCD_EN, BitPos(LCD_EN+0)
;__Lib_Lcd.c,41 :: 		
0x008D	0x2053      	CALL       _Delay_1us
;__Lib_Lcd.c,42 :: 		
0x008E	0x1106      	BCF        LCD_EN, BitPos(LCD_EN+0)
;__Lib_Lcd.c,44 :: 		
0x008F	0x1CB6      	BTFSS      __Lib_Lcd_cmd_status, BitPos(__Lib_Lcd_cmd_status+0)
0x0090	0x2893      	GOTO       L_Lcd_Cmd0
;__Lib_Lcd.c,45 :: 		
0x0091	0x2048      	CALL       _Delay_5500us
0x0092	0x2894      	GOTO       L_Lcd_Cmd1
L_Lcd_Cmd0:
;__Lib_Lcd.c,47 :: 		
0x0093	0x2040      	CALL       _Delay_50us
L_Lcd_Cmd1:
;__Lib_Lcd.c,48 :: 		
0x0094	0x0008      	RETURN
; end of _Lcd_Cmd
_____DoICP:
;__Lib_System.c,6 :: 		
;__Lib_System.c,9 :: 		
0x0095	0x1283      	BCF        STATUS, 5
0x0096	0x1303      	BCF        STATUS, 6
0x0097	0x0838      	MOVF       ___DoICPAddr+1, 0
0x0098	0x008A      	MOVWF      PCLATH
;__Lib_System.c,10 :: 		
0x0099	0x0837      	MOVF       ___DoICPAddr, 0
0x009A	0x0082      	MOVWF      PCL
;__Lib_System.c,12 :: 		
0x009B	0x0008      	RETURN
; end of _____DoICP
_Lcd_Chr_CP:
;__Lib_Lcd.c,50 :: 		
;__Lib_Lcd.c,52 :: 		
0x009C	0x1283      	BCF        STATUS, 5
0x009D	0x1303      	BCF        STATUS, 6
0x009E	0x10B6      	BCF        __Lib_Lcd_cmd_status, BitPos(__Lib_Lcd_cmd_status+0)
;__Lib_Lcd.c,53 :: 		
0x009F	0x083F      	MOVF       FARG_Lcd_Chr_CP_out_char, 0
0x00A0	0x00C0      	MOVWF      FARG_Lcd_Cmd_out_char
0x00A1	0x2055      	CALL       _Lcd_Cmd
;__Lib_Lcd.c,54 :: 		
0x00A2	0x14B6      	BSF        __Lib_Lcd_cmd_status, BitPos(__Lib_Lcd_cmd_status+0)
;__Lib_Lcd.c,55 :: 		
0x00A3	0x0008      	RETURN
; end of _Lcd_Chr_CP
_Lcd_Init:
;__Lib_Lcd.c,84 :: 		
;__Lib_Lcd.c,86 :: 		
0x00A4	0x1683      	BSF        STATUS, 5
0x00A5	0x1303      	BCF        STATUS, 6
0x00A6	0x1106      	BCF        LCD_EN_Direction, BitPos(LCD_EN_Direction+0)
;__Lib_Lcd.c,87 :: 		
0x00A7	0x1086      	BCF        LCD_RS_Direction, BitPos(LCD_RS_Direction+0)
;__Lib_Lcd.c,88 :: 		
0x00A8	0x1206      	BCF        LCD_D4_Direction, BitPos(LCD_D4_Direction+0)
;__Lib_Lcd.c,89 :: 		
0x00A9	0x1286      	BCF        LCD_D5_Direction, BitPos(LCD_D5_Direction+0)
;__Lib_Lcd.c,90 :: 		
0x00AA	0x1306      	BCF        LCD_D6_Direction, BitPos(LCD_D6_Direction+0)
;__Lib_Lcd.c,91 :: 		
0x00AB	0x1386      	BCF        LCD_D7_Direction, BitPos(LCD_D7_Direction+0)
;__Lib_Lcd.c,93 :: 		
0x00AC	0x1283      	BCF        STATUS, 5
0x00AD	0x1106      	BCF        LCD_EN, BitPos(LCD_EN+0)
;__Lib_Lcd.c,94 :: 		
0x00AE	0x1086      	BCF        LCD_RS, BitPos(LCD_RS+0)
;__Lib_Lcd.c,95 :: 		
0x00AF	0x1386      	BCF        LCD_D7, BitPos(LCD_D7+0)
;__Lib_Lcd.c,96 :: 		
0x00B0	0x1306      	BCF        LCD_D6, BitPos(LCD_D6+0)
;__Lib_Lcd.c,97 :: 		
0x00B1	0x1286      	BCF        LCD_D5, BitPos(LCD_D5+0)
;__Lib_Lcd.c,98 :: 		
0x00B2	0x1206      	BCF        LCD_D4, BitPos(LCD_D4+0)
;__Lib_Lcd.c,100 :: 		
0x00B3	0x2048      	CALL       _Delay_5500us
;__Lib_Lcd.c,101 :: 		
0x00B4	0x2048      	CALL       _Delay_5500us
;__Lib_Lcd.c,102 :: 		
0x00B5	0x2048      	CALL       _Delay_5500us
;__Lib_Lcd.c,105 :: 		
0x00B6	0x1686      	BSF        LCD_D5, BitPos(LCD_D5+0)
;__Lib_Lcd.c,106 :: 		
0x00B7	0x1606      	BSF        LCD_D4, BitPos(LCD_D4+0)
;__Lib_Lcd.c,107 :: 		
0x00B8	0x1506      	BSF        LCD_EN, BitPos(LCD_EN+0)
;__Lib_Lcd.c,108 :: 		
0x00B9	0x2053      	CALL       _Delay_1us
;__Lib_Lcd.c,109 :: 		
0x00BA	0x1106      	BCF        LCD_EN, BitPos(LCD_EN+0)
;__Lib_Lcd.c,110 :: 		
0x00BB	0x2048      	CALL       _Delay_5500us
;__Lib_Lcd.c,112 :: 		
0x00BC	0x1506      	BSF        LCD_EN, BitPos(LCD_EN+0)
;__Lib_Lcd.c,113 :: 		
0x00BD	0x2053      	CALL       _Delay_1us
;__Lib_Lcd.c,114 :: 		
0x00BE	0x1106      	BCF        LCD_EN, BitPos(LCD_EN+0)
;__Lib_Lcd.c,115 :: 		
0x00BF	0x2048      	CALL       _Delay_5500us
;__Lib_Lcd.c,117 :: 		
0x00C0	0x1506      	BSF        LCD_EN, BitPos(LCD_EN+0)
;__Lib_Lcd.c,118 :: 		
0x00C1	0x2053      	CALL       _Delay_1us
;__Lib_Lcd.c,119 :: 		
0x00C2	0x1106      	BCF        LCD_EN, BitPos(LCD_EN+0)
;__Lib_Lcd.c,120 :: 		
0x00C3	0x2048      	CALL       _Delay_5500us
;__Lib_Lcd.c,123 :: 		
0x00C4	0x1206      	BCF        LCD_D4, BitPos(LCD_D4+0)
;__Lib_Lcd.c,124 :: 		
0x00C5	0x1506      	BSF        LCD_EN, BitPos(LCD_EN+0)
;__Lib_Lcd.c,125 :: 		
0x00C6	0x2053      	CALL       _Delay_1us
;__Lib_Lcd.c,126 :: 		
0x00C7	0x1106      	BCF        LCD_EN, BitPos(LCD_EN+0)
;__Lib_Lcd.c,127 :: 		
0x00C8	0x2048      	CALL       _Delay_5500us
;__Lib_Lcd.c,130 :: 		
0x00C9	0x1506      	BSF        LCD_EN, BitPos(LCD_EN+0)
;__Lib_Lcd.c,131 :: 		
0x00CA	0x2053      	CALL       _Delay_1us
;__Lib_Lcd.c,132 :: 		
0x00CB	0x1106      	BCF        LCD_EN, BitPos(LCD_EN+0)
;__Lib_Lcd.c,134 :: 		
0x00CC	0x1286      	BCF        LCD_D5, BitPos(LCD_D5+0)
;__Lib_Lcd.c,135 :: 		
0x00CD	0x1786      	BSF        LCD_D7, BitPos(LCD_D7+0)
;__Lib_Lcd.c,136 :: 		
0x00CE	0x1506      	BSF        LCD_EN, BitPos(LCD_EN+0)
;__Lib_Lcd.c,137 :: 		
0x00CF	0x2053      	CALL       _Delay_1us
;__Lib_Lcd.c,138 :: 		
0x00D0	0x1106      	BCF        LCD_EN, BitPos(LCD_EN+0)
;__Lib_Lcd.c,139 :: 		
0x00D1	0x2048      	CALL       _Delay_5500us
;__Lib_Lcd.c,142 :: 		
0x00D2	0x1386      	BCF        LCD_D7, BitPos(LCD_D7+0)
;__Lib_Lcd.c,143 :: 		
0x00D3	0x1606      	BSF        LCD_D4, BitPos(LCD_D4+0)
;__Lib_Lcd.c,144 :: 		
0x00D4	0x1506      	BSF        LCD_EN, BitPos(LCD_EN+0)
;__Lib_Lcd.c,145 :: 		
0x00D5	0x2053      	CALL       _Delay_1us
;__Lib_Lcd.c,146 :: 		
0x00D6	0x1106      	BCF        LCD_EN, BitPos(LCD_EN+0)
;__Lib_Lcd.c,148 :: 		
0x00D7	0x1206      	BCF        LCD_D4, BitPos(LCD_D4+0)
;__Lib_Lcd.c,149 :: 		
0x00D8	0x1506      	BSF        LCD_EN, BitPos(LCD_EN+0)
;__Lib_Lcd.c,150 :: 		
0x00D9	0x2053      	CALL       _Delay_1us
;__Lib_Lcd.c,151 :: 		
0x00DA	0x1106      	BCF        LCD_EN, BitPos(LCD_EN+0)
;__Lib_Lcd.c,152 :: 		
0x00DB	0x2048      	CALL       _Delay_5500us
;__Lib_Lcd.c,155 :: 		
0x00DC	0x1506      	BSF        LCD_EN, BitPos(LCD_EN+0)
;__Lib_Lcd.c,156 :: 		
0x00DD	0x2053      	CALL       _Delay_1us
;__Lib_Lcd.c,157 :: 		
0x00DE	0x1106      	BCF        LCD_EN, BitPos(LCD_EN+0)
;__Lib_Lcd.c,159 :: 		
0x00DF	0x1606      	BSF        LCD_D4, BitPos(LCD_D4+0)
;__Lib_Lcd.c,160 :: 		
0x00E0	0x1506      	BSF        LCD_EN, BitPos(LCD_EN+0)
;__Lib_Lcd.c,161 :: 		
0x00E1	0x2053      	CALL       _Delay_1us
;__Lib_Lcd.c,162 :: 		
0x00E2	0x1106      	BCF        LCD_EN, BitPos(LCD_EN+0)
;__Lib_Lcd.c,163 :: 		
0x00E3	0x2048      	CALL       _Delay_5500us
;__Lib_Lcd.c,166 :: 		
0x00E4	0x1206      	BCF        LCD_D4, BitPos(LCD_D4+0)
;__Lib_Lcd.c,167 :: 		
0x00E5	0x1506      	BSF        LCD_EN, BitPos(LCD_EN+0)
;__Lib_Lcd.c,168 :: 		
0x00E6	0x2053      	CALL       _Delay_1us
;__Lib_Lcd.c,169 :: 		
0x00E7	0x1106      	BCF        LCD_EN, BitPos(LCD_EN+0)
;__Lib_Lcd.c,171 :: 		
0x00E8	0x1786      	BSF        LCD_D7, BitPos(LCD_D7+0)
;__Lib_Lcd.c,172 :: 		
0x00E9	0x1706      	BSF        LCD_D6, BitPos(LCD_D6+0)
;__Lib_Lcd.c,173 :: 		
0x00EA	0x1686      	BSF        LCD_D5, BitPos(LCD_D5+0)
;__Lib_Lcd.c,174 :: 		
0x00EB	0x1606      	BSF        LCD_D4, BitPos(LCD_D4+0)
;__Lib_Lcd.c,175 :: 		
0x00EC	0x1506      	BSF        LCD_EN, BitPos(LCD_EN+0)
;__Lib_Lcd.c,176 :: 		
0x00ED	0x2053      	CALL       _Delay_1us
;__Lib_Lcd.c,177 :: 		
0x00EE	0x1106      	BCF        LCD_EN, BitPos(LCD_EN+0)
;__Lib_Lcd.c,179 :: 		
0x00EF	0x2048      	CALL       _Delay_5500us
;__Lib_Lcd.c,181 :: 		
0x00F0	0x14B6      	BSF        __Lib_Lcd_cmd_status, BitPos(__Lib_Lcd_cmd_status+0)
;__Lib_Lcd.c,182 :: 		
0x00F1	0x0008      	RETURN
; end of _Lcd_Init
_Lcd_Out:
;__Lib_Lcd.c,184 :: 		
;__Lib_Lcd.c,187 :: 		
0x00F2	0x2904      	GOTO       L_Lcd_Out11
;__Lib_Lcd.c,188 :: 		
L_Lcd_Out13:
0x00F3	0x3080      	MOVLW      128
0x00F4	0x1283      	BCF        STATUS, 5
0x00F5	0x1303      	BCF        STATUS, 6
0x00F6	0x00BB      	MOVWF      FARG_Lcd_Out_row
0x00F7	0x2917      	GOTO       L_Lcd_Out12
;__Lib_Lcd.c,189 :: 		
L_Lcd_Out14:
0x00F8	0x30C0      	MOVLW      192
0x00F9	0x00BB      	MOVWF      FARG_Lcd_Out_row
0x00FA	0x2917      	GOTO       L_Lcd_Out12
;__Lib_Lcd.c,190 :: 		
L_Lcd_Out15:
0x00FB	0x3094      	MOVLW      148
0x00FC	0x00BB      	MOVWF      FARG_Lcd_Out_row
0x00FD	0x2917      	GOTO       L_Lcd_Out12
;__Lib_Lcd.c,191 :: 		
L_Lcd_Out16:
0x00FE	0x30D4      	MOVLW      212
0x00FF	0x00BB      	MOVWF      FARG_Lcd_Out_row
0x0100	0x2917      	GOTO       L_Lcd_Out12
;__Lib_Lcd.c,192 :: 		
L_Lcd_Out17:
0x0101	0x3080      	MOVLW      128
0x0102	0x00BB      	MOVWF      FARG_Lcd_Out_row
;__Lib_Lcd.c,193 :: 		
0x0103	0x2917      	GOTO       L_Lcd_Out12
L_Lcd_Out11:
0x0104	0x1283      	BCF        STATUS, 5
0x0105	0x1303      	BCF        STATUS, 6
0x0106	0x083B      	MOVF       FARG_Lcd_Out_row, 0
0x0107	0x3A01      	XORLW      1
0x0108	0x1903      	BTFSC      STATUS, 2
0x0109	0x28F3      	GOTO       L_Lcd_Out13
0x010A	0x083B      	MOVF       FARG_Lcd_Out_row, 0
0x010B	0x3A02      	XORLW      2
0x010C	0x1903      	BTFSC      STATUS, 2
0x010D	0x28F8      	GOTO       L_Lcd_Out14
0x010E	0x083B      	MOVF       FARG_Lcd_Out_row, 0
0x010F	0x3A03      	XORLW      3
0x0110	0x1903      	BTFSC      STATUS, 2
0x0111	0x28FB      	GOTO       L_Lcd_Out15
0x0112	0x083B      	MOVF       FARG_Lcd_Out_row, 0
0x0113	0x3A04      	XORLW      4
0x0114	0x1903      	BTFSC      STATUS, 2
0x0115	0x28FE      	GOTO       L_Lcd_Out16
0x0116	0x2901      	GOTO       L_Lcd_Out17
L_Lcd_Out12:
;__Lib_Lcd.c,194 :: 		
0x0117	0x033C      	DECF       FARG_Lcd_Out_column, 0
0x0118	0x00F0      	MOVWF      R0
0x0119	0x083B      	MOVF       FARG_Lcd_Out_row, 0
0x011A	0x07F0      	ADDWF      R0, 1
0x011B	0x0870      	MOVF       R0, 0
0x011C	0x00BB      	MOVWF      FARG_Lcd_Out_row
;__Lib_Lcd.c,196 :: 		
0x011D	0x0870      	MOVF       R0, 0
0x011E	0x00C0      	MOVWF      FARG_Lcd_Cmd_out_char
0x011F	0x2055      	CALL       _Lcd_Cmd
;__Lib_Lcd.c,197 :: 		
0x0120	0x10B6      	BCF        __Lib_Lcd_cmd_status, BitPos(__Lib_Lcd_cmd_status+0)
;__Lib_Lcd.c,198 :: 		
0x0121	0x01BE      	CLRF       Lcd_Out_i_L0
;__Lib_Lcd.c,199 :: 		
L_Lcd_Out18:
0x0122	0x083E      	MOVF       Lcd_Out_i_L0, 0
0x0123	0x073D      	ADDWF      FARG_Lcd_Out_text, 0
0x0124	0x0084      	MOVWF      FSR
0x0125	0x0800      	MOVF       INDF, 0
0x0126	0x1903      	BTFSC      STATUS, 2
0x0127	0x2930      	GOTO       L_Lcd_Out19
;__Lib_Lcd.c,200 :: 		
0x0128	0x083E      	MOVF       Lcd_Out_i_L0, 0
0x0129	0x073D      	ADDWF      FARG_Lcd_Out_text, 0
0x012A	0x0084      	MOVWF      FSR
0x012B	0x0800      	MOVF       INDF, 0
0x012C	0x00BF      	MOVWF      FARG_Lcd_Chr_CP_out_char
0x012D	0x209C      	CALL       _Lcd_Chr_CP
0x012E	0x0ABE      	INCF       Lcd_Out_i_L0, 1
0x012F	0x2922      	GOTO       L_Lcd_Out18
L_Lcd_Out19:
;__Lib_Lcd.c,201 :: 		
0x0130	0x14B6      	BSF        __Lib_Lcd_cmd_status, BitPos(__Lib_Lcd_cmd_status+0)
;__Lib_Lcd.c,202 :: 		
0x0131	0x0008      	RETURN
; end of _Lcd_Out
___CC2DW:
;__Lib_System.c,24 :: 		
;__Lib_System.c,27 :: 		
_CC2D_Loop1:
;__Lib_System.c,29 :: 		
0x0132	0x2095      	CALL       _____DoICP
0x0133	0x118A      	BCF        PCLATH, 3
0x0134	0x120A      	BCF        PCLATH, 4
;__Lib_System.c,31 :: 		
0x0135	0x0080      	MOVWF      INDF
;__Lib_System.c,32 :: 		
0x0136	0x0A84      	INCF       FSR, 1
;__Lib_System.c,33 :: 		
0x0137	0x0AB7      	INCF       ___DoICPAddr, 1
;__Lib_System.c,35 :: 		
0x0138	0x1903      	BTFSC      STATUS, 2
;__Lib_System.c,36 :: 		
0x0139	0x0AB8      	INCF       ___DoICPAddr+1, 1
;__Lib_System.c,37 :: 		
0x013A	0x03F0      	DECF       R0, 1
;__Lib_System.c,39 :: 		
0x013B	0x1D03      	BTFSS      STATUS, 2
;__Lib_System.c,40 :: 		
0x013C	0x2932      	GOTO       _CC2D_Loop1
;__Lib_System.c,42 :: 		
0x013D	0x0008      	RETURN
; end of ___CC2DW
_main:
0x013E	0x3023      	MOVLW      35
0x013F	0x1283      	BCF        STATUS, 5
0x0140	0x1303      	BCF        STATUS, 6
0x0141	0x00A1      	MOVWF      _txt2
0x0142	0x302B      	MOVLW      43
0x0143	0x00A2      	MOVWF      _txt1
0x0144	0x306D      	MOVLW      109
0x0145	0x00A3      	MOVWF      ?lstr2_Timer0Timer1
0x0146	0x3061      	MOVLW      97
0x0147	0x00A4      	MOVWF      36
0x0148	0x3074      	MOVLW      116
0x0149	0x00A5      	MOVWF      37
0x014A	0x3061      	MOVLW      97
0x014B	0x00A6      	MOVWF      38
0x014C	0x3074      	MOVLW      116
0x014D	0x00A7      	MOVWF      39
0x014E	0x3061      	MOVLW      97
0x014F	0x00A8      	MOVWF      40
0x0150	0x3021      	MOVLW      33
0x0151	0x00A9      	MOVWF      41
0x0152	0x01AA      	CLRF       42
0x0153	0x3048      	MOVLW      72
0x0154	0x00AB      	MOVWF      ?lstr1_Timer0Timer1
0x0155	0x3061      	MOVLW      97
0x0156	0x00AC      	MOVWF      44
0x0157	0x306B      	MOVLW      107
0x0158	0x00AD      	MOVWF      45
0x0159	0x3075      	MOVLW      117
0x015A	0x00AE      	MOVWF      46
0x015B	0x306E      	MOVLW      110
0x015C	0x00AF      	MOVWF      47
0x015D	0x3061      	MOVLW      97
0x015E	0x00B0      	MOVWF      48
0x015F	0x01B1      	CLRF       49
0x0160	0x01B2      	CLRF       _cont2
0x0161	0x01B3      	CLRF       51
0x0162	0x01B4      	CLRF       _cont1
0x0163	0x01B5      	CLRF       53
;Timer0Timer1.c,79 :: 		void main() {
;Timer0Timer1.c,81 :: 		CMCON = 0x07; // Desabilita os comparadores internos
0x0164	0x3007      	MOVLW      7
0x0165	0x009F      	MOVWF      CMCON
;Timer0Timer1.c,82 :: 		T1CON = 0x31; // Configura o prescaler do timer1 para 1:8 e ativa o timer1
0x0166	0x3031      	MOVLW      49
0x0167	0x0090      	MOVWF      T1CON
;Timer0Timer1.c,83 :: 		OPTION_REG = 0x81; // Desabilita os pull-ups internos e configura o prescaler do timer0 em 1:4
0x0168	0x3081      	MOVLW      129
0x0169	0x1683      	BSF        STATUS, 5
0x016A	0x0081      	MOVWF      OPTION_REG
;Timer0Timer1.c,84 :: 		GIE_bit = 0x01; // Habilita a interrupção global
0x016B	0x178B      	BSF        GIE_bit, 7
;Timer0Timer1.c,85 :: 		PEIE_bit = 0x01; // Habilita a interrupção por perifericos
0x016C	0x170B      	BSF        PEIE_bit, 6
;Timer0Timer1.c,86 :: 		T0IE_bit = 0x01; // Habilita a interrupção do timer0
0x016D	0x168B      	BSF        T0IE_bit, 5
;Timer0Timer1.c,87 :: 		TMR1IE_bit = 0x01; // Habilita a interrupção do timer1
0x016E	0x140C      	BSF        TMR1IE_bit, 0
;Timer0Timer1.c,89 :: 		TMR0 = 0x06; // Inicia a contagem do timer0 em 6
0x016F	0x3006      	MOVLW      6
0x0170	0x1283      	BCF        STATUS, 5
0x0171	0x0081      	MOVWF      TMR0
;Timer0Timer1.c,90 :: 		TMR1H = 0xCF; // Inicia a contagem do timer1 em 53036
0x0172	0x30CF      	MOVLW      207
0x0173	0x008F      	MOVWF      TMR1H
;Timer0Timer1.c,91 :: 		TMR1L = 0x2C;
0x0174	0x302C      	MOVLW      44
0x0175	0x008E      	MOVWF      TMR1L
;Timer0Timer1.c,92 :: 		TRISA = 0xFF; // Configura todo porta como entrada digital
0x0176	0x30FF      	MOVLW      255
0x0177	0x1683      	BSF        STATUS, 5
0x0178	0x0085      	MOVWF      TRISA
;Timer0Timer1.c,93 :: 		TRISB = 0x00; // COnfigura todo portb como saída digital
0x0179	0x0186      	CLRF       TRISB
;Timer0Timer1.c,94 :: 		PORTA = 0xFF; // Inicia todo porta em High
0x017A	0x30FF      	MOVLW      255
0x017B	0x1283      	BCF        STATUS, 5
0x017C	0x0085      	MOVWF      PORTA
;Timer0Timer1.c,95 :: 		PORTB = 0x00; // Inicia todo portb em Low
0x017D	0x0186      	CLRF       PORTB
;Timer0Timer1.c,97 :: 		change = 0x00;
0x017E	0x1036      	BCF        _change, BitPos(_change+0)
;Timer0Timer1.c,99 :: 		lcd_init();
0x017F	0x20A4      	CALL       _Lcd_Init
;Timer0Timer1.c,100 :: 		lcd_cmd(_LCD_CURSOR_OFF);
0x0180	0x300C      	MOVLW      12
0x0181	0x00C0      	MOVWF      FARG_Lcd_Cmd_out_char
0x0182	0x2055      	CALL       _Lcd_Cmd
;Timer0Timer1.c,101 :: 		lcd_cmd(_LCD_CLEAR);
0x0183	0x3001      	MOVLW      1
0x0184	0x00C0      	MOVWF      FARG_Lcd_Cmd_out_char
0x0185	0x2055      	CALL       _Lcd_Cmd
;Timer0Timer1.c,102 :: 		delay_ms(100);
0x0186	0x3082      	MOVLW      130
0x0187	0x00FC      	MOVWF      R12
0x0188	0x30DD      	MOVLW      221
0x0189	0x00FD      	MOVWF      R13
L_main4:
0x018A	0x0BFD      	DECFSZ     R13, 1
0x018B	0x298A      	GOTO       L_main4
0x018C	0x0BFC      	DECFSZ     R12, 1
0x018D	0x298A      	GOTO       L_main4
0x018E	0x0000      	NOP
0x018F	0x0000      	NOP
;Timer0Timer1.c,104 :: 		while(1){
L_main5:
;Timer0Timer1.c,106 :: 		if(!change)
0x0190	0x1836      	BTFSC      _change, BitPos(_change+0)
0x0191	0x299A      	GOTO       L_main7
;Timer0Timer1.c,107 :: 		lcd_out(1,2,txt1);
0x0192	0x3001      	MOVLW      1
0x0193	0x00BB      	MOVWF      FARG_Lcd_Out_row
0x0194	0x3002      	MOVLW      2
0x0195	0x00BC      	MOVWF      FARG_Lcd_Out_column
0x0196	0x0822      	MOVF       _txt1, 0
0x0197	0x00BD      	MOVWF      FARG_Lcd_Out_text
0x0198	0x20F2      	CALL       _Lcd_Out
0x0199	0x29A1      	GOTO       L_main8
L_main7:
;Timer0Timer1.c,109 :: 		lcd_out(1,2,txt2);
0x019A	0x3001      	MOVLW      1
0x019B	0x00BB      	MOVWF      FARG_Lcd_Out_row
0x019C	0x3002      	MOVLW      2
0x019D	0x00BC      	MOVWF      FARG_Lcd_Out_column
0x019E	0x0821      	MOVF       _txt2, 0
0x019F	0x00BD      	MOVWF      FARG_Lcd_Out_text
0x01A0	0x20F2      	CALL       _Lcd_Out
L_main8:
;Timer0Timer1.c,110 :: 		}
0x01A1	0x2990      	GOTO       L_main5
;Timer0Timer1.c,111 :: 		}
0x01A2	0x29A2      	GOTO       $+0
; end of _main
Symbol List:
//** Routines locations **
//ADDRESS    SIZE    PROCEDURE
//----------------------------------------------
0x0004      [60]    _interrupt
0x0040       [8]    _Delay_50us
0x0048      [11]    _Delay_5500us
0x0053       [2]    _Delay_1us
0x0055      [64]    _Lcd_Cmd
0x0095       [7]    _____DoICP
0x009C       [8]    _Lcd_Chr_CP
0x00A4      [78]    _Lcd_Init
0x00F2      [64]    _Lcd_Out
0x0132      [12]    ___CC2DW
0x013E     [101]    _main
//** Variables locations ** 
//ADDRESS    SIZE    VARIABLE
//----------------------------------------------
0x0000       [1]    INDF
0x0001       [1]    TMR0
0x0002       [1]    PCL
0x0003       [0]    NOT_TO_bit
0x0003       [0]    Z_bit
0x0003       [0]    RP1_bit
0x0003       [1]    STATUS
0x0003       [0]    NOT_PD_bit
0x0003       [0]    RP0_bit
0x0003       [0]    C_bit
0x0003       [0]    DC_bit
0x0003       [0]    IRP_bit
0x0004       [1]    FSR
0x0004       [1]    FSRPTR
0x0005       [0]    RA2_bit
0x0005       [0]    RA3_bit
0x0005       [0]    RA0_bit
0x0005       [0]    RA1_bit
0x0005       [0]    RA4_bit
0x0005       [0]    RA7_bit
0x0005       [1]    PORTA
0x0005       [0]    RA5_bit
0x0005       [0]    RA6_bit
0x0006       [0]    LCD_RS
0x0006       [0]    RB7_bit
0x0006       [0]    RB6_bit
0x0006       [0]    LCD_D5
0x0006       [0]    LCD_D4
0x0006       [0]    LCD_EN
0x0006       [0]    RB2_bit
0x0006       [0]    RB1_bit
0x0006       [0]    RB0_bit
0x0006       [0]    RB5_bit
0x0006       [0]    RB4_bit
0x0006       [0]    RB3_bit
0x0006       [0]    LCD_D6
0x0006       [0]    LCD_D7
0x0006       [1]    PORTB
0x000A       [1]    PCLATH
0x000B       [0]    RBIF_bit
0x000B       [0]    RBIE_bit
0x000B       [0]    GIE_bit
0x000B       [0]    T0IF_bit
0x000B       [1]    INTCON
0x000B       [0]    INTE_bit
0x000B       [0]    PEIE_bit
0x000B       [0]    INTF_bit
0x000B       [0]    T0IE_bit
0x000C       [0]    CCP1IF_bit
0x000C       [0]    TMR2IF_bit
0x000C       [1]    PIR1
0x000C       [0]    CMIF_bit
0x000C       [0]    RCIF_bit
0x000C       [0]    EEIF_bit
0x000C       [0]    TXIF_bit
0x000C       [0]    TMR1IF_bit
0x000E       [1]    TMR1L
0x000F       [1]    TMR1H
0x0010       [0]    T1CKPS0_bit
0x0010       [0]    T1OSCEN_bit
0x0010       [0]    T1CKPS1_bit
0x0010       [0]    NOT_T1SYNC_bit
0x0010       [0]    TMR1CS_bit
0x0010       [1]    T1CON
0x0010       [0]    TMR1ON_bit
0x0011       [1]    TMR2
0x0012       [0]    TMR2ON_bit
0x0012       [0]    T2CKPS0_bit
0x0012       [0]    T2CKPS1_bit
0x0012       [0]    TOUTPS1_bit
0x0012       [0]    TOUTPS2_bit
0x0012       [0]    TOUTPS3_bit
0x0012       [1]    T2CON
0x0012       [0]    TOUTPS0_bit
0x0015       [1]    CCPR1L
0x0015       [2]    CCPR1
0x0016       [1]    CCPR1H
0x0017       [0]    CCP1Y_bit
0x0017       [0]    CCP1M3_bit
0x0017       [0]    CCP1M0_bit
0x0017       [1]    CCP1CON
0x0017       [0]    CCP1M1_bit
0x0017       [0]    CCP1M2_bit
0x0017       [0]    CCP1X_bit
0x0018       [0]    ADEN_bit
0x0018       [0]    CREN_bit
0x0018       [0]    SREN_bit
0x0018       [0]    RX9D_bit
0x0018       [0]    OERR_bit
0x0018       [0]    FERR_bit
0x0018       [1]    RCSTA
0x0018       [0]    SPEN_bit
0x0018       [0]    RX9_bit
0x0019       [1]    TXREG
0x001A       [1]    RCREG
0x001F       [0]    CIS_bit
0x001F       [0]    C1INV_bit
0x001F       [0]    C2INV_bit
0x001F       [0]    CM2_bit
0x001F       [1]    CMCON
0x001F       [0]    CM0_bit
0x001F       [0]    CM1_bit
0x001F       [0]    C2OUT_bit
0x001F       [0]    C1OUT_bit
0x0021       [1]    _txt2
0x0022       [1]    _txt1
0x0023       [8]    ?lstr2_Timer0Timer1
0x002B       [7]    ?lstr1_Timer0Timer1
0x0032       [2]    _cont2
0x0034       [2]    _cont1
0x0036       [0]    __Lib_Lcd_cmd_status
0x0036       [0]    _change
0x0037       [2]    ___DoICPAddr
0x0039       [1]    ___saveSTATUS
0x003A       [1]    ___savePCLATH
0x003B       [1]    FARG_Lcd_Out_row
0x003C       [1]    FARG_Lcd_Out_column
0x003D       [1]    FARG_Lcd_Out_text
0x003E       [1]    Lcd_Out_i_L0
0x003F       [1]    FARG_Lcd_Chr_CP_out_char
0x0040       [1]    FARG_Lcd_Cmd_out_char
0x0070       [1]    R0
0x0071       [1]    R1
0x0072       [1]    R2
0x0073       [1]    R3
0x0074       [1]    R4
0x0075       [1]    R5
0x0076       [1]    R6
0x0077       [1]    R7
0x0078       [1]    R8
0x0079       [1]    R9
0x007A       [1]    R10
0x007B       [1]    R11
0x007C       [1]    R12
0x007D       [1]    R13
0x007E       [1]    R14
0x007F       [1]    R15
0x0081       [0]    PS1_bit
0x0081       [0]    PS2_bit
0x0081       [1]    OPTION_REG
0x0081       [0]    PS0_bit
0x0081       [0]    PSA_bit
0x0081       [0]    INTEDG_bit
0x0081       [0]    NOT_RBPU_bit
0x0081       [0]    T0SE_bit
0x0081       [0]    T0CS_bit
0x0085       [0]    TRISA3_bit
0x0085       [0]    TRISA2_bit
0x0085       [0]    TRISA0_bit
0x0085       [0]    TRISA1_bit
0x0085       [0]    TRISA4_bit
0x0085       [1]    TRISA
0x0085       [0]    TRISA5_bit
0x0085       [0]    TRISA7_bit
0x0085       [0]    TRISA6_bit
0x0086       [0]    LCD_EN_Direction
0x0086       [0]    LCD_D4_Direction
0x0086       [0]    TRISB2_bit
0x0086       [0]    TRISB3_bit
0x0086       [0]    TRISB4_bit
0x0086       [0]    LCD_RS_Direction
0x0086       [0]    TRISB0_bit
0x0086       [0]    TRISB1_bit
0x0086       [0]    LCD_D5_Direction
0x0086       [0]    TRISB6_bit
0x0086       [0]    TRISB5_bit
0x0086       [1]    TRISB
0x0086       [0]    LCD_D6_Direction
0x0086       [0]    LCD_D7_Direction
0x0086       [0]    TRISB7_bit
0x008C       [0]    RCIE_bit
0x008C       [0]    CMIE_bit
0x008C       [0]    EEIE_bit
0x008C       [1]    PIE1
0x008C       [0]    TMR2IE_bit
0x008C       [0]    TMR1IE_bit
0x008C       [0]    TXIE_bit
0x008C       [0]    CCP1IE_bit
0x008E       [0]    NOT_BO_bit
0x008E       [0]    NOT_POR_bit
0x008E       [0]    OSCF_bit
0x008E       [1]    PCON
0x008E       [0]    NOT_BOD_bit
0x008E       [0]    NOT_BOR_bit
0x0092       [1]    PR2
0x0098       [0]    TXEN_bit
0x0098       [0]    SYNC_bit
0x0098       [0]    CSRC_bit
0x0098       [0]    TX9_bit
0x0098       [0]    BRGH_bit
0x0098       [1]    TXSTA
0x0098       [0]    TX9D_bit
0x0098       [0]    TRMT_bit
0x0099       [1]    SPBRG
0x009A       [1]    EEDATA
0x009B       [1]    EEADR
0x009C       [1]    EECON1
0x009C       [0]    RD_bit
0x009C       [0]    WRERR_bit
0x009C       [0]    WR_bit
0x009C       [0]    WREN_bit
0x009D       [1]    EECON2
0x009F       [0]    VRR_bit
0x009F       [0]    VR3_bit
0x009F       [0]    VR0_bit
0x009F       [0]    VR1_bit
0x009F       [0]    VR2_bit
0x009F       [1]    VRCON
0x009F       [0]    VREN_bit
0x009F       [0]    VROE_bit
//** Label List: ** 
//----------------------------------------------
  L_interrupt0
  L_interrupt1
  L_interrupt2
  L_interrupt3
  L_main4
  L_main5
  L_main6
  L_main7
  L_main8
  _interrupt
  L__interrupt9
  L__interrupt10
  L__interrupt11
  _main
  L_Delay_10us0
  L_Delay_22us1
  L_Delay_50us2
  L_Delay_80us3
  L_Delay_500us4
  L_Delay_5500us5
  L_Delay_1ms6
  L_Delay_5ms7
  L_Delay_8ms8
  L_Delay_100ms9
  L_Delay_1sec10
  L_boot16_Delay_5ms11
  L_Delay_Cyc12
  L_Delay_Cyc13
  L_VDelay_ms14
  L_VDelay_ms15
  L_VDelay_ms16
  L_VDelay_Advanced_ms17
  L_VDelay_Advanced_ms18
  L_VDelay_Advanced_ms19
  _Get_Fosc_kHz
  _Delay_1us
  _Delay_10us
  _Delay_22us
  _Delay_50us
  _Delay_80us
  _Delay_500us
  _Delay_5500us
  _Delay_1ms
  _Delay_5ms
  _Delay_8ms
  _Delay_100ms
  _Delay_1sec
  _boot16_Delay_5ms
  _Delay_Cyc
  _VDelay_ms
  L__VDelay_ms20
  L__VDelay_ms21
  L__VDelay_ms22
  _VDelay_Advanced_ms
  L__VDelay_Advanced_ms23
  L__VDelay_Advanced_ms24
  L__VDelay_Advanced_ms25
  L_Lcd_Cmd0
  L_Lcd_Cmd1
  L_Lcd_Out_CP2
  L_Lcd_Out_CP3
  L_Lcd_Chr4
  L_Lcd_Chr5
  L_Lcd_Chr6
  L_Lcd_Chr7
  L_Lcd_Chr8
  L_Lcd_Chr9
  L_Lcd_Chr10
  L_Lcd_Out11
  L_Lcd_Out12
  L_Lcd_Out13
  L_Lcd_Out14
  L_Lcd_Out15
  L_Lcd_Out16
  L_Lcd_Out17
  L_Lcd_Out18
  L_Lcd_Out19
  _Lcd_Cmd
  L__Lcd_Cmd20
  L__Lcd_Cmd21
  L__Lcd_Cmd22
  L__Lcd_Cmd23
  L__Lcd_Cmd24
  L__Lcd_Cmd25
  L__Lcd_Cmd26
  L__Lcd_Cmd27
  L__Lcd_Cmd28
  L__Lcd_Cmd29
  L__Lcd_Cmd30
  L__Lcd_Cmd31
  L__Lcd_Cmd32
  L__Lcd_Cmd33
  L__Lcd_Cmd34
  L__Lcd_Cmd35
  L__Lcd_Cmd36
  L__Lcd_Cmd37
  L__Lcd_Cmd38
  L__Lcd_Cmd39
  _Lcd_Chr_CP
  _Lcd_Out_CP
  _Lcd_Chr
  _Lcd_Init
  _Lcd_Out
  _CC2D_Loop1
  _____DoICP
  _____DoIFC
  ___CC2DW
  _Swap
  L_interrupt0
  L_interrupt1
  L_interrupt2
  L_interrupt3
  L_main4
  L_main5
  L_main6
  L_main7
  L_main8
  _interrupt
  L__interrupt9
  L__interrupt10
  L__interrupt11
  _main
