;  LST file generated by mikroListExporter - v.2.0 
; Date/Time: 16/07/2020 21:01:30
;----------------------------------------------

;Address Opcode 	ASM
0x0000	0xF002EFB8  	GOTO        1392
0x0004	0x0000      	NOP
0x0006	0x0000      	NOP
0x0008	0xF000EF00  	GOTO        0
0x000C	0x0000      	NOP
0x000E	0x0000      	NOP
0x0010	0x0000      	NOP
0x0012	0x0000      	NOP
0x0014	0x0000      	NOP
0x0016	0x0000      	NOP
0x0018	0xD7F3      	BRA         0
_Delay_1us:
;__Lib_Delays.c,7 :: 		void Delay_1us() {
;__Lib_Delays.c,8 :: 		Delay_us(1);
0x001C	0x0000      	NOP
;__Lib_Delays.c,9 :: 		}
0x001E	0x0012      	RETURN      0
; end of _Delay_1us
_Delay_5500us:
;__Lib_Delays.c,31 :: 		void Delay_5500us() {
;__Lib_Delays.c,32 :: 		Delay_us(5500);
0x0020	0x0E08      	MOVLW       8
0x0022	0x6E0C      	MOVWF       R12, 0
0x0024	0x0E23      	MOVLW       35
0x0026	0x6E0D      	MOVWF       R13, 0
L_Delay_5500us5:
0x0028	0x2E0D      	DECFSZ      R13, 1, 0
0x002A	0xD7FE      	BRA         L_Delay_5500us5
0x002C	0x2E0C      	DECFSZ      R12, 1, 0
0x002E	0xD7FC      	BRA         L_Delay_5500us5
;__Lib_Delays.c,33 :: 		}
0x0030	0x0012      	RETURN      0
; end of _Delay_5500us
_Delay_50us:
;__Lib_Delays.c,19 :: 		void Delay_50us() {
;__Lib_Delays.c,20 :: 		Delay_us(50);
0x0032	0x0E10      	MOVLW       16
0x0034	0x6E0D      	MOVWF       R13, 0
L_Delay_50us2:
0x0036	0x2E0D      	DECFSZ      R13, 1, 0
0x0038	0xD7FE      	BRA         L_Delay_50us2
0x003A	0x0000      	NOP
;__Lib_Delays.c,21 :: 		}
0x003C	0x0012      	RETURN      0
; end of _Delay_50us
_Div_16x16_U:
;__Lib_Math.c,102 :: 		
;__Lib_Math.c,109 :: 		
0x003E	0x6A08      	CLRF        R8, 0
;__Lib_Math.c,110 :: 		
0x0040	0x6A09      	CLRF        R9, 0
;__Lib_Math.c,111 :: 		
0x0042	0x0E10      	MOVLW       16
;__Lib_Math.c,112 :: 		
0x0044	0x6E0C      	MOVWF       R12, 0
;__Lib_Math.c,113 :: 		
0x0046	0x3401      	RLCF        R1, 0, 0
;__Lib_Math.c,114 :: 		
0x0048	0x3608      	RLCF        R8, 1, 0
;__Lib_Math.c,115 :: 		
0x004A	0x3609      	RLCF        R9, 1, 0
;__Lib_Math.c,116 :: 		
0x004C	0x5004      	MOVF        R4, 0, 0
;__Lib_Math.c,117 :: 		
0x004E	0x5E08      	SUBWF       R8, 1, 0
;__Lib_Math.c,118 :: 		
0x0050	0x5005      	MOVF        R5, 0, 0
;__Lib_Math.c,119 :: 		
0x0052	0xA0D8      	BTFSS       STATUS, 0, 0
;__Lib_Math.c,120 :: 		
0x0054	0x3C05      	INCFSZ      R5, 0, 0
;__Lib_Math.c,121 :: 		
0x0056	0x5E09      	SUBWF       R9, 1, 0
;__Lib_Math.c,122 :: 		
0x0058	0xB0D8      	BTFSC       STATUS, 0, 0
;__Lib_Math.c,123 :: 		
0x005A	0xD007      	BRA         $+16
;__Lib_Math.c,124 :: 		
0x005C	0x5004      	MOVF        R4, 0, 0
;__Lib_Math.c,125 :: 		
0x005E	0x2608      	ADDWF       R8, 1, 0
;__Lib_Math.c,126 :: 		
0x0060	0x5005      	MOVF        R5, 0, 0
;__Lib_Math.c,127 :: 		
0x0062	0xB0D8      	BTFSC       STATUS, 0, 0
;__Lib_Math.c,128 :: 		
0x0064	0x3C05      	INCFSZ      R5, 0, 0
;__Lib_Math.c,129 :: 		
0x0066	0x2609      	ADDWF       R9, 1, 0
;__Lib_Math.c,130 :: 		
0x0068	0x90D8      	BCF         STATUS, 0, 0
;__Lib_Math.c,131 :: 		
0x006A	0x3600      	RLCF        R0, 1, 0
;__Lib_Math.c,132 :: 		
0x006C	0x3601      	RLCF        R1, 1, 0
;__Lib_Math.c,133 :: 		
0x006E	0x2E0C      	DECFSZ      R12, 1, 0
;__Lib_Math.c,134 :: 		
0x0070	0xD7EA      	BRA         $-42
;__Lib_Math.c,136 :: 		
0x0072	0x0012      	RETURN      0
; end of _Div_16x16_U
_I2C1_Is_Idle:
;__Lib_I2C_c34.c,27 :: 		
;__Lib_I2C_c34.c,28 :: 		
0x0074	0xB4C7      	BTFSC       SSPSTAT, 2 
0x0076	0xD009      	BRA         L_I2C1_Is_Idle0
;__Lib_I2C_c34.c,29 :: 		
0x0078	0x0E1F      	MOVLW       31
0x007A	0x14C5      	ANDWF       SSPCON2, 0 
0x007C	0x6E01      	MOVWF       R1 
0x007E	0x5001      	MOVF        R1, 0 
0x0080	0x0A00      	XORLW       0
0x0082	0xE103      	BNZ         L_I2C1_Is_Idle1
;__Lib_I2C_c34.c,30 :: 		
0x0084	0x0E01      	MOVLW       1
0x0086	0x6E00      	MOVWF       R0 
0x0088	0x0012      	RETURN      0
L_I2C1_Is_Idle1:
L_I2C1_Is_Idle0:
;__Lib_I2C_c34.c,31 :: 		
0x008A	0x6A00      	CLRF        R0 
;__Lib_I2C_c34.c,32 :: 		
0x008C	0x0012      	RETURN      0
; end of _I2C1_Is_Idle
_Lcd_Cmd:
;__Lib_Lcd.c,18 :: 		
;__Lib_Lcd.c,20 :: 		
0x008E	0xBE33      	BTFSC       FARG_Lcd_Cmd_out_char, 7 
0x0090	0xD002      	BRA         L__Lcd_Cmd20
0x0092	0x9E83      	BCF         LCD_D7, BitPos(LCD_D7+0) 
0x0094	0xD001      	BRA         L__Lcd_Cmd21
L__Lcd_Cmd20:
0x0096	0x8E83      	BSF         LCD_D7, BitPos(LCD_D7+0) 
L__Lcd_Cmd21:
;__Lib_Lcd.c,21 :: 		
0x0098	0xBC33      	BTFSC       FARG_Lcd_Cmd_out_char, 6 
0x009A	0xD002      	BRA         L__Lcd_Cmd22
0x009C	0x9C83      	BCF         LCD_D6, BitPos(LCD_D6+0) 
0x009E	0xD001      	BRA         L__Lcd_Cmd23
L__Lcd_Cmd22:
0x00A0	0x8C83      	BSF         LCD_D6, BitPos(LCD_D6+0) 
L__Lcd_Cmd23:
;__Lib_Lcd.c,22 :: 		
0x00A2	0xBA33      	BTFSC       FARG_Lcd_Cmd_out_char, 5 
0x00A4	0xD002      	BRA         L__Lcd_Cmd24
0x00A6	0x9A83      	BCF         LCD_D5, BitPos(LCD_D5+0) 
0x00A8	0xD001      	BRA         L__Lcd_Cmd25
L__Lcd_Cmd24:
0x00AA	0x8A83      	BSF         LCD_D5, BitPos(LCD_D5+0) 
L__Lcd_Cmd25:
;__Lib_Lcd.c,23 :: 		
0x00AC	0xB833      	BTFSC       FARG_Lcd_Cmd_out_char, 4 
0x00AE	0xD002      	BRA         L__Lcd_Cmd26
0x00B0	0x9883      	BCF         LCD_D4, BitPos(LCD_D4+0) 
0x00B2	0xD001      	BRA         L__Lcd_Cmd27
L__Lcd_Cmd26:
0x00B4	0x8883      	BSF         LCD_D4, BitPos(LCD_D4+0) 
L__Lcd_Cmd27:
;__Lib_Lcd.c,25 :: 		
0x00B6	0xB021      	BTFSC       __Lib_Lcd_cmd_status, BitPos(__Lib_Lcd_cmd_status+0) 
0x00B8	0xD002      	BRA         L__Lcd_Cmd28
0x00BA	0x8483      	BSF         LCD_RS, BitPos(LCD_RS+0) 
0x00BC	0xD001      	BRA         L__Lcd_Cmd29
L__Lcd_Cmd28:
0x00BE	0x9483      	BCF         LCD_RS, BitPos(LCD_RS+0) 
L__Lcd_Cmd29:
;__Lib_Lcd.c,28 :: 		
0x00C0	0x8683      	BSF         LCD_EN, BitPos(LCD_EN+0) 
;__Lib_Lcd.c,29 :: 		
0x00C2	0xDFAC      	RCALL       _Delay_1us
;__Lib_Lcd.c,30 :: 		
0x00C4	0x9683      	BCF         LCD_EN, BitPos(LCD_EN+0) 
;__Lib_Lcd.c,33 :: 		
0x00C6	0xB633      	BTFSC       FARG_Lcd_Cmd_out_char, 3 
0x00C8	0xD002      	BRA         L__Lcd_Cmd30
0x00CA	0x9E83      	BCF         LCD_D7, BitPos(LCD_D7+0) 
0x00CC	0xD001      	BRA         L__Lcd_Cmd31
L__Lcd_Cmd30:
0x00CE	0x8E83      	BSF         LCD_D7, BitPos(LCD_D7+0) 
L__Lcd_Cmd31:
;__Lib_Lcd.c,34 :: 		
0x00D0	0xB433      	BTFSC       FARG_Lcd_Cmd_out_char, 2 
0x00D2	0xD002      	BRA         L__Lcd_Cmd32
0x00D4	0x9C83      	BCF         LCD_D6, BitPos(LCD_D6+0) 
0x00D6	0xD001      	BRA         L__Lcd_Cmd33
L__Lcd_Cmd32:
0x00D8	0x8C83      	BSF         LCD_D6, BitPos(LCD_D6+0) 
L__Lcd_Cmd33:
;__Lib_Lcd.c,35 :: 		
0x00DA	0xB233      	BTFSC       FARG_Lcd_Cmd_out_char, 1 
0x00DC	0xD002      	BRA         L__Lcd_Cmd34
0x00DE	0x9A83      	BCF         LCD_D5, BitPos(LCD_D5+0) 
0x00E0	0xD001      	BRA         L__Lcd_Cmd35
L__Lcd_Cmd34:
0x00E2	0x8A83      	BSF         LCD_D5, BitPos(LCD_D5+0) 
L__Lcd_Cmd35:
;__Lib_Lcd.c,36 :: 		
0x00E4	0xB033      	BTFSC       FARG_Lcd_Cmd_out_char, 0 
0x00E6	0xD002      	BRA         L__Lcd_Cmd36
0x00E8	0x9883      	BCF         LCD_D4, BitPos(LCD_D4+0) 
0x00EA	0xD001      	BRA         L__Lcd_Cmd37
L__Lcd_Cmd36:
0x00EC	0x8883      	BSF         LCD_D4, BitPos(LCD_D4+0) 
L__Lcd_Cmd37:
;__Lib_Lcd.c,38 :: 		
0x00EE	0xB021      	BTFSC       __Lib_Lcd_cmd_status, BitPos(__Lib_Lcd_cmd_status+0) 
0x00F0	0xD002      	BRA         L__Lcd_Cmd38
0x00F2	0x8483      	BSF         LCD_RS, BitPos(LCD_RS+0) 
0x00F4	0xD001      	BRA         L__Lcd_Cmd39
L__Lcd_Cmd38:
0x00F6	0x9483      	BCF         LCD_RS, BitPos(LCD_RS+0) 
L__Lcd_Cmd39:
;__Lib_Lcd.c,40 :: 		
0x00F8	0x8683      	BSF         LCD_EN, BitPos(LCD_EN+0) 
;__Lib_Lcd.c,41 :: 		
0x00FA	0xDF90      	RCALL       _Delay_1us
;__Lib_Lcd.c,42 :: 		
0x00FC	0x9683      	BCF         LCD_EN, BitPos(LCD_EN+0) 
;__Lib_Lcd.c,44 :: 		
0x00FE	0xA021      	BTFSS       __Lib_Lcd_cmd_status, BitPos(__Lib_Lcd_cmd_status+0) 
0x0100	0xD002      	BRA         L_Lcd_Cmd0
;__Lib_Lcd.c,45 :: 		
0x0102	0xDF8E      	RCALL       _Delay_5500us
0x0104	0xD001      	BRA         L_Lcd_Cmd1
L_Lcd_Cmd0:
;__Lib_Lcd.c,47 :: 		
0x0106	0xDF95      	RCALL       _Delay_50us
L_Lcd_Cmd1:
;__Lib_Lcd.c,48 :: 		
0x0108	0x0012      	RETURN      0
; end of _Lcd_Cmd
_Lcd_Chr_CP:
;__Lib_Lcd.c,50 :: 		
;__Lib_Lcd.c,52 :: 		
0x010A	0x9021      	BCF         __Lib_Lcd_cmd_status, BitPos(__Lib_Lcd_cmd_status+0) 
;__Lib_Lcd.c,53 :: 		
0x010C	0xF033C02C  	MOVFF       FARG_Lcd_Chr_CP_out_char, FARG_Lcd_Cmd_out_char
0x0110	0xDFBE      	RCALL       _Lcd_Cmd
;__Lib_Lcd.c,54 :: 		
0x0112	0x8021      	BSF         __Lib_Lcd_cmd_status, BitPos(__Lib_Lcd_cmd_status+0) 
;__Lib_Lcd.c,55 :: 		
0x0114	0x0012      	RETURN      0
; end of _Lcd_Chr_CP
_I2C1_Start:
;__Lib_I2C_c34.c,34 :: 		
;__Lib_I2C_c34.c,37 :: 		
0x0116	0x6A2C      	CLRF        I2C1_Start_j_L0 
0x0118	0x6A2D      	CLRF        I2C1_Start_j_L0+1 
L_I2C1_Start2:
0x011A	0x502D      	MOVF        I2C1_Start_j_L0+1, 0 
0x011C	0x0812      	SUBLW       18
0x011E	0xE102      	BNZ         L__I2C1_Start24
0x0120	0x502C      	MOVF        I2C1_Start_j_L0, 0 
0x0122	0x088E      	SUBLW       142
L__I2C1_Start24:
0x0124	0xE307      	BNC         L_I2C1_Start3
;__Lib_I2C_c34.c,38 :: 		
0x0126	0xDFA6      	RCALL       _I2C1_Is_Idle
0x0128	0x5200      	MOVF        R0, 1 
0x012A	0xE001      	BZ          L_I2C1_Start5
;__Lib_I2C_c34.c,39 :: 		
0x012C	0xD003      	BRA         L_I2C1_Start3
L_I2C1_Start5:
;__Lib_I2C_c34.c,37 :: 		
0x012E	0x4A2C      	INFSNZ      I2C1_Start_j_L0, 1 
0x0130	0x2A2D      	INCF        I2C1_Start_j_L0+1, 1 
;__Lib_I2C_c34.c,40 :: 		
0x0132	0xD7F3      	BRA         L_I2C1_Start2
L_I2C1_Start3:
;__Lib_I2C_c34.c,42 :: 		
0x0134	0x0E12      	MOVLW       18
0x0136	0x5C2D      	SUBWF       I2C1_Start_j_L0+1, 0 
0x0138	0xE102      	BNZ         L__I2C1_Start25
0x013A	0x0E8F      	MOVLW       143
0x013C	0x5C2C      	SUBWF       I2C1_Start_j_L0, 0 
L__I2C1_Start25:
0x013E	0xE303      	BNC         L_I2C1_Start6
;__Lib_I2C_c34.c,43 :: 		
0x0140	0x0E7B      	MOVLW       123
0x0142	0x6E00      	MOVWF       R0 
0x0144	0x0012      	RETURN      0
L_I2C1_Start6:
;__Lib_I2C_c34.c,45 :: 		
0x0146	0x80C5      	BSF         SSPCON2, 0 
;__Lib_I2C_c34.c,46 :: 		
L_I2C1_Start8:
0x0148	0xA0C5      	BTFSS       SSPCON2, 0 
0x014A	0xD001      	BRA         L_I2C1_Start9
;__Lib_I2C_c34.c,47 :: 		
0x014C	0xD7FD      	BRA         L_I2C1_Start8
L_I2C1_Start9:
;__Lib_I2C_c34.c,48 :: 		
0x014E	0x6A00      	CLRF        R0 
;__Lib_I2C_c34.c,50 :: 		
0x0150	0x0012      	RETURN      0
; end of _I2C1_Start
_I2C1_Repeated_Start:
;__Lib_I2C_c34.c,52 :: 		
;__Lib_I2C_c34.c,53 :: 		
0x0152	0x82C5      	BSF         SSPCON2, 1 
;__Lib_I2C_c34.c,54 :: 		
L_I2C1_Repeated_Start10:
0x0154	0xA2C5      	BTFSS       SSPCON2, 1 
0x0156	0xD001      	BRA         L_I2C1_Repeated_Start11
;__Lib_I2C_c34.c,55 :: 		
0x0158	0xD7FD      	BRA         L_I2C1_Repeated_Start10
L_I2C1_Repeated_Start11:
;__Lib_I2C_c34.c,56 :: 		
0x015A	0x0012      	RETURN      0
; end of _I2C1_Repeated_Start
_WordToStr:
;__Lib_Conversions.c,84 :: 		
;__Lib_Conversions.c,89 :: 		
0x015C	0x6A30      	CLRF        WordToStr_len_L0 
L_WordToStr6:
0x015E	0x0E05      	MOVLW       5
0x0160	0x5C30      	SUBWF       WordToStr_len_L0, 0 
0x0162	0xE20A      	BC          L_WordToStr7
;__Lib_Conversions.c,90 :: 		
0x0164	0x5030      	MOVF        WordToStr_len_L0, 0 
0x0166	0x242E      	ADDWF       FARG_WordToStr_output, 0 
0x0168	0x6EE1      	MOVWF       FSR1L 
0x016A	0x0E00      	MOVLW       0
0x016C	0x202F      	ADDWFC      FARG_WordToStr_output+1, 0 
0x016E	0x6EE2      	MOVWF       FSR1H 
0x0170	0x0E20      	MOVLW       32
0x0172	0x6EE6      	MOVWF       POSTINC1 
;__Lib_Conversions.c,89 :: 		
0x0174	0x2A30      	INCF        WordToStr_len_L0, 1 
;__Lib_Conversions.c,90 :: 		
0x0176	0xD7F3      	BRA         L_WordToStr6
L_WordToStr7:
;__Lib_Conversions.c,91 :: 		
0x0178	0x5030      	MOVF        WordToStr_len_L0, 0 
0x017A	0x242E      	ADDWF       FARG_WordToStr_output, 0 
0x017C	0x6EE1      	MOVWF       FSR1L 
0x017E	0x0E00      	MOVLW       0
0x0180	0x202F      	ADDWFC      FARG_WordToStr_output+1, 0 
0x0182	0x6EE2      	MOVWF       FSR1H 
0x0184	0x6AE6      	CLRF        POSTINC1 
0x0186	0x0630      	DECF        WordToStr_len_L0, 1 
;__Lib_Conversions.c,93 :: 		
L_WordToStr9:
;__Lib_Conversions.c,94 :: 		
0x0188	0x5030      	MOVF        WordToStr_len_L0, 0 
0x018A	0x242E      	ADDWF       FARG_WordToStr_output, 0 
0x018C	0x6E31      	MOVWF       FLOC__WordToStr 
0x018E	0x0E00      	MOVLW       0
0x0190	0x202F      	ADDWFC      FARG_WordToStr_output+1, 0 
0x0192	0x6E32      	MOVWF       FLOC__WordToStr+1 
0x0194	0x0E0A      	MOVLW       10
0x0196	0x6E04      	MOVWF       R4 
0x0198	0x0E00      	MOVLW       0
0x019A	0x6E05      	MOVWF       R5 
0x019C	0xF000C02C  	MOVFF       FARG_WordToStr_input, R0
0x01A0	0xF001C02D  	MOVFF       FARG_WordToStr_input+1, R1
0x01A4	0xDF4C      	RCALL       _Div_16x16_U
0x01A6	0xF000C008  	MOVFF       R8, R0
0x01AA	0xF001C009  	MOVFF       R9, R1
0x01AE	0x0E30      	MOVLW       48
0x01B0	0x2600      	ADDWF       R0, 1 
0x01B2	0xFFE1C031  	MOVFF       FLOC__WordToStr, FSR1L
0x01B6	0xFFE2C032  	MOVFF       FLOC__WordToStr+1, FSR1H
0x01BA	0xFFE6C000  	MOVFF       R0, POSTINC1
;__Lib_Conversions.c,95 :: 		
0x01BE	0x0E0A      	MOVLW       10
0x01C0	0x6E04      	MOVWF       R4 
0x01C2	0x0E00      	MOVLW       0
0x01C4	0x6E05      	MOVWF       R5 
0x01C6	0xF000C02C  	MOVFF       FARG_WordToStr_input, R0
0x01CA	0xF001C02D  	MOVFF       FARG_WordToStr_input+1, R1
0x01CE	0xDF37      	RCALL       _Div_16x16_U
0x01D0	0xF02CC000  	MOVFF       R0, FARG_WordToStr_input
0x01D4	0xF02DC001  	MOVFF       R1, FARG_WordToStr_input+1
;__Lib_Conversions.c,96 :: 		
0x01D8	0x0E00      	MOVLW       0
0x01DA	0x1801      	XORWF       R1, 0 
0x01DC	0xE102      	BNZ         L__WordToStr96
0x01DE	0x0E00      	MOVLW       0
0x01E0	0x1800      	XORWF       R0, 0 
L__WordToStr96:
0x01E2	0xE101      	BNZ         L_WordToStr11
;__Lib_Conversions.c,97 :: 		
0x01E4	0xD002      	BRA         L_WordToStr10
L_WordToStr11:
;__Lib_Conversions.c,98 :: 		
0x01E6	0x0630      	DECF        WordToStr_len_L0, 1 
;__Lib_Conversions.c,99 :: 		
0x01E8	0xD7CF      	BRA         L_WordToStr9
L_WordToStr10:
;__Lib_Conversions.c,100 :: 		
0x01EA	0x0012      	RETURN      0
; end of _WordToStr
_I2C1_Stop:
;__Lib_I2C_c34.c,103 :: 		
;__Lib_I2C_c34.c,104 :: 		
0x01EC	0x84C5      	BSF         SSPCON2, 2 
;__Lib_I2C_c34.c,105 :: 		
0x01EE	0x0012      	RETURN      0
; end of _I2C1_Stop
_I2C1_Init:
;__Lib_I2C_c34.c,2 :: 		
;__Lib_I2C_c34.c,9 :: 		
0x01F0	0x9894      	BCF         TRISC4_bit, 4 
;__Lib_I2C_c34.c,10 :: 		
0x01F2	0x9694      	BCF         TRISC3_bit, 3 
;__Lib_I2C_c34.c,13 :: 		
0x01F4	0x988B      	BCF         LATC4_bit, 4 
;__Lib_I2C_c34.c,14 :: 		
0x01F6	0x968B      	BCF         LATC3_bit, 3 
;__Lib_I2C_c34.c,17 :: 		
0x01F8	0x8894      	BSF         TRISC4_bit, 4 
;__Lib_I2C_c34.c,18 :: 		
0x01FA	0x8694      	BSF         TRISC3_bit, 3 
;__Lib_I2C_c34.c,20 :: 		
0x01FC	0x9EC7      	BCF         SSPSTAT, 7 
;__Lib_I2C_c34.c,21 :: 		
0x01FE	0x9CC7      	BCF         SSPSTAT, 6 
;__Lib_I2C_c34.c,22 :: 		
0x0200	0x0E38      	MOVLW       56
0x0202	0x6EC6      	MOVWF       SSPCON1 
;__Lib_I2C_c34.c,25 :: 		
0x0204	0x0012      	RETURN      0
; end of _I2C1_Init
_I2C1_Rd:
;__Lib_I2C_c34.c,58 :: 		
;__Lib_I2C_c34.c,61 :: 		
0x0206	0x969E      	BCF         PIR1, 3 
;__Lib_I2C_c34.c,62 :: 		
0x0208	0x86C5      	BSF         SSPCON2, 3 
;__Lib_I2C_c34.c,64 :: 		
L_I2C1_Rd12:
0x020A	0xB69E      	BTFSC       PIR1, 3 
0x020C	0xD001      	BRA         L_I2C1_Rd13
;__Lib_I2C_c34.c,65 :: 		
0x020E	0xD7FD      	BRA         L_I2C1_Rd12
L_I2C1_Rd13:
;__Lib_I2C_c34.c,67 :: 		
0x0210	0xF001CFC9  	MOVFF       SSPBUF, R1
;__Lib_I2C_c34.c,68 :: 		
0x0214	0x502C      	MOVF        FARG_I2C1_Rd_ack, 0 
0x0216	0x0A00      	XORLW       0
0x0218	0xE102      	BNZ         L_I2C1_Rd14
;__Lib_I2C_c34.c,69 :: 		
0x021A	0x8AC5      	BSF         SSPCON2, 5 
0x021C	0xD001      	BRA         L_I2C1_Rd15
L_I2C1_Rd14:
;__Lib_I2C_c34.c,71 :: 		
0x021E	0x9AC5      	BCF         SSPCON2, 5 
L_I2C1_Rd15:
;__Lib_I2C_c34.c,73 :: 		
0x0220	0x969E      	BCF         PIR1, 3 
;__Lib_I2C_c34.c,74 :: 		
0x0222	0x88C5      	BSF         SSPCON2, 4 
;__Lib_I2C_c34.c,76 :: 		
L_I2C1_Rd16:
0x0224	0xB69E      	BTFSC       PIR1, 3 
0x0226	0xD001      	BRA         L_I2C1_Rd17
;__Lib_I2C_c34.c,77 :: 		
0x0228	0xD7FD      	BRA         L_I2C1_Rd16
L_I2C1_Rd17:
;__Lib_I2C_c34.c,79 :: 		
0x022A	0xF000C001  	MOVFF       R1, R0
;__Lib_I2C_c34.c,80 :: 		
0x022E	0x0012      	RETURN      0
; end of _I2C1_Rd
_I2C1_Wr:
;__Lib_I2C_c34.c,82 :: 		
;__Lib_I2C_c34.c,84 :: 		
0x0230	0x969E      	BCF         PIR1, 3 
;__Lib_I2C_c34.c,85 :: 		
0x0232	0xFFC9C02C  	MOVFF       FARG_I2C1_Wr_data_, SSPBUF
;__Lib_I2C_c34.c,87 :: 		
L_I2C1_Wr18:
0x0236	0xA4C7      	BTFSS       SSPSTAT, 2 
0x0238	0xD001      	BRA         L_I2C1_Wr19
;__Lib_I2C_c34.c,88 :: 		
0x023A	0xD7FD      	BRA         L_I2C1_Wr18
L_I2C1_Wr19:
;__Lib_I2C_c34.c,90 :: 		
L_I2C1_Wr20:
0x023C	0xB69E      	BTFSC       PIR1, 3 
0x023E	0xD001      	BRA         L_I2C1_Wr21
;__Lib_I2C_c34.c,91 :: 		
0x0240	0xD7FD      	BRA         L_I2C1_Wr20
L_I2C1_Wr21:
;__Lib_I2C_c34.c,93 :: 		
0x0242	0xBCC5      	BTFSC       SSPCON2, 6 
0x0244	0xD002      	BRA         L_I2C1_Wr22
;__Lib_I2C_c34.c,94 :: 		
0x0246	0x6A00      	CLRF        R0 
0x0248	0x0012      	RETURN      0
;__Lib_I2C_c34.c,95 :: 		
L_I2C1_Wr22:
;__Lib_I2C_c34.c,97 :: 		
0x024A	0x84C5      	BSF         SSPCON2, 2 
;__Lib_I2C_c34.c,98 :: 		
0x024C	0x0E02      	MOVLW       2
0x024E	0x6E00      	MOVWF       R0 
;__Lib_I2C_c34.c,100 :: 		
0x0250	0x0012      	RETURN      0
; end of _I2C1_Wr
_Mul_16x16_U:
;__Lib_Math.c,437 :: 		
;__Lib_Math.c,444 :: 		
0x0252	0x6A0B      	CLRF        R11, 0
;__Lib_Math.c,445 :: 		
0x0254	0x6A0A      	CLRF        R10, 0
;__Lib_Math.c,446 :: 		
0x0256	0x6A09      	CLRF        R9, 0
;__Lib_Math.c,447 :: 		
0x0258	0x5000      	MOVF        R0, 0, 0
;__Lib_Math.c,448 :: 		
0x025A	0x0204      	MULWF       R4, 0
;__Lib_Math.c,450 :: 		
0x025C	0xF009CFF4  	MOVFF       PRODH, R9
;__Lib_Math.c,451 :: 		
0x0260	0xF008CFF3  	MOVFF       PRODL, R8
;__Lib_Math.c,452 :: 		
0x0264	0x5001      	MOVF        R1, 0, 0
;__Lib_Math.c,453 :: 		
0x0266	0x0205      	MULWF       R5, 0
;__Lib_Math.c,455 :: 		
0x0268	0xF00BCFF4  	MOVFF       PRODH, R11
;__Lib_Math.c,456 :: 		
0x026C	0xF00ACFF3  	MOVFF       PRODL, R10
;__Lib_Math.c,457 :: 		
0x0270	0x5000      	MOVF        R0, 0, 0
;__Lib_Math.c,458 :: 		
0x0272	0x0205      	MULWF       R5, 0
;__Lib_Math.c,460 :: 		
0x0274	0x50F3      	MOVF        PRODL, 0, 0
;__Lib_Math.c,461 :: 		
0x0276	0x2609      	ADDWF       R9, 1, 0
;__Lib_Math.c,462 :: 		
0x0278	0x50F4      	MOVF        PRODH, 0, 0
;__Lib_Math.c,463 :: 		
0x027A	0x220A      	ADDWFC      R10, 1, 0
;__Lib_Math.c,464 :: 		
0x027C	0x6AE8      	CLRF        WREG, 0
;__Lib_Math.c,465 :: 		
0x027E	0x220B      	ADDWFC      R11, 1, 0
;__Lib_Math.c,466 :: 		
0x0280	0x5001      	MOVF        R1, 0, 0
;__Lib_Math.c,467 :: 		
0x0282	0x0204      	MULWF       R4, 0
;__Lib_Math.c,469 :: 		
0x0284	0x50F3      	MOVF        PRODL, 0, 0
;__Lib_Math.c,470 :: 		
0x0286	0x2609      	ADDWF       R9, 1, 0
;__Lib_Math.c,471 :: 		
0x0288	0x50F4      	MOVF        PRODH, 0, 0
;__Lib_Math.c,472 :: 		
0x028A	0x220A      	ADDWFC      R10, 1, 0
;__Lib_Math.c,473 :: 		
0x028C	0x6AE8      	CLRF        WREG, 0
;__Lib_Math.c,474 :: 		
0x028E	0x220B      	ADDWFC      R11, 1, 0
;__Lib_Math.c,476 :: 		
0x0290	0xF000C008  	MOVFF       R8, R0
;__Lib_Math.c,477 :: 		
0x0294	0xF001C009  	MOVFF       R9, R1
;__Lib_Math.c,478 :: 		
0x0298	0xF002C00A  	MOVFF       R10, R2
;__Lib_Math.c,479 :: 		
0x029C	0xF003C00B  	MOVFF       R11, R3
;__Lib_Math.c,482 :: 		
0x02A0	0x0012      	RETURN      0
; end of _Mul_16x16_U
___CC2DW:
;__Lib_System.c,21 :: 		
;__Lib_System.c,23 :: 		
_CC2DL_Loop1:
;__Lib_System.c,24 :: 		
0x02A2	0x0009      	TBLRD*+
;__Lib_System.c,25 :: 		
0x02A4	0xFFE6CFF5  	MOVFF       TABLAT, POSTINC1
;__Lib_System.c,26 :: 		
0x02A8	0x0600      	DECF        R0, 1, 0
;__Lib_System.c,27 :: 		
0x02AA	0xE1FB      	BNZ         _CC2DL_Loop1
;__Lib_System.c,28 :: 		
0x02AC	0x0601      	DECF        R1, 1, 0
;__Lib_System.c,29 :: 		
0x02AE	0xE1F9      	BNZ         _CC2DL_Loop1
;__Lib_System.c,31 :: 		
0x02B0	0x0012      	RETURN      0
; end of ___CC2DW
_PWM1_Start:
;__Lib_PWM_c21.c,54 :: 		
;__Lib_PWM_c21.c,55 :: 		
0x02B2	0x9494      	BCF         TRISC2_bit, 2 
;__Lib_PWM_c21.c,56 :: 		
0x02B4	0x84CA      	BSF         T2CON, 2 
;__Lib_PWM_c21.c,57 :: 		
0x02B6	0x0E0C      	MOVLW       12
0x02B8	0x12BD      	IORWF       CCP1CON, 1 
;__Lib_PWM_c21.c,58 :: 		
0x02BA	0x0012      	RETURN      0
; end of _PWM1_Start
_PWM1_Init:
;__Lib_PWM_c21.c,36 :: 		
;__Lib_PWM_c21.c,37 :: 		
;__Lib_PWM_c21.c,38 :: 		
0x02BC	0x6ABE      	CLRF        CCPR1L 
;__Lib_PWM_c21.c,39 :: 		
0x02BE	0x98BD      	BCF         CCP1CON, 4 
;__Lib_PWM_c21.c,40 :: 		
0x02C0	0x9ABD      	BCF         CCP1CON, 5 
;__Lib_PWM_c21.c,41 :: 		
0x02C2	0x0012      	RETURN      0
; end of _PWM1_Init
_PWM1_Set_Duty:
;__Lib_PWM_c21.c,43 :: 		
;__Lib_PWM_c21.c,47 :: 		
0x02C4	0x50CB      	MOVF        PR2, 0 
0x02C6	0x0F01      	ADDLW       1
0x02C8	0x6E00      	MOVWF       R0 
0x02CA	0x6A01      	CLRF        R1 
0x02CC	0x0E00      	MOVLW       0
0x02CE	0x2201      	ADDWFC      R1, 1 
0x02D0	0xF004C022  	MOVFF       FARG_PWM1_Set_Duty_new_duty, R4
0x02D4	0x0E00      	MOVLW       0
0x02D6	0x6E05      	MOVWF       R5 
0x02D8	0xDFBC      	RCALL       _Mul_16x16_U
0x02DA	0x0E06      	MOVLW       6
0x02DC	0x6E02      	MOVWF       R2 
0x02DE	0xF004C000  	MOVFF       R0, R4
0x02E2	0xF005C001  	MOVFF       R1, R5
0x02E6	0x5002      	MOVF        R2, 0 
L__PWM1_Set_Duty4:
0x02E8	0xE005      	BZ          L__PWM1_Set_Duty5
0x02EA	0x3205      	RRCF        R5, 1 
0x02EC	0x3204      	RRCF        R4, 1 
0x02EE	0x9E05      	BCF         R5, 7 
0x02F0	0x0FFF      	ADDLW       255
0x02F2	0xD7FA      	BRA         L__PWM1_Set_Duty4
L__PWM1_Set_Duty5:
;__Lib_PWM_c21.c,48 :: 		
0x02F4	0x0E04      	MOVLW       4
0x02F6	0x6E01      	MOVWF       R1 
0x02F8	0xF000C004  	MOVFF       R4, R0
0x02FC	0x5001      	MOVF        R1, 0 
L__PWM1_Set_Duty6:
0x02FE	0xE004      	BZ          L__PWM1_Set_Duty7
0x0300	0x3600      	RLCF        R0, 1 
0x0302	0x9000      	BCF         R0, 0 
0x0304	0x0FFF      	ADDLW       255
0x0306	0xD7FB      	BRA         L__PWM1_Set_Duty6
L__PWM1_Set_Duty7:
0x0308	0x0E30      	MOVLW       48
0x030A	0x1400      	ANDWF       R0, 0 
0x030C	0x6E03      	MOVWF       R3 
;__Lib_PWM_c21.c,49 :: 		
0x030E	0xF000C004  	MOVFF       R4, R0
0x0312	0xF001C005  	MOVFF       R5, R1
0x0316	0x3201      	RRCF        R1, 1 
0x0318	0x3200      	RRCF        R0, 1 
0x031A	0x9E01      	BCF         R1, 7 
0x031C	0x3201      	RRCF        R1, 1 
0x031E	0x3200      	RRCF        R0, 1 
0x0320	0x9E01      	BCF         R1, 7 
0x0322	0xFFBEC000  	MOVFF       R0, CCPR1L
;__Lib_PWM_c21.c,50 :: 		
0x0326	0x0E0F      	MOVLW       15
0x0328	0x16BD      	ANDWF       CCP1CON, 1 
;__Lib_PWM_c21.c,51 :: 		
0x032A	0x5003      	MOVF        R3, 0 
0x032C	0x12BD      	IORWF       CCP1CON, 1 
;__Lib_PWM_c21.c,52 :: 		
0x032E	0x0012      	RETURN      0
; end of _PWM1_Set_Duty
_IntToStr:
;__Lib_Conversions.c,146 :: 		
;__Lib_Conversions.c,152 :: 		
0x0330	0x6A28      	CLRF        IntToStr_negative_L0 
0x0332	0x6A29      	CLRF        IntToStr_negative_L0+1 
;__Lib_Conversions.c,153 :: 		
0x0334	0xF02AC022  	MOVFF       FARG_IntToStr_input, IntToStr_inword_L0
0x0338	0xF02BC023  	MOVFF       FARG_IntToStr_input+1, IntToStr_inword_L0+1
;__Lib_Conversions.c,154 :: 		
0x033C	0x0E80      	MOVLW       128
0x033E	0x1823      	XORWF       FARG_IntToStr_input+1, 0 
0x0340	0x6E00      	MOVWF       R0 
0x0342	0x0E80      	MOVLW       128
0x0344	0x5C00      	SUBWF       R0, 0 
0x0346	0xE102      	BNZ         L__IntToStr99
0x0348	0x0E00      	MOVLW       0
0x034A	0x5C22      	SUBWF       FARG_IntToStr_input, 0 
L__IntToStr99:
0x034C	0xE20B      	BC          L_IntToStr23
;__Lib_Conversions.c,155 :: 		
0x034E	0x0E01      	MOVLW       1
0x0350	0x6E28      	MOVWF       IntToStr_negative_L0 
0x0352	0x0E00      	MOVLW       0
0x0354	0x6E29      	MOVWF       IntToStr_negative_L0+1 
;__Lib_Conversions.c,156 :: 		
0x0356	0x5022      	MOVF        FARG_IntToStr_input, 0 
0x0358	0x0800      	SUBLW       0
0x035A	0x6E2A      	MOVWF       IntToStr_inword_L0 
0x035C	0xF02BC023  	MOVFF       FARG_IntToStr_input+1, IntToStr_inword_L0+1
0x0360	0x0E00      	MOVLW       0
0x0362	0x562B      	SUBFWB      IntToStr_inword_L0+1, 1 
;__Lib_Conversions.c,157 :: 		
L_IntToStr23:
;__Lib_Conversions.c,158 :: 		
0x0364	0xF02CC02A  	MOVFF       IntToStr_inword_L0, FARG_WordToStr_input
0x0368	0xF02DC02B  	MOVFF       IntToStr_inword_L0+1, FARG_WordToStr_input+1
0x036C	0xF02EC024  	MOVFF       FARG_IntToStr_output, FARG_WordToStr_output
0x0370	0xF02FC025  	MOVFF       FARG_IntToStr_output+1, FARG_WordToStr_output+1
0x0374	0xDEF3      	RCALL       _WordToStr
;__Lib_Conversions.c,160 :: 		
0x0376	0x0E06      	MOVLW       6
0x0378	0x6E26      	MOVWF       IntToStr_i_L0 
0x037A	0x0E00      	MOVLW       0
0x037C	0x6E27      	MOVWF       IntToStr_i_L0+1 
;__Lib_Conversions.c,161 :: 		
L_IntToStr24:
0x037E	0x0E00      	MOVLW       0
0x0380	0x6E00      	MOVWF       R0 
0x0382	0x5027      	MOVF        IntToStr_i_L0+1, 0 
0x0384	0x5C00      	SUBWF       R0, 0 
0x0386	0xE102      	BNZ         L__IntToStr100
0x0388	0x5026      	MOVF        IntToStr_i_L0, 0 
0x038A	0x0800      	SUBLW       0
L__IntToStr100:
0x038C	0xE219      	BC          L_IntToStr25
;__Lib_Conversions.c,162 :: 		
0x038E	0x5026      	MOVF        IntToStr_i_L0, 0 
0x0390	0x2424      	ADDWF       FARG_IntToStr_output, 0 
0x0392	0x6EE1      	MOVWF       FSR1L 
0x0394	0x5027      	MOVF        IntToStr_i_L0+1, 0 
0x0396	0x2025      	ADDWFC      FARG_IntToStr_output+1, 0 
0x0398	0x6EE2      	MOVWF       FSR1H 
0x039A	0x0E01      	MOVLW       1
0x039C	0x5C26      	SUBWF       IntToStr_i_L0, 0 
0x039E	0x6E00      	MOVWF       R0 
0x03A0	0x0E00      	MOVLW       0
0x03A2	0x5827      	SUBWFB      IntToStr_i_L0+1, 0 
0x03A4	0x6E01      	MOVWF       R1 
0x03A6	0x5000      	MOVF        R0, 0 
0x03A8	0x2424      	ADDWF       FARG_IntToStr_output, 0 
0x03AA	0x6EE9      	MOVWF       FSR0L 
0x03AC	0x5001      	MOVF        R1, 0 
0x03AE	0x2025      	ADDWFC      FARG_IntToStr_output+1, 0 
0x03B0	0x6EEA      	MOVWF       FSR0H 
0x03B2	0xFFE6CFEE  	MOVFF       POSTINC0, POSTINC1
;__Lib_Conversions.c,163 :: 		
0x03B6	0x0E01      	MOVLW       1
0x03B8	0x5E26      	SUBWF       IntToStr_i_L0, 1 
0x03BA	0x0E00      	MOVLW       0
0x03BC	0x5A27      	SUBWFB      IntToStr_i_L0+1, 1 
;__Lib_Conversions.c,164 :: 		
0x03BE	0xD7DF      	BRA         L_IntToStr24
L_IntToStr25:
;__Lib_Conversions.c,165 :: 		
0x03C0	0xFFE1C024  	MOVFF       FARG_IntToStr_output, FSR1L
0x03C4	0xFFE2C025  	MOVFF       FARG_IntToStr_output+1, FSR1H
0x03C8	0x0E20      	MOVLW       32
0x03CA	0x6EE6      	MOVWF       POSTINC1 
;__Lib_Conversions.c,166 :: 		
0x03CC	0x5028      	MOVF        IntToStr_negative_L0, 0 
0x03CE	0x1029      	IORWF       IntToStr_negative_L0+1, 0 
0x03D0	0xE01A      	BZ          L_IntToStr26
;__Lib_Conversions.c,167 :: 		
0x03D2	0x6A26      	CLRF        IntToStr_i_L0 
0x03D4	0x6A27      	CLRF        IntToStr_i_L0+1 
;__Lib_Conversions.c,168 :: 		
L_IntToStr27:
0x03D6	0x5026      	MOVF        IntToStr_i_L0, 0 
0x03D8	0x2424      	ADDWF       FARG_IntToStr_output, 0 
0x03DA	0x6EE9      	MOVWF       FSR0L 
0x03DC	0x5027      	MOVF        IntToStr_i_L0+1, 0 
0x03DE	0x2025      	ADDWFC      FARG_IntToStr_output+1, 0 
0x03E0	0x6EEA      	MOVWF       FSR0H 
0x03E2	0x50EE      	MOVF        POSTINC0, 0 
0x03E4	0x0A20      	XORLW       32
0x03E6	0xE103      	BNZ         L_IntToStr28
0x03E8	0x4A26      	INFSNZ      IntToStr_i_L0, 1 
0x03EA	0x2A27      	INCF        IntToStr_i_L0+1, 1 
0x03EC	0xD7F4      	BRA         L_IntToStr27
L_IntToStr28:
;__Lib_Conversions.c,169 :: 		
0x03EE	0x0E01      	MOVLW       1
0x03F0	0x5E26      	SUBWF       IntToStr_i_L0, 1 
0x03F2	0x0E00      	MOVLW       0
0x03F4	0x5A27      	SUBWFB      IntToStr_i_L0+1, 1 
;__Lib_Conversions.c,170 :: 		
0x03F6	0x5026      	MOVF        IntToStr_i_L0, 0 
0x03F8	0x2424      	ADDWF       FARG_IntToStr_output, 0 
0x03FA	0x6EE1      	MOVWF       FSR1L 
0x03FC	0x5027      	MOVF        IntToStr_i_L0+1, 0 
0x03FE	0x2025      	ADDWFC      FARG_IntToStr_output+1, 0 
0x0400	0x6EE2      	MOVWF       FSR1H 
0x0402	0x0E2D      	MOVLW       45
0x0404	0x6EE6      	MOVWF       POSTINC1 
L_IntToStr26:
;__Lib_Conversions.c,171 :: 		
0x0406	0x0012      	RETURN      0
; end of _IntToStr
_escrita_EEPROM:
;I2CEEPROMExternaPWM.c,127 :: 		void escrita_EEPROM(unsigned short info){
;I2CEEPROMExternaPWM.c,129 :: 		I2C1_Init(100000);         // initialize I2C communication
0x0408	0x0E0A      	MOVLW       10
0x040A	0x6EC8      	MOVWF       SSPADD 
0x040C	0xDEF1      	RCALL       _I2C1_Init
;I2CEEPROMExternaPWM.c,130 :: 		I2C1_Start();              // issue I2C start signal
0x040E	0xDE83      	RCALL       _I2C1_Start
;I2CEEPROMExternaPWM.c,131 :: 		I2C1_Wr(0xA2);             // send byte via I2C  (device address + W)
0x0410	0x0EA2      	MOVLW       162
0x0412	0x6E2C      	MOVWF       FARG_I2C1_Wr_data_ 
0x0414	0xDF0D      	RCALL       _I2C1_Wr
;I2CEEPROMExternaPWM.c,132 :: 		I2C1_Wr(2);                // send byte (address of EEPROM location)
0x0416	0x0E02      	MOVLW       2
0x0418	0x6E2C      	MOVWF       FARG_I2C1_Wr_data_ 
0x041A	0xDF0A      	RCALL       _I2C1_Wr
;I2CEEPROMExternaPWM.c,133 :: 		I2C1_Wr(info);             // send data (data to be written)
0x041C	0xF02CC022  	MOVFF       FARG_escrita_EEPROM_info, FARG_I2C1_Wr_data_
0x0420	0xDF07      	RCALL       _I2C1_Wr
;I2CEEPROMExternaPWM.c,134 :: 		I2C1_Stop();               // issue I2C stop signal
0x0422	0xDEE4      	RCALL       _I2C1_Stop
;I2CEEPROMExternaPWM.c,136 :: 		delay_ms(100);
0x0424	0x0E82      	MOVLW       130
0x0426	0x6E0C      	MOVWF       R12, 0
0x0428	0x0EDD      	MOVLW       221
0x042A	0x6E0D      	MOVWF       R13, 0
L_escrita_EEPROM18:
0x042C	0x2E0D      	DECFSZ      R13, 1, 0
0x042E	0xD7FE      	BRA         L_escrita_EEPROM18
0x0430	0x2E0C      	DECFSZ      R12, 1, 0
0x0432	0xD7FC      	BRA         L_escrita_EEPROM18
0x0434	0x0000      	NOP
0x0436	0x0000      	NOP
;I2CEEPROMExternaPWM.c,138 :: 		} // end void escrita_EEPROM
0x0438	0x0012      	RETURN      0
; end of _escrita_EEPROM
_Lcd_Out:
;__Lib_Lcd.c,184 :: 		
;__Lib_Lcd.c,187 :: 		
0x043A	0xD00F      	BRA         L_Lcd_Out11
;__Lib_Lcd.c,188 :: 		
L_Lcd_Out13:
0x043C	0x0E80      	MOVLW       128
0x043E	0x6E22      	MOVWF       FARG_Lcd_Out_row 
0x0440	0xD019      	BRA         L_Lcd_Out12
;__Lib_Lcd.c,189 :: 		
L_Lcd_Out14:
0x0442	0x0EC0      	MOVLW       192
0x0444	0x6E22      	MOVWF       FARG_Lcd_Out_row 
0x0446	0xD016      	BRA         L_Lcd_Out12
;__Lib_Lcd.c,190 :: 		
L_Lcd_Out15:
0x0448	0x0E94      	MOVLW       148
0x044A	0x6E22      	MOVWF       FARG_Lcd_Out_row 
0x044C	0xD013      	BRA         L_Lcd_Out12
;__Lib_Lcd.c,191 :: 		
L_Lcd_Out16:
0x044E	0x0ED4      	MOVLW       212
0x0450	0x6E22      	MOVWF       FARG_Lcd_Out_row 
0x0452	0xD010      	BRA         L_Lcd_Out12
;__Lib_Lcd.c,192 :: 		
L_Lcd_Out17:
0x0454	0x0E80      	MOVLW       128
0x0456	0x6E22      	MOVWF       FARG_Lcd_Out_row 
;__Lib_Lcd.c,193 :: 		
0x0458	0xD00D      	BRA         L_Lcd_Out12
L_Lcd_Out11:
0x045A	0x5022      	MOVF        FARG_Lcd_Out_row, 0 
0x045C	0x0A01      	XORLW       1
0x045E	0xE0EE      	BZ          L_Lcd_Out13
0x0460	0x5022      	MOVF        FARG_Lcd_Out_row, 0 
0x0462	0x0A02      	XORLW       2
0x0464	0xE0EE      	BZ          L_Lcd_Out14
0x0466	0x5022      	MOVF        FARG_Lcd_Out_row, 0 
0x0468	0x0A03      	XORLW       3
0x046A	0xE0EE      	BZ          L_Lcd_Out15
0x046C	0x5022      	MOVF        FARG_Lcd_Out_row, 0 
0x046E	0x0A04      	XORLW       4
0x0470	0xE0EE      	BZ          L_Lcd_Out16
0x0472	0xD7F0      	BRA         L_Lcd_Out17
L_Lcd_Out12:
;__Lib_Lcd.c,194 :: 		
0x0474	0x0423      	DECF        FARG_Lcd_Out_column, 0 
0x0476	0x6E00      	MOVWF       R0 
0x0478	0x5022      	MOVF        FARG_Lcd_Out_row, 0 
0x047A	0x2600      	ADDWF       R0, 1 
0x047C	0xF022C000  	MOVFF       R0, FARG_Lcd_Out_row
;__Lib_Lcd.c,196 :: 		
0x0480	0xF033C000  	MOVFF       R0, FARG_Lcd_Cmd_out_char
0x0484	0xDE04      	RCALL       _Lcd_Cmd
;__Lib_Lcd.c,197 :: 		
0x0486	0x9021      	BCF         __Lib_Lcd_cmd_status, BitPos(__Lib_Lcd_cmd_status+0) 
;__Lib_Lcd.c,198 :: 		
0x0488	0x6A26      	CLRF        Lcd_Out_i_L0 
;__Lib_Lcd.c,199 :: 		
L_Lcd_Out18:
0x048A	0x5026      	MOVF        Lcd_Out_i_L0, 0 
0x048C	0x2424      	ADDWF       FARG_Lcd_Out_text, 0 
0x048E	0x6EE9      	MOVWF       FSR0L 
0x0490	0x0E00      	MOVLW       0
0x0492	0x2025      	ADDWFC      FARG_Lcd_Out_text+1, 0 
0x0494	0x6EEA      	MOVWF       FSR0H 
0x0496	0x52EE      	MOVF        POSTINC0, 1 
0x0498	0xE00B      	BZ          L_Lcd_Out19
;__Lib_Lcd.c,200 :: 		
0x049A	0x5026      	MOVF        Lcd_Out_i_L0, 0 
0x049C	0x2424      	ADDWF       FARG_Lcd_Out_text, 0 
0x049E	0x6EE9      	MOVWF       FSR0L 
0x04A0	0x0E00      	MOVLW       0
0x04A2	0x2025      	ADDWFC      FARG_Lcd_Out_text+1, 0 
0x04A4	0x6EEA      	MOVWF       FSR0H 
0x04A6	0xF02CCFEE  	MOVFF       POSTINC0, FARG_Lcd_Chr_CP_out_char
0x04AA	0xDE2F      	RCALL       _Lcd_Chr_CP
0x04AC	0x2A26      	INCF        Lcd_Out_i_L0, 1 
0x04AE	0xD7ED      	BRA         L_Lcd_Out18
L_Lcd_Out19:
;__Lib_Lcd.c,201 :: 		
0x04B0	0x8021      	BSF         __Lib_Lcd_cmd_status, BitPos(__Lib_Lcd_cmd_status+0) 
;__Lib_Lcd.c,202 :: 		
0x04B2	0x0012      	RETURN      0
; end of _Lcd_Out
_Lcd_Init:
;__Lib_Lcd.c,84 :: 		
;__Lib_Lcd.c,86 :: 		
0x04B4	0x9695      	BCF         LCD_EN_Direction, BitPos(LCD_EN_Direction+0) 
;__Lib_Lcd.c,87 :: 		
0x04B6	0x9495      	BCF         LCD_RS_Direction, BitPos(LCD_RS_Direction+0) 
;__Lib_Lcd.c,88 :: 		
0x04B8	0x9895      	BCF         LCD_D4_Direction, BitPos(LCD_D4_Direction+0) 
;__Lib_Lcd.c,89 :: 		
0x04BA	0x9A95      	BCF         LCD_D5_Direction, BitPos(LCD_D5_Direction+0) 
;__Lib_Lcd.c,90 :: 		
0x04BC	0x9C95      	BCF         LCD_D6_Direction, BitPos(LCD_D6_Direction+0) 
;__Lib_Lcd.c,91 :: 		
0x04BE	0x9E95      	BCF         LCD_D7_Direction, BitPos(LCD_D7_Direction+0) 
;__Lib_Lcd.c,93 :: 		
0x04C0	0x9683      	BCF         LCD_EN, BitPos(LCD_EN+0) 
;__Lib_Lcd.c,94 :: 		
0x04C2	0x9483      	BCF         LCD_RS, BitPos(LCD_RS+0) 
;__Lib_Lcd.c,95 :: 		
0x04C4	0x9E83      	BCF         LCD_D7, BitPos(LCD_D7+0) 
;__Lib_Lcd.c,96 :: 		
0x04C6	0x9C83      	BCF         LCD_D6, BitPos(LCD_D6+0) 
;__Lib_Lcd.c,97 :: 		
0x04C8	0x9A83      	BCF         LCD_D5, BitPos(LCD_D5+0) 
;__Lib_Lcd.c,98 :: 		
0x04CA	0x9883      	BCF         LCD_D4, BitPos(LCD_D4+0) 
;__Lib_Lcd.c,100 :: 		
0x04CC	0xDDA9      	RCALL       _Delay_5500us
;__Lib_Lcd.c,101 :: 		
0x04CE	0xDDA8      	RCALL       _Delay_5500us
;__Lib_Lcd.c,102 :: 		
0x04D0	0xDDA7      	RCALL       _Delay_5500us
;__Lib_Lcd.c,105 :: 		
0x04D2	0x8A83      	BSF         LCD_D5, BitPos(LCD_D5+0) 
;__Lib_Lcd.c,106 :: 		
0x04D4	0x8883      	BSF         LCD_D4, BitPos(LCD_D4+0) 
;__Lib_Lcd.c,107 :: 		
0x04D6	0x8683      	BSF         LCD_EN, BitPos(LCD_EN+0) 
;__Lib_Lcd.c,108 :: 		
0x04D8	0xDDA1      	RCALL       _Delay_1us
;__Lib_Lcd.c,109 :: 		
0x04DA	0x9683      	BCF         LCD_EN, BitPos(LCD_EN+0) 
;__Lib_Lcd.c,110 :: 		
0x04DC	0xDDA1      	RCALL       _Delay_5500us
;__Lib_Lcd.c,112 :: 		
0x04DE	0x8683      	BSF         LCD_EN, BitPos(LCD_EN+0) 
;__Lib_Lcd.c,113 :: 		
0x04E0	0xDD9D      	RCALL       _Delay_1us
;__Lib_Lcd.c,114 :: 		
0x04E2	0x9683      	BCF         LCD_EN, BitPos(LCD_EN+0) 
;__Lib_Lcd.c,115 :: 		
0x04E4	0xDD9D      	RCALL       _Delay_5500us
;__Lib_Lcd.c,117 :: 		
0x04E6	0x8683      	BSF         LCD_EN, BitPos(LCD_EN+0) 
;__Lib_Lcd.c,118 :: 		
0x04E8	0xDD99      	RCALL       _Delay_1us
;__Lib_Lcd.c,119 :: 		
0x04EA	0x9683      	BCF         LCD_EN, BitPos(LCD_EN+0) 
;__Lib_Lcd.c,120 :: 		
0x04EC	0xDD99      	RCALL       _Delay_5500us
;__Lib_Lcd.c,123 :: 		
0x04EE	0x9883      	BCF         LCD_D4, BitPos(LCD_D4+0) 
;__Lib_Lcd.c,124 :: 		
0x04F0	0x8683      	BSF         LCD_EN, BitPos(LCD_EN+0) 
;__Lib_Lcd.c,125 :: 		
0x04F2	0xDD94      	RCALL       _Delay_1us
;__Lib_Lcd.c,126 :: 		
0x04F4	0x9683      	BCF         LCD_EN, BitPos(LCD_EN+0) 
;__Lib_Lcd.c,127 :: 		
0x04F6	0xDD94      	RCALL       _Delay_5500us
;__Lib_Lcd.c,130 :: 		
0x04F8	0x8683      	BSF         LCD_EN, BitPos(LCD_EN+0) 
;__Lib_Lcd.c,131 :: 		
0x04FA	0xDD90      	RCALL       _Delay_1us
;__Lib_Lcd.c,132 :: 		
0x04FC	0x9683      	BCF         LCD_EN, BitPos(LCD_EN+0) 
;__Lib_Lcd.c,134 :: 		
0x04FE	0x9A83      	BCF         LCD_D5, BitPos(LCD_D5+0) 
;__Lib_Lcd.c,135 :: 		
0x0500	0x8E83      	BSF         LCD_D7, BitPos(LCD_D7+0) 
;__Lib_Lcd.c,136 :: 		
0x0502	0x8683      	BSF         LCD_EN, BitPos(LCD_EN+0) 
;__Lib_Lcd.c,137 :: 		
0x0504	0xDD8B      	RCALL       _Delay_1us
;__Lib_Lcd.c,138 :: 		
0x0506	0x9683      	BCF         LCD_EN, BitPos(LCD_EN+0) 
;__Lib_Lcd.c,139 :: 		
0x0508	0xDD8B      	RCALL       _Delay_5500us
;__Lib_Lcd.c,142 :: 		
0x050A	0x9E83      	BCF         LCD_D7, BitPos(LCD_D7+0) 
;__Lib_Lcd.c,143 :: 		
0x050C	0x8883      	BSF         LCD_D4, BitPos(LCD_D4+0) 
;__Lib_Lcd.c,144 :: 		
0x050E	0x8683      	BSF         LCD_EN, BitPos(LCD_EN+0) 
;__Lib_Lcd.c,145 :: 		
0x0510	0xDD85      	RCALL       _Delay_1us
;__Lib_Lcd.c,146 :: 		
0x0512	0x9683      	BCF         LCD_EN, BitPos(LCD_EN+0) 
;__Lib_Lcd.c,148 :: 		
0x0514	0x9883      	BCF         LCD_D4, BitPos(LCD_D4+0) 
;__Lib_Lcd.c,149 :: 		
0x0516	0x8683      	BSF         LCD_EN, BitPos(LCD_EN+0) 
;__Lib_Lcd.c,150 :: 		
0x0518	0xDD81      	RCALL       _Delay_1us
;__Lib_Lcd.c,151 :: 		
0x051A	0x9683      	BCF         LCD_EN, BitPos(LCD_EN+0) 
;__Lib_Lcd.c,152 :: 		
0x051C	0xDD81      	RCALL       _Delay_5500us
;__Lib_Lcd.c,155 :: 		
0x051E	0x8683      	BSF         LCD_EN, BitPos(LCD_EN+0) 
;__Lib_Lcd.c,156 :: 		
0x0520	0xDD7D      	RCALL       _Delay_1us
;__Lib_Lcd.c,157 :: 		
0x0522	0x9683      	BCF         LCD_EN, BitPos(LCD_EN+0) 
;__Lib_Lcd.c,159 :: 		
0x0524	0x8883      	BSF         LCD_D4, BitPos(LCD_D4+0) 
;__Lib_Lcd.c,160 :: 		
0x0526	0x8683      	BSF         LCD_EN, BitPos(LCD_EN+0) 
;__Lib_Lcd.c,161 :: 		
0x0528	0xDD79      	RCALL       _Delay_1us
;__Lib_Lcd.c,162 :: 		
0x052A	0x9683      	BCF         LCD_EN, BitPos(LCD_EN+0) 
;__Lib_Lcd.c,163 :: 		
0x052C	0xDD79      	RCALL       _Delay_5500us
;__Lib_Lcd.c,166 :: 		
0x052E	0x9883      	BCF         LCD_D4, BitPos(LCD_D4+0) 
;__Lib_Lcd.c,167 :: 		
0x0530	0x8683      	BSF         LCD_EN, BitPos(LCD_EN+0) 
;__Lib_Lcd.c,168 :: 		
0x0532	0xDD74      	RCALL       _Delay_1us
;__Lib_Lcd.c,169 :: 		
0x0534	0x9683      	BCF         LCD_EN, BitPos(LCD_EN+0) 
;__Lib_Lcd.c,171 :: 		
0x0536	0x8E83      	BSF         LCD_D7, BitPos(LCD_D7+0) 
;__Lib_Lcd.c,172 :: 		
0x0538	0x8C83      	BSF         LCD_D6, BitPos(LCD_D6+0) 
;__Lib_Lcd.c,173 :: 		
0x053A	0x8A83      	BSF         LCD_D5, BitPos(LCD_D5+0) 
;__Lib_Lcd.c,174 :: 		
0x053C	0x8883      	BSF         LCD_D4, BitPos(LCD_D4+0) 
;__Lib_Lcd.c,175 :: 		
0x053E	0x8683      	BSF         LCD_EN, BitPos(LCD_EN+0) 
;__Lib_Lcd.c,176 :: 		
0x0540	0xDD6D      	RCALL       _Delay_1us
;__Lib_Lcd.c,177 :: 		
0x0542	0x9683      	BCF         LCD_EN, BitPos(LCD_EN+0) 
;__Lib_Lcd.c,179 :: 		
0x0544	0xDD6D      	RCALL       _Delay_5500us
;__Lib_Lcd.c,181 :: 		
0x0546	0x8021      	BSF         __Lib_Lcd_cmd_status, BitPos(__Lib_Lcd_cmd_status+0) 
;__Lib_Lcd.c,182 :: 		
0x0548	0x0012      	RETURN      0
; end of _Lcd_Init
_leitura_EEPROM:
;I2CEEPROMExternaPWM.c,113 :: 		void leitura_EEPROM(){
;I2CEEPROMExternaPWM.c,115 :: 		I2C1_Start();              // issue I2C start signal
0x054A	0xDDE5      	RCALL       _I2C1_Start
;I2CEEPROMExternaPWM.c,116 :: 		I2C1_Wr(0xA2);             // send byte via I2C  (device address + W)
0x054C	0x0EA2      	MOVLW       162
0x054E	0x6E2C      	MOVWF       FARG_I2C1_Wr_data_ 
0x0550	0xDE6F      	RCALL       _I2C1_Wr
;I2CEEPROMExternaPWM.c,117 :: 		I2C1_Wr(2);                // send byte (data address)
0x0552	0x0E02      	MOVLW       2
0x0554	0x6E2C      	MOVWF       FARG_I2C1_Wr_data_ 
0x0556	0xDE6C      	RCALL       _I2C1_Wr
;I2CEEPROMExternaPWM.c,118 :: 		I2C1_Repeated_Start();     // issue I2C signal repeated start
0x0558	0xDDFC      	RCALL       _I2C1_Repeated_Start
;I2CEEPROMExternaPWM.c,119 :: 		I2C1_Wr(0xA3);             // send byte (device address + R)
0x055A	0x0EA3      	MOVLW       163
0x055C	0x6E2C      	MOVWF       FARG_I2C1_Wr_data_ 
0x055E	0xDE68      	RCALL       _I2C1_Wr
;I2CEEPROMExternaPWM.c,120 :: 		memoria = I2C1_Rd(0u);       // Read the data (NO acknowledge)
0x0560	0x6A2C      	CLRF        FARG_I2C1_Rd_ack 
0x0562	0xDE51      	RCALL       _I2C1_Rd
0x0564	0xF019C000  	MOVFF       R0, _memoria
;I2CEEPROMExternaPWM.c,121 :: 		I2C1_Stop();               // issue I2C stop signal
0x0568	0xDE41      	RCALL       _I2C1_Stop
;I2CEEPROMExternaPWM.c,123 :: 		cont = memoria;
0x056A	0xF018C019  	MOVFF       _memoria, _cont
;I2CEEPROMExternaPWM.c,125 :: 		} // end void leitura_EEPROM
0x056E	0x0012      	RETURN      0
; end of _leitura_EEPROM
_main:
0x0570	0x6A15      	CLRF        _flagEnter 
0x0572	0x6A16      	CLRF        _flagMais 
0x0574	0x6A17      	CLRF        _flagMenos 
0x0576	0x0E0A      	MOVLW       10
0x0578	0x6E18      	MOVWF       _cont 
0x057A	0x6A19      	CLRF        _memoria 
;I2CEEPROMExternaPWM.c,44 :: 		void main() {
;I2CEEPROMExternaPWM.c,46 :: 		ADCON1 = 0x0F; // Configura todos os pinos que poderia ser analógicos como digitais
0x057C	0x0E0F      	MOVLW       15
0x057E	0x6EC1      	MOVWF       ADCON1 
;I2CEEPROMExternaPWM.c,47 :: 		TRISB = 0xFF; // Configura todo o portb como entrada digital
0x0580	0x0EFF      	MOVLW       255
0x0582	0x6E93      	MOVWF       TRISB 
;I2CEEPROMExternaPWM.c,48 :: 		PORTB = 0xFF; // Inicia todo o portb em High
0x0584	0x0EFF      	MOVLW       255
0x0586	0x6E81      	MOVWF       PORTB 
;I2CEEPROMExternaPWM.c,51 :: 		I2C1_Init(100000);         // initialize I2C communication
0x0588	0x0E0A      	MOVLW       10
0x058A	0x6EC8      	MOVWF       SSPADD 
0x058C	0xDE31      	RCALL       _I2C1_Init
;I2CEEPROMExternaPWM.c,52 :: 		I2C1_Start();              // issue I2C start signal
0x058E	0xDDC3      	RCALL       _I2C1_Start
;I2CEEPROMExternaPWM.c,53 :: 		I2C1_Wr(0xA2);             // send byte via I2C  (device address + W)
0x0590	0x0EA2      	MOVLW       162
0x0592	0x6E2C      	MOVWF       FARG_I2C1_Wr_data_ 
0x0594	0xDE4D      	RCALL       _I2C1_Wr
;I2CEEPROMExternaPWM.c,54 :: 		I2C1_Wr(2);
0x0596	0x0E02      	MOVLW       2
0x0598	0x6E2C      	MOVWF       FARG_I2C1_Wr_data_ 
0x059A	0xDE4A      	RCALL       _I2C1_Wr
;I2CEEPROMExternaPWM.c,56 :: 		I2C1_Stop();               // issue I2C stop signal
0x059C	0xDE27      	RCALL       _I2C1_Stop
;I2CEEPROMExternaPWM.c,57 :: 		delay_ms(100);
0x059E	0x0E82      	MOVLW       130
0x05A0	0x6E0C      	MOVWF       R12, 0
0x05A2	0x0EDD      	MOVLW       221
0x05A4	0x6E0D      	MOVWF       R13, 0
L_main0:
0x05A6	0x2E0D      	DECFSZ      R13, 1, 0
0x05A8	0xD7FE      	BRA         L_main0
0x05AA	0x2E0C      	DECFSZ      R12, 1, 0
0x05AC	0xD7FC      	BRA         L_main0
0x05AE	0x0000      	NOP
0x05B0	0x0000      	NOP
;I2CEEPROMExternaPWM.c,60 :: 		PWM1_Init(1000);
0x05B2	0x80CA      	BSF         T2CON, 0, 0
0x05B4	0x92CA      	BCF         T2CON, 1, 0
0x05B6	0x0EF9      	MOVLW       249
0x05B8	0x6ECB      	MOVWF       PR2, 0
0x05BA	0xDE80      	RCALL       _PWM1_Init
;I2CEEPROMExternaPWM.c,61 :: 		PWM1_Set_Duty(128);
0x05BC	0x0E80      	MOVLW       128
0x05BE	0x6E22      	MOVWF       FARG_PWM1_Set_Duty_new_duty 
0x05C0	0xDE81      	RCALL       _PWM1_Set_Duty
;I2CEEPROMExternaPWM.c,62 :: 		PWM1_Start();
0x05C2	0xDE77      	RCALL       _PWM1_Start
;I2CEEPROMExternaPWM.c,65 :: 		lcd_init();
0x05C4	0xDF77      	RCALL       _Lcd_Init
;I2CEEPROMExternaPWM.c,66 :: 		lcd_cmd(_LCD_CLEAR);
0x05C6	0x0E01      	MOVLW       1
0x05C8	0x6E33      	MOVWF       FARG_Lcd_Cmd_out_char 
0x05CA	0xDD61      	RCALL       _Lcd_Cmd
;I2CEEPROMExternaPWM.c,67 :: 		lcd_CMD(_LCD_CURSOR_OFF);
0x05CC	0x0E0C      	MOVLW       12
0x05CE	0x6E33      	MOVWF       FARG_Lcd_Cmd_out_char 
0x05D0	0xDD5E      	RCALL       _Lcd_Cmd
;I2CEEPROMExternaPWM.c,69 :: 		if(!enter){
0x05D2	0xBE81      	BTFSC       RB7_bit, 7 
0x05D4	0xD00B      	BRA         L_main1
;I2CEEPROMExternaPWM.c,71 :: 		leitura_EEPROM();
0x05D6	0xDFB9      	RCALL       _leitura_EEPROM
;I2CEEPROMExternaPWM.c,72 :: 		delay_ms(100);
0x05D8	0x0E82      	MOVLW       130
0x05DA	0x6E0C      	MOVWF       R12, 0
0x05DC	0x0EDD      	MOVLW       221
0x05DE	0x6E0D      	MOVWF       R13, 0
L_main2:
0x05E0	0x2E0D      	DECFSZ      R13, 1, 0
0x05E2	0xD7FE      	BRA         L_main2
0x05E4	0x2E0C      	DECFSZ      R12, 1, 0
0x05E6	0xD7FC      	BRA         L_main2
0x05E8	0x0000      	NOP
0x05EA	0x0000      	NOP
;I2CEEPROMExternaPWM.c,74 :: 		} // end if enter
L_main1:
;I2CEEPROMExternaPWM.c,77 :: 		while(1){
L_main3:
;I2CEEPROMExternaPWM.c,79 :: 		if(!mais) flagMais = 0x01;
0x05EC	0xBC81      	BTFSC       RB6_bit, 6 
0x05EE	0xD002      	BRA         L_main5
0x05F0	0x0E01      	MOVLW       1
0x05F2	0x6E16      	MOVWF       _flagMais 
L_main5:
;I2CEEPROMExternaPWM.c,80 :: 		if(!menos) flagMenos = 0x01;
0x05F4	0xBA81      	BTFSC       RB5_bit, 5 
0x05F6	0xD002      	BRA         L_main6
0x05F8	0x0E01      	MOVLW       1
0x05FA	0x6E17      	MOVWF       _flagMenos 
L_main6:
;I2CEEPROMExternaPWM.c,81 :: 		if(!enter) flagEnter = 0x01;
0x05FC	0xBE81      	BTFSC       RB7_bit, 7 
0x05FE	0xD002      	BRA         L_main7
0x0600	0x0E01      	MOVLW       1
0x0602	0x6E15      	MOVWF       _flagEnter 
L_main7:
;I2CEEPROMExternaPWM.c,83 :: 		if(mais && flagMais){
0x0604	0xAC81      	BTFSS       RB6_bit, 6 
0x0606	0xD004      	BRA         L_main10
0x0608	0x5216      	MOVF        _flagMais, 1 
0x060A	0xE002      	BZ          L_main10
L__main21:
;I2CEEPROMExternaPWM.c,85 :: 		flagMais = 0x00;
0x060C	0x6A16      	CLRF        _flagMais 
;I2CEEPROMExternaPWM.c,86 :: 		cont++;
0x060E	0x2A18      	INCF        _cont, 1 
;I2CEEPROMExternaPWM.c,88 :: 		} // end if mais && flagMais
L_main10:
;I2CEEPROMExternaPWM.c,90 :: 		if(menos && flagMenos){
0x0610	0xAA81      	BTFSS       RB5_bit, 5 
0x0612	0xD004      	BRA         L_main13
0x0614	0x5217      	MOVF        _flagMenos, 1 
0x0616	0xE002      	BZ          L_main13
L__main20:
;I2CEEPROMExternaPWM.c,92 :: 		flagMenos = 0x00;
0x0618	0x6A17      	CLRF        _flagMenos 
;I2CEEPROMExternaPWM.c,93 :: 		cont--;
0x061A	0x0618      	DECF        _cont, 1 
;I2CEEPROMExternaPWM.c,95 :: 		} // end if mais && flagMais
L_main13:
;I2CEEPROMExternaPWM.c,97 :: 		if(enter && flagEnter){
0x061C	0xAE81      	BTFSS       RB7_bit, 7 
0x061E	0xD010      	BRA         L_main16
0x0620	0x5215      	MOVF        _flagEnter, 1 
0x0622	0xE00E      	BZ          L_main16
L__main19:
;I2CEEPROMExternaPWM.c,99 :: 		flagEnter = 0x00;
0x0624	0x6A15      	CLRF        _flagEnter 
;I2CEEPROMExternaPWM.c,100 :: 		escrita_EEPROM(cont);
0x0626	0xF022C018  	MOVFF       _cont, FARG_escrita_EEPROM_info
0x062A	0xDEEE      	RCALL       _escrita_EEPROM
;I2CEEPROMExternaPWM.c,101 :: 		delay_ms(100);
0x062C	0x0E82      	MOVLW       130
0x062E	0x6E0C      	MOVWF       R12, 0
0x0630	0x0EDD      	MOVLW       221
0x0632	0x6E0D      	MOVWF       R13, 0
L_main17:
0x0634	0x2E0D      	DECFSZ      R13, 1, 0
0x0636	0xD7FE      	BRA         L_main17
0x0638	0x2E0C      	DECFSZ      R12, 1, 0
0x063A	0xD7FC      	BRA         L_main17
0x063C	0x0000      	NOP
0x063E	0x0000      	NOP
;I2CEEPROMExternaPWM.c,103 :: 		} // end if mais && flagMais
L_main16:
;I2CEEPROMExternaPWM.c,105 :: 		PWM1_Set_Duty(cont);
0x0640	0xF022C018  	MOVFF       _cont, FARG_PWM1_Set_Duty_new_duty
0x0644	0xDE3F      	RCALL       _PWM1_Set_Duty
;I2CEEPROMExternaPWM.c,106 :: 		IntToSTR(cont, txt);
0x0646	0xF022C018  	MOVFF       _cont, FARG_IntToStr_input
0x064A	0x0E00      	MOVLW       0
0x064C	0x6E23      	MOVWF       FARG_IntToStr_input+1 
0x064E	0x0E1A      	MOVLW       _txt
0x0650	0x6E24      	MOVWF       FARG_IntToStr_output 
0x0652	0x0E00      	MOVLW       hi_addr(_txt)
0x0654	0x6E25      	MOVWF       FARG_IntToStr_output+1 
0x0656	0xDE6C      	RCALL       _IntToStr
;I2CEEPROMExternaPWM.c,107 :: 		lcd_out(1, 5, txt);
0x0658	0x0E01      	MOVLW       1
0x065A	0x6E22      	MOVWF       FARG_Lcd_Out_row 
0x065C	0x0E05      	MOVLW       5
0x065E	0x6E23      	MOVWF       FARG_Lcd_Out_column 
0x0660	0x0E1A      	MOVLW       _txt
0x0662	0x6E24      	MOVWF       FARG_Lcd_Out_text 
0x0664	0x0E00      	MOVLW       hi_addr(_txt)
0x0666	0x6E25      	MOVWF       FARG_Lcd_Out_text+1 
0x0668	0xDEE8      	RCALL       _Lcd_Out
;I2CEEPROMExternaPWM.c,109 :: 		} // end loop infinito
0x066A	0xD7C0      	BRA         L_main3
;I2CEEPROMExternaPWM.c,111 :: 		} // end void main
0x066C	0xD7FF      	BRA         $+0
; end of _main
Symbol List:
//** Routines locations **
//ADDRESS    SIZE    PROCEDURE
//----------------------------------------------
0x001C       [4]    _Delay_1us
0x0020      [18]    _Delay_5500us
0x0032      [12]    _Delay_50us
0x003E      [54]    _Div_16x16_U
0x0074      [26]    _I2C1_Is_Idle
0x008E     [124]    _Lcd_Cmd
0x010A      [12]    _Lcd_Chr_CP
0x0116      [60]    _I2C1_Start
0x0152      [10]    _I2C1_Repeated_Start
0x015C     [144]    _WordToStr
0x01EC       [4]    _I2C1_Stop
0x01F0      [22]    _I2C1_Init
0x0206      [42]    _I2C1_Rd
0x0230      [34]    _I2C1_Wr
0x0252      [80]    _Mul_16x16_U
0x02A2      [16]    ___CC2DW
0x02B2      [10]    _PWM1_Start
0x02BC       [8]    _PWM1_Init
0x02C4     [108]    _PWM1_Set_Duty
0x0330     [216]    _IntToStr
0x0408      [50]    _escrita_EEPROM
0x043A     [122]    _Lcd_Out
0x04B4     [150]    _Lcd_Init
0x054A      [38]    _leitura_EEPROM
0x0570     [254]    _main
//** Variables locations ** 
//ADDRESS    SIZE    VARIABLE
//----------------------------------------------
0x0000       [1]    __Lib_SoftI2C_PutZerosToLATScl_temp_scl_L0
0x0000       [1]    __Lib_SoftI2C_PutZerosToLATSda_temp_sda_L0
0x0000       [1]    EEPROM_Write_SaveINTCON_L0
0x0000       [1]    R0
0x0000       [1]    UART1_Init_tmp_L0
0x0000       [1]    SPI1_Write_tmp_L0
0x0000       [1]    FLASH_Erase_64_SaveINTCON_L0
0x0001       [1]    I2C1_Rd_tmp_L0
0x0001       [1]    R1
0x0001       [1]    FLASH_Write_32_i_L0
0x0001       [1]    UART1_Read___tmp_UART1_Read_L0
0x0001       [2]    FLASH_Read_N_Bytes_i_L0
0x0001       [1]    ispunct_rslt_L0
0x0001       [1]    __Lib_PS2_Wait_Falling_nsample_L0
0x0001       [1]    FLASH_Erase_Write_64_i_L0
0x0002       [2]    memcpy_dd_L0
0x0002       [2]    strlen_cp_L0
0x0002       [1]    FLASH_Write_32_SaveINTCON_L0
0x0002       [2]    memchr_s_L0
0x0002       [1]    FLASH_Erase_Write_64_j_L0
0x0002       [1]    R2
0x0002       [2]    memset_pp_L0
0x0003       [1]    R3
0x0003       [2]    memmove_tt_L0
0x0003       [1]    FLASH_Erase_Write_64_SaveINTCON_L0
0x0003       [2]    Ltrim_original_L0
0x0004       [2]    strncpy_cp_L0
0x0004       [2]    strncat_cp_L0
0x0004       [2]    frexp_pom_L0
0x0004       [2]    strcat_cp_L0
0x0004       [1]    R4
0x0004       [2]    memcpy_ss_L0
0x0004       [2]    strcpy_cp_L0
0x0005       [2]    Ltrim_p_L0
0x0005       [2]    memmove_ff_L0
0x0005       [2]    LongIntToHex_input_half_L0
0x0005       [2]    LongWordToHex_input_half_L0
0x0005       [1]    R5
0x0006       [1]    R6
0x0007       [1]    R7
0x0008       [1]    R8
0x0009       [1]    R9
0x000A       [1]    R10
0x000B       [1]    R11
0x000C       [1]    R12
0x000D       [1]    R13
0x000E       [1]    R14
0x000F       [1]    R15
0x0010       [1]    R16
0x0011       [1]    R17
0x0012       [1]    R18
0x0013       [1]    R19
0x0014       [1]    R20
0x0015       [1]    _flagEnter
0x0016       [1]    _flagMais
0x0017       [1]    _flagMenos
0x0018       [1]    _cont
0x0019       [1]    _memoria
0x001A       [7]    _txt
0x0021       [0]    __Lib_Lcd_cmd_status
0x0022       [1]    FARG_escrita_EEPROM_info
0x0022       [1]    FARG_Lcd_Out_row
0x0022       [4]    FARG_PWM1_Init_PWM_Freq
0x0022       [1]    FARG_PWM1_Set_Duty_new_duty
0x0022       [2]    FARG_IntToStr_input
0x0023       [1]    FARG_Lcd_Out_column
0x0024       [2]    FARG_Lcd_Out_text
0x0024       [2]    FARG_IntToStr_output
0x0026       [2]    IntToStr_i_L0
0x0026       [1]    Lcd_Out_i_L0
0x0028       [2]    IntToStr_negative_L0
0x002A       [2]    IntToStr_inword_L0
0x002C       [1]    FARG_Lcd_Chr_CP_out_char
0x002C       [2]    FARG_WordToStr_input
0x002C       [2]    I2C1_Start_j_L0
0x002C       [1]    FARG_I2C1_Rd_ack
0x002C       [1]    FARG_I2C1_Wr_data_
0x002C       [4]    FARG_I2C1_Init_clock
0x002E       [2]    FARG_WordToStr_output
0x0030       [1]    WordToStr_len_L0
0x0031       [2]    FLOC__WordToStr
0x0033       [1]    FARG_Lcd_Cmd_out_char
0x0F80       [0]    CLKO_bit
0x0F80       [0]    SS_bit
0x0F80       [0]    VREFN_bit
0x0F80       [0]    VREFP_bit
0x0F80       [0]    NOT_SS_bit
0x0F80       [0]    LVDIN_bit
0x0F80       [0]    CLKI_bit
0x0F80       [0]    CVREF_bit
0x0F80       [0]    AN2_bit
0x0F80       [0]    AN3_bit
0x0F80       [0]    AN0_bit
0x0F80       [0]    AN1_bit
0x0F80       [0]    OSC2_bit
0x0F80       [0]    OSC1_bit
0x0F80       [0]    T0CKI_bit
0x0F80       [0]    AN4_bit
0x0F80       [0]    RA7_bit
0x0F80       [0]    RA1_bit
0x0F80       [0]    RA2_bit
0x0F80       [1]    PORTA
0x0F80       [0]    RA0_bit
0x0F80       [0]    RA5_bit
0x0F80       [0]    RA6_bit
0x0F80       [0]    RA3_bit
0x0F80       [0]    RA4_bit
0x0F81       [0]    RB6_bit
0x0F81       [0]    RB3_bit
0x0F81       [0]    RB4_bit
0x0F81       [0]    RB5_bit
0x0F81       [0]    RB0_bit
0x0F81       [0]    RB7_bit
0x0F81       [0]    RB2_bit
0x0F81       [0]    RB1_bit
0x0F81       [0]    AN8_bit
0x0F81       [0]    AN9_bit
0x0F81       [0]    AN12_bit
0x0F81       [0]    AN10_bit
0x0F81       [0]    PGC_bit
0x0F81       [0]    PGD_bit
0x0F81       [0]    AN11_bit
0x0F81       [0]    PGM_bit
0x0F81       [0]    INT2_bit
0x0F81       [0]    CCP2_PORTB_bit
0x0F81       [0]    INT0_bit
0x0F81       [0]    INT1_bit
0x0F81       [0]    KBI2_bit
0x0F81       [0]    KBI3_bit
0x0F81       [0]    KBI0_bit
0x0F81       [0]    KBI1_bit
0x0F81       [1]    PORTB
0x0F82       [0]    SDA_bit
0x0F82       [0]    RC7_bit
0x0F82       [0]    RC6_bit
0x0F82       [0]    T13CKI_bit
0x0F82       [0]    RX__bit
0x0F82       [0]    SCL_bit
0x0F82       [0]    CCP2_PORTC_bit
0x0F82       [0]    RC2_bit
0x0F82       [0]    RC3_bit
0x0F82       [0]    RC0_bit
0x0F82       [0]    RC1_bit
0x0F82       [0]    CK_bit
0x0F82       [0]    T1CKI_bit
0x0F82       [0]    RC4_bit
0x0F82       [0]    RC5_bit
0x0F82       [0]    T1OSI_bit
0x0F82       [0]    CCP1_bit
0x0F82       [1]    PORTC
0x0F82       [0]    T1OSO_bit
0x0F82       [0]    SDO_bit
0x0F82       [0]    TX_bit
0x0F82       [0]    SCK_bit
0x0F82       [0]    SDI_bit
0x0F83       [0]    LCD_EN
0x0F83       [0]    LCD_D4
0x0F83       [0]    RD7_bit
0x0F83       [0]    LCD_RS
0x0F83       [0]    LCD_D7
0x0F83       [1]    PORTD
0x0F83       [0]    LCD_D5
0x0F83       [0]    LCD_D6
0x0F83       [0]    PSP4_bit
0x0F83       [0]    PSP5_bit
0x0F83       [0]    PSP2_bit
0x0F83       [0]    PSP3_bit
0x0F83       [0]    PSP6_bit
0x0F83       [0]    P1C_bit
0x0F83       [0]    P1D_bit
0x0F83       [0]    PSP7_bit
0x0F83       [0]    P1B_bit
0x0F83       [0]    RD4_bit
0x0F83       [0]    RD3_bit
0x0F83       [0]    RD6_bit
0x0F83       [0]    RD5_bit
0x0F83       [0]    RD2_bit
0x0F83       [0]    PSP0_bit
0x0F83       [0]    PSP1_bit
0x0F83       [0]    RD1_bit
0x0F83       [0]    RD0_bit
0x0F84       [0]    VPP_bit
0x0F84       [0]    NOT_MCLR_bit
0x0F84       [0]    NOT_CS_bit
0x0F84       [0]    AN7_bit
0x0F84       [0]    AN6_bit
0x0F84       [0]    AN5_bit
0x0F84       [1]    PORTE
0x0F84       [0]    CS_bit
0x0F84       [0]    WR_bit
0x0F84       [0]    RD_bit
0x0F84       [0]    NOT_WR_bit
0x0F84       [0]    NOT_RD_bit
0x0F84       [0]    MCLR_bit
0x0F84       [0]    RE2_bit
0x0F84       [0]    RE1_bit
0x0F84       [0]    RE0_bit
0x0F84       [0]    RE3_bit
0x0F89       [0]    LATA4_bit
0x0F89       [0]    LATA3_bit
0x0F89       [0]    LATA5_bit
0x0F89       [0]    LATA6_bit
0x0F89       [0]    LATA7_bit
0x0F89       [0]    LATA0_bit
0x0F89       [1]    LATA
0x0F89       [0]    LATA2_bit
0x0F89       [0]    LATA1_bit
0x0F8A       [0]    LATB2_bit
0x0F8A       [0]    LATB3_bit
0x0F8A       [0]    LATB4_bit
0x0F8A       [1]    LATB
0x0F8A       [0]    LATB0_bit
0x0F8A       [0]    LATB1_bit
0x0F8A       [0]    LATB7_bit
0x0F8A       [0]    LATB6_bit
0x0F8A       [0]    LATB5_bit
0x0F8B       [0]    LATC6_bit
0x0F8B       [0]    LATC5_bit
0x0F8B       [1]    LATC
0x0F8B       [0]    LATC7_bit
0x0F8B       [0]    LATC4_bit
0x0F8B       [0]    LATC1_bit
0x0F8B       [0]    LATC0_bit
0x0F8B       [0]    LATC3_bit
0x0F8B       [0]    LATC2_bit
0x0F8C       [0]    LATD5_bit
0x0F8C       [0]    LATD6_bit
0x0F8C       [0]    LATD7_bit
0x0F8C       [0]    LATD4_bit
0x0F8C       [0]    LATD1_bit
0x0F8C       [0]    LATD0_bit
0x0F8C       [0]    LATD3_bit
0x0F8C       [0]    LATD2_bit
0x0F8C       [1]    LATD
0x0F8D       [0]    LATE2_bit
0x0F8D       [1]    LATE
0x0F8D       [0]    LATE1_bit
0x0F8D       [0]    LATE0_bit
0x0F92       [0]    TRISA5_bit
0x0F92       [0]    TRISA4_bit
0x0F92       [0]    TRISA7_bit
0x0F92       [0]    TRISA6_bit
0x0F92       [0]    TRISA3_bit
0x0F92       [0]    TRISA1_bit
0x0F92       [0]    TRISA0_bit
0x0F92       [0]    TRISA2_bit
0x0F92       [1]    TRISA
0x0F93       [0]    TRISB5_bit
0x0F93       [0]    TRISB6_bit
0x0F93       [0]    TRISB7_bit
0x0F93       [0]    TRISB4_bit
0x0F93       [0]    TRISB0_bit
0x0F93       [1]    TRISB
0x0F93       [0]    TRISB1_bit
0x0F93       [0]    TRISB3_bit
0x0F93       [0]    TRISB2_bit
0x0F94       [0]    TRISC3_bit
0x0F94       [1]    TRISC
0x0F94       [0]    TRISC4_bit
0x0F94       [0]    TRISC7_bit
0x0F94       [0]    TRISC6_bit
0x0F94       [0]    TRISC5_bit
0x0F94       [0]    TRISC2_bit
0x0F94       [0]    TRISC1_bit
0x0F94       [0]    TRISC0_bit
0x0F95       [0]    LCD_RS_Direction
0x0F95       [0]    TRISD2_bit
0x0F95       [0]    TRISD3_bit
0x0F95       [0]    TRISD0_bit
0x0F95       [0]    LCD_D7_Direction
0x0F95       [1]    TRISD
0x0F95       [0]    TRISD1_bit
0x0F95       [0]    TRISD4_bit
0x0F95       [0]    LCD_D5_Direction
0x0F95       [0]    LCD_D4_Direction
0x0F95       [0]    LCD_EN_Direction
0x0F95       [0]    LCD_D6_Direction
0x0F95       [0]    TRISD5_bit
0x0F95       [0]    TRISD6_bit
0x0F95       [0]    TRISD7_bit
0x0F96       [0]    IBOV_bit
0x0F96       [0]    OBF_bit
0x0F96       [0]    TRISE0_bit
0x0F96       [0]    TRISE1_bit
0x0F96       [0]    IBF_bit
0x0F96       [0]    PSPMODE_TRISE_bit
0x0F96       [0]    TRISE2_bit
0x0F96       [0]    IBOV_TRISE_bit
0x0F96       [0]    PSPMODE_bit
0x0F96       [0]    OBF_TRISE_bit
0x0F96       [1]    TRISE
0x0F96       [0]    IBF_TRISE_bit
0x0F9B       [0]    TUN1_bit
0x0F9B       [0]    TUN0_bit
0x0F9B       [1]    OSCTUNE
0x0F9B       [0]    TUN2_bit
0x0F9B       [0]    TUN4_bit
0x0F9B       [0]    TUN3_bit
0x0F9B       [0]    PLLEN_bit
0x0F9B       [0]    INTSRC_bit
0x0F9D       [0]    TXIE_bit
0x0F9D       [0]    PSPIE_bit
0x0F9D       [0]    ADIE_bit
0x0F9D       [0]    RCIE_bit
0x0F9D       [0]    TMR2IE_bit
0x0F9D       [0]    TMR1IE_bit
0x0F9D       [0]    SSPIE_bit
0x0F9D       [0]    CCP1IE_bit
0x0F9D       [1]    PIE1
0x0F9E       [0]    SSPIF_bit
0x0F9E       [0]    RCIF_bit
0x0F9E       [0]    TXIF_bit
0x0F9E       [0]    CCP1IF_bit
0x0F9E       [0]    TMR1IF_bit
0x0F9E       [0]    TMR2IF_bit
0x0F9E       [1]    PIR1
0x0F9E       [0]    ADIF_bit
0x0F9E       [0]    PSPIF_bit
0x0F9F       [0]    RCIP_bit
0x0F9F       [0]    TXIP_bit
0x0F9F       [0]    PSPIP_bit
0x0F9F       [0]    ADIP_bit
0x0F9F       [0]    SSPIP_bit
0x0F9F       [0]    TMR2IP_bit
0x0F9F       [0]    TMR1IP_bit
0x0F9F       [1]    IPR1
0x0F9F       [0]    CCP1IP_bit
0x0FA0       [0]    CCP2IE_bit
0x0FA0       [0]    CMIE_bit
0x0FA0       [0]    EEIE_bit
0x0FA0       [0]    LVDIE_bit
0x0FA0       [0]    OSCFIE_bit
0x0FA0       [0]    HLVDIE_bit
0x0FA0       [0]    TMR3IE_bit
0x0FA0       [1]    PIE2
0x0FA0       [0]    BCLIE_bit
0x0FA1       [0]    CMIF_bit
0x0FA1       [0]    EEIF_bit
0x0FA1       [0]    LVDIF_bit
0x0FA1       [0]    OSCFIF_bit
0x0FA1       [0]    TMR3IF_bit
0x0FA1       [0]    CCP2IF_bit
0x0FA1       [0]    BCLIF_bit
0x0FA1       [0]    HLVDIF_bit
0x0FA1       [1]    PIR2
0x0FA2       [0]    EEIP_bit
0x0FA2       [0]    OSCFIP_bit
0x0FA2       [0]    CMIP_bit
0x0FA2       [0]    TMR3IP_bit
0x0FA2       [0]    HLVDIP_bit
0x0FA2       [0]    BCLIP_bit
0x0FA2       [0]    CCP2IP_bit
0x0FA2       [0]    LVDIP_bit
0x0FA2       [1]    IPR2
0x0FA6       [0]    WREN_bit
0x0FA6       [0]    WR_EECON1_bit
0x0FA6       [0]    FREE_bit
0x0FA6       [0]    WRERR_bit
0x0FA6       [0]    RD_EECON1_bit
0x0FA6       [0]    EEPGD_bit
0x0FA6       [0]    CFGS_bit
0x0FA6       [1]    EECON1
0x0FA7       [1]    EECON2
0x0FA8       [1]    EEDATA
0x0FA9       [1]    EEADR
0x0FAB       [0]    RX9_bit
0x0FAB       [0]    SREN_bit
0x0FAB       [0]    ADDEN_bit
0x0FAB       [0]    SPEN_bit
0x0FAB       [0]    CREN_bit
0x0FAB       [0]    OERR_bit
0x0FAB       [0]    RX9D_bit
0x0FAB       [0]    ADEN_bit
0x0FAB       [0]    FERR_bit
0x0FAB       [1]    RCSTA
0x0FAC       [0]    BRGH_bit
0x0FAC       [0]    TRMT_bit
0x0FAC       [0]    TX9D_bit
0x0FAC       [0]    SENDB_bit
0x0FAC       [0]    TX9_bit
0x0FAC       [0]    CSRC_bit
0x0FAC       [0]    SYNC_bit
0x0FAC       [0]    TXEN_bit
0x0FAC       [1]    TXSTA
0x0FAD       [1]    TXREG
0x0FAE       [1]    RCREG
0x0FAF       [1]    SPBRG
0x0FB0       [1]    SPBRGH
0x0FB1       [0]    NOT_T3SYNC_bit
0x0FB1       [0]    T3CCP1_bit
0x0FB1       [0]    T3SYNC_bit
0x0FB1       [0]    RD16_bit
0x0FB1       [0]    T3CKPS0_bit
0x0FB1       [0]    T3CKPS1_bit
0x0FB1       [0]    T3CCP2_bit
0x0FB1       [1]    T3CON
0x0FB1       [0]    TMR3ON_bit
0x0FB1       [0]    TMR3CS_bit
0x0FB2       [1]    TMR3L
0x0FB3       [1]    TMR3H
0x0FB4       [0]    CIS_bit
0x0FB4       [0]    C1INV_bit
0x0FB4       [0]    CM2_bit
0x0FB4       [0]    CM0_bit
0x0FB4       [0]    CM1_bit
0x0FB4       [0]    C2OUT_bit
0x0FB4       [1]    CMCON
0x0FB4       [0]    C2INV_bit
0x0FB4       [0]    C1OUT_bit
0x0FB5       [1]    CVRCON
0x0FB5       [0]    CVRR_bit
0x0FB5       [0]    CVRSS_bit
0x0FB5       [0]    CVREN_bit
0x0FB5       [0]    CVROE_bit
0x0FB5       [0]    CVR1_bit
0x0FB5       [0]    CVR0_bit
0x0FB5       [0]    CVR3_bit
0x0FB5       [0]    CVR2_bit
0x0FB6       [0]    ECCPAS2_bit
0x0FB6       [0]    ECCPAS1_bit
0x0FB6       [1]    ECCP1AS
0x0FB6       [0]    ECCPASE_bit
0x0FB6       [0]    ECCPAS0_bit
0x0FB6       [0]    PSSBD1_bit
0x0FB6       [0]    PSSBD0_bit
0x0FB6       [0]    PSSAC1_bit
0x0FB6       [0]    PSSAC0_bit
0x0FB7       [0]    PDC6_bit
0x0FB7       [0]    PDC5_bit
0x0FB7       [1]    PWM1CON
0x0FB7       [0]    PRSEN_bit
0x0FB7       [0]    PDC0_bit
0x0FB7       [0]    PDC1_bit
0x0FB7       [0]    PDC2_bit
0x0FB7       [0]    PDC4_bit
0x0FB7       [0]    PDC3_bit
0x0FB8       [0]    RXDTP_bit
0x0FB8       [0]    RCMT_bit
0x0FB8       [1]    BAUDCTL
0x0FB8       [1]    BAUDCON
0x0FB8       [0]    TXCKP_bit
0x0FB8       [0]    BRG16_bit
0x0FB8       [0]    WUE_bit
0x0FB8       [0]    ABDEN_bit
0x0FB8       [0]    ABDOVF_bit
0x0FB8       [0]    RCIDL_bit
0x0FB8       [0]    SCKP_bit
0x0FBA       [0]    CCP2X_bit
0x0FBA       [1]    CCP2CON
0x0FBA       [0]    CCP2Y_bit
0x0FBA       [0]    CCP2M2_bit
0x0FBA       [0]    CCP2M3_bit
0x0FBA       [0]    CCP2M0_bit
0x0FBA       [0]    CCP2M1_bit
0x0FBA       [0]    DC2B0_bit
0x0FBA       [0]    DC2B1_bit
0x0FBB       [1]    CCPR2L
0x0FBB       [2]    CCPR2
0x0FBC       [1]    CCPR2H
0x0FBD       [1]    CCP1CON
0x0FBD       [0]    CCP1X_bit
0x0FBD       [0]    CCP1M2_bit
0x0FBD       [0]    CCP1M3_bit
0x0FBD       [0]    CCP1M0_bit
0x0FBD       [0]    CCP1M1_bit
0x0FBD       [0]    DC1B0_bit
0x0FBD       [0]    P1M1_bit
0x0FBD       [0]    P1M0_bit
0x0FBD       [0]    CCP1Y_bit
0x0FBD       [0]    DC1B1_bit
0x0FBE       [2]    CCPR1
0x0FBE       [1]    CCPR1L
0x0FBF       [1]    CCPR1H
0x0FC0       [1]    ADCON2
0x0FC0       [0]    ADCS2_bit
0x0FC0       [0]    ADCS1_bit
0x0FC0       [0]    ADCS0_bit
0x0FC0       [0]    ACQT0_bit
0x0FC0       [0]    ADFM_bit
0x0FC0       [0]    ACQT2_bit
0x0FC0       [0]    ACQT1_bit
0x0FC1       [0]    VCFG0_bit
0x0FC1       [0]    PCFG3_bit
0x0FC1       [1]    ADCON1
0x0FC1       [0]    VCFG1_bit
0x0FC1       [0]    PCFG0_bit
0x0FC1       [0]    PCFG1_bit
0x0FC1       [0]    PCFG2_bit
0x0FC2       [0]    CHS0_bit
0x0FC2       [0]    CHS1_bit
0x0FC2       [0]    GO_bit
0x0FC2       [1]    ADCON0
0x0FC2       [0]    ADON_bit
0x0FC2       [0]    CHS2_bit
0x0FC2       [0]    NOT_DONE_bit
0x0FC2       [0]    GO_DONE_bit
0x0FC2       [0]    CHS3_bit
0x0FC2       [0]    DONE_bit
0x0FC3       [1]    ADRESL
0x0FC3       [2]    ADRES
0x0FC4       [1]    ADRESH
0x0FC5       [1]    SSPCON2
0x0FC5       [0]    SEN_bit
0x0FC5       [0]    RSEN_bit
0x0FC5       [0]    ACKDT_bit
0x0FC5       [0]    ACKSTAT_bit
0x0FC5       [0]    GCEN_bit
0x0FC5       [0]    PEN_bit
0x0FC5       [0]    RCEN_bit
0x0FC5       [0]    ACKEN_bit
0x0FC6       [1]    SSPCON1
0x0FC6       [0]    SSPM2_bit
0x0FC6       [0]    SSPM3_bit
0x0FC6       [0]    SSPM0_bit
0x0FC6       [0]    SSPM1_bit
0x0FC6       [0]    CKP_bit
0x0FC6       [0]    WCOL_bit
0x0FC6       [0]    SSPOV_bit
0x0FC6       [0]    SSPEN_bit
0x0FC7       [1]    SSPSTAT
0x0FC7       [0]    P_bit
0x0FC7       [0]    D_bit
0x0FC7       [0]    CKE_bit
0x0FC7       [0]    S_bit
0x0FC7       [0]    BF_bit
0x0FC7       [0]    UA_bit
0x0FC7       [0]    R_bit
0x0FC7       [0]    NOT_WRITE_bit
0x0FC7       [0]    D_A_bit
0x0FC7       [0]    R_W_bit
0x0FC7       [0]    NOT_ADDRESS_bit
0x0FC7       [0]    SMP_bit
0x0FC7       [0]    NOT_W_bit
0x0FC7       [0]    NOT_A_bit
0x0FC8       [1]    SSPADD
0x0FC9       [1]    SSPBUF
0x0FCA       [0]    T2OUTPS0_bit
0x0FCA       [0]    TMR2ON_bit
0x0FCA       [0]    T2CKPS1_bit
0x0FCA       [0]    T2OUTPS3_bit
0x0FCA       [0]    T2OUTPS2_bit
0x0FCA       [0]    T2OUTPS1_bit
0x0FCA       [1]    T2CON
0x0FCA       [0]    T2CKPS0_bit
0x0FCB       [1]    PR2
0x0FCC       [1]    TMR2
0x0FCD       [0]    NOT_T1SYNC_bit
0x0FCD       [0]    T1CKPS0_bit
0x0FCD       [1]    T1CON
0x0FCD       [0]    T1CKPS1_bit
0x0FCD       [0]    T1RUN_bit
0x0FCD       [0]    RD16_T1CON_bit
0x0FCD       [0]    T1SYNC_bit
0x0FCD       [0]    TMR1CS_bit
0x0FCD       [0]    T1OSCEN_bit
0x0FCD       [0]    TMR1ON_bit
0x0FCE       [1]    TMR1L
0x0FCF       [1]    TMR1H
0x0FD0       [1]    RCON
0x0FD0       [0]    NOT_POR_bit
0x0FD0       [0]    NOT_BOR_bit
0x0FD0       [0]    RI_bit
0x0FD0       [0]    NOT_PD_bit
0x0FD0       [0]    NOT_TO_bit
0x0FD0       [0]    NOT_RI_bit
0x0FD0       [0]    IPEN_bit
0x0FD0       [0]    SBOREN_bit
0x0FD0       [0]    BOR_bit
0x0FD0       [0]    TO__bit
0x0FD0       [0]    PD_bit
0x0FD0       [0]    POR_bit
0x0FD1       [1]    WDTCON
0x0FD1       [0]    SWDTE_bit
0x0FD1       [0]    SWDTEN_bit
0x0FD2       [1]    LVDCON
0x0FD2       [1]    HLVDCON
0x0FD2       [0]    LVV0_bit
0x0FD2       [0]    IRVST_bit
0x0FD2       [0]    LVV2_bit
0x0FD2       [0]    LVV1_bit
0x0FD2       [0]    LVDEN_bit
0x0FD2       [0]    LVDL1_bit
0x0FD2       [0]    LVDL0_bit
0x0FD2       [0]    LVDL3_bit
0x0FD2       [0]    LVDL2_bit
0x0FD2       [0]    LVV3_bit
0x0FD2       [0]    HLVDEN_bit
0x0FD2       [0]    HLVDL3_bit
0x0FD2       [0]    IVRST_bit
0x0FD2       [0]    VDIRMAG_bit
0x0FD2       [0]    HLVDL0_bit
0x0FD2       [0]    BGST_bit
0x0FD2       [0]    HLVDL2_bit
0x0FD2       [0]    HLVDL1_bit
0x0FD3       [1]    OSCCON
0x0FD3       [0]    IRCF2_bit
0x0FD3       [0]    IRCF1_bit
0x0FD3       [0]    FLTS_bit
0x0FD3       [0]    IDLEN_bit
0x0FD3       [0]    IRCF0_bit
0x0FD3       [0]    SCS1_bit
0x0FD3       [0]    SCS0_bit
0x0FD3       [0]    OSTS_bit
0x0FD3       [0]    IOFS_bit
0x0FD5       [0]    T08BIT_bit
0x0FD5       [0]    T0CS_bit
0x0FD5       [1]    T0CON
0x0FD5       [0]    TMR0ON_bit
0x0FD5       [0]    T0SE_bit
0x0FD5       [0]    T0PS1_bit
0x0FD5       [0]    T0PS0_bit
0x0FD5       [0]    PSA_bit
0x0FD5       [0]    T0PS2_bit
0x0FD6       [1]    TMR0L
0x0FD7       [1]    TMR0H
0x0FD8       [0]    OV_bit
0x0FD8       [0]    N_bit
0x0FD8       [1]    STATUS
0x0FD8       [0]    C_bit
0x0FD8       [0]    DC_bit
0x0FD8       [0]    Z_bit
0x0FD9       [2]    FSR2
0x0FD9       [2]    FSR2PTR
0x0FD9       [1]    FSR2L
0x0FDA       [1]    FSR2H
0x0FDB       [1]    PLUSW2
0x0FDC       [1]    PREINC2
0x0FDD       [1]    POSTDEC2
0x0FDE       [1]    POSTINC2
0x0FDF       [1]    INDF2
0x0FE0       [1]    BSR
0x0FE1       [2]    FSR1
0x0FE1       [2]    FSR1PTR
0x0FE1       [1]    FSR1L
0x0FE2       [1]    FSR1H
0x0FE3       [1]    PLUSW1
0x0FE4       [1]    PREINC1
0x0FE5       [1]    POSTDEC1
0x0FE6       [1]    POSTINC1
0x0FE7       [1]    INDF1
0x0FE8       [1]    WREG
0x0FE9       [2]    FSR0
0x0FE9       [2]    FSR0PTR
0x0FE9       [1]    FSR0L
0x0FEA       [1]    FSR0H
0x0FEB       [1]    PLUSW0
0x0FEC       [1]    PREINC0
0x0FED       [1]    POSTDEC0
0x0FEE       [1]    POSTINC0
0x0FEF       [1]    INDF0
0x0FF0       [1]    INTCON3
0x0FF0       [0]    INT2E_bit
0x0FF0       [0]    INT1P_bit
0x0FF0       [0]    INT1E_bit
0x0FF0       [0]    INT2F_bit
0x0FF0       [0]    INT1F_bit
0x0FF0       [0]    INT2P_bit
0x0FF0       [0]    INT2IE_bit
0x0FF0       [0]    INT1IE_bit
0x0FF0       [0]    INT2IP_bit
0x0FF0       [0]    INT1IP_bit
0x0FF0       [0]    INT1IF_bit
0x0FF0       [0]    INT2IF_bit
0x0FF1       [0]    RBIP_bit
0x0FF1       [0]    TMR0IP_bit
0x0FF1       [0]    NOT_RBPU_bit
0x0FF1       [1]    INTCON2
0x0FF1       [0]    INTEDG1_bit
0x0FF1       [0]    INTEDG2_bit
0x0FF1       [0]    RBPU_bit
0x0FF1       [0]    INTEDG0_bit
0x0FF2       [0]    GIEH_bit
0x0FF2       [0]    RBIF_bit
0x0FF2       [0]    INT0F_bit
0x0FF2       [1]    INTCON
0x0FF2       [0]    RBIE_bit
0x0FF2       [0]    TMR0IF_bit
0x0FF2       [0]    GIE_bit
0x0FF2       [0]    INT0E_bit
0x0FF2       [0]    TMR0IE_bit
0x0FF2       [0]    PEIE_bit
0x0FF2       [0]    INT0IF_bit
0x0FF2       [0]    T0IE_bit
0x0FF2       [0]    GIEL_bit
0x0FF2       [0]    T0IF_bit
0x0FF2       [0]    INT0IE_bit
0x0FF3       [1]    PRODL
0x0FF3       [2]    PROD
0x0FF4       [1]    PRODH
0x0FF5       [1]    TABLAT
0x0FF6       [3]    TBLPTR
0x0FF6       [1]    TBLPTRL
0x0FF7       [1]    TBLPTRH
0x0FF8       [1]    TBLPTRU
0x0FF8       [0]    TBLPTRU1_bit
0x0FF8       [0]    TBLPTRU0_bit
0x0FF8       [0]    TBLPTRU2_bit
0x0FF8       [0]    ACSS_bit
0x0FF8       [0]    TBLPTRU4_bit
0x0FF8       [0]    TBLPTRU3_bit
0x0FF9       [1]    PCL
0x0FF9       [1]    PC
0x0FFA       [1]    PCLATH
0x0FFB       [0]    PCU3_bit
0x0FFB       [0]    PCU2_bit
0x0FFB       [0]    PCU1_bit
0x0FFB       [0]    PCU0_bit
0x0FFB       [1]    PCLATU
0x0FFB       [0]    PCU4_bit
0x0FFC       [0]    STKOVF_bit
0x0FFC       [0]    SP0_bit
0x0FFC       [1]    STKPTR
0x0FFC       [0]    SP2_bit
0x0FFC       [0]    SP1_bit
0x0FFC       [0]    STKUNF_bit
0x0FFC       [0]    STKFUL_bit
0x0FFC       [0]    SP4_bit
0x0FFC       [0]    SP3_bit
0x0FFD       [1]    TOSL
0x0FFE       [1]    TOSH
0x0FFF       [1]    TOSU
//** Label List: ** 
//----------------------------------------------
  L_main0
  L_main1
  L_main2
  L_main3
  L_main4
  L_main5
  L_main6
  L_main7
  L_main8
  L_main9
  L_main10
  L_main11
  L_main12
  L_main13
  L_main14
  L_main15
  L_main16
  L_main17
  L_escrita_EEPROM18
  L__main19
  L__main20
  L__main21
  _main
  _leitura_EEPROM
  _escrita_EEPROM
  L_ByteToStr0
  L_ByteToStr1
  L_ByteToStr2
  L_ByteToStr3
  L_ByteToStr4
  L_ByteToStr5
  L_WordToStr6
  L_WordToStr7
  L_WordToStr8
  L_WordToStr9
  L_WordToStr10
  L_WordToStr11
  L_WordToStrWithZeros12
  L_WordToStrWithZeros13
  L_WordToStrWithZeros14
  L_WordToStrWithZeros15
  L_WordToStrWithZeros16
  L_ShortToStr17
  L_ShortToStr18
  L_ShortToStr19
  L_ShortToStr20
  L_ShortToStr21
  L_ShortToStr22
  L_IntToStr23
  L_IntToStr24
  L_IntToStr25
  L_IntToStr26
  L_IntToStr27
  L_IntToStr28
  L_IntToStrWithZeros29
  L_IntToStrWithZeros30
  L_IntToStrWithZeros31
  L_IntToStrWithZeros32
  L_IntToStrWithZeros33
  L_IntToStrWithZeros34
  L_IntToStrWithZeros35
  L_IntToStrWithZeros36
  L_LongWordToStr37
  L_LongWordToStr38
  L_LongWordToStr39
  L_LongWordToStr40
  L_LongWordToStr41
  L_LongWordToStr42
  L_LongWordToStrWithZeros43
  L_LongWordToStrWithZeros44
  L_LongWordToStrWithZeros45
  L_LongWordToStrWithZeros46
  L_LongWordToStrWithZeros47
  L_LongToStr48
  L_LongToStr49
  L_LongToStr50
  L_LongToStr51
  L_LongToStr52
  L_LongToStr53
  L_LongIntToStrWithZeros54
  L_LongIntToStrWithZeros55
  L_LongIntToStrWithZeros56
  L_LongIntToStrWithZeros57
  L_LongIntToStrWithZeros58
  L_LongIntToStrWithZeros59
  L_LongIntToStrWithZeros60
  L_LongIntToStrWithZeros61
  L_Dec2Bcd62
  L_Dec2Bcd63
  L_Rtrim64
  L_Rtrim65
  L_Ltrim66
  L_Ltrim67
  L_Ltrim68
  L_Ltrim69
  L_Ltrim70
  L_Ltrim71
  L_FloatToStr72
  L_FloatToStr73
  L_FloatToStr74
  L_FloatToStr75
  L_FloatToStr76
  L_FloatToStr77
  L_FloatToStr78
  L_FloatToStr79
  L_FloatToStr80
  L_FloatToStr81
  L_FloatToStr82
  L_FloatToStr83
  L_FloatToStr84
  L_FloatToStr85
  L_FloatToStr86
  L_FloatToStr87
  L_FloatToStr88
  L_FloatToStr89
  L_FloatToStr90
  L_FloatToStr91
  L_FloatToStr92
  L_FloatToStr93
  L__Ltrim94
  L__FloatToStr95
  _ByteToHex
  _ShortToHex
  _WordToHex
  _IntToHex
  _LongWordToHex
  _LongIntToHex
  _ByteToStr
  _WordToStr
  L__WordToStr96
  _WordToStrWithZeros
  L__WordToStrWithZeros97
  _ShortToStr
  L__ShortToStr98
  _IntToStr
  L__IntToStr99
  L__IntToStr100
  _IntToStrWithZeros
  L__IntToStrWithZeros101
  L__IntToStrWithZeros102
  L__IntToStrWithZeros103
  _LongWordToStr
  L__LongWordToStr104
  L__LongWordToStr105
  _LongWordToStrWithZeros
  L__LongWordToStrWithZeros106
  _LongToStr
  L__LongToStr107
  L__LongToStr108
  _LongIntToStrWithZeros
  L__LongIntToStrWithZeros109
  L__LongIntToStrWithZeros110
  L__LongIntToStrWithZeros111
  _Dec2Bcd
  _Bcd2Dec
  _Bcd2Dec16
  L__Bcd2Dec16112
  L__Bcd2Dec16113
  _Dec2Bcd16
  L__Dec2Bcd16114
  L__Dec2Bcd16115
  _Rtrim
  _Ltrim
  _FloatToStr
  L__FloatToStr116
  L__FloatToStr117
  L__FloatToStr118
  L__FloatToStr119
  L__FloatToStr120
  L_Delay_10us0
  L_Delay_22us1
  L_Delay_50us2
  L_Delay_80us3
  L_Delay_500us4
  L_Delay_5500us5
  L_Delay_1ms6
  L_Delay_5ms7
  L_Delay_8ms8
  L_Delay_100ms9
  L_Delay_10ms10
  L_Delay_1sec11
  L____Boot_Delay4k12
  L____Boot_Delay8k13
  L____Boot_Delay12k14
  L____Boot_Delay16k15
  L____Boot_Delay24k16
  L____Boot_Delay32k17
  L____Boot_Delay48k18
  L____Boot_Delay64k19
  L____Boot_Delay128k20
  L_Delay_Cyc21
  L_Delay_Cyc22
  L_VDelay_ms23
  L_VDelay_ms24
  L_VDelay_ms25
  L_VDelay_Advanced_ms26
  L_VDelay_Advanced_ms27
  L_VDelay_Advanced_ms28
  _Get_Fosc_kHz
  _Delay_1us
  _Delay_10us
  _Delay_22us
  _Delay_50us
  _Delay_80us
  _Delay_500us
  _Delay_5500us
  _Delay_1ms
  _Delay_5ms
  _Delay_8ms
  _Delay_100ms
  _Delay_10ms
  _Delay_1sec
  ____Boot_Delay4k
  ____Boot_Delay8k
  ____Boot_Delay12k
  ____Boot_Delay16k
  ____Boot_Delay24k
  ____Boot_Delay32k
  ____Boot_Delay48k
  ____Boot_Delay64k
  ____Boot_Delay128k
  _Delay_Cyc
  _VDelay_ms
  L__VDelay_ms29
  L__VDelay_ms30
  L__VDelay_ms31
  _VDelay_Advanced_ms
  L__VDelay_Advanced_ms32
  L__VDelay_Advanced_ms33
  L__VDelay_Advanced_ms34
  L_I2C1_Is_Idle0
  L_I2C1_Is_Idle1
  L_I2C1_Start2
  L_I2C1_Start3
  L_I2C1_Start4
  L_I2C1_Start5
  L_I2C1_Start6
  L_I2C1_Start7
  L_I2C1_Start8
  L_I2C1_Start9
  L_I2C1_Repeated_Start10
  L_I2C1_Repeated_Start11
  L_I2C1_Rd12
  L_I2C1_Rd13
  L_I2C1_Rd14
  L_I2C1_Rd15
  L_I2C1_Rd16
  L_I2C1_Rd17
  L_I2C1_Wr18
  L_I2C1_Wr19
  L_I2C1_Wr20
  L_I2C1_Wr21
  L_I2C1_Wr22
  L_I2C1_Wr23
  _I2C1_Init
  _I2C1_Is_Idle
  _I2C1_Start
  L__I2C1_Start24
  L__I2C1_Start25
  _I2C1_Repeated_Start
  _I2C1_Rd
  _I2C1_Wr
  _I2C1_Stop
  L_Lcd_Cmd0
  L_Lcd_Cmd1
  L_Lcd_Out_CP2
  L_Lcd_Out_CP3
  L_Lcd_Chr4
  L_Lcd_Chr5
  L_Lcd_Chr6
  L_Lcd_Chr7
  L_Lcd_Chr8
  L_Lcd_Chr9
  L_Lcd_Chr10
  L_Lcd_Out11
  L_Lcd_Out12
  L_Lcd_Out13
  L_Lcd_Out14
  L_Lcd_Out15
  L_Lcd_Out16
  L_Lcd_Out17
  L_Lcd_Out18
  L_Lcd_Out19
  _Lcd_Cmd
  L__Lcd_Cmd20
  L__Lcd_Cmd21
  L__Lcd_Cmd22
  L__Lcd_Cmd23
  L__Lcd_Cmd24
  L__Lcd_Cmd25
  L__Lcd_Cmd26
  L__Lcd_Cmd27
  L__Lcd_Cmd28
  L__Lcd_Cmd29
  L__Lcd_Cmd30
  L__Lcd_Cmd31
  L__Lcd_Cmd32
  L__Lcd_Cmd33
  L__Lcd_Cmd34
  L__Lcd_Cmd35
  L__Lcd_Cmd36
  L__Lcd_Cmd37
  L__Lcd_Cmd38
  L__Lcd_Cmd39
  _Lcd_Chr_CP
  _Lcd_Out_CP
  _Lcd_Chr
  _Lcd_Init
  _Lcd_Out
  L_Div_16x16_S0
  L_Div_16x16_S1
  LOOPS3232A
  SADD22LA
  SOK22LA
  SADD22L8
  SOK22L8
  LOOPS3232B
  SADD22LB
  SOK22LB
  SADD22L16
  SOK22L16
  LOOPS3232C
  SADD22LC
  SOK22LC
  SADD22L24
  SOK22L24
  LOOPS3232D
  SADD22LD
  SOK22LD
  SOK22L
  L_Div_32x32_S6
  L_Div_32x32_S7
  L_Div_32x32_S8
  L_Div_32x32_S9
  FXD3232S
  END_ALL
  CA3232S
  C3232SX
  C3232SX1
  C3232S
  C3232S2
  C3232SX4
  C3232SOK
  C3232SX3
  C3232SX2
  avoid_comfrem
  LOOPU3232A
  UADD22LA
  UOK22LA
  UADD22L8
  UOK22L8
  LOOPU3232B
  UADD22LB
  UOK22LB
  UADD22L16
  UOK22L16
  LOOPU3232C
  UADD22LC
  UOK22LC
  UADD22L24
  UOK22L24
  LOOPU3232D
  UADD22LD
  UOK22LD
  UOK22L
  _NEXT
  _EXIT2
  _LOOP
  _EXIT1
  _IF_FIRST
  _IF_SECOND
  _INVERCE_FIRST
  _MULT
  _INBERSE_SECOND
  _EXIT
  _Div_8x8_U
  _Div_16x16_U
  _Div_16x16_S_L
  _Div_16x16_S
  _Div_8x8_S
  _Mul_8x8_S
  _Mul_16x16_U
  _Mul_16x16_S
  _SDIV3232L
  _COMFREM
  _Div_32x32_S
  _Div_32x32_U
  _Mul_32x32_U
  _Mul_32x32_S
  _PWM2_Init
  _PWM2_Set_Duty
  L__PWM2_Set_Duty0
  L__PWM2_Set_Duty1
  L__PWM2_Set_Duty2
  L__PWM2_Set_Duty3
  _PWM2_Start
  _PWM2_Stop
  _PWM1_Init
  _PWM1_Set_Duty
  L__PWM1_Set_Duty4
  L__PWM1_Set_Duty5
  L__PWM1_Set_Duty6
  L__PWM1_Set_Duty7
  _PWM1_Start
  _PWM1_Stop
  _CC2D_Loop1
  _CC2DL_Loop1
  L_longjmp2
  ___CC2D
  ___CC2DW
  _____DoIFC
  _Swap
  _setjmp
  _longjmp
