;  LST file generated by mikroListExporter - v.2.0 
; Date/Time: 13/04/2020 16:47:26
;----------------------------------------------

;Address Opcode 	ASM
0x0000	0x28D6      	GOTO       214
_____DoICP:
;__Lib_System.c,6 :: 		
;__Lib_System.c,9 :: 		
0x0003	0x1283      	BCF        STATUS, 5
0x0004	0x1303      	BCF        STATUS, 6
0x0005	0x0823      	MOVF       ___DoICPAddr+1, 0
0x0006	0x008A      	MOVWF      PCLATH
;__Lib_System.c,10 :: 		
0x0007	0x0822      	MOVF       ___DoICPAddr, 0
0x0008	0x0082      	MOVWF      PCL
;__Lib_System.c,12 :: 		
0x0009	0x0008      	RETURN
; end of _____DoICP
___CC2DW:
;__Lib_System.c,24 :: 		
;__Lib_System.c,27 :: 		
_CC2D_Loop1:
;__Lib_System.c,29 :: 		
0x000A	0x2003      	CALL       _____DoICP
0x000B	0x118A      	BCF        PCLATH, 3
0x000C	0x120A      	BCF        PCLATH, 4
;__Lib_System.c,31 :: 		
0x000D	0x0080      	MOVWF      INDF
;__Lib_System.c,32 :: 		
0x000E	0x0A84      	INCF       FSR, 1
;__Lib_System.c,33 :: 		
0x000F	0x0AA2      	INCF       ___DoICPAddr, 1
;__Lib_System.c,35 :: 		
0x0010	0x1903      	BTFSC      STATUS, 2
;__Lib_System.c,36 :: 		
0x0011	0x0AA3      	INCF       ___DoICPAddr+1, 1
;__Lib_System.c,37 :: 		
0x0012	0x03F0      	DECF       R0, 1
;__Lib_System.c,39 :: 		
0x0013	0x1D03      	BTFSS      STATUS, 2
;__Lib_System.c,40 :: 		
0x0014	0x280A      	GOTO       _CC2D_Loop1
;__Lib_System.c,42 :: 		
0x0015	0x0008      	RETURN
; end of ___CC2DW
_dezenas:
;Contador0a99.c,106 :: 		void dezenas(char contDezenas){
;Contador0a99.c,108 :: 		switch(contUnidades){
0x0016	0x284B      	GOTO       L_dezenas17
;Contador0a99.c,109 :: 		case 0:
L_dezenas19:
;Contador0a99.c,110 :: 		RB4_bit = 0x00;
0x0017	0x1283      	BCF        STATUS, 5
0x0018	0x1303      	BCF        STATUS, 6
0x0019	0x1206      	BCF        RB4_bit, 4
;Contador0a99.c,111 :: 		RB5_bit = 0x00;
0x001A	0x1286      	BCF        RB5_bit, 5
;Contador0a99.c,112 :: 		RB6_bit = 0x00;
0x001B	0x1306      	BCF        RB6_bit, 6
;Contador0a99.c,113 :: 		RB7_bit = 0x00;
0x001C	0x1386      	BCF        RB7_bit, 7
;Contador0a99.c,114 :: 		break;
0x001D	0x2875      	GOTO       L_dezenas18
;Contador0a99.c,115 :: 		case 1:
L_dezenas20:
;Contador0a99.c,116 :: 		RB4_bit = 0x01;
0x001E	0x1606      	BSF        RB4_bit, 4
;Contador0a99.c,117 :: 		RB5_bit = 0x00;
0x001F	0x1286      	BCF        RB5_bit, 5
;Contador0a99.c,118 :: 		RB6_bit = 0x00;
0x0020	0x1306      	BCF        RB6_bit, 6
;Contador0a99.c,119 :: 		RB7_bit = 0x00;
0x0021	0x1386      	BCF        RB7_bit, 7
;Contador0a99.c,120 :: 		break;
0x0022	0x2875      	GOTO       L_dezenas18
;Contador0a99.c,121 :: 		case 2:
L_dezenas21:
;Contador0a99.c,122 :: 		RB4_bit = 0x00;
0x0023	0x1206      	BCF        RB4_bit, 4
;Contador0a99.c,123 :: 		RB5_bit = 0x01;
0x0024	0x1686      	BSF        RB5_bit, 5
;Contador0a99.c,124 :: 		RB6_bit = 0x00;
0x0025	0x1306      	BCF        RB6_bit, 6
;Contador0a99.c,125 :: 		RB7_bit = 0x00;
0x0026	0x1386      	BCF        RB7_bit, 7
;Contador0a99.c,126 :: 		break;
0x0027	0x2875      	GOTO       L_dezenas18
;Contador0a99.c,127 :: 		case 3:
L_dezenas22:
;Contador0a99.c,128 :: 		RB4_bit = 0x01;
0x0028	0x1606      	BSF        RB4_bit, 4
;Contador0a99.c,129 :: 		RB5_bit = 0x01;
0x0029	0x1686      	BSF        RB5_bit, 5
;Contador0a99.c,130 :: 		RB6_bit = 0x00;
0x002A	0x1306      	BCF        RB6_bit, 6
;Contador0a99.c,131 :: 		RB7_bit = 0x00;
0x002B	0x1386      	BCF        RB7_bit, 7
;Contador0a99.c,132 :: 		break;
0x002C	0x2875      	GOTO       L_dezenas18
;Contador0a99.c,133 :: 		case 4:
L_dezenas23:
;Contador0a99.c,134 :: 		RB4_bit = 0x00;
0x002D	0x1206      	BCF        RB4_bit, 4
;Contador0a99.c,135 :: 		RB5_bit = 0x00;
0x002E	0x1286      	BCF        RB5_bit, 5
;Contador0a99.c,136 :: 		RB6_bit = 0x01;
0x002F	0x1706      	BSF        RB6_bit, 6
;Contador0a99.c,137 :: 		RB7_bit = 0x00;
0x0030	0x1386      	BCF        RB7_bit, 7
;Contador0a99.c,138 :: 		break;
0x0031	0x2875      	GOTO       L_dezenas18
;Contador0a99.c,139 :: 		case 5:
L_dezenas24:
;Contador0a99.c,140 :: 		RB4_bit = 0x01;
0x0032	0x1606      	BSF        RB4_bit, 4
;Contador0a99.c,141 :: 		RB5_bit = 0x00;
0x0033	0x1286      	BCF        RB5_bit, 5
;Contador0a99.c,142 :: 		RB6_bit = 0x01;
0x0034	0x1706      	BSF        RB6_bit, 6
;Contador0a99.c,143 :: 		RB7_bit = 0x00;
0x0035	0x1386      	BCF        RB7_bit, 7
;Contador0a99.c,144 :: 		break;
0x0036	0x2875      	GOTO       L_dezenas18
;Contador0a99.c,145 :: 		case 6:
L_dezenas25:
;Contador0a99.c,146 :: 		RB4_bit = 0x00;
0x0037	0x1206      	BCF        RB4_bit, 4
;Contador0a99.c,147 :: 		RB5_bit = 0x01;
0x0038	0x1686      	BSF        RB5_bit, 5
;Contador0a99.c,148 :: 		RB6_bit = 0x01;
0x0039	0x1706      	BSF        RB6_bit, 6
;Contador0a99.c,149 :: 		RB7_bit = 0x00;
0x003A	0x1386      	BCF        RB7_bit, 7
;Contador0a99.c,150 :: 		break;
0x003B	0x2875      	GOTO       L_dezenas18
;Contador0a99.c,151 :: 		case 7:
L_dezenas26:
;Contador0a99.c,152 :: 		RB4_bit = 0x01;
0x003C	0x1606      	BSF        RB4_bit, 4
;Contador0a99.c,153 :: 		RB5_bit = 0x01;
0x003D	0x1686      	BSF        RB5_bit, 5
;Contador0a99.c,154 :: 		RB6_bit = 0x01;
0x003E	0x1706      	BSF        RB6_bit, 6
;Contador0a99.c,155 :: 		RB7_bit = 0x00;
0x003F	0x1386      	BCF        RB7_bit, 7
;Contador0a99.c,156 :: 		break;
0x0040	0x2875      	GOTO       L_dezenas18
;Contador0a99.c,157 :: 		case 8:
L_dezenas27:
;Contador0a99.c,158 :: 		RB4_bit = 0x00;
0x0041	0x1206      	BCF        RB4_bit, 4
;Contador0a99.c,159 :: 		RB5_bit = 0x00;
0x0042	0x1286      	BCF        RB5_bit, 5
;Contador0a99.c,160 :: 		RB6_bit = 0x00;
0x0043	0x1306      	BCF        RB6_bit, 6
;Contador0a99.c,161 :: 		RB7_bit = 0x01;
0x0044	0x1786      	BSF        RB7_bit, 7
;Contador0a99.c,162 :: 		break;
0x0045	0x2875      	GOTO       L_dezenas18
;Contador0a99.c,163 :: 		case 9:
L_dezenas28:
;Contador0a99.c,164 :: 		RB4_bit = 0x01;
0x0046	0x1606      	BSF        RB4_bit, 4
;Contador0a99.c,165 :: 		RB5_bit = 0x00;
0x0047	0x1286      	BCF        RB5_bit, 5
;Contador0a99.c,166 :: 		RB6_bit = 0x00;
0x0048	0x1306      	BCF        RB6_bit, 6
;Contador0a99.c,167 :: 		RB7_bit = 0x01;
0x0049	0x1786      	BSF        RB7_bit, 7
;Contador0a99.c,168 :: 		break;
0x004A	0x2875      	GOTO       L_dezenas18
;Contador0a99.c,169 :: 		}
L_dezenas17:
0x004B	0x1283      	BCF        STATUS, 5
0x004C	0x1303      	BCF        STATUS, 6
0x004D	0x0821      	MOVF       _contUnidades, 0
0x004E	0x3A00      	XORLW      0
0x004F	0x1903      	BTFSC      STATUS, 2
0x0050	0x2817      	GOTO       L_dezenas19
0x0051	0x0821      	MOVF       _contUnidades, 0
0x0052	0x3A01      	XORLW      1
0x0053	0x1903      	BTFSC      STATUS, 2
0x0054	0x281E      	GOTO       L_dezenas20
0x0055	0x0821      	MOVF       _contUnidades, 0
0x0056	0x3A02      	XORLW      2
0x0057	0x1903      	BTFSC      STATUS, 2
0x0058	0x2823      	GOTO       L_dezenas21
0x0059	0x0821      	MOVF       _contUnidades, 0
0x005A	0x3A03      	XORLW      3
0x005B	0x1903      	BTFSC      STATUS, 2
0x005C	0x2828      	GOTO       L_dezenas22
0x005D	0x0821      	MOVF       _contUnidades, 0
0x005E	0x3A04      	XORLW      4
0x005F	0x1903      	BTFSC      STATUS, 2
0x0060	0x282D      	GOTO       L_dezenas23
0x0061	0x0821      	MOVF       _contUnidades, 0
0x0062	0x3A05      	XORLW      5
0x0063	0x1903      	BTFSC      STATUS, 2
0x0064	0x2832      	GOTO       L_dezenas24
0x0065	0x0821      	MOVF       _contUnidades, 0
0x0066	0x3A06      	XORLW      6
0x0067	0x1903      	BTFSC      STATUS, 2
0x0068	0x2837      	GOTO       L_dezenas25
0x0069	0x0821      	MOVF       _contUnidades, 0
0x006A	0x3A07      	XORLW      7
0x006B	0x1903      	BTFSC      STATUS, 2
0x006C	0x283C      	GOTO       L_dezenas26
0x006D	0x0821      	MOVF       _contUnidades, 0
0x006E	0x3A08      	XORLW      8
0x006F	0x1903      	BTFSC      STATUS, 2
0x0070	0x2841      	GOTO       L_dezenas27
0x0071	0x0821      	MOVF       _contUnidades, 0
0x0072	0x3A09      	XORLW      9
0x0073	0x1903      	BTFSC      STATUS, 2
0x0074	0x2846      	GOTO       L_dezenas28
L_dezenas18:
;Contador0a99.c,171 :: 		}
0x0075	0x0008      	RETURN
; end of _dezenas
_unidades:
;Contador0a99.c,39 :: 		void unidades(char contUnidades){
;Contador0a99.c,41 :: 		switch(contDezenas){
0x0076	0x28AB      	GOTO       L_unidades5
;Contador0a99.c,42 :: 		case 0:
L_unidades7:
;Contador0a99.c,43 :: 		RB0_bit = 0x00;
0x0077	0x1283      	BCF        STATUS, 5
0x0078	0x1303      	BCF        STATUS, 6
0x0079	0x1006      	BCF        RB0_bit, 0
;Contador0a99.c,44 :: 		RB1_bit = 0x00;
0x007A	0x1086      	BCF        RB1_bit, 1
;Contador0a99.c,45 :: 		RB2_bit = 0x00;
0x007B	0x1106      	BCF        RB2_bit, 2
;Contador0a99.c,46 :: 		RB3_bit = 0x00;
0x007C	0x1186      	BCF        RB3_bit, 3
;Contador0a99.c,47 :: 		break;
0x007D	0x28D5      	GOTO       L_unidades6
;Contador0a99.c,48 :: 		case 1:
L_unidades8:
;Contador0a99.c,49 :: 		RB0_bit = 0x01;
0x007E	0x1406      	BSF        RB0_bit, 0
;Contador0a99.c,50 :: 		RB1_bit = 0x00;
0x007F	0x1086      	BCF        RB1_bit, 1
;Contador0a99.c,51 :: 		RB2_bit = 0x00;
0x0080	0x1106      	BCF        RB2_bit, 2
;Contador0a99.c,52 :: 		RB3_bit = 0x00;
0x0081	0x1186      	BCF        RB3_bit, 3
;Contador0a99.c,53 :: 		break;
0x0082	0x28D5      	GOTO       L_unidades6
;Contador0a99.c,54 :: 		case 2:
L_unidades9:
;Contador0a99.c,55 :: 		RB0_bit = 0x00;
0x0083	0x1006      	BCF        RB0_bit, 0
;Contador0a99.c,56 :: 		RB1_bit = 0x01;
0x0084	0x1486      	BSF        RB1_bit, 1
;Contador0a99.c,57 :: 		RB2_bit = 0x00;
0x0085	0x1106      	BCF        RB2_bit, 2
;Contador0a99.c,58 :: 		RB3_bit = 0x00;
0x0086	0x1186      	BCF        RB3_bit, 3
;Contador0a99.c,59 :: 		break;
0x0087	0x28D5      	GOTO       L_unidades6
;Contador0a99.c,60 :: 		case 3:
L_unidades10:
;Contador0a99.c,61 :: 		RB0_bit = 0x01;
0x0088	0x1406      	BSF        RB0_bit, 0
;Contador0a99.c,62 :: 		RB1_bit = 0x01;
0x0089	0x1486      	BSF        RB1_bit, 1
;Contador0a99.c,63 :: 		RB2_bit = 0x00;
0x008A	0x1106      	BCF        RB2_bit, 2
;Contador0a99.c,64 :: 		RB3_bit = 0x00;
0x008B	0x1186      	BCF        RB3_bit, 3
;Contador0a99.c,65 :: 		break;
0x008C	0x28D5      	GOTO       L_unidades6
;Contador0a99.c,66 :: 		case 4:
L_unidades11:
;Contador0a99.c,67 :: 		RB0_bit = 0x00;
0x008D	0x1006      	BCF        RB0_bit, 0
;Contador0a99.c,68 :: 		RB1_bit = 0x00;
0x008E	0x1086      	BCF        RB1_bit, 1
;Contador0a99.c,69 :: 		RB2_bit = 0x01;
0x008F	0x1506      	BSF        RB2_bit, 2
;Contador0a99.c,70 :: 		RB3_bit = 0x00;
0x0090	0x1186      	BCF        RB3_bit, 3
;Contador0a99.c,71 :: 		break;
0x0091	0x28D5      	GOTO       L_unidades6
;Contador0a99.c,72 :: 		case 5:
L_unidades12:
;Contador0a99.c,73 :: 		RB0_bit = 0x01;
0x0092	0x1406      	BSF        RB0_bit, 0
;Contador0a99.c,74 :: 		RB1_bit = 0x00;
0x0093	0x1086      	BCF        RB1_bit, 1
;Contador0a99.c,75 :: 		RB2_bit = 0x01;
0x0094	0x1506      	BSF        RB2_bit, 2
;Contador0a99.c,76 :: 		RB3_bit = 0x00;
0x0095	0x1186      	BCF        RB3_bit, 3
;Contador0a99.c,77 :: 		break;
0x0096	0x28D5      	GOTO       L_unidades6
;Contador0a99.c,78 :: 		case 6:
L_unidades13:
;Contador0a99.c,79 :: 		RB0_bit = 0x00;
0x0097	0x1006      	BCF        RB0_bit, 0
;Contador0a99.c,80 :: 		RB1_bit = 0x01;
0x0098	0x1486      	BSF        RB1_bit, 1
;Contador0a99.c,81 :: 		RB2_bit = 0x01;
0x0099	0x1506      	BSF        RB2_bit, 2
;Contador0a99.c,82 :: 		RB3_bit = 0x00;
0x009A	0x1186      	BCF        RB3_bit, 3
;Contador0a99.c,83 :: 		break;
0x009B	0x28D5      	GOTO       L_unidades6
;Contador0a99.c,84 :: 		case 7:
L_unidades14:
;Contador0a99.c,85 :: 		RB0_bit = 0x01;
0x009C	0x1406      	BSF        RB0_bit, 0
;Contador0a99.c,86 :: 		RB1_bit = 0x01;
0x009D	0x1486      	BSF        RB1_bit, 1
;Contador0a99.c,87 :: 		RB2_bit = 0x01;
0x009E	0x1506      	BSF        RB2_bit, 2
;Contador0a99.c,88 :: 		RB3_bit = 0x00;
0x009F	0x1186      	BCF        RB3_bit, 3
;Contador0a99.c,89 :: 		break;
0x00A0	0x28D5      	GOTO       L_unidades6
;Contador0a99.c,90 :: 		case 8:
L_unidades15:
;Contador0a99.c,91 :: 		RB0_bit = 0x00;
0x00A1	0x1006      	BCF        RB0_bit, 0
;Contador0a99.c,92 :: 		RB1_bit = 0x00;
0x00A2	0x1086      	BCF        RB1_bit, 1
;Contador0a99.c,93 :: 		RB2_bit = 0x00;
0x00A3	0x1106      	BCF        RB2_bit, 2
;Contador0a99.c,94 :: 		RB3_bit = 0x01;
0x00A4	0x1586      	BSF        RB3_bit, 3
;Contador0a99.c,95 :: 		break;
0x00A5	0x28D5      	GOTO       L_unidades6
;Contador0a99.c,96 :: 		case 9:
L_unidades16:
;Contador0a99.c,97 :: 		RB0_bit = 0x01;
0x00A6	0x1406      	BSF        RB0_bit, 0
;Contador0a99.c,98 :: 		RB1_bit = 0x00;
0x00A7	0x1086      	BCF        RB1_bit, 1
;Contador0a99.c,99 :: 		RB2_bit = 0x00;
0x00A8	0x1106      	BCF        RB2_bit, 2
;Contador0a99.c,100 :: 		RB3_bit = 0x01;
0x00A9	0x1586      	BSF        RB3_bit, 3
;Contador0a99.c,101 :: 		break;
0x00AA	0x28D5      	GOTO       L_unidades6
;Contador0a99.c,102 :: 		}
L_unidades5:
0x00AB	0x1283      	BCF        STATUS, 5
0x00AC	0x1303      	BCF        STATUS, 6
0x00AD	0x0820      	MOVF       _contDezenas, 0
0x00AE	0x3A00      	XORLW      0
0x00AF	0x1903      	BTFSC      STATUS, 2
0x00B0	0x2877      	GOTO       L_unidades7
0x00B1	0x0820      	MOVF       _contDezenas, 0
0x00B2	0x3A01      	XORLW      1
0x00B3	0x1903      	BTFSC      STATUS, 2
0x00B4	0x287E      	GOTO       L_unidades8
0x00B5	0x0820      	MOVF       _contDezenas, 0
0x00B6	0x3A02      	XORLW      2
0x00B7	0x1903      	BTFSC      STATUS, 2
0x00B8	0x2883      	GOTO       L_unidades9
0x00B9	0x0820      	MOVF       _contDezenas, 0
0x00BA	0x3A03      	XORLW      3
0x00BB	0x1903      	BTFSC      STATUS, 2
0x00BC	0x2888      	GOTO       L_unidades10
0x00BD	0x0820      	MOVF       _contDezenas, 0
0x00BE	0x3A04      	XORLW      4
0x00BF	0x1903      	BTFSC      STATUS, 2
0x00C0	0x288D      	GOTO       L_unidades11
0x00C1	0x0820      	MOVF       _contDezenas, 0
0x00C2	0x3A05      	XORLW      5
0x00C3	0x1903      	BTFSC      STATUS, 2
0x00C4	0x2892      	GOTO       L_unidades12
0x00C5	0x0820      	MOVF       _contDezenas, 0
0x00C6	0x3A06      	XORLW      6
0x00C7	0x1903      	BTFSC      STATUS, 2
0x00C8	0x2897      	GOTO       L_unidades13
0x00C9	0x0820      	MOVF       _contDezenas, 0
0x00CA	0x3A07      	XORLW      7
0x00CB	0x1903      	BTFSC      STATUS, 2
0x00CC	0x289C      	GOTO       L_unidades14
0x00CD	0x0820      	MOVF       _contDezenas, 0
0x00CE	0x3A08      	XORLW      8
0x00CF	0x1903      	BTFSC      STATUS, 2
0x00D0	0x28A1      	GOTO       L_unidades15
0x00D1	0x0820      	MOVF       _contDezenas, 0
0x00D2	0x3A09      	XORLW      9
0x00D3	0x1903      	BTFSC      STATUS, 2
0x00D4	0x28A6      	GOTO       L_unidades16
L_unidades6:
;Contador0a99.c,104 :: 		}
0x00D5	0x0008      	RETURN
; end of _unidades
_main:
0x00D6	0x1283      	BCF        STATUS, 5
0x00D7	0x1303      	BCF        STATUS, 6
0x00D8	0x01A0      	CLRF       _contDezenas
0x00D9	0x01A1      	CLRF       _contUnidades
;Contador0a99.c,7 :: 		void main() {
;Contador0a99.c,9 :: 		CMCON = 0x07; // Desabilita os comparadores analogicos internos
0x00DA	0x3007      	MOVLW      7
0x00DB	0x009F      	MOVWF      CMCON
;Contador0a99.c,10 :: 		TRISB = 0X00; // Ou 0b00000000 Seleciona todo o portb como saída digital
0x00DC	0x1683      	BSF        STATUS, 5
0x00DD	0x0186      	CLRF       TRISB
;Contador0a99.c,11 :: 		PORTB = 0X00; // Inicia todo o portb com nivel logico baixo
0x00DE	0x1283      	BCF        STATUS, 5
0x00DF	0x0186      	CLRF       PORTB
;Contador0a99.c,14 :: 		while(1){
L_main0:
;Contador0a99.c,16 :: 		contUnidades++;
0x00E0	0x0AA1      	INCF       _contUnidades, 1
;Contador0a99.c,18 :: 		unidades(contUnidades);
0x00E1	0x0821      	MOVF       _contUnidades, 0
0x00E2	0x00A4      	MOVWF      FARG_unidades_contUnidades
0x00E3	0x2076      	CALL       _unidades
;Contador0a99.c,19 :: 		dezenas(contDezenas);
0x00E4	0x0820      	MOVF       _contDezenas, 0
0x00E5	0x00A4      	MOVWF      FARG_dezenas_contDezenas
0x00E6	0x2016      	CALL       _dezenas
;Contador0a99.c,21 :: 		if(contUnidades == 10){
0x00E7	0x0821      	MOVF       _contUnidades, 0
0x00E8	0x3A0A      	XORLW      10
0x00E9	0x1D03      	BTFSS      STATUS, 2
0x00EA	0x28F8      	GOTO       L_main2
;Contador0a99.c,22 :: 		contDezenas++;
0x00EB	0x0AA0      	INCF       _contDezenas, 1
;Contador0a99.c,23 :: 		contUnidades = 0;
0x00EC	0x01A1      	CLRF       _contUnidades
;Contador0a99.c,25 :: 		if(contDezenas == 10)
0x00ED	0x0820      	MOVF       _contDezenas, 0
0x00EE	0x3A0A      	XORLW      10
0x00EF	0x1D03      	BTFSS      STATUS, 2
0x00F0	0x28F2      	GOTO       L_main3
;Contador0a99.c,26 :: 		contDezenas = 0;
0x00F1	0x01A0      	CLRF       _contDezenas
L_main3:
;Contador0a99.c,28 :: 		unidades(contUnidades);
0x00F2	0x0821      	MOVF       _contUnidades, 0
0x00F3	0x00A4      	MOVWF      FARG_unidades_contUnidades
0x00F4	0x2076      	CALL       _unidades
;Contador0a99.c,29 :: 		dezenas(contDezenas);
0x00F5	0x0820      	MOVF       _contDezenas, 0
0x00F6	0x00A4      	MOVWF      FARG_dezenas_contDezenas
0x00F7	0x2016      	CALL       _dezenas
;Contador0a99.c,31 :: 		}
L_main2:
;Contador0a99.c,33 :: 		delay_ms(300);
0x00F8	0x3008      	MOVLW      8
0x00F9	0x00FB      	MOVWF      R11
0x00FA	0x309D      	MOVLW      157
0x00FB	0x00FC      	MOVWF      R12
0x00FC	0x3005      	MOVLW      5
0x00FD	0x00FD      	MOVWF      R13
L_main4:
0x00FE	0x0BFD      	DECFSZ     R13, 1
0x00FF	0x28FE      	GOTO       L_main4
0x0100	0x0BFC      	DECFSZ     R12, 1
0x0101	0x28FE      	GOTO       L_main4
0x0102	0x0BFB      	DECFSZ     R11, 1
0x0103	0x28FE      	GOTO       L_main4
0x0104	0x0000      	NOP
0x0105	0x0000      	NOP
;Contador0a99.c,35 :: 		}
0x0106	0x28E0      	GOTO       L_main0
;Contador0a99.c,37 :: 		}
0x0107	0x2907      	GOTO       $+0
; end of _main
Symbol List:
//** Routines locations **
//ADDRESS    SIZE    PROCEDURE
//----------------------------------------------
0x0003       [7]    _____DoICP
0x000A      [12]    ___CC2DW
0x0016      [96]    _dezenas
0x0076      [96]    _unidades
0x00D6      [50]    _main
//** Variables locations ** 
//ADDRESS    SIZE    VARIABLE
//----------------------------------------------
0x0000       [1]    INDF
0x0001       [1]    TMR0
0x0002       [1]    PCL
0x0003       [0]    C_bit
0x0003       [0]    NOT_TO_bit
0x0003       [0]    RP0_bit
0x0003       [0]    NOT_PD_bit
0x0003       [0]    Z_bit
0x0003       [1]    STATUS
0x0003       [0]    DC_bit
0x0003       [0]    IRP_bit
0x0003       [0]    RP1_bit
0x0004       [1]    FSRPTR
0x0004       [1]    FSR
0x0005       [0]    RA4_bit
0x0005       [0]    RA5_bit
0x0005       [0]    RA7_bit
0x0005       [0]    RA0_bit
0x0005       [0]    RA6_bit
0x0005       [0]    RA1_bit
0x0005       [1]    PORTA
0x0005       [0]    RA3_bit
0x0005       [0]    RA2_bit
0x0006       [0]    RB6_bit
0x0006       [0]    RB4_bit
0x0006       [0]    RB5_bit
0x0006       [1]    PORTB
0x0006       [0]    RB7_bit
0x0006       [0]    RB0_bit
0x0006       [0]    RB2_bit
0x0006       [0]    RB3_bit
0x0006       [0]    RB1_bit
0x000A       [1]    PCLATH
0x000B       [1]    INTCON
0x000B       [0]    RBIF_bit
0x000B       [0]    INTF_bit
0x000B       [0]    RBIE_bit
0x000B       [0]    INTE_bit
0x000B       [0]    T0IE_bit
0x000B       [0]    T0IF_bit
0x000B       [0]    PEIE_bit
0x000B       [0]    GIE_bit
0x000C       [0]    RCIF_bit
0x000C       [0]    TXIF_bit
0x000C       [1]    PIR1
0x000C       [0]    EEIF_bit
0x000C       [0]    CMIF_bit
0x000C       [0]    TMR1IF_bit
0x000C       [0]    TMR2IF_bit
0x000C       [0]    CCP1IF_bit
0x000E       [1]    TMR1L
0x000F       [1]    TMR1H
0x0010       [0]    TMR1ON_bit
0x0010       [0]    TMR1CS_bit
0x0010       [1]    T1CON
0x0010       [0]    T1CKPS1_bit
0x0010       [0]    T1OSCEN_bit
0x0010       [0]    T1CKPS0_bit
0x0010       [0]    NOT_T1SYNC_bit
0x0011       [1]    TMR2
0x0012       [0]    TOUTPS1_bit
0x0012       [0]    TOUTPS3_bit
0x0012       [0]    TOUTPS2_bit
0x0012       [0]    T2CKPS0_bit
0x0012       [0]    T2CKPS1_bit
0x0012       [0]    TMR2ON_bit
0x0012       [0]    TOUTPS0_bit
0x0012       [1]    T2CON
0x0015       [2]    CCPR1
0x0015       [1]    CCPR1L
0x0016       [1]    CCPR1H
0x0017       [0]    CCP1M2_bit
0x0017       [0]    CCP1M1_bit
0x0017       [0]    CCP1M0_bit
0x0017       [0]    CCP1M3_bit
0x0017       [1]    CCP1CON
0x0017       [0]    CCP1X_bit
0x0017       [0]    CCP1Y_bit
0x0018       [0]    FERR_bit
0x0018       [0]    ADEN_bit
0x0018       [0]    RX9D_bit
0x0018       [0]    OERR_bit
0x0018       [0]    CREN_bit
0x0018       [0]    SPEN_bit
0x0018       [1]    RCSTA
0x0018       [0]    SREN_bit
0x0018       [0]    RX9_bit
0x0019       [1]    TXREG
0x001A       [1]    RCREG
0x001F       [0]    CM1_bit
0x001F       [0]    CM0_bit
0x001F       [1]    CMCON
0x001F       [0]    CM2_bit
0x001F       [0]    C1OUT_bit
0x001F       [0]    C2OUT_bit
0x001F       [0]    C2INV_bit
0x001F       [0]    CIS_bit
0x001F       [0]    C1INV_bit
0x0020       [1]    _contDezenas
0x0021       [1]    _contUnidades
0x0022       [2]    ___DoICPAddr
0x0024       [1]    FARG_dezenas_contDezenas
0x0024       [1]    FARG_unidades_contUnidades
0x0070       [1]    R0
0x0071       [1]    R1
0x0072       [1]    R2
0x0073       [1]    R3
0x0074       [1]    R4
0x0075       [1]    R5
0x0076       [1]    R6
0x0077       [1]    R7
0x0078       [1]    R8
0x0079       [1]    R9
0x007A       [1]    R10
0x007B       [1]    R11
0x007C       [1]    R12
0x007D       [1]    R13
0x007E       [1]    R14
0x007F       [1]    R15
0x0081       [0]    PS1_bit
0x0081       [0]    PS2_bit
0x0081       [1]    OPTION_REG
0x0081       [0]    PS0_bit
0x0081       [0]    PSA_bit
0x0081       [0]    INTEDG_bit
0x0081       [0]    NOT_RBPU_bit
0x0081       [0]    T0SE_bit
0x0081       [0]    T0CS_bit
0x0085       [0]    TRISA7_bit
0x0085       [0]    TRISA0_bit
0x0085       [0]    TRISA6_bit
0x0085       [0]    TRISA5_bit
0x0085       [0]    TRISA4_bit
0x0085       [0]    TRISA3_bit
0x0085       [0]    TRISA2_bit
0x0085       [1]    TRISA
0x0085       [0]    TRISA1_bit
0x0086       [0]    TRISB4_bit
0x0086       [0]    TRISB3_bit
0x0086       [0]    TRISB2_bit
0x0086       [0]    TRISB1_bit
0x0086       [1]    TRISB
0x0086       [0]    TRISB0_bit
0x0086       [0]    TRISB7_bit
0x0086       [0]    TRISB5_bit
0x0086       [0]    TRISB6_bit
0x008C       [1]    PIE1
0x008C       [0]    RCIE_bit
0x008C       [0]    CMIE_bit
0x008C       [0]    EEIE_bit
0x008C       [0]    TXIE_bit
0x008C       [0]    TMR1IE_bit
0x008C       [0]    TMR2IE_bit
0x008C       [0]    CCP1IE_bit
0x008E       [0]    NOT_BO_bit
0x008E       [0]    NOT_POR_bit
0x008E       [0]    OSCF_bit
0x008E       [1]    PCON
0x008E       [0]    NOT_BOD_bit
0x008E       [0]    NOT_BOR_bit
0x0092       [1]    PR2
0x0098       [0]    TXEN_bit
0x0098       [0]    SYNC_bit
0x0098       [0]    CSRC_bit
0x0098       [0]    TX9_bit
0x0098       [0]    BRGH_bit
0x0098       [1]    TXSTA
0x0098       [0]    TX9D_bit
0x0098       [0]    TRMT_bit
0x0099       [1]    SPBRG
0x009A       [1]    EEDATA
0x009B       [1]    EEADR
0x009C       [1]    EECON1
0x009C       [0]    WREN_bit
0x009C       [0]    WR_bit
0x009C       [0]    RD_bit
0x009C       [0]    WRERR_bit
0x009D       [1]    EECON2
0x009F       [0]    VR2_bit
0x009F       [0]    VR3_bit
0x009F       [0]    VR0_bit
0x009F       [0]    VR1_bit
0x009F       [0]    VREN_bit
0x009F       [1]    VRCON
0x009F       [0]    VRR_bit
0x009F       [0]    VROE_bit
//** Label List: ** 
//----------------------------------------------
  L_main0
  L_main1
  L_main2
  L_main3
  L_main4
  L_unidades5
  L_unidades6
  L_unidades7
  L_unidades8
  L_unidades9
  L_unidades10
  L_unidades11
  L_unidades12
  L_unidades13
  L_unidades14
  L_unidades15
  L_unidades16
  L_dezenas17
  L_dezenas18
  L_dezenas19
  L_dezenas20
  L_dezenas21
  L_dezenas22
  L_dezenas23
  L_dezenas24
  L_dezenas25
  L_dezenas26
  L_dezenas27
  L_dezenas28
  _main
  _unidades
  _dezenas
  _CC2D_Loop1
  _____DoICP
  _____DoIFC
  ___CC2DW
  _Swap
