;  LST file generated by mikroListExporter - v.2.0 
; Date/Time: 27/05/2020 20:51:08
;----------------------------------------------

;Address Opcode 	ASM
0x0000	0x2979      	GOTO       377
_interrupt:
0x0004	0x00FF      	MOVWF      R15
0x0005	0x0E03      	SWAPF      STATUS, 0
0x0006	0x0183      	CLRF       STATUS
0x0007	0x00AD      	MOVWF      ___saveSTATUS
0x0008	0x080A      	MOVF       PCLATH, 0
0x0009	0x00AE      	MOVWF      ___savePCLATH
0x000A	0x018A      	CLRF       PCLATH
0x000B	0x0870      	MOVF       R0, 0
0x000C	0x00A0      	MOVWF      32
;USARTContador.c,20 :: 		void interrupt(){
;USARTContador.c,22 :: 		if(T0IF_bit){
0x000D	0x1D0B      	BTFSS      T0IF_bit, 2
0x000E	0x281A      	GOTO       L_interrupt0
;USARTContador.c,24 :: 		T0IF_bit = 0x00;
0x000F	0x110B      	BCF        T0IF_bit, 2
;USARTContador.c,26 :: 		cont++;
0x0010	0x0AA3      	INCF       _cont, 1
;USARTContador.c,28 :: 		if(cont == 0x0A){ // Se cont = 10(decimal) = 0x0A. Se Overflow = 66ms, os leds alternam a cada 66ms x 10 = 660ms
0x0011	0x0823      	MOVF       _cont, 0
0x0012	0x3A0A      	XORLW      10
0x0013	0x1D03      	BTFSS      STATUS, 2
0x0014	0x281A      	GOTO       L_interrupt1
;USARTContador.c,30 :: 		cont = 0x00;
0x0015	0x01A3      	CLRF       _cont
;USARTContador.c,31 :: 		led1 = ~led1;
0x0016	0x3001      	MOVLW      1
0x0017	0x0685      	XORWF      RA0_bit, 1
;USARTContador.c,32 :: 		led2 = ~led2;
0x0018	0x3002      	MOVLW      2
0x0019	0x0685      	XORWF      RA1_bit, 1
;USARTContador.c,33 :: 		}
L_interrupt1:
;USARTContador.c,34 :: 		}
L_interrupt0:
;USARTContador.c,35 :: 		}
L__interrupt11:
0x001A	0x0820      	MOVF       32, 0
0x001B	0x00F0      	MOVWF      R0
0x001C	0x082E      	MOVF       ___savePCLATH, 0
0x001D	0x008A      	MOVWF      PCLATH
0x001E	0x0E2D      	SWAPF      ___saveSTATUS, 0
0x001F	0x0083      	MOVWF      STATUS
0x0020	0x0EFF      	SWAPF      R15, 1
0x0021	0x0E7F      	SWAPF      R15, 0
0x0022	0x0009      	RETFIE
; end of _interrupt
_bufferTeste:
;USARTContador.c,122 :: 		void bufferTeste(){
;USARTContador.c,124 :: 		while(!TRMT_bit);
L_bufferTeste8:
0x0023	0x1683      	BSF        STATUS, 5
0x0024	0x1303      	BCF        STATUS, 6
0x0025	0x1898      	BTFSC      TRMT_bit, 1
0x0026	0x2828      	GOTO       L_bufferTeste9
0x0027	0x2823      	GOTO       L_bufferTeste8
L_bufferTeste9:
;USARTContador.c,125 :: 		}
0x0028	0x0008      	RETURN
; end of _bufferTeste
_Div_16x16_S_L:
;__Lib_Math.c,420 :: 		
;__Lib_Math.c,426 :: 		
0x0029	0x0D71      	RLF        R1, 0
;__Lib_Math.c,427 :: 		
0x002A	0x0DF8      	RLF        R8, 1
;__Lib_Math.c,428 :: 		
0x002B	0x0DF9      	RLF        R9, 1
;__Lib_Math.c,429 :: 		
0x002C	0x0874      	MOVF       R4, 0
;__Lib_Math.c,430 :: 		
0x002D	0x02F8      	SUBWF      R8, 1
;__Lib_Math.c,431 :: 		
0x002E	0x0875      	MOVF       R5, 0
;__Lib_Math.c,432 :: 		
0x002F	0x1C03      	BTFSS      STATUS, 0
;__Lib_Math.c,433 :: 		
0x0030	0x0F75      	INCFSZ     R5, 0
;__Lib_Math.c,434 :: 		
0x0031	0x02F9      	SUBWF      R9, 1
;__Lib_Math.c,435 :: 		
0x0032	0x0DF0      	RLF        R0, 1
;__Lib_Math.c,436 :: 		
0x0033	0x0DF1      	RLF        R1, 1
;__Lib_Math.c,438 :: 		
0x0034	0x300F      	MOVLW      15
;__Lib_Math.c,439 :: 		
0x0035	0x00FC      	MOVWF      R12
;__Lib_Math.c,441 :: 		
0x0036	0x0D71      	RLF        R1, 0
;__Lib_Math.c,442 :: 		
0x0037	0x0DF8      	RLF        R8, 1
;__Lib_Math.c,443 :: 		
0x0038	0x0DF9      	RLF        R9, 1
;__Lib_Math.c,444 :: 		
0x0039	0x0874      	MOVF       R4, 0
;__Lib_Math.c,446 :: 		
0x003A	0x1C70      	BTFSS      R0, 0
;__Lib_Math.c,447 :: 		
0x003B	0x2842      	GOTO       $+7
;__Lib_Math.c,448 :: 		
0x003C	0x02F8      	SUBWF      R8, 1
;__Lib_Math.c,449 :: 		
0x003D	0x0875      	MOVF       R5, 0
;__Lib_Math.c,450 :: 		
0x003E	0x1C03      	BTFSS      STATUS, 0
;__Lib_Math.c,451 :: 		
0x003F	0x0F75      	INCFSZ     R5, 0
;__Lib_Math.c,452 :: 		
0x0040	0x02F9      	SUBWF      R9, 1
;__Lib_Math.c,453 :: 		
0x0041	0x2847      	GOTO       $+6
;__Lib_Math.c,455 :: 		
0x0042	0x07F8      	ADDWF      R8, 1
;__Lib_Math.c,456 :: 		
0x0043	0x0875      	MOVF       R5, 0
;__Lib_Math.c,457 :: 		
0x0044	0x1803      	BTFSC      STATUS, 0
;__Lib_Math.c,458 :: 		
0x0045	0x0F75      	INCFSZ     R5, 0
;__Lib_Math.c,459 :: 		
0x0046	0x07F9      	ADDWF      R9, 1
;__Lib_Math.c,461 :: 		
0x0047	0x0DF0      	RLF        R0, 1
;__Lib_Math.c,462 :: 		
0x0048	0x0DF1      	RLF        R1, 1
;__Lib_Math.c,464 :: 		
0x0049	0x0BFC      	DECFSZ     R12, 1
;__Lib_Math.c,465 :: 		
0x004A	0x2836      	GOTO       $-20
;__Lib_Math.c,467 :: 		
0x004B	0x1870      	BTFSC      R0, 0
;__Lib_Math.c,468 :: 		
0x004C	0x2853      	GOTO       $+7
;__Lib_Math.c,469 :: 		
0x004D	0x0874      	MOVF       R4, 0
;__Lib_Math.c,470 :: 		
0x004E	0x07F8      	ADDWF      R8, 1
;__Lib_Math.c,471 :: 		
0x004F	0x0875      	MOVF       R5, 0
;__Lib_Math.c,472 :: 		
0x0050	0x1803      	BTFSC      STATUS, 0
;__Lib_Math.c,473 :: 		
0x0051	0x0F75      	INCFSZ     R5, 0
;__Lib_Math.c,474 :: 		
0x0052	0x07F9      	ADDWF      R9, 1
;__Lib_Math.c,475 :: 		
0x0053	0x0000      	NOP
;__Lib_Math.c,477 :: 		
0x0054	0x0008      	RETURN
; end of _Div_16x16_S_L
_____DoICP:
;__Lib_System.c,6 :: 		
;__Lib_System.c,9 :: 		
0x0055	0x1283      	BCF        STATUS, 5
0x0056	0x1303      	BCF        STATUS, 6
0x0057	0x082C      	MOVF       ___DoICPAddr+1, 0
0x0058	0x008A      	MOVWF      PCLATH
;__Lib_System.c,10 :: 		
0x0059	0x082B      	MOVF       ___DoICPAddr, 0
0x005A	0x0082      	MOVWF      PCL
;__Lib_System.c,12 :: 		
0x005B	0x0008      	RETURN
; end of _____DoICP
_imprimeContagem:
;USARTContador.c,87 :: 		void imprimeContagem(){
;USARTContador.c,89 :: 		TXREG = 'C';
0x005C	0x3043      	MOVLW      67
0x005D	0x1283      	BCF        STATUS, 5
0x005E	0x1303      	BCF        STATUS, 6
0x005F	0x0099      	MOVWF      TXREG
;USARTContador.c,90 :: 		bufferTeste();
0x0060	0x2023      	CALL       _bufferTeste
;USARTContador.c,91 :: 		TXREG = 'o';
0x0061	0x306F      	MOVLW      111
0x0062	0x1283      	BCF        STATUS, 5
0x0063	0x0099      	MOVWF      TXREG
;USARTContador.c,92 :: 		bufferTeste();
0x0064	0x2023      	CALL       _bufferTeste
;USARTContador.c,93 :: 		TXREG = 'n';
0x0065	0x306E      	MOVLW      110
0x0066	0x1283      	BCF        STATUS, 5
0x0067	0x0099      	MOVWF      TXREG
;USARTContador.c,94 :: 		bufferTeste();
0x0068	0x2023      	CALL       _bufferTeste
;USARTContador.c,95 :: 		TXREG = 't';
0x0069	0x3074      	MOVLW      116
0x006A	0x1283      	BCF        STATUS, 5
0x006B	0x0099      	MOVWF      TXREG
;USARTContador.c,96 :: 		bufferTeste();
0x006C	0x2023      	CALL       _bufferTeste
;USARTContador.c,97 :: 		TXREG = 'a';
0x006D	0x3061      	MOVLW      97
0x006E	0x1283      	BCF        STATUS, 5
0x006F	0x0099      	MOVWF      TXREG
;USARTContador.c,98 :: 		bufferTeste();
0x0070	0x2023      	CALL       _bufferTeste
;USARTContador.c,99 :: 		TXREG = 'g';
0x0071	0x3067      	MOVLW      103
0x0072	0x1283      	BCF        STATUS, 5
0x0073	0x0099      	MOVWF      TXREG
;USARTContador.c,100 :: 		bufferTeste();
0x0074	0x2023      	CALL       _bufferTeste
;USARTContador.c,101 :: 		TXREG = 'e';
0x0075	0x3065      	MOVLW      101
0x0076	0x1283      	BCF        STATUS, 5
0x0077	0x0099      	MOVWF      TXREG
;USARTContador.c,102 :: 		bufferTeste();
0x0078	0x2023      	CALL       _bufferTeste
;USARTContador.c,103 :: 		TXREG = 'm';
0x0079	0x306D      	MOVLW      109
0x007A	0x1283      	BCF        STATUS, 5
0x007B	0x0099      	MOVWF      TXREG
;USARTContador.c,104 :: 		bufferTeste();
0x007C	0x2023      	CALL       _bufferTeste
;USARTContador.c,105 :: 		TXREG = ':';
0x007D	0x303A      	MOVLW      58
0x007E	0x1283      	BCF        STATUS, 5
0x007F	0x0099      	MOVWF      TXREG
;USARTContador.c,106 :: 		bufferTeste();
0x0080	0x2023      	CALL       _bufferTeste
;USARTContador.c,107 :: 		TXREG = texto[0];
0x0081	0x1283      	BCF        STATUS, 5
0x0082	0x0824      	MOVF       _texto, 0
0x0083	0x0084      	MOVWF      FSR
0x0084	0x0800      	MOVF       INDF, 0
0x0085	0x0099      	MOVWF      TXREG
;USARTContador.c,108 :: 		bufferTeste();
0x0086	0x2023      	CALL       _bufferTeste
;USARTContador.c,109 :: 		TXREG = texto[1];
0x0087	0x1283      	BCF        STATUS, 5
0x0088	0x0A24      	INCF       _texto, 0
0x0089	0x0084      	MOVWF      FSR
0x008A	0x0800      	MOVF       INDF, 0
0x008B	0x0099      	MOVWF      TXREG
;USARTContador.c,110 :: 		bufferTeste();
0x008C	0x2023      	CALL       _bufferTeste
;USARTContador.c,111 :: 		TXREG = texto[2];
0x008D	0x3002      	MOVLW      2
0x008E	0x1283      	BCF        STATUS, 5
0x008F	0x0724      	ADDWF      _texto, 0
0x0090	0x0084      	MOVWF      FSR
0x0091	0x0800      	MOVF       INDF, 0
0x0092	0x0099      	MOVWF      TXREG
;USARTContador.c,112 :: 		bufferTeste();
0x0093	0x2023      	CALL       _bufferTeste
;USARTContador.c,113 :: 		TXREG = texto[3];
0x0094	0x3003      	MOVLW      3
0x0095	0x1283      	BCF        STATUS, 5
0x0096	0x0724      	ADDWF      _texto, 0
0x0097	0x0084      	MOVWF      FSR
0x0098	0x0800      	MOVF       INDF, 0
0x0099	0x0099      	MOVWF      TXREG
;USARTContador.c,114 :: 		bufferTeste();
0x009A	0x2023      	CALL       _bufferTeste
;USARTContador.c,115 :: 		TXREG = 0x0D;
0x009B	0x300D      	MOVLW      13
0x009C	0x1283      	BCF        STATUS, 5
0x009D	0x0099      	MOVWF      TXREG
;USARTContador.c,116 :: 		bufferTeste();
0x009E	0x2023      	CALL       _bufferTeste
;USARTContador.c,117 :: 		TXREG = 0x0A;
0x009F	0x300A      	MOVLW      10
0x00A0	0x1283      	BCF        STATUS, 5
0x00A1	0x0099      	MOVWF      TXREG
;USARTContador.c,118 :: 		bufferTeste();
0x00A2	0x2023      	CALL       _bufferTeste
;USARTContador.c,119 :: 		}
0x00A3	0x0008      	RETURN
; end of _imprimeContagem
_Div_16x16_S:
;__Lib_Math.c,479 :: 		
;__Lib_Math.c,487 :: 		
0x00A4	0x1283      	BCF        STATUS, 5
0x00A5	0x1303      	BCF        STATUS, 6
0x00A6	0x0874      	MOVF       R4, 0
0x00A7	0x3A00      	XORLW      0
0x00A8	0x1D03      	BTFSS      STATUS, 2
0x00A9	0x28B3      	GOTO       L_Div_16x16_S0
;__Lib_Math.c,488 :: 		
0x00AA	0x0875      	MOVF       R5, 0
0x00AB	0x3A00      	XORLW      0
0x00AC	0x1D03      	BTFSS      STATUS, 2
0x00AD	0x28B3      	GOTO       L_Div_16x16_S1
;__Lib_Math.c,489 :: 		
0x00AE	0x30FF      	MOVLW      255
0x00AF	0x00F0      	MOVWF      R0
;__Lib_Math.c,490 :: 		
0x00B0	0x307F      	MOVLW      127
0x00B1	0x00F1      	MOVWF      R1
;__Lib_Math.c,491 :: 		
0x00B2	0x0008      	RETURN
;__Lib_Math.c,492 :: 		
L_Div_16x16_S1:
L_Div_16x16_S0:
;__Lib_Math.c,495 :: 		
0x00B3	0x1283      	BCF        STATUS, 5
;__Lib_Math.c,496 :: 		
0x00B4	0x1303      	BCF        STATUS, 6
;__Lib_Math.c,497 :: 		
0x00B5	0x01FD      	CLRF       R13
;__Lib_Math.c,498 :: 		
0x00B6	0x01F9      	CLRF       R9
;__Lib_Math.c,499 :: 		
0x00B7	0x01F8      	CLRF       R8
;__Lib_Math.c,500 :: 		
0x00B8	0x0871      	MOVF       R1, 0
;__Lib_Math.c,501 :: 		
0x00B9	0x0470      	IORWF      R0, 0
;__Lib_Math.c,502 :: 		
0x00BA	0x1903      	BTFSC      STATUS, 2
;__Lib_Math.c,503 :: 		
0x00BB	0x3400      	RETLW      0
;__Lib_Math.c,505 :: 		
0x00BC	0x0871      	MOVF       R1, 0
;__Lib_Math.c,506 :: 		
0x00BD	0x0675      	XORWF      R5, 0
;__Lib_Math.c,507 :: 		
0x00BE	0x00FA      	MOVWF      R10
;__Lib_Math.c,508 :: 		
0x00BF	0x1BFA      	BTFSC      R10, 7
;__Lib_Math.c,509 :: 		
0x00C0	0x09FD      	COMF       R13, 1
;__Lib_Math.c,511 :: 		
0x00C1	0x01FB      	CLRF       R11
;__Lib_Math.c,513 :: 		
0x00C2	0x1FF5      	BTFSS      R5, 7
;__Lib_Math.c,514 :: 		
0x00C3	0x28C9      	GOTO       $+6
;__Lib_Math.c,516 :: 		
0x00C4	0x09F4      	COMF       R4, 1
;__Lib_Math.c,517 :: 		
0x00C5	0x09F5      	COMF       R5, 1
;__Lib_Math.c,518 :: 		
0x00C6	0x0AF4      	INCF       R4, 1
;__Lib_Math.c,519 :: 		
0x00C7	0x1903      	BTFSC      STATUS, 2
;__Lib_Math.c,520 :: 		
0x00C8	0x0AF5      	INCF       R5, 1
;__Lib_Math.c,522 :: 		
0x00C9	0x1FF1      	BTFSS      R1, 7
;__Lib_Math.c,523 :: 		
0x00CA	0x28D0      	GOTO       $+6
;__Lib_Math.c,525 :: 		
0x00CB	0x09F0      	COMF       R0, 1
;__Lib_Math.c,526 :: 		
0x00CC	0x09F1      	COMF       R1, 1
;__Lib_Math.c,527 :: 		
0x00CD	0x0AF0      	INCF       R0, 1
;__Lib_Math.c,528 :: 		
0x00CE	0x1903      	BTFSC      STATUS, 2
;__Lib_Math.c,529 :: 		
0x00CF	0x0AF1      	INCF       R1, 1
;__Lib_Math.c,531 :: 		
0x00D0	0x0871      	MOVF       R1, 0
;__Lib_Math.c,532 :: 		
0x00D1	0x0475      	IORWF      R5, 0
;__Lib_Math.c,533 :: 		
0x00D2	0x00FA      	MOVWF      R10
;__Lib_Math.c,534 :: 		
0x00D3	0x1BFA      	BTFSC      R10, 7
;__Lib_Math.c,535 :: 		
0x00D4	0x28E5      	GOTO       $+17
;__Lib_Math.c,537 :: 		
0x00D5	0x2029      	CALL       _Div_16x16_S_L
;__Lib_Math.c,539 :: 		
0x00D6	0x187B      	BTFSC      R11, 0
;__Lib_Math.c,540 :: 		
0x00D7	0x28F8      	GOTO       $+33
;__Lib_Math.c,542 :: 		
0x00D8	0x1FFD      	BTFSS      R13, 7
;__Lib_Math.c,543 :: 		
0x00D9	0x3400      	RETLW      0
;__Lib_Math.c,545 :: 		
0x00DA	0x09F0      	COMF       R0, 1
;__Lib_Math.c,546 :: 		
0x00DB	0x09F1      	COMF       R1, 1
;__Lib_Math.c,547 :: 		
0x00DC	0x0AF0      	INCF       R0, 1
;__Lib_Math.c,548 :: 		
0x00DD	0x1903      	BTFSC      STATUS, 2
;__Lib_Math.c,549 :: 		
0x00DE	0x0AF1      	INCF       R1, 1
;__Lib_Math.c,551 :: 		
0x00DF	0x09F8      	COMF       R8, 1
;__Lib_Math.c,552 :: 		
0x00E0	0x09F9      	COMF       R9, 1
;__Lib_Math.c,553 :: 		
0x00E1	0x0AF8      	INCF       R8, 1
;__Lib_Math.c,554 :: 		
0x00E2	0x1903      	BTFSC      STATUS, 2
;__Lib_Math.c,555 :: 		
0x00E3	0x0AF9      	INCF       R9, 1
;__Lib_Math.c,557 :: 		
0x00E4	0x3400      	RETLW      0
;__Lib_Math.c,559 :: 		
0x00E5	0x1FF5      	BTFSS      R5, 7
;__Lib_Math.c,560 :: 		
0x00E6	0x28F4      	GOTO       $+14
;__Lib_Math.c,561 :: 		
0x00E7	0x1BF1      	BTFSC      R1, 7
;__Lib_Math.c,562 :: 		
0x00E8	0x28F0      	GOTO       $+8
;__Lib_Math.c,563 :: 		
0x00E9	0x0871      	MOVF       R1, 0
;__Lib_Math.c,564 :: 		
0x00EA	0x00F9      	MOVWF      R9
;__Lib_Math.c,565 :: 		
0x00EB	0x0870      	MOVF       R0, 0
;__Lib_Math.c,566 :: 		
0x00EC	0x00F8      	MOVWF      R8
;__Lib_Math.c,567 :: 		
0x00ED	0x01F1      	CLRF       R1
;__Lib_Math.c,568 :: 		
0x00EE	0x01F0      	CLRF       R0
;__Lib_Math.c,569 :: 		
0x00EF	0x28D8      	GOTO       $-23
;__Lib_Math.c,570 :: 		
0x00F0	0x01F1      	CLRF       R1
;__Lib_Math.c,571 :: 		
0x00F1	0x01F0      	CLRF       R0
;__Lib_Math.c,572 :: 		
0x00F2	0x0AF0      	INCF       R0, 1
;__Lib_Math.c,573 :: 		
0x00F3	0x3400      	RETLW      0
;__Lib_Math.c,575 :: 		
0x00F4	0x09F1      	COMF       R1, 1
;__Lib_Math.c,576 :: 		
0x00F5	0x09F0      	COMF       R0, 1
;__Lib_Math.c,577 :: 		
0x00F6	0x0AFB      	INCF       R11, 1
;__Lib_Math.c,578 :: 		
0x00F7	0x28D5      	GOTO       $-34
;__Lib_Math.c,580 :: 		
0x00F8	0x0AF8      	INCF       R8, 1
;__Lib_Math.c,581 :: 		
0x00F9	0x1903      	BTFSC      STATUS, 2
;__Lib_Math.c,582 :: 		
0x00FA	0x0AF9      	INCF       R9, 1
;__Lib_Math.c,583 :: 		
0x00FB	0x0874      	MOVF       R4, 0
;__Lib_Math.c,584 :: 		
0x00FC	0x0278      	SUBWF      R8, 0
;__Lib_Math.c,585 :: 		
0x00FD	0x1D03      	BTFSS      STATUS, 2
;__Lib_Math.c,586 :: 		
0x00FE	0x28D8      	GOTO       $-38
;__Lib_Math.c,587 :: 		
0x00FF	0x0875      	MOVF       R5, 0
;__Lib_Math.c,588 :: 		
0x0100	0x0279      	SUBWF      R9, 0
;__Lib_Math.c,589 :: 		
0x0101	0x1D03      	BTFSS      STATUS, 2
;__Lib_Math.c,590 :: 		
0x0102	0x28D8      	GOTO       $-42
;__Lib_Math.c,591 :: 		
0x0103	0x01F9      	CLRF       R9
;__Lib_Math.c,592 :: 		
0x0104	0x01F8      	CLRF       R8
;__Lib_Math.c,593 :: 		
0x0105	0x0AF0      	INCF       R0, 1
;__Lib_Math.c,594 :: 		
0x0106	0x1903      	BTFSC      STATUS, 2
;__Lib_Math.c,595 :: 		
0x0107	0x0AF1      	INCF       R1, 1
;__Lib_Math.c,596 :: 		
0x0108	0x1FF1      	BTFSS      R1, 7
;__Lib_Math.c,597 :: 		
0x0109	0x28D8      	GOTO       $-49
;__Lib_Math.c,598 :: 		
0x010A	0x0000      	NOP
;__Lib_Math.c,599 :: 		
0x010B	0x34FF      	RETLW      255
;__Lib_Math.c,601 :: 		
0x010C	0x0008      	RETURN
; end of _Div_16x16_S
_numero:
;USARTContador.c,127 :: 		void numero(int num){
;USARTContador.c,129 :: 		texto[0] = (num/1000) + '0';
0x010D	0x1283      	BCF        STATUS, 5
0x010E	0x1303      	BCF        STATUS, 6
0x010F	0x0824      	MOVF       _texto, 0
0x0110	0x00B1      	MOVWF      FLOC__numero
0x0111	0x30E8      	MOVLW      232
0x0112	0x00F4      	MOVWF      R4
0x0113	0x3003      	MOVLW      3
0x0114	0x00F5      	MOVWF      R4+1
0x0115	0x082F      	MOVF       FARG_numero_num, 0
0x0116	0x00F0      	MOVWF      R0
0x0117	0x0830      	MOVF       FARG_numero_num+1, 0
0x0118	0x00F1      	MOVWF      R0+1
0x0119	0x20A4      	CALL       _Div_16x16_S
0x011A	0x3030      	MOVLW      48
0x011B	0x07F0      	ADDWF      R0, 1
0x011C	0x0831      	MOVF       FLOC__numero, 0
0x011D	0x0084      	MOVWF      FSR
0x011E	0x0870      	MOVF       R0, 0
0x011F	0x0080      	MOVWF      INDF
;USARTContador.c,130 :: 		texto[1] = (num%1000)/100 + '0';
0x0120	0x0A24      	INCF       _texto, 0
0x0121	0x00B1      	MOVWF      FLOC__numero
0x0122	0x30E8      	MOVLW      232
0x0123	0x00F4      	MOVWF      R4
0x0124	0x3003      	MOVLW      3
0x0125	0x00F5      	MOVWF      R4+1
0x0126	0x082F      	MOVF       FARG_numero_num, 0
0x0127	0x00F0      	MOVWF      R0
0x0128	0x0830      	MOVF       FARG_numero_num+1, 0
0x0129	0x00F1      	MOVWF      R0+1
0x012A	0x20A4      	CALL       _Div_16x16_S
0x012B	0x0878      	MOVF       R8, 0
0x012C	0x00F0      	MOVWF      R0
0x012D	0x0879      	MOVF       R8+1, 0
0x012E	0x00F1      	MOVWF      R0+1
0x012F	0x3064      	MOVLW      100
0x0130	0x00F4      	MOVWF      R4
0x0131	0x3000      	MOVLW      0
0x0132	0x00F5      	MOVWF      R4+1
0x0133	0x20A4      	CALL       _Div_16x16_S
0x0134	0x3030      	MOVLW      48
0x0135	0x07F0      	ADDWF      R0, 1
0x0136	0x0831      	MOVF       FLOC__numero, 0
0x0137	0x0084      	MOVWF      FSR
0x0138	0x0870      	MOVF       R0, 0
0x0139	0x0080      	MOVWF      INDF
;USARTContador.c,131 :: 		texto[2] = (num%100)/10 + '0';
0x013A	0x3002      	MOVLW      2
0x013B	0x0724      	ADDWF      _texto, 0
0x013C	0x00B1      	MOVWF      FLOC__numero
0x013D	0x3064      	MOVLW      100
0x013E	0x00F4      	MOVWF      R4
0x013F	0x3000      	MOVLW      0
0x0140	0x00F5      	MOVWF      R4+1
0x0141	0x082F      	MOVF       FARG_numero_num, 0
0x0142	0x00F0      	MOVWF      R0
0x0143	0x0830      	MOVF       FARG_numero_num+1, 0
0x0144	0x00F1      	MOVWF      R0+1
0x0145	0x20A4      	CALL       _Div_16x16_S
0x0146	0x0878      	MOVF       R8, 0
0x0147	0x00F0      	MOVWF      R0
0x0148	0x0879      	MOVF       R8+1, 0
0x0149	0x00F1      	MOVWF      R0+1
0x014A	0x300A      	MOVLW      10
0x014B	0x00F4      	MOVWF      R4
0x014C	0x3000      	MOVLW      0
0x014D	0x00F5      	MOVWF      R4+1
0x014E	0x20A4      	CALL       _Div_16x16_S
0x014F	0x3030      	MOVLW      48
0x0150	0x07F0      	ADDWF      R0, 1
0x0151	0x0831      	MOVF       FLOC__numero, 0
0x0152	0x0084      	MOVWF      FSR
0x0153	0x0870      	MOVF       R0, 0
0x0154	0x0080      	MOVWF      INDF
;USARTContador.c,132 :: 		texto[3] = (num%10) + '0';
0x0155	0x3003      	MOVLW      3
0x0156	0x0724      	ADDWF      _texto, 0
0x0157	0x00B1      	MOVWF      FLOC__numero
0x0158	0x300A      	MOVLW      10
0x0159	0x00F4      	MOVWF      R4
0x015A	0x3000      	MOVLW      0
0x015B	0x00F5      	MOVWF      R4+1
0x015C	0x082F      	MOVF       FARG_numero_num, 0
0x015D	0x00F0      	MOVWF      R0
0x015E	0x0830      	MOVF       FARG_numero_num+1, 0
0x015F	0x00F1      	MOVWF      R0+1
0x0160	0x20A4      	CALL       _Div_16x16_S
0x0161	0x0878      	MOVF       R8, 0
0x0162	0x00F0      	MOVWF      R0
0x0163	0x0879      	MOVF       R8+1, 0
0x0164	0x00F1      	MOVWF      R0+1
0x0165	0x3030      	MOVLW      48
0x0166	0x07F0      	ADDWF      R0, 1
0x0167	0x0831      	MOVF       FLOC__numero, 0
0x0168	0x0084      	MOVWF      FSR
0x0169	0x0870      	MOVF       R0, 0
0x016A	0x0080      	MOVWF      INDF
;USARTContador.c,134 :: 		imprimeContagem();
0x016B	0x205C      	CALL       _imprimeContagem
;USARTContador.c,135 :: 		}
0x016C	0x0008      	RETURN
; end of _numero
___CC2DW:
;__Lib_System.c,24 :: 		
;__Lib_System.c,27 :: 		
_CC2D_Loop1:
;__Lib_System.c,29 :: 		
0x016D	0x2055      	CALL       _____DoICP
0x016E	0x118A      	BCF        PCLATH, 3
0x016F	0x120A      	BCF        PCLATH, 4
;__Lib_System.c,31 :: 		
0x0170	0x0080      	MOVWF      INDF
;__Lib_System.c,32 :: 		
0x0171	0x0A84      	INCF       FSR, 1
;__Lib_System.c,33 :: 		
0x0172	0x0AAB      	INCF       ___DoICPAddr, 1
;__Lib_System.c,35 :: 		
0x0173	0x1903      	BTFSC      STATUS, 2
;__Lib_System.c,36 :: 		
0x0174	0x0AAC      	INCF       ___DoICPAddr+1, 1
;__Lib_System.c,37 :: 		
0x0175	0x03F0      	DECF       R0, 1
;__Lib_System.c,39 :: 		
0x0176	0x1D03      	BTFSS      STATUS, 2
;__Lib_System.c,40 :: 		
0x0177	0x296D      	GOTO       _CC2D_Loop1
;__Lib_System.c,42 :: 		
0x0178	0x0008      	RETURN
; end of ___CC2DW
_main:
0x0179	0x1283      	BCF        STATUS, 5
0x017A	0x1303      	BCF        STATUS, 6
0x017B	0x01A1      	CLRF       _valor
0x017C	0x01A2      	CLRF       34
0x017D	0x01A3      	CLRF       _cont
0x017E	0x3025      	MOVLW      37
0x017F	0x00A4      	MOVWF      _texto
0x0180	0x3030      	MOVLW      48
0x0181	0x00A5      	MOVWF      ?lstr1_USARTContador
0x0182	0x3030      	MOVLW      48
0x0183	0x00A6      	MOVWF      38
0x0184	0x3030      	MOVLW      48
0x0185	0x00A7      	MOVWF      39
0x0186	0x3030      	MOVLW      48
0x0187	0x00A8      	MOVWF      40
0x0188	0x01A9      	CLRF       41
;USARTContador.c,37 :: 		void main() {
;USARTContador.c,41 :: 		CMCON = 0x07; // Desabilita os comparadores internos
0x0189	0x3007      	MOVLW      7
0x018A	0x009F      	MOVWF      CMCON
;USARTContador.c,42 :: 		OPTION_REG = 0x87; // Desabilita os pull-ups internos e configura o prescaler do timer0 em 1:256, associado ao timer0
0x018B	0x3087      	MOVLW      135
0x018C	0x1683      	BSF        STATUS, 5
0x018D	0x0081      	MOVWF      OPTION_REG
;USARTContador.c,43 :: 		INTCON = 0xE0; // Habilita a interrupção global, a interrupção por periféricos e habilita a interrupção pelo timer0
0x018E	0x30E0      	MOVLW      224
0x018F	0x008B      	MOVWF      INTCON
;USARTContador.c,47 :: 		SPBRG = 0x19; // Ou 25(decimal), para um baud rate de 9600. Esse valor equivale ao cálculo para Osc 4MHz, com a USART configurada
0x0190	0x3019      	MOVLW      25
0x0191	0x0099      	MOVWF      SPBRG
;USARTContador.c,50 :: 		TXEN_bit = 0x01; // Habilita transmissão
0x0192	0x1698      	BSF        TXEN_bit, 5
;USARTContador.c,51 :: 		SYNC_bit = 0x00; // Configura no modo assíncrono
0x0193	0x1218      	BCF        SYNC_bit, 4
;USARTContador.c,52 :: 		BRGH_bit = 0x01; // Configura o baud rate de alta velocidade
0x0194	0x1518      	BSF        BRGH_bit, 2
;USARTContador.c,55 :: 		SPEN_bit = 0x01; // Habilita a porta serial
0x0195	0x1283      	BCF        STATUS, 5
0x0196	0x1798      	BSF        SPEN_bit, 7
;USARTContador.c,56 :: 		CREN_bit = 0x01; // Habilita a recepção contínua
0x0197	0x1618      	BSF        CREN_bit, 4
;USARTContador.c,59 :: 		RCIE_bit = 0x01; // Habilita a interrupçâo por recepção da USART. Isto é, ocorre a interrup. quando a serial recebe dados
0x0198	0x1683      	BSF        STATUS, 5
0x0199	0x168C      	BSF        RCIE_bit, 5
;USARTContador.c,61 :: 		RCIF_bit = 0x00; // Limpa a flag de interrupção por recepção da USART
0x019A	0x1283      	BCF        STATUS, 5
0x019B	0x128C      	BCF        RCIF_bit, 5
;USARTContador.c,63 :: 		TRISA = 0xFC; // Configura apenas RA0 e RA1 como saídas digitais
0x019C	0x30FC      	MOVLW      252
0x019D	0x1683      	BSF        STATUS, 5
0x019E	0x0085      	MOVWF      TRISA
;USARTContador.c,64 :: 		TRISB = 0xFB; // Configura apenas RB2 (TX) como saída digital
0x019F	0x30FB      	MOVLW      251
0x01A0	0x0086      	MOVWF      TRISB
;USARTContador.c,65 :: 		PORTB = 0xFB; // Inicia apenas RB2 (TX) em Low
0x01A1	0x30FB      	MOVLW      251
0x01A2	0x1283      	BCF        STATUS, 5
0x01A3	0x0086      	MOVWF      PORTB
;USARTContador.c,66 :: 		led1 = 0x00; // Inicia led1 (RA0) em Low
0x01A4	0x1005      	BCF        RA0_bit, 0
;USARTContador.c,67 :: 		led2 = 0x01; // Inicia led2 (RA1) em High
0x01A5	0x1485      	BSF        RA1_bit, 1
;USARTContador.c,69 :: 		auxBotao = 0x00;
0x01A6	0x102A      	BCF        _auxBotao, BitPos(_auxBotao+0)
;USARTContador.c,71 :: 		imprimeContagem();
0x01A7	0x205C      	CALL       _imprimeContagem
;USARTContador.c,73 :: 		while(1){
L_main2:
;USARTContador.c,75 :: 		if(!bot) auxBotao = 0x01;
0x01A8	0x1283      	BCF        STATUS, 5
0x01A9	0x1905      	BTFSC      RA2_bit, 2
0x01AA	0x29AC      	GOTO       L_main4
0x01AB	0x142A      	BSF        _auxBotao, BitPos(_auxBotao+0)
L_main4:
;USARTContador.c,77 :: 		if(bot && auxBotao){
0x01AC	0x1D05      	BTFSS      RA2_bit, 2
0x01AD	0x29B9      	GOTO       L_main7
0x01AE	0x1C2A      	BTFSS      _auxBotao, BitPos(_auxBotao+0)
0x01AF	0x29B9      	GOTO       L_main7
L__main10:
;USARTContador.c,79 :: 		auxBotao = 0x00;
0x01B0	0x102A      	BCF        _auxBotao, BitPos(_auxBotao+0)
;USARTContador.c,81 :: 		valor++;
0x01B1	0x0AA1      	INCF       _valor, 1
0x01B2	0x1903      	BTFSC      STATUS, 2
0x01B3	0x0AA2      	INCF       _valor+1, 1
;USARTContador.c,82 :: 		numero(valor);
0x01B4	0x0821      	MOVF       _valor, 0
0x01B5	0x00AF      	MOVWF      FARG_numero_num
0x01B6	0x0822      	MOVF       _valor+1, 0
0x01B7	0x00B0      	MOVWF      FARG_numero_num+1
0x01B8	0x210D      	CALL       _numero
;USARTContador.c,83 :: 		}
L_main7:
;USARTContador.c,84 :: 		}
0x01B9	0x29A8      	GOTO       L_main2
;USARTContador.c,85 :: 		}
0x01BA	0x29BA      	GOTO       $+0
; end of _main
Symbol List:
//** Routines locations **
//ADDRESS    SIZE    PROCEDURE
//----------------------------------------------
0x0004      [31]    _interrupt
0x0023       [6]    _bufferTeste
0x0029      [44]    _Div_16x16_S_L
0x0055       [7]    _____DoICP
0x005C      [72]    _imprimeContagem
0x00A4     [105]    _Div_16x16_S
0x010D      [96]    _numero
0x016D      [12]    ___CC2DW
0x0179      [66]    _main
//** Variables locations ** 
//ADDRESS    SIZE    VARIABLE
//----------------------------------------------
0x0000       [1]    INDF
0x0001       [1]    TMR0
0x0002       [1]    PCL
0x0003       [0]    DC_bit
0x0003       [0]    C_bit
0x0003       [0]    Z_bit
0x0003       [0]    RP1_bit
0x0003       [0]    IRP_bit
0x0003       [1]    STATUS
0x0003       [0]    NOT_PD_bit
0x0003       [0]    NOT_TO_bit
0x0003       [0]    RP0_bit
0x0004       [1]    FSRPTR
0x0004       [1]    FSR
0x0005       [0]    RA3_bit
0x0005       [0]    RA7_bit
0x0005       [1]    PORTA
0x0005       [0]    RA2_bit
0x0005       [0]    RA1_bit
0x0005       [0]    RA0_bit
0x0005       [0]    RA4_bit
0x0005       [0]    RA6_bit
0x0005       [0]    RA5_bit
0x0006       [0]    RB4_bit
0x0006       [0]    RB0_bit
0x0006       [0]    RB6_bit
0x0006       [0]    RB5_bit
0x0006       [0]    RB7_bit
0x0006       [1]    PORTB
0x0006       [0]    RB2_bit
0x0006       [0]    RB3_bit
0x0006       [0]    RB1_bit
0x000A       [1]    PCLATH
0x000B       [0]    INTE_bit
0x000B       [1]    INTCON
0x000B       [0]    T0IE_bit
0x000B       [0]    INTF_bit
0x000B       [0]    RBIF_bit
0x000B       [0]    GIE_bit
0x000B       [0]    T0IF_bit
0x000B       [0]    PEIE_bit
0x000B       [0]    RBIE_bit
0x000C       [1]    PIR1
0x000C       [0]    TMR2IF_bit
0x000C       [0]    EEIF_bit
0x000C       [0]    TMR1IF_bit
0x000C       [0]    CCP1IF_bit
0x000C       [0]    RCIF_bit
0x000C       [0]    TXIF_bit
0x000C       [0]    CMIF_bit
0x000E       [1]    TMR1L
0x000F       [1]    TMR1H
0x0010       [0]    T1OSCEN_bit
0x0010       [0]    T1CKPS0_bit
0x0010       [0]    T1CKPS1_bit
0x0010       [0]    TMR1CS_bit
0x0010       [0]    TMR1ON_bit
0x0010       [1]    T1CON
0x0010       [0]    NOT_T1SYNC_bit
0x0011       [1]    TMR2
0x0012       [0]    T2CKPS0_bit
0x0012       [0]    TOUTPS0_bit
0x0012       [0]    T2CKPS1_bit
0x0012       [0]    TOUTPS1_bit
0x0012       [1]    T2CON
0x0012       [0]    TMR2ON_bit
0x0012       [0]    TOUTPS2_bit
0x0012       [0]    TOUTPS3_bit
0x0015       [2]    CCPR1
0x0015       [1]    CCPR1L
0x0016       [1]    CCPR1H
0x0017       [1]    CCP1CON
0x0017       [0]    CCP1X_bit
0x0017       [0]    CCP1Y_bit
0x0017       [0]    CCP1M2_bit
0x0017       [0]    CCP1M3_bit
0x0017       [0]    CCP1M0_bit
0x0017       [0]    CCP1M1_bit
0x0018       [0]    ADEN_bit
0x0018       [0]    OERR_bit
0x0018       [0]    FERR_bit
0x0018       [0]    CREN_bit
0x0018       [0]    SREN_bit
0x0018       [1]    RCSTA
0x0018       [0]    SPEN_bit
0x0018       [0]    RX9_bit
0x0018       [0]    RX9D_bit
0x0019       [1]    TXREG
0x001A       [1]    RCREG
0x001F       [1]    CMCON
0x001F       [0]    CM2_bit
0x001F       [0]    CIS_bit
0x001F       [0]    CM0_bit
0x001F       [0]    CM1_bit
0x001F       [0]    C1OUT_bit
0x001F       [0]    C2OUT_bit
0x001F       [0]    C1INV_bit
0x001F       [0]    C2INV_bit
0x0021       [2]    _valor
0x0023       [1]    _cont
0x0024       [1]    _texto
0x0025       [5]    ?lstr1_USARTContador
0x002A       [0]    _auxBotao
0x002B       [2]    ___DoICPAddr
0x002D       [1]    ___saveSTATUS
0x002E       [1]    ___savePCLATH
0x002F       [2]    FARG_numero_num
0x0031       [1]    FLOC__numero
0x0070       [1]    R0
0x0071       [1]    R1
0x0072       [1]    R2
0x0073       [1]    R3
0x0074       [1]    R4
0x0075       [1]    R5
0x0076       [1]    R6
0x0077       [1]    R7
0x0078       [1]    R8
0x0079       [1]    R9
0x007A       [1]    R10
0x007B       [1]    R11
0x007C       [1]    R12
0x007D       [1]    R13
0x007E       [1]    R14
0x007F       [1]    R15
0x0081       [0]    PS0_bit
0x0081       [0]    PS2_bit
0x0081       [0]    PSA_bit
0x0081       [1]    OPTION_REG
0x0081       [0]    INTEDG_bit
0x0081       [0]    T0CS_bit
0x0081       [0]    T0SE_bit
0x0081       [0]    NOT_RBPU_bit
0x0081       [0]    PS1_bit
0x0085       [0]    TRISA5_bit
0x0085       [0]    TRISA7_bit
0x0085       [0]    TRISA6_bit
0x0085       [0]    TRISA1_bit
0x0085       [0]    TRISA0_bit
0x0085       [0]    TRISA2_bit
0x0085       [0]    TRISA4_bit
0x0085       [0]    TRISA3_bit
0x0085       [1]    TRISA
0x0086       [0]    TRISB3_bit
0x0086       [0]    TRISB2_bit
0x0086       [0]    TRISB4_bit
0x0086       [0]    TRISB5_bit
0x0086       [0]    TRISB1_bit
0x0086       [0]    TRISB7_bit
0x0086       [0]    TRISB6_bit
0x0086       [0]    TRISB0_bit
0x0086       [1]    TRISB
0x008C       [0]    TXIE_bit
0x008C       [0]    RCIE_bit
0x008C       [0]    CCP1IE_bit
0x008C       [0]    TMR1IE_bit
0x008C       [0]    TMR2IE_bit
0x008C       [1]    PIE1
0x008C       [0]    EEIE_bit
0x008C       [0]    CMIE_bit
0x008E       [0]    NOT_BO_bit
0x008E       [0]    NOT_BOR_bit
0x008E       [0]    NOT_BOD_bit
0x008E       [0]    NOT_POR_bit
0x008E       [1]    PCON
0x008E       [0]    OSCF_bit
0x0092       [1]    PR2
0x0098       [0]    TX9_bit
0x0098       [0]    CSRC_bit
0x0098       [0]    TRMT_bit
0x0098       [0]    TX9D_bit
0x0098       [1]    TXSTA
0x0098       [0]    TXEN_bit
0x0098       [0]    SYNC_bit
0x0098       [0]    BRGH_bit
0x0099       [1]    SPBRG
0x009A       [1]    EEDATA
0x009B       [1]    EEADR
0x009C       [1]    EECON1
0x009C       [0]    WREN_bit
0x009C       [0]    WRERR_bit
0x009C       [0]    RD_bit
0x009C       [0]    WR_bit
0x009D       [1]    EECON2
0x009F       [0]    VRR_bit
0x009F       [0]    VR3_bit
0x009F       [0]    VREN_bit
0x009F       [0]    VROE_bit
0x009F       [0]    VR2_bit
0x009F       [1]    VRCON
0x009F       [0]    VR0_bit
0x009F       [0]    VR1_bit
//** Label List: ** 
//----------------------------------------------
  L_interrupt0
  L_interrupt1
  L_main2
  L_main3
  L_main4
  L_main5
  L_main6
  L_main7
  L_bufferTeste8
  L_bufferTeste9
  L__main10
  _interrupt
  L__interrupt11
  _main
  _imprimeContagem
  _bufferTeste
  _numero
  L_Div_16x16_S0
  L_Div_16x16_S1
  LOOPS3232A
  SADD22LA
  SOK22LA
  SADD22L8
  SOK22L8
  LOOPS3232B
  SADD22LB
  SOK22LB
  SADD22L16
  SOK22L16
  LOOPS3232C
  SADD22LC
  SOK22LC
  SADD22L24
  SOK22L24
  LOOPS3232D
  SADD22LD
  SOK22LD
  SOK22L
  L_Div_32x32_S6
  L_Div_32x32_S7
  L_Div_32x32_S8
  L_Div_32x32_S9
  FXD3232S
  END_ALL
  CA3232S
  C3232SX
  C3232SX1
  C3232S
  C3232S2
  C3232SX4
  C3232SOK
  C3232SX3
  C3232SX2
  avoid_comfrem
  LOOPU3232A
  UADD22LA
  UOK22LA
  UADD22L8
  UOK22L8
  LOOPU3232B
  UADD22LB
  UOK22LB
  UADD22L16
  UOK22L16
  LOOPU3232C
  UADD22LC
  UOK22LC
  UADD22L24
  UOK22L24
  LOOPU3232D
  UADD22LD
  UOK22LD
  UOK22L
  _NEXT
  _EXIT2
  _LOOP
  _EXIT1
  _IF_FIRST
  _IF_SECOND
  _INVERCE_FIRST
  _MULT
  _INBERSE_SECOND
  _EXIT
  _Mul_8x8_U
  _Mul_16x16_U
  _Div_8x8_U
  _Div_16x16_U
  _Mul_8x8_S
  _Mul_16x16_S
  _Div_16x16_S_L
  _Div_16x16_S
  _Div_8x8_S
  _SDIV3232L
  _COMFREM
  _Div_32x32_S
  _Div_32x32_U
  _Mul_32x32_U
  _Mul_32x32_S
  _CC2D_Loop1
  _____DoICP
  _____DoIFC
  ___CC2DW
  _Swap
  L_interrupt0
  L_interrupt1
  L_main2
  L_main3
  L_main4
  L_main5
  L_main6
  L_main7
  L_bufferTeste8
  L_bufferTeste9
  L__main10
  _interrupt
  L__interrupt11
  _main
  _imprimeContagem
  _bufferTeste
  _numero
