

Microchip Technology PIC18 LITE Macro Assembler V1.38 build -256452561 
                                                                                               Wed Aug 26 23:36:23 2020

Microchip Technology Omniscient Code Generator v1.38 (Free mode) build 201607010351
     1                           	processor	18F2550
     2                           	fnconf	rparam,??,?,0
     3                           	opt	pw 120
     4                           	opt	lm
     5                           	psect	cinit,global,reloc=2,class=CODE,delta=1
     6                           	psect	cstackCOMRAM,global,class=COMRAM,space=1,delta=1
     7                           	psect	text0,global,reloc=2,class=CODE,delta=1
     8                           	psect	text1,global,reloc=2,class=CODE,delta=1
     9                           	psect	text2,global,reloc=2,class=CODE,delta=1
    10                           	psect	intsave_regs,global,class=BIGRAM,space=1,delta=1
    11                           	psect	rparam,global,class=COMRAM,space=1,delta=1
    12  0000                     _OSCCON	set	4051
    13  0000                     _TRISB	set	3987
    14  0000                     _LATB0	set	31824
    15                           
    16                           ; #config settings
    17  0000                     
    18                           	psect	cinit
    19  007F84                     __pcinit:
    20                           	opt stack 0
    21  007F84                     start_initialization:
    22                           	opt stack 0
    23  007F84                     __initialization:
    24                           	opt stack 0
    25  007F84                     end_of_initialization:
    26                           	opt stack 0
    27  007F84                     __end_of__initialization:
    28                           	opt stack 0
    29  007F84  0100               	movlb	0
    30  007F86  EFCA  F03F         	goto	_main	;jump to C main() function
    31                           
    32                           	psect	cstackCOMRAM
    33  000001                     __pcstackCOMRAM:
    34                           	opt stack 0
    35  000001                     delay_ms@tempo:
    36                           	opt stack 0
    37                           
    38                           ; 2 bytes @ 0x0
    39  000001                     	ds	2
    40  000003                     delay_ms@i:
    41                           	opt stack 0
    42                           
    43                           ; 2 bytes @ 0x2
    44  000003                     	ds	2
    45  000005                     delay_ms@j:
    46                           	opt stack 0
    47                           
    48                           ; 4 bytes @ 0x4
    49  000005                     	ds	4
    50  000009                     
    51                           ; 1 bytes @ 0x8
    52 ;;
    53 ;;Main: autosize = 0, tempsize = 0, incstack = 0, save=0
    54 ;;
    55 ;; *************** function _main *****************
    56 ;; Defined at:
    57 ;;		line 32 in file "main.c"
    58 ;; Parameters:    Size  Location     Type
    59 ;;		None
    60 ;; Auto vars:     Size  Location     Type
    61 ;;		None
    62 ;; Return value:  Size  Location     Type
    63 ;;                  1    wreg      void 
    64 ;; Registers used:
    65 ;;		wreg, status,2, status,0, cstack
    66 ;; Tracked objects:
    67 ;;		On entry : 0/0
    68 ;;		On exit  : 0/0
    69 ;;		Unchanged: 0/0
    70 ;; Data sizes:     COMRAM   BANK0   BANK1   BANK2   BANK3   BANK4   BANK5   BANK6   BANK7
    71 ;;      Params:         0       0       0       0       0       0       0       0       0
    72 ;;      Locals:         0       0       0       0       0       0       0       0       0
    73 ;;      Temps:          0       0       0       0       0       0       0       0       0
    74 ;;      Totals:         0       0       0       0       0       0       0       0       0
    75 ;;Total ram usage:        0 bytes
    76 ;; Hardware stack levels required when called:    1
    77 ;; This function calls:
    78 ;;		_delay_ms
    79 ;;		_setup
    80 ;; This function is called by:
    81 ;;		Startup code after reset
    82 ;; This function uses a non-reentrant model
    83 ;;
    84                           
    85                           	psect	text0
    86  007F94                     __ptext0:
    87                           	opt stack 0
    88  007F94                     _main:
    89                           	opt stack 30
    90                           
    91                           ;main.c: 34: setup();
    92                           
    93                           ;incstack = 0
    94  007F94  ECC5  F03F         	call	_setup	;wreg free
    95  007F98                     l665:
    96                           
    97                           ;main.c: 38: LATB0 = 0b1;
    98  007F98  808A               	bsf	3978,0,c	;volatile
    99                           
   100                           ;main.c: 39: delay_ms(200);
   101  007F9A  0E00               	movlw	0
   102  007F9C  6E02               	movwf	delay_ms@tempo+1,c
   103  007F9E  0EC8               	movlw	200
   104  007FA0  6E01               	movwf	delay_ms@tempo,c
   105  007FA2  ECDB  F03F         	call	_delay_ms	;wreg free
   106                           
   107                           ;main.c: 40: LATB0 = 0b0;
   108  007FA6  908A               	bcf	3978,0,c	;volatile
   109                           
   110                           ;main.c: 41: delay_ms(200);
   111  007FA8  0E00               	movlw	0
   112  007FAA  6E02               	movwf	delay_ms@tempo+1,c
   113  007FAC  0EC8               	movlw	200
   114  007FAE  6E01               	movwf	delay_ms@tempo,c
   115  007FB0  ECDB  F03F         	call	_delay_ms	;wreg free
   116  007FB4  D7F1               	goto	l665
   117  007FB6                     __end_of_main:
   118                           	opt stack 0
   119                           
   120 ;; *************** function _setup *****************
   121 ;; Defined at:
   122 ;;		line 24 in file "main.c"
   123 ;; Parameters:    Size  Location     Type
   124 ;;		None
   125 ;; Auto vars:     Size  Location     Type
   126 ;;		None
   127 ;; Return value:  Size  Location     Type
   128 ;;                  1    wreg      void 
   129 ;; Registers used:
   130 ;;		wreg, status,2
   131 ;; Tracked objects:
   132 ;;		On entry : 0/0
   133 ;;		On exit  : 0/0
   134 ;;		Unchanged: 0/0
   135 ;; Data sizes:     COMRAM   BANK0   BANK1   BANK2   BANK3   BANK4   BANK5   BANK6   BANK7
   136 ;;      Params:         0       0       0       0       0       0       0       0       0
   137 ;;      Locals:         0       0       0       0       0       0       0       0       0
   138 ;;      Temps:          0       0       0       0       0       0       0       0       0
   139 ;;      Totals:         0       0       0       0       0       0       0       0       0
   140 ;;Total ram usage:        0 bytes
   141 ;; Hardware stack levels used:    1
   142 ;; This function calls:
   143 ;;		Nothing
   144 ;; This function is called by:
   145 ;;		_main
   146 ;; This function uses a non-reentrant model
   147 ;;
   148                           
   149                           	psect	text1
   150  007F8A                     __ptext1:
   151                           	opt stack 0
   152  007F8A                     _setup:
   153                           	opt stack 30
   154                           
   155                           ;main.c: 26: OSCCON = 0b10001100;
   156                           
   157                           ;incstack = 0
   158  007F8A  0E8C               	movlw	140
   159  007F8C  6ED3               	movwf	4051,c	;volatile
   160                           
   161                           ;main.c: 27: TRISB = 0b00000000;
   162  007F8E  0E00               	movlw	0
   163  007F90  6E93               	movwf	3987,c	;volatile
   164  007F92  0012               	return		;funcret
   165  007F94                     __end_of_setup:
   166                           	opt stack 0
   167                           
   168 ;; *************** function _delay_ms *****************
   169 ;; Defined at:
   170 ;;		line 47 in file "main.c"
   171 ;; Parameters:    Size  Location     Type
   172 ;;  tempo           2    0[COMRAM] unsigned int 
   173 ;; Auto vars:     Size  Location     Type
   174 ;;  j               4    4[COMRAM] unsigned long 
   175 ;;  i               2    2[COMRAM] unsigned int 
   176 ;; Return value:  Size  Location     Type
   177 ;;                  1    wreg      void 
   178 ;; Registers used:
   179 ;;		wreg, status,2, status,0
   180 ;; Tracked objects:
   181 ;;		On entry : 0/0
   182 ;;		On exit  : 0/0
   183 ;;		Unchanged: 0/0
   184 ;; Data sizes:     COMRAM   BANK0   BANK1   BANK2   BANK3   BANK4   BANK5   BANK6   BANK7
   185 ;;      Params:         2       0       0       0       0       0       0       0       0
   186 ;;      Locals:         6       0       0       0       0       0       0       0       0
   187 ;;      Temps:          0       0       0       0       0       0       0       0       0
   188 ;;      Totals:         8       0       0       0       0       0       0       0       0
   189 ;;Total ram usage:        8 bytes
   190 ;; Hardware stack levels used:    1
   191 ;; This function calls:
   192 ;;		Nothing
   193 ;; This function is called by:
   194 ;;		_main
   195 ;; This function uses a non-reentrant model
   196 ;;
   197                           
   198                           	psect	text2
   199  007FB6                     __ptext2:
   200                           	opt stack 0
   201  007FB6                     _delay_ms:
   202                           	opt stack 30
   203                           
   204                           ;main.c: 49: unsigned int i;
   205                           ;main.c: 50: unsigned long j;
   206                           ;main.c: 52: for(i = 0; i < tempo; i++){
   207                           
   208                           ;incstack = 0
   209  007FB6  0E00               	movlw	0
   210  007FB8  6E04               	movwf	delay_ms@i+1,c
   211  007FBA  0E00               	movlw	0
   212  007FBC  6E03               	movwf	delay_ms@i,c
   213  007FBE  D019               	goto	l661
   214  007FC0                     l651:
   215                           
   216                           ;main.c: 53: for(j = 0; j < 8000000/65500; j++);
   217  007FC0  0E00               	movlw	0
   218  007FC2  6E05               	movwf	delay_ms@j,c
   219  007FC4  0E00               	movlw	0
   220  007FC6  6E06               	movwf	delay_ms@j+1,c
   221  007FC8  0E00               	movlw	0
   222  007FCA  6E07               	movwf	delay_ms@j+2,c
   223  007FCC  0E00               	movlw	0
   224  007FCE  6E08               	movwf	delay_ms@j+3,c
   225  007FD0                     l653:
   226  007FD0  5008               	movf	delay_ms@j+3,w,c
   227  007FD2  1007               	iorwf	delay_ms@j+2,w,c
   228  007FD4  1006               	iorwf	delay_ms@j+1,w,c
   229  007FD6  E10B               	bnz	l659
   230  007FD8  0E7A               	movlw	122
   231  007FDA  5C05               	subwf	delay_ms@j,w,c
   232  007FDC  B0D8               	btfsc	status,0,c
   233  007FDE  D007               	goto	l659
   234  007FE0  0E01               	movlw	1
   235  007FE2  2605               	addwf	delay_ms@j,f,c
   236  007FE4  0E00               	movlw	0
   237  007FE6  2206               	addwfc	delay_ms@j+1,f,c
   238  007FE8  2207               	addwfc	delay_ms@j+2,f,c
   239  007FEA  2208               	addwfc	delay_ms@j+3,f,c
   240  007FEC  D7F1               	goto	l653
   241  007FEE                     l659:
   242  007FEE  4A03               	infsnz	delay_ms@i,f,c
   243  007FF0  2A04               	incf	delay_ms@i+1,f,c
   244  007FF2                     l661:
   245  007FF2  5001               	movf	delay_ms@tempo,w,c
   246  007FF4  5C03               	subwf	delay_ms@i,w,c
   247  007FF6  5002               	movf	delay_ms@tempo+1,w,c
   248  007FF8  5804               	subwfb	delay_ms@i+1,w,c
   249  007FFA  B0D8               	btfsc	status,0,c
   250  007FFC  0012               	return	
   251  007FFE  D7E0               	goto	l651
   252  008000                     __end_of_delay_ms:
   253                           	opt stack 0
   254  0000                     status	equ	0xFD8
   255                           status	equ	0xFD8
   256                           
   257                           	psect	rparam
   258  0000                     status	equ	0xFD8


Data Sizes:
    Strings     0
    Constant    0
    Data        0
    BSS         0
    Persistent  0
    Stack       0

Auto Spaces:
    Space          Size  Autos    Used
    COMRAM           95      8       8
    BANK0           160      0       0
    BANK1           256      0       0
    BANK2           256      0       0
    BANK3           256      0       0
    BANK4           256      0       0
    BANK5           256      0       0
    BANK6           256      0       0
    BANK7           256      0       0

Pointer List with Targets:

    None.

Critical Paths under _main in COMRAM

    _main->_delay_ms

Critical Paths under _main in BANK0

    None.

Critical Paths under _main in BANK1

    None.

Critical Paths under _main in BANK2

    None.

Critical Paths under _main in BANK3

    None.

Critical Paths under _main in BANK4

    None.

Critical Paths under _main in BANK5

    None.

Critical Paths under _main in BANK6

    None.

Critical Paths under _main in BANK7

    None.

Call Graph Tables:

 ---------------------------------------------------------------------------------
 (Depth) Function   	        Calls       Base Space   Used Autos Params    Refs
 ---------------------------------------------------------------------------------
 (0) _main                                                 0     0      0     178
                           _delay_ms
                              _setup
 ---------------------------------------------------------------------------------
 (1) _setup                                                0     0      0       0
 ---------------------------------------------------------------------------------
 (1) _delay_ms                                             8     6      2     178
                                              0 COMRAM     8     6      2
 ---------------------------------------------------------------------------------
 Estimated maximum stack depth 1
 ---------------------------------------------------------------------------------

 Call Graph Graphs:

 _main (ROOT)
   _delay_ms
   _setup

 Address spaces:
Name               Size   Autos  Total    Cost      Usage
BITCOMRAM           5F      0       0       0        0.0%
EEDATA             100      0       0       0        0.0%
NULL                 0      0       0       0        0.0%
CODE                 0      0       0       0        0.0%
COMRAM              5F      8       8       1        8.4%
STACK                0      0       0       2        0.0%
DATA                 0      0       0       3        0.0%
BITBANK0            A0      0       0       4        0.0%
BANK0               A0      0       0       5        0.0%
BITBANK1           100      0       0       6        0.0%
BANK1              100      0       0       7        0.0%
BITBANK2           100      0       0       8        0.0%
BANK2              100      0       0       9        0.0%
BITBANK3           100      0       0      10        0.0%
BANK3              100      0       0      11        0.0%
BITBANK4           100      0       0      12        0.0%
BANK4              100      0       0      13        0.0%
BITBANK5           100      0       0      14        0.0%
BANK5              100      0       0      15        0.0%
BITBANK6           100      0       0      16        0.0%
BANK6              100      0       0      17        0.0%
BITBANK7           100      0       0      18        0.0%
BANK7              100      0       0      19        0.0%
ABS                  0      0       0      20        0.0%
BIGRAM             7FF      0       0      21        0.0%
BITSFR               0      0       0      40        0.0%
SFR                  0      0       0      40        0.0%


Microchip Technology PIC18 Macro Assembler V1.38 build -256452561 
Symbol Table                                                                                   Wed Aug 26 23:36:23 2020

            __CFG_BOR$ON 000000              __CFG_BORV$3 000000             __CFG_CP0$OFF 000000  
           __CFG_CP1$OFF 000000             __CFG_CP2$OFF 000000             __CFG_CP3$OFF 000000  
            __CFG_LVP$ON 000000                      l651 7FC0                      l653 7FD0  
                    l661 7FF2                      l665 7F98                      l659 7FEE  
           __CFG_CPB$OFF 000000             __CFG_CPD$OFF 000000             __CFG_WDT$OFF 000000  
                   _main 7F94                     start 0000            __CFG_IESO$OFF 000000  
          __CFG_MCLRE$ON 000000             ___param_bank 000010            __CFG_PLLDIV$5 000000  
         __CFG_CCP2MX$ON 000000                    ?_main 0001                    _LATB0 007C50  
          __CFG_USBDIV$2 000000                    _TRISB 000F93            __CFG_PWRT$OFF 000000  
          __CFG_WRT0$OFF 000000            __CFG_WRT1$OFF 000000            __CFG_WRT2$OFF 000000  
          __CFG_WRT3$OFF 000000           __CFG_EBTR0$OFF 000000           __CFG_FCMEN$OFF 000000  
         __CFG_EBTR1$OFF 000000           __CFG_EBTR2$OFF 000000           __CFG_EBTR3$OFF 000000  
          __CFG_WRTB$OFF 000000            __CFG_WRTC$OFF 000000            __CFG_WRTD$OFF 000000  
         __CFG_EBTRB$OFF 000000                    _setup 7F8A                    status 000FD8  
         __CFG_PBADEN$ON 000000          __initialization 7F84             __end_of_main 7FB6  
                 ??_main 0009            __activetblptr 000000                   ?_setup 0001  
                 _OSCCON 000FD3         __end_of_delay_ms 8000           __CFG_XINST$OFF 000000  
         __CFG_STVREN$ON 000000               __accesstop 0060  __end_of__initialization 7F84  
          ___rparam_used 000001           __pcstackCOMRAM 0001            __end_of_setup 7F94  
                ??_setup 0001                ?_delay_ms 0001          __CFG_VREGEN$OFF 000000  
                __Hparam 0000                  __Lparam 0000                  __pcinit 7F84  
                __ramtop 0800                  __ptext0 7F94                  __ptext1 7F8A  
                __ptext2 7FB6               ??_delay_ms 0003     end_of_initialization 7F84  
          delay_ms@tempo 0001      start_initialization 7F84         __CFG_LPT1OSC$OFF 000000  
      __size_of_delay_ms 004A           __size_of_setup 000A                delay_ms@i 0003  
              delay_ms@j 0005         __CFG_WDTPS$32768 000000                 __Hrparam 0000  
               __Lrparam 0000                 _delay_ms 7FB6            __size_of_main 0022  
  __CFG_CPUDIV$OSC1_PLL2 000000       __CFG_FOSC$HSPLL_HS 000000  
