;  LST file generated by mikroListExporter - v.2.0 
; Date/Time: 15/05/2020 16:44:08
;----------------------------------------------

;Address Opcode 	ASM
0x0000	0x289A      	GOTO       154
_interrupt:
0x0004	0x00FF      	MOVWF      R15
0x0005	0x0E03      	SWAPF      STATUS, 0
0x0006	0x0183      	CLRF       STATUS
0x0007	0x00A4      	MOVWF      ___saveSTATUS
0x0008	0x080A      	MOVF       PCLATH, 0
0x0009	0x00A5      	MOVWF      ___savePCLATH
0x000A	0x018A      	CLRF       PCLATH
;MotorPassoTimer0.c,31 :: 		void interrupt(){
;MotorPassoTimer0.c,33 :: 		if(T0IF_bit){
0x000B	0x1D0B      	BTFSS      T0IF_bit, 2
0x000C	0x2848      	GOTO       L_interrupt0
;MotorPassoTimer0.c,35 :: 		T0IF_bit = 0x00;
0x000D	0x110B      	BCF        T0IF_bit, 2
;MotorPassoTimer0.c,36 :: 		TMR0 = velocidade;
0x000E	0x0821      	MOVF       _velocidade, 0
0x000F	0x0081      	MOVWF      TMR0
;MotorPassoTimer0.c,38 :: 		switch(cont){
0x0010	0x2821      	GOTO       L_interrupt1
;MotorPassoTimer0.c,40 :: 		case 0x01: passo1();
L_interrupt3:
0x0011	0x2062      	CALL       _passo1
;MotorPassoTimer0.c,41 :: 		break;
0x0012	0x2841      	GOTO       L_interrupt2
;MotorPassoTimer0.c,42 :: 		case 0x02: passo2();
L_interrupt4:
0x0013	0x2069      	CALL       _passo2
;MotorPassoTimer0.c,43 :: 		break;
0x0014	0x2841      	GOTO       L_interrupt2
;MotorPassoTimer0.c,44 :: 		case 0x03: passo3();
L_interrupt5:
0x0015	0x2070      	CALL       _passo3
;MotorPassoTimer0.c,45 :: 		break;
0x0016	0x2841      	GOTO       L_interrupt2
;MotorPassoTimer0.c,46 :: 		case 0x04: passo4();
L_interrupt6:
0x0017	0x207E      	CALL       _passo4
;MotorPassoTimer0.c,47 :: 		break;
0x0018	0x2841      	GOTO       L_interrupt2
;MotorPassoTimer0.c,48 :: 		case 0x05: passo5();
L_interrupt7:
0x0019	0x2085      	CALL       _passo5
;MotorPassoTimer0.c,49 :: 		break;
0x001A	0x2841      	GOTO       L_interrupt2
;MotorPassoTimer0.c,50 :: 		case 0x06: passo6();
L_interrupt8:
0x001B	0x2093      	CALL       _passo6
;MotorPassoTimer0.c,51 :: 		break;
0x001C	0x2841      	GOTO       L_interrupt2
;MotorPassoTimer0.c,52 :: 		case 0x07: passo7();
L_interrupt9:
0x001D	0x208C      	CALL       _passo7
;MotorPassoTimer0.c,53 :: 		break;
0x001E	0x2841      	GOTO       L_interrupt2
;MotorPassoTimer0.c,54 :: 		case 0x08: passo8();
L_interrupt10:
0x001F	0x2077      	CALL       _passo8
;MotorPassoTimer0.c,55 :: 		break;
0x0020	0x2841      	GOTO       L_interrupt2
;MotorPassoTimer0.c,56 :: 		}
L_interrupt1:
0x0021	0x0820      	MOVF       _cont, 0
0x0022	0x3A01      	XORLW      1
0x0023	0x1903      	BTFSC      STATUS, 2
0x0024	0x2811      	GOTO       L_interrupt3
0x0025	0x0820      	MOVF       _cont, 0
0x0026	0x3A02      	XORLW      2
0x0027	0x1903      	BTFSC      STATUS, 2
0x0028	0x2813      	GOTO       L_interrupt4
0x0029	0x0820      	MOVF       _cont, 0
0x002A	0x3A03      	XORLW      3
0x002B	0x1903      	BTFSC      STATUS, 2
0x002C	0x2815      	GOTO       L_interrupt5
0x002D	0x0820      	MOVF       _cont, 0
0x002E	0x3A04      	XORLW      4
0x002F	0x1903      	BTFSC      STATUS, 2
0x0030	0x2817      	GOTO       L_interrupt6
0x0031	0x0820      	MOVF       _cont, 0
0x0032	0x3A05      	XORLW      5
0x0033	0x1903      	BTFSC      STATUS, 2
0x0034	0x2819      	GOTO       L_interrupt7
0x0035	0x0820      	MOVF       _cont, 0
0x0036	0x3A06      	XORLW      6
0x0037	0x1903      	BTFSC      STATUS, 2
0x0038	0x281B      	GOTO       L_interrupt8
0x0039	0x0820      	MOVF       _cont, 0
0x003A	0x3A07      	XORLW      7
0x003B	0x1903      	BTFSC      STATUS, 2
0x003C	0x281D      	GOTO       L_interrupt9
0x003D	0x0820      	MOVF       _cont, 0
0x003E	0x3A08      	XORLW      8
0x003F	0x1903      	BTFSC      STATUS, 2
0x0040	0x281F      	GOTO       L_interrupt10
L_interrupt2:
;MotorPassoTimer0.c,58 :: 		cont++;
0x0041	0x0AA0      	INCF       _cont, 1
;MotorPassoTimer0.c,60 :: 		if(cont > 0x08)
0x0042	0x0820      	MOVF       _cont, 0
0x0043	0x3C08      	SUBLW      8
0x0044	0x1803      	BTFSC      STATUS, 0
0x0045	0x2848      	GOTO       L_interrupt11
;MotorPassoTimer0.c,61 :: 		cont = 0x01;
0x0046	0x3001      	MOVLW      1
0x0047	0x00A0      	MOVWF      _cont
L_interrupt11:
;MotorPassoTimer0.c,62 :: 		}
L_interrupt0:
;MotorPassoTimer0.c,63 :: 		}
L__interrupt30:
0x0048	0x0825      	MOVF       ___savePCLATH, 0
0x0049	0x008A      	MOVWF      PCLATH
0x004A	0x0E24      	SWAPF      ___saveSTATUS, 0
0x004B	0x0083      	MOVWF      STATUS
0x004C	0x0EFF      	SWAPF      R15, 1
0x004D	0x0E7F      	SWAPF      R15, 0
0x004E	0x0009      	RETFIE
; end of _interrupt
_____DoICP:
;__Lib_System.c,6 :: 		
;__Lib_System.c,9 :: 		
0x004F	0x1283      	BCF        STATUS, 5
0x0050	0x1303      	BCF        STATUS, 6
0x0051	0x0823      	MOVF       ___DoICPAddr+1, 0
0x0052	0x008A      	MOVWF      PCLATH
;__Lib_System.c,10 :: 		
0x0053	0x0822      	MOVF       ___DoICPAddr, 0
0x0054	0x0082      	MOVWF      PCL
;__Lib_System.c,12 :: 		
0x0055	0x0008      	RETURN
; end of _____DoICP
___CC2DW:
;__Lib_System.c,24 :: 		
;__Lib_System.c,27 :: 		
_CC2D_Loop1:
;__Lib_System.c,29 :: 		
0x0056	0x204F      	CALL       _____DoICP
0x0057	0x118A      	BCF        PCLATH, 3
0x0058	0x120A      	BCF        PCLATH, 4
;__Lib_System.c,31 :: 		
0x0059	0x0080      	MOVWF      INDF
;__Lib_System.c,32 :: 		
0x005A	0x0A84      	INCF       FSR, 1
;__Lib_System.c,33 :: 		
0x005B	0x0AA2      	INCF       ___DoICPAddr, 1
;__Lib_System.c,35 :: 		
0x005C	0x1903      	BTFSC      STATUS, 2
;__Lib_System.c,36 :: 		
0x005D	0x0AA3      	INCF       ___DoICPAddr+1, 1
;__Lib_System.c,37 :: 		
0x005E	0x03F0      	DECF       R0, 1
;__Lib_System.c,39 :: 		
0x005F	0x1D03      	BTFSS      STATUS, 2
;__Lib_System.c,40 :: 		
0x0060	0x2856      	GOTO       _CC2D_Loop1
;__Lib_System.c,42 :: 		
0x0061	0x0008      	RETURN
; end of ___CC2DW
_passo1:
;MotorPassoTimer0.c,98 :: 		void passo1(){
;MotorPassoTimer0.c,100 :: 		m1 = 0x01;
0x0062	0x1283      	BCF        STATUS, 5
0x0063	0x1303      	BCF        STATUS, 6
0x0064	0x1586      	BSF        RB3_bit, 3
;MotorPassoTimer0.c,101 :: 		m2 = 0x00;
0x0065	0x1106      	BCF        RB2_bit, 2
;MotorPassoTimer0.c,102 :: 		m3 = 0x00;
0x0066	0x1086      	BCF        RB1_bit, 1
;MotorPassoTimer0.c,103 :: 		m4 = 0x00;
0x0067	0x1006      	BCF        RB0_bit, 0
;MotorPassoTimer0.c,104 :: 		}
0x0068	0x0008      	RETURN
; end of _passo1
_passo2:
;MotorPassoTimer0.c,106 :: 		void passo2(){
;MotorPassoTimer0.c,108 :: 		m1 = 0x01;
0x0069	0x1283      	BCF        STATUS, 5
0x006A	0x1303      	BCF        STATUS, 6
0x006B	0x1586      	BSF        RB3_bit, 3
;MotorPassoTimer0.c,109 :: 		m2 = 0x01;
0x006C	0x1506      	BSF        RB2_bit, 2
;MotorPassoTimer0.c,110 :: 		m3 = 0x00;
0x006D	0x1086      	BCF        RB1_bit, 1
;MotorPassoTimer0.c,111 :: 		m4 = 0x00;
0x006E	0x1006      	BCF        RB0_bit, 0
;MotorPassoTimer0.c,112 :: 		}
0x006F	0x0008      	RETURN
; end of _passo2
_passo3:
;MotorPassoTimer0.c,114 :: 		void passo3(){
;MotorPassoTimer0.c,116 :: 		m1 = 0x00;
0x0070	0x1283      	BCF        STATUS, 5
0x0071	0x1303      	BCF        STATUS, 6
0x0072	0x1186      	BCF        RB3_bit, 3
;MotorPassoTimer0.c,117 :: 		m2 = 0x01;
0x0073	0x1506      	BSF        RB2_bit, 2
;MotorPassoTimer0.c,118 :: 		m3 = 0x00;
0x0074	0x1086      	BCF        RB1_bit, 1
;MotorPassoTimer0.c,119 :: 		m4 = 0x00;
0x0075	0x1006      	BCF        RB0_bit, 0
;MotorPassoTimer0.c,120 :: 		}
0x0076	0x0008      	RETURN
; end of _passo3
_passo8:
;MotorPassoTimer0.c,154 :: 		void passo8(){
;MotorPassoTimer0.c,156 :: 		m1 = 0x01;
0x0077	0x1283      	BCF        STATUS, 5
0x0078	0x1303      	BCF        STATUS, 6
0x0079	0x1586      	BSF        RB3_bit, 3
;MotorPassoTimer0.c,157 :: 		m2 = 0x00;
0x007A	0x1106      	BCF        RB2_bit, 2
;MotorPassoTimer0.c,158 :: 		m3 = 0x00;
0x007B	0x1086      	BCF        RB1_bit, 1
;MotorPassoTimer0.c,159 :: 		m4 = 0x01;
0x007C	0x1406      	BSF        RB0_bit, 0
;MotorPassoTimer0.c,160 :: 		}
0x007D	0x0008      	RETURN
; end of _passo8
_passo4:
;MotorPassoTimer0.c,122 :: 		void passo4(){
;MotorPassoTimer0.c,124 :: 		m1 = 0x00;
0x007E	0x1283      	BCF        STATUS, 5
0x007F	0x1303      	BCF        STATUS, 6
0x0080	0x1186      	BCF        RB3_bit, 3
;MotorPassoTimer0.c,125 :: 		m2 = 0x01;
0x0081	0x1506      	BSF        RB2_bit, 2
;MotorPassoTimer0.c,126 :: 		m3 = 0x01;
0x0082	0x1486      	BSF        RB1_bit, 1
;MotorPassoTimer0.c,127 :: 		m4 = 0x00;
0x0083	0x1006      	BCF        RB0_bit, 0
;MotorPassoTimer0.c,128 :: 		}
0x0084	0x0008      	RETURN
; end of _passo4
_passo5:
;MotorPassoTimer0.c,130 :: 		void passo5(){
;MotorPassoTimer0.c,132 :: 		m1 = 0x00;
0x0085	0x1283      	BCF        STATUS, 5
0x0086	0x1303      	BCF        STATUS, 6
0x0087	0x1186      	BCF        RB3_bit, 3
;MotorPassoTimer0.c,133 :: 		m2 = 0x00;
0x0088	0x1106      	BCF        RB2_bit, 2
;MotorPassoTimer0.c,134 :: 		m3 = 0x01;
0x0089	0x1486      	BSF        RB1_bit, 1
;MotorPassoTimer0.c,135 :: 		m4 = 0x00;
0x008A	0x1006      	BCF        RB0_bit, 0
;MotorPassoTimer0.c,136 :: 		}
0x008B	0x0008      	RETURN
; end of _passo5
_passo7:
;MotorPassoTimer0.c,146 :: 		void passo7(){
;MotorPassoTimer0.c,148 :: 		m1 = 0x00;
0x008C	0x1283      	BCF        STATUS, 5
0x008D	0x1303      	BCF        STATUS, 6
0x008E	0x1186      	BCF        RB3_bit, 3
;MotorPassoTimer0.c,149 :: 		m2 = 0x00;
0x008F	0x1106      	BCF        RB2_bit, 2
;MotorPassoTimer0.c,150 :: 		m3 = 0x00;
0x0090	0x1086      	BCF        RB1_bit, 1
;MotorPassoTimer0.c,151 :: 		m4 = 0x01;
0x0091	0x1406      	BSF        RB0_bit, 0
;MotorPassoTimer0.c,152 :: 		}
0x0092	0x0008      	RETURN
; end of _passo7
_passo6:
;MotorPassoTimer0.c,138 :: 		void passo6(){
;MotorPassoTimer0.c,140 :: 		m1 = 0x00;
0x0093	0x1283      	BCF        STATUS, 5
0x0094	0x1303      	BCF        STATUS, 6
0x0095	0x1186      	BCF        RB3_bit, 3
;MotorPassoTimer0.c,141 :: 		m2 = 0x00;
0x0096	0x1106      	BCF        RB2_bit, 2
;MotorPassoTimer0.c,142 :: 		m3 = 0x01;
0x0097	0x1486      	BSF        RB1_bit, 1
;MotorPassoTimer0.c,143 :: 		m4 = 0x01;
0x0098	0x1406      	BSF        RB0_bit, 0
;MotorPassoTimer0.c,144 :: 		}
0x0099	0x0008      	RETURN
; end of _passo6
_main:
0x009A	0x3001      	MOVLW      1
0x009B	0x1283      	BCF        STATUS, 5
0x009C	0x1303      	BCF        STATUS, 6
0x009D	0x00A0      	MOVWF      _cont
0x009E	0x3064      	MOVLW      100
0x009F	0x00A1      	MOVWF      _velocidade
;MotorPassoTimer0.c,65 :: 		void main() {
;MotorPassoTimer0.c,67 :: 		CMCON = 0x07; //Desabilita os comparadores internos
0x00A0	0x3007      	MOVLW      7
0x00A1	0x009F      	MOVWF      CMCON
;MotorPassoTimer0.c,68 :: 		OPTION_REG = 0x87; // Desabilita os pull-ups internos, fazr tmr0 incrementar com o clock interno e configura o prescaler em 1:256
0x00A2	0x3087      	MOVLW      135
0x00A3	0x1683      	BSF        STATUS, 5
0x00A4	0x0081      	MOVWF      OPTION_REG
;MotorPassoTimer0.c,69 :: 		INTCON = 0xA0; // Habilita a interrupção global e habilita a interrupção pelo timer0
0x00A5	0x30A0      	MOVLW      160
0x00A6	0x008B      	MOVWF      INTCON
;MotorPassoTimer0.c,70 :: 		TMR0 = velocidade;
0x00A7	0x1283      	BCF        STATUS, 5
0x00A8	0x0821      	MOVF       _velocidade, 0
0x00A9	0x0081      	MOVWF      TMR0
;MotorPassoTimer0.c,72 :: 		TRISA = 0xFC; // Configura apenas RA0 e RA1 como saídas digitais
0x00AA	0x30FC      	MOVLW      252
0x00AB	0x1683      	BSF        STATUS, 5
0x00AC	0x0085      	MOVWF      TRISA
;MotorPassoTimer0.c,73 :: 		TRISB = 0xF0; // Configura segundo neeble como saída
0x00AD	0x30F0      	MOVLW      240
0x00AE	0x0086      	MOVWF      TRISB
;MotorPassoTimer0.c,74 :: 		PORTA = 0xFC; // Inicia apenas RB0 e RB1 em Low
0x00AF	0x30FC      	MOVLW      252
0x00B0	0x1283      	BCF        STATUS, 5
0x00B1	0x0085      	MOVWF      PORTA
;MotorPassoTimer0.c,75 :: 		PORTB = 0xF0; // Inicia o segundo neeble em Low
0x00B2	0x30F0      	MOVLW      240
0x00B3	0x0086      	MOVWF      PORTB
;MotorPassoTimer0.c,77 :: 		while(1){
L_main12:
;MotorPassoTimer0.c,79 :: 		if(!bot1 && !led1){
0x00B4	0x1905      	BTFSC      RA2_bit, 2
0x00B5	0x28BA      	GOTO       L_main16
0x00B6	0x1805      	BTFSC      RA0_bit, 0
0x00B7	0x28BA      	GOTO       L_main16
L__main29:
;MotorPassoTimer0.c,81 :: 		led1 = 0x01;
0x00B8	0x1405      	BSF        RA0_bit, 0
;MotorPassoTimer0.c,82 :: 		velocidade++;
0x00B9	0x0AA1      	INCF       _velocidade, 1
;MotorPassoTimer0.c,83 :: 		}
L_main16:
;MotorPassoTimer0.c,84 :: 		if(!bot2 && !led2){
0x00BA	0x1985      	BTFSC      RA3_bit, 3
0x00BB	0x28C0      	GOTO       L_main19
0x00BC	0x1885      	BTFSC      RA1_bit, 1
0x00BD	0x28C0      	GOTO       L_main19
L__main28:
;MotorPassoTimer0.c,86 :: 		led2 = 0x01;
0x00BE	0x1485      	BSF        RA1_bit, 1
;MotorPassoTimer0.c,87 :: 		velocidade--;
0x00BF	0x03A1      	DECF       _velocidade, 1
;MotorPassoTimer0.c,88 :: 		}
L_main19:
;MotorPassoTimer0.c,90 :: 		if(bot1 && led1)
0x00C0	0x1D05      	BTFSS      RA2_bit, 2
0x00C1	0x28C5      	GOTO       L_main22
0x00C2	0x1C05      	BTFSS      RA0_bit, 0
0x00C3	0x28C5      	GOTO       L_main22
L__main27:
;MotorPassoTimer0.c,91 :: 		led1 = 0x00;
0x00C4	0x1005      	BCF        RA0_bit, 0
L_main22:
;MotorPassoTimer0.c,93 :: 		if(bot2 && led2)
0x00C5	0x1D85      	BTFSS      RA3_bit, 3
0x00C6	0x28CA      	GOTO       L_main25
0x00C7	0x1C85      	BTFSS      RA1_bit, 1
0x00C8	0x28CA      	GOTO       L_main25
L__main26:
;MotorPassoTimer0.c,94 :: 		led2 = 0x00;
0x00C9	0x1085      	BCF        RA1_bit, 1
L_main25:
;MotorPassoTimer0.c,95 :: 		}
0x00CA	0x28B4      	GOTO       L_main12
;MotorPassoTimer0.c,96 :: 		}
0x00CB	0x28CB      	GOTO       $+0
; end of _main
Symbol List:
//** Routines locations **
//ADDRESS    SIZE    PROCEDURE
//----------------------------------------------
0x0004      [75]    _interrupt
0x004F       [7]    _____DoICP
0x0056      [12]    ___CC2DW
0x0062       [7]    _passo1
0x0069       [7]    _passo2
0x0070       [7]    _passo3
0x0077       [7]    _passo8
0x007E       [7]    _passo4
0x0085       [7]    _passo5
0x008C       [7]    _passo7
0x0093       [7]    _passo6
0x009A      [50]    _main
//** Variables locations ** 
//ADDRESS    SIZE    VARIABLE
//----------------------------------------------
0x0000       [1]    INDF
0x0001       [1]    TMR0
0x0002       [1]    PCL
0x0003       [0]    NOT_TO_bit
0x0003       [1]    STATUS
0x0003       [0]    NOT_PD_bit
0x0003       [0]    Z_bit
0x0003       [0]    IRP_bit
0x0003       [0]    RP1_bit
0x0003       [0]    DC_bit
0x0003       [0]    C_bit
0x0003       [0]    RP0_bit
0x0004       [1]    FSRPTR
0x0004       [1]    FSR
0x0005       [0]    RA5_bit
0x0005       [0]    RA0_bit
0x0005       [0]    RA7_bit
0x0005       [1]    PORTA
0x0005       [0]    RA6_bit
0x0005       [0]    RA3_bit
0x0005       [0]    RA2_bit
0x0005       [0]    RA4_bit
0x0005       [0]    RA1_bit
0x0006       [0]    RB2_bit
0x0006       [0]    RB1_bit
0x0006       [0]    RB5_bit
0x0006       [0]    RB4_bit
0x0006       [0]    RB7_bit
0x0006       [0]    RB3_bit
0x0006       [0]    RB0_bit
0x0006       [0]    RB6_bit
0x0006       [1]    PORTB
0x000A       [1]    PCLATH
0x000B       [1]    INTCON
0x000B       [0]    INTE_bit
0x000B       [0]    T0IE_bit
0x000B       [0]    T0IF_bit
0x000B       [0]    GIE_bit
0x000B       [0]    RBIE_bit
0x000B       [0]    RBIF_bit
0x000B       [0]    INTF_bit
0x000B       [0]    PEIE_bit
0x000C       [0]    EEIF_bit
0x000C       [0]    TMR1IF_bit
0x000C       [0]    RCIF_bit
0x000C       [1]    PIR1
0x000C       [0]    TXIF_bit
0x000C       [0]    CCP1IF_bit
0x000C       [0]    CMIF_bit
0x000C       [0]    TMR2IF_bit
0x000E       [1]    TMR1L
0x000F       [1]    TMR1H
0x0010       [0]    T1OSCEN_bit
0x0010       [0]    NOT_T1SYNC_bit
0x0010       [0]    TMR1ON_bit
0x0010       [0]    TMR1CS_bit
0x0010       [1]    T1CON
0x0010       [0]    T1CKPS1_bit
0x0010       [0]    T1CKPS0_bit
0x0011       [1]    TMR2
0x0012       [0]    TOUTPS1_bit
0x0012       [0]    TOUTPS0_bit
0x0012       [0]    TMR2ON_bit
0x0012       [1]    T2CON
0x0012       [0]    TOUTPS3_bit
0x0012       [0]    TOUTPS2_bit
0x0012       [0]    T2CKPS0_bit
0x0012       [0]    T2CKPS1_bit
0x0015       [1]    CCPR1L
0x0015       [2]    CCPR1
0x0016       [1]    CCPR1H
0x0017       [0]    CCP1M2_bit
0x0017       [0]    CCP1M3_bit
0x0017       [0]    CCP1Y_bit
0x0017       [0]    CCP1M0_bit
0x0017       [1]    CCP1CON
0x0017       [0]    CCP1M1_bit
0x0017       [0]    CCP1X_bit
0x0018       [0]    SREN_bit
0x0018       [1]    RCSTA
0x0018       [0]    OERR_bit
0x0018       [0]    SPEN_bit
0x0018       [0]    RX9D_bit
0x0018       [0]    RX9_bit
0x0018       [0]    FERR_bit
0x0018       [0]    ADEN_bit
0x0018       [0]    CREN_bit
0x0019       [1]    TXREG
0x001A       [1]    RCREG
0x001F       [0]    C1OUT_bit
0x001F       [0]    C2OUT_bit
0x001F       [1]    CMCON
0x001F       [0]    CIS_bit
0x001F       [0]    CM1_bit
0x001F       [0]    CM2_bit
0x001F       [0]    C1INV_bit
0x001F       [0]    C2INV_bit
0x001F       [0]    CM0_bit
0x0020       [1]    _cont
0x0021       [1]    _velocidade
0x0022       [2]    ___DoICPAddr
0x0024       [1]    ___saveSTATUS
0x0025       [1]    ___savePCLATH
0x0070       [1]    R0
0x0071       [1]    R1
0x0072       [1]    R2
0x0073       [1]    R3
0x0074       [1]    R4
0x0075       [1]    R5
0x0076       [1]    R6
0x0077       [1]    R7
0x0078       [1]    R8
0x0079       [1]    R9
0x007A       [1]    R10
0x007B       [1]    R11
0x007C       [1]    R12
0x007D       [1]    R13
0x007E       [1]    R14
0x007F       [1]    R15
0x0081       [0]    T0SE_bit
0x0081       [0]    T0CS_bit
0x0081       [1]    OPTION_REG
0x0081       [0]    PSA_bit
0x0081       [0]    NOT_RBPU_bit
0x0081       [0]    INTEDG_bit
0x0081       [0]    PS2_bit
0x0081       [0]    PS0_bit
0x0081       [0]    PS1_bit
0x0085       [0]    TRISA4_bit
0x0085       [0]    TRISA3_bit
0x0085       [0]    TRISA6_bit
0x0085       [0]    TRISA5_bit
0x0085       [0]    TRISA2_bit
0x0085       [1]    TRISA
0x0085       [0]    TRISA1_bit
0x0085       [0]    TRISA0_bit
0x0085       [0]    TRISA7_bit
0x0086       [0]    TRISB7_bit
0x0086       [0]    TRISB3_bit
0x0086       [0]    TRISB5_bit
0x0086       [0]    TRISB6_bit
0x0086       [0]    TRISB4_bit
0x0086       [0]    TRISB1_bit
0x0086       [0]    TRISB2_bit
0x0086       [1]    TRISB
0x0086       [0]    TRISB0_bit
0x008C       [1]    PIE1
0x008C       [0]    TMR1IE_bit
0x008C       [0]    EEIE_bit
0x008C       [0]    CMIE_bit
0x008C       [0]    RCIE_bit
0x008C       [0]    TMR2IE_bit
0x008C       [0]    CCP1IE_bit
0x008C       [0]    TXIE_bit
0x008E       [0]    NOT_BO_bit
0x008E       [0]    NOT_BOD_bit
0x008E       [0]    NOT_BOR_bit
0x008E       [1]    PCON
0x008E       [0]    OSCF_bit
0x008E       [0]    NOT_POR_bit
0x0092       [1]    PR2
0x0098       [1]    TXSTA
0x0098       [0]    CSRC_bit
0x0098       [0]    BRGH_bit
0x0098       [0]    TRMT_bit
0x0098       [0]    TX9D_bit
0x0098       [0]    SYNC_bit
0x0098       [0]    TX9_bit
0x0098       [0]    TXEN_bit
0x0099       [1]    SPBRG
0x009A       [1]    EEDATA
0x009B       [1]    EEADR
0x009C       [1]    EECON1
0x009C       [0]    WRERR_bit
0x009C       [0]    WREN_bit
0x009C       [0]    WR_bit
0x009C       [0]    RD_bit
0x009D       [1]    EECON2
0x009F       [0]    VR0_bit
0x009F       [0]    VR1_bit
0x009F       [0]    VROE_bit
0x009F       [0]    VREN_bit
0x009F       [1]    VRCON
0x009F       [0]    VR2_bit
0x009F       [0]    VR3_bit
0x009F       [0]    VRR_bit
//** Label List: ** 
//----------------------------------------------
  L_interrupt0
  L_interrupt1
  L_interrupt2
  L_interrupt3
  L_interrupt4
  L_interrupt5
  L_interrupt6
  L_interrupt7
  L_interrupt8
  L_interrupt9
  L_interrupt10
  L_interrupt11
  L_main12
  L_main13
  L_main14
  L_main15
  L_main16
  L_main17
  L_main18
  L_main19
  L_main20
  L_main21
  L_main22
  L_main23
  L_main24
  L_main25
  L__main26
  L__main27
  L__main28
  L__main29
  _interrupt
  L__interrupt30
  _main
  _passo1
  _passo2
  _passo3
  _passo4
  _passo5
  _passo6
  _passo7
  _passo8
  _CC2D_Loop1
  _____DoICP
  _____DoIFC
  ___CC2DW
  _Swap
  L_interrupt0
  L_interrupt1
  L_interrupt2
  L_interrupt3
  L_interrupt4
  L_interrupt5
  L_interrupt6
  L_interrupt7
  L_interrupt8
  L_interrupt9
  L_interrupt10
  L_interrupt11
  L_main12
  L_main13
  L_main14
  L_main15
  L_main16
  L_main17
  L_main18
  L_main19
  L_main20
  L_main21
  L_main22
  L_main23
  L_main24
  L_main25
  L__main26
  L__main27
  L__main28
  L__main29
  _interrupt
  L__interrupt30
  _main
  _passo1
  _passo2
  _passo3
  _passo4
  _passo5
  _passo6
  _passo7
  _passo8
