;  LST file generated by mikroListExporter - v.2.0 
; Date/Time: 27/05/2020 12:46:45
;----------------------------------------------

;Address Opcode 	ASM
0x0000	0x28B6      	GOTO       182
_interrupt:
0x0004	0x00FF      	MOVWF      R15
0x0005	0x0E03      	SWAPF      STATUS, 0
0x0006	0x0183      	CLRF       STATUS
0x0007	0x00A3      	MOVWF      ___saveSTATUS
0x0008	0x080A      	MOVF       PCLATH, 0
0x0009	0x00A4      	MOVWF      ___savePCLATH
0x000A	0x018A      	CLRF       PCLATH
;InterrupcaoUSART.c,63 :: 		void interrupt(){
;InterrupcaoUSART.c,65 :: 		if(RCIF_bit){
0x000B	0x1E8C      	BTFSS      RCIF_bit, 5
0x000C	0x2817      	GOTO       L_interrupt0
;InterrupcaoUSART.c,67 :: 		RCIF_bit = 0x00;
0x000D	0x128C      	BCF        RCIF_bit, 5
;InterrupcaoUSART.c,69 :: 		if(FERR_bit || OERR_bit){ // Verifica se há algum erro, se houver
0x000E	0x1918      	BTFSC      FERR_bit, 2
0x000F	0x2813      	GOTO       L__interrupt10
0x0010	0x1898      	BTFSC      OERR_bit, 1
0x0011	0x2813      	GOTO       L__interrupt10
0x0012	0x2816      	GOTO       L_interrupt3
L__interrupt10:
;InterrupcaoUSART.c,71 :: 		CREN_bit = 0x00; // Desabilita a recepção contínua para tentar corrigir algum erro
0x0013	0x1218      	BCF        CREN_bit, 4
;InterrupcaoUSART.c,72 :: 		CREN_bit = 0x01; // Habilita a recpção contínua novamente
0x0014	0x1618      	BSF        CREN_bit, 4
;InterrupcaoUSART.c,74 :: 		asm retfie; // Código em assembly para sair da interrupção, caso tenha sido necessário corrigir algum erro
0x0015	0x0009      	RETFIE
;InterrupcaoUSART.c,75 :: 		}
L_interrupt3:
;InterrupcaoUSART.c,77 :: 		eco();
0x0016	0x2080      	CALL       _eco
;InterrupcaoUSART.c,78 :: 		}
L_interrupt0:
;InterrupcaoUSART.c,80 :: 		if(T0IF_bit){
0x0017	0x1D0B      	BTFSS      T0IF_bit, 2
0x0018	0x2825      	GOTO       L_interrupt4
;InterrupcaoUSART.c,82 :: 		T0IF_bit = 0x00;
0x0019	0x110B      	BCF        T0IF_bit, 2
;InterrupcaoUSART.c,84 :: 		cont++;
0x001A	0x1283      	BCF        STATUS, 5
0x001B	0x0AA0      	INCF       _cont, 1
;InterrupcaoUSART.c,86 :: 		if(cont == 0x0A){ // Se cont = 10(decimal) = 0x0A. Se Overflow = 66ms, os leds alternam a cada 66ms x 10 = 660ms
0x001C	0x0820      	MOVF       _cont, 0
0x001D	0x3A0A      	XORLW      10
0x001E	0x1D03      	BTFSS      STATUS, 2
0x001F	0x2825      	GOTO       L_interrupt5
;InterrupcaoUSART.c,88 :: 		cont = 0x00;
0x0020	0x01A0      	CLRF       _cont
;InterrupcaoUSART.c,89 :: 		led1 = ~led1;
0x0021	0x3001      	MOVLW      1
0x0022	0x0685      	XORWF      RA0_bit, 1
;InterrupcaoUSART.c,90 :: 		led2 = ~led2;
0x0023	0x3002      	MOVLW      2
0x0024	0x0685      	XORWF      RA1_bit, 1
;InterrupcaoUSART.c,91 :: 		}
L_interrupt5:
;InterrupcaoUSART.c,92 :: 		}
L_interrupt4:
;InterrupcaoUSART.c,93 :: 		}
L__interrupt11:
0x0025	0x1283      	BCF        STATUS, 5
0x0026	0x0824      	MOVF       ___savePCLATH, 0
0x0027	0x008A      	MOVWF      PCLATH
0x0028	0x0E23      	SWAPF      ___saveSTATUS, 0
0x0029	0x0083      	MOVWF      STATUS
0x002A	0x0EFF      	SWAPF      R15, 1
0x002B	0x0E7F      	SWAPF      R15, 0
0x002C	0x0009      	RETFIE
; end of _interrupt
_bufferTeste:
;InterrupcaoUSART.c,197 :: 		void bufferTeste(){
;InterrupcaoUSART.c,199 :: 		while(!TRMT_bit);
L_bufferTeste8:
0x002D	0x1683      	BSF        STATUS, 5
0x002E	0x1303      	BCF        STATUS, 6
0x002F	0x1898      	BTFSC      TRMT_bit, 1
0x0030	0x2832      	GOTO       L_bufferTeste9
0x0031	0x282D      	GOTO       L_bufferTeste8
L_bufferTeste9:
;InterrupcaoUSART.c,200 :: 		}
0x0032	0x0008      	RETURN
; end of _bufferTeste
_____DoICP:
;__Lib_System.c,6 :: 		
;__Lib_System.c,9 :: 		
0x0033	0x1283      	BCF        STATUS, 5
0x0034	0x1303      	BCF        STATUS, 6
0x0035	0x0822      	MOVF       ___DoICPAddr+1, 0
0x0036	0x008A      	MOVWF      PCLATH
;__Lib_System.c,10 :: 		
0x0037	0x0821      	MOVF       ___DoICPAddr, 0
0x0038	0x0082      	MOVWF      PCL
;__Lib_System.c,12 :: 		
0x0039	0x0008      	RETURN
; end of _____DoICP
_textoInicio:
;InterrupcaoUSART.c,135 :: 		void textoInicio(){
;InterrupcaoUSART.c,137 :: 		TXREG = 'H';
0x003A	0x3048      	MOVLW      72
0x003B	0x1283      	BCF        STATUS, 5
0x003C	0x1303      	BCF        STATUS, 6
0x003D	0x0099      	MOVWF      TXREG
;InterrupcaoUSART.c,138 :: 		bufferTeste();
0x003E	0x202D      	CALL       _bufferTeste
;InterrupcaoUSART.c,139 :: 		TXREG = 'e';
0x003F	0x3065      	MOVLW      101
0x0040	0x1283      	BCF        STATUS, 5
0x0041	0x0099      	MOVWF      TXREG
;InterrupcaoUSART.c,140 :: 		bufferTeste();
0x0042	0x202D      	CALL       _bufferTeste
;InterrupcaoUSART.c,141 :: 		TXREG = 'l';
0x0043	0x306C      	MOVLW      108
0x0044	0x1283      	BCF        STATUS, 5
0x0045	0x0099      	MOVWF      TXREG
;InterrupcaoUSART.c,142 :: 		bufferTeste();
0x0046	0x202D      	CALL       _bufferTeste
;InterrupcaoUSART.c,143 :: 		TXREG = 'l';
0x0047	0x306C      	MOVLW      108
0x0048	0x1283      	BCF        STATUS, 5
0x0049	0x0099      	MOVWF      TXREG
;InterrupcaoUSART.c,144 :: 		bufferTeste();
0x004A	0x202D      	CALL       _bufferTeste
;InterrupcaoUSART.c,145 :: 		TXREG = 'o';
0x004B	0x306F      	MOVLW      111
0x004C	0x1283      	BCF        STATUS, 5
0x004D	0x0099      	MOVWF      TXREG
;InterrupcaoUSART.c,146 :: 		bufferTeste();
0x004E	0x202D      	CALL       _bufferTeste
;InterrupcaoUSART.c,147 :: 		TXREG = ' ';
0x004F	0x3020      	MOVLW      32
0x0050	0x1283      	BCF        STATUS, 5
0x0051	0x0099      	MOVWF      TXREG
;InterrupcaoUSART.c,148 :: 		bufferTeste();
0x0052	0x202D      	CALL       _bufferTeste
;InterrupcaoUSART.c,149 :: 		TXREG = 'W';
0x0053	0x3057      	MOVLW      87
0x0054	0x1283      	BCF        STATUS, 5
0x0055	0x0099      	MOVWF      TXREG
;InterrupcaoUSART.c,150 :: 		bufferTeste();
0x0056	0x202D      	CALL       _bufferTeste
;InterrupcaoUSART.c,151 :: 		TXREG = 'o';
0x0057	0x306F      	MOVLW      111
0x0058	0x1283      	BCF        STATUS, 5
0x0059	0x0099      	MOVWF      TXREG
;InterrupcaoUSART.c,152 :: 		bufferTeste();
0x005A	0x202D      	CALL       _bufferTeste
;InterrupcaoUSART.c,153 :: 		TXREG = 'r';
0x005B	0x3072      	MOVLW      114
0x005C	0x1283      	BCF        STATUS, 5
0x005D	0x0099      	MOVWF      TXREG
;InterrupcaoUSART.c,154 :: 		bufferTeste();
0x005E	0x202D      	CALL       _bufferTeste
;InterrupcaoUSART.c,155 :: 		TXREG = 'l';
0x005F	0x306C      	MOVLW      108
0x0060	0x1283      	BCF        STATUS, 5
0x0061	0x0099      	MOVWF      TXREG
;InterrupcaoUSART.c,156 :: 		bufferTeste();
0x0062	0x202D      	CALL       _bufferTeste
;InterrupcaoUSART.c,157 :: 		TXREG = 'd';
0x0063	0x3064      	MOVLW      100
0x0064	0x1283      	BCF        STATUS, 5
0x0065	0x0099      	MOVWF      TXREG
;InterrupcaoUSART.c,158 :: 		bufferTeste();
0x0066	0x202D      	CALL       _bufferTeste
;InterrupcaoUSART.c,159 :: 		TXREG = '!';
0x0067	0x3021      	MOVLW      33
0x0068	0x1283      	BCF        STATUS, 5
0x0069	0x0099      	MOVWF      TXREG
;InterrupcaoUSART.c,160 :: 		bufferTeste();
0x006A	0x202D      	CALL       _bufferTeste
;InterrupcaoUSART.c,161 :: 		TXREG = 0x0D;
0x006B	0x300D      	MOVLW      13
0x006C	0x1283      	BCF        STATUS, 5
0x006D	0x0099      	MOVWF      TXREG
;InterrupcaoUSART.c,162 :: 		bufferTeste();
0x006E	0x202D      	CALL       _bufferTeste
;InterrupcaoUSART.c,163 :: 		TXREG = 0x0A;
0x006F	0x300A      	MOVLW      10
0x0070	0x1283      	BCF        STATUS, 5
0x0071	0x0099      	MOVWF      TXREG
;InterrupcaoUSART.c,164 :: 		bufferTeste();
0x0072	0x202D      	CALL       _bufferTeste
;InterrupcaoUSART.c,165 :: 		}
0x0073	0x0008      	RETURN
; end of _textoInicio
___CC2DW:
;__Lib_System.c,24 :: 		
;__Lib_System.c,27 :: 		
_CC2D_Loop1:
;__Lib_System.c,29 :: 		
0x0074	0x2033      	CALL       _____DoICP
0x0075	0x118A      	BCF        PCLATH, 3
0x0076	0x120A      	BCF        PCLATH, 4
;__Lib_System.c,31 :: 		
0x0077	0x0080      	MOVWF      INDF
;__Lib_System.c,32 :: 		
0x0078	0x0A84      	INCF       FSR, 1
;__Lib_System.c,33 :: 		
0x0079	0x0AA1      	INCF       ___DoICPAddr, 1
;__Lib_System.c,35 :: 		
0x007A	0x1903      	BTFSC      STATUS, 2
;__Lib_System.c,36 :: 		
0x007B	0x0AA2      	INCF       ___DoICPAddr+1, 1
;__Lib_System.c,37 :: 		
0x007C	0x03F0      	DECF       R0, 1
;__Lib_System.c,39 :: 		
0x007D	0x1D03      	BTFSS      STATUS, 2
;__Lib_System.c,40 :: 		
0x007E	0x2874      	GOTO       _CC2D_Loop1
;__Lib_System.c,42 :: 		
0x007F	0x0008      	RETURN
; end of ___CC2DW
_eco:
;InterrupcaoUSART.c,167 :: 		void eco(){
;InterrupcaoUSART.c,169 :: 		TXREG = 'D';
0x0080	0x3044      	MOVLW      68
0x0081	0x1283      	BCF        STATUS, 5
0x0082	0x1303      	BCF        STATUS, 6
0x0083	0x0099      	MOVWF      TXREG
;InterrupcaoUSART.c,170 :: 		bufferTeste();
0x0084	0x202D      	CALL       _bufferTeste
;InterrupcaoUSART.c,171 :: 		TXREG = 'i';
0x0085	0x3069      	MOVLW      105
0x0086	0x1283      	BCF        STATUS, 5
0x0087	0x0099      	MOVWF      TXREG
;InterrupcaoUSART.c,172 :: 		bufferTeste();
0x0088	0x202D      	CALL       _bufferTeste
;InterrupcaoUSART.c,173 :: 		TXREG = 'g';
0x0089	0x3067      	MOVLW      103
0x008A	0x1283      	BCF        STATUS, 5
0x008B	0x0099      	MOVWF      TXREG
;InterrupcaoUSART.c,174 :: 		bufferTeste();
0x008C	0x202D      	CALL       _bufferTeste
;InterrupcaoUSART.c,175 :: 		TXREG = 'i';
0x008D	0x3069      	MOVLW      105
0x008E	0x1283      	BCF        STATUS, 5
0x008F	0x0099      	MOVWF      TXREG
;InterrupcaoUSART.c,176 :: 		bufferTeste();
0x0090	0x202D      	CALL       _bufferTeste
;InterrupcaoUSART.c,177 :: 		TXREG = 't';
0x0091	0x3074      	MOVLW      116
0x0092	0x1283      	BCF        STATUS, 5
0x0093	0x0099      	MOVWF      TXREG
;InterrupcaoUSART.c,178 :: 		bufferTeste();
0x0094	0x202D      	CALL       _bufferTeste
;InterrupcaoUSART.c,179 :: 		TXREG = 'a';
0x0095	0x3061      	MOVLW      97
0x0096	0x1283      	BCF        STATUS, 5
0x0097	0x0099      	MOVWF      TXREG
;InterrupcaoUSART.c,180 :: 		bufferTeste();
0x0098	0x202D      	CALL       _bufferTeste
;InterrupcaoUSART.c,181 :: 		TXREG = 'd';
0x0099	0x3064      	MOVLW      100
0x009A	0x1283      	BCF        STATUS, 5
0x009B	0x0099      	MOVWF      TXREG
;InterrupcaoUSART.c,182 :: 		bufferTeste();
0x009C	0x202D      	CALL       _bufferTeste
;InterrupcaoUSART.c,183 :: 		TXREG = 'o';
0x009D	0x306F      	MOVLW      111
0x009E	0x1283      	BCF        STATUS, 5
0x009F	0x0099      	MOVWF      TXREG
;InterrupcaoUSART.c,184 :: 		bufferTeste();
0x00A0	0x202D      	CALL       _bufferTeste
;InterrupcaoUSART.c,185 :: 		TXREG = ':';
0x00A1	0x303A      	MOVLW      58
0x00A2	0x1283      	BCF        STATUS, 5
0x00A3	0x0099      	MOVWF      TXREG
;InterrupcaoUSART.c,186 :: 		bufferTeste();
0x00A4	0x202D      	CALL       _bufferTeste
;InterrupcaoUSART.c,187 :: 		TXREG = ' ';
0x00A5	0x3020      	MOVLW      32
0x00A6	0x1283      	BCF        STATUS, 5
0x00A7	0x0099      	MOVWF      TXREG
;InterrupcaoUSART.c,188 :: 		bufferTeste();
0x00A8	0x202D      	CALL       _bufferTeste
;InterrupcaoUSART.c,189 :: 		TXREG = RCREG;
0x00A9	0x1283      	BCF        STATUS, 5
0x00AA	0x081A      	MOVF       RCREG, 0
0x00AB	0x0099      	MOVWF      TXREG
;InterrupcaoUSART.c,190 :: 		bufferTeste();
0x00AC	0x202D      	CALL       _bufferTeste
;InterrupcaoUSART.c,191 :: 		TXREG = 0x0D;
0x00AD	0x300D      	MOVLW      13
0x00AE	0x1283      	BCF        STATUS, 5
0x00AF	0x0099      	MOVWF      TXREG
;InterrupcaoUSART.c,192 :: 		bufferTeste();
0x00B0	0x202D      	CALL       _bufferTeste
;InterrupcaoUSART.c,193 :: 		TXREG = 0x0A;
0x00B1	0x300A      	MOVLW      10
0x00B2	0x1283      	BCF        STATUS, 5
0x00B3	0x0099      	MOVWF      TXREG
;InterrupcaoUSART.c,194 :: 		bufferTeste();
0x00B4	0x202D      	CALL       _bufferTeste
;InterrupcaoUSART.c,195 :: 		}
0x00B5	0x0008      	RETURN
; end of _eco
_main:
0x00B6	0x1283      	BCF        STATUS, 5
0x00B7	0x1303      	BCF        STATUS, 6
0x00B8	0x01A0      	CLRF       _cont
;InterrupcaoUSART.c,95 :: 		void main() {
;InterrupcaoUSART.c,99 :: 		CMCON = 0x07; // Desabilita os comparadores internos
0x00B9	0x3007      	MOVLW      7
0x00BA	0x009F      	MOVWF      CMCON
;InterrupcaoUSART.c,100 :: 		OPTION_REG = 0x87; // Desabilita os pull-ups internos e configura o prescaler do timer0 em 1:256, associado ao timer0
0x00BB	0x3087      	MOVLW      135
0x00BC	0x1683      	BSF        STATUS, 5
0x00BD	0x0081      	MOVWF      OPTION_REG
;InterrupcaoUSART.c,101 :: 		INTCON = 0xE0; // Habilita a interrupção global, a interrupção por periféricos e habilita a interrupção pelo timer0
0x00BE	0x30E0      	MOVLW      224
0x00BF	0x008B      	MOVWF      INTCON
;InterrupcaoUSART.c,105 :: 		SPBRG = 0x19; // Ou 25(decimal), para um baud rate de 9600. Esse valor equivale ao cálculo para Osc 4MHz, com a USART configurada
0x00C0	0x3019      	MOVLW      25
0x00C1	0x0099      	MOVWF      SPBRG
;InterrupcaoUSART.c,108 :: 		TXEN_bit = 0x01; // Habilita transmissão
0x00C2	0x1698      	BSF        TXEN_bit, 5
;InterrupcaoUSART.c,109 :: 		SYNC_bit = 0x00; // Configura no modo assíncrono
0x00C3	0x1218      	BCF        SYNC_bit, 4
;InterrupcaoUSART.c,110 :: 		BRGH_bit = 0x01; // Configura o baud rate de alta velocidade
0x00C4	0x1518      	BSF        BRGH_bit, 2
;InterrupcaoUSART.c,113 :: 		SPEN_bit = 0x01; // Habilita a porta serial
0x00C5	0x1283      	BCF        STATUS, 5
0x00C6	0x1798      	BSF        SPEN_bit, 7
;InterrupcaoUSART.c,114 :: 		CREN_bit = 0x01; // Habilita a recepção contínua
0x00C7	0x1618      	BSF        CREN_bit, 4
;InterrupcaoUSART.c,117 :: 		RCIE_bit = 0x01; // Habilita a interrupçâo por recepção da USART. Isto é, ocorre a interrup. quando a serial recebe dados
0x00C8	0x1683      	BSF        STATUS, 5
0x00C9	0x168C      	BSF        RCIE_bit, 5
;InterrupcaoUSART.c,119 :: 		RCIF_bit = 0x00; // Limpa a flag de interrupção por recepção da USART
0x00CA	0x1283      	BCF        STATUS, 5
0x00CB	0x128C      	BCF        RCIF_bit, 5
;InterrupcaoUSART.c,121 :: 		TRISA = 0xFC; // Configura apenas RA0 e RA1 como saídas digitais
0x00CC	0x30FC      	MOVLW      252
0x00CD	0x1683      	BSF        STATUS, 5
0x00CE	0x0085      	MOVWF      TRISA
;InterrupcaoUSART.c,122 :: 		TRISB = 0xFB; // Configura apenas RB2 (TX) como saída digital
0x00CF	0x30FB      	MOVLW      251
0x00D0	0x0086      	MOVWF      TRISB
;InterrupcaoUSART.c,123 :: 		PORTB = 0xFB; // Inicia apenas RB2 (TX) em Low
0x00D1	0x30FB      	MOVLW      251
0x00D2	0x1283      	BCF        STATUS, 5
0x00D3	0x0086      	MOVWF      PORTB
;InterrupcaoUSART.c,124 :: 		led1 = 0x00; // Inicia led1 (RA0) em Low
0x00D4	0x1005      	BCF        RA0_bit, 0
;InterrupcaoUSART.c,125 :: 		led2 = 0x01; // Inicia led2 (RA1) em High
0x00D5	0x1485      	BSF        RA1_bit, 1
;InterrupcaoUSART.c,127 :: 		textoInicio();
0x00D6	0x203A      	CALL       _textoInicio
;InterrupcaoUSART.c,129 :: 		while(1){
L_main6:
;InterrupcaoUSART.c,132 :: 		}
0x00D7	0x28D7      	GOTO       L_main6
;InterrupcaoUSART.c,133 :: 		}
0x00D8	0x28D8      	GOTO       $+0
; end of _main
Symbol List:
//** Routines locations **
//ADDRESS    SIZE    PROCEDURE
//----------------------------------------------
0x0004      [41]    _interrupt
0x002D       [6]    _bufferTeste
0x0033       [7]    _____DoICP
0x003A      [58]    _textoInicio
0x0074      [12]    ___CC2DW
0x0080      [54]    _eco
0x00B6      [35]    _main
//** Variables locations ** 
//ADDRESS    SIZE    VARIABLE
//----------------------------------------------
0x0000       [1]    INDF
0x0001       [1]    TMR0
0x0002       [1]    PCL
0x0003       [0]    IRP_bit
0x0003       [0]    Z_bit
0x0003       [0]    RP1_bit
0x0003       [0]    NOT_TO_bit
0x0003       [0]    NOT_PD_bit
0x0003       [0]    DC_bit
0x0003       [0]    RP0_bit
0x0003       [0]    C_bit
0x0003       [1]    STATUS
0x0004       [1]    FSRPTR
0x0004       [1]    FSR
0x0005       [1]    PORTA
0x0005       [0]    RA3_bit
0x0005       [0]    RA1_bit
0x0005       [0]    RA7_bit
0x0005       [0]    RA5_bit
0x0005       [0]    RA2_bit
0x0005       [0]    RA0_bit
0x0005       [0]    RA6_bit
0x0005       [0]    RA4_bit
0x0006       [1]    PORTB
0x0006       [0]    RB5_bit
0x0006       [0]    RB6_bit
0x0006       [0]    RB7_bit
0x0006       [0]    RB2_bit
0x0006       [0]    RB3_bit
0x0006       [0]    RB4_bit
0x0006       [0]    RB0_bit
0x0006       [0]    RB1_bit
0x000A       [1]    PCLATH
0x000B       [0]    INTE_bit
0x000B       [0]    PEIE_bit
0x000B       [0]    T0IF_bit
0x000B       [0]    GIE_bit
0x000B       [0]    RBIE_bit
0x000B       [0]    INTF_bit
0x000B       [1]    INTCON
0x000B       [0]    T0IE_bit
0x000B       [0]    RBIF_bit
0x000C       [0]    RCIF_bit
0x000C       [0]    TXIF_bit
0x000C       [0]    CCP1IF_bit
0x000C       [1]    PIR1
0x000C       [0]    EEIF_bit
0x000C       [0]    CMIF_bit
0x000C       [0]    TMR1IF_bit
0x000C       [0]    TMR2IF_bit
0x000E       [1]    TMR1L
0x000F       [1]    TMR1H
0x0010       [1]    T1CON
0x0010       [0]    T1CKPS0_bit
0x0010       [0]    NOT_T1SYNC_bit
0x0010       [0]    T1CKPS1_bit
0x0010       [0]    T1OSCEN_bit
0x0010       [0]    TMR1ON_bit
0x0010       [0]    TMR1CS_bit
0x0011       [1]    TMR2
0x0012       [0]    TOUTPS3_bit
0x0012       [0]    TOUTPS2_bit
0x0012       [0]    TOUTPS1_bit
0x0012       [0]    TOUTPS0_bit
0x0012       [0]    T2CKPS0_bit
0x0012       [1]    T2CON
0x0012       [0]    T2CKPS1_bit
0x0012       [0]    TMR2ON_bit
0x0015       [1]    CCPR1L
0x0015       [2]    CCPR1
0x0016       [1]    CCPR1H
0x0017       [1]    CCP1CON
0x0017       [0]    CCP1M2_bit
0x0017       [0]    CCP1M1_bit
0x0017       [0]    CCP1M0_bit
0x0017       [0]    CCP1X_bit
0x0017       [0]    CCP1Y_bit
0x0017       [0]    CCP1M3_bit
0x0018       [0]    ADEN_bit
0x0018       [0]    SREN_bit
0x0018       [0]    CREN_bit
0x0018       [0]    RX9D_bit
0x0018       [0]    OERR_bit
0x0018       [0]    FERR_bit
0x0018       [0]    SPEN_bit
0x0018       [1]    RCSTA
0x0018       [0]    RX9_bit
0x0019       [1]    TXREG
0x001A       [1]    RCREG
0x001F       [0]    C1INV_bit
0x001F       [0]    CIS_bit
0x001F       [0]    CM2_bit
0x001F       [0]    CM0_bit
0x001F       [0]    CM1_bit
0x001F       [0]    C2INV_bit
0x001F       [0]    C2OUT_bit
0x001F       [1]    CMCON
0x001F       [0]    C1OUT_bit
0x0020       [1]    _cont
0x0021       [2]    ___DoICPAddr
0x0023       [1]    ___saveSTATUS
0x0024       [1]    ___savePCLATH
0x0070       [1]    R0
0x0071       [1]    R1
0x0072       [1]    R2
0x0073       [1]    R3
0x0074       [1]    R4
0x0075       [1]    R5
0x0076       [1]    R6
0x0077       [1]    R7
0x0078       [1]    R8
0x0079       [1]    R9
0x007A       [1]    R10
0x007B       [1]    R11
0x007C       [1]    R12
0x007D       [1]    R13
0x007E       [1]    R14
0x007F       [1]    R15
0x0081       [0]    PS2_bit
0x0081       [0]    PSA_bit
0x0081       [0]    PS0_bit
0x0081       [0]    PS1_bit
0x0081       [0]    T0SE_bit
0x0081       [1]    OPTION_REG
0x0081       [0]    NOT_RBPU_bit
0x0081       [0]    T0CS_bit
0x0081       [0]    INTEDG_bit
0x0085       [0]    TRISA2_bit
0x0085       [0]    TRISA3_bit
0x0085       [0]    TRISA0_bit
0x0085       [0]    TRISA1_bit
0x0085       [0]    TRISA6_bit
0x0085       [0]    TRISA7_bit
0x0085       [0]    TRISA4_bit
0x0085       [0]    TRISA5_bit
0x0085       [1]    TRISA
0x0086       [0]    TRISB0_bit
0x0086       [0]    TRISB1_bit
0x0086       [0]    TRISB2_bit
0x0086       [0]    TRISB3_bit
0x0086       [0]    TRISB4_bit
0x0086       [0]    TRISB5_bit
0x0086       [1]    TRISB
0x0086       [0]    TRISB7_bit
0x0086       [0]    TRISB6_bit
0x008C       [0]    EEIE_bit
0x008C       [1]    PIE1
0x008C       [0]    TMR1IE_bit
0x008C       [0]    TXIE_bit
0x008C       [0]    TMR2IE_bit
0x008C       [0]    CCP1IE_bit
0x008C       [0]    CMIE_bit
0x008C       [0]    RCIE_bit
0x008E       [0]    OSCF_bit
0x008E       [1]    PCON
0x008E       [0]    NOT_BOR_bit
0x008E       [0]    NOT_BOD_bit
0x008E       [0]    NOT_POR_bit
0x008E       [0]    NOT_BO_bit
0x0092       [1]    PR2
0x0098       [0]    TXEN_bit
0x0098       [0]    SYNC_bit
0x0098       [0]    BRGH_bit
0x0098       [1]    TXSTA
0x0098       [0]    CSRC_bit
0x0098       [0]    TX9_bit
0x0098       [0]    TRMT_bit
0x0098       [0]    TX9D_bit
0x0099       [1]    SPBRG
0x009A       [1]    EEDATA
0x009B       [1]    EEADR
0x009C       [1]    EECON1
0x009C       [0]    WREN_bit
0x009C       [0]    WRERR_bit
0x009C       [0]    RD_bit
0x009C       [0]    WR_bit
0x009D       [1]    EECON2
0x009F       [0]    VRR_bit
0x009F       [0]    VR3_bit
0x009F       [0]    VREN_bit
0x009F       [0]    VROE_bit
0x009F       [1]    VRCON
0x009F       [0]    VR0_bit
0x009F       [0]    VR2_bit
0x009F       [0]    VR1_bit
//** Label List: ** 
//----------------------------------------------
  L_interrupt0
  L_interrupt1
  L_interrupt2
  L_interrupt3
  L_interrupt4
  L_interrupt5
  L_main6
  L_main7
  L_bufferTeste8
  L_bufferTeste9
  L__interrupt10
  _interrupt
  L__interrupt11
  _main
  _textoInicio
  _eco
  _bufferTeste
  _CC2D_Loop1
  _____DoICP
  _____DoIFC
  ___CC2DW
  _Swap
  L_interrupt0
  L_interrupt1
  L_interrupt2
  L_interrupt3
  L_interrupt4
  L_interrupt5
  L_main6
  L_main7
  L_bufferTeste8
  L_bufferTeste9
  L__interrupt10
  _interrupt
  L__interrupt11
  _main
  _textoInicio
  _eco
  _bufferTeste
