;  LST file generated by mikroListExporter - v.2.0 
; Date/Time: 03/08/2020 21:09:34
;----------------------------------------------

;Address Opcode 	ASM
0x0000	0xF002EF28  	GOTO        1104
0x0004	0x0000      	NOP
0x0006	0x0000      	NOP
0x0008	0xF000EF00  	GOTO        0
0x000C	0x0000      	NOP
0x000E	0x0000      	NOP
0x0010	0x0000      	NOP
0x0012	0x0000      	NOP
0x0014	0x0000      	NOP
0x0016	0x0000      	NOP
0x0018	0xD7F3      	BRA         0
_Delay_5500us:
;__Lib_Delays.c,31 :: 		void Delay_5500us() {
;__Lib_Delays.c,32 :: 		Delay_us(5500);
0x001C	0x0E1D      	MOVLW       29
0x001E	0x6E0C      	MOVWF       R12, 0
0x0020	0x0E91      	MOVLW       145
0x0022	0x6E0D      	MOVWF       R13, 0
L_Delay_5500us5:
0x0024	0x2E0D      	DECFSZ      R13, 1, 0
0x0026	0xD7FE      	BRA         L_Delay_5500us5
0x0028	0x2E0C      	DECFSZ      R12, 1, 0
0x002A	0xD7FC      	BRA         L_Delay_5500us5
;__Lib_Delays.c,33 :: 		}
0x002C	0x0012      	RETURN      0
; end of _Delay_5500us
_Delay_1us:
;__Lib_Delays.c,7 :: 		void Delay_1us() {
;__Lib_Delays.c,8 :: 		Delay_us(1);
0x002E	0x0000      	NOP
0x0030	0x0000      	NOP
0x0032	0x0000      	NOP
0x0034	0x0000      	NOP
;__Lib_Delays.c,9 :: 		}
0x0036	0x0012      	RETURN      0
; end of _Delay_1us
_Delay_50us:
;__Lib_Delays.c,19 :: 		void Delay_50us() {
;__Lib_Delays.c,20 :: 		Delay_us(50);
0x0038	0x0E42      	MOVLW       66
0x003A	0x6E0D      	MOVWF       R13, 0
L_Delay_50us2:
0x003C	0x2E0D      	DECFSZ      R13, 1, 0
0x003E	0xD7FE      	BRA         L_Delay_50us2
0x0040	0x0000      	NOP
;__Lib_Delays.c,21 :: 		}
0x0042	0x0012      	RETURN      0
; end of _Delay_50us
_Lcd_Cmd:
;__Lib_Lcd.c,18 :: 		
;__Lib_Lcd.c,20 :: 		
0x0044	0xBE46      	BTFSC       FARG_Lcd_Cmd_out_char, 7 
0x0046	0xD002      	BRA         L__Lcd_Cmd20
0x0048	0x9E81      	BCF         LCD_D7, BitPos(LCD_D7+0) 
0x004A	0xD001      	BRA         L__Lcd_Cmd21
L__Lcd_Cmd20:
0x004C	0x8E81      	BSF         LCD_D7, BitPos(LCD_D7+0) 
L__Lcd_Cmd21:
;__Lib_Lcd.c,21 :: 		
0x004E	0xBC46      	BTFSC       FARG_Lcd_Cmd_out_char, 6 
0x0050	0xD002      	BRA         L__Lcd_Cmd22
0x0052	0x9C81      	BCF         LCD_D6, BitPos(LCD_D6+0) 
0x0054	0xD001      	BRA         L__Lcd_Cmd23
L__Lcd_Cmd22:
0x0056	0x8C81      	BSF         LCD_D6, BitPos(LCD_D6+0) 
L__Lcd_Cmd23:
;__Lib_Lcd.c,22 :: 		
0x0058	0xBA46      	BTFSC       FARG_Lcd_Cmd_out_char, 5 
0x005A	0xD002      	BRA         L__Lcd_Cmd24
0x005C	0x9A81      	BCF         LCD_D5, BitPos(LCD_D5+0) 
0x005E	0xD001      	BRA         L__Lcd_Cmd25
L__Lcd_Cmd24:
0x0060	0x8A81      	BSF         LCD_D5, BitPos(LCD_D5+0) 
L__Lcd_Cmd25:
;__Lib_Lcd.c,23 :: 		
0x0062	0xB846      	BTFSC       FARG_Lcd_Cmd_out_char, 4 
0x0064	0xD002      	BRA         L__Lcd_Cmd26
0x0066	0x9881      	BCF         LCD_D4, BitPos(LCD_D4+0) 
0x0068	0xD001      	BRA         L__Lcd_Cmd27
L__Lcd_Cmd26:
0x006A	0x8881      	BSF         LCD_D4, BitPos(LCD_D4+0) 
L__Lcd_Cmd27:
;__Lib_Lcd.c,25 :: 		
0x006C	0xB034      	BTFSC       __Lib_Lcd_cmd_status, BitPos(__Lib_Lcd_cmd_status+0) 
0x006E	0xD002      	BRA         L__Lcd_Cmd28
0x0070	0x8481      	BSF         LCD_RS, BitPos(LCD_RS+0) 
0x0072	0xD001      	BRA         L__Lcd_Cmd29
L__Lcd_Cmd28:
0x0074	0x9481      	BCF         LCD_RS, BitPos(LCD_RS+0) 
L__Lcd_Cmd29:
;__Lib_Lcd.c,28 :: 		
0x0076	0x8681      	BSF         LCD_EN, BitPos(LCD_EN+0) 
;__Lib_Lcd.c,29 :: 		
0x0078	0xDFDA      	RCALL       _Delay_1us
;__Lib_Lcd.c,30 :: 		
0x007A	0x9681      	BCF         LCD_EN, BitPos(LCD_EN+0) 
;__Lib_Lcd.c,33 :: 		
0x007C	0xB646      	BTFSC       FARG_Lcd_Cmd_out_char, 3 
0x007E	0xD002      	BRA         L__Lcd_Cmd30
0x0080	0x9E81      	BCF         LCD_D7, BitPos(LCD_D7+0) 
0x0082	0xD001      	BRA         L__Lcd_Cmd31
L__Lcd_Cmd30:
0x0084	0x8E81      	BSF         LCD_D7, BitPos(LCD_D7+0) 
L__Lcd_Cmd31:
;__Lib_Lcd.c,34 :: 		
0x0086	0xB446      	BTFSC       FARG_Lcd_Cmd_out_char, 2 
0x0088	0xD002      	BRA         L__Lcd_Cmd32
0x008A	0x9C81      	BCF         LCD_D6, BitPos(LCD_D6+0) 
0x008C	0xD001      	BRA         L__Lcd_Cmd33
L__Lcd_Cmd32:
0x008E	0x8C81      	BSF         LCD_D6, BitPos(LCD_D6+0) 
L__Lcd_Cmd33:
;__Lib_Lcd.c,35 :: 		
0x0090	0xB246      	BTFSC       FARG_Lcd_Cmd_out_char, 1 
0x0092	0xD002      	BRA         L__Lcd_Cmd34
0x0094	0x9A81      	BCF         LCD_D5, BitPos(LCD_D5+0) 
0x0096	0xD001      	BRA         L__Lcd_Cmd35
L__Lcd_Cmd34:
0x0098	0x8A81      	BSF         LCD_D5, BitPos(LCD_D5+0) 
L__Lcd_Cmd35:
;__Lib_Lcd.c,36 :: 		
0x009A	0xB046      	BTFSC       FARG_Lcd_Cmd_out_char, 0 
0x009C	0xD002      	BRA         L__Lcd_Cmd36
0x009E	0x9881      	BCF         LCD_D4, BitPos(LCD_D4+0) 
0x00A0	0xD001      	BRA         L__Lcd_Cmd37
L__Lcd_Cmd36:
0x00A2	0x8881      	BSF         LCD_D4, BitPos(LCD_D4+0) 
L__Lcd_Cmd37:
;__Lib_Lcd.c,38 :: 		
0x00A4	0xB034      	BTFSC       __Lib_Lcd_cmd_status, BitPos(__Lib_Lcd_cmd_status+0) 
0x00A6	0xD002      	BRA         L__Lcd_Cmd38
0x00A8	0x8481      	BSF         LCD_RS, BitPos(LCD_RS+0) 
0x00AA	0xD001      	BRA         L__Lcd_Cmd39
L__Lcd_Cmd38:
0x00AC	0x9481      	BCF         LCD_RS, BitPos(LCD_RS+0) 
L__Lcd_Cmd39:
;__Lib_Lcd.c,40 :: 		
0x00AE	0x8681      	BSF         LCD_EN, BitPos(LCD_EN+0) 
;__Lib_Lcd.c,41 :: 		
0x00B0	0xDFBE      	RCALL       _Delay_1us
;__Lib_Lcd.c,42 :: 		
0x00B2	0x9681      	BCF         LCD_EN, BitPos(LCD_EN+0) 
;__Lib_Lcd.c,44 :: 		
0x00B4	0xA034      	BTFSS       __Lib_Lcd_cmd_status, BitPos(__Lib_Lcd_cmd_status+0) 
0x00B6	0xD002      	BRA         L_Lcd_Cmd0
;__Lib_Lcd.c,45 :: 		
0x00B8	0xDFB1      	RCALL       _Delay_5500us
0x00BA	0xD001      	BRA         L_Lcd_Cmd1
L_Lcd_Cmd0:
;__Lib_Lcd.c,47 :: 		
0x00BC	0xDFBD      	RCALL       _Delay_50us
L_Lcd_Cmd1:
;__Lib_Lcd.c,48 :: 		
0x00BE	0x0012      	RETURN      0
; end of _Lcd_Cmd
_Div_16x16_U:
;__Lib_Math.c,102 :: 		
;__Lib_Math.c,109 :: 		
0x00C0	0x6A08      	CLRF        R8, 0
;__Lib_Math.c,110 :: 		
0x00C2	0x6A09      	CLRF        R9, 0
;__Lib_Math.c,111 :: 		
0x00C4	0x0E10      	MOVLW       16
;__Lib_Math.c,112 :: 		
0x00C6	0x6E0C      	MOVWF       R12, 0
;__Lib_Math.c,113 :: 		
0x00C8	0x3401      	RLCF        R1, 0, 0
;__Lib_Math.c,114 :: 		
0x00CA	0x3608      	RLCF        R8, 1, 0
;__Lib_Math.c,115 :: 		
0x00CC	0x3609      	RLCF        R9, 1, 0
;__Lib_Math.c,116 :: 		
0x00CE	0x5004      	MOVF        R4, 0, 0
;__Lib_Math.c,117 :: 		
0x00D0	0x5E08      	SUBWF       R8, 1, 0
;__Lib_Math.c,118 :: 		
0x00D2	0x5005      	MOVF        R5, 0, 0
;__Lib_Math.c,119 :: 		
0x00D4	0xA0D8      	BTFSS       STATUS, 0, 0
;__Lib_Math.c,120 :: 		
0x00D6	0x3C05      	INCFSZ      R5, 0, 0
;__Lib_Math.c,121 :: 		
0x00D8	0x5E09      	SUBWF       R9, 1, 0
;__Lib_Math.c,122 :: 		
0x00DA	0xB0D8      	BTFSC       STATUS, 0, 0
;__Lib_Math.c,123 :: 		
0x00DC	0xD007      	BRA         $+16
;__Lib_Math.c,124 :: 		
0x00DE	0x5004      	MOVF        R4, 0, 0
;__Lib_Math.c,125 :: 		
0x00E0	0x2608      	ADDWF       R8, 1, 0
;__Lib_Math.c,126 :: 		
0x00E2	0x5005      	MOVF        R5, 0, 0
;__Lib_Math.c,127 :: 		
0x00E4	0xB0D8      	BTFSC       STATUS, 0, 0
;__Lib_Math.c,128 :: 		
0x00E6	0x3C05      	INCFSZ      R5, 0, 0
;__Lib_Math.c,129 :: 		
0x00E8	0x2609      	ADDWF       R9, 1, 0
;__Lib_Math.c,130 :: 		
0x00EA	0x90D8      	BCF         STATUS, 0, 0
;__Lib_Math.c,131 :: 		
0x00EC	0x3600      	RLCF        R0, 1, 0
;__Lib_Math.c,132 :: 		
0x00EE	0x3601      	RLCF        R1, 1, 0
;__Lib_Math.c,133 :: 		
0x00F0	0x2E0C      	DECFSZ      R12, 1, 0
;__Lib_Math.c,134 :: 		
0x00F2	0xD7EA      	BRA         $-42
;__Lib_Math.c,136 :: 		
0x00F4	0x0012      	RETURN      0
; end of _Div_16x16_U
_I2C1_Is_Idle:
;__Lib_I2C_b10.c,27 :: 		
;__Lib_I2C_b10.c,28 :: 		
0x00F6	0xB4C7      	BTFSC       SSPSTAT, 2 
0x00F8	0xD009      	BRA         L_I2C1_Is_Idle0
;__Lib_I2C_b10.c,29 :: 		
0x00FA	0x0E1F      	MOVLW       31
0x00FC	0x14C5      	ANDWF       SSPCON2, 0 
0x00FE	0x6E01      	MOVWF       R1 
0x0100	0x5001      	MOVF        R1, 0 
0x0102	0x0A00      	XORLW       0
0x0104	0xE103      	BNZ         L_I2C1_Is_Idle1
;__Lib_I2C_b10.c,30 :: 		
0x0106	0x0E01      	MOVLW       1
0x0108	0x6E00      	MOVWF       R0 
0x010A	0x0012      	RETURN      0
L_I2C1_Is_Idle1:
L_I2C1_Is_Idle0:
;__Lib_I2C_b10.c,31 :: 		
0x010C	0x6A00      	CLRF        R0 
;__Lib_I2C_b10.c,32 :: 		
0x010E	0x0012      	RETURN      0
; end of _I2C1_Is_Idle
_WordToStr:
;__Lib_Conversions.c,84 :: 		
;__Lib_Conversions.c,89 :: 		
0x0110	0x6A43      	CLRF        WordToStr_len_L0 
L_WordToStr6:
0x0112	0x0E05      	MOVLW       5
0x0114	0x5C43      	SUBWF       WordToStr_len_L0, 0 
0x0116	0xE20A      	BC          L_WordToStr7
;__Lib_Conversions.c,90 :: 		
0x0118	0x5043      	MOVF        WordToStr_len_L0, 0 
0x011A	0x2441      	ADDWF       FARG_WordToStr_output, 0 
0x011C	0x6EE1      	MOVWF       FSR1L 
0x011E	0x0E00      	MOVLW       0
0x0120	0x2042      	ADDWFC      FARG_WordToStr_output+1, 0 
0x0122	0x6EE2      	MOVWF       FSR1H 
0x0124	0x0E20      	MOVLW       32
0x0126	0x6EE6      	MOVWF       POSTINC1 
;__Lib_Conversions.c,89 :: 		
0x0128	0x2A43      	INCF        WordToStr_len_L0, 1 
;__Lib_Conversions.c,90 :: 		
0x012A	0xD7F3      	BRA         L_WordToStr6
L_WordToStr7:
;__Lib_Conversions.c,91 :: 		
0x012C	0x5043      	MOVF        WordToStr_len_L0, 0 
0x012E	0x2441      	ADDWF       FARG_WordToStr_output, 0 
0x0130	0x6EE1      	MOVWF       FSR1L 
0x0132	0x0E00      	MOVLW       0
0x0134	0x2042      	ADDWFC      FARG_WordToStr_output+1, 0 
0x0136	0x6EE2      	MOVWF       FSR1H 
0x0138	0x6AE6      	CLRF        POSTINC1 
0x013A	0x0643      	DECF        WordToStr_len_L0, 1 
;__Lib_Conversions.c,93 :: 		
L_WordToStr9:
;__Lib_Conversions.c,94 :: 		
0x013C	0x5043      	MOVF        WordToStr_len_L0, 0 
0x013E	0x2441      	ADDWF       FARG_WordToStr_output, 0 
0x0140	0x6E44      	MOVWF       FLOC__WordToStr 
0x0142	0x0E00      	MOVLW       0
0x0144	0x2042      	ADDWFC      FARG_WordToStr_output+1, 0 
0x0146	0x6E45      	MOVWF       FLOC__WordToStr+1 
0x0148	0x0E0A      	MOVLW       10
0x014A	0x6E04      	MOVWF       R4 
0x014C	0x0E00      	MOVLW       0
0x014E	0x6E05      	MOVWF       R5 
0x0150	0xF000C03F  	MOVFF       FARG_WordToStr_input, R0
0x0154	0xF001C040  	MOVFF       FARG_WordToStr_input+1, R1
0x0158	0xDFB3      	RCALL       _Div_16x16_U
0x015A	0xF000C008  	MOVFF       R8, R0
0x015E	0xF001C009  	MOVFF       R9, R1
0x0162	0x0E30      	MOVLW       48
0x0164	0x2600      	ADDWF       R0, 1 
0x0166	0xFFE1C044  	MOVFF       FLOC__WordToStr, FSR1L
0x016A	0xFFE2C045  	MOVFF       FLOC__WordToStr+1, FSR1H
0x016E	0xFFE6C000  	MOVFF       R0, POSTINC1
;__Lib_Conversions.c,95 :: 		
0x0172	0x0E0A      	MOVLW       10
0x0174	0x6E04      	MOVWF       R4 
0x0176	0x0E00      	MOVLW       0
0x0178	0x6E05      	MOVWF       R5 
0x017A	0xF000C03F  	MOVFF       FARG_WordToStr_input, R0
0x017E	0xF001C040  	MOVFF       FARG_WordToStr_input+1, R1
0x0182	0xDF9E      	RCALL       _Div_16x16_U
0x0184	0xF03FC000  	MOVFF       R0, FARG_WordToStr_input
0x0188	0xF040C001  	MOVFF       R1, FARG_WordToStr_input+1
;__Lib_Conversions.c,96 :: 		
0x018C	0x0E00      	MOVLW       0
0x018E	0x1801      	XORWF       R1, 0 
0x0190	0xE102      	BNZ         L__WordToStr96
0x0192	0x0E00      	MOVLW       0
0x0194	0x1800      	XORWF       R0, 0 
L__WordToStr96:
0x0196	0xE101      	BNZ         L_WordToStr11
;__Lib_Conversions.c,97 :: 		
0x0198	0xD002      	BRA         L_WordToStr10
L_WordToStr11:
;__Lib_Conversions.c,98 :: 		
0x019A	0x0643      	DECF        WordToStr_len_L0, 1 
;__Lib_Conversions.c,99 :: 		
0x019C	0xD7CF      	BRA         L_WordToStr9
L_WordToStr10:
;__Lib_Conversions.c,100 :: 		
0x019E	0x0012      	RETURN      0
; end of _WordToStr
_Lcd_Chr_CP:
;__Lib_Lcd.c,50 :: 		
;__Lib_Lcd.c,52 :: 		
0x01A0	0x9034      	BCF         __Lib_Lcd_cmd_status, BitPos(__Lib_Lcd_cmd_status+0) 
;__Lib_Lcd.c,53 :: 		
0x01A2	0xF046C03F  	MOVFF       FARG_Lcd_Chr_CP_out_char, FARG_Lcd_Cmd_out_char
0x01A6	0xDF4E      	RCALL       _Lcd_Cmd
;__Lib_Lcd.c,54 :: 		
0x01A8	0x8034      	BSF         __Lib_Lcd_cmd_status, BitPos(__Lib_Lcd_cmd_status+0) 
;__Lib_Lcd.c,55 :: 		
0x01AA	0x0012      	RETURN      0
; end of _Lcd_Chr_CP
_I2C1_Stop:
;__Lib_I2C_b10.c,103 :: 		
;__Lib_I2C_b10.c,104 :: 		
0x01AC	0x84C5      	BSF         SSPCON2, 2 
;__Lib_I2C_b10.c,105 :: 		
0x01AE	0x0012      	RETURN      0
; end of _I2C1_Stop
_IntToStr:
;__Lib_Conversions.c,146 :: 		
;__Lib_Conversions.c,152 :: 		
0x01B0	0x6A3B      	CLRF        IntToStr_negative_L0 
0x01B2	0x6A3C      	CLRF        IntToStr_negative_L0+1 
;__Lib_Conversions.c,153 :: 		
0x01B4	0xF03DC035  	MOVFF       FARG_IntToStr_input, IntToStr_inword_L0
0x01B8	0xF03EC036  	MOVFF       FARG_IntToStr_input+1, IntToStr_inword_L0+1
;__Lib_Conversions.c,154 :: 		
0x01BC	0x0E80      	MOVLW       128
0x01BE	0x1836      	XORWF       FARG_IntToStr_input+1, 0 
0x01C0	0x6E00      	MOVWF       R0 
0x01C2	0x0E80      	MOVLW       128
0x01C4	0x5C00      	SUBWF       R0, 0 
0x01C6	0xE102      	BNZ         L__IntToStr99
0x01C8	0x0E00      	MOVLW       0
0x01CA	0x5C35      	SUBWF       FARG_IntToStr_input, 0 
L__IntToStr99:
0x01CC	0xE20B      	BC          L_IntToStr23
;__Lib_Conversions.c,155 :: 		
0x01CE	0x0E01      	MOVLW       1
0x01D0	0x6E3B      	MOVWF       IntToStr_negative_L0 
0x01D2	0x0E00      	MOVLW       0
0x01D4	0x6E3C      	MOVWF       IntToStr_negative_L0+1 
;__Lib_Conversions.c,156 :: 		
0x01D6	0x5035      	MOVF        FARG_IntToStr_input, 0 
0x01D8	0x0800      	SUBLW       0
0x01DA	0x6E3D      	MOVWF       IntToStr_inword_L0 
0x01DC	0xF03EC036  	MOVFF       FARG_IntToStr_input+1, IntToStr_inword_L0+1
0x01E0	0x0E00      	MOVLW       0
0x01E2	0x563E      	SUBFWB      IntToStr_inword_L0+1, 1 
;__Lib_Conversions.c,157 :: 		
L_IntToStr23:
;__Lib_Conversions.c,158 :: 		
0x01E4	0xF03FC03D  	MOVFF       IntToStr_inword_L0, FARG_WordToStr_input
0x01E8	0xF040C03E  	MOVFF       IntToStr_inword_L0+1, FARG_WordToStr_input+1
0x01EC	0xF041C037  	MOVFF       FARG_IntToStr_output, FARG_WordToStr_output
0x01F0	0xF042C038  	MOVFF       FARG_IntToStr_output+1, FARG_WordToStr_output+1
0x01F4	0xDF8D      	RCALL       _WordToStr
;__Lib_Conversions.c,160 :: 		
0x01F6	0x0E06      	MOVLW       6
0x01F8	0x6E39      	MOVWF       IntToStr_i_L0 
0x01FA	0x0E00      	MOVLW       0
0x01FC	0x6E3A      	MOVWF       IntToStr_i_L0+1 
;__Lib_Conversions.c,161 :: 		
L_IntToStr24:
0x01FE	0x0E00      	MOVLW       0
0x0200	0x6E00      	MOVWF       R0 
0x0202	0x503A      	MOVF        IntToStr_i_L0+1, 0 
0x0204	0x5C00      	SUBWF       R0, 0 
0x0206	0xE102      	BNZ         L__IntToStr100
0x0208	0x5039      	MOVF        IntToStr_i_L0, 0 
0x020A	0x0800      	SUBLW       0
L__IntToStr100:
0x020C	0xE219      	BC          L_IntToStr25
;__Lib_Conversions.c,162 :: 		
0x020E	0x5039      	MOVF        IntToStr_i_L0, 0 
0x0210	0x2437      	ADDWF       FARG_IntToStr_output, 0 
0x0212	0x6EE1      	MOVWF       FSR1L 
0x0214	0x503A      	MOVF        IntToStr_i_L0+1, 0 
0x0216	0x2038      	ADDWFC      FARG_IntToStr_output+1, 0 
0x0218	0x6EE2      	MOVWF       FSR1H 
0x021A	0x0E01      	MOVLW       1
0x021C	0x5C39      	SUBWF       IntToStr_i_L0, 0 
0x021E	0x6E00      	MOVWF       R0 
0x0220	0x0E00      	MOVLW       0
0x0222	0x583A      	SUBWFB      IntToStr_i_L0+1, 0 
0x0224	0x6E01      	MOVWF       R1 
0x0226	0x5000      	MOVF        R0, 0 
0x0228	0x2437      	ADDWF       FARG_IntToStr_output, 0 
0x022A	0x6EE9      	MOVWF       FSR0L 
0x022C	0x5001      	MOVF        R1, 0 
0x022E	0x2038      	ADDWFC      FARG_IntToStr_output+1, 0 
0x0230	0x6EEA      	MOVWF       FSR0H 
0x0232	0xFFE6CFEE  	MOVFF       POSTINC0, POSTINC1
;__Lib_Conversions.c,163 :: 		
0x0236	0x0E01      	MOVLW       1
0x0238	0x5E39      	SUBWF       IntToStr_i_L0, 1 
0x023A	0x0E00      	MOVLW       0
0x023C	0x5A3A      	SUBWFB      IntToStr_i_L0+1, 1 
;__Lib_Conversions.c,164 :: 		
0x023E	0xD7DF      	BRA         L_IntToStr24
L_IntToStr25:
;__Lib_Conversions.c,165 :: 		
0x0240	0xFFE1C037  	MOVFF       FARG_IntToStr_output, FSR1L
0x0244	0xFFE2C038  	MOVFF       FARG_IntToStr_output+1, FSR1H
0x0248	0x0E20      	MOVLW       32
0x024A	0x6EE6      	MOVWF       POSTINC1 
;__Lib_Conversions.c,166 :: 		
0x024C	0x503B      	MOVF        IntToStr_negative_L0, 0 
0x024E	0x103C      	IORWF       IntToStr_negative_L0+1, 0 
0x0250	0xE01A      	BZ          L_IntToStr26
;__Lib_Conversions.c,167 :: 		
0x0252	0x6A39      	CLRF        IntToStr_i_L0 
0x0254	0x6A3A      	CLRF        IntToStr_i_L0+1 
;__Lib_Conversions.c,168 :: 		
L_IntToStr27:
0x0256	0x5039      	MOVF        IntToStr_i_L0, 0 
0x0258	0x2437      	ADDWF       FARG_IntToStr_output, 0 
0x025A	0x6EE9      	MOVWF       FSR0L 
0x025C	0x503A      	MOVF        IntToStr_i_L0+1, 0 
0x025E	0x2038      	ADDWFC      FARG_IntToStr_output+1, 0 
0x0260	0x6EEA      	MOVWF       FSR0H 
0x0262	0x50EE      	MOVF        POSTINC0, 0 
0x0264	0x0A20      	XORLW       32
0x0266	0xE103      	BNZ         L_IntToStr28
0x0268	0x4A39      	INFSNZ      IntToStr_i_L0, 1 
0x026A	0x2A3A      	INCF        IntToStr_i_L0+1, 1 
0x026C	0xD7F4      	BRA         L_IntToStr27
L_IntToStr28:
;__Lib_Conversions.c,169 :: 		
0x026E	0x0E01      	MOVLW       1
0x0270	0x5E39      	SUBWF       IntToStr_i_L0, 1 
0x0272	0x0E00      	MOVLW       0
0x0274	0x5A3A      	SUBWFB      IntToStr_i_L0+1, 1 
;__Lib_Conversions.c,170 :: 		
0x0276	0x5039      	MOVF        IntToStr_i_L0, 0 
0x0278	0x2437      	ADDWF       FARG_IntToStr_output, 0 
0x027A	0x6EE1      	MOVWF       FSR1L 
0x027C	0x503A      	MOVF        IntToStr_i_L0+1, 0 
0x027E	0x2038      	ADDWFC      FARG_IntToStr_output+1, 0 
0x0280	0x6EE2      	MOVWF       FSR1H 
0x0282	0x0E2D      	MOVLW       45
0x0284	0x6EE6      	MOVWF       POSTINC1 
L_IntToStr26:
;__Lib_Conversions.c,171 :: 		
0x0286	0x0012      	RETURN      0
; end of _IntToStr
_Lcd_Init:
;__Lib_Lcd.c,84 :: 		
;__Lib_Lcd.c,86 :: 		
0x0288	0x9693      	BCF         LCD_EN_Direction, BitPos(LCD_EN_Direction+0) 
;__Lib_Lcd.c,87 :: 		
0x028A	0x9493      	BCF         LCD_RS_Direction, BitPos(LCD_RS_Direction+0) 
;__Lib_Lcd.c,88 :: 		
0x028C	0x9893      	BCF         LCD_D4_Direction, BitPos(LCD_D4_Direction+0) 
;__Lib_Lcd.c,89 :: 		
0x028E	0x9A93      	BCF         LCD_D5_Direction, BitPos(LCD_D5_Direction+0) 
;__Lib_Lcd.c,90 :: 		
0x0290	0x9C93      	BCF         LCD_D6_Direction, BitPos(LCD_D6_Direction+0) 
;__Lib_Lcd.c,91 :: 		
0x0292	0x9E93      	BCF         LCD_D7_Direction, BitPos(LCD_D7_Direction+0) 
;__Lib_Lcd.c,93 :: 		
0x0294	0x9681      	BCF         LCD_EN, BitPos(LCD_EN+0) 
;__Lib_Lcd.c,94 :: 		
0x0296	0x9481      	BCF         LCD_RS, BitPos(LCD_RS+0) 
;__Lib_Lcd.c,95 :: 		
0x0298	0x9E81      	BCF         LCD_D7, BitPos(LCD_D7+0) 
;__Lib_Lcd.c,96 :: 		
0x029A	0x9C81      	BCF         LCD_D6, BitPos(LCD_D6+0) 
;__Lib_Lcd.c,97 :: 		
0x029C	0x9A81      	BCF         LCD_D5, BitPos(LCD_D5+0) 
;__Lib_Lcd.c,98 :: 		
0x029E	0x9881      	BCF         LCD_D4, BitPos(LCD_D4+0) 
;__Lib_Lcd.c,100 :: 		
0x02A0	0xDEBD      	RCALL       _Delay_5500us
;__Lib_Lcd.c,101 :: 		
0x02A2	0xDEBC      	RCALL       _Delay_5500us
;__Lib_Lcd.c,102 :: 		
0x02A4	0xDEBB      	RCALL       _Delay_5500us
;__Lib_Lcd.c,105 :: 		
0x02A6	0x8A81      	BSF         LCD_D5, BitPos(LCD_D5+0) 
;__Lib_Lcd.c,106 :: 		
0x02A8	0x8881      	BSF         LCD_D4, BitPos(LCD_D4+0) 
;__Lib_Lcd.c,107 :: 		
0x02AA	0x8681      	BSF         LCD_EN, BitPos(LCD_EN+0) 
;__Lib_Lcd.c,108 :: 		
0x02AC	0xDEC0      	RCALL       _Delay_1us
;__Lib_Lcd.c,109 :: 		
0x02AE	0x9681      	BCF         LCD_EN, BitPos(LCD_EN+0) 
;__Lib_Lcd.c,110 :: 		
0x02B0	0xDEB5      	RCALL       _Delay_5500us
;__Lib_Lcd.c,112 :: 		
0x02B2	0x8681      	BSF         LCD_EN, BitPos(LCD_EN+0) 
;__Lib_Lcd.c,113 :: 		
0x02B4	0xDEBC      	RCALL       _Delay_1us
;__Lib_Lcd.c,114 :: 		
0x02B6	0x9681      	BCF         LCD_EN, BitPos(LCD_EN+0) 
;__Lib_Lcd.c,115 :: 		
0x02B8	0xDEB1      	RCALL       _Delay_5500us
;__Lib_Lcd.c,117 :: 		
0x02BA	0x8681      	BSF         LCD_EN, BitPos(LCD_EN+0) 
;__Lib_Lcd.c,118 :: 		
0x02BC	0xDEB8      	RCALL       _Delay_1us
;__Lib_Lcd.c,119 :: 		
0x02BE	0x9681      	BCF         LCD_EN, BitPos(LCD_EN+0) 
;__Lib_Lcd.c,120 :: 		
0x02C0	0xDEAD      	RCALL       _Delay_5500us
;__Lib_Lcd.c,123 :: 		
0x02C2	0x9881      	BCF         LCD_D4, BitPos(LCD_D4+0) 
;__Lib_Lcd.c,124 :: 		
0x02C4	0x8681      	BSF         LCD_EN, BitPos(LCD_EN+0) 
;__Lib_Lcd.c,125 :: 		
0x02C6	0xDEB3      	RCALL       _Delay_1us
;__Lib_Lcd.c,126 :: 		
0x02C8	0x9681      	BCF         LCD_EN, BitPos(LCD_EN+0) 
;__Lib_Lcd.c,127 :: 		
0x02CA	0xDEA8      	RCALL       _Delay_5500us
;__Lib_Lcd.c,130 :: 		
0x02CC	0x8681      	BSF         LCD_EN, BitPos(LCD_EN+0) 
;__Lib_Lcd.c,131 :: 		
0x02CE	0xDEAF      	RCALL       _Delay_1us
;__Lib_Lcd.c,132 :: 		
0x02D0	0x9681      	BCF         LCD_EN, BitPos(LCD_EN+0) 
;__Lib_Lcd.c,134 :: 		
0x02D2	0x9A81      	BCF         LCD_D5, BitPos(LCD_D5+0) 
;__Lib_Lcd.c,135 :: 		
0x02D4	0x8E81      	BSF         LCD_D7, BitPos(LCD_D7+0) 
;__Lib_Lcd.c,136 :: 		
0x02D6	0x8681      	BSF         LCD_EN, BitPos(LCD_EN+0) 
;__Lib_Lcd.c,137 :: 		
0x02D8	0xDEAA      	RCALL       _Delay_1us
;__Lib_Lcd.c,138 :: 		
0x02DA	0x9681      	BCF         LCD_EN, BitPos(LCD_EN+0) 
;__Lib_Lcd.c,139 :: 		
0x02DC	0xDE9F      	RCALL       _Delay_5500us
;__Lib_Lcd.c,142 :: 		
0x02DE	0x9E81      	BCF         LCD_D7, BitPos(LCD_D7+0) 
;__Lib_Lcd.c,143 :: 		
0x02E0	0x8881      	BSF         LCD_D4, BitPos(LCD_D4+0) 
;__Lib_Lcd.c,144 :: 		
0x02E2	0x8681      	BSF         LCD_EN, BitPos(LCD_EN+0) 
;__Lib_Lcd.c,145 :: 		
0x02E4	0xDEA4      	RCALL       _Delay_1us
;__Lib_Lcd.c,146 :: 		
0x02E6	0x9681      	BCF         LCD_EN, BitPos(LCD_EN+0) 
;__Lib_Lcd.c,148 :: 		
0x02E8	0x9881      	BCF         LCD_D4, BitPos(LCD_D4+0) 
;__Lib_Lcd.c,149 :: 		
0x02EA	0x8681      	BSF         LCD_EN, BitPos(LCD_EN+0) 
;__Lib_Lcd.c,150 :: 		
0x02EC	0xDEA0      	RCALL       _Delay_1us
;__Lib_Lcd.c,151 :: 		
0x02EE	0x9681      	BCF         LCD_EN, BitPos(LCD_EN+0) 
;__Lib_Lcd.c,152 :: 		
0x02F0	0xDE95      	RCALL       _Delay_5500us
;__Lib_Lcd.c,155 :: 		
0x02F2	0x8681      	BSF         LCD_EN, BitPos(LCD_EN+0) 
;__Lib_Lcd.c,156 :: 		
0x02F4	0xDE9C      	RCALL       _Delay_1us
;__Lib_Lcd.c,157 :: 		
0x02F6	0x9681      	BCF         LCD_EN, BitPos(LCD_EN+0) 
;__Lib_Lcd.c,159 :: 		
0x02F8	0x8881      	BSF         LCD_D4, BitPos(LCD_D4+0) 
;__Lib_Lcd.c,160 :: 		
0x02FA	0x8681      	BSF         LCD_EN, BitPos(LCD_EN+0) 
;__Lib_Lcd.c,161 :: 		
0x02FC	0xDE98      	RCALL       _Delay_1us
;__Lib_Lcd.c,162 :: 		
0x02FE	0x9681      	BCF         LCD_EN, BitPos(LCD_EN+0) 
;__Lib_Lcd.c,163 :: 		
0x0300	0xDE8D      	RCALL       _Delay_5500us
;__Lib_Lcd.c,166 :: 		
0x0302	0x9881      	BCF         LCD_D4, BitPos(LCD_D4+0) 
;__Lib_Lcd.c,167 :: 		
0x0304	0x8681      	BSF         LCD_EN, BitPos(LCD_EN+0) 
;__Lib_Lcd.c,168 :: 		
0x0306	0xDE93      	RCALL       _Delay_1us
;__Lib_Lcd.c,169 :: 		
0x0308	0x9681      	BCF         LCD_EN, BitPos(LCD_EN+0) 
;__Lib_Lcd.c,171 :: 		
0x030A	0x8E81      	BSF         LCD_D7, BitPos(LCD_D7+0) 
;__Lib_Lcd.c,172 :: 		
0x030C	0x8C81      	BSF         LCD_D6, BitPos(LCD_D6+0) 
;__Lib_Lcd.c,173 :: 		
0x030E	0x8A81      	BSF         LCD_D5, BitPos(LCD_D5+0) 
;__Lib_Lcd.c,174 :: 		
0x0310	0x8881      	BSF         LCD_D4, BitPos(LCD_D4+0) 
;__Lib_Lcd.c,175 :: 		
0x0312	0x8681      	BSF         LCD_EN, BitPos(LCD_EN+0) 
;__Lib_Lcd.c,176 :: 		
0x0314	0xDE8C      	RCALL       _Delay_1us
;__Lib_Lcd.c,177 :: 		
0x0316	0x9681      	BCF         LCD_EN, BitPos(LCD_EN+0) 
;__Lib_Lcd.c,179 :: 		
0x0318	0xDE81      	RCALL       _Delay_5500us
;__Lib_Lcd.c,181 :: 		
0x031A	0x8034      	BSF         __Lib_Lcd_cmd_status, BitPos(__Lib_Lcd_cmd_status+0) 
;__Lib_Lcd.c,182 :: 		
0x031C	0x0012      	RETURN      0
; end of _Lcd_Init
___CC2DW:
;__Lib_System.c,21 :: 		
;__Lib_System.c,23 :: 		
_CC2DL_Loop1:
;__Lib_System.c,24 :: 		
0x031E	0x0009      	TBLRD*+
;__Lib_System.c,25 :: 		
0x0320	0xFFE6CFF5  	MOVFF       TABLAT, POSTINC1
;__Lib_System.c,26 :: 		
0x0324	0x0600      	DECF        R0, 1, 0
;__Lib_System.c,27 :: 		
0x0326	0xE1FB      	BNZ         _CC2DL_Loop1
;__Lib_System.c,28 :: 		
0x0328	0x0601      	DECF        R1, 1, 0
;__Lib_System.c,29 :: 		
0x032A	0xE1F9      	BNZ         _CC2DL_Loop1
;__Lib_System.c,31 :: 		
0x032C	0x0012      	RETURN      0
; end of ___CC2DW
_I2C1_Repeated_Start:
;__Lib_I2C_b10.c,52 :: 		
;__Lib_I2C_b10.c,53 :: 		
0x032E	0x82C5      	BSF         SSPCON2, 1 
;__Lib_I2C_b10.c,54 :: 		
L_I2C1_Repeated_Start10:
0x0330	0xA2C5      	BTFSS       SSPCON2, 1 
0x0332	0xD001      	BRA         L_I2C1_Repeated_Start11
;__Lib_I2C_b10.c,55 :: 		
0x0334	0xD7FD      	BRA         L_I2C1_Repeated_Start10
L_I2C1_Repeated_Start11:
;__Lib_I2C_b10.c,56 :: 		
0x0336	0x0012      	RETURN      0
; end of _I2C1_Repeated_Start
_I2C1_Rd:
;__Lib_I2C_b10.c,58 :: 		
;__Lib_I2C_b10.c,61 :: 		
0x0338	0x969E      	BCF         PIR1, 3 
;__Lib_I2C_b10.c,62 :: 		
0x033A	0x86C5      	BSF         SSPCON2, 3 
;__Lib_I2C_b10.c,64 :: 		
L_I2C1_Rd12:
0x033C	0xB69E      	BTFSC       PIR1, 3 
0x033E	0xD001      	BRA         L_I2C1_Rd13
;__Lib_I2C_b10.c,65 :: 		
0x0340	0xD7FD      	BRA         L_I2C1_Rd12
L_I2C1_Rd13:
;__Lib_I2C_b10.c,67 :: 		
0x0342	0xF001CFC9  	MOVFF       SSPBUF, R1
;__Lib_I2C_b10.c,68 :: 		
0x0346	0x5035      	MOVF        FARG_I2C1_Rd_ack, 0 
0x0348	0x0A00      	XORLW       0
0x034A	0xE102      	BNZ         L_I2C1_Rd14
;__Lib_I2C_b10.c,69 :: 		
0x034C	0x8AC5      	BSF         SSPCON2, 5 
0x034E	0xD001      	BRA         L_I2C1_Rd15
L_I2C1_Rd14:
;__Lib_I2C_b10.c,71 :: 		
0x0350	0x9AC5      	BCF         SSPCON2, 5 
L_I2C1_Rd15:
;__Lib_I2C_b10.c,73 :: 		
0x0352	0x969E      	BCF         PIR1, 3 
;__Lib_I2C_b10.c,74 :: 		
0x0354	0x88C5      	BSF         SSPCON2, 4 
;__Lib_I2C_b10.c,76 :: 		
L_I2C1_Rd16:
0x0356	0xB69E      	BTFSC       PIR1, 3 
0x0358	0xD001      	BRA         L_I2C1_Rd17
;__Lib_I2C_b10.c,77 :: 		
0x035A	0xD7FD      	BRA         L_I2C1_Rd16
L_I2C1_Rd17:
;__Lib_I2C_b10.c,79 :: 		
0x035C	0xF000C001  	MOVFF       R1, R0
;__Lib_I2C_b10.c,80 :: 		
0x0360	0x0012      	RETURN      0
; end of _I2C1_Rd
_I2C1_Wr:
;__Lib_I2C_b10.c,82 :: 		
;__Lib_I2C_b10.c,84 :: 		
0x0362	0x969E      	BCF         PIR1, 3 
;__Lib_I2C_b10.c,85 :: 		
0x0364	0xFFC9C035  	MOVFF       FARG_I2C1_Wr_data_, SSPBUF
;__Lib_I2C_b10.c,87 :: 		
L_I2C1_Wr18:
0x0368	0xA4C7      	BTFSS       SSPSTAT, 2 
0x036A	0xD001      	BRA         L_I2C1_Wr19
;__Lib_I2C_b10.c,88 :: 		
0x036C	0xD7FD      	BRA         L_I2C1_Wr18
L_I2C1_Wr19:
;__Lib_I2C_b10.c,90 :: 		
L_I2C1_Wr20:
0x036E	0xB69E      	BTFSC       PIR1, 3 
0x0370	0xD001      	BRA         L_I2C1_Wr21
;__Lib_I2C_b10.c,91 :: 		
0x0372	0xD7FD      	BRA         L_I2C1_Wr20
L_I2C1_Wr21:
;__Lib_I2C_b10.c,93 :: 		
0x0374	0xBCC5      	BTFSC       SSPCON2, 6 
0x0376	0xD002      	BRA         L_I2C1_Wr22
;__Lib_I2C_b10.c,94 :: 		
0x0378	0x6A00      	CLRF        R0 
0x037A	0x0012      	RETURN      0
;__Lib_I2C_b10.c,95 :: 		
L_I2C1_Wr22:
;__Lib_I2C_b10.c,97 :: 		
0x037C	0x84C5      	BSF         SSPCON2, 2 
;__Lib_I2C_b10.c,98 :: 		
0x037E	0x0E02      	MOVLW       2
0x0380	0x6E00      	MOVWF       R0 
;__Lib_I2C_b10.c,100 :: 		
0x0382	0x0012      	RETURN      0
; end of _I2C1_Wr
_I2C1_Init:
;__Lib_I2C_b10.c,2 :: 		
;__Lib_I2C_b10.c,9 :: 		
0x0384	0x9093      	BCF         TRISB0_bit, 0 
;__Lib_I2C_b10.c,10 :: 		
0x0386	0x9293      	BCF         TRISB1_bit, 1 
;__Lib_I2C_b10.c,13 :: 		
0x0388	0x908A      	BCF         LATB0_bit, 0 
;__Lib_I2C_b10.c,14 :: 		
0x038A	0x928A      	BCF         LATB1_bit, 1 
;__Lib_I2C_b10.c,17 :: 		
0x038C	0x8093      	BSF         TRISB0_bit, 0 
;__Lib_I2C_b10.c,18 :: 		
0x038E	0x8293      	BSF         TRISB1_bit, 1 
;__Lib_I2C_b10.c,20 :: 		
0x0390	0x9EC7      	BCF         SSPSTAT, 7 
;__Lib_I2C_b10.c,21 :: 		
0x0392	0x9CC7      	BCF         SSPSTAT, 6 
;__Lib_I2C_b10.c,22 :: 		
0x0394	0x0E38      	MOVLW       56
0x0396	0x6EC6      	MOVWF       SSPCON1 
;__Lib_I2C_b10.c,25 :: 		
0x0398	0x0012      	RETURN      0
; end of _I2C1_Init
_Lcd_Out:
;__Lib_Lcd.c,184 :: 		
;__Lib_Lcd.c,187 :: 		
0x039A	0xD00F      	BRA         L_Lcd_Out11
;__Lib_Lcd.c,188 :: 		
L_Lcd_Out13:
0x039C	0x0E80      	MOVLW       128
0x039E	0x6E35      	MOVWF       FARG_Lcd_Out_row 
0x03A0	0xD019      	BRA         L_Lcd_Out12
;__Lib_Lcd.c,189 :: 		
L_Lcd_Out14:
0x03A2	0x0EC0      	MOVLW       192
0x03A4	0x6E35      	MOVWF       FARG_Lcd_Out_row 
0x03A6	0xD016      	BRA         L_Lcd_Out12
;__Lib_Lcd.c,190 :: 		
L_Lcd_Out15:
0x03A8	0x0E94      	MOVLW       148
0x03AA	0x6E35      	MOVWF       FARG_Lcd_Out_row 
0x03AC	0xD013      	BRA         L_Lcd_Out12
;__Lib_Lcd.c,191 :: 		
L_Lcd_Out16:
0x03AE	0x0ED4      	MOVLW       212
0x03B0	0x6E35      	MOVWF       FARG_Lcd_Out_row 
0x03B2	0xD010      	BRA         L_Lcd_Out12
;__Lib_Lcd.c,192 :: 		
L_Lcd_Out17:
0x03B4	0x0E80      	MOVLW       128
0x03B6	0x6E35      	MOVWF       FARG_Lcd_Out_row 
;__Lib_Lcd.c,193 :: 		
0x03B8	0xD00D      	BRA         L_Lcd_Out12
L_Lcd_Out11:
0x03BA	0x5035      	MOVF        FARG_Lcd_Out_row, 0 
0x03BC	0x0A01      	XORLW       1
0x03BE	0xE0EE      	BZ          L_Lcd_Out13
0x03C0	0x5035      	MOVF        FARG_Lcd_Out_row, 0 
0x03C2	0x0A02      	XORLW       2
0x03C4	0xE0EE      	BZ          L_Lcd_Out14
0x03C6	0x5035      	MOVF        FARG_Lcd_Out_row, 0 
0x03C8	0x0A03      	XORLW       3
0x03CA	0xE0EE      	BZ          L_Lcd_Out15
0x03CC	0x5035      	MOVF        FARG_Lcd_Out_row, 0 
0x03CE	0x0A04      	XORLW       4
0x03D0	0xE0EE      	BZ          L_Lcd_Out16
0x03D2	0xD7F0      	BRA         L_Lcd_Out17
L_Lcd_Out12:
;__Lib_Lcd.c,194 :: 		
0x03D4	0x0436      	DECF        FARG_Lcd_Out_column, 0 
0x03D6	0x6E00      	MOVWF       R0 
0x03D8	0x5035      	MOVF        FARG_Lcd_Out_row, 0 
0x03DA	0x2600      	ADDWF       R0, 1 
0x03DC	0xF035C000  	MOVFF       R0, FARG_Lcd_Out_row
;__Lib_Lcd.c,196 :: 		
0x03E0	0xF046C000  	MOVFF       R0, FARG_Lcd_Cmd_out_char
0x03E4	0xDE2F      	RCALL       _Lcd_Cmd
;__Lib_Lcd.c,197 :: 		
0x03E6	0x9034      	BCF         __Lib_Lcd_cmd_status, BitPos(__Lib_Lcd_cmd_status+0) 
;__Lib_Lcd.c,198 :: 		
0x03E8	0x6A39      	CLRF        Lcd_Out_i_L0 
;__Lib_Lcd.c,199 :: 		
L_Lcd_Out18:
0x03EA	0x5039      	MOVF        Lcd_Out_i_L0, 0 
0x03EC	0x2437      	ADDWF       FARG_Lcd_Out_text, 0 
0x03EE	0x6EE9      	MOVWF       FSR0L 
0x03F0	0x0E00      	MOVLW       0
0x03F2	0x2038      	ADDWFC      FARG_Lcd_Out_text+1, 0 
0x03F4	0x6EEA      	MOVWF       FSR0H 
0x03F6	0x52EE      	MOVF        POSTINC0, 1 
0x03F8	0xE00B      	BZ          L_Lcd_Out19
;__Lib_Lcd.c,200 :: 		
0x03FA	0x5039      	MOVF        Lcd_Out_i_L0, 0 
0x03FC	0x2437      	ADDWF       FARG_Lcd_Out_text, 0 
0x03FE	0x6EE9      	MOVWF       FSR0L 
0x0400	0x0E00      	MOVLW       0
0x0402	0x2038      	ADDWFC      FARG_Lcd_Out_text+1, 0 
0x0404	0x6EEA      	MOVWF       FSR0H 
0x0406	0xF03FCFEE  	MOVFF       POSTINC0, FARG_Lcd_Chr_CP_out_char
0x040A	0xDECA      	RCALL       _Lcd_Chr_CP
0x040C	0x2A39      	INCF        Lcd_Out_i_L0, 1 
0x040E	0xD7ED      	BRA         L_Lcd_Out18
L_Lcd_Out19:
;__Lib_Lcd.c,201 :: 		
0x0410	0x8034      	BSF         __Lib_Lcd_cmd_status, BitPos(__Lib_Lcd_cmd_status+0) 
;__Lib_Lcd.c,202 :: 		
0x0412	0x0012      	RETURN      0
; end of _Lcd_Out
_I2C1_Start:
;__Lib_I2C_b10.c,34 :: 		
;__Lib_I2C_b10.c,37 :: 		
0x0414	0x6A35      	CLRF        I2C1_Start_j_L0 
0x0416	0x6A36      	CLRF        I2C1_Start_j_L0+1 
L_I2C1_Start2:
0x0418	0x5036      	MOVF        I2C1_Start_j_L0+1, 0 
0x041A	0x0812      	SUBLW       18
0x041C	0xE102      	BNZ         L__I2C1_Start24
0x041E	0x5035      	MOVF        I2C1_Start_j_L0, 0 
0x0420	0x088E      	SUBLW       142
L__I2C1_Start24:
0x0422	0xE307      	BNC         L_I2C1_Start3
;__Lib_I2C_b10.c,38 :: 		
0x0424	0xDE68      	RCALL       _I2C1_Is_Idle
0x0426	0x5200      	MOVF        R0, 1 
0x0428	0xE001      	BZ          L_I2C1_Start5
;__Lib_I2C_b10.c,39 :: 		
0x042A	0xD003      	BRA         L_I2C1_Start3
L_I2C1_Start5:
;__Lib_I2C_b10.c,37 :: 		
0x042C	0x4A35      	INFSNZ      I2C1_Start_j_L0, 1 
0x042E	0x2A36      	INCF        I2C1_Start_j_L0+1, 1 
;__Lib_I2C_b10.c,40 :: 		
0x0430	0xD7F3      	BRA         L_I2C1_Start2
L_I2C1_Start3:
;__Lib_I2C_b10.c,42 :: 		
0x0432	0x0E12      	MOVLW       18
0x0434	0x5C36      	SUBWF       I2C1_Start_j_L0+1, 0 
0x0436	0xE102      	BNZ         L__I2C1_Start25
0x0438	0x0E8F      	MOVLW       143
0x043A	0x5C35      	SUBWF       I2C1_Start_j_L0, 0 
L__I2C1_Start25:
0x043C	0xE303      	BNC         L_I2C1_Start6
;__Lib_I2C_b10.c,43 :: 		
0x043E	0x0E7B      	MOVLW       123
0x0440	0x6E00      	MOVWF       R0 
0x0442	0x0012      	RETURN      0
L_I2C1_Start6:
;__Lib_I2C_b10.c,45 :: 		
0x0444	0x80C5      	BSF         SSPCON2, 0 
;__Lib_I2C_b10.c,46 :: 		
L_I2C1_Start8:
0x0446	0xA0C5      	BTFSS       SSPCON2, 0 
0x0448	0xD001      	BRA         L_I2C1_Start9
;__Lib_I2C_b10.c,47 :: 		
0x044A	0xD7FD      	BRA         L_I2C1_Start8
L_I2C1_Start9:
;__Lib_I2C_b10.c,48 :: 		
0x044C	0x6A00      	CLRF        R0 
;__Lib_I2C_b10.c,50 :: 		
0x044E	0x0012      	RETURN      0
; end of _I2C1_Start
_main:
0x0450	0xF002EC82  	CALL        1284, 0
;I2CSimples.c,33 :: 		void main() {
;I2CSimples.c,35 :: 		ADCON1 = 0x0F; // Configura todas as portar que poderiam ser analógicas como digitais
0x0454	0x0E0F      	MOVLW       15
0x0456	0x6EC1      	MOVWF       ADCON1 
;I2CSimples.c,37 :: 		lcd_init();
0x0458	0xDF17      	RCALL       _Lcd_Init
;I2CSimples.c,38 :: 		lcd_cmd(_LCD_CURSOR_OFF);
0x045A	0x0E0C      	MOVLW       12
0x045C	0x6E46      	MOVWF       FARG_Lcd_Cmd_out_char 
0x045E	0xDDF2      	RCALL       _Lcd_Cmd
;I2CSimples.c,39 :: 		lcd_cmd(_LCD_CLEAR);
0x0460	0x0E01      	MOVLW       1
0x0462	0x6E46      	MOVWF       FARG_Lcd_Cmd_out_char 
0x0464	0xDDEF      	RCALL       _Lcd_Cmd
;I2CSimples.c,40 :: 		lcd_out(1, 1, "EEPROM Externa");
0x0466	0x0E01      	MOVLW       1
0x0468	0x6E35      	MOVWF       FARG_Lcd_Out_row 
0x046A	0x0E01      	MOVLW       1
0x046C	0x6E36      	MOVWF       FARG_Lcd_Out_column 
0x046E	0x0E16      	MOVLW       ?lstr1_I2CSimples
0x0470	0x6E37      	MOVWF       FARG_Lcd_Out_text 
0x0472	0x0E00      	MOVLW       hi_addr(?lstr1_I2CSimples)
0x0474	0x6E38      	MOVWF       FARG_Lcd_Out_text+1 
0x0476	0xDF91      	RCALL       _Lcd_Out
;I2CSimples.c,42 :: 		I2C1_Init(400000);         // Inicializa a comunicação I2C
0x0478	0x0E0A      	MOVLW       10
0x047A	0x6EC8      	MOVWF       SSPADD 
0x047C	0xDF83      	RCALL       _I2C1_Init
;I2CSimples.c,43 :: 		I2C1_Start();              // Inicializa o I2C
0x047E	0xDFCA      	RCALL       _I2C1_Start
;I2CSimples.c,44 :: 		I2C1_Wr(0xA0);             // Envia um byte para o I2C contendo o endereço e configurando escrita (endereço da memória + W)
0x0480	0x0EA0      	MOVLW       160
0x0482	0x6E35      	MOVWF       FARG_I2C1_Wr_data_ 
0x0484	0xDF6E      	RCALL       _I2C1_Wr
;I2CSimples.c,45 :: 		I2C1_Wr(0x05);             // Envia a posição de memória a ser escrita
0x0486	0x0E05      	MOVLW       5
0x0488	0x6E35      	MOVWF       FARG_I2C1_Wr_data_ 
0x048A	0xDF6B      	RCALL       _I2C1_Wr
;I2CSimples.c,46 :: 		I2C1_Wr(39);               // Envia o valor que se quer gravar
0x048C	0x0E27      	MOVLW       39
0x048E	0x6E35      	MOVWF       FARG_I2C1_Wr_data_ 
0x0490	0xDF68      	RCALL       _I2C1_Wr
;I2CSimples.c,47 :: 		I2C1_Stop();               // Para o I2C
0x0492	0xDE8C      	RCALL       _I2C1_Stop
;I2CSimples.c,49 :: 		delay_ms(100);
0x0494	0x0E03      	MOVLW       3
0x0496	0x6E0B      	MOVWF       R11, 0
0x0498	0x0E08      	MOVLW       8
0x049A	0x6E0C      	MOVWF       R12, 0
0x049C	0x0E77      	MOVLW       119
0x049E	0x6E0D      	MOVWF       R13, 0
L_main0:
0x04A0	0x2E0D      	DECFSZ      R13, 1, 0
0x04A2	0xD7FE      	BRA         L_main0
0x04A4	0x2E0C      	DECFSZ      R12, 1, 0
0x04A6	0xD7FC      	BRA         L_main0
0x04A8	0x2E0B      	DECFSZ      R11, 1, 0
0x04AA	0xD7FA      	BRA         L_main0
;I2CSimples.c,51 :: 		I2C1_Start();              // Inicializa o I2C
0x04AC	0xDFB3      	RCALL       _I2C1_Start
;I2CSimples.c,52 :: 		I2C1_Wr(0xA0);             // Envia um byte para o I2C contendo o endereço e configurando escreita  (device address + W)
0x04AE	0x0EA0      	MOVLW       160
0x04B0	0x6E35      	MOVWF       FARG_I2C1_Wr_data_ 
0x04B2	0xDF57      	RCALL       _I2C1_Wr
;I2CSimples.c,53 :: 		I2C1_Wr(0x05);             // Envia a posição de memória a ser escrita
0x04B4	0x0E05      	MOVLW       5
0x04B6	0x6E35      	MOVWF       FARG_I2C1_Wr_data_ 
0x04B8	0xDF54      	RCALL       _I2C1_Wr
;I2CSimples.c,54 :: 		I2C1_Repeated_Start();     // Reinicia o I2C
0x04BA	0xDF39      	RCALL       _I2C1_Repeated_Start
;I2CSimples.c,55 :: 		I2C1_Wr(0xA1);             // Envia um byte para o I2C contendo o endereço e configurando leitura
0x04BC	0x0EA1      	MOVLW       161
0x04BE	0x6E35      	MOVWF       FARG_I2C1_Wr_data_ 
0x04C0	0xDF50      	RCALL       _I2C1_Wr
;I2CSimples.c,56 :: 		memoria = I2C1_Rd(0u);     // Le o dado e armazena na variável memoria
0x04C2	0x6A35      	CLRF        FARG_I2C1_Rd_ack 
0x04C4	0xDF39      	RCALL       _I2C1_Rd
0x04C6	0xF015C000  	MOVFF       R0, _memoria
;I2CSimples.c,57 :: 		I2C1_Stop();               // Para o I2C
0x04CA	0xDE70      	RCALL       _I2C1_Stop
;I2CSimples.c,59 :: 		IntToStr(memoria, txt);
0x04CC	0xF035C015  	MOVFF       _memoria, FARG_IntToStr_input
0x04D0	0x0E00      	MOVLW       0
0x04D2	0x6E36      	MOVWF       FARG_IntToStr_input+1 
0x04D4	0x0E25      	MOVLW       _txt
0x04D6	0x6E37      	MOVWF       FARG_IntToStr_output 
0x04D8	0x0E00      	MOVLW       hi_addr(_txt)
0x04DA	0x6E38      	MOVWF       FARG_IntToStr_output+1 
0x04DC	0xDE69      	RCALL       _IntToStr
;I2CSimples.c,61 :: 		lcd_out(2, 1, txt);
0x04DE	0x0E02      	MOVLW       2
0x04E0	0x6E35      	MOVWF       FARG_Lcd_Out_row 
0x04E2	0x0E01      	MOVLW       1
0x04E4	0x6E36      	MOVWF       FARG_Lcd_Out_column 
0x04E6	0x0E25      	MOVLW       _txt
0x04E8	0x6E37      	MOVWF       FARG_Lcd_Out_text 
0x04EA	0x0E00      	MOVLW       hi_addr(_txt)
0x04EC	0x6E38      	MOVWF       FARG_Lcd_Out_text+1 
0x04EE	0xDF55      	RCALL       _Lcd_Out
;I2CSimples.c,64 :: 		while(1){
L_main1:
;I2CSimples.c,68 :: 		} // end Loop infinito
0x04F0	0xD7FF      	BRA         L_main1
;I2CSimples.c,70 :: 		} // end void main
0x04F2	0xD7FF      	BRA         $+0
; end of _main
0x0504	0xF015EE10  	LFSR        1, 21
0x0508	0x0E10      	MOVLW       16
0x050A	0x6E00      	MOVWF       R0 
0x050C	0x0E01      	MOVLW       1
0x050E	0x6E01      	MOVWF       R1 
0x0510	0x0EF4      	MOVLW       244
0x0512	0x6EF6      	MOVWF       4086 
0x0514	0x0E04      	MOVLW       4
0x0516	0x6EF7      	MOVWF       TBLPTRH 
0x0518	0x0E00      	MOVLW       0
0x051A	0x6EF8      	MOVWF       TBLPTRU 
0x051C	0xF001EC8F  	CALL        798, 0
0x0520	0x0012      	RETURN      0
;I2CSimples.c,0 :: ?ICS_memoria
0x04F4	0x00 ;?ICS_memoria+0
; end of ?ICS_memoria
;I2CSimples.c,0 :: ?ICS?lstr1_I2CSimples
0x04F5	0x4545 ;?ICS?lstr1_I2CSimples+0
0x04F7	0x5250 ;?ICS?lstr1_I2CSimples+2
0x04F9	0x4D4F ;?ICS?lstr1_I2CSimples+4
0x04FB	0x4520 ;?ICS?lstr1_I2CSimples+6
0x04FD	0x7478 ;?ICS?lstr1_I2CSimples+8
0x04FF	0x7265 ;?ICS?lstr1_I2CSimples+10
0x0501	0x616E ;?ICS?lstr1_I2CSimples+12
0x0503	0x00 ;?ICS?lstr1_I2CSimples+14
; end of ?ICS?lstr1_I2CSimples
Symbol List:
//** Routines locations **
//ADDRESS    SIZE    PROCEDURE
//----------------------------------------------
0x001C      [18]    _Delay_5500us
0x002E      [10]    _Delay_1us
0x0038      [12]    _Delay_50us
0x0044     [124]    _Lcd_Cmd
0x00C0      [54]    _Div_16x16_U
0x00F6      [26]    _I2C1_Is_Idle
0x0110     [144]    _WordToStr
0x01A0      [12]    _Lcd_Chr_CP
0x01AC       [4]    _I2C1_Stop
0x01B0     [216]    _IntToStr
0x0288     [150]    _Lcd_Init
0x031E      [16]    ___CC2DW
0x032E      [10]    _I2C1_Repeated_Start
0x0338      [42]    _I2C1_Rd
0x0362      [34]    _I2C1_Wr
0x0384      [22]    _I2C1_Init
0x039A     [122]    _Lcd_Out
0x0414      [60]    _I2C1_Start
0x0450     [164]    _main
//** Variables locations ** 
//ADDRESS    SIZE    VARIABLE
//----------------------------------------------
0x0000       [1]    EEPROM_Write_SaveINTCON_L0
0x0000       [1]    UART1_Init_tmp_L0
0x0000       [1]    SPI1_Write_tmp_L0
0x0000       [1]    __Lib_SoftI2C_PutZerosToLATScl_temp_scl_L0
0x0000       [1]    R0
0x0000       [1]    FLASH_Erase_64_SaveINTCON_L0
0x0000       [1]    __Lib_SoftI2C_PutZerosToLATSda_temp_sda_L0
0x0001       [1]    __Lib_PS2_Wait_Falling_nsample_L0
0x0001       [1]    UART1_Read___tmp_UART1_Read_L0
0x0001       [1]    FLASH_Erase_Write_64_i_L0
0x0001       [2]    FLASH_Read_N_Bytes_i_L0
0x0001       [1]    R1
0x0001       [1]    ispunct_rslt_L0
0x0001       [1]    I2C1_Rd_tmp_L0
0x0001       [1]    FLASH_Write_32_i_L0
0x0002       [2]    __Lib_USB_genHID_memset_usb_pp_L0
0x0002       [1]    FLASH_Write_32_SaveINTCON_L0
0x0002       [1]    FLASH_Erase_Write_64_j_L0
0x0002       [2]    strlen_cp_L0
0x0002       [2]    memset_pp_L0
0x0002       [2]    memchr_s_L0
0x0002       [2]    __Lib_USB_genHID_memset_usb_int_pp_L0
0x0002       [1]    R2
0x0002       [2]    memcpy_dd_L0
0x0003       [2]    memmove_tt_L0
0x0003       [1]    FLASH_Erase_Write_64_SaveINTCON_L0
0x0003       [2]    Ltrim_original_L0
0x0003       [1]    R3
0x0003       [2]    __Lib_USB_genHID_USB_CtrlTrf_Tx_Service_byteToSend_L0
0x0004       [1]    R4
0x0004       [2]    strncat_cp_L0
0x0004       [2]    strncpy_cp_L0
0x0004       [2]    frexp_pom_L0
0x0004       [2]    memcpy_ss_L0
0x0004       [2]    strcat_cp_L0
0x0004       [2]    strcpy_cp_L0
0x0004       [2]    __Lib_USB_genHID_USB_Get_Status_Handler_p_L2
0x0004       [2]    __Lib_USB_genHID_USB_Transfer_Packet_Int_handle_L0
0x0004       [2]    __Lib_USB_genHID_USB_Transfer_Packet_handle_L0
0x0004       [2]    __Lib_USB_genHID_USB_Std_Feature_Req_Handler_p_L0
0x0005       [2]    memmove_ff_L0
0x0005       [2]    Ltrim_p_L0
0x0005       [2]    __Lib_USB_genHID_USB_Configure_Endpoint_handle_L0
0x0005       [2]    LongWordToHex_input_half_L0
0x0005       [1]    R5
0x0005       [2]    LongIntToHex_input_half_L0
0x0006       [1]    R6
0x0007       [1]    R7
0x0008       [1]    R8
0x0009       [1]    R9
0x000A       [1]    R10
0x000B       [1]    R11
0x000C       [1]    R12
0x000D       [1]    R13
0x000E       [1]    R14
0x000F       [1]    R15
0x0010       [1]    R16
0x0011       [1]    R17
0x0012       [1]    R18
0x0013       [1]    R19
0x0014       [1]    R20
0x0015       [1]    _memoria
0x0016      [15]    ?lstr1_I2CSimples
0x0025      [15]    _txt
0x0034       [0]    __Lib_Lcd_cmd_status
0x0035       [2]    I2C1_Start_j_L0
0x0035       [1]    FARG_Lcd_Out_row
0x0035       [4]    FARG_I2C1_Init_clock
0x0035       [1]    FARG_I2C1_Rd_ack
0x0035       [2]    FARG_IntToStr_input
0x0035       [1]    FARG_I2C1_Wr_data_
0x0036       [1]    FARG_Lcd_Out_column
0x0037       [2]    FARG_Lcd_Out_text
0x0037       [2]    FARG_IntToStr_output
0x0039       [2]    IntToStr_i_L0
0x0039       [1]    Lcd_Out_i_L0
0x003B       [2]    IntToStr_negative_L0
0x003D       [2]    IntToStr_inword_L0
0x003F       [2]    FARG_WordToStr_input
0x003F       [1]    FARG_Lcd_Chr_CP_out_char
0x0041       [2]    FARG_WordToStr_output
0x0043       [1]    WordToStr_len_L0
0x0044       [2]    FLOC__WordToStr
0x0046       [1]    FARG_Lcd_Cmd_out_char
0x0400      [32]    __Lib_USB_genHID_BDT
0x0420       [8]    __Lib_USB_genHID_SetupPkt
0x0428       [8]    __Lib_USB_genHID_CtrlTrfData
0x0430       [3]    __Lib_USB_genHID_hid_report_out
0x0433       [3]    __Lib_USB_genHID_hid_report_in
0x0F62       [1]    SPPDATA
0x0F63       [0]    CLKCFG0_bit
0x0F63       [0]    CSEN_bit
0x0F63       [1]    SPPCFG
0x0F63       [0]    CLKCFG1_bit
0x0F63       [0]    CLK1EN_bit
0x0F63       [0]    WS1_bit
0x0F63       [0]    WS0_bit
0x0F63       [0]    WS3_bit
0x0F63       [0]    WS2_bit
0x0F64       [0]    ADDR3_SPPEPS_bit
0x0F64       [0]    ADDR2_SPPEPS_bit
0x0F64       [0]    ADDR1_SPPEPS_bit
0x0F64       [0]    RDSPP_bit
0x0F64       [0]    WRSPP_bit
0x0F64       [0]    SPPBUSY_bit
0x0F64       [1]    SPPEPS
0x0F64       [0]    ADDR0_SPPEPS_bit
0x0F65       [1]    SPPCON
0x0F65       [0]    SPPEN_bit
0x0F65       [0]    RDYO_bit
0x0F65       [0]    DMA0WN_bit
0x0F66       [0]    FRM5_bit
0x0F66       [0]    FRM4_bit
0x0F66       [0]    FRM7_bit
0x0F66       [0]    FRM6_bit
0x0F66       [0]    FRM3_bit
0x0F66       [0]    FRM0_bit
0x0F66       [1]    UFRM
0x0F66       [0]    FRM2_bit
0x0F66       [0]    FRM1_bit
0x0F66       [1]    UFRML
0x0F67       [1]    UFRMH
0x0F67       [0]    FRM8_bit
0x0F67       [0]    FRM10_bit
0x0F67       [0]    FRM9_bit
0x0F68       [0]    TRNIF_bit
0x0F68       [0]    ACTVIF_bit
0x0F68       [0]    UERRIF_bit
0x0F68       [0]    SOFIF_bit
0x0F68       [0]    STALLIF_bit
0x0F68       [0]    IDLEIF_bit
0x0F68       [1]    UIR
0x0F68       [0]    URSTIF_bit
0x0F69       [0]    TRNIE_bit
0x0F69       [0]    ACTVIE_bit
0x0F69       [0]    SOFIE_bit
0x0F69       [0]    STALLIE_bit
0x0F69       [0]    IDLEIE_bit
0x0F69       [0]    UERRIE_bit
0x0F69       [1]    UIE
0x0F69       [0]    URSTIE_bit
0x0F6A       [0]    DFN8EF_bit
0x0F6A       [0]    CRC16EF_bit
0x0F6A       [0]    BTSEF_bit
0x0F6A       [0]    BTOEF_bit
0x0F6A       [0]    CRC5EF_bit
0x0F6A       [1]    UEIR
0x0F6A       [0]    PIDEF_bit
0x0F6B       [0]    DFN8EE_bit
0x0F6B       [0]    CRC16EE_bit
0x0F6B       [0]    BTSEE_bit
0x0F6B       [0]    BTOEE_bit
0x0F6B       [1]    UEIE
0x0F6B       [0]    PIDEE_bit
0x0F6B       [0]    CRC5EE_bit
0x0F6C       [0]    DIR__bit
0x0F6C       [0]    PPBI_bit
0x0F6C       [1]    USTAT
0x0F6C       [0]    ENDP0_bit
0x0F6C       [0]    ENDP3_bit
0x0F6C       [0]    ENDP2_bit
0x0F6C       [0]    ENDP1_bit
0x0F6D       [0]    SE0_bit
0x0F6D       [0]    PPBRST_bit
0x0F6D       [1]    UCON
0x0F6D       [0]    PKTDIS_bit
0x0F6D       [0]    SUSPND_bit
0x0F6D       [0]    RESUME__bit
0x0F6D       [0]    USBEN_bit
0x0F6E       [0]    ADDR5_bit
0x0F6E       [0]    ADDR6_bit
0x0F6E       [1]    UADDR
0x0F6E       [0]    ADDR4_bit
0x0F6E       [0]    ADDR1_bit
0x0F6E       [0]    ADDR0_bit
0x0F6E       [0]    ADDR3_bit
0x0F6E       [0]    ADDR2_bit
0x0F6F       [0]    UOEMON_bit
0x0F6F       [0]    UTEYE_bit
0x0F6F       [1]    UCFG
0x0F6F       [0]    FSEN_bit
0x0F6F       [0]    PPB1_bit
0x0F6F       [0]    PPB0_bit
0x0F6F       [0]    UPUEN_bit
0x0F6F       [0]    UTRDIS_bit
0x0F70       [1]    UEP0
0x0F70       [0]    EPHSHK_bit
0x0F70       [0]    EPINEN_bit
0x0F70       [0]    EPSTALL_bit
0x0F70       [0]    EPCONDIS_bit
0x0F70       [0]    EPOUTEN_bit
0x0F71       [1]    UEP1
0x0F71       [0]    EPOUTEN_UEP1_bit
0x0F71       [0]    EPCONDIS_UEP1_bit
0x0F71       [0]    EPSTALL_UEP1_bit
0x0F71       [0]    EPINEN_UEP1_bit
0x0F71       [0]    EPHSHK_UEP1_bit
0x0F72       [0]    EPHSHK_UEP2_bit
0x0F72       [0]    EPSTALL_UEP2_bit
0x0F72       [0]    EPCONDIS_UEP2_bit
0x0F72       [0]    EPOUTEN_UEP2_bit
0x0F72       [0]    EPINEN_UEP2_bit
0x0F72       [1]    UEP2
0x0F73       [0]    EPOUTEN_UEP3_bit
0x0F73       [0]    EPINEN_UEP3_bit
0x0F73       [0]    EPCONDIS_UEP3_bit
0x0F73       [0]    EPHSHK_UEP3_bit
0x0F73       [1]    UEP3
0x0F73       [0]    EPSTALL_UEP3_bit
0x0F74       [0]    EPOUTEN_UEP4_bit
0x0F74       [0]    EPHSHK_UEP4_bit
0x0F74       [0]    EPCONDIS_UEP4_bit
0x0F74       [0]    EPINEN_UEP4_bit
0x0F74       [1]    UEP4
0x0F74       [0]    EPSTALL_UEP4_bit
0x0F75       [0]    EPOUTEN_UEP5_bit
0x0F75       [0]    EPCONDIS_UEP5_bit
0x0F75       [0]    EPHSHK_UEP5_bit
0x0F75       [0]    EPINEN_UEP5_bit
0x0F75       [1]    UEP5
0x0F75       [0]    EPSTALL_UEP5_bit
0x0F76       [0]    EPINEN_UEP6_bit
0x0F76       [0]    EPOUTEN_UEP6_bit
0x0F76       [1]    UEP6
0x0F76       [0]    EPSTALL_UEP6_bit
0x0F76       [0]    EPHSHK_UEP6_bit
0x0F76       [0]    EPCONDIS_UEP6_bit
0x0F77       [0]    EPCONDIS_UEP7_bit
0x0F77       [0]    EPHSHK_UEP7_bit
0x0F77       [1]    UEP7
0x0F77       [0]    EPSTALL_UEP7_bit
0x0F77       [0]    EPINEN_UEP7_bit
0x0F77       [0]    EPOUTEN_UEP7_bit
0x0F78       [0]    EPHSHK_UEP8_bit
0x0F78       [1]    UEP8
0x0F78       [0]    EPCONDIS_UEP8_bit
0x0F78       [0]    EPSTALL_UEP8_bit
0x0F78       [0]    EPINEN_UEP8_bit
0x0F78       [0]    EPOUTEN_UEP8_bit
0x0F79       [0]    EPHSHK_UEP9_bit
0x0F79       [1]    UEP9
0x0F79       [0]    EPINEN_UEP9_bit
0x0F79       [0]    EPOUTEN_UEP9_bit
0x0F79       [0]    EPCONDIS_UEP9_bit
0x0F79       [0]    EPSTALL_UEP9_bit
0x0F7A       [0]    EPHSHK_UEP10_bit
0x0F7A       [0]    EPINEN_UEP10_bit
0x0F7A       [0]    EPSTALL_UEP10_bit
0x0F7A       [0]    EPCONDIS_UEP10_bit
0x0F7A       [0]    EPOUTEN_UEP10_bit
0x0F7A       [1]    UEP10
0x0F7B       [0]    EPOUTEN_UEP11_bit
0x0F7B       [0]    EPCONDIS_UEP11_bit
0x0F7B       [0]    EPHSHK_UEP11_bit
0x0F7B       [0]    EPINEN_UEP11_bit
0x0F7B       [1]    UEP11
0x0F7B       [0]    EPSTALL_UEP11_bit
0x0F7C       [0]    EPOUTEN_UEP12_bit
0x0F7C       [0]    EPCONDIS_UEP12_bit
0x0F7C       [0]    EPHSHK_UEP12_bit
0x0F7C       [1]    UEP12
0x0F7C       [0]    EPSTALL_UEP12_bit
0x0F7C       [0]    EPINEN_UEP12_bit
0x0F7D       [0]    EPOUTEN_UEP13_bit
0x0F7D       [0]    EPINEN_UEP13_bit
0x0F7D       [0]    EPSTALL_UEP13_bit
0x0F7D       [0]    EPCONDIS_UEP13_bit
0x0F7D       [1]    UEP13
0x0F7D       [0]    EPHSHK_UEP13_bit
0x0F7E       [0]    EPHSHK_UEP14_bit
0x0F7E       [1]    UEP14
0x0F7E       [0]    EPCONDIS_UEP14_bit
0x0F7E       [0]    EPINEN_UEP14_bit
0x0F7E       [0]    EPSTALL_UEP14_bit
0x0F7E       [0]    EPOUTEN_UEP14_bit
0x0F7F       [0]    EPHSHK_UEP15_bit
0x0F7F       [1]    UEP15
0x0F7F       [0]    EPINEN_UEP15_bit
0x0F7F       [0]    EPSTALL_UEP15_bit
0x0F7F       [0]    EPCONDIS_UEP15_bit
0x0F7F       [0]    EPOUTEN_UEP15_bit
0x0F80       [0]    AN1_bit
0x0F80       [0]    AN0_bit
0x0F80       [0]    RA6_bit
0x0F80       [0]    T0CKI_bit
0x0F80       [0]    AN3_bit
0x0F80       [0]    AN2_bit
0x0F80       [0]    RA2_bit
0x0F80       [0]    RA1_bit
0x0F80       [0]    RA0_bit
0x0F80       [0]    RA5_bit
0x0F80       [0]    RA4_bit
0x0F80       [0]    RA3_bit
0x0F80       [0]    AN4_bit
0x0F80       [0]    VREFP_bit
0x0F80       [0]    LVDIN_bit
0x0F80       [0]    HLVDIN_bit
0x0F80       [0]    OSC2_bit
0x0F80       [0]    VREFM_bit
0x0F80       [1]    PORTA
0x0F81       [0]    LCD_D7
0x0F81       [0]    LCD_D6
0x0F81       [0]    LCD_D5
0x0F81       [0]    LCD_RS
0x0F81       [0]    LCD_EN
0x0F81       [0]    LCD_D4
0x0F81       [0]    INT2_bit
0x0F81       [0]    INT1_bit
0x0F81       [0]    INT0_bit
0x0F81       [0]    PGD_bit
0x0F81       [0]    PGC_bit
0x0F81       [0]    PGM_bit
0x0F81       [0]    RB4_bit
0x0F81       [0]    RB3_bit
0x0F81       [0]    RB6_bit
0x0F81       [0]    RB5_bit
0x0F81       [0]    RB2_bit
0x0F81       [0]    RB7_bit
0x0F81       [1]    PORTB
0x0F81       [0]    RB1_bit
0x0F81       [0]    RB0_bit
0x0F82       [0]    RC6_bit
0x0F82       [0]    RC5_bit
0x0F82       [1]    PORTC
0x0F82       [0]    RC7_bit
0x0F82       [0]    RC1_bit
0x0F82       [0]    RC0_bit
0x0F82       [0]    RC4_bit
0x0F82       [0]    RC2_bit
0x0F82       [0]    CK_bit
0x0F82       [0]    CCP1_bit
0x0F82       [0]    T1OSI_bit
0x0F82       [0]    T1OSO_bit
0x0F82       [0]    TX_bit
0x0F82       [0]    T13CKI_bit
0x0F82       [0]    P1A_bit
0x0F82       [0]    RX__bit
0x0F84       [0]    RE3_bit
0x0F84       [1]    PORTE
0x0F89       [1]    LATA
0x0F89       [0]    LATA6_bit
0x0F89       [0]    LATA5_bit
0x0F89       [0]    LATA1_bit
0x0F89       [0]    LATA0_bit
0x0F89       [0]    LATA2_bit
0x0F89       [0]    LATA4_bit
0x0F89       [0]    LATA3_bit
0x0F8A       [0]    LATB2_bit
0x0F8A       [0]    LATB3_bit
0x0F8A       [0]    LATB4_bit
0x0F8A       [0]    LATB0_bit
0x0F8A       [1]    LATB
0x0F8A       [0]    LATB1_bit
0x0F8A       [0]    LATB7_bit
0x0F8A       [0]    LATB6_bit
0x0F8A       [0]    LATB5_bit
0x0F8B       [0]    LATC2_bit
0x0F8B       [0]    LATC6_bit
0x0F8B       [0]    LATC7_bit
0x0F8B       [1]    LATC
0x0F8B       [0]    LATC0_bit
0x0F8B       [0]    LATC1_bit
0x0F92       [1]    TRISA
0x0F92       [0]    TRISA5_bit
0x0F92       [0]    TRISA3_bit
0x0F92       [0]    TRISA4_bit
0x0F92       [0]    TRISA6_bit
0x0F92       [0]    TRISA2_bit
0x0F92       [0]    TRISA1_bit
0x0F92       [0]    TRISA0_bit
0x0F93       [0]    TRISB7_bit
0x0F93       [0]    LCD_D7_Direction
0x0F93       [1]    TRISB
0x0F93       [0]    TRISB0_bit
0x0F93       [0]    TRISB4_bit
0x0F93       [0]    TRISB5_bit
0x0F93       [0]    TRISB6_bit
0x0F93       [0]    TRISB1_bit
0x0F93       [0]    LCD_RS_Direction
0x0F93       [0]    TRISB3_bit
0x0F93       [0]    TRISB2_bit
0x0F93       [0]    LCD_D5_Direction
0x0F93       [0]    LCD_D6_Direction
0x0F93       [0]    LCD_EN_Direction
0x0F93       [0]    LCD_D4_Direction
0x0F94       [0]    TRISC7_bit
0x0F94       [0]    TRISC1_bit
0x0F94       [0]    TRISC2_bit
0x0F94       [1]    TRISC
0x0F94       [0]    TRISC0_bit
0x0F94       [0]    TRISC6_bit
0x0F9B       [0]    TUN0_bit
0x0F9B       [0]    TUN1_bit
0x0F9B       [0]    TUN2_bit
0x0F9B       [0]    INTSRC_bit
0x0F9B       [0]    TUN3_bit
0x0F9B       [0]    TUN4_bit
0x0F9B       [1]    OSCTUNE
0x0F9D       [0]    SSPIE_bit
0x0F9D       [0]    CCP1IE_bit
0x0F9D       [0]    ADIE_bit
0x0F9D       [0]    RCIE_bit
0x0F9D       [0]    TXIE_bit
0x0F9D       [0]    TMR1IE_bit
0x0F9D       [1]    PIE1
0x0F9D       [0]    TMR2IE_bit
0x0F9E       [0]    TXIF_bit
0x0F9E       [0]    SSPIF_bit
0x0F9E       [0]    RCIF_bit
0x0F9E       [0]    ADIF_bit
0x0F9E       [0]    CCP1IF_bit
0x0F9E       [1]    PIR1
0x0F9E       [0]    TMR1IF_bit
0x0F9E       [0]    TMR2IF_bit
0x0F9F       [0]    TXIP_bit
0x0F9F       [0]    SSPIP_bit
0x0F9F       [0]    ADIP_bit
0x0F9F       [0]    RCIP_bit
0x0F9F       [0]    TMR1IP_bit
0x0F9F       [1]    IPR1
0x0F9F       [0]    CCP1IP_bit
0x0F9F       [0]    TMR2IP_bit
0x0FA0       [0]    LVDIE_bit
0x0FA0       [0]    BCLIE_bit
0x0FA0       [0]    CCP2IE_bit
0x0FA0       [0]    TMR3IE_bit
0x0FA0       [0]    OSCFIE_bit
0x0FA0       [0]    HLVDIE_bit
0x0FA0       [1]    PIE2
0x0FA0       [0]    EEIE_bit
0x0FA0       [0]    USBIE_bit
0x0FA0       [0]    CMIE_bit
0x0FA1       [0]    OSCFIF_bit
0x0FA1       [0]    CMIF_bit
0x0FA1       [1]    PIR2
0x0FA1       [0]    HLVDIF_bit
0x0FA1       [0]    USBIF_bit
0x0FA1       [0]    CCP2IF_bit
0x0FA1       [0]    TMR3IF_bit
0x0FA1       [0]    LVDIF_bit
0x0FA1       [0]    EEIF_bit
0x0FA1       [0]    BCLIF_bit
0x0FA2       [0]    OSCFIP_bit
0x0FA2       [0]    CMIP_bit
0x0FA2       [1]    IPR2
0x0FA2       [0]    HLVDIP_bit
0x0FA2       [0]    LVDIP_bit
0x0FA2       [0]    TMR3IP_bit
0x0FA2       [0]    CCP2IP_bit
0x0FA2       [0]    USBIP_bit
0x0FA2       [0]    EEIP_bit
0x0FA2       [0]    BCLIP_bit
0x0FA6       [1]    EECON1
0x0FA6       [0]    FREE_bit
0x0FA6       [0]    CFGS_bit
0x0FA6       [0]    EEPGD_bit
0x0FA6       [0]    WRERR_bit
0x0FA6       [0]    RD_bit
0x0FA6       [0]    WR_bit
0x0FA6       [0]    WREN_bit
0x0FA7       [1]    EECON2
0x0FA8       [1]    EEDATA
0x0FA9       [1]    EEADR
0x0FAB       [0]    SPEN_bit
0x0FAB       [0]    ADEN_bit
0x0FAB       [1]    RCSTA
0x0FAB       [0]    RX9_bit
0x0FAB       [0]    FERR_bit
0x0FAB       [0]    OERR_bit
0x0FAB       [0]    RX9D_bit
0x0FAB       [0]    SREN_bit
0x0FAB       [0]    CREN_bit
0x0FAB       [0]    ADDEN_bit
0x0FAC       [0]    CSRC_bit
0x0FAC       [1]    TXSTA
0x0FAC       [0]    TX9_bit
0x0FAC       [0]    BRGH_bit
0x0FAC       [0]    TRMT_bit
0x0FAC       [0]    TX9D_bit
0x0FAC       [0]    SYNC_bit
0x0FAC       [0]    TXEN_bit
0x0FAC       [0]    SENDB_bit
0x0FAD       [1]    TXREG
0x0FAE       [1]    RCREG
0x0FAF       [1]    SPBRG
0x0FB0       [1]    SPBRGH
0x0FB1       [1]    T3CON
0x0FB1       [0]    T3CCP2_bit
0x0FB1       [0]    T3CKPS1_bit
0x0FB1       [0]    RD16_bit
0x0FB1       [0]    NOT_T3SYNC_bit
0x0FB1       [0]    T3NSYNC_bit
0x0FB1       [0]    TMR3CS_bit
0x0FB1       [0]    TMR3ON_bit
0x0FB1       [0]    T3SYNC_bit
0x0FB1       [0]    T3CKPS0_bit
0x0FB1       [0]    T3CCP1_bit
0x0FB2       [1]    TMR3L
0x0FB3       [1]    TMR3H
0x0FB4       [0]    CM2_bit
0x0FB4       [1]    CMCON
0x0FB4       [0]    CM0_bit
0x0FB4       [0]    CM1_bit
0x0FB4       [0]    CIS_bit
0x0FB4       [0]    C1OUT_bit
0x0FB4       [0]    C2OUT_bit
0x0FB4       [0]    C2INV_bit
0x0FB4       [0]    C1INV_bit
0x0FB5       [1]    CVRCON
0x0FB5       [0]    CVRR_bit
0x0FB5       [0]    CVREF_bit
0x0FB5       [0]    CVROE_bit
0x0FB5       [0]    CVRSS_bit
0x0FB5       [0]    CVREN_bit
0x0FB5       [0]    CVR1_bit
0x0FB5       [0]    CVR0_bit
0x0FB5       [0]    CVR3_bit
0x0FB5       [0]    CVR2_bit
0x0FB6       [0]    PSSAC0_bit
0x0FB6       [0]    PSSAC1_bit
0x0FB6       [1]    ECCP1AS
0x0FB6       [1]    CCP1AS
0x0FB6       [0]    ECCPAS0_bit
0x0FB6       [0]    ECCPASE_bit
0x0FB6       [0]    ECCPAS2_bit
0x0FB6       [0]    ECCPAS1_bit
0x0FB7       [0]    PRSEN_bit
0x0FB7       [1]    ECCP1DEL
0x0FB7       [1]    CCP1DEL
0x0FB8       [0]    BRG16_bit
0x0FB8       [0]    SCKP_bit
0x0FB8       [0]    ABDEN_bit
0x0FB8       [0]    WUE_bit
0x0FB8       [0]    RXDTP_bit
0x0FB8       [1]    BAUDCON
0x0FB8       [0]    RCMT_bit
0x0FB8       [0]    ABDOVF_bit
0x0FB8       [0]    RCIDL_bit
0x0FB8       [0]    TXCKP_bit
0x0FBA       [1]    CCP2CON
0x0FBA       [0]    CCP2M3_bit
0x0FBA       [0]    DC2B0_bit
0x0FBA       [0]    DC2B1_bit
0x0FBA       [0]    CCP2M0_bit
0x0FBA       [0]    CCP2M1_bit
0x0FBA       [0]    CCP2M2_bit
0x0FBB       [1]    CCPR2L
0x0FBB       [2]    CCPR2
0x0FBC       [1]    CCPR2H
0x0FBD       [0]    DC1B1_bit
0x0FBD       [0]    CCP1M3_bit
0x0FBD       [0]    DC1B0_bit
0x0FBD       [1]    CCP1CON
0x0FBD       [0]    CCP1M0_bit
0x0FBD       [0]    CCP1M1_bit
0x0FBD       [0]    CCP1M2_bit
0x0FBE       [1]    CCPR1L
0x0FBE       [2]    CCPR1
0x0FBF       [1]    CCPR1H
0x0FC0       [0]    ADCS2_bit
0x0FC0       [0]    ACQT0_bit
0x0FC0       [0]    ACQT1_bit
0x0FC0       [1]    ADCON2
0x0FC0       [0]    ADCS0_bit
0x0FC0       [0]    ADCS1_bit
0x0FC0       [0]    ACQT2_bit
0x0FC0       [0]    ADFM_bit
0x0FC1       [0]    VCFG1_bit
0x0FC1       [1]    ADCON1
0x0FC1       [0]    VCFG0_bit
0x0FC1       [0]    PCFG1_bit
0x0FC1       [0]    PCFG2_bit
0x0FC1       [0]    PCFG3_bit
0x0FC1       [0]    PCFG0_bit
0x0FC2       [0]    ADON_bit
0x0FC2       [0]    CHS2_bit
0x0FC2       [0]    CHS3_bit
0x0FC2       [0]    CHS0_bit
0x0FC2       [0]    CHS1_bit
0x0FC2       [0]    GO_DONE_bit
0x0FC2       [0]    NOT_DONE_bit
0x0FC2       [1]    ADCON0
0x0FC2       [0]    DONE_bit
0x0FC2       [0]    GO_bit
0x0FC3       [2]    ADRES
0x0FC3       [1]    ADRESL
0x0FC4       [1]    ADRESH
0x0FC5       [1]    SSPCON2
0x0FC5       [0]    ACKDT_bit
0x0FC5       [0]    ACKEN_bit
0x0FC5       [0]    GCEN_bit
0x0FC5       [0]    ACKSTAT_bit
0x0FC5       [0]    RSEN_bit
0x0FC5       [0]    SEN_bit
0x0FC5       [0]    RCEN_bit
0x0FC5       [0]    PEN_bit
0x0FC6       [0]    SSPOV_bit
0x0FC6       [0]    SSPEN_bit
0x0FC6       [1]    SSPCON1
0x0FC6       [0]    WCOL_bit
0x0FC6       [0]    CKP_bit
0x0FC6       [0]    SSPM1_bit
0x0FC6       [0]    SSPM0_bit
0x0FC6       [0]    SSPM3_bit
0x0FC6       [0]    SSPM2_bit
0x0FC7       [0]    I2C_STOP__bit
0x0FC7       [0]    I2C_READ_bit
0x0FC7       [0]    I2C_START__bit
0x0FC7       [0]    I2C_DAT_bit
0x0FC7       [0]    NOT_WRITE_bit
0x0FC7       [0]    NOT_ADDRESS_bit
0x0FC7       [0]    NOT_W_bit
0x0FC7       [0]    NOT_A_bit
0x0FC7       [0]    SMP_bit
0x0FC7       [0]    R_W_bit
0x0FC7       [0]    S_bit
0x0FC7       [0]    BF_bit
0x0FC7       [0]    UA_bit
0x0FC7       [0]    D_A_bit
0x0FC7       [0]    CKE_bit
0x0FC7       [1]    SSPSTAT
0x0FC7       [0]    P_bit
0x0FC7       [0]    READ_WRITE_bit
0x0FC7       [0]    R_bit
0x0FC7       [0]    D_bit
0x0FC7       [0]    DATA_ADDRESS_bit
0x0FC8       [1]    SSPADD
0x0FC9       [1]    SSPBUF
0x0FCA       [0]    T2OUTPS1_bit
0x0FCA       [0]    T2OUTPS0_bit
0x0FCA       [0]    T2OUTPS2_bit
0x0FCA       [0]    T2OUTPS3_bit
0x0FCA       [1]    T2CON
0x0FCA       [0]    T2CKPS0_bit
0x0FCA       [0]    T2CKPS1_bit
0x0FCA       [0]    TMR2ON_bit
0x0FCB       [1]    PR2
0x0FCC       [1]    TMR2
0x0FCD       [0]    T1CKPS0_bit
0x0FCD       [0]    T1CKPS1_bit
0x0FCD       [0]    T1RUN_bit
0x0FCD       [0]    T1OSCEN_bit
0x0FCD       [0]    TMR1ON_bit
0x0FCD       [0]    TMR1CS_bit
0x0FCD       [0]    T1SYNC_bit
0x0FCD       [0]    RD16_T1CON_bit
0x0FCD       [1]    T1CON
0x0FCD       [0]    NOT_T1SYNC_bit
0x0FCE       [1]    TMR1L
0x0FCF       [1]    TMR1H
0x0FD0       [0]    POR_bit
0x0FD0       [0]    NOT_IPEN_bit
0x0FD0       [0]    BOR_bit
0x0FD0       [0]    PD_bit
0x0FD0       [0]    IPEN_bit
0x0FD0       [0]    RI_bit
0x0FD0       [0]    TO__bit
0x0FD0       [1]    RCON
0x0FD0       [0]    NOT_BOR_bit
0x0FD0       [0]    NOT_POR_bit
0x0FD0       [0]    NOT_PD_bit
0x0FD0       [0]    SBOREN_bit
0x0FD0       [0]    NOT_RI_bit
0x0FD0       [0]    NOT_TO_bit
0x0FD1       [0]    SWDTE_bit
0x0FD1       [1]    WDTCON
0x0FD1       [0]    SWDTEN_bit
0x0FD2       [1]    LVDCON
0x0FD2       [1]    HLVDCON
0x0FD2       [0]    LVV0_bit
0x0FD2       [0]    IRVST_bit
0x0FD2       [0]    LVV2_bit
0x0FD2       [0]    LVV1_bit
0x0FD2       [0]    LVDEN_bit
0x0FD2       [0]    LVDL1_bit
0x0FD2       [0]    LVDL0_bit
0x0FD2       [0]    LVDL3_bit
0x0FD2       [0]    LVDL2_bit
0x0FD2       [0]    HLVDEN_bit
0x0FD2       [0]    HLVDL3_bit
0x0FD2       [0]    IVRST_bit
0x0FD2       [0]    VDIRMAG_bit
0x0FD2       [0]    HLVDL2_bit
0x0FD2       [0]    BGST_bit
0x0FD2       [0]    LVV3_bit
0x0FD2       [0]    HLVDL1_bit
0x0FD2       [0]    HLVDL0_bit
0x0FD3       [0]    OSTS_bit
0x0FD3       [0]    IDLEN_bit
0x0FD3       [0]    IRCF0_bit
0x0FD3       [0]    IRCF2_bit
0x0FD3       [0]    IRCF1_bit
0x0FD3       [0]    IOFS_bit
0x0FD3       [1]    OSCCON
0x0FD3       [0]    SCS1_bit
0x0FD3       [0]    FLTS_bit
0x0FD3       [0]    SCS0_bit
0x0FD5       [0]    T0PS2_bit
0x0FD5       [0]    PSA_bit
0x0FD5       [0]    T0PS0_bit
0x0FD5       [0]    T0PS1_bit
0x0FD5       [0]    T0SE_bit
0x0FD5       [0]    TMR0ON_bit
0x0FD5       [1]    T0CON
0x0FD5       [0]    T0CS_bit
0x0FD5       [0]    T08BIT_bit
0x0FD6       [1]    TMR0L
0x0FD7       [1]    TMR0H
0x0FD8       [0]    Z_bit
0x0FD8       [0]    OV_bit
0x0FD8       [0]    C_bit
0x0FD8       [0]    DC_bit
0x0FD8       [1]    STATUS
0x0FD8       [0]    N_bit
0x0FD9       [2]    FSR2PTR
0x0FD9       [1]    FSR2L
0x0FD9       [2]    FSR2
0x0FDA       [1]    FSR2H
0x0FDB       [1]    PLUSW2
0x0FDC       [1]    PREINC2
0x0FDD       [1]    POSTDEC2
0x0FDE       [1]    POSTINC2
0x0FDF       [1]    INDF2
0x0FE0       [1]    BSR
0x0FE1       [2]    FSR1
0x0FE1       [2]    FSR1PTR
0x0FE1       [1]    FSR1L
0x0FE2       [1]    FSR1H
0x0FE3       [1]    PLUSW1
0x0FE4       [1]    PREINC1
0x0FE5       [1]    POSTDEC1
0x0FE6       [1]    POSTINC1
0x0FE7       [1]    INDF1
0x0FE8       [1]    WREG
0x0FE9       [1]    FSR0L
0x0FE9       [2]    FSR0
0x0FE9       [2]    FSR0PTR
0x0FEA       [1]    FSR0H
0x0FEB       [1]    PLUSW0
0x0FEC       [1]    PREINC0
0x0FED       [1]    POSTDEC0
0x0FEE       [1]    POSTINC0
0x0FEF       [1]    INDF0
0x0FF0       [0]    INT2P_bit
0x0FF0       [1]    INTCON3
0x0FF0       [0]    INT2IP_bit
0x0FF0       [0]    INT1IP_bit
0x0FF0       [0]    INT2F_bit
0x0FF0       [0]    INT1F_bit
0x0FF0       [0]    INT2IF_bit
0x0FF0       [0]    INT1IF_bit
0x0FF0       [0]    INT2IE_bit
0x0FF0       [0]    INT1IE_bit
0x0FF0       [0]    INT2E_bit
0x0FF0       [0]    INT1P_bit
0x0FF0       [0]    INT1E_bit
0x0FF1       [0]    T0IP_bit
0x0FF1       [0]    RBPU_bit
0x0FF1       [0]    NOT_RBPU_bit
0x0FF1       [0]    INTEDG2_bit
0x0FF1       [0]    INTEDG1_bit
0x0FF1       [0]    INTEDG0_bit
0x0FF1       [0]    RBIP_bit
0x0FF1       [1]    INTCON2
0x0FF1       [0]    TMR0IP_bit
0x0FF2       [0]    RBIE_bit
0x0FF2       [0]    INT0IE_bit
0x0FF2       [0]    TMR0IF_bit
0x0FF2       [0]    RBIF_bit
0x0FF2       [0]    INT0IF_bit
0x0FF2       [0]    TMR0IE_bit
0x0FF2       [0]    T0IE_bit
0x0FF2       [0]    INT0E_bit
0x0FF2       [0]    GIEH_bit
0x0FF2       [0]    GIEL_bit
0x0FF2       [0]    GIE_bit
0x0FF2       [0]    PEIE_bit
0x0FF2       [0]    T0IF_bit
0x0FF2       [0]    INT0F_bit
0x0FF2       [1]    INTCON
0x0FF3       [2]    PROD
0x0FF3       [1]    PRODL
0x0FF4       [1]    PRODH
0x0FF5       [1]    TABLAT
0x0FF6       [1]    TBLPTRL
0x0FF6       [3]    TBLPTR
0x0FF7       [1]    TBLPTRH
0x0FF8       [1]    TBLPTRU
0x0FF9       [1]    PCL
0x0FF9       [1]    PC
0x0FFA       [1]    PCLATH
0x0FFB       [0]    PCU2_bit
0x0FFB       [0]    PCU3_bit
0x0FFB       [0]    PCU4_bit
0x0FFB       [1]    PCLATU
0x0FFB       [0]    PCU0_bit
0x0FFB       [0]    PCU1_bit
0x0FFC       [0]    STKPTR4_bit
0x0FFC       [0]    STKUNF_bit
0x0FFC       [0]    STKFUL_bit
0x0FFC       [0]    STKPTR0_bit
0x0FFC       [1]    STKPTR
0x0FFC       [0]    STKPTR1_bit
0x0FFC       [0]    STKPTR3_bit
0x0FFC       [0]    STKPTR2_bit
0x0FFD       [1]    TOSL
0x0FFE       [1]    TOSH
0x0FFF       [1]    TOSU
//** Constants locations ** 
//ADDRESS    SIZE    CONSTANT
//----------------------------------------------
0x04F4       [1]    ?ICS_memoria
0x04F5      [15]    ?ICS?lstr1_I2CSimples
//** Label List: ** 
//----------------------------------------------
  L_main0
  L_main1
  L_main2
  _main
  L_ByteToStr0
  L_ByteToStr1
  L_ByteToStr2
  L_ByteToStr3
  L_ByteToStr4
  L_ByteToStr5
  L_WordToStr6
  L_WordToStr7
  L_WordToStr8
  L_WordToStr9
  L_WordToStr10
  L_WordToStr11
  L_WordToStrWithZeros12
  L_WordToStrWithZeros13
  L_WordToStrWithZeros14
  L_WordToStrWithZeros15
  L_WordToStrWithZeros16
  L_ShortToStr17
  L_ShortToStr18
  L_ShortToStr19
  L_ShortToStr20
  L_ShortToStr21
  L_ShortToStr22
  L_IntToStr23
  L_IntToStr24
  L_IntToStr25
  L_IntToStr26
  L_IntToStr27
  L_IntToStr28
  L_IntToStrWithZeros29
  L_IntToStrWithZeros30
  L_IntToStrWithZeros31
  L_IntToStrWithZeros32
  L_IntToStrWithZeros33
  L_IntToStrWithZeros34
  L_IntToStrWithZeros35
  L_IntToStrWithZeros36
  L_LongWordToStr37
  L_LongWordToStr38
  L_LongWordToStr39
  L_LongWordToStr40
  L_LongWordToStr41
  L_LongWordToStr42
  L_LongWordToStrWithZeros43
  L_LongWordToStrWithZeros44
  L_LongWordToStrWithZeros45
  L_LongWordToStrWithZeros46
  L_LongWordToStrWithZeros47
  L_LongToStr48
  L_LongToStr49
  L_LongToStr50
  L_LongToStr51
  L_LongToStr52
  L_LongToStr53
  L_LongIntToStrWithZeros54
  L_LongIntToStrWithZeros55
  L_LongIntToStrWithZeros56
  L_LongIntToStrWithZeros57
  L_LongIntToStrWithZeros58
  L_LongIntToStrWithZeros59
  L_LongIntToStrWithZeros60
  L_LongIntToStrWithZeros61
  L_Dec2Bcd62
  L_Dec2Bcd63
  L_Rtrim64
  L_Rtrim65
  L_Ltrim66
  L_Ltrim67
  L_Ltrim68
  L_Ltrim69
  L_Ltrim70
  L_Ltrim71
  L_FloatToStr72
  L_FloatToStr73
  L_FloatToStr74
  L_FloatToStr75
  L_FloatToStr76
  L_FloatToStr77
  L_FloatToStr78
  L_FloatToStr79
  L_FloatToStr80
  L_FloatToStr81
  L_FloatToStr82
  L_FloatToStr83
  L_FloatToStr84
  L_FloatToStr85
  L_FloatToStr86
  L_FloatToStr87
  L_FloatToStr88
  L_FloatToStr89
  L_FloatToStr90
  L_FloatToStr91
  L_FloatToStr92
  L_FloatToStr93
  L__Ltrim94
  L__FloatToStr95
  _ByteToHex
  _ShortToHex
  _WordToHex
  _IntToHex
  _LongWordToHex
  _LongIntToHex
  _ByteToStr
  _WordToStr
  L__WordToStr96
  _WordToStrWithZeros
  L__WordToStrWithZeros97
  _ShortToStr
  L__ShortToStr98
  _IntToStr
  L__IntToStr99
  L__IntToStr100
  _IntToStrWithZeros
  L__IntToStrWithZeros101
  L__IntToStrWithZeros102
  L__IntToStrWithZeros103
  _LongWordToStr
  L__LongWordToStr104
  L__LongWordToStr105
  _LongWordToStrWithZeros
  L__LongWordToStrWithZeros106
  _LongToStr
  L__LongToStr107
  L__LongToStr108
  _LongIntToStrWithZeros
  L__LongIntToStrWithZeros109
  L__LongIntToStrWithZeros110
  L__LongIntToStrWithZeros111
  _Dec2Bcd
  _Bcd2Dec
  _Bcd2Dec16
  L__Bcd2Dec16112
  L__Bcd2Dec16113
  _Dec2Bcd16
  L__Dec2Bcd16114
  L__Dec2Bcd16115
  _Rtrim
  _Ltrim
  _FloatToStr
  L__FloatToStr116
  L__FloatToStr117
  L__FloatToStr118
  L__FloatToStr119
  L__FloatToStr120
  L_Delay_10us0
  L_Delay_22us1
  L_Delay_50us2
  L_Delay_80us3
  L_Delay_500us4
  L_Delay_5500us5
  L_Delay_1ms6
  L_Delay_5ms7
  L_Delay_8ms8
  L_Delay_100ms9
  L_Delay_10ms10
  L_Delay_1sec11
  L____Boot_Delay4k12
  L____Boot_Delay8k13
  L____Boot_Delay12k14
  L____Boot_Delay16k15
  L____Boot_Delay24k16
  L____Boot_Delay32k17
  L____Boot_Delay48k18
  L____Boot_Delay64k19
  L____Boot_Delay128k20
  L_Delay_Cyc21
  L_Delay_Cyc22
  L_VDelay_ms23
  L_VDelay_ms24
  L_VDelay_ms25
  L_VDelay_Advanced_ms26
  L_VDelay_Advanced_ms27
  L_VDelay_Advanced_ms28
  _Get_Fosc_kHz
  _Delay_1us
  _Delay_10us
  _Delay_22us
  _Delay_50us
  _Delay_80us
  _Delay_500us
  _Delay_5500us
  _Delay_1ms
  _Delay_5ms
  _Delay_8ms
  _Delay_100ms
  _Delay_10ms
  _Delay_1sec
  ____Boot_Delay4k
  ____Boot_Delay8k
  ____Boot_Delay12k
  ____Boot_Delay16k
  ____Boot_Delay24k
  ____Boot_Delay32k
  ____Boot_Delay48k
  ____Boot_Delay64k
  ____Boot_Delay128k
  _Delay_Cyc
  _VDelay_ms
  L__VDelay_ms29
  L__VDelay_ms30
  L__VDelay_ms31
  _VDelay_Advanced_ms
  L__VDelay_Advanced_ms32
  L__VDelay_Advanced_ms33
  L__VDelay_Advanced_ms34
  L_I2C1_Is_Idle0
  L_I2C1_Is_Idle1
  L_I2C1_Start2
  L_I2C1_Start3
  L_I2C1_Start4
  L_I2C1_Start5
  L_I2C1_Start6
  L_I2C1_Start7
  L_I2C1_Start8
  L_I2C1_Start9
  L_I2C1_Repeated_Start10
  L_I2C1_Repeated_Start11
  L_I2C1_Rd12
  L_I2C1_Rd13
  L_I2C1_Rd14
  L_I2C1_Rd15
  L_I2C1_Rd16
  L_I2C1_Rd17
  L_I2C1_Wr18
  L_I2C1_Wr19
  L_I2C1_Wr20
  L_I2C1_Wr21
  L_I2C1_Wr22
  L_I2C1_Wr23
  _I2C1_Init
  _I2C1_Is_Idle
  _I2C1_Start
  L__I2C1_Start24
  L__I2C1_Start25
  _I2C1_Repeated_Start
  _I2C1_Rd
  _I2C1_Wr
  _I2C1_Stop
  L_Lcd_Cmd0
  L_Lcd_Cmd1
  L_Lcd_Out_CP2
  L_Lcd_Out_CP3
  L_Lcd_Chr4
  L_Lcd_Chr5
  L_Lcd_Chr6
  L_Lcd_Chr7
  L_Lcd_Chr8
  L_Lcd_Chr9
  L_Lcd_Chr10
  L_Lcd_Out11
  L_Lcd_Out12
  L_Lcd_Out13
  L_Lcd_Out14
  L_Lcd_Out15
  L_Lcd_Out16
  L_Lcd_Out17
  L_Lcd_Out18
  L_Lcd_Out19
  _Lcd_Cmd
  L__Lcd_Cmd20
  L__Lcd_Cmd21
  L__Lcd_Cmd22
  L__Lcd_Cmd23
  L__Lcd_Cmd24
  L__Lcd_Cmd25
  L__Lcd_Cmd26
  L__Lcd_Cmd27
  L__Lcd_Cmd28
  L__Lcd_Cmd29
  L__Lcd_Cmd30
  L__Lcd_Cmd31
  L__Lcd_Cmd32
  L__Lcd_Cmd33
  L__Lcd_Cmd34
  L__Lcd_Cmd35
  L__Lcd_Cmd36
  L__Lcd_Cmd37
  L__Lcd_Cmd38
  L__Lcd_Cmd39
  _Lcd_Chr_CP
  _Lcd_Out_CP
  _Lcd_Chr
  _Lcd_Init
  _Lcd_Out
  L_Div_16x16_S0
  L_Div_16x16_S1
  LOOPS3232A
  SADD22LA
  SOK22LA
  SADD22L8
  SOK22L8
  LOOPS3232B
  SADD22LB
  SOK22LB
  SADD22L16
  SOK22L16
  LOOPS3232C
  SADD22LC
  SOK22LC
  SADD22L24
  SOK22L24
  LOOPS3232D
  SADD22LD
  SOK22LD
  SOK22L
  L_Div_32x32_S6
  L_Div_32x32_S7
  L_Div_32x32_S8
  L_Div_32x32_S9
  FXD3232S
  END_ALL
  CA3232S
  C3232SX
  C3232SX1
  C3232S
  C3232S2
  C3232SX4
  C3232SOK
  C3232SX3
  C3232SX2
  avoid_comfrem
  LOOPU3232A
  UADD22LA
  UOK22LA
  UADD22L8
  UOK22L8
  LOOPU3232B
  UADD22LB
  UOK22LB
  UADD22L16
  UOK22L16
  LOOPU3232C
  UADD22LC
  UOK22LC
  UADD22L24
  UOK22L24
  LOOPU3232D
  UADD22LD
  UOK22LD
  UOK22L
  _NEXT
  _EXIT2
  _LOOP
  _EXIT1
  _IF_FIRST
  _IF_SECOND
  _INVERCE_FIRST
  _MULT
  _INBERSE_SECOND
  _EXIT
  _Div_8x8_U
  _Div_16x16_U
  _Div_16x16_S_L
  _Div_16x16_S
  _Div_8x8_S
  _Mul_8x8_S
  _Mul_16x16_U
  _Mul_16x16_S
  _SDIV3232L
  _COMFREM
  _Div_32x32_S
  _Div_32x32_U
  _Mul_32x32_U
  _Mul_32x32_S
  _CC2D_Loop1
  _CC2DL_Loop1
  L_longjmp2
  ___CC2D
  ___CC2DW
  _____DoIFC
  _Swap
  _setjmp
  _longjmp
