;  LST file generated by mikroListExporter - v.2.0 
; Date/Time: 29/07/2020 09:07:51
;----------------------------------------------

;Address Opcode 	ASM
0x0000	0x2898      	GOTO       152
_interrupt:
0x0004	0x00DF      	MOVWF      R15
0x0005	0x0E03      	SWAPF      STATUS, 0
0x0006	0x0183      	CLRF       STATUS
0x0007	0x00A9      	MOVWF      ___saveSTATUS
0x0008	0x080A      	MOVF       PCLATH, 0
0x0009	0x00A8      	MOVWF      ___savePCLATH
0x000A	0x018A      	CLRF       PCLATH
0x000B	0x0850      	MOVF       R0, 0
0x000C	0x00A2      	MOVWF      34
0x000D	0x0851      	MOVF       R1, 0
0x000E	0x00A1      	MOVWF      33
0x000F	0x085D      	MOVF       R13, 0
0x0010	0x00A0      	MOVWF      32
;SensorPic.c,39 :: 		void interrupt(){
;SensorPic.c,41 :: 		if(T0IF_bit){
0x0011	0x1D0B      	BTFSS      T0IF_bit, 2
0x0012	0x2820      	GOTO       L_interrupt0
;SensorPic.c,43 :: 		T0IF_bit = 0x00;
0x0013	0x110B      	BCF        T0IF_bit, 2
;SensorPic.c,45 :: 		baseTempo++;
0x0014	0x0AA5      	INCF       _baseTempo, 1
;SensorPic.c,47 :: 		if(baseTempo == 0x04){ // A cada 66ms x 4 = 262ms, o conversor AD é lido
0x0015	0x0825      	MOVF       _baseTempo, 0
0x0016	0x3A04      	XORLW      4
0x0017	0x1D03      	BTFSS      STATUS, 2
0x0018	0x2820      	GOTO       L_interrupt1
;SensorPic.c,49 :: 		baseTempo = 0x00;
0x0019	0x01A5      	CLRF       _baseTempo
;SensorPic.c,50 :: 		adc = adc_read(0);
0x001A	0x01AC      	CLRF       FARG_ADC_Read_channel
0x001B	0x2075      	CALL       _ADC_Read
0x001C	0x0850      	MOVF       R0, 0
0x001D	0x00A3      	MOVWF      _adc
0x001E	0x0851      	MOVF       R0+1, 0
0x001F	0x00A4      	MOVWF      _adc+1
;SensorPic.c,52 :: 		} // end if baseTempo == 0x04
L_interrupt1:
;SensorPic.c,54 :: 		} // end T0IF_bit
L_interrupt0:
;SensorPic.c,56 :: 		} // end void interrupt
L__interrupt21:
0x0020	0x0822      	MOVF       34, 0
0x0021	0x00D0      	MOVWF      R0
0x0022	0x0821      	MOVF       33, 0
0x0023	0x00D1      	MOVWF      R1
0x0024	0x0820      	MOVF       32, 0
0x0025	0x00DD      	MOVWF      R13
0x0026	0x0828      	MOVF       ___savePCLATH, 0
0x0027	0x008A      	MOVWF      PCLATH
0x0028	0x0E29      	SWAPF      ___saveSTATUS, 0
0x0029	0x0083      	MOVWF      STATUS
0x002A	0x0EDF      	SWAPF      R15, 1
0x002B	0x0E5F      	SWAPF      R15, 0
0x002C	0x0009      	RETFIE
; end of _interrupt
_Delay_22us:
;__Lib_Delays.c,15 :: 		void Delay_22us() {
;__Lib_Delays.c,16 :: 		Delay_us(22);
0x002D	0x3007      	MOVLW      7
0x002E	0x1283      	BCF        STATUS, 5
0x002F	0x00DD      	MOVWF      R13
L_Delay_22us1:
0x0030	0x0BDD      	DECFSZ     R13, 1
0x0031	0x2830      	GOTO       L_Delay_22us1
;__Lib_Delays.c,17 :: 		}
0x0032	0x0008      	RETURN
; end of _Delay_22us
_____DoICP:
;__Lib_System.c,6 :: 		
;__Lib_System.c,9 :: 		
0x0033	0x1283      	BCF        STATUS, 5
0x0034	0x0827      	MOVF       ___DoICPAddr+1, 0
0x0035	0x008A      	MOVWF      PCLATH
;__Lib_System.c,10 :: 		
0x0036	0x0826      	MOVF       ___DoICPAddr, 0
0x0037	0x0082      	MOVWF      PCL
;__Lib_System.c,12 :: 		
0x0038	0x0008      	RETURN
; end of _____DoICP
_pulso_Saida:
;SensorPic.c,96 :: 		void pulso_Saida(int n){
;SensorPic.c,100 :: 		for(i = 0x00; i < n; i++){
0x0039	0x1283      	BCF        STATUS, 5
0x003A	0x01D1      	CLRF       R1
L_pulso_Saida15:
0x003B	0x3080      	MOVLW      128
0x003C	0x00D0      	MOVWF      R0
0x003D	0x3080      	MOVLW      128
0x003E	0x062B      	XORWF      FARG_pulso_Saida_n+1, 0
0x003F	0x0250      	SUBWF      R0, 0
0x0040	0x1D03      	BTFSS      STATUS, 2
0x0041	0x2844      	GOTO       L__pulso_Saida27
0x0042	0x082A      	MOVF       FARG_pulso_Saida_n, 0
0x0043	0x0251      	SUBWF      R1, 0
L__pulso_Saida27:
0x0044	0x1803      	BTFSC      STATUS, 0
0x0045	0x285A      	GOTO       L_pulso_Saida16
;SensorPic.c,102 :: 		saida = 0x01;
0x0046	0x1685      	BSF        GP5_bit, 5
;SensorPic.c,103 :: 		delay_ms(30);
0x0047	0x3027      	MOVLW      39
0x0048	0x00DC      	MOVWF      R12
0x0049	0x30F5      	MOVLW      245
0x004A	0x00DD      	MOVWF      R13
L_pulso_Saida18:
0x004B	0x0BDD      	DECFSZ     R13, 1
0x004C	0x284B      	GOTO       L_pulso_Saida18
0x004D	0x0BDC      	DECFSZ     R12, 1
0x004E	0x284B      	GOTO       L_pulso_Saida18
;SensorPic.c,104 :: 		saida = 0x00;
0x004F	0x1285      	BCF        GP5_bit, 5
;SensorPic.c,105 :: 		delay_ms(30);
0x0050	0x3027      	MOVLW      39
0x0051	0x00DC      	MOVWF      R12
0x0052	0x30F5      	MOVLW      245
0x0053	0x00DD      	MOVWF      R13
L_pulso_Saida19:
0x0054	0x0BDD      	DECFSZ     R13, 1
0x0055	0x2854      	GOTO       L_pulso_Saida19
0x0056	0x0BDC      	DECFSZ     R12, 1
0x0057	0x2854      	GOTO       L_pulso_Saida19
;SensorPic.c,100 :: 		for(i = 0x00; i < n; i++){
0x0058	0x0AD1      	INCF       R1, 1
;SensorPic.c,107 :: 		} // end for i = 0x00; i < n; i++
0x0059	0x283B      	GOTO       L_pulso_Saida15
L_pulso_Saida16:
;SensorPic.c,109 :: 		delay_ms(250);
0x005A	0x3002      	MOVLW      2
0x005B	0x00DB      	MOVWF      R11
0x005C	0x3045      	MOVLW      69
0x005D	0x00DC      	MOVWF      R12
0x005E	0x30A9      	MOVLW      169
0x005F	0x00DD      	MOVWF      R13
L_pulso_Saida20:
0x0060	0x0BDD      	DECFSZ     R13, 1
0x0061	0x2860      	GOTO       L_pulso_Saida20
0x0062	0x0BDC      	DECFSZ     R12, 1
0x0063	0x2860      	GOTO       L_pulso_Saida20
0x0064	0x0BDB      	DECFSZ     R11, 1
0x0065	0x2860      	GOTO       L_pulso_Saida20
0x0066	0x0000      	NOP
0x0067	0x0000      	NOP
;SensorPic.c,111 :: 		} // end void pulso_Saida
0x0068	0x0008      	RETURN
; end of _pulso_Saida
___CC2DW:
;__Lib_System.c,24 :: 		
;__Lib_System.c,27 :: 		
_CC2D_Loop1:
;__Lib_System.c,29 :: 		
0x0069	0x2033      	CALL       _____DoICP
0x006A	0x118A      	BCF        PCLATH, 3
0x006B	0x120A      	BCF        PCLATH, 4
;__Lib_System.c,31 :: 		
0x006C	0x0080      	MOVWF      INDF
;__Lib_System.c,32 :: 		
0x006D	0x0A84      	INCF       FSR, 1
;__Lib_System.c,33 :: 		
0x006E	0x0AA6      	INCF       ___DoICPAddr, 1
;__Lib_System.c,35 :: 		
0x006F	0x1903      	BTFSC      STATUS, 2
;__Lib_System.c,36 :: 		
0x0070	0x0AA7      	INCF       ___DoICPAddr+1, 1
;__Lib_System.c,37 :: 		
0x0071	0x03D0      	DECF       R0, 1
;__Lib_System.c,39 :: 		
0x0072	0x1D03      	BTFSS      STATUS, 2
;__Lib_System.c,40 :: 		
0x0073	0x2869      	GOTO       _CC2D_Loop1
;__Lib_System.c,42 :: 		
0x0074	0x0008      	RETURN
; end of ___CC2DW
_ADC_Read:
;__Lib_ADC_A_E.c,53 :: 		
;__Lib_ADC_A_E.c,55 :: 		
0x0075	0x30C3      	MOVLW      195
0x0076	0x1283      	BCF        STATUS, 5
0x0077	0x059F      	ANDWF      ADCON0, 1
;__Lib_ADC_A_E.c,60 :: 		
0x0078	0x30F0      	MOVLW      240
0x0079	0x059F      	ANDWF      ADCON0, 1
;__Lib_ADC_A_E.c,61 :: 		
0x007A	0x30F0      	MOVLW      240
0x007B	0x1683      	BSF        STATUS, 5
0x007C	0x049F      	IORWF      ANSEL, 1
;__Lib_ADC_A_E.c,62 :: 		
0x007D	0x1283      	BCF        STATUS, 5
0x007E	0x179F      	BSF        ADCON0, 7
;__Lib_ADC_A_E.c,63 :: 		
0x007F	0x082C      	MOVF       FARG_ADC_Read_channel, 0
0x0080	0x00D0      	MOVWF      R0
0x0081	0x0DD0      	RLF        R0, 1
0x0082	0x1050      	BCF        R0, 0
0x0083	0x0DD0      	RLF        R0, 1
0x0084	0x1050      	BCF        R0, 0
0x0085	0x0850      	MOVF       R0, 0
0x0086	0x049F      	IORWF      ADCON0, 1
;__Lib_ADC_A_E.c,66 :: 		
0x0087	0x141F      	BSF        ADCON0, 0
;__Lib_ADC_A_E.c,69 :: 		
0x0088	0x202D      	CALL       _Delay_22us
;__Lib_ADC_A_E.c,72 :: 		
0x0089	0x149F      	BSF        ADCON0, 1
;__Lib_ADC_A_E.c,75 :: 		
L_ADC_Read2:
0x008A	0x1C9F      	BTFSS      ADCON0, 1
0x008B	0x288E      	GOTO       L_ADC_Read3
;__Lib_ADC_A_E.c,76 :: 		
0x008C	0x0000      	NOP
0x008D	0x288A      	GOTO       L_ADC_Read2
L_ADC_Read3:
;__Lib_ADC_A_E.c,79 :: 		
0x008E	0x101F      	BCF        ADCON0, 0
;__Lib_ADC_A_E.c,82 :: 		
0x008F	0x081E      	MOVF       ADRESH, 0
0x0090	0x00D1      	MOVWF      R0+1
0x0091	0x01D0      	CLRF       R0
0x0092	0x1683      	BSF        STATUS, 5
0x0093	0x081E      	MOVF       ADRESL, 0
0x0094	0x04D0      	IORWF      R0, 1
0x0095	0x3000      	MOVLW      0
0x0096	0x04D1      	IORWF      R0+1, 1
;__Lib_ADC_A_E.c,83 :: 		
0x0097	0x0008      	RETURN
; end of _ADC_Read
_main:
0x0098	0x1283      	BCF        STATUS, 5
0x0099	0x01A3      	CLRF       _adc
0x009A	0x01A4      	CLRF       36
0x009B	0x01A5      	CLRF       _baseTempo
;SensorPic.c,58 :: 		void main() {
;SensorPic.c,61 :: 		CMCON = 0x07; // Desabilita os comparadores internos
0x009C	0x3007      	MOVLW      7
0x009D	0x0099      	MOVWF      CMCON
;SensorPic.c,62 :: 		ANSEL = 0x11; // Fosc/8 e configura apenas AN0 como entrada analógica
0x009E	0x3011      	MOVLW      17
0x009F	0x1683      	BSF        STATUS, 5
0x00A0	0x009F      	MOVWF      ANSEL
;SensorPic.c,63 :: 		ADCON0 = 0x01; // Seleciona o canal AN0 como entrada analógica e habilita o conversor AD
0x00A1	0x3001      	MOVLW      1
0x00A2	0x1283      	BCF        STATUS, 5
0x00A3	0x009F      	MOVWF      ADCON0
;SensorPic.c,65 :: 		INTCON = 0xA0; // Habilita interrupção global e a interrupção por overflow do timer0
0x00A4	0x30A0      	MOVLW      160
0x00A5	0x008B      	MOVWF      INTCON
;SensorPic.c,66 :: 		OPTION_REG = 0x07; // Habilita os pull-ups internos, timer0 incrementa com ciclo de maquina e configura o prescale em 1:256
0x00A6	0x3007      	MOVLW      7
0x00A7	0x1683      	BSF        STATUS, 5
0x00A8	0x0081      	MOVWF      OPTION_REG
;SensorPic.c,67 :: 		TRISIO = 0x1F; // Ou 0b0001 1111, configura apenas GP5 como saída, o resto como entrada
0x00A9	0x301F      	MOVLW      31
0x00AA	0x0085      	MOVWF      TRISIO
;SensorPic.c,69 :: 		saida = 0x00;
0x00AB	0x1283      	BCF        STATUS, 5
0x00AC	0x1285      	BCF        GP5_bit, 5
;SensorPic.c,72 :: 		while(1){
L_main2:
;SensorPic.c,74 :: 		if(!digital1) pulso_Saida(0x01);
0x00AD	0x1885      	BTFSC      GP1_bit, 1
0x00AE	0x28B4      	GOTO       L_main4
0x00AF	0x3001      	MOVLW      1
0x00B0	0x00AA      	MOVWF      FARG_pulso_Saida_n
0x00B1	0x3000      	MOVLW      0
0x00B2	0x00AB      	MOVWF      FARG_pulso_Saida_n+1
0x00B3	0x2039      	CALL       _pulso_Saida
L_main4:
;SensorPic.c,75 :: 		if(!digital2) pulso_Saida(0x02);
0x00B4	0x1905      	BTFSC      GP2_bit, 2
0x00B5	0x28BB      	GOTO       L_main5
0x00B6	0x3002      	MOVLW      2
0x00B7	0x00AA      	MOVWF      FARG_pulso_Saida_n
0x00B8	0x3000      	MOVLW      0
0x00B9	0x00AB      	MOVWF      FARG_pulso_Saida_n+1
0x00BA	0x2039      	CALL       _pulso_Saida
L_main5:
;SensorPic.c,76 :: 		if(!digital3) pulso_Saida(0x03);
0x00BB	0x1985      	BTFSC      GP3_bit, 3
0x00BC	0x28C2      	GOTO       L_main6
0x00BD	0x3003      	MOVLW      3
0x00BE	0x00AA      	MOVWF      FARG_pulso_Saida_n
0x00BF	0x3000      	MOVLW      0
0x00C0	0x00AB      	MOVWF      FARG_pulso_Saida_n+1
0x00C1	0x2039      	CALL       _pulso_Saida
L_main6:
;SensorPic.c,77 :: 		if(!digital4) pulso_Saida(0x04);
0x00C2	0x1A05      	BTFSC      GP4_bit, 4
0x00C3	0x28C9      	GOTO       L_main7
0x00C4	0x3004      	MOVLW      4
0x00C5	0x00AA      	MOVWF      FARG_pulso_Saida_n
0x00C6	0x3000      	MOVLW      0
0x00C7	0x00AB      	MOVWF      FARG_pulso_Saida_n+1
0x00C8	0x2039      	CALL       _pulso_Saida
L_main7:
;SensorPic.c,79 :: 		switch(adc){
0x00C9	0x28D6      	GOTO       L_main8
;SensorPic.c,81 :: 		case 0:
L_main10:
;SensorPic.c,82 :: 		case 512: pulso_Saida(5);
L_main11:
0x00CA	0x3005      	MOVLW      5
0x00CB	0x00AA      	MOVWF      FARG_pulso_Saida_n
0x00CC	0x3000      	MOVLW      0
0x00CD	0x00AB      	MOVWF      FARG_pulso_Saida_n+1
0x00CE	0x2039      	CALL       _pulso_Saida
;SensorPic.c,83 :: 		break;
0x00CF	0x28FE      	GOTO       L_main9
;SensorPic.c,84 :: 		case 877:
L_main12:
;SensorPic.c,85 :: 		case 955:
L_main13:
;SensorPic.c,86 :: 		case 1023: pulso_Saida(6);
L_main14:
0x00D0	0x3006      	MOVLW      6
0x00D1	0x00AA      	MOVWF      FARG_pulso_Saida_n
0x00D2	0x3000      	MOVLW      0
0x00D3	0x00AB      	MOVWF      FARG_pulso_Saida_n+1
0x00D4	0x2039      	CALL       _pulso_Saida
;SensorPic.c,87 :: 		break;
0x00D5	0x28FE      	GOTO       L_main9
;SensorPic.c,89 :: 		} // end switch adc
L_main8:
0x00D6	0x3000      	MOVLW      0
0x00D7	0x0624      	XORWF      _adc+1, 0
0x00D8	0x1D03      	BTFSS      STATUS, 2
0x00D9	0x28DC      	GOTO       L__main22
0x00DA	0x3000      	MOVLW      0
0x00DB	0x0623      	XORWF      _adc, 0
L__main22:
0x00DC	0x1903      	BTFSC      STATUS, 2
0x00DD	0x28CA      	GOTO       L_main10
0x00DE	0x0824      	MOVF       _adc+1, 0
0x00DF	0x3A02      	XORLW      2
0x00E0	0x1D03      	BTFSS      STATUS, 2
0x00E1	0x28E4      	GOTO       L__main23
0x00E2	0x3000      	MOVLW      0
0x00E3	0x0623      	XORWF      _adc, 0
L__main23:
0x00E4	0x1903      	BTFSC      STATUS, 2
0x00E5	0x28CA      	GOTO       L_main11
0x00E6	0x0824      	MOVF       _adc+1, 0
0x00E7	0x3A03      	XORLW      3
0x00E8	0x1D03      	BTFSS      STATUS, 2
0x00E9	0x28EC      	GOTO       L__main24
0x00EA	0x306D      	MOVLW      109
0x00EB	0x0623      	XORWF      _adc, 0
L__main24:
0x00EC	0x1903      	BTFSC      STATUS, 2
0x00ED	0x28D0      	GOTO       L_main12
0x00EE	0x0824      	MOVF       _adc+1, 0
0x00EF	0x3A03      	XORLW      3
0x00F0	0x1D03      	BTFSS      STATUS, 2
0x00F1	0x28F4      	GOTO       L__main25
0x00F2	0x30BB      	MOVLW      187
0x00F3	0x0623      	XORWF      _adc, 0
L__main25:
0x00F4	0x1903      	BTFSC      STATUS, 2
0x00F5	0x28D0      	GOTO       L_main13
0x00F6	0x0824      	MOVF       _adc+1, 0
0x00F7	0x3A03      	XORLW      3
0x00F8	0x1D03      	BTFSS      STATUS, 2
0x00F9	0x28FC      	GOTO       L__main26
0x00FA	0x30FF      	MOVLW      255
0x00FB	0x0623      	XORWF      _adc, 0
L__main26:
0x00FC	0x1903      	BTFSC      STATUS, 2
0x00FD	0x28D0      	GOTO       L_main14
L_main9:
;SensorPic.c,91 :: 		} // end Loop infinito
0x00FE	0x28AD      	GOTO       L_main2
;SensorPic.c,93 :: 		} // end void main
0x00FF	0x28FF      	GOTO       $+0
; end of _main
Symbol List:
//** Routines locations **
//ADDRESS    SIZE    PROCEDURE
//----------------------------------------------
0x0004      [41]    _interrupt
0x002D       [6]    _Delay_22us
0x0033       [6]    _____DoICP
0x0039      [48]    _pulso_Saida
0x0069      [12]    ___CC2DW
0x0075      [35]    _ADC_Read
0x0098     [104]    _main
//** Variables locations ** 
//ADDRESS    SIZE    VARIABLE
//----------------------------------------------
0x0000       [1]    INDF
0x0001       [1]    TMR0
0x0002       [1]    PCL
0x0003       [0]    DC_bit
0x0003       [0]    NOT_PD_bit
0x0003       [0]    Z_bit
0x0003       [0]    RP0_bit
0x0003       [0]    C_bit
0x0003       [0]    NOT_TO_bit
0x0003       [0]    RP1_bit
0x0003       [0]    IRP_bit
0x0003       [1]    STATUS
0x0004       [1]    FSRPTR
0x0004       [1]    FSR
0x0005       [0]    GP0_bit
0x0005       [0]    GP5_bit
0x0005       [0]    GP1_bit
0x0005       [1]    GPIO
0x0005       [0]    GP4_bit
0x0005       [0]    GP3_bit
0x0005       [0]    GP2_bit
0x000A       [1]    PCLATH
0x000B       [0]    T0IE_bit
0x000B       [0]    T0IF_bit
0x000B       [0]    INTE_bit
0x000B       [1]    INTCON
0x000B       [0]    GPIE_bit
0x000B       [0]    INTF_bit
0x000B       [0]    PEIE_bit
0x000B       [0]    GPIF_bit
0x000B       [0]    GIE_bit
0x000C       [0]    EEIF_bit
0x000C       [0]    ADIF_bit
0x000C       [0]    CMIF_bit
0x000C       [0]    T1IF_bit
0x000C       [1]    PIR1
0x000C       [0]    TMR1IF_bit
0x000E       [1]    TMR1L
0x000F       [1]    TMR1H
0x0010       [0]    TMR1ON_bit
0x0010       [0]    TMR1GE_bit
0x0010       [1]    T1CON
0x0010       [0]    T1OSCEN_bit
0x0010       [0]    T1CKPS0_bit
0x0010       [0]    NOT_T1SYNC_bit
0x0010       [0]    TMR1CS_bit
0x0010       [0]    T1CKPS1_bit
0x0019       [1]    CMCON
0x0019       [0]    CM2_bit
0x0019       [0]    CM0_bit
0x0019       [0]    CM1_bit
0x0019       [0]    COUT_bit
0x0019       [0]    CINV_bit
0x0019       [0]    CIS_bit
0x001E       [1]    ADRESH
0x001F       [0]    GO_bit
0x001F       [0]    CHS0_bit
0x001F       [0]    CHS1_bit
0x001F       [0]    NOT_DONE_bit
0x001F       [1]    ADCON0
0x001F       [0]    ADON_bit
0x001F       [0]    GO_DONE_bit
0x001F       [0]    VCFG_bit
0x001F       [0]    ADFM_bit
0x0023       [2]    _adc
0x0025       [1]    _baseTempo
0x0026       [2]    ___DoICPAddr
0x0028       [1]    ___savePCLATH
0x0029       [1]    ___saveSTATUS
0x002A       [2]    FARG_pulso_Saida_n
0x002C       [1]    FARG_ADC_Read_channel
0x0050       [1]    R0
0x0051       [1]    R1
0x0052       [1]    R2
0x0053       [1]    R3
0x0054       [1]    R4
0x0055       [1]    R5
0x0056       [1]    R6
0x0057       [1]    R7
0x0058       [1]    R8
0x0059       [1]    R9
0x005A       [1]    R10
0x005B       [1]    R11
0x005C       [1]    R12
0x005D       [1]    R13
0x005E       [1]    R14
0x005F       [1]    R15
0x0081       [0]    PS0_bit
0x0081       [1]    OPTION_REG
0x0081       [0]    T0CS_bit
0x0081       [0]    INTEDG_bit
0x0081       [0]    NOT_GPPU_bit
0x0081       [0]    T0SE_bit
0x0081       [0]    PS2_bit
0x0081       [0]    PS1_bit
0x0081       [0]    PSA_bit
0x0085       [1]    TRISIO
0x0085       [0]    TRISIO3_bit
0x0085       [0]    TRISIO2_bit
0x0085       [0]    TRISIO4_bit
0x0085       [0]    TRISIO5_bit
0x0085       [0]    TRISIO0_bit
0x0085       [0]    TRISIO1_bit
0x008C       [0]    TMR1IE_bit
0x008C       [0]    EEIE_bit
0x008C       [0]    ADIE_bit
0x008C       [0]    T1IE_bit
0x008C       [1]    PIE1
0x008C       [0]    CMIE_bit
0x008E       [1]    PCON
0x008E       [0]    NOT_POR_bit
0x008E       [0]    NOT_BOD_bit
0x0090       [0]    CAL0_bit
0x0090       [1]    OSCCAL
0x0090       [0]    CAL1_bit
0x0090       [0]    CAL4_bit
0x0090       [0]    CAL5_bit
0x0090       [0]    CAL2_bit
0x0090       [0]    CAL3_bit
0x0095       [0]    WPU4_bit
0x0095       [0]    WPU2_bit
0x0095       [0]    WPU1_bit
0x0095       [0]    WPU5_bit
0x0095       [1]    WPU
0x0095       [0]    WPU0_bit
0x0096       [1]    IOCB
0x0096       [0]    IOCB3_bit
0x0096       [0]    IOCB2_bit
0x0096       [0]    IOCB1_bit
0x0096       [1]    IOC
0x0096       [0]    IOCB5_bit
0x0096       [0]    IOCB4_bit
0x0096       [0]    IOCB0_bit
0x0099       [0]    VR2_bit
0x0099       [0]    VR0_bit
0x0099       [0]    VR1_bit
0x0099       [0]    VRR_bit
0x0099       [0]    VREN_bit
0x0099       [0]    VR3_bit
0x0099       [1]    VRCON
0x009A       [1]    EEDAT
0x009A       [1]    EEDATA
0x009B       [1]    EEADR
0x009C       [1]    EECON1
0x009C       [0]    WREN_bit
0x009C       [0]    WR_bit
0x009C       [0]    RD_bit
0x009C       [0]    WRERR_bit
0x009D       [1]    EECON2
0x009E       [1]    ADRESL
0x009F       [0]    ADCS2_bit
0x009F       [0]    ANS1_bit
0x009F       [1]    ANSEL
0x009F       [0]    ANS0_bit
0x009F       [0]    ANS2_bit
0x009F       [0]    ADCS1_bit
0x009F       [0]    ADCS0_bit
0x009F       [0]    ANS3_bit
//** Label List: ** 
//----------------------------------------------
  L_interrupt0
  L_interrupt1
  L_main2
  L_main3
  L_main4
  L_main5
  L_main6
  L_main7
  L_main8
  L_main9
  L_main10
  L_main11
  L_main12
  L_main13
  L_main14
  L_pulso_Saida15
  L_pulso_Saida16
  L_pulso_Saida17
  L_pulso_Saida18
  L_pulso_Saida19
  L_pulso_Saida20
  _interrupt
  L__interrupt21
  _main
  L__main22
  L__main23
  L__main24
  L__main25
  L__main26
  _pulso_Saida
  L__pulso_Saida27
  _CC2D_Loop1
  _____DoICP
  _____DoIFC
  ___CC2DW
  _Swap
  L_interrupt0
  L_interrupt1
  L_main2
  L_main3
  L_main4
  L_main5
  L_main6
  L_main7
  L_main8
  L_main9
  L_main10
  L_main11
  L_main12
  L_main13
  L_main14
  L_pulso_Saida15
  L_pulso_Saida16
  L_pulso_Saida17
  L_pulso_Saida18
  L_pulso_Saida19
  L_pulso_Saida20
  _interrupt
  L__interrupt21
  _main
  L__main22
  L__main23
  L__main24
  L__main25
  L__main26
  _pulso_Saida
  L__pulso_Saida27
  L_ADC_Get_Sample0
  L_ADC_Get_Sample1
  L_ADC_Read2
  L_ADC_Read3
  _ADC_Init
  _ADC_Get_Sample
  _ADC_Read
  L_Delay_10us0
  L_Delay_22us1
  L_Delay_50us2
  L_Delay_80us3
  L_Delay_500us4
  L_Delay_5500us5
  L_Delay_1ms6
  L_Delay_5ms7
  L_Delay_8ms8
  L_Delay_100ms9
  L_Delay_1sec10
  L_boot16_Delay_5ms11
  L_Delay_Cyc12
  L_Delay_Cyc13
  L_VDelay_ms14
  L_VDelay_ms15
  L_VDelay_ms16
  L_VDelay_Advanced_ms17
  L_VDelay_Advanced_ms18
  L_VDelay_Advanced_ms19
  _Get_Fosc_kHz
  _Delay_1us
  _Delay_10us
  _Delay_22us
  _Delay_50us
  _Delay_80us
  _Delay_500us
  _Delay_5500us
  _Delay_1ms
  _Delay_5ms
  _Delay_8ms
  _Delay_100ms
  _Delay_1sec
  _boot16_Delay_5ms
  _Delay_Cyc
  _VDelay_ms
  L__VDelay_ms20
  L__VDelay_ms21
  L__VDelay_ms22
  _VDelay_Advanced_ms
  L__VDelay_Advanced_ms23
  L__VDelay_Advanced_ms24
  L__VDelay_Advanced_ms25
