;  LST file generated by mikroListExporter - v.2.0 
; Date/Time: 12/05/2020 22:09:44
;----------------------------------------------

;Address Opcode 	ASM
0x0000	0x2877      	GOTO       119
_interrupt:
0x0004	0x00FF      	MOVWF      R15
0x0005	0x0E03      	SWAPF      STATUS, 0
0x0006	0x0183      	CLRF       STATUS
0x0007	0x00A3      	MOVWF      ___saveSTATUS
0x0008	0x080A      	MOVF       PCLATH, 0
0x0009	0x00A4      	MOVWF      ___savePCLATH
0x000A	0x018A      	CLRF       PCLATH
;ServoMotorSuave.c,9 :: 		void interrupt(){
;ServoMotorSuave.c,11 :: 		if(TMR0IF_bit){
0x000B	0x1D0B      	BTFSS      TMR0IF_bit, 2
0x000C	0x2818      	GOTO       L_interrupt0
;ServoMotorSuave.c,13 :: 		TMR0IF_bit = 0x00;
0x000D	0x110B      	BCF        TMR0IF_bit, 2
;ServoMotorSuave.c,15 :: 		if(servo1){
0x000E	0x1E07      	BTFSS      RC4_bit, 4
0x000F	0x2814      	GOTO       L_interrupt1
;ServoMotorSuave.c,16 :: 		TMR0 = duty;
0x0010	0x0820      	MOVF       _duty, 0
0x0011	0x0081      	MOVWF      TMR0
;ServoMotorSuave.c,17 :: 		servo1 = 0x00;
0x0012	0x1207      	BCF        RC4_bit, 4
;ServoMotorSuave.c,18 :: 		}
0x0013	0x2818      	GOTO       L_interrupt2
L_interrupt1:
;ServoMotorSuave.c,20 :: 		TMR0 = 255 - duty;
0x0014	0x0820      	MOVF       _duty, 0
0x0015	0x3CFF      	SUBLW      255
0x0016	0x0081      	MOVWF      TMR0
;ServoMotorSuave.c,21 :: 		servo1 = 0x01;
0x0017	0x1607      	BSF        RC4_bit, 4
;ServoMotorSuave.c,22 :: 		}
L_interrupt2:
;ServoMotorSuave.c,23 :: 		}
L_interrupt0:
;ServoMotorSuave.c,24 :: 		}
L__interrupt15:
0x0018	0x0824      	MOVF       ___savePCLATH, 0
0x0019	0x008A      	MOVWF      PCLATH
0x001A	0x0E23      	SWAPF      ___saveSTATUS, 0
0x001B	0x0083      	MOVWF      STATUS
0x001C	0x0EFF      	SWAPF      R15, 1
0x001D	0x0E7F      	SWAPF      R15, 0
0x001E	0x0009      	RETFIE
; end of _interrupt
_____DoICP:
;__Lib_System.c,6 :: 		
;__Lib_System.c,9 :: 		
0x001F	0x1283      	BCF        STATUS, 5
0x0020	0x1303      	BCF        STATUS, 6
0x0021	0x0822      	MOVF       ___DoICPAddr+1, 0
0x0022	0x008A      	MOVWF      PCLATH
;__Lib_System.c,10 :: 		
0x0023	0x0821      	MOVF       ___DoICPAddr, 0
0x0024	0x0082      	MOVWF      PCL
;__Lib_System.c,12 :: 		
0x0025	0x0008      	RETURN
; end of _____DoICP
___CC2DW:
;__Lib_System.c,24 :: 		
;__Lib_System.c,27 :: 		
_CC2D_Loop1:
;__Lib_System.c,29 :: 		
0x0026	0x201F      	CALL       _____DoICP
0x0027	0x118A      	BCF        PCLATH, 3
0x0028	0x120A      	BCF        PCLATH, 4
;__Lib_System.c,31 :: 		
0x0029	0x0080      	MOVWF      INDF
;__Lib_System.c,32 :: 		
0x002A	0x0A84      	INCF       FSR, 1
;__Lib_System.c,33 :: 		
0x002B	0x0AA1      	INCF       ___DoICPAddr, 1
;__Lib_System.c,35 :: 		
0x002C	0x1903      	BTFSC      STATUS, 2
;__Lib_System.c,36 :: 		
0x002D	0x0AA2      	INCF       ___DoICPAddr+1, 1
;__Lib_System.c,37 :: 		
0x002E	0x03F0      	DECF       R0, 1
;__Lib_System.c,39 :: 		
0x002F	0x1D03      	BTFSS      STATUS, 2
;__Lib_System.c,40 :: 		
0x0030	0x2826      	GOTO       _CC2D_Loop1
;__Lib_System.c,42 :: 		
0x0031	0x0008      	RETURN
; end of ___CC2DW
_finalInicial:
;ServoMotorSuave.c,73 :: 		void finalInicial(){
;ServoMotorSuave.c,77 :: 		for(i = 28; i > 6; i--){
0x0032	0x301C      	MOVLW      28
0x0033	0x1283      	BCF        STATUS, 5
0x0034	0x1303      	BCF        STATUS, 6
0x0035	0x00F1      	MOVWF      R1
0x0036	0x3000      	MOVLW      0
0x0037	0x00F2      	MOVWF      R1+1
L_finalInicial11:
0x0038	0x3080      	MOVLW      128
0x0039	0x00F0      	MOVWF      R0
0x003A	0x3080      	MOVLW      128
0x003B	0x0672      	XORWF      R1+1, 0
0x003C	0x0270      	SUBWF      R0, 0
0x003D	0x1D03      	BTFSS      STATUS, 2
0x003E	0x2841      	GOTO       L__finalInicial17
0x003F	0x0871      	MOVF       R1, 0
0x0040	0x3C06      	SUBLW      6
L__finalInicial17:
0x0041	0x1803      	BTFSC      STATUS, 0
0x0042	0x2854      	GOTO       L_finalInicial12
;ServoMotorSuave.c,78 :: 		duty = i;
0x0043	0x0871      	MOVF       R1, 0
0x0044	0x00A0      	MOVWF      _duty
;ServoMotorSuave.c,79 :: 		delay_ms(25);
0x0045	0x3062      	MOVLW      98
0x0046	0x00FC      	MOVWF      R12
0x0047	0x3065      	MOVLW      101
0x0048	0x00FD      	MOVWF      R13
L_finalInicial14:
0x0049	0x0BFD      	DECFSZ     R13, 1
0x004A	0x2849      	GOTO       L_finalInicial14
0x004B	0x0BFC      	DECFSZ     R12, 1
0x004C	0x2849      	GOTO       L_finalInicial14
0x004D	0x0000      	NOP
0x004E	0x0000      	NOP
;ServoMotorSuave.c,77 :: 		for(i = 28; i > 6; i--){
0x004F	0x3001      	MOVLW      1
0x0050	0x02F1      	SUBWF      R1, 1
0x0051	0x1C03      	BTFSS      STATUS, 0
0x0052	0x03F2      	DECF       R1+1, 1
;ServoMotorSuave.c,80 :: 		}
0x0053	0x2838      	GOTO       L_finalInicial11
L_finalInicial12:
;ServoMotorSuave.c,81 :: 		}
0x0054	0x0008      	RETURN
; end of _finalInicial
_inicialFinal:
;ServoMotorSuave.c,63 :: 		void inicialFinal(){
;ServoMotorSuave.c,67 :: 		for(i = 7; i < 30 ; i++){  // Coloquei para ir até 29 (< 30) pois, na prática, é o valor que faz o servo ir até o ponto final realmente
0x0055	0x3007      	MOVLW      7
0x0056	0x1283      	BCF        STATUS, 5
0x0057	0x1303      	BCF        STATUS, 6
0x0058	0x00F1      	MOVWF      R1
0x0059	0x3000      	MOVLW      0
0x005A	0x00F2      	MOVWF      R1+1
L_inicialFinal7:
0x005B	0x3080      	MOVLW      128
0x005C	0x0672      	XORWF      R1+1, 0
0x005D	0x00F0      	MOVWF      R0
0x005E	0x3080      	MOVLW      128
0x005F	0x0270      	SUBWF      R0, 0
0x0060	0x1D03      	BTFSS      STATUS, 2
0x0061	0x2864      	GOTO       L__inicialFinal16
0x0062	0x301E      	MOVLW      30
0x0063	0x0271      	SUBWF      R1, 0
L__inicialFinal16:
0x0064	0x1803      	BTFSC      STATUS, 0
0x0065	0x2876      	GOTO       L_inicialFinal8
;ServoMotorSuave.c,68 :: 		duty = i;
0x0066	0x0871      	MOVF       R1, 0
0x0067	0x00A0      	MOVWF      _duty
;ServoMotorSuave.c,69 :: 		delay_ms(25);
0x0068	0x3062      	MOVLW      98
0x0069	0x00FC      	MOVWF      R12
0x006A	0x3065      	MOVLW      101
0x006B	0x00FD      	MOVWF      R13
L_inicialFinal10:
0x006C	0x0BFD      	DECFSZ     R13, 1
0x006D	0x286C      	GOTO       L_inicialFinal10
0x006E	0x0BFC      	DECFSZ     R12, 1
0x006F	0x286C      	GOTO       L_inicialFinal10
0x0070	0x0000      	NOP
0x0071	0x0000      	NOP
;ServoMotorSuave.c,67 :: 		for(i = 7; i < 30 ; i++){  // Coloquei para ir até 29 (< 30) pois, na prática, é o valor que faz o servo ir até o ponto final realmente
0x0072	0x0AF1      	INCF       R1, 1
0x0073	0x1903      	BTFSC      STATUS, 2
0x0074	0x0AF2      	INCF       R1+1, 1
;ServoMotorSuave.c,70 :: 		}
0x0075	0x285B      	GOTO       L_inicialFinal7
L_inicialFinal8:
;ServoMotorSuave.c,71 :: 		}
0x0076	0x0008      	RETURN
; end of _inicialFinal
_main:
0x0077	0x1283      	BCF        STATUS, 5
0x0078	0x1303      	BCF        STATUS, 6
0x0079	0x01A0      	CLRF       _duty
;ServoMotorSuave.c,26 :: 		void main() {
;ServoMotorSuave.c,28 :: 		CMCON = 0x07; // Desabilita os comparadores internos
0x007A	0x3007      	MOVLW      7
0x007B	0x1683      	BSF        STATUS, 5
0x007C	0x009C      	MOVWF      CMCON
;ServoMotorSuave.c,29 :: 		OPTION_REG = 0x87; // Desabilita os pull-ups internos, ativa o timer0 e configura o prescaler em 1:255
0x007D	0x3087      	MOVLW      135
0x007E	0x0081      	MOVWF      OPTION_REG
;ServoMotorSuave.c,30 :: 		GIE_bit = 0x01; // Ativa a interrupção global
0x007F	0x178B      	BSF        GIE_bit, 7
;ServoMotorSuave.c,31 :: 		PEIE_bit = 0x01; // Ativa a interrupção por periféricos
0x0080	0x170B      	BSF        PEIE_bit, 6
;ServoMotorSuave.c,32 :: 		TMR0IE_bit = 0x01; // Ativa o timer0
0x0081	0x168B      	BSF        TMR0IE_bit, 5
;ServoMotorSuave.c,34 :: 		TRISC = 0xEF; // Configura apenas RC4 como saída digital
0x0082	0x30EF      	MOVLW      239
0x0083	0x0087      	MOVWF      TRISC
;ServoMotorSuave.c,35 :: 		PORTC = 0xEF; // Inicia RC4 em Low
0x0084	0x30EF      	MOVLW      239
0x0085	0x1283      	BCF        STATUS, 5
0x0086	0x0087      	MOVWF      PORTC
;ServoMotorSuave.c,37 :: 		duty = 7; // Inicia o servo na posição inicial
0x0087	0x3007      	MOVLW      7
0x0088	0x00A0      	MOVWF      _duty
;ServoMotorSuave.c,39 :: 		while(1){
L_main3:
;ServoMotorSuave.c,41 :: 		inicialFinal();
0x0089	0x2055      	CALL       _inicialFinal
;ServoMotorSuave.c,42 :: 		delay_ms(2000);
0x008A	0x301F      	MOVLW      31
0x008B	0x00FB      	MOVWF      R11
0x008C	0x3071      	MOVLW      113
0x008D	0x00FC      	MOVWF      R12
0x008E	0x301E      	MOVLW      30
0x008F	0x00FD      	MOVWF      R13
L_main5:
0x0090	0x0BFD      	DECFSZ     R13, 1
0x0091	0x2890      	GOTO       L_main5
0x0092	0x0BFC      	DECFSZ     R12, 1
0x0093	0x2890      	GOTO       L_main5
0x0094	0x0BFB      	DECFSZ     R11, 1
0x0095	0x2890      	GOTO       L_main5
0x0096	0x0000      	NOP
;ServoMotorSuave.c,43 :: 		finalInicial();
0x0097	0x2032      	CALL       _finalInicial
;ServoMotorSuave.c,44 :: 		delay_ms(2000);
0x0098	0x301F      	MOVLW      31
0x0099	0x00FB      	MOVWF      R11
0x009A	0x3071      	MOVLW      113
0x009B	0x00FC      	MOVWF      R12
0x009C	0x301E      	MOVLW      30
0x009D	0x00FD      	MOVWF      R13
L_main6:
0x009E	0x0BFD      	DECFSZ     R13, 1
0x009F	0x289E      	GOTO       L_main6
0x00A0	0x0BFC      	DECFSZ     R12, 1
0x00A1	0x289E      	GOTO       L_main6
0x00A2	0x0BFB      	DECFSZ     R11, 1
0x00A3	0x289E      	GOTO       L_main6
0x00A4	0x0000      	NOP
;ServoMotorSuave.c,45 :: 		}
0x00A5	0x2889      	GOTO       L_main3
;ServoMotorSuave.c,46 :: 		}
0x00A6	0x28A6      	GOTO       $+0
; end of _main
Symbol List:
//** Routines locations **
//ADDRESS    SIZE    PROCEDURE
//----------------------------------------------
0x0004      [27]    _interrupt
0x001F       [7]    _____DoICP
0x0026      [12]    ___CC2DW
0x0032      [35]    _finalInicial
0x0055      [34]    _inicialFinal
0x0077      [48]    _main
//** Variables locations ** 
//ADDRESS    SIZE    VARIABLE
//----------------------------------------------
0x0000       [1]    INDF
0x0001       [1]    TMR0
0x0002       [1]    PCL
0x0003       [0]    Z_bit
0x0003       [1]    STATUS
0x0003       [0]    NOT_TO_bit
0x0003       [0]    RP1_bit
0x0003       [0]    C_bit
0x0003       [0]    IRP_bit
0x0003       [0]    DC_bit
0x0003       [0]    RP0_bit
0x0003       [0]    NOT_PD_bit
0x0004       [1]    FSRPTR
0x0004       [1]    FSR
0x0005       [0]    RA2_bit
0x0005       [1]    PORTA
0x0005       [0]    RA5_bit
0x0005       [0]    RA0_bit
0x0005       [0]    RA1_bit
0x0005       [0]    RA3_bit
0x0005       [0]    RA4_bit
0x0006       [0]    RB0_bit
0x0006       [0]    RB4_bit
0x0006       [0]    RB7_bit
0x0006       [0]    RB5_bit
0x0006       [0]    RB3_bit
0x0006       [0]    RB1_bit
0x0006       [1]    PORTB
0x0006       [0]    RB2_bit
0x0006       [0]    RB6_bit
0x0007       [0]    RC1_bit
0x0007       [0]    RC5_bit
0x0007       [0]    RC4_bit
0x0007       [0]    RC0_bit
0x0007       [0]    RC3_bit
0x0007       [0]    RC7_bit
0x0007       [1]    PORTC
0x0007       [0]    RC2_bit
0x0007       [0]    RC6_bit
0x000A       [1]    PCLATH
0x000B       [0]    T0IF_bit
0x000B       [0]    TMR0IF_bit
0x000B       [0]    INTF_bit
0x000B       [1]    INTCON
0x000B       [0]    PEIE_bit
0x000B       [0]    GIE_bit
0x000B       [0]    T0IE_bit
0x000B       [0]    RBIE_bit
0x000B       [0]    INTE_bit
0x000B       [0]    TMR0IE_bit
0x000B       [0]    RBIF_bit
0x000C       [0]    SSPIF_bit
0x000C       [0]    ADIF_bit
0x000C       [1]    PIR1
0x000C       [0]    TMR2IF_bit
0x000C       [0]    TXIF_bit
0x000C       [0]    RCIF_bit
0x000C       [0]    CCP1IF_bit
0x000C       [0]    TMR1IF_bit
0x000D       [0]    CMIF_bit
0x000D       [1]    PIR2
0x000D       [0]    EEIF_bit
0x000D       [0]    BCLIF_bit
0x000D       [0]    CCP2IF_bit
0x000E       [1]    TMR1L
0x000F       [1]    TMR1H
0x0010       [1]    T1CON
0x0010       [0]    T1CKPS1_bit
0x0010       [0]    NOT_T1SYNC_bit
0x0010       [0]    T1OSCEN_bit
0x0010       [0]    T1CKPS0_bit
0x0010       [0]    TMR1CS_bit
0x0010       [0]    TMR1ON_bit
0x0010       [0]    T1INSYNC_bit
0x0010       [0]    T1SYNC_bit
0x0011       [1]    TMR2
0x0012       [1]    T2CON
0x0012       [0]    TOUTPS0_bit
0x0012       [0]    TMR2ON_bit
0x0012       [0]    T2CKPS1_bit
0x0012       [0]    TOUTPS3_bit
0x0012       [0]    TOUTPS2_bit
0x0012       [0]    TOUTPS1_bit
0x0012       [0]    T2CKPS0_bit
0x0013       [1]    SSPBUF
0x0014       [0]    SSPM0_bit
0x0014       [0]    SSPM1_bit
0x0014       [1]    SSPCON
0x0014       [0]    WCOL_bit
0x0014       [0]    SSPOV_bit
0x0014       [0]    SSPM3_bit
0x0014       [0]    CKP_bit
0x0014       [0]    SSPEN_bit
0x0014       [0]    SSPM2_bit
0x0015       [1]    CCPR1L
0x0015       [2]    CCPR1
0x0016       [1]    CCPR1H
0x0017       [0]    CCP1M3_bit
0x0017       [0]    CCP1M1_bit
0x0017       [0]    CCP1M2_bit
0x0017       [0]    CCP1X_bit
0x0017       [1]    CCP1CON
0x0017       [0]    CCP1M0_bit
0x0017       [0]    CCP1Y_bit
0x0018       [0]    SREN_bit
0x0018       [0]    CREN_bit
0x0018       [0]    NOT_RC8_bit
0x0018       [0]    RC8_9_bit
0x0018       [0]    ADDEN_bit
0x0018       [0]    RX9D_bit
0x0018       [0]    RCD8_bit
0x0018       [0]    FERR_bit
0x0018       [0]    OERR_bit
0x0018       [0]    RX9_bit
0x0018       [0]    RC9_bit
0x0018       [1]    RCSTA
0x0018       [0]    SPEN_bit
0x0019       [1]    TXREG
0x001A       [1]    RCREG
0x001B       [1]    CCPR2L
0x001B       [2]    CCPR2
0x001C       [1]    CCPR2H
0x001D       [0]    CCP2M2_bit
0x001D       [0]    CCP2M3_bit
0x001D       [0]    CCP2Y_bit
0x001D       [0]    CCP2X_bit
0x001D       [1]    CCP2CON
0x001D       [0]    CCP2M0_bit
0x001D       [0]    CCP2M1_bit
0x001E       [1]    ADRESH
0x001F       [0]    ADCS1_bit
0x001F       [0]    ADCS0_bit
0x001F       [0]    CHS2_bit
0x001F       [0]    GO_DONE_bit
0x001F       [0]    NOT_DONE_bit
0x001F       [1]    ADCON0
0x001F       [0]    ADON_bit
0x001F       [0]    CHS0_bit
0x001F       [0]    CHS1_bit
0x001F       [0]    GO_bit
0x0020       [1]    _duty
0x0021       [2]    ___DoICPAddr
0x0023       [1]    ___saveSTATUS
0x0024       [1]    ___savePCLATH
0x0070       [1]    R0
0x0071       [1]    R1
0x0072       [1]    R2
0x0073       [1]    R3
0x0074       [1]    R4
0x0075       [1]    R5
0x0076       [1]    R6
0x0077       [1]    R7
0x0078       [1]    R8
0x0079       [1]    R9
0x007A       [1]    R10
0x007B       [1]    R11
0x007C       [1]    R12
0x007D       [1]    R13
0x007E       [1]    R14
0x007F       [1]    R15
0x0081       [1]    OPTION_REG
0x0081       [0]    T0SE_bit
0x0081       [0]    PSA_bit
0x0081       [0]    T0CS_bit
0x0081       [0]    NOT_RBPU_bit
0x0081       [0]    INTEDG_bit
0x0081       [0]    PS2_bit
0x0081       [0]    PS1_bit
0x0081       [0]    PS0_bit
0x0085       [0]    TRISA3_bit
0x0085       [0]    TRISA2_bit
0x0085       [0]    TRISA5_bit
0x0085       [0]    TRISA4_bit
0x0085       [0]    TRISA1_bit
0x0085       [1]    TRISA
0x0085       [0]    TRISA0_bit
0x0086       [1]    TRISB
0x0086       [0]    TRISB2_bit
0x0086       [0]    TRISB0_bit
0x0086       [0]    TRISB6_bit
0x0086       [0]    TRISB7_bit
0x0086       [0]    TRISB5_bit
0x0086       [0]    TRISB3_bit
0x0086       [0]    TRISB4_bit
0x0086       [0]    TRISB1_bit
0x0087       [0]    TRISC4_bit
0x0087       [0]    TRISC3_bit
0x0087       [0]    TRISC0_bit
0x0087       [0]    TRISC2_bit
0x0087       [0]    TRISC5_bit
0x0087       [0]    TRISC7_bit
0x0087       [1]    TRISC
0x0087       [0]    TRISC6_bit
0x0087       [0]    TRISC1_bit
0x008C       [1]    PIE1
0x008C       [0]    CCP1IE_bit
0x008C       [0]    SSPIE_bit
0x008C       [0]    TMR1IE_bit
0x008C       [0]    TMR2IE_bit
0x008C       [0]    RCIE_bit
0x008C       [0]    ADIE_bit
0x008C       [0]    TXIE_bit
0x008D       [0]    EEIE_bit
0x008D       [0]    BCLIE_bit
0x008D       [1]    PIE2
0x008D       [0]    CMIE_bit
0x008D       [0]    CCP2IE_bit
0x008E       [0]    NOT_BOR_bit
0x008E       [1]    PCON
0x008E       [0]    NOT_POR_bit
0x008E       [0]    NOT_BO_bit
0x0091       [0]    PEN_bit
0x0091       [1]    SSPCON2
0x0091       [0]    SEN_bit
0x0091       [0]    RSEN_bit
0x0091       [0]    ACKSTAT_bit
0x0091       [0]    GCEN_bit
0x0091       [0]    ACKDT_bit
0x0091       [0]    RCEN_bit
0x0091       [0]    ACKEN_bit
0x0092       [1]    PR2
0x0093       [1]    SSPADD
0x0094       [0]    I2C_READ_bit
0x0094       [0]    NOT_W_bit
0x0094       [0]    R_bit
0x0094       [0]    S_bit
0x0094       [0]    I2C_START__bit
0x0094       [0]    UA_bit
0x0094       [0]    BF_bit
0x0094       [0]    READ_WRITE_bit
0x0094       [0]    NOT_WRITE_bit
0x0094       [0]    R_W_bit
0x0094       [0]    I2C_DATA_bit
0x0094       [0]    NOT_A_bit
0x0094       [0]    D_bit
0x0094       [0]    SMP_bit
0x0094       [0]    CKE_bit
0x0094       [0]    P_bit
0x0094       [0]    I2C_STOP__bit
0x0094       [0]    DATA_ADDRESS_bit
0x0094       [0]    NOT_ADDRESS_bit
0x0094       [0]    D_A_bit
0x0094       [1]    SSPSTAT
0x0098       [0]    TX9D_bit
0x0098       [0]    TXD8_bit
0x0098       [1]    TXSTA
0x0098       [0]    TXEN_bit
0x0098       [0]    SYNC_bit
0x0098       [0]    BRGH_bit
0x0098       [0]    TRMT_bit
0x0098       [0]    TX8_9_bit
0x0098       [0]    CSRC_bit
0x0098       [0]    NOT_TX8_bit
0x0098       [0]    TX9_bit
0x0099       [1]    SPBRG
0x009C       [0]    CM2_bit
0x009C       [0]    CM0_bit
0x009C       [0]    CM1_bit
0x009C       [0]    C1OUT_bit
0x009C       [0]    C2OUT_bit
0x009C       [0]    C2INV_bit
0x009C       [1]    CMCON
0x009C       [0]    CIS_bit
0x009C       [0]    C1INV_bit
0x009D       [0]    CVROE_bit
0x009D       [0]    CVREN_bit
0x009D       [1]    CVRCON
0x009D       [0]    CVRR_bit
0x009D       [0]    CVR1_bit
0x009D       [0]    CVR2_bit
0x009D       [0]    CVR0_bit
0x009D       [0]    CVR3_bit
0x009E       [1]    ADRESL
0x009F       [0]    PCFG3_bit
0x009F       [0]    ADCS2_bit
0x009F       [0]    ADFM_bit
0x009F       [0]    PCFG0_bit
0x009F       [0]    PCFG1_bit
0x009F       [0]    PCFG2_bit
0x009F       [1]    ADCON1
0x010C       [1]    EEDATA
0x010D       [1]    EEADR
0x010E       [1]    EEDATH
0x010F       [1]    EEADRH
0x018C       [0]    WRERR_bit
0x018C       [0]    WREN_bit
0x018C       [0]    WR_bit
0x018C       [1]    EECON1
0x018C       [0]    RD_bit
0x018C       [0]    EEPGD_bit
0x018D       [1]    EECON2
//** Label List: ** 
//----------------------------------------------
  L_interrupt0
  L_interrupt1
  L_interrupt2
  L_main3
  L_main4
  L_main5
  L_main6
  L_inicialFinal7
  L_inicialFinal8
  L_inicialFinal9
  L_inicialFinal10
  L_finalInicial11
  L_finalInicial12
  L_finalInicial13
  L_finalInicial14
  _interrupt
  L__interrupt15
  _main
  _inicialFinal
  L__inicialFinal16
  _finalInicial
  L__finalInicial17
  _CC2D_Loop1
  _____DoICP
  _____DoIFC
  ___CC2DW
  _Swap
  L_interrupt0
  L_interrupt1
  L_interrupt2
  L_main3
  L_main4
  L_main5
  L_main6
  L_inicialFinal7
  L_inicialFinal8
  L_inicialFinal9
  L_inicialFinal10
  L_finalInicial11
  L_finalInicial12
  L_finalInicial13
  L_finalInicial14
  _interrupt
  L__interrupt15
  _main
  _inicialFinal
  L__inicialFinal16
  _finalInicial
  L__finalInicial17
