;  LST file generated by mikroListExporter - v.2.0 
; Date/Time: 16/04/2020 23:30:37
;----------------------------------------------

;Address Opcode 	ASM
0x0000	0x2917      	GOTO       279
_EEPROM_Write:
;__Lib_EEPROM.c,16 :: 		
;__Lib_EEPROM.c,20 :: 		
L_EEPROM_Write0:
0x0003	0x1683      	BSF        STATUS, 5
0x0004	0x1303      	BCF        STATUS, 6
0x0005	0x1C9C      	BTFSS      EECON1, 1
0x0006	0x2809      	GOTO       L_EEPROM_Write1
0x0007	0x0000      	NOP
0x0008	0x2803      	GOTO       L_EEPROM_Write0
L_EEPROM_Write1:
;__Lib_EEPROM.c,21 :: 		
0x0009	0x1283      	BCF        STATUS, 5
0x000A	0x083D      	MOVF       FARG_EEPROM_Write_Address, 0
0x000B	0x1683      	BSF        STATUS, 5
0x000C	0x009B      	MOVWF      EEADR
;__Lib_EEPROM.c,22 :: 		
0x000D	0x1283      	BCF        STATUS, 5
0x000E	0x083E      	MOVF       FARG_EEPROM_Write_data_, 0
0x000F	0x1683      	BSF        STATUS, 5
0x0010	0x009A      	MOVWF      EEDATA
;__Lib_EEPROM.c,23 :: 		
0x0011	0x139C      	BCF        EECON1, 7
;__Lib_EEPROM.c,24 :: 		
0x0012	0x151C      	BSF        EECON1, 2
;__Lib_EEPROM.c,26 :: 		
0x0013	0x080B      	MOVF       INTCON, 0
0x0014	0x00F0      	MOVWF      R0
;__Lib_EEPROM.c,29 :: 		
0x0015	0x138B      	BCF        INTCON, 7
;__Lib_EEPROM.c,30 :: 		
0x0016	0x3055      	MOVLW      85
0x0017	0x009D      	MOVWF      EECON2
;__Lib_EEPROM.c,31 :: 		
0x0018	0x30AA      	MOVLW      170
0x0019	0x009D      	MOVWF      EECON2
;__Lib_EEPROM.c,32 :: 		
0x001A	0x149C      	BSF        EECON1, 1
;__Lib_EEPROM.c,36 :: 		
0x001B	0x1BF0      	BTFSC      R0, 7
0x001C	0x281F      	GOTO       L__EEPROM_Write2
0x001D	0x138B      	BCF        INTCON, 7
0x001E	0x2820      	GOTO       L__EEPROM_Write3
L__EEPROM_Write2:
0x001F	0x178B      	BSF        INTCON, 7
L__EEPROM_Write3:
;__Lib_EEPROM.c,37 :: 		
0x0020	0x111C      	BCF        EECON1, 2
;__Lib_EEPROM.c,38 :: 		
0x0021	0x0008      	RETURN
; end of _EEPROM_Write
_EEPROM_Read:
;__Lib_EEPROM.c,4 :: 		
;__Lib_EEPROM.c,5 :: 		
0x0022	0x1283      	BCF        STATUS, 5
0x0023	0x1303      	BCF        STATUS, 6
0x0024	0x083D      	MOVF       FARG_EEPROM_Read_Address, 0
0x0025	0x1683      	BSF        STATUS, 5
0x0026	0x009B      	MOVWF      EEADR
;__Lib_EEPROM.c,6 :: 		
0x0027	0x139C      	BCF        EECON1, 7
;__Lib_EEPROM.c,12 :: 		
0x0028	0x141C      	BSF        EECON1, 0
;__Lib_EEPROM.c,13 :: 		
0x0029	0x081A      	MOVF       EEDATA, 0
0x002A	0x00F0      	MOVWF      R0
;__Lib_EEPROM.c,14 :: 		
0x002B	0x0008      	RETURN
; end of _EEPROM_Read
_varreduraMemoria:
;EEPROMVUAplicado.c,64 :: 		unsigned int varreduraMemoria(){
;EEPROMVUAplicado.c,68 :: 		unsigned int cont = 0;
0x002C	0x1283      	BCF        STATUS, 5
0x002D	0x1303      	BCF        STATUS, 6
0x002E	0x01BB      	CLRF       varreduraMemoria_cont_L0
0x002F	0x01BC      	CLRF       varreduraMemoria_cont_L0+1
;EEPROMVUAplicado.c,70 :: 		for(i=0; i <= 128; i++){
0x0030	0x01B7      	CLRF       varreduraMemoria_i_L0
0x0031	0x01B8      	CLRF       varreduraMemoria_i_L0+1
L_varreduraMemoria9:
0x0032	0x0838      	MOVF       varreduraMemoria_i_L0+1, 0
0x0033	0x3C00      	SUBLW      0
0x0034	0x1D03      	BTFSS      STATUS, 2
0x0035	0x2838      	GOTO       L__varreduraMemoria33
0x0036	0x0837      	MOVF       varreduraMemoria_i_L0, 0
0x0037	0x3C80      	SUBLW      128
L__varreduraMemoria33:
0x0038	0x1C03      	BTFSS      STATUS, 0
0x0039	0x2883      	GOTO       L_varreduraMemoria10
;EEPROMVUAplicado.c,72 :: 		if(i < 128){
0x003A	0x3000      	MOVLW      0
0x003B	0x0238      	SUBWF      varreduraMemoria_i_L0+1, 0
0x003C	0x1D03      	BTFSS      STATUS, 2
0x003D	0x2840      	GOTO       L__varreduraMemoria34
0x003E	0x3080      	MOVLW      128
0x003F	0x0237      	SUBWF      varreduraMemoria_i_L0, 0
L__varreduraMemoria34:
0x0040	0x1803      	BTFSC      STATUS, 0
0x0041	0x287A      	GOTO       L_varreduraMemoria12
;EEPROMVUAplicado.c,73 :: 		end = EEPROM_Read(i);
0x0042	0x0837      	MOVF       varreduraMemoria_i_L0, 0
0x0043	0x00BD      	MOVWF      FARG_EEPROM_Read_Address
0x0044	0x2022      	CALL       _EEPROM_Read
;EEPROMVUAplicado.c,75 :: 		if(end == 0xFF){
0x0045	0x0870      	MOVF       R0, 0
0x0046	0x3AFF      	XORLW      255
0x0047	0x1D03      	BTFSS      STATUS, 2
0x0048	0x2879      	GOTO       L_varreduraMemoria13
;EEPROMVUAplicado.c,76 :: 		if(i == 0){
0x0049	0x3000      	MOVLW      0
0x004A	0x1283      	BCF        STATUS, 5
0x004B	0x0638      	XORWF      varreduraMemoria_i_L0+1, 0
0x004C	0x1D03      	BTFSS      STATUS, 2
0x004D	0x2850      	GOTO       L__varreduraMemoria35
0x004E	0x3000      	MOVLW      0
0x004F	0x0637      	XORWF      varreduraMemoria_i_L0, 0
L__varreduraMemoria35:
0x0050	0x1D03      	BTFSS      STATUS, 2
0x0051	0x285A      	GOTO       L_varreduraMemoria14
;EEPROMVUAplicado.c,77 :: 		aux = i;
0x0052	0x0837      	MOVF       varreduraMemoria_i_L0, 0
0x0053	0x00B9      	MOVWF      varreduraMemoria_aux_L0
0x0054	0x0838      	MOVF       varreduraMemoria_i_L0+1, 0
0x0055	0x00BA      	MOVWF      varreduraMemoria_aux_L0+1
;EEPROMVUAplicado.c,78 :: 		i = 128;
0x0056	0x3080      	MOVLW      128
0x0057	0x00B7      	MOVWF      varreduraMemoria_i_L0
0x0058	0x01B8      	CLRF       varreduraMemoria_i_L0+1
;EEPROMVUAplicado.c,79 :: 		}
0x0059	0x2879      	GOTO       L_varreduraMemoria15
L_varreduraMemoria14:
;EEPROMVUAplicado.c,80 :: 		else if(i == 127){
0x005A	0x3000      	MOVLW      0
0x005B	0x0638      	XORWF      varreduraMemoria_i_L0+1, 0
0x005C	0x1D03      	BTFSS      STATUS, 2
0x005D	0x2860      	GOTO       L__varreduraMemoria36
0x005E	0x307F      	MOVLW      127
0x005F	0x0637      	XORWF      varreduraMemoria_i_L0, 0
L__varreduraMemoria36:
0x0060	0x1D03      	BTFSS      STATUS, 2
0x0061	0x286A      	GOTO       L_varreduraMemoria16
;EEPROMVUAplicado.c,81 :: 		aux = i;
0x0062	0x0837      	MOVF       varreduraMemoria_i_L0, 0
0x0063	0x00B9      	MOVWF      varreduraMemoria_aux_L0
0x0064	0x0838      	MOVF       varreduraMemoria_i_L0+1, 0
0x0065	0x00BA      	MOVWF      varreduraMemoria_aux_L0+1
;EEPROMVUAplicado.c,82 :: 		i = 128;
0x0066	0x3080      	MOVLW      128
0x0067	0x00B7      	MOVWF      varreduraMemoria_i_L0
0x0068	0x01B8      	CLRF       varreduraMemoria_i_L0+1
;EEPROMVUAplicado.c,83 :: 		}
0x0069	0x2879      	GOTO       L_varreduraMemoria17
L_varreduraMemoria16:
;EEPROMVUAplicado.c,84 :: 		else if(EEPROM_Read(i+1) == 0xFF){
0x006A	0x0A37      	INCF       varreduraMemoria_i_L0, 0
0x006B	0x00BD      	MOVWF      FARG_EEPROM_Read_Address
0x006C	0x2022      	CALL       _EEPROM_Read
0x006D	0x0870      	MOVF       R0, 0
0x006E	0x3AFF      	XORLW      255
0x006F	0x1D03      	BTFSS      STATUS, 2
0x0070	0x2879      	GOTO       L_varreduraMemoria18
;EEPROMVUAplicado.c,85 :: 		aux = i;
0x0071	0x1283      	BCF        STATUS, 5
0x0072	0x0837      	MOVF       varreduraMemoria_i_L0, 0
0x0073	0x00B9      	MOVWF      varreduraMemoria_aux_L0
0x0074	0x0838      	MOVF       varreduraMemoria_i_L0+1, 0
0x0075	0x00BA      	MOVWF      varreduraMemoria_aux_L0+1
;EEPROMVUAplicado.c,86 :: 		i = 128;
0x0076	0x3080      	MOVLW      128
0x0077	0x00B7      	MOVWF      varreduraMemoria_i_L0
0x0078	0x01B8      	CLRF       varreduraMemoria_i_L0+1
;EEPROMVUAplicado.c,87 :: 		}
L_varreduraMemoria18:
L_varreduraMemoria17:
L_varreduraMemoria15:
;EEPROMVUAplicado.c,88 :: 		}
L_varreduraMemoria13:
;EEPROMVUAplicado.c,89 :: 		}
0x0079	0x287E      	GOTO       L_varreduraMemoria19
L_varreduraMemoria12:
0x007A	0x1283      	BCF        STATUS, 5
;EEPROMVUAplicado.c,91 :: 		cont = 128;
0x007B	0x3080      	MOVLW      128
0x007C	0x00BB      	MOVWF      varreduraMemoria_cont_L0
0x007D	0x01BC      	CLRF       varreduraMemoria_cont_L0+1
L_varreduraMemoria19:
0x007E	0x1283      	BCF        STATUS, 5
;EEPROMVUAplicado.c,70 :: 		for(i=0; i <= 128; i++){
0x007F	0x0AB7      	INCF       varreduraMemoria_i_L0, 1
0x0080	0x1903      	BTFSC      STATUS, 2
0x0081	0x0AB8      	INCF       varreduraMemoria_i_L0+1, 1
;EEPROMVUAplicado.c,92 :: 		}
0x0082	0x2832      	GOTO       L_varreduraMemoria9
L_varreduraMemoria10:
;EEPROMVUAplicado.c,94 :: 		if(cont == 128)
0x0083	0x3000      	MOVLW      0
0x0084	0x063C      	XORWF      varreduraMemoria_cont_L0+1, 0
0x0085	0x1D03      	BTFSS      STATUS, 2
0x0086	0x2889      	GOTO       L__varreduraMemoria37
0x0087	0x3080      	MOVLW      128
0x0088	0x063B      	XORWF      varreduraMemoria_cont_L0, 0
L__varreduraMemoria37:
0x0089	0x1D03      	BTFSS      STATUS, 2
0x008A	0x288F      	GOTO       L_varreduraMemoria20
;EEPROMVUAplicado.c,95 :: 		aux = cont;
0x008B	0x083B      	MOVF       varreduraMemoria_cont_L0, 0
0x008C	0x00B9      	MOVWF      varreduraMemoria_aux_L0
0x008D	0x083C      	MOVF       varreduraMemoria_cont_L0+1, 0
0x008E	0x00BA      	MOVWF      varreduraMemoria_aux_L0+1
L_varreduraMemoria20:
;EEPROMVUAplicado.c,97 :: 		return aux;
0x008F	0x0839      	MOVF       varreduraMemoria_aux_L0, 0
0x0090	0x00F0      	MOVWF      R0
0x0091	0x083A      	MOVF       varreduraMemoria_aux_L0+1, 0
0x0092	0x00F1      	MOVWF      R0+1
;EEPROMVUAplicado.c,98 :: 		}
0x0093	0x0008      	RETURN
; end of _varreduraMemoria
_apagaMemoria:
;EEPROMVUAplicado.c,116 :: 		void apagaMemoria(){
;EEPROMVUAplicado.c,120 :: 		for(i=0; i < 128; i++){
0x0094	0x1283      	BCF        STATUS, 5
0x0095	0x1303      	BCF        STATUS, 6
0x0096	0x01B7      	CLRF       apagaMemoria_i_L0
0x0097	0x01B8      	CLRF       apagaMemoria_i_L0+1
L_apagaMemoria23:
0x0098	0x3000      	MOVLW      0
0x0099	0x0238      	SUBWF      apagaMemoria_i_L0+1, 0
0x009A	0x1D03      	BTFSS      STATUS, 2
0x009B	0x289E      	GOTO       L__apagaMemoria39
0x009C	0x3080      	MOVLW      128
0x009D	0x0237      	SUBWF      apagaMemoria_i_L0, 0
L__apagaMemoria39:
0x009E	0x1803      	BTFSC      STATUS, 0
0x009F	0x28B3      	GOTO       L_apagaMemoria24
;EEPROMVUAplicado.c,121 :: 		EEPROM_Write(i, 0xFF);
0x00A0	0x0837      	MOVF       apagaMemoria_i_L0, 0
0x00A1	0x00BD      	MOVWF      FARG_EEPROM_Write_Address
0x00A2	0x30FF      	MOVLW      255
0x00A3	0x00BE      	MOVWF      FARG_EEPROM_Write_data_
0x00A4	0x2003      	CALL       _EEPROM_Write
;EEPROMVUAplicado.c,122 :: 		delay_ms(25);
0x00A5	0x3021      	MOVLW      33
0x00A6	0x00FC      	MOVWF      R12
0x00A7	0x3076      	MOVLW      118
0x00A8	0x00FD      	MOVWF      R13
L_apagaMemoria26:
0x00A9	0x0BFD      	DECFSZ     R13, 1
0x00AA	0x28A9      	GOTO       L_apagaMemoria26
0x00AB	0x0BFC      	DECFSZ     R12, 1
0x00AC	0x28A9      	GOTO       L_apagaMemoria26
0x00AD	0x0000      	NOP
;EEPROMVUAplicado.c,120 :: 		for(i=0; i < 128; i++){
0x00AE	0x1283      	BCF        STATUS, 5
0x00AF	0x0AB7      	INCF       apagaMemoria_i_L0, 1
0x00B0	0x1903      	BTFSC      STATUS, 2
0x00B1	0x0AB8      	INCF       apagaMemoria_i_L0+1, 1
;EEPROMVUAplicado.c,123 :: 		}
0x00B2	0x2898      	GOTO       L_apagaMemoria23
L_apagaMemoria24:
;EEPROMVUAplicado.c,124 :: 		}
0x00B3	0x0008      	RETURN
; end of _apagaMemoria
_____DoICP:
;__Lib_System.c,6 :: 		
;__Lib_System.c,9 :: 		
0x00B4	0x1283      	BCF        STATUS, 5
0x00B5	0x1303      	BCF        STATUS, 6
0x00B6	0x082F      	MOVF       ___DoICPAddr+1, 0
0x00B7	0x008A      	MOVWF      PCLATH
;__Lib_System.c,10 :: 		
0x00B8	0x082E      	MOVF       ___DoICPAddr, 0
0x00B9	0x0082      	MOVWF      PCL
;__Lib_System.c,12 :: 		
0x00BA	0x0008      	RETURN
; end of _____DoICP
_ultimoGravado:
;EEPROMVUAplicado.c,126 :: 		unsigned int ultimoGravado(){
;EEPROMVUAplicado.c,131 :: 		end = varreduraMemoria();
0x00BB	0x202C      	CALL       _varreduraMemoria
0x00BC	0x0870      	MOVF       R0, 0
0x00BD	0x00B3      	MOVWF      ultimoGravado_end_L0
0x00BE	0x0871      	MOVF       R0+1, 0
0x00BF	0x00B4      	MOVWF      ultimoGravado_end_L0+1
;EEPROMVUAplicado.c,133 :: 		if(end == 0)
0x00C0	0x3000      	MOVLW      0
0x00C1	0x0671      	XORWF      R0+1, 0
0x00C2	0x1D03      	BTFSS      STATUS, 2
0x00C3	0x28C6      	GOTO       L__ultimoGravado40
0x00C4	0x3000      	MOVLW      0
0x00C5	0x0670      	XORWF      R0, 0
L__ultimoGravado40:
0x00C6	0x1D03      	BTFSS      STATUS, 2
0x00C7	0x28CB      	GOTO       L_ultimoGravado27
;EEPROMVUAplicado.c,134 :: 		aux = 0;
0x00C8	0x01B5      	CLRF       ultimoGravado_aux_L0
0x00C9	0x01B6      	CLRF       ultimoGravado_aux_L0+1
0x00CA	0x28E0      	GOTO       L_ultimoGravado28
L_ultimoGravado27:
;EEPROMVUAplicado.c,135 :: 		else if(end == 128)
0x00CB	0x3000      	MOVLW      0
0x00CC	0x0634      	XORWF      ultimoGravado_end_L0+1, 0
0x00CD	0x1D03      	BTFSS      STATUS, 2
0x00CE	0x28D1      	GOTO       L__ultimoGravado41
0x00CF	0x3080      	MOVLW      128
0x00D0	0x0633      	XORWF      ultimoGravado_end_L0, 0
L__ultimoGravado41:
0x00D1	0x1D03      	BTFSS      STATUS, 2
0x00D2	0x28D8      	GOTO       L_ultimoGravado29
;EEPROMVUAplicado.c,136 :: 		aux = 127;
0x00D3	0x307F      	MOVLW      127
0x00D4	0x00B5      	MOVWF      ultimoGravado_aux_L0
0x00D5	0x3000      	MOVLW      0
0x00D6	0x00B6      	MOVWF      ultimoGravado_aux_L0+1
0x00D7	0x28E0      	GOTO       L_ultimoGravado30
L_ultimoGravado29:
;EEPROMVUAplicado.c,138 :: 		aux = end - 1;
0x00D8	0x3001      	MOVLW      1
0x00D9	0x0233      	SUBWF      ultimoGravado_end_L0, 0
0x00DA	0x00B5      	MOVWF      ultimoGravado_aux_L0
0x00DB	0x3000      	MOVLW      0
0x00DC	0x1C03      	BTFSS      STATUS, 0
0x00DD	0x3E01      	ADDLW      1
0x00DE	0x0234      	SUBWF      ultimoGravado_end_L0+1, 0
0x00DF	0x00B6      	MOVWF      ultimoGravado_aux_L0+1
L_ultimoGravado30:
L_ultimoGravado28:
;EEPROMVUAplicado.c,140 :: 		aux = EEPROM_Read(aux);
0x00E0	0x0835      	MOVF       ultimoGravado_aux_L0, 0
0x00E1	0x00BD      	MOVWF      FARG_EEPROM_Read_Address
0x00E2	0x2022      	CALL       _EEPROM_Read
0x00E3	0x0870      	MOVF       R0, 0
0x00E4	0x1283      	BCF        STATUS, 5
0x00E5	0x00B5      	MOVWF      ultimoGravado_aux_L0
0x00E6	0x01B6      	CLRF       ultimoGravado_aux_L0+1
;EEPROMVUAplicado.c,142 :: 		return aux;
0x00E7	0x0835      	MOVF       ultimoGravado_aux_L0, 0
0x00E8	0x00F0      	MOVWF      R0
0x00E9	0x0836      	MOVF       ultimoGravado_aux_L0+1, 0
0x00EA	0x00F1      	MOVWF      R0+1
;EEPROMVUAplicado.c,143 :: 		}
0x00EB	0x0008      	RETURN
; end of _ultimoGravado
_salvaMemoria:
;EEPROMVUAplicado.c,100 :: 		void salvaMemoria(unsigned char dado){
;EEPROMVUAplicado.c,104 :: 		end = varreduraMemoria();    // Recebe o ultimo endereço gravado
0x00EC	0x202C      	CALL       _varreduraMemoria
0x00ED	0x0870      	MOVF       R0, 0
0x00EE	0x00B4      	MOVWF      salvaMemoria_end_L0
0x00EF	0x0871      	MOVF       R0+1, 0
0x00F0	0x00B5      	MOVWF      salvaMemoria_end_L0+1
;EEPROMVUAplicado.c,106 :: 		if(end == 128){
0x00F1	0x3000      	MOVLW      0
0x00F2	0x0671      	XORWF      R0+1, 0
0x00F3	0x1D03      	BTFSS      STATUS, 2
0x00F4	0x28F7      	GOTO       L__salvaMemoria38
0x00F5	0x3080      	MOVLW      128
0x00F6	0x0670      	XORWF      R0, 0
L__salvaMemoria38:
0x00F7	0x1D03      	BTFSS      STATUS, 2
0x00F8	0x28FC      	GOTO       L_salvaMemoria21
;EEPROMVUAplicado.c,107 :: 		apagaMemoria();
0x00F9	0x2094      	CALL       _apagaMemoria
;EEPROMVUAplicado.c,108 :: 		end = 0;
0x00FA	0x01B4      	CLRF       salvaMemoria_end_L0
0x00FB	0x01B5      	CLRF       salvaMemoria_end_L0+1
;EEPROMVUAplicado.c,109 :: 		}
L_salvaMemoria21:
;EEPROMVUAplicado.c,111 :: 		EEPROM_Write(end, dado); // grava o dado no endereço
0x00FC	0x0834      	MOVF       salvaMemoria_end_L0, 0
0x00FD	0x00BD      	MOVWF      FARG_EEPROM_Write_Address
0x00FE	0x0833      	MOVF       FARG_salvaMemoria_dado, 0
0x00FF	0x00BE      	MOVWF      FARG_EEPROM_Write_data_
0x0100	0x2003      	CALL       _EEPROM_Write
;EEPROMVUAplicado.c,113 :: 		delay_ms(25);  // Tempo de gravação
0x0101	0x3021      	MOVLW      33
0x0102	0x00FC      	MOVWF      R12
0x0103	0x3076      	MOVLW      118
0x0104	0x00FD      	MOVWF      R13
L_salvaMemoria22:
0x0105	0x0BFD      	DECFSZ     R13, 1
0x0106	0x2905      	GOTO       L_salvaMemoria22
0x0107	0x0BFC      	DECFSZ     R12, 1
0x0108	0x2905      	GOTO       L_salvaMemoria22
0x0109	0x0000      	NOP
;EEPROMVUAplicado.c,114 :: 		}
0x010A	0x0008      	RETURN
; end of _salvaMemoria
___CC2DW:
;__Lib_System.c,24 :: 		
;__Lib_System.c,27 :: 		
_CC2D_Loop1:
;__Lib_System.c,29 :: 		
0x010B	0x20B4      	CALL       _____DoICP
0x010C	0x118A      	BCF        PCLATH, 3
0x010D	0x120A      	BCF        PCLATH, 4
;__Lib_System.c,31 :: 		
0x010E	0x0080      	MOVWF      INDF
;__Lib_System.c,32 :: 		
0x010F	0x0A84      	INCF       FSR, 1
;__Lib_System.c,33 :: 		
0x0110	0x0AAE      	INCF       ___DoICPAddr, 1
;__Lib_System.c,35 :: 		
0x0111	0x1903      	BTFSC      STATUS, 2
;__Lib_System.c,36 :: 		
0x0112	0x0AAF      	INCF       ___DoICPAddr+1, 1
;__Lib_System.c,37 :: 		
0x0113	0x03F0      	DECF       R0, 1
;__Lib_System.c,39 :: 		
0x0114	0x1D03      	BTFSS      STATUS, 2
;__Lib_System.c,40 :: 		
0x0115	0x290B      	GOTO       _CC2D_Loop1
;__Lib_System.c,42 :: 		
0x0116	0x0008      	RETURN
; end of ___CC2DW
_main:
0x0117	0x1283      	BCF        STATUS, 5
0x0118	0x1303      	BCF        STATUS, 6
0x0119	0x01A0      	CLRF       _soma
0x011A	0x01A1      	CLRF       33
0x011B	0x303F      	MOVLW      63
0x011C	0x00A2      	MOVWF      _display
0x011D	0x3006      	MOVLW      6
0x011E	0x00A3      	MOVWF      35
0x011F	0x305B      	MOVLW      91
0x0120	0x00A4      	MOVWF      36
0x0121	0x304F      	MOVLW      79
0x0122	0x00A5      	MOVWF      37
0x0123	0x3066      	MOVLW      102
0x0124	0x00A6      	MOVWF      38
0x0125	0x306D      	MOVLW      109
0x0126	0x00A7      	MOVWF      39
0x0127	0x307D      	MOVLW      125
0x0128	0x00A8      	MOVWF      40
0x0129	0x3007      	MOVLW      7
0x012A	0x00A9      	MOVWF      41
0x012B	0x30FF      	MOVLW      255
0x012C	0x00AA      	MOVWF      42
0x012D	0x306F      	MOVLW      111
0x012E	0x00AB      	MOVWF      43
;EEPROMVUAplicado.c,18 :: 		void main() {
;EEPROMVUAplicado.c,20 :: 		CMCON = 0x07;
0x012F	0x3007      	MOVLW      7
0x0130	0x009F      	MOVWF      CMCON
;EEPROMVUAplicado.c,21 :: 		TRISA = 0x03;
0x0131	0x3003      	MOVLW      3
0x0132	0x1683      	BSF        STATUS, 5
0x0133	0x0085      	MOVWF      TRISA
;EEPROMVUAplicado.c,22 :: 		TRISB = 0x00;
0x0134	0x0186      	CLRF       TRISB
;EEPROMVUAplicado.c,23 :: 		PORTA = 0x03;
0x0135	0x3003      	MOVLW      3
0x0136	0x1283      	BCF        STATUS, 5
0x0137	0x0085      	MOVWF      PORTA
;EEPROMVUAplicado.c,24 :: 		PORTB = 0x00;
0x0138	0x0186      	CLRF       PORTB
;EEPROMVUAplicado.c,26 :: 		ultimoDado = ultimoGravado();
0x0139	0x20BB      	CALL       _ultimoGravado
0x013A	0x0870      	MOVF       R0, 0
0x013B	0x00AC      	MOVWF      _ultimoDado
0x013C	0x0871      	MOVF       R0+1, 0
0x013D	0x00AD      	MOVWF      _ultimoDado+1
;EEPROMVUAplicado.c,28 :: 		soma = ultimoDado;
0x013E	0x0870      	MOVF       R0, 0
0x013F	0x00A0      	MOVWF      _soma
0x0140	0x0871      	MOVF       R0+1, 0
0x0141	0x00A1      	MOVWF      _soma+1
;EEPROMVUAplicado.c,29 :: 		PORTB = display[soma];
0x0142	0x0870      	MOVF       R0, 0
0x0143	0x3E22      	ADDLW      _display
0x0144	0x0084      	MOVWF      FSR
0x0145	0x0800      	MOVF       INDF, 0
0x0146	0x0086      	MOVWF      PORTB
;EEPROMVUAplicado.c,31 :: 		while(1){
L_main0:
0x0147	0x1283      	BCF        STATUS, 5
;EEPROMVUAplicado.c,33 :: 		if(s1 == 0){
0x0148	0x1805      	BTFSC      RA0_bit, 0
0x0149	0x2975      	GOTO       L_main2
;EEPROMVUAplicado.c,34 :: 		anodo = display[soma];
0x014A	0x0820      	MOVF       _soma, 0
0x014B	0x3E22      	ADDLW      _display
0x014C	0x0084      	MOVWF      FSR
0x014D	0x0800      	MOVF       INDF, 0
0x014E	0x00F0      	MOVWF      R0
0x014F	0x0870      	MOVF       R0, 0
0x0150	0x00B2      	MOVWF      _anodo
;EEPROMVUAplicado.c,36 :: 		PORTB = anodo;
0x0151	0x0870      	MOVF       R0, 0
0x0152	0x0086      	MOVWF      PORTB
;EEPROMVUAplicado.c,38 :: 		soma++;
0x0153	0x0AA0      	INCF       _soma, 1
0x0154	0x1903      	BTFSC      STATUS, 2
0x0155	0x0AA1      	INCF       _soma+1, 1
;EEPROMVUAplicado.c,40 :: 		if(soma > 9){
0x0156	0x3080      	MOVLW      128
0x0157	0x00F0      	MOVWF      R0
0x0158	0x3080      	MOVLW      128
0x0159	0x0621      	XORWF      _soma+1, 0
0x015A	0x0270      	SUBWF      R0, 0
0x015B	0x1D03      	BTFSS      STATUS, 2
0x015C	0x295F      	GOTO       L__main31
0x015D	0x0820      	MOVF       _soma, 0
0x015E	0x3C09      	SUBLW      9
L__main31:
0x015F	0x1803      	BTFSC      STATUS, 0
0x0160	0x2967      	GOTO       L_main3
;EEPROMVUAplicado.c,41 :: 		ajudai = 9;
0x0161	0x3009      	MOVLW      9
0x0162	0x00B0      	MOVWF      _ajudai
0x0163	0x3000      	MOVLW      0
0x0164	0x00B1      	MOVWF      _ajudai+1
;EEPROMVUAplicado.c,42 :: 		soma = 0;
0x0165	0x01A0      	CLRF       _soma
0x0166	0x01A1      	CLRF       _soma+1
;EEPROMVUAplicado.c,43 :: 		}
L_main3:
;EEPROMVUAplicado.c,45 :: 		delay_ms(250);
0x0167	0x3002      	MOVLW      2
0x0168	0x00FB      	MOVWF      R11
0x0169	0x3045      	MOVLW      69
0x016A	0x00FC      	MOVWF      R12
0x016B	0x30A9      	MOVLW      169
0x016C	0x00FD      	MOVWF      R13
L_main4:
0x016D	0x0BFD      	DECFSZ     R13, 1
0x016E	0x296D      	GOTO       L_main4
0x016F	0x0BFC      	DECFSZ     R12, 1
0x0170	0x296D      	GOTO       L_main4
0x0171	0x0BFB      	DECFSZ     R11, 1
0x0172	0x296D      	GOTO       L_main4
0x0173	0x0000      	NOP
0x0174	0x0000      	NOP
;EEPROMVUAplicado.c,46 :: 		}
L_main2:
;EEPROMVUAplicado.c,48 :: 		if(s2 == 0){
0x0175	0x1885      	BTFSC      RA1_bit, 1
0x0176	0x2993      	GOTO       L_main5
;EEPROMVUAplicado.c,49 :: 		if(ajudai == 9){
0x0177	0x3000      	MOVLW      0
0x0178	0x0631      	XORWF      _ajudai+1, 0
0x0179	0x1D03      	BTFSS      STATUS, 2
0x017A	0x297D      	GOTO       L__main32
0x017B	0x3009      	MOVLW      9
0x017C	0x0630      	XORWF      _ajudai, 0
L__main32:
0x017D	0x1D03      	BTFSS      STATUS, 2
0x017E	0x2986      	GOTO       L_main6
;EEPROMVUAplicado.c,50 :: 		salvaMemoria(9);
0x017F	0x3009      	MOVLW      9
0x0180	0x00B3      	MOVWF      FARG_salvaMemoria_dado
0x0181	0x20EC      	CALL       _salvaMemoria
;EEPROMVUAplicado.c,51 :: 		ajudai = 0;
0x0182	0x1283      	BCF        STATUS, 5
0x0183	0x01B0      	CLRF       _ajudai
0x0184	0x01B1      	CLRF       _ajudai+1
;EEPROMVUAplicado.c,52 :: 		}
0x0185	0x2989      	GOTO       L_main7
L_main6:
;EEPROMVUAplicado.c,54 :: 		salvaMemoria(soma-1);
0x0186	0x0320      	DECF       _soma, 0
0x0187	0x00B3      	MOVWF      FARG_salvaMemoria_dado
0x0188	0x20EC      	CALL       _salvaMemoria
L_main7:
;EEPROMVUAplicado.c,56 :: 		delay_ms(100);
0x0189	0x3082      	MOVLW      130
0x018A	0x00FC      	MOVWF      R12
0x018B	0x30DD      	MOVLW      221
0x018C	0x00FD      	MOVWF      R13
L_main8:
0x018D	0x0BFD      	DECFSZ     R13, 1
0x018E	0x298D      	GOTO       L_main8
0x018F	0x0BFC      	DECFSZ     R12, 1
0x0190	0x298D      	GOTO       L_main8
0x0191	0x0000      	NOP
0x0192	0x0000      	NOP
;EEPROMVUAplicado.c,57 :: 		}
L_main5:
;EEPROMVUAplicado.c,60 :: 		}
0x0193	0x2947      	GOTO       L_main0
;EEPROMVUAplicado.c,62 :: 		}
0x0194	0x2994      	GOTO       $+0
; end of _main
Symbol List:
//** Routines locations **
//ADDRESS    SIZE    PROCEDURE
//----------------------------------------------
0x0003      [31]    _EEPROM_Write
0x0022      [10]    _EEPROM_Read
0x002C     [104]    _varreduraMemoria
0x0094      [32]    _apagaMemoria
0x00B4       [7]    _____DoICP
0x00BB      [49]    _ultimoGravado
0x00EC      [31]    _salvaMemoria
0x010B      [12]    ___CC2DW
0x0117     [126]    _main
//** Variables locations ** 
//ADDRESS    SIZE    VARIABLE
//----------------------------------------------
0x0000       [1]    INDF
0x0001       [1]    TMR0
0x0002       [1]    PCL
0x0003       [0]    NOT_PD_bit
0x0003       [0]    IRP_bit
0x0003       [0]    NOT_TO_bit
0x0003       [0]    RP0_bit
0x0003       [0]    RP1_bit
0x0003       [1]    STATUS
0x0003       [0]    C_bit
0x0003       [0]    Z_bit
0x0003       [0]    DC_bit
0x0004       [1]    FSRPTR
0x0004       [1]    FSR
0x0005       [0]    RA4_bit
0x0005       [0]    RA3_bit
0x0005       [0]    RA2_bit
0x0005       [0]    RA5_bit
0x0005       [1]    PORTA
0x0005       [0]    RA7_bit
0x0005       [0]    RA6_bit
0x0005       [0]    RA1_bit
0x0005       [0]    RA0_bit
0x0006       [0]    RB6_bit
0x0006       [1]    PORTB
0x0006       [0]    RB1_bit
0x0006       [0]    RB0_bit
0x0006       [0]    RB7_bit
0x0006       [0]    RB3_bit
0x0006       [0]    RB4_bit
0x0006       [0]    RB2_bit
0x0006       [0]    RB5_bit
0x000A       [1]    PCLATH
0x000B       [1]    INTCON
0x000B       [0]    INTE_bit
0x000B       [0]    T0IE_bit
0x000B       [0]    RBIE_bit
0x000B       [0]    PEIE_bit
0x000B       [0]    GIE_bit
0x000B       [0]    T0IF_bit
0x000B       [0]    RBIF_bit
0x000B       [0]    INTF_bit
0x000C       [0]    TXIF_bit
0x000C       [1]    PIR1
0x000C       [0]    CMIF_bit
0x000C       [0]    RCIF_bit
0x000C       [0]    EEIF_bit
0x000C       [0]    TMR2IF_bit
0x000C       [0]    TMR1IF_bit
0x000C       [0]    CCP1IF_bit
0x000E       [1]    TMR1L
0x000F       [1]    TMR1H
0x0010       [1]    T1CON
0x0010       [0]    T1OSCEN_bit
0x0010       [0]    NOT_T1SYNC_bit
0x0010       [0]    T1CKPS1_bit
0x0010       [0]    T1CKPS0_bit
0x0010       [0]    TMR1CS_bit
0x0010       [0]    TMR1ON_bit
0x0011       [1]    TMR2
0x0012       [0]    T2CKPS1_bit
0x0012       [0]    T2CKPS0_bit
0x0012       [0]    TMR2ON_bit
0x0012       [0]    TOUTPS0_bit
0x0012       [0]    TOUTPS2_bit
0x0012       [0]    TOUTPS1_bit
0x0012       [1]    T2CON
0x0012       [0]    TOUTPS3_bit
0x0015       [1]    CCPR1L
0x0015       [2]    CCPR1
0x0016       [1]    CCPR1H
0x0017       [1]    CCP1CON
0x0017       [0]    CCP1M0_bit
0x0017       [0]    CCP1M2_bit
0x0017       [0]    CCP1M1_bit
0x0017       [0]    CCP1X_bit
0x0017       [0]    CCP1Y_bit
0x0017       [0]    CCP1M3_bit
0x0018       [0]    CREN_bit
0x0018       [0]    OERR_bit
0x0018       [0]    ADEN_bit
0x0018       [0]    FERR_bit
0x0018       [0]    SREN_bit
0x0018       [0]    RX9_bit
0x0018       [0]    SPEN_bit
0x0018       [0]    RX9D_bit
0x0018       [1]    RCSTA
0x0019       [1]    TXREG
0x001A       [1]    RCREG
0x001F       [0]    CM1_bit
0x001F       [0]    C1OUT_bit
0x001F       [0]    CM0_bit
0x001F       [0]    C1INV_bit
0x001F       [0]    CIS_bit
0x001F       [0]    C2INV_bit
0x001F       [0]    CM2_bit
0x001F       [1]    CMCON
0x001F       [0]    C2OUT_bit
0x0020       [2]    _soma
0x0022      [10]    _display
0x002C       [2]    _ultimoDado
0x002E       [2]    ___DoICPAddr
0x0030       [2]    _ajudai
0x0032       [1]    _anodo
0x0033       [1]    FARG_salvaMemoria_dado
0x0033       [2]    ultimoGravado_end_L0
0x0034       [2]    salvaMemoria_end_L0
0x0035       [2]    ultimoGravado_aux_L0
0x0037       [2]    apagaMemoria_i_L0
0x0037       [2]    varreduraMemoria_i_L0
0x0039       [2]    varreduraMemoria_aux_L0
0x003B       [2]    varreduraMemoria_cont_L0
0x003D       [1]    FARG_EEPROM_Write_Address
0x003D       [1]    FARG_EEPROM_Read_Address
0x003E       [1]    FARG_EEPROM_Write_data_
0x0070       [1]    R0
0x0071       [1]    R1
0x0072       [1]    R2
0x0073       [1]    R3
0x0074       [1]    R4
0x0075       [1]    R5
0x0076       [1]    R6
0x0077       [1]    R7
0x0078       [1]    R8
0x0079       [1]    R9
0x007A       [1]    R10
0x007B       [1]    R11
0x007C       [1]    R12
0x007D       [1]    R13
0x007E       [1]    R14
0x007F       [1]    R15
0x0081       [0]    PS1_bit
0x0081       [0]    PS2_bit
0x0081       [1]    OPTION_REG
0x0081       [0]    PS0_bit
0x0081       [0]    PSA_bit
0x0081       [0]    INTEDG_bit
0x0081       [0]    NOT_RBPU_bit
0x0081       [0]    T0SE_bit
0x0081       [0]    T0CS_bit
0x0085       [0]    TRISA5_bit
0x0085       [0]    TRISA4_bit
0x0085       [0]    TRISA7_bit
0x0085       [0]    TRISA6_bit
0x0085       [0]    TRISA3_bit
0x0085       [1]    TRISA
0x0085       [0]    TRISA1_bit
0x0085       [0]    TRISA2_bit
0x0085       [0]    TRISA0_bit
0x0086       [0]    TRISB5_bit
0x0086       [0]    TRISB2_bit
0x0086       [0]    TRISB4_bit
0x0086       [0]    TRISB3_bit
0x0086       [0]    TRISB0_bit
0x0086       [0]    TRISB6_bit
0x0086       [0]    TRISB7_bit
0x0086       [0]    TRISB1_bit
0x0086       [1]    TRISB
0x008C       [0]    RCIE_bit
0x008C       [0]    TXIE_bit
0x008C       [0]    EEIE_bit
0x008C       [0]    CMIE_bit
0x008C       [0]    TMR1IE_bit
0x008C       [1]    PIE1
0x008C       [0]    CCP1IE_bit
0x008C       [0]    TMR2IE_bit
0x008E       [1]    PCON
0x008E       [0]    NOT_POR_bit
0x008E       [0]    OSCF_bit
0x008E       [0]    NOT_BO_bit
0x008E       [0]    NOT_BOD_bit
0x008E       [0]    NOT_BOR_bit
0x0092       [1]    PR2
0x0098       [0]    TXEN_bit
0x0098       [0]    SYNC_bit
0x0098       [0]    CSRC_bit
0x0098       [0]    TX9_bit
0x0098       [0]    BRGH_bit
0x0098       [1]    TXSTA
0x0098       [0]    TX9D_bit
0x0098       [0]    TRMT_bit
0x0099       [1]    SPBRG
0x009A       [1]    EEDATA
0x009B       [1]    EEADR
0x009C       [1]    EECON1
0x009C       [0]    WR_bit
0x009C       [0]    RD_bit
0x009C       [0]    WREN_bit
0x009C       [0]    WRERR_bit
0x009D       [1]    EECON2
0x009F       [0]    VR2_bit
0x009F       [0]    VR3_bit
0x009F       [0]    VR0_bit
0x009F       [0]    VR1_bit
0x009F       [0]    VREN_bit
0x009F       [1]    VRCON
0x009F       [0]    VRR_bit
0x009F       [0]    VROE_bit
//** Label List: ** 
//----------------------------------------------
  L_main0
  L_main1
  L_main2
  L_main3
  L_main4
  L_main5
  L_main6
  L_main7
  L_main8
  L_varreduraMemoria9
  L_varreduraMemoria10
  L_varreduraMemoria11
  L_varreduraMemoria12
  L_varreduraMemoria13
  L_varreduraMemoria14
  L_varreduraMemoria15
  L_varreduraMemoria16
  L_varreduraMemoria17
  L_varreduraMemoria18
  L_varreduraMemoria19
  L_varreduraMemoria20
  L_salvaMemoria21
  L_salvaMemoria22
  L_apagaMemoria23
  L_apagaMemoria24
  L_apagaMemoria25
  L_apagaMemoria26
  L_ultimoGravado27
  L_ultimoGravado28
  L_ultimoGravado29
  L_ultimoGravado30
  _main
  L__main31
  L__main32
  _varreduraMemoria
  L__varreduraMemoria33
  L__varreduraMemoria34
  L__varreduraMemoria35
  L__varreduraMemoria36
  L__varreduraMemoria37
  _salvaMemoria
  L__salvaMemoria38
  _apagaMemoria
  L__apagaMemoria39
  _ultimoGravado
  L__ultimoGravado40
  L__ultimoGravado41
  L_EEPROM_Write0
  L_EEPROM_Write1
  _EEPROM_Read
  _EEPROM_Write
  L__EEPROM_Write2
  L__EEPROM_Write3
  _CC2D_Loop1
  _____DoICP
  _____DoIFC
  ___CC2DW
  _Swap
