;  LST file generated by mikroListExporter - v.2.0 
; Date/Time: 23/04/2020 17:06:30
;----------------------------------------------

;Address Opcode 	ASM
0x0000	0x2882      	GOTO       130
_EEPROM_Write:
;__Lib_EEPROM.c,16 :: 		
;__Lib_EEPROM.c,20 :: 		
L_EEPROM_Write0:
0x0003	0x1683      	BSF        STATUS, 5
0x0004	0x1303      	BCF        STATUS, 6
0x0005	0x1C9C      	BTFSS      EECON1, 1
0x0006	0x2809      	GOTO       L_EEPROM_Write1
0x0007	0x0000      	NOP
0x0008	0x2803      	GOTO       L_EEPROM_Write0
L_EEPROM_Write1:
;__Lib_EEPROM.c,21 :: 		
0x0009	0x1283      	BCF        STATUS, 5
0x000A	0x0830      	MOVF       FARG_EEPROM_Write_Address, 0
0x000B	0x1683      	BSF        STATUS, 5
0x000C	0x009B      	MOVWF      EEADR
;__Lib_EEPROM.c,22 :: 		
0x000D	0x1283      	BCF        STATUS, 5
0x000E	0x0831      	MOVF       FARG_EEPROM_Write_data_, 0
0x000F	0x1683      	BSF        STATUS, 5
0x0010	0x009A      	MOVWF      EEDATA
;__Lib_EEPROM.c,23 :: 		
0x0011	0x139C      	BCF        EECON1, 7
;__Lib_EEPROM.c,24 :: 		
0x0012	0x151C      	BSF        EECON1, 2
;__Lib_EEPROM.c,26 :: 		
0x0013	0x080B      	MOVF       INTCON, 0
0x0014	0x00F0      	MOVWF      R0
;__Lib_EEPROM.c,29 :: 		
0x0015	0x138B      	BCF        INTCON, 7
;__Lib_EEPROM.c,30 :: 		
0x0016	0x3055      	MOVLW      85
0x0017	0x009D      	MOVWF      EECON2
;__Lib_EEPROM.c,31 :: 		
0x0018	0x30AA      	MOVLW      170
0x0019	0x009D      	MOVWF      EECON2
;__Lib_EEPROM.c,32 :: 		
0x001A	0x149C      	BSF        EECON1, 1
;__Lib_EEPROM.c,36 :: 		
0x001B	0x1BF0      	BTFSC      R0, 7
0x001C	0x281F      	GOTO       L__EEPROM_Write2
0x001D	0x138B      	BCF        INTCON, 7
0x001E	0x2820      	GOTO       L__EEPROM_Write3
L__EEPROM_Write2:
0x001F	0x178B      	BSF        INTCON, 7
L__EEPROM_Write3:
;__Lib_EEPROM.c,37 :: 		
0x0020	0x111C      	BCF        EECON1, 2
;__Lib_EEPROM.c,38 :: 		
0x0021	0x0008      	RETURN
; end of _EEPROM_Write
_____DoICP:
;__Lib_System.c,6 :: 		
;__Lib_System.c,9 :: 		
0x0022	0x1283      	BCF        STATUS, 5
0x0023	0x1303      	BCF        STATUS, 6
0x0024	0x082D      	MOVF       ___DoICPAddr+1, 0
0x0025	0x008A      	MOVWF      PCLATH
;__Lib_System.c,10 :: 		
0x0026	0x082C      	MOVF       ___DoICPAddr, 0
0x0027	0x0082      	MOVWF      PCL
;__Lib_System.c,12 :: 		
0x0028	0x0008      	RETURN
; end of _____DoICP
_EEPROM_Read:
;__Lib_EEPROM.c,4 :: 		
;__Lib_EEPROM.c,5 :: 		
0x0029	0x1283      	BCF        STATUS, 5
0x002A	0x1303      	BCF        STATUS, 6
0x002B	0x082F      	MOVF       FARG_EEPROM_Read_Address, 0
0x002C	0x1683      	BSF        STATUS, 5
0x002D	0x009B      	MOVWF      EEADR
;__Lib_EEPROM.c,6 :: 		
0x002E	0x139C      	BCF        EECON1, 7
;__Lib_EEPROM.c,12 :: 		
0x002F	0x141C      	BSF        EECON1, 0
;__Lib_EEPROM.c,13 :: 		
0x0030	0x081A      	MOVF       EEDATA, 0
0x0031	0x00F0      	MOVWF      R0
;__Lib_EEPROM.c,14 :: 		
0x0032	0x0008      	RETURN
; end of _EEPROM_Read
___CC2DW:
;__Lib_System.c,24 :: 		
;__Lib_System.c,27 :: 		
_CC2D_Loop1:
;__Lib_System.c,29 :: 		
0x0033	0x2022      	CALL       _____DoICP
0x0034	0x118A      	BCF        PCLATH, 3
0x0035	0x120A      	BCF        PCLATH, 4
;__Lib_System.c,31 :: 		
0x0036	0x0080      	MOVWF      INDF
;__Lib_System.c,32 :: 		
0x0037	0x0A84      	INCF       FSR, 1
;__Lib_System.c,33 :: 		
0x0038	0x0AAC      	INCF       ___DoICPAddr, 1
;__Lib_System.c,35 :: 		
0x0039	0x1903      	BTFSC      STATUS, 2
;__Lib_System.c,36 :: 		
0x003A	0x0AAD      	INCF       ___DoICPAddr+1, 1
;__Lib_System.c,37 :: 		
0x003B	0x03F0      	DECF       R0, 1
;__Lib_System.c,39 :: 		
0x003C	0x1D03      	BTFSS      STATUS, 2
;__Lib_System.c,40 :: 		
0x003D	0x2833      	GOTO       _CC2D_Loop1
;__Lib_System.c,42 :: 		
0x003E	0x0008      	RETURN
; end of ___CC2DW
_escreveMemoria:
;EEPROMSimples.c,52 :: 		void escreveMemoria(){
;EEPROMSimples.c,54 :: 		EEPROM_Write(0x00, cont);
0x003F	0x1283      	BCF        STATUS, 5
0x0040	0x1303      	BCF        STATUS, 6
0x0041	0x01B0      	CLRF       FARG_EEPROM_Write_Address
0x0042	0x0820      	MOVF       _cont, 0
0x0043	0x00B1      	MOVWF      FARG_EEPROM_Write_data_
0x0044	0x2003      	CALL       _EEPROM_Write
;EEPROMSimples.c,55 :: 		delay_ms(25);
0x0045	0x3021      	MOVLW      33
0x0046	0x00FC      	MOVWF      R12
0x0047	0x3076      	MOVLW      118
0x0048	0x00FD      	MOVWF      R13
L_escreveMemoria7:
0x0049	0x0BFD      	DECFSZ     R13, 1
0x004A	0x2849      	GOTO       L_escreveMemoria7
0x004B	0x0BFC      	DECFSZ     R12, 1
0x004C	0x2849      	GOTO       L_escreveMemoria7
0x004D	0x0000      	NOP
;EEPROMSimples.c,57 :: 		led1 = 0x01;
0x004E	0x1283      	BCF        STATUS, 5
0x004F	0x1505      	BSF        RA2_bit, 2
;EEPROMSimples.c,58 :: 		delay_ms(500);
0x0050	0x3003      	MOVLW      3
0x0051	0x00FB      	MOVWF      R11
0x0052	0x308A      	MOVLW      138
0x0053	0x00FC      	MOVWF      R12
0x0054	0x3055      	MOVLW      85
0x0055	0x00FD      	MOVWF      R13
L_escreveMemoria8:
0x0056	0x0BFD      	DECFSZ     R13, 1
0x0057	0x2856      	GOTO       L_escreveMemoria8
0x0058	0x0BFC      	DECFSZ     R12, 1
0x0059	0x2856      	GOTO       L_escreveMemoria8
0x005A	0x0BFB      	DECFSZ     R11, 1
0x005B	0x2856      	GOTO       L_escreveMemoria8
0x005C	0x0000      	NOP
0x005D	0x0000      	NOP
;EEPROMSimples.c,59 :: 		led1 = 0x00;
0x005E	0x1105      	BCF        RA2_bit, 2
;EEPROMSimples.c,60 :: 		}
0x005F	0x0008      	RETURN
; end of _escreveMemoria
_contador:
;EEPROMSimples.c,40 :: 		void contador(){
;EEPROMSimples.c,42 :: 		if(!s1){
0x0060	0x1283      	BCF        STATUS, 5
0x0061	0x1303      	BCF        STATUS, 6
0x0062	0x1805      	BTFSC      RA0_bit, 0
0x0063	0x2874      	GOTO       L_contador4
;EEPROMSimples.c,43 :: 		cont++;
0x0064	0x0AA0      	INCF       _cont, 1
0x0065	0x1903      	BTFSC      STATUS, 2
0x0066	0x0AA1      	INCF       _cont+1, 1
;EEPROMSimples.c,45 :: 		delay_ms(200);
0x0067	0x3002      	MOVLW      2
0x0068	0x00FB      	MOVWF      R11
0x0069	0x3004      	MOVLW      4
0x006A	0x00FC      	MOVWF      R12
0x006B	0x30BA      	MOVLW      186
0x006C	0x00FD      	MOVWF      R13
L_contador5:
0x006D	0x0BFD      	DECFSZ     R13, 1
0x006E	0x286D      	GOTO       L_contador5
0x006F	0x0BFC      	DECFSZ     R12, 1
0x0070	0x286D      	GOTO       L_contador5
0x0071	0x0BFB      	DECFSZ     R11, 1
0x0072	0x286D      	GOTO       L_contador5
0x0073	0x0000      	NOP
;EEPROMSimples.c,46 :: 		}
L_contador4:
;EEPROMSimples.c,48 :: 		if(cont > 9)
0x0074	0x3080      	MOVLW      128
0x0075	0x00F0      	MOVWF      R0
0x0076	0x3080      	MOVLW      128
0x0077	0x0621      	XORWF      _cont+1, 0
0x0078	0x0270      	SUBWF      R0, 0
0x0079	0x1D03      	BTFSS      STATUS, 2
0x007A	0x287D      	GOTO       L__contador9
0x007B	0x0820      	MOVF       _cont, 0
0x007C	0x3C09      	SUBLW      9
L__contador9:
0x007D	0x1803      	BTFSC      STATUS, 0
0x007E	0x2881      	GOTO       L_contador6
;EEPROMSimples.c,49 :: 		cont = 0;
0x007F	0x01A0      	CLRF       _cont
0x0080	0x01A1      	CLRF       _cont+1
L_contador6:
;EEPROMSimples.c,50 :: 		}
0x0081	0x0008      	RETURN
; end of _contador
_main:
0x0082	0x1283      	BCF        STATUS, 5
0x0083	0x1303      	BCF        STATUS, 6
0x0084	0x01A0      	CLRF       _cont
0x0085	0x01A1      	CLRF       33
0x0086	0x303F      	MOVLW      63
0x0087	0x00A2      	MOVWF      _display
0x0088	0x3006      	MOVLW      6
0x0089	0x00A3      	MOVWF      35
0x008A	0x305B      	MOVLW      91
0x008B	0x00A4      	MOVWF      36
0x008C	0x304F      	MOVLW      79
0x008D	0x00A5      	MOVWF      37
0x008E	0x3066      	MOVLW      102
0x008F	0x00A6      	MOVWF      38
0x0090	0x306D      	MOVLW      109
0x0091	0x00A7      	MOVWF      39
0x0092	0x307D      	MOVLW      125
0x0093	0x00A8      	MOVWF      40
0x0094	0x3007      	MOVLW      7
0x0095	0x00A9      	MOVWF      41
0x0096	0x307F      	MOVLW      127
0x0097	0x00AA      	MOVWF      42
0x0098	0x3067      	MOVLW      103
0x0099	0x00AB      	MOVWF      43
;EEPROMSimples.c,13 :: 		void main() {
;EEPROMSimples.c,15 :: 		CMCON = 0x07; // Desabilita os comparadores internos
0x009A	0x3007      	MOVLW      7
0x009B	0x009F      	MOVWF      CMCON
;EEPROMSimples.c,16 :: 		TRISA = 0x03; // Seleciona RA0 e RA1 como entradas digitais e o resto como saída digital
0x009C	0x3003      	MOVLW      3
0x009D	0x1683      	BSF        STATUS, 5
0x009E	0x0085      	MOVWF      TRISA
;EEPROMSimples.c,17 :: 		TRISB = 0x00; // Seleciona todo portb como saída digital
0x009F	0x0186      	CLRF       TRISB
;EEPROMSimples.c,18 :: 		PORTA = 0x03; // Inicia RA0 e RA1 em nível alto, e o resto em nível baixo
0x00A0	0x3003      	MOVLW      3
0x00A1	0x1283      	BCF        STATUS, 5
0x00A2	0x0085      	MOVWF      PORTA
;EEPROMSimples.c,19 :: 		PORTB = 0x00; // Inicia todo o portb com nível lógico baixo
0x00A3	0x0186      	CLRF       PORTB
;EEPROMSimples.c,21 :: 		cont = EEPROM_Read(0x00);
0x00A4	0x01AF      	CLRF       FARG_EEPROM_Read_Address
0x00A5	0x2029      	CALL       _EEPROM_Read
0x00A6	0x0870      	MOVF       R0, 0
0x00A7	0x1283      	BCF        STATUS, 5
0x00A8	0x00A0      	MOVWF      _cont
0x00A9	0x01A1      	CLRF       _cont+1
;EEPROMSimples.c,23 :: 		while(1){
L_main0:
;EEPROMSimples.c,25 :: 		contador();
0x00AA	0x2060      	CALL       _contador
;EEPROMSimples.c,27 :: 		if(!s2){
0x00AB	0x1885      	BTFSC      RA1_bit, 1
0x00AC	0x28BB      	GOTO       L_main2
;EEPROMSimples.c,28 :: 		escreveMemoria();
0x00AD	0x203F      	CALL       _escreveMemoria
;EEPROMSimples.c,30 :: 		delay_ms(200);
0x00AE	0x3002      	MOVLW      2
0x00AF	0x00FB      	MOVWF      R11
0x00B0	0x3004      	MOVLW      4
0x00B1	0x00FC      	MOVWF      R12
0x00B2	0x30BA      	MOVLW      186
0x00B3	0x00FD      	MOVWF      R13
L_main3:
0x00B4	0x0BFD      	DECFSZ     R13, 1
0x00B5	0x28B4      	GOTO       L_main3
0x00B6	0x0BFC      	DECFSZ     R12, 1
0x00B7	0x28B4      	GOTO       L_main3
0x00B8	0x0BFB      	DECFSZ     R11, 1
0x00B9	0x28B4      	GOTO       L_main3
0x00BA	0x0000      	NOP
;EEPROMSimples.c,31 :: 		}
L_main2:
;EEPROMSimples.c,33 :: 		anodo = display[cont];
0x00BB	0x0820      	MOVF       _cont, 0
0x00BC	0x3E22      	ADDLW      _display
0x00BD	0x0084      	MOVWF      FSR
0x00BE	0x0800      	MOVF       INDF, 0
0x00BF	0x00F0      	MOVWF      R0
0x00C0	0x0870      	MOVF       R0, 0
0x00C1	0x00AE      	MOVWF      _anodo
;EEPROMSimples.c,35 :: 		PORTB = anodo;
0x00C2	0x0870      	MOVF       R0, 0
0x00C3	0x0086      	MOVWF      PORTB
;EEPROMSimples.c,37 :: 		}
0x00C4	0x28AA      	GOTO       L_main0
;EEPROMSimples.c,38 :: 		}
0x00C5	0x28C5      	GOTO       $+0
; end of _main
Symbol List:
//** Routines locations **
//ADDRESS    SIZE    PROCEDURE
//----------------------------------------------
0x0003      [31]    _EEPROM_Write
0x0022       [7]    _____DoICP
0x0029      [10]    _EEPROM_Read
0x0033      [12]    ___CC2DW
0x003F      [33]    _escreveMemoria
0x0060      [34]    _contador
0x0082      [68]    _main
//** Variables locations ** 
//ADDRESS    SIZE    VARIABLE
//----------------------------------------------
0x0000       [1]    INDF
0x0001       [1]    TMR0
0x0002       [1]    PCL
0x0003       [1]    STATUS
0x0003       [0]    IRP_bit
0x0003       [0]    NOT_PD_bit
0x0003       [0]    C_bit
0x0003       [0]    RP1_bit
0x0003       [0]    RP0_bit
0x0003       [0]    NOT_TO_bit
0x0003       [0]    Z_bit
0x0003       [0]    DC_bit
0x0004       [1]    FSRPTR
0x0004       [1]    FSR
0x0005       [0]    RA2_bit
0x0005       [0]    RA1_bit
0x0005       [0]    RA0_bit
0x0005       [0]    RA6_bit
0x0005       [0]    RA5_bit
0x0005       [1]    PORTA
0x0005       [0]    RA7_bit
0x0005       [0]    RA4_bit
0x0005       [0]    RA3_bit
0x0006       [0]    RB2_bit
0x0006       [1]    PORTB
0x0006       [0]    RB3_bit
0x0006       [0]    RB7_bit
0x0006       [0]    RB6_bit
0x0006       [0]    RB0_bit
0x0006       [0]    RB4_bit
0x0006       [0]    RB5_bit
0x0006       [0]    RB1_bit
0x000A       [1]    PCLATH
0x000B       [0]    INTE_bit
0x000B       [0]    T0IE_bit
0x000B       [0]    RBIE_bit
0x000B       [0]    RBIF_bit
0x000B       [0]    INTF_bit
0x000B       [0]    PEIE_bit
0x000B       [0]    T0IF_bit
0x000B       [0]    GIE_bit
0x000B       [1]    INTCON
0x000C       [1]    PIR1
0x000C       [0]    TMR2IF_bit
0x000C       [0]    EEIF_bit
0x000C       [0]    TMR1IF_bit
0x000C       [0]    CCP1IF_bit
0x000C       [0]    RCIF_bit
0x000C       [0]    TXIF_bit
0x000C       [0]    CMIF_bit
0x000E       [1]    TMR1L
0x000F       [1]    TMR1H
0x0010       [1]    T1CON
0x0010       [0]    T1CKPS0_bit
0x0010       [0]    NOT_T1SYNC_bit
0x0010       [0]    T1OSCEN_bit
0x0010       [0]    TMR1ON_bit
0x0010       [0]    TMR1CS_bit
0x0010       [0]    T1CKPS1_bit
0x0011       [1]    TMR2
0x0012       [0]    TOUTPS0_bit
0x0012       [0]    TOUTPS3_bit
0x0012       [0]    TOUTPS2_bit
0x0012       [0]    TOUTPS1_bit
0x0012       [0]    TMR2ON_bit
0x0012       [0]    T2CKPS0_bit
0x0012       [0]    T2CKPS1_bit
0x0012       [1]    T2CON
0x0015       [2]    CCPR1
0x0015       [1]    CCPR1L
0x0016       [1]    CCPR1H
0x0017       [0]    CCP1M1_bit
0x0017       [0]    CCP1M0_bit
0x0017       [0]    CCP1M2_bit
0x0017       [0]    CCP1X_bit
0x0017       [1]    CCP1CON
0x0017       [0]    CCP1M3_bit
0x0017       [0]    CCP1Y_bit
0x0018       [0]    FERR_bit
0x0018       [0]    ADEN_bit
0x0018       [0]    RX9D_bit
0x0018       [0]    OERR_bit
0x0018       [0]    RX9_bit
0x0018       [0]    SPEN_bit
0x0018       [1]    RCSTA
0x0018       [0]    CREN_bit
0x0018       [0]    SREN_bit
0x0019       [1]    TXREG
0x001A       [1]    RCREG
0x001F       [0]    CM2_bit
0x001F       [0]    CIS_bit
0x001F       [0]    CM0_bit
0x001F       [0]    CM1_bit
0x001F       [0]    C1OUT_bit
0x001F       [0]    C2OUT_bit
0x001F       [1]    CMCON
0x001F       [0]    C2INV_bit
0x001F       [0]    C1INV_bit
0x0020       [2]    _cont
0x0022      [10]    _display
0x002C       [2]    ___DoICPAddr
0x002E       [1]    _anodo
0x002F       [1]    FARG_EEPROM_Read_Address
0x0030       [1]    FARG_EEPROM_Write_Address
0x0031       [1]    FARG_EEPROM_Write_data_
0x0070       [1]    R0
0x0071       [1]    R1
0x0072       [1]    R2
0x0073       [1]    R3
0x0074       [1]    R4
0x0075       [1]    R5
0x0076       [1]    R6
0x0077       [1]    R7
0x0078       [1]    R8
0x0079       [1]    R9
0x007A       [1]    R10
0x007B       [1]    R11
0x007C       [1]    R12
0x007D       [1]    R13
0x007E       [1]    R14
0x007F       [1]    R15
0x0081       [0]    PSA_bit
0x0081       [0]    PS2_bit
0x0081       [0]    NOT_RBPU_bit
0x0081       [1]    OPTION_REG
0x0081       [0]    INTEDG_bit
0x0081       [0]    T0SE_bit
0x0081       [0]    T0CS_bit
0x0081       [0]    PS1_bit
0x0081       [0]    PS0_bit
0x0085       [0]    TRISA3_bit
0x0085       [0]    TRISA2_bit
0x0085       [0]    TRISA1_bit
0x0085       [0]    TRISA4_bit
0x0085       [0]    TRISA7_bit
0x0085       [0]    TRISA6_bit
0x0085       [0]    TRISA5_bit
0x0085       [0]    TRISA0_bit
0x0085       [1]    TRISA
0x0086       [0]    TRISB5_bit
0x0086       [0]    TRISB3_bit
0x0086       [0]    TRISB2_bit
0x0086       [0]    TRISB4_bit
0x0086       [1]    TRISB
0x0086       [0]    TRISB6_bit
0x0086       [0]    TRISB7_bit
0x0086       [0]    TRISB1_bit
0x0086       [0]    TRISB0_bit
0x008C       [0]    RCIE_bit
0x008C       [0]    TXIE_bit
0x008C       [0]    EEIE_bit
0x008C       [0]    CMIE_bit
0x008C       [0]    CCP1IE_bit
0x008C       [1]    PIE1
0x008C       [0]    TMR1IE_bit
0x008C       [0]    TMR2IE_bit
0x008E       [1]    PCON
0x008E       [0]    NOT_BOR_bit
0x008E       [0]    NOT_BOD_bit
0x008E       [0]    NOT_BO_bit
0x008E       [0]    OSCF_bit
0x008E       [0]    NOT_POR_bit
0x0092       [1]    PR2
0x0098       [1]    TXSTA
0x0098       [0]    CSRC_bit
0x0098       [0]    SYNC_bit
0x0098       [0]    TXEN_bit
0x0098       [0]    BRGH_bit
0x0098       [0]    TX9D_bit
0x0098       [0]    TRMT_bit
0x0098       [0]    TX9_bit
0x0099       [1]    SPBRG
0x009A       [1]    EEDATA
0x009B       [1]    EEADR
0x009C       [1]    EECON1
0x009C       [0]    WREN_bit
0x009C       [0]    WR_bit
0x009C       [0]    RD_bit
0x009C       [0]    WRERR_bit
0x009D       [1]    EECON2
0x009F       [0]    VR2_bit
0x009F       [0]    VR3_bit
0x009F       [0]    VR0_bit
0x009F       [0]    VR1_bit
0x009F       [0]    VREN_bit
0x009F       [1]    VRCON
0x009F       [0]    VRR_bit
0x009F       [0]    VROE_bit
//** Label List: ** 
//----------------------------------------------
  L_main0
  L_main1
  L_main2
  L_main3
  L_contador4
  L_contador5
  L_contador6
  L_escreveMemoria7
  L_escreveMemoria8
  _main
  _contador
  L__contador9
  _escreveMemoria
  L_EEPROM_Write0
  L_EEPROM_Write1
  _EEPROM_Read
  _EEPROM_Write
  L__EEPROM_Write2
  L__EEPROM_Write3
  _CC2D_Loop1
  _____DoICP
  _____DoIFC
  ___CC2DW
  _Swap
