

Microchip MPLAB XC8 Assembler V2.31 build 20201012212115 
                                                                                               Wed Jan 13 09:38:47 2021

Microchip MPLAB XC8 C Compiler v2.31 (Free license) build 20201012212115 Og1 
     1                           	processor	18F2550
     2                           	fnconf	rparam,??,?,0
     3                           	pagewidth 120
     4                           	opt	flic
     5                           	psect	cinit,global,reloc=2,class=CODE,delta=1
     6                           	psect	cstackCOMRAM,global,class=COMRAM,space=1,delta=1,lowdata,noexec
     7                           	psect	text0,global,reloc=2,class=CODE,delta=1
     8                           	psect	text1,global,reloc=2,class=CODE,delta=1
     9                           	psect	intsave_regs,global,class=BIGRAM,space=1,delta=1,noexec
    10                           	psect	rparam,global,class=COMRAM,space=1,delta=1,noexec
    11                           	psect	idloc,global,abs,ovrld,class=IDLOC,space=5,delta=1,noexec
    12                           	psect	config,global,abs,ovrld,class=CONFIG,space=4,delta=1,noexec
    13  0000                     
    14                           ; Version 2.20
    15                           ; Generated 12/02/2020 GMT
    16                           ; 
    17                           ; Copyright © 2020, Microchip Technology Inc. and its subsidiaries ("Microchip")
    18                           ; All rights reserved.
    19                           ; 
    20                           ; This software is developed by Microchip Technology Inc. and its subsidiaries ("Microch
      +                          ip").
    21                           ; 
    22                           ; Redistribution and use in source and binary forms, with or without modification, are
    23                           ; permitted provided that the following conditions are met:
    24                           ; 
    25                           ;     1. Redistributions of source code must retain the above copyright notice, this lis
      +                          t of
    26                           ;        conditions and the following disclaimer.
    27                           ; 
    28                           ;     2. Redistributions in binary form must reproduce the above copyright notice, this 
      +                          list
    29                           ;        of conditions and the following disclaimer in the documentation and/or other
    30                           ;        materials provided with the distribution.
    31                           ; 
    32                           ;     3. Microchip's name may not be used to endorse or promote products derived from th
      +                          is
    33                           ;        software without specific prior written permission.
    34                           ; 
    35                           ; THIS SOFTWARE IS PROVIDED BY MICROCHIP "AS IS" AND ANY EXPRESS OR IMPLIED WARRANTIES,
    36                           ; INCLUDING, BUT NOT LIMITED TO, THE IMPLIED WARRANTIES OF MERCHANTABILITY AND FITNESS F
      +                          OR
    37                           ; PURPOSE ARE DISCLAIMED.  IN NO EVENT SHALL MICROCHIP BE LIABLE FOR ANY DIRECT, INDIREC
      +                          T,
    38                           ; INCIDENTAL, SPECIAL, EXEMPLARY, OR CONSEQUENTIAL DAMAGES (INCLUDING BUT NOT LIMITED TO
    39                           ; PROCUREMENT OF SUBSTITUTE GOODS OR SERVICES; LOSS OF USE, DATA OR PROFITS; OR BUSINESS
    40                           ; INTERRUPTION) HOWSOEVER CAUSED AND ON ANY THEORY OF LIABILITY, WHETHER IN CONTRACT, ST
      +                          RICT
    41                           ; LIABILITY, OR TORT (INCLUDING NEGLIGENCE OR OTHERWISE) ARISING IN ANY WAY OUT OF THE U
      +                          SE OF
    42                           ; THIS SOFTWARE, EVEN IF ADVISED OF THE POSSIBILITY OF SUCH DAMAGE.
    43                           ; 
    44                           ; 
    45                           ; Code-generator required, PIC18F2550 Definitions
    46                           ; 
    47                           ; SFR Addresses
    48  0000                     _PORTBbits	set	3969
    49  0000                     _LATBbits	set	3978
    50  0000                     _TRISBbits	set	3987
    51  0000                     _OSCCON	set	4051
    52  0000                     _OSCTUNE	set	3995
    53                           
    54                           ; #config settings
    55                           
    56                           	psect	cinit
    57  007FD6                     __pcinit:
    58                           	callstack 0
    59  007FD6                     start_initialization:
    60                           	callstack 0
    61  007FD6                     __initialization:
    62                           	callstack 0
    63  007FD6                     end_of_initialization:
    64                           	callstack 0
    65  007FD6                     __end_of__initialization:
    66                           	callstack 0
    67  007FD6  0100               	movlb	0
    68  007FD8  EFF5  F03F         	goto	_main	;jump to C main() function
    69                           
    70                           	psect	cstackCOMRAM
    71  000000                     __pcstackCOMRAM:
    72                           	callstack 0
    73  000000                     
    74                           ; 1 bytes @ 0x0
    75 ;;
    76 ;;Main: autosize = 0, tempsize = 0, incstack = 0, save=0
    77 ;;
    78 ;; *************** function _main *****************
    79 ;; Defined at:
    80 ;;		line 34 in file "main.c"
    81 ;; Parameters:    Size  Location     Type
    82 ;;		None
    83 ;; Auto vars:     Size  Location     Type
    84 ;;		None
    85 ;; Return value:  Size  Location     Type
    86 ;;                  1    wreg      void 
    87 ;; Registers used:
    88 ;;		wreg, status,2, cstack
    89 ;; Tracked objects:
    90 ;;		On entry : 0/0
    91 ;;		On exit  : 0/0
    92 ;;		Unchanged: 0/0
    93 ;; Data sizes:     COMRAM   BANK0   BANK1   BANK2   BANK3   BANK4   BANK5   BANK6   BANK7
    94 ;;      Params:         0       0       0       0       0       0       0       0       0
    95 ;;      Locals:         0       0       0       0       0       0       0       0       0
    96 ;;      Temps:          0       0       0       0       0       0       0       0       0
    97 ;;      Totals:         0       0       0       0       0       0       0       0       0
    98 ;;Total ram usage:        0 bytes
    99 ;; Hardware stack levels required when called:    1
   100 ;; This function calls:
   101 ;;		_setup
   102 ;; This function is called by:
   103 ;;		Startup code after reset
   104 ;; This function uses a non-reentrant model
   105 ;;
   106                           
   107                           	psect	text0
   108  007FEA                     __ptext0:
   109                           	callstack 0
   110  007FEA                     _main:
   111                           	callstack 30
   112  007FEA                     
   113                           ;main.c: 36:     setup();
   114  007FEA  ECEE  F03F         	call	_setup	;wreg free
   115  007FEE                     l705:
   116                           
   117                           ;main.c: 41:         LATBbits.LATB7 = PORTBbits.RB6;
   118  007FEE  AC81               	btfss	129,6,c	;volatile
   119  007FF0  D002               	bra	u15
   120  007FF2  8E8A               	bsf	138,7,c	;volatile
   121  007FF4  D001               	bra	u17
   122  007FF6                     u15:
   123  007FF6  9E8A               	bcf	138,7,c	;volatile
   124  007FF8                     u17:
   125  007FF8  EFF7  F03F         	goto	l705
   126  007FFC  EF00  F000         	goto	start
   127  008000                     __end_of_main:
   128                           	callstack 0
   129                           
   130 ;; *************** function _setup *****************
   131 ;; Defined at:
   132 ;;		line 19 in file "main.c"
   133 ;; Parameters:    Size  Location     Type
   134 ;;		None
   135 ;; Auto vars:     Size  Location     Type
   136 ;;		None
   137 ;; Return value:  Size  Location     Type
   138 ;;                  1    wreg      void 
   139 ;; Registers used:
   140 ;;		wreg, status,2
   141 ;; Tracked objects:
   142 ;;		On entry : 0/0
   143 ;;		On exit  : 0/0
   144 ;;		Unchanged: 0/0
   145 ;; Data sizes:     COMRAM   BANK0   BANK1   BANK2   BANK3   BANK4   BANK5   BANK6   BANK7
   146 ;;      Params:         0       0       0       0       0       0       0       0       0
   147 ;;      Locals:         0       0       0       0       0       0       0       0       0
   148 ;;      Temps:          0       0       0       0       0       0       0       0       0
   149 ;;      Totals:         0       0       0       0       0       0       0       0       0
   150 ;;Total ram usage:        0 bytes
   151 ;; Hardware stack levels used:    1
   152 ;; This function calls:
   153 ;;		Nothing
   154 ;; This function is called by:
   155 ;;		_main
   156 ;; This function uses a non-reentrant model
   157 ;;
   158                           
   159                           	psect	text1
   160  007FDC                     __ptext1:
   161                           	callstack 0
   162  007FDC                     _setup:
   163                           	callstack 30
   164  007FDC                     
   165                           ;main.c: 22:     OSCTUNE = 0b10001111;
   166  007FDC  0E8F               	movlw	143
   167  007FDE  6E9B               	movwf	155,c	;volatile
   168                           
   169                           ;main.c: 23:     OSCCON = 0b11110100;
   170  007FE0  0EF4               	movlw	244
   171  007FE2  6ED3               	movwf	211,c	;volatile
   172  007FE4                     
   173                           ;main.c: 26:     TRISBbits.RB7 = 0;
   174  007FE4  9E93               	bcf	147,7,c	;volatile
   175  007FE6                     
   176                           ;main.c: 27:     TRISBbits.RB6 = 1;
   177  007FE6  8C93               	bsf	147,6,c	;volatile
   178  007FE8  0012               	return		;funcret
   179  007FEA                     __end_of_setup:
   180                           	callstack 0
   181  0000                     
   182                           	psect	rparam
   183  0000                     
   184                           	psect	idloc
   185                           
   186                           ;Config register IDLOC0 @ 0x200000
   187                           ;	unspecified, using default values
   188  200000                     	org	2097152
   189  200000  FF                 	db	255
   190                           
   191                           ;Config register IDLOC1 @ 0x200001
   192                           ;	unspecified, using default values
   193  200001                     	org	2097153
   194  200001  FF                 	db	255
   195                           
   196                           ;Config register IDLOC2 @ 0x200002
   197                           ;	unspecified, using default values
   198  200002                     	org	2097154
   199  200002  FF                 	db	255
   200                           
   201                           ;Config register IDLOC3 @ 0x200003
   202                           ;	unspecified, using default values
   203  200003                     	org	2097155
   204  200003  FF                 	db	255
   205                           
   206                           ;Config register IDLOC4 @ 0x200004
   207                           ;	unspecified, using default values
   208  200004                     	org	2097156
   209  200004  FF                 	db	255
   210                           
   211                           ;Config register IDLOC5 @ 0x200005
   212                           ;	unspecified, using default values
   213  200005                     	org	2097157
   214  200005  FF                 	db	255
   215                           
   216                           ;Config register IDLOC6 @ 0x200006
   217                           ;	unspecified, using default values
   218  200006                     	org	2097158
   219  200006  FF                 	db	255
   220                           
   221                           ;Config register IDLOC7 @ 0x200007
   222                           ;	unspecified, using default values
   223  200007                     	org	2097159
   224  200007  FF                 	db	255
   225                           
   226                           	psect	config
   227                           
   228                           ;Config register CONFIG1L @ 0x300000
   229                           ;	PLL Prescaler Selection bits
   230                           ;	PLLDIV = 4, Divide by 4 (16 MHz oscillator input)
   231                           ;	System Clock Postscaler Selection bits
   232                           ;	CPUDIV = OSC1_PLL2, [Primary Oscillator Src: /1][96 MHz PLL Src: /2]
   233                           ;	USB Clock Selection bit (used in Full-Speed USB mode only; UCFG:FSEN = 1)
   234                           ;	USBDIV = 1, USB clock source comes directly from the primary oscillator block with no 
      +                          postscale
   235  300000                     	org	3145728
   236  300000  03                 	db	3
   237                           
   238                           ;Config register CONFIG1H @ 0x300001
   239                           ;	Oscillator Selection bits
   240                           ;	FOSC = HSPLL_HS, HS oscillator, PLL enabled (HSPLL)
   241                           ;	Fail-Safe Clock Monitor Enable bit
   242                           ;	FCMEN = OFF, Fail-Safe Clock Monitor disabled
   243                           ;	Internal/External Oscillator Switchover bit
   244                           ;	IESO = OFF, Oscillator Switchover mode disabled
   245  300001                     	org	3145729
   246  300001  0E                 	db	14
   247                           
   248                           ;Config register CONFIG2L @ 0x300002
   249                           ;	Power-up Timer Enable bit
   250                           ;	PWRT = OFF, PWRT disabled
   251                           ;	Brown-out Reset Enable bits
   252                           ;	BOR = OFF, Brown-out Reset disabled in hardware and software
   253                           ;	Brown-out Reset Voltage bits
   254                           ;	BORV = 3, Minimum setting 2.05V
   255                           ;	USB Voltage Regulator Enable bit
   256                           ;	VREGEN = OFF, USB voltage regulator disabled
   257  300002                     	org	3145730
   258  300002  19                 	db	25
   259                           
   260                           ;Config register CONFIG2H @ 0x300003
   261                           ;	Watchdog Timer Enable bit
   262                           ;	WDT = OFF, WDT disabled (control is placed on the SWDTEN bit)
   263                           ;	Watchdog Timer Postscale Select bits
   264                           ;	WDTPS = 32768, 1:32768
   265  300003                     	org	3145731
   266  300003  1E                 	db	30
   267                           
   268                           ; Padding undefined space
   269  300004                     	org	3145732
   270  300004  FF                 	db	255
   271                           
   272                           ;Config register CONFIG3H @ 0x300005
   273                           ;	CCP2 MUX bit
   274                           ;	CCP2MX = ON, CCP2 input/output is multiplexed with RC1
   275                           ;	PORTB A/D Enable bit
   276                           ;	PBADEN = ON, PORTB<4:0> pins are configured as analog input channels on Reset
   277                           ;	Low-Power Timer 1 Oscillator Enable bit
   278                           ;	LPT1OSC = OFF, Timer1 configured for higher power operation
   279                           ;	MCLR Pin Enable bit
   280                           ;	MCLRE = ON, MCLR pin enabled; RE3 input pin disabled
   281  300005                     	org	3145733
   282  300005  83                 	db	131
   283                           
   284                           ;Config register CONFIG4L @ 0x300006
   285                           ;	Stack Full/Underflow Reset Enable bit
   286                           ;	STVREN = ON, Stack full/underflow will cause Reset
   287                           ;	Single-Supply ICSP Enable bit
   288                           ;	LVP = OFF, Single-Supply ICSP disabled
   289                           ;	Extended Instruction Set Enable bit
   290                           ;	XINST = OFF, Instruction set extension and Indexed Addressing mode disabled (Legacy mo
      +                          de)
   291                           ;	Background Debugger Enable bit
   292                           ;	DEBUG = 0x1, unprogrammed default
   293  300006                     	org	3145734
   294  300006  81                 	db	129
   295                           
   296                           ; Padding undefined space
   297  300007                     	org	3145735
   298  300007  FF                 	db	255
   299                           
   300                           ;Config register CONFIG5L @ 0x300008
   301                           ;	Code Protection bit
   302                           ;	CP0 = OFF, Block 0 (000800-001FFFh) is not code-protected
   303                           ;	Code Protection bit
   304                           ;	CP1 = OFF, Block 1 (002000-003FFFh) is not code-protected
   305                           ;	Code Protection bit
   306                           ;	CP2 = OFF, Block 2 (004000-005FFFh) is not code-protected
   307                           ;	Code Protection bit
   308                           ;	CP3 = OFF, Block 3 (006000-007FFFh) is not code-protected
   309  300008                     	org	3145736
   310  300008  0F                 	db	15
   311                           
   312                           ;Config register CONFIG5H @ 0x300009
   313                           ;	Boot Block Code Protection bit
   314                           ;	CPB = OFF, Boot block (000000-0007FFh) is not code-protected
   315                           ;	Data EEPROM Code Protection bit
   316                           ;	CPD = OFF, Data EEPROM is not code-protected
   317  300009                     	org	3145737
   318  300009  C0                 	db	192
   319                           
   320                           ;Config register CONFIG6L @ 0x30000A
   321                           ;	Write Protection bit
   322                           ;	WRT0 = OFF, Block 0 (000800-001FFFh) is not write-protected
   323                           ;	Write Protection bit
   324                           ;	WRT1 = OFF, Block 1 (002000-003FFFh) is not write-protected
   325                           ;	Write Protection bit
   326                           ;	WRT2 = OFF, Block 2 (004000-005FFFh) is not write-protected
   327                           ;	Write Protection bit
   328                           ;	WRT3 = OFF, Block 3 (006000-007FFFh) is not write-protected
   329  30000A                     	org	3145738
   330  30000A  0F                 	db	15
   331                           
   332                           ;Config register CONFIG6H @ 0x30000B
   333                           ;	Configuration Register Write Protection bit
   334                           ;	WRTC = OFF, Configuration registers (300000-3000FFh) are not write-protected
   335                           ;	Boot Block Write Protection bit
   336                           ;	WRTB = OFF, Boot block (000000-0007FFh) is not write-protected
   337                           ;	Data EEPROM Write Protection bit
   338                           ;	WRTD = OFF, Data EEPROM is not write-protected
   339  30000B                     	org	3145739
   340  30000B  E0                 	db	224
   341                           
   342                           ;Config register CONFIG7L @ 0x30000C
   343                           ;	Table Read Protection bit
   344                           ;	EBTR0 = OFF, Block 0 (000800-001FFFh) is not protected from table reads executed in ot
      +                          her blocks
   345                           ;	Table Read Protection bit
   346                           ;	EBTR1 = OFF, Block 1 (002000-003FFFh) is not protected from table reads executed in ot
      +                          her blocks
   347                           ;	Table Read Protection bit
   348                           ;	EBTR2 = OFF, Block 2 (004000-005FFFh) is not protected from table reads executed in ot
      +                          her blocks
   349                           ;	Table Read Protection bit
   350                           ;	EBTR3 = OFF, Block 3 (006000-007FFFh) is not protected from table reads executed in ot
      +                          her blocks
   351  30000C                     	org	3145740
   352  30000C  0F                 	db	15
   353                           
   354                           ;Config register CONFIG7H @ 0x30000D
   355                           ;	Boot Block Table Read Protection bit
   356                           ;	EBTRB = OFF, Boot block (000000-0007FFh) is not protected from table reads executed in
      +                           other blocks
   357  30000D                     	org	3145741
   358  30000D  40                 	db	64
   359                           tosu	equ	0xFFF
   360                           tosh	equ	0xFFE
   361                           tosl	equ	0xFFD
   362                           stkptr	equ	0xFFC
   363                           pclatu	equ	0xFFB
   364                           pclath	equ	0xFFA
   365                           pcl	equ	0xFF9
   366                           tblptru	equ	0xFF8
   367                           tblptrh	equ	0xFF7
   368                           tblptrl	equ	0xFF6
   369                           tablat	equ	0xFF5
   370                           prodh	equ	0xFF4
   371                           prodl	equ	0xFF3
   372                           indf0	equ	0xFEF
   373                           postinc0	equ	0xFEE
   374                           postdec0	equ	0xFED
   375                           preinc0	equ	0xFEC
   376                           plusw0	equ	0xFEB
   377                           fsr0h	equ	0xFEA
   378                           fsr0l	equ	0xFE9
   379                           wreg	equ	0xFE8
   380                           indf1	equ	0xFE7
   381                           postinc1	equ	0xFE6
   382                           postdec1	equ	0xFE5
   383                           preinc1	equ	0xFE4
   384                           plusw1	equ	0xFE3
   385                           fsr1h	equ	0xFE2
   386                           fsr1l	equ	0xFE1
   387                           bsr	equ	0xFE0
   388                           indf2	equ	0xFDF
   389                           postinc2	equ	0xFDE
   390                           postdec2	equ	0xFDD
   391                           preinc2	equ	0xFDC
   392                           plusw2	equ	0xFDB
   393                           fsr2h	equ	0xFDA
   394                           fsr2l	equ	0xFD9
   395                           status	equ	0xFD8

Data Sizes:
    Strings     0
    Constant    0
    Data        0
    BSS         0
    Persistent  0
    Stack       0

Auto Spaces:
    Space          Size  Autos    Used
    COMRAM           95      0       0
    BANK0           160      0       0
    BANK1           256      0       0
    BANK2           256      0       0
    BANK3           256      0       0
    BANK4           256      0       0
    BANK5           256      0       0
    BANK6           256      0       0
    BANK7           256      0       0

Pointer List with Targets:

    None.

Critical Paths under _main in COMRAM

    None.

Critical Paths under _main in BANK0

    None.

Critical Paths under _main in BANK1

    None.

Critical Paths under _main in BANK2

    None.

Critical Paths under _main in BANK3

    None.

Critical Paths under _main in BANK4

    None.

Critical Paths under _main in BANK5

    None.

Critical Paths under _main in BANK6

    None.

Critical Paths under _main in BANK7

    None.

Call Graph Tables:

 ---------------------------------------------------------------------------------
 (Depth) Function   	        Calls       Base Space   Used Autos Params    Refs
 ---------------------------------------------------------------------------------
 (0) _main                                                 0     0      0       0
                              _setup
 ---------------------------------------------------------------------------------
 (1) _setup                                                0     0      0       0
 ---------------------------------------------------------------------------------
 Estimated maximum stack depth 1
 ---------------------------------------------------------------------------------

 Call Graph Graphs:

 _main (ROOT)
   _setup

 Address spaces:
Name               Size   Autos  Total    Cost      Usage
BITCOMRAM           5F      0       0       0        0.0%
EEDATA             100      0       0       0        0.0%
NULL                 0      0       0       0        0.0%
CODE                 0      0       0       0        0.0%
COMRAM              5F      0       0       1        0.0%
STACK                0      0       0       2        0.0%
DATA                 0      0       0       3        0.0%
BITBANK0            A0      0       0       4        0.0%
BANK0               A0      0       0       5        0.0%
BITBANK1           100      0       0       6        0.0%
BANK1              100      0       0       7        0.0%
BITBANK2           100      0       0       8        0.0%
BANK2              100      0       0       9        0.0%
BITBANK3           100      0       0      10        0.0%
BANK3              100      0       0      11        0.0%
BITBANK4           100      0       0      12        0.0%
BANK4              100      0       0      13        0.0%
BITBANK5           100      0       0      14        0.0%
BANK5              100      0       0      15        0.0%
BITBANK6           100      0       0      16        0.0%
BANK6              100      0       0      17        0.0%
BITBANK7           100      0       0      18        0.0%
BANK7              100      0       0      19        0.0%
ABS                  0      0       0      20        0.0%
BIGRAM             7FF      0       0      21        0.0%
BITSFR               0      0       0     200        0.0%
SFR                  0      0       0     200        0.0%


Microchip Technology PIC18 Macro Assembler V2.31 build 20201012212115 
Symbol Table                                                                                   Wed Jan 13 09:38:47 2021

                     l13 7FE8                       u15 7FF6                       u17 7FF8  
                    l701 7FE6                      l703 7FEA                      l705 7FEE  
                    l697 7FDC                      l699 7FE4                     _main 7FEA  
                   start 0000             ___param_bank 000000                    ?_main 0000  
                  _setup 7FDC          __initialization 7FD6             __end_of_main 8000  
                 ??_main 0000            __activetblptr 000000                   ?_setup 0000  
                 _OSCCON 000FD3               __accesstop 0060  __end_of__initialization 7FD6  
          ___rparam_used 000001           __pcstackCOMRAM 0000            __end_of_setup 7FEA  
                ??_setup 0000                  _OSCTUNE 000F9B                  __Hparam 0000  
                __Lparam 0000                  __pcinit 7FD6                  __ramtop 0800  
                __ptext0 7FEA                  __ptext1 7FDC     end_of_initialization 7FD6  
              _PORTBbits 000F81                _TRISBbits 000F93      start_initialization 7FD6  
         __size_of_setup 000E                 _LATBbits 000F8A                 __Hrparam 0000  
               __Lrparam 0000            __size_of_main 0016  
