;  LST file generated by mikroListExporter - v.2.0 
; Date/Time: 04/08/2020 13:34:38
;----------------------------------------------

;Address Opcode 	ASM
0x0000	0xF003EF16  	GOTO        1580
0x0004	0x0000      	NOP
0x0006	0x0000      	NOP
0x0008	0xF000EF00  	GOTO        0
0x000C	0x0000      	NOP
0x000E	0x0000      	NOP
0x0010	0x0000      	NOP
0x0012	0x0000      	NOP
0x0014	0x0000      	NOP
0x0016	0x0000      	NOP
0x0018	0xD7F3      	BRA         0
_Delay_5500us:
;__Lib_Delays.c,31 :: 		void Delay_5500us() {
;__Lib_Delays.c,32 :: 		Delay_us(5500);
0x001C	0x0E1D      	MOVLW       29
0x001E	0x6E0C      	MOVWF       R12, 0
0x0020	0x0E91      	MOVLW       145
0x0022	0x6E0D      	MOVWF       R13, 0
L_Delay_5500us5:
0x0024	0x2E0D      	DECFSZ      R13, 1, 0
0x0026	0xD7FE      	BRA         L_Delay_5500us5
0x0028	0x2E0C      	DECFSZ      R12, 1, 0
0x002A	0xD7FC      	BRA         L_Delay_5500us5
;__Lib_Delays.c,33 :: 		}
0x002C	0x0012      	RETURN      0
; end of _Delay_5500us
_Delay_50us:
;__Lib_Delays.c,19 :: 		void Delay_50us() {
;__Lib_Delays.c,20 :: 		Delay_us(50);
0x002E	0x0E42      	MOVLW       66
0x0030	0x6E0D      	MOVWF       R13, 0
L_Delay_50us2:
0x0032	0x2E0D      	DECFSZ      R13, 1, 0
0x0034	0xD7FE      	BRA         L_Delay_50us2
0x0036	0x0000      	NOP
;__Lib_Delays.c,21 :: 		}
0x0038	0x0012      	RETURN      0
; end of _Delay_50us
_Delay_1us:
;__Lib_Delays.c,7 :: 		void Delay_1us() {
;__Lib_Delays.c,8 :: 		Delay_us(1);
0x003A	0x0000      	NOP
0x003C	0x0000      	NOP
0x003E	0x0000      	NOP
0x0040	0x0000      	NOP
;__Lib_Delays.c,9 :: 		}
0x0042	0x0012      	RETURN      0
; end of _Delay_1us
_I2C1_Is_Idle:
;__Lib_I2C_b10.c,27 :: 		
;__Lib_I2C_b10.c,28 :: 		
0x0044	0xB4C7      	BTFSC       SSPSTAT, 2 
0x0046	0xD009      	BRA         L_I2C1_Is_Idle0
;__Lib_I2C_b10.c,29 :: 		
0x0048	0x0E1F      	MOVLW       31
0x004A	0x14C5      	ANDWF       SSPCON2, 0 
0x004C	0x6E01      	MOVWF       R1 
0x004E	0x5001      	MOVF        R1, 0 
0x0050	0x0A00      	XORLW       0
0x0052	0xE103      	BNZ         L_I2C1_Is_Idle1
;__Lib_I2C_b10.c,30 :: 		
0x0054	0x0E01      	MOVLW       1
0x0056	0x6E00      	MOVWF       R0 
0x0058	0x0012      	RETURN      0
L_I2C1_Is_Idle1:
L_I2C1_Is_Idle0:
;__Lib_I2C_b10.c,31 :: 		
0x005A	0x6A00      	CLRF        R0 
;__Lib_I2C_b10.c,32 :: 		
0x005C	0x0012      	RETURN      0
; end of _I2C1_Is_Idle
_Lcd_Cmd:
;__Lib_Lcd.c,18 :: 		
;__Lib_Lcd.c,20 :: 		
0x005E	0xBE30      	BTFSC       FARG_Lcd_Cmd_out_char, 7 
0x0060	0xD002      	BRA         L__Lcd_Cmd20
0x0062	0x9E81      	BCF         LCD_D7, BitPos(LCD_D7+0) 
0x0064	0xD001      	BRA         L__Lcd_Cmd21
L__Lcd_Cmd20:
0x0066	0x8E81      	BSF         LCD_D7, BitPos(LCD_D7+0) 
L__Lcd_Cmd21:
;__Lib_Lcd.c,21 :: 		
0x0068	0xBC30      	BTFSC       FARG_Lcd_Cmd_out_char, 6 
0x006A	0xD002      	BRA         L__Lcd_Cmd22
0x006C	0x9C81      	BCF         LCD_D6, BitPos(LCD_D6+0) 
0x006E	0xD001      	BRA         L__Lcd_Cmd23
L__Lcd_Cmd22:
0x0070	0x8C81      	BSF         LCD_D6, BitPos(LCD_D6+0) 
L__Lcd_Cmd23:
;__Lib_Lcd.c,22 :: 		
0x0072	0xBA30      	BTFSC       FARG_Lcd_Cmd_out_char, 5 
0x0074	0xD002      	BRA         L__Lcd_Cmd24
0x0076	0x9A81      	BCF         LCD_D5, BitPos(LCD_D5+0) 
0x0078	0xD001      	BRA         L__Lcd_Cmd25
L__Lcd_Cmd24:
0x007A	0x8A81      	BSF         LCD_D5, BitPos(LCD_D5+0) 
L__Lcd_Cmd25:
;__Lib_Lcd.c,23 :: 		
0x007C	0xB830      	BTFSC       FARG_Lcd_Cmd_out_char, 4 
0x007E	0xD002      	BRA         L__Lcd_Cmd26
0x0080	0x9881      	BCF         LCD_D4, BitPos(LCD_D4+0) 
0x0082	0xD001      	BRA         L__Lcd_Cmd27
L__Lcd_Cmd26:
0x0084	0x8881      	BSF         LCD_D4, BitPos(LCD_D4+0) 
L__Lcd_Cmd27:
;__Lib_Lcd.c,25 :: 		
0x0086	0xB027      	BTFSC       __Lib_Lcd_cmd_status, BitPos(__Lib_Lcd_cmd_status+0) 
0x0088	0xD002      	BRA         L__Lcd_Cmd28
0x008A	0x8481      	BSF         LCD_RS, BitPos(LCD_RS+0) 
0x008C	0xD001      	BRA         L__Lcd_Cmd29
L__Lcd_Cmd28:
0x008E	0x9481      	BCF         LCD_RS, BitPos(LCD_RS+0) 
L__Lcd_Cmd29:
;__Lib_Lcd.c,28 :: 		
0x0090	0x8681      	BSF         LCD_EN, BitPos(LCD_EN+0) 
;__Lib_Lcd.c,29 :: 		
0x0092	0xDFD3      	RCALL       _Delay_1us
;__Lib_Lcd.c,30 :: 		
0x0094	0x9681      	BCF         LCD_EN, BitPos(LCD_EN+0) 
;__Lib_Lcd.c,33 :: 		
0x0096	0xB630      	BTFSC       FARG_Lcd_Cmd_out_char, 3 
0x0098	0xD002      	BRA         L__Lcd_Cmd30
0x009A	0x9E81      	BCF         LCD_D7, BitPos(LCD_D7+0) 
0x009C	0xD001      	BRA         L__Lcd_Cmd31
L__Lcd_Cmd30:
0x009E	0x8E81      	BSF         LCD_D7, BitPos(LCD_D7+0) 
L__Lcd_Cmd31:
;__Lib_Lcd.c,34 :: 		
0x00A0	0xB430      	BTFSC       FARG_Lcd_Cmd_out_char, 2 
0x00A2	0xD002      	BRA         L__Lcd_Cmd32
0x00A4	0x9C81      	BCF         LCD_D6, BitPos(LCD_D6+0) 
0x00A6	0xD001      	BRA         L__Lcd_Cmd33
L__Lcd_Cmd32:
0x00A8	0x8C81      	BSF         LCD_D6, BitPos(LCD_D6+0) 
L__Lcd_Cmd33:
;__Lib_Lcd.c,35 :: 		
0x00AA	0xB230      	BTFSC       FARG_Lcd_Cmd_out_char, 1 
0x00AC	0xD002      	BRA         L__Lcd_Cmd34
0x00AE	0x9A81      	BCF         LCD_D5, BitPos(LCD_D5+0) 
0x00B0	0xD001      	BRA         L__Lcd_Cmd35
L__Lcd_Cmd34:
0x00B2	0x8A81      	BSF         LCD_D5, BitPos(LCD_D5+0) 
L__Lcd_Cmd35:
;__Lib_Lcd.c,36 :: 		
0x00B4	0xB030      	BTFSC       FARG_Lcd_Cmd_out_char, 0 
0x00B6	0xD002      	BRA         L__Lcd_Cmd36
0x00B8	0x9881      	BCF         LCD_D4, BitPos(LCD_D4+0) 
0x00BA	0xD001      	BRA         L__Lcd_Cmd37
L__Lcd_Cmd36:
0x00BC	0x8881      	BSF         LCD_D4, BitPos(LCD_D4+0) 
L__Lcd_Cmd37:
;__Lib_Lcd.c,38 :: 		
0x00BE	0xB027      	BTFSC       __Lib_Lcd_cmd_status, BitPos(__Lib_Lcd_cmd_status+0) 
0x00C0	0xD002      	BRA         L__Lcd_Cmd38
0x00C2	0x8481      	BSF         LCD_RS, BitPos(LCD_RS+0) 
0x00C4	0xD001      	BRA         L__Lcd_Cmd39
L__Lcd_Cmd38:
0x00C6	0x9481      	BCF         LCD_RS, BitPos(LCD_RS+0) 
L__Lcd_Cmd39:
;__Lib_Lcd.c,40 :: 		
0x00C8	0x8681      	BSF         LCD_EN, BitPos(LCD_EN+0) 
;__Lib_Lcd.c,41 :: 		
0x00CA	0xDFB7      	RCALL       _Delay_1us
;__Lib_Lcd.c,42 :: 		
0x00CC	0x9681      	BCF         LCD_EN, BitPos(LCD_EN+0) 
;__Lib_Lcd.c,44 :: 		
0x00CE	0xA027      	BTFSS       __Lib_Lcd_cmd_status, BitPos(__Lib_Lcd_cmd_status+0) 
0x00D0	0xD002      	BRA         L_Lcd_Cmd0
;__Lib_Lcd.c,45 :: 		
0x00D2	0xDFA4      	RCALL       _Delay_5500us
0x00D4	0xD001      	BRA         L_Lcd_Cmd1
L_Lcd_Cmd0:
;__Lib_Lcd.c,47 :: 		
0x00D6	0xDFAB      	RCALL       _Delay_50us
L_Lcd_Cmd1:
;__Lib_Lcd.c,48 :: 		
0x00D8	0x0012      	RETURN      0
; end of _Lcd_Cmd
_Div_16x16_S_L:
;__Lib_Math.c,139 :: 		
;__Lib_Math.c,146 :: 		
0x00DA	0x3401      	RLCF        R1, 0, 0
;__Lib_Math.c,147 :: 		
0x00DC	0x3608      	RLCF        R8, 1, 0
;__Lib_Math.c,148 :: 		
0x00DE	0x3609      	RLCF        R9, 1, 0
;__Lib_Math.c,149 :: 		
0x00E0	0x5004      	MOVF        R4, 0, 0
;__Lib_Math.c,150 :: 		
0x00E2	0x5E08      	SUBWF       R8, 1, 0
;__Lib_Math.c,151 :: 		
0x00E4	0x5005      	MOVF        R5, 0, 0
;__Lib_Math.c,152 :: 		
0x00E6	0xA0D8      	BTFSS       STATUS, 0, 0
;__Lib_Math.c,153 :: 		
0x00E8	0x3C05      	INCFSZ      R5, 0, 0
;__Lib_Math.c,154 :: 		
0x00EA	0x5E09      	SUBWF       R9, 1, 0
;__Lib_Math.c,155 :: 		
0x00EC	0x3600      	RLCF        R0, 1, 0
;__Lib_Math.c,156 :: 		
0x00EE	0x3601      	RLCF        R1, 1, 0
;__Lib_Math.c,158 :: 		
0x00F0	0x0E0F      	MOVLW       15
;__Lib_Math.c,159 :: 		
0x00F2	0x6E0C      	MOVWF       R12, 0
;__Lib_Math.c,161 :: 		
0x00F4	0x3401      	RLCF        R1, 0, 0
;__Lib_Math.c,162 :: 		
0x00F6	0x3608      	RLCF        R8, 1, 0
;__Lib_Math.c,163 :: 		
0x00F8	0x3609      	RLCF        R9, 1, 0
;__Lib_Math.c,164 :: 		
0x00FA	0x5004      	MOVF        R4, 0, 0
;__Lib_Math.c,166 :: 		
0x00FC	0xA000      	BTFSS       R0, 0, 0
;__Lib_Math.c,167 :: 		
0x00FE	0xD006      	BRA         $+14
;__Lib_Math.c,168 :: 		
0x0100	0x5E08      	SUBWF       R8, 1, 0
;__Lib_Math.c,169 :: 		
0x0102	0x5005      	MOVF        R5, 0, 0
;__Lib_Math.c,170 :: 		
0x0104	0xA0D8      	BTFSS       STATUS, 0, 0
;__Lib_Math.c,171 :: 		
0x0106	0x3C05      	INCFSZ      R5, 0, 0
;__Lib_Math.c,172 :: 		
0x0108	0x5E09      	SUBWF       R9, 1, 0
;__Lib_Math.c,173 :: 		
0x010A	0xD005      	BRA         $+12
;__Lib_Math.c,175 :: 		
0x010C	0x2608      	ADDWF       R8, 1, 0
;__Lib_Math.c,176 :: 		
0x010E	0x5005      	MOVF        R5, 0, 0
;__Lib_Math.c,177 :: 		
0x0110	0xB0D8      	BTFSC       STATUS, 0, 0
;__Lib_Math.c,178 :: 		
0x0112	0x3C05      	INCFSZ      R5, 0, 0
;__Lib_Math.c,179 :: 		
0x0114	0x2609      	ADDWF       R9, 1, 0
;__Lib_Math.c,181 :: 		
0x0116	0x3600      	RLCF        R0, 1, 0
;__Lib_Math.c,182 :: 		
0x0118	0x3601      	RLCF        R1, 1, 0
;__Lib_Math.c,184 :: 		
0x011A	0x2E0C      	DECFSZ      R12, 1, 0
;__Lib_Math.c,185 :: 		
0x011C	0xD7EB      	BRA         $-40
;__Lib_Math.c,187 :: 		
0x011E	0xB000      	BTFSC       R0, 0, 0
;__Lib_Math.c,188 :: 		
0x0120	0xD006      	BRA         $+14
;__Lib_Math.c,189 :: 		
0x0122	0x5004      	MOVF        R4, 0, 0
;__Lib_Math.c,190 :: 		
0x0124	0x2608      	ADDWF       R8, 1, 0
;__Lib_Math.c,191 :: 		
0x0126	0x5005      	MOVF        R5, 0, 0
;__Lib_Math.c,192 :: 		
0x0128	0xB0D8      	BTFSC       STATUS, 0, 0
;__Lib_Math.c,193 :: 		
0x012A	0x3C05      	INCFSZ      R5, 0, 0
;__Lib_Math.c,194 :: 		
0x012C	0x2609      	ADDWF       R9, 1, 0
;__Lib_Math.c,195 :: 		
0x012E	0x0000      	NOP
;__Lib_Math.c,197 :: 		
0x0130	0x0012      	RETURN      0
; end of _Div_16x16_S_L
_I2C1_Repeated_Start:
;__Lib_I2C_b10.c,52 :: 		
;__Lib_I2C_b10.c,53 :: 		
0x0132	0x82C5      	BSF         SSPCON2, 1 
;__Lib_I2C_b10.c,54 :: 		
L_I2C1_Repeated_Start10:
0x0134	0xA2C5      	BTFSS       SSPCON2, 1 
0x0136	0xD001      	BRA         L_I2C1_Repeated_Start11
;__Lib_I2C_b10.c,55 :: 		
0x0138	0xD7FD      	BRA         L_I2C1_Repeated_Start10
L_I2C1_Repeated_Start11:
;__Lib_I2C_b10.c,56 :: 		
0x013A	0x0012      	RETURN      0
; end of _I2C1_Repeated_Start
_Lcd_Chr_CP:
;__Lib_Lcd.c,50 :: 		
;__Lib_Lcd.c,52 :: 		
0x013C	0x9027      	BCF         __Lib_Lcd_cmd_status, BitPos(__Lib_Lcd_cmd_status+0) 
;__Lib_Lcd.c,53 :: 		
0x013E	0xF030C02D  	MOVFF       FARG_Lcd_Chr_CP_out_char, FARG_Lcd_Cmd_out_char
0x0142	0xDF8D      	RCALL       _Lcd_Cmd
;__Lib_Lcd.c,54 :: 		
0x0144	0x8027      	BSF         __Lib_Lcd_cmd_status, BitPos(__Lib_Lcd_cmd_status+0) 
;__Lib_Lcd.c,55 :: 		
0x0146	0x0012      	RETURN      0
; end of _Lcd_Chr_CP
_I2C1_Rd:
;__Lib_I2C_b10.c,58 :: 		
;__Lib_I2C_b10.c,61 :: 		
0x0148	0x969E      	BCF         PIR1, 3 
;__Lib_I2C_b10.c,62 :: 		
0x014A	0x86C5      	BSF         SSPCON2, 3 
;__Lib_I2C_b10.c,64 :: 		
L_I2C1_Rd12:
0x014C	0xB69E      	BTFSC       PIR1, 3 
0x014E	0xD001      	BRA         L_I2C1_Rd13
;__Lib_I2C_b10.c,65 :: 		
0x0150	0xD7FD      	BRA         L_I2C1_Rd12
L_I2C1_Rd13:
;__Lib_I2C_b10.c,67 :: 		
0x0152	0xF001CFC9  	MOVFF       SSPBUF, R1
;__Lib_I2C_b10.c,68 :: 		
0x0156	0x502D      	MOVF        FARG_I2C1_Rd_ack, 0 
0x0158	0x0A00      	XORLW       0
0x015A	0xE102      	BNZ         L_I2C1_Rd14
;__Lib_I2C_b10.c,69 :: 		
0x015C	0x8AC5      	BSF         SSPCON2, 5 
0x015E	0xD001      	BRA         L_I2C1_Rd15
L_I2C1_Rd14:
;__Lib_I2C_b10.c,71 :: 		
0x0160	0x9AC5      	BCF         SSPCON2, 5 
L_I2C1_Rd15:
;__Lib_I2C_b10.c,73 :: 		
0x0162	0x969E      	BCF         PIR1, 3 
;__Lib_I2C_b10.c,74 :: 		
0x0164	0x88C5      	BSF         SSPCON2, 4 
;__Lib_I2C_b10.c,76 :: 		
L_I2C1_Rd16:
0x0166	0xB69E      	BTFSC       PIR1, 3 
0x0168	0xD001      	BRA         L_I2C1_Rd17
;__Lib_I2C_b10.c,77 :: 		
0x016A	0xD7FD      	BRA         L_I2C1_Rd16
L_I2C1_Rd17:
;__Lib_I2C_b10.c,79 :: 		
0x016C	0xF000C001  	MOVFF       R1, R0
;__Lib_I2C_b10.c,80 :: 		
0x0170	0x0012      	RETURN      0
; end of _I2C1_Rd
_Div_16x16_S:
;__Lib_Math.c,200 :: 		
;__Lib_Math.c,208 :: 		
0x0172	0x5004      	MOVF        R4, 0 
0x0174	0x0A00      	XORLW       0
0x0176	0xE108      	BNZ         L_Div_16x16_S0
;__Lib_Math.c,209 :: 		
0x0178	0x5005      	MOVF        R5, 0 
0x017A	0x0A00      	XORLW       0
0x017C	0xE105      	BNZ         L_Div_16x16_S1
;__Lib_Math.c,210 :: 		
0x017E	0x0EFF      	MOVLW       255
0x0180	0x6E00      	MOVWF       R0 
;__Lib_Math.c,211 :: 		
0x0182	0x0E7F      	MOVLW       127
0x0184	0x6E01      	MOVWF       R1 
;__Lib_Math.c,212 :: 		
0x0186	0x0012      	RETURN      0
;__Lib_Math.c,213 :: 		
L_Div_16x16_S1:
L_Div_16x16_S0:
;__Lib_Math.c,216 :: 		
0x0188	0x6A0D      	CLRF        R13, 0
;__Lib_Math.c,217 :: 		
0x018A	0x6A09      	CLRF        R9, 0
;__Lib_Math.c,218 :: 		
0x018C	0x6A08      	CLRF        R8, 0
;__Lib_Math.c,219 :: 		
0x018E	0x5001      	MOVF        R1, 0, 0
;__Lib_Math.c,220 :: 		
0x0190	0x1000      	IORWF       R0, 0, 0
;__Lib_Math.c,221 :: 		
0x0192	0xB4D8      	BTFSC       STATUS, 2, 0
;__Lib_Math.c,222 :: 		
0x0194	0x0C00      	RETLW       0
;__Lib_Math.c,224 :: 		
0x0196	0x5001      	MOVF        R1, 0, 0
;__Lib_Math.c,225 :: 		
0x0198	0x1805      	XORWF       R5, 0, 0
;__Lib_Math.c,226 :: 		
0x019A	0x6E0A      	MOVWF       R10, 0
;__Lib_Math.c,227 :: 		
0x019C	0xBE0A      	BTFSC       R10, 7, 0
;__Lib_Math.c,228 :: 		
0x019E	0x1E0D      	COMF        R13, 1, 0
;__Lib_Math.c,230 :: 		
0x01A0	0x6A0B      	CLRF        R11, 0
;__Lib_Math.c,232 :: 		
0x01A2	0xAE05      	BTFSS       R5, 7, 0
;__Lib_Math.c,233 :: 		
0x01A4	0xD005      	BRA         $+12
;__Lib_Math.c,235 :: 		
0x01A6	0x1E04      	COMF        R4, 1, 0
;__Lib_Math.c,236 :: 		
0x01A8	0x1E05      	COMF        R5, 1, 0
;__Lib_Math.c,237 :: 		
0x01AA	0x2A04      	INCF        R4, 1, 0
;__Lib_Math.c,238 :: 		
0x01AC	0xB4D8      	BTFSC       STATUS, 2, 0
;__Lib_Math.c,239 :: 		
0x01AE	0x2A05      	INCF        R5, 1, 0
;__Lib_Math.c,241 :: 		
0x01B0	0xAE01      	BTFSS       R1, 7, 0
;__Lib_Math.c,242 :: 		
0x01B2	0xD005      	BRA         $+12
;__Lib_Math.c,244 :: 		
0x01B4	0x1E00      	COMF        R0, 1, 0
;__Lib_Math.c,245 :: 		
0x01B6	0x1E01      	COMF        R1, 1, 0
;__Lib_Math.c,246 :: 		
0x01B8	0x2A00      	INCF        R0, 1, 0
;__Lib_Math.c,247 :: 		
0x01BA	0xB4D8      	BTFSC       STATUS, 2, 0
;__Lib_Math.c,248 :: 		
0x01BC	0x2A01      	INCF        R1, 1, 0
;__Lib_Math.c,250 :: 		
0x01BE	0x5001      	MOVF        R1, 0, 0
;__Lib_Math.c,251 :: 		
0x01C0	0x1005      	IORWF       R5, 0, 0
;__Lib_Math.c,252 :: 		
0x01C2	0x6E0A      	MOVWF       R10, 0
;__Lib_Math.c,253 :: 		
0x01C4	0xBE0A      	BTFSC       R10, 7, 0
;__Lib_Math.c,254 :: 		
0x01C6	0xD010      	BRA         $+34
;__Lib_Math.c,256 :: 		
0x01C8	0xDF88      	RCALL       _Div_16x16_S_L
;__Lib_Math.c,258 :: 		
0x01CA	0xB00B      	BTFSC       R11, 0, 0
;__Lib_Math.c,259 :: 		
0x01CC	0xD020      	BRA         $+66
;__Lib_Math.c,261 :: 		
0x01CE	0xAE0D      	BTFSS       R13, 7, 0
;__Lib_Math.c,262 :: 		
0x01D0	0x0C00      	RETLW       0
;__Lib_Math.c,264 :: 		
0x01D2	0x1E00      	COMF        R0, 1, 0
;__Lib_Math.c,265 :: 		
0x01D4	0x1E01      	COMF        R1, 1, 0
;__Lib_Math.c,266 :: 		
0x01D6	0x2A00      	INCF        R0, 1, 0
;__Lib_Math.c,267 :: 		
0x01D8	0xB4D8      	BTFSC       STATUS, 2, 0
;__Lib_Math.c,268 :: 		
0x01DA	0x2A01      	INCF        R1, 1, 0
;__Lib_Math.c,270 :: 		
0x01DC	0x1E08      	COMF        R8, 1, 0
;__Lib_Math.c,271 :: 		
0x01DE	0x1E09      	COMF        R9, 1, 0
;__Lib_Math.c,272 :: 		
0x01E0	0x2A08      	INCF        R8, 1, 0
;__Lib_Math.c,273 :: 		
0x01E2	0xB4D8      	BTFSC       STATUS, 2, 0
;__Lib_Math.c,274 :: 		
0x01E4	0x2A09      	INCF        R9, 1, 0
;__Lib_Math.c,276 :: 		
0x01E6	0x0C00      	RETLW       0
;__Lib_Math.c,278 :: 		
0x01E8	0xAE05      	BTFSS       R5, 7, 0
;__Lib_Math.c,279 :: 		
0x01EA	0xD00D      	BRA         $+28
;__Lib_Math.c,280 :: 		
0x01EC	0xBE01      	BTFSC       R1, 7, 0
;__Lib_Math.c,281 :: 		
0x01EE	0xD007      	BRA         $+16
;__Lib_Math.c,282 :: 		
0x01F0	0x5001      	MOVF        R1, 0, 0
;__Lib_Math.c,283 :: 		
0x01F2	0x6E09      	MOVWF       R9, 0
;__Lib_Math.c,284 :: 		
0x01F4	0x5000      	MOVF        R0, 0, 0
;__Lib_Math.c,285 :: 		
0x01F6	0x6E08      	MOVWF       R8, 0
;__Lib_Math.c,286 :: 		
0x01F8	0x6A01      	CLRF        R1, 0
;__Lib_Math.c,287 :: 		
0x01FA	0x6A00      	CLRF        R0, 0
;__Lib_Math.c,288 :: 		
0x01FC	0xD7E8      	BRA         $-46
;__Lib_Math.c,289 :: 		
0x01FE	0x6A01      	CLRF        R1, 0
;__Lib_Math.c,290 :: 		
0x0200	0x6A00      	CLRF        R0, 0
;__Lib_Math.c,291 :: 		
0x0202	0x2A00      	INCF        R0, 1, 0
;__Lib_Math.c,292 :: 		
0x0204	0x0C00      	RETLW       0
;__Lib_Math.c,294 :: 		
0x0206	0x1E01      	COMF        R1, 1, 0
;__Lib_Math.c,295 :: 		
0x0208	0x1E00      	COMF        R0, 1, 0
;__Lib_Math.c,296 :: 		
0x020A	0x2A0B      	INCF        R11, 1, 0
;__Lib_Math.c,297 :: 		
0x020C	0xD7DD      	BRA         $-68
;__Lib_Math.c,299 :: 		
0x020E	0x2A08      	INCF        R8, 1, 0
;__Lib_Math.c,300 :: 		
0x0210	0xB4D8      	BTFSC       STATUS, 2, 0
;__Lib_Math.c,301 :: 		
0x0212	0x2A09      	INCF        R9, 1, 0
;__Lib_Math.c,302 :: 		
0x0214	0x5004      	MOVF        R4, 0, 0
;__Lib_Math.c,303 :: 		
0x0216	0x5C08      	SUBWF       R8, 0, 0
;__Lib_Math.c,304 :: 		
0x0218	0xA4D8      	BTFSS       STATUS, 2, 0
;__Lib_Math.c,305 :: 		
0x021A	0xD7D9      	BRA         $-76
;__Lib_Math.c,306 :: 		
0x021C	0x5005      	MOVF        R5, 0, 0
;__Lib_Math.c,307 :: 		
0x021E	0x5C09      	SUBWF       R9, 0, 0
;__Lib_Math.c,308 :: 		
0x0220	0xA4D8      	BTFSS       STATUS, 2, 0
;__Lib_Math.c,309 :: 		
0x0222	0xD7D5      	BRA         $-84
;__Lib_Math.c,310 :: 		
0x0224	0x6A09      	CLRF        R9, 0
;__Lib_Math.c,311 :: 		
0x0226	0x6A08      	CLRF        R8, 0
;__Lib_Math.c,312 :: 		
0x0228	0x2A00      	INCF        R0, 1, 0
;__Lib_Math.c,313 :: 		
0x022A	0xB4D8      	BTFSC       STATUS, 2, 0
;__Lib_Math.c,314 :: 		
0x022C	0x2A01      	INCF        R1, 1, 0
;__Lib_Math.c,315 :: 		
0x022E	0xAE01      	BTFSS       R1, 7, 0
;__Lib_Math.c,316 :: 		
0x0230	0xD7CE      	BRA         $-98
;__Lib_Math.c,317 :: 		
0x0232	0x0000      	NOP
;__Lib_Math.c,318 :: 		
0x0234	0x0CFF      	RETLW       255
;__Lib_Math.c,320 :: 		
0x0236	0x0012      	RETURN      0
; end of _Div_16x16_S
_Lcd_Chr:
;__Lib_Lcd.c,65 :: 		
;__Lib_Lcd.c,66 :: 		
0x0238	0xD00F      	BRA         L_Lcd_Chr4
;__Lib_Lcd.c,67 :: 		
L_Lcd_Chr6:
0x023A	0x0E80      	MOVLW       128
0x023C	0x6E2D      	MOVWF       FARG_Lcd_Chr_row 
0x023E	0xD019      	BRA         L_Lcd_Chr5
;__Lib_Lcd.c,68 :: 		
L_Lcd_Chr7:
0x0240	0x0EC0      	MOVLW       192
0x0242	0x6E2D      	MOVWF       FARG_Lcd_Chr_row 
0x0244	0xD016      	BRA         L_Lcd_Chr5
;__Lib_Lcd.c,69 :: 		
L_Lcd_Chr8:
0x0246	0x0E94      	MOVLW       148
0x0248	0x6E2D      	MOVWF       FARG_Lcd_Chr_row 
0x024A	0xD013      	BRA         L_Lcd_Chr5
;__Lib_Lcd.c,70 :: 		
L_Lcd_Chr9:
0x024C	0x0ED4      	MOVLW       212
0x024E	0x6E2D      	MOVWF       FARG_Lcd_Chr_row 
0x0250	0xD010      	BRA         L_Lcd_Chr5
;__Lib_Lcd.c,71 :: 		
L_Lcd_Chr10:
0x0252	0x0E80      	MOVLW       128
0x0254	0x6E2D      	MOVWF       FARG_Lcd_Chr_row 
;__Lib_Lcd.c,72 :: 		
0x0256	0xD00D      	BRA         L_Lcd_Chr5
L_Lcd_Chr4:
0x0258	0x502D      	MOVF        FARG_Lcd_Chr_row, 0 
0x025A	0x0A01      	XORLW       1
0x025C	0xE0EE      	BZ          L_Lcd_Chr6
0x025E	0x502D      	MOVF        FARG_Lcd_Chr_row, 0 
0x0260	0x0A02      	XORLW       2
0x0262	0xE0EE      	BZ          L_Lcd_Chr7
0x0264	0x502D      	MOVF        FARG_Lcd_Chr_row, 0 
0x0266	0x0A03      	XORLW       3
0x0268	0xE0EE      	BZ          L_Lcd_Chr8
0x026A	0x502D      	MOVF        FARG_Lcd_Chr_row, 0 
0x026C	0x0A04      	XORLW       4
0x026E	0xE0EE      	BZ          L_Lcd_Chr9
0x0270	0xD7F0      	BRA         L_Lcd_Chr10
L_Lcd_Chr5:
;__Lib_Lcd.c,74 :: 		
0x0272	0x042E      	DECF        FARG_Lcd_Chr_column, 0 
0x0274	0x6E00      	MOVWF       R0 
0x0276	0x502D      	MOVF        FARG_Lcd_Chr_row, 0 
0x0278	0x2600      	ADDWF       R0, 1 
0x027A	0xF02DC000  	MOVFF       R0, FARG_Lcd_Chr_row
;__Lib_Lcd.c,76 :: 		
0x027E	0x8027      	BSF         __Lib_Lcd_cmd_status, BitPos(__Lib_Lcd_cmd_status+0) 
;__Lib_Lcd.c,77 :: 		
0x0280	0xF030C000  	MOVFF       R0, FARG_Lcd_Cmd_out_char
0x0284	0xDEEC      	RCALL       _Lcd_Cmd
;__Lib_Lcd.c,79 :: 		
0x0286	0x9027      	BCF         __Lib_Lcd_cmd_status, BitPos(__Lib_Lcd_cmd_status+0) 
;__Lib_Lcd.c,80 :: 		
0x0288	0xF030C02F  	MOVFF       FARG_Lcd_Chr_out_char, FARG_Lcd_Cmd_out_char
0x028C	0xDEE8      	RCALL       _Lcd_Cmd
;__Lib_Lcd.c,81 :: 		
0x028E	0x8027      	BSF         __Lib_Lcd_cmd_status, BitPos(__Lib_Lcd_cmd_status+0) 
;__Lib_Lcd.c,82 :: 		
0x0290	0x0012      	RETURN      0
; end of _Lcd_Chr
_I2C1_Wr:
;__Lib_I2C_b10.c,82 :: 		
;__Lib_I2C_b10.c,84 :: 		
0x0292	0x969E      	BCF         PIR1, 3 
;__Lib_I2C_b10.c,85 :: 		
0x0294	0xFFC9C02D  	MOVFF       FARG_I2C1_Wr_data_, SSPBUF
;__Lib_I2C_b10.c,87 :: 		
L_I2C1_Wr18:
0x0298	0xA4C7      	BTFSS       SSPSTAT, 2 
0x029A	0xD001      	BRA         L_I2C1_Wr19
;__Lib_I2C_b10.c,88 :: 		
0x029C	0xD7FD      	BRA         L_I2C1_Wr18
L_I2C1_Wr19:
;__Lib_I2C_b10.c,90 :: 		
L_I2C1_Wr20:
0x029E	0xB69E      	BTFSC       PIR1, 3 
0x02A0	0xD001      	BRA         L_I2C1_Wr21
;__Lib_I2C_b10.c,91 :: 		
0x02A2	0xD7FD      	BRA         L_I2C1_Wr20
L_I2C1_Wr21:
;__Lib_I2C_b10.c,93 :: 		
0x02A4	0xBCC5      	BTFSC       SSPCON2, 6 
0x02A6	0xD002      	BRA         L_I2C1_Wr22
;__Lib_I2C_b10.c,94 :: 		
0x02A8	0x6A00      	CLRF        R0 
0x02AA	0x0012      	RETURN      0
;__Lib_I2C_b10.c,95 :: 		
L_I2C1_Wr22:
;__Lib_I2C_b10.c,97 :: 		
0x02AC	0x84C5      	BSF         SSPCON2, 2 
;__Lib_I2C_b10.c,98 :: 		
0x02AE	0x0E02      	MOVLW       2
0x02B0	0x6E00      	MOVWF       R0 
;__Lib_I2C_b10.c,100 :: 		
0x02B2	0x0012      	RETURN      0
; end of _I2C1_Wr
_I2C1_Stop:
;__Lib_I2C_b10.c,103 :: 		
;__Lib_I2C_b10.c,104 :: 		
0x02B4	0x84C5      	BSF         SSPCON2, 2 
;__Lib_I2C_b10.c,105 :: 		
0x02B6	0x0012      	RETURN      0
; end of _I2C1_Stop
_I2C1_Start:
;__Lib_I2C_b10.c,34 :: 		
;__Lib_I2C_b10.c,37 :: 		
0x02B8	0x6A2D      	CLRF        I2C1_Start_j_L0 
0x02BA	0x6A2E      	CLRF        I2C1_Start_j_L0+1 
L_I2C1_Start2:
0x02BC	0x502E      	MOVF        I2C1_Start_j_L0+1, 0 
0x02BE	0x0812      	SUBLW       18
0x02C0	0xE102      	BNZ         L__I2C1_Start24
0x02C2	0x502D      	MOVF        I2C1_Start_j_L0, 0 
0x02C4	0x088E      	SUBLW       142
L__I2C1_Start24:
0x02C6	0xE307      	BNC         L_I2C1_Start3
;__Lib_I2C_b10.c,38 :: 		
0x02C8	0xDEBD      	RCALL       _I2C1_Is_Idle
0x02CA	0x5200      	MOVF        R0, 1 
0x02CC	0xE001      	BZ          L_I2C1_Start5
;__Lib_I2C_b10.c,39 :: 		
0x02CE	0xD003      	BRA         L_I2C1_Start3
L_I2C1_Start5:
;__Lib_I2C_b10.c,37 :: 		
0x02D0	0x4A2D      	INFSNZ      I2C1_Start_j_L0, 1 
0x02D2	0x2A2E      	INCF        I2C1_Start_j_L0+1, 1 
;__Lib_I2C_b10.c,40 :: 		
0x02D4	0xD7F3      	BRA         L_I2C1_Start2
L_I2C1_Start3:
;__Lib_I2C_b10.c,42 :: 		
0x02D6	0x0E12      	MOVLW       18
0x02D8	0x5C2E      	SUBWF       I2C1_Start_j_L0+1, 0 
0x02DA	0xE102      	BNZ         L__I2C1_Start25
0x02DC	0x0E8F      	MOVLW       143
0x02DE	0x5C2D      	SUBWF       I2C1_Start_j_L0, 0 
L__I2C1_Start25:
0x02E0	0xE303      	BNC         L_I2C1_Start6
;__Lib_I2C_b10.c,43 :: 		
0x02E2	0x0E7B      	MOVLW       123
0x02E4	0x6E00      	MOVWF       R0 
0x02E6	0x0012      	RETURN      0
L_I2C1_Start6:
;__Lib_I2C_b10.c,45 :: 		
0x02E8	0x80C5      	BSF         SSPCON2, 0 
;__Lib_I2C_b10.c,46 :: 		
L_I2C1_Start8:
0x02EA	0xA0C5      	BTFSS       SSPCON2, 0 
0x02EC	0xD001      	BRA         L_I2C1_Start9
;__Lib_I2C_b10.c,47 :: 		
0x02EE	0xD7FD      	BRA         L_I2C1_Start8
L_I2C1_Start9:
;__Lib_I2C_b10.c,48 :: 		
0x02F0	0x6A00      	CLRF        R0 
;__Lib_I2C_b10.c,50 :: 		
0x02F2	0x0012      	RETURN      0
; end of _I2C1_Start
___CC2DW:
;__Lib_System.c,21 :: 		
;__Lib_System.c,23 :: 		
_CC2DL_Loop1:
;__Lib_System.c,24 :: 		
0x02F4	0x0009      	TBLRD*+
;__Lib_System.c,25 :: 		
0x02F6	0xFFE6CFF5  	MOVFF       TABLAT, POSTINC1
;__Lib_System.c,26 :: 		
0x02FA	0x0600      	DECF        R0, 1, 0
;__Lib_System.c,27 :: 		
0x02FC	0xE1FB      	BNZ         _CC2DL_Loop1
;__Lib_System.c,28 :: 		
0x02FE	0x0601      	DECF        R1, 1, 0
;__Lib_System.c,29 :: 		
0x0300	0xE1F9      	BNZ         _CC2DL_Loop1
;__Lib_System.c,31 :: 		
0x0302	0x0012      	RETURN      0
; end of ___CC2DW
_Lcd_Out:
;__Lib_Lcd.c,184 :: 		
;__Lib_Lcd.c,187 :: 		
0x0304	0xD00F      	BRA         L_Lcd_Out11
;__Lib_Lcd.c,188 :: 		
L_Lcd_Out13:
0x0306	0x0E80      	MOVLW       128
0x0308	0x6E28      	MOVWF       FARG_Lcd_Out_row 
0x030A	0xD019      	BRA         L_Lcd_Out12
;__Lib_Lcd.c,189 :: 		
L_Lcd_Out14:
0x030C	0x0EC0      	MOVLW       192
0x030E	0x6E28      	MOVWF       FARG_Lcd_Out_row 
0x0310	0xD016      	BRA         L_Lcd_Out12
;__Lib_Lcd.c,190 :: 		
L_Lcd_Out15:
0x0312	0x0E94      	MOVLW       148
0x0314	0x6E28      	MOVWF       FARG_Lcd_Out_row 
0x0316	0xD013      	BRA         L_Lcd_Out12
;__Lib_Lcd.c,191 :: 		
L_Lcd_Out16:
0x0318	0x0ED4      	MOVLW       212
0x031A	0x6E28      	MOVWF       FARG_Lcd_Out_row 
0x031C	0xD010      	BRA         L_Lcd_Out12
;__Lib_Lcd.c,192 :: 		
L_Lcd_Out17:
0x031E	0x0E80      	MOVLW       128
0x0320	0x6E28      	MOVWF       FARG_Lcd_Out_row 
;__Lib_Lcd.c,193 :: 		
0x0322	0xD00D      	BRA         L_Lcd_Out12
L_Lcd_Out11:
0x0324	0x5028      	MOVF        FARG_Lcd_Out_row, 0 
0x0326	0x0A01      	XORLW       1
0x0328	0xE0EE      	BZ          L_Lcd_Out13
0x032A	0x5028      	MOVF        FARG_Lcd_Out_row, 0 
0x032C	0x0A02      	XORLW       2
0x032E	0xE0EE      	BZ          L_Lcd_Out14
0x0330	0x5028      	MOVF        FARG_Lcd_Out_row, 0 
0x0332	0x0A03      	XORLW       3
0x0334	0xE0EE      	BZ          L_Lcd_Out15
0x0336	0x5028      	MOVF        FARG_Lcd_Out_row, 0 
0x0338	0x0A04      	XORLW       4
0x033A	0xE0EE      	BZ          L_Lcd_Out16
0x033C	0xD7F0      	BRA         L_Lcd_Out17
L_Lcd_Out12:
;__Lib_Lcd.c,194 :: 		
0x033E	0x0429      	DECF        FARG_Lcd_Out_column, 0 
0x0340	0x6E00      	MOVWF       R0 
0x0342	0x5028      	MOVF        FARG_Lcd_Out_row, 0 
0x0344	0x2600      	ADDWF       R0, 1 
0x0346	0xF028C000  	MOVFF       R0, FARG_Lcd_Out_row
;__Lib_Lcd.c,196 :: 		
0x034A	0xF030C000  	MOVFF       R0, FARG_Lcd_Cmd_out_char
0x034E	0xDE87      	RCALL       _Lcd_Cmd
;__Lib_Lcd.c,197 :: 		
0x0350	0x9027      	BCF         __Lib_Lcd_cmd_status, BitPos(__Lib_Lcd_cmd_status+0) 
;__Lib_Lcd.c,198 :: 		
0x0352	0x6A2C      	CLRF        Lcd_Out_i_L0 
;__Lib_Lcd.c,199 :: 		
L_Lcd_Out18:
0x0354	0x502C      	MOVF        Lcd_Out_i_L0, 0 
0x0356	0x242A      	ADDWF       FARG_Lcd_Out_text, 0 
0x0358	0x6EE9      	MOVWF       FSR0L 
0x035A	0x0E00      	MOVLW       0
0x035C	0x202B      	ADDWFC      FARG_Lcd_Out_text+1, 0 
0x035E	0x6EEA      	MOVWF       FSR0H 
0x0360	0x52EE      	MOVF        POSTINC0, 1 
0x0362	0xE00B      	BZ          L_Lcd_Out19
;__Lib_Lcd.c,200 :: 		
0x0364	0x502C      	MOVF        Lcd_Out_i_L0, 0 
0x0366	0x242A      	ADDWF       FARG_Lcd_Out_text, 0 
0x0368	0x6EE9      	MOVWF       FSR0L 
0x036A	0x0E00      	MOVLW       0
0x036C	0x202B      	ADDWFC      FARG_Lcd_Out_text+1, 0 
0x036E	0x6EEA      	MOVWF       FSR0H 
0x0370	0xF02DCFEE  	MOVFF       POSTINC0, FARG_Lcd_Chr_CP_out_char
0x0374	0xDEE3      	RCALL       _Lcd_Chr_CP
0x0376	0x2A2C      	INCF        Lcd_Out_i_L0, 1 
0x0378	0xD7ED      	BRA         L_Lcd_Out18
L_Lcd_Out19:
;__Lib_Lcd.c,201 :: 		
0x037A	0x8027      	BSF         __Lib_Lcd_cmd_status, BitPos(__Lib_Lcd_cmd_status+0) 
;__Lib_Lcd.c,202 :: 		
0x037C	0x0012      	RETURN      0
; end of _Lcd_Out
_Lcd_Init:
;__Lib_Lcd.c,84 :: 		
;__Lib_Lcd.c,86 :: 		
0x037E	0x9693      	BCF         LCD_EN_Direction, BitPos(LCD_EN_Direction+0) 
;__Lib_Lcd.c,87 :: 		
0x0380	0x9493      	BCF         LCD_RS_Direction, BitPos(LCD_RS_Direction+0) 
;__Lib_Lcd.c,88 :: 		
0x0382	0x9893      	BCF         LCD_D4_Direction, BitPos(LCD_D4_Direction+0) 
;__Lib_Lcd.c,89 :: 		
0x0384	0x9A93      	BCF         LCD_D5_Direction, BitPos(LCD_D5_Direction+0) 
;__Lib_Lcd.c,90 :: 		
0x0386	0x9C93      	BCF         LCD_D6_Direction, BitPos(LCD_D6_Direction+0) 
;__Lib_Lcd.c,91 :: 		
0x0388	0x9E93      	BCF         LCD_D7_Direction, BitPos(LCD_D7_Direction+0) 
;__Lib_Lcd.c,93 :: 		
0x038A	0x9681      	BCF         LCD_EN, BitPos(LCD_EN+0) 
;__Lib_Lcd.c,94 :: 		
0x038C	0x9481      	BCF         LCD_RS, BitPos(LCD_RS+0) 
;__Lib_Lcd.c,95 :: 		
0x038E	0x9E81      	BCF         LCD_D7, BitPos(LCD_D7+0) 
;__Lib_Lcd.c,96 :: 		
0x0390	0x9C81      	BCF         LCD_D6, BitPos(LCD_D6+0) 
;__Lib_Lcd.c,97 :: 		
0x0392	0x9A81      	BCF         LCD_D5, BitPos(LCD_D5+0) 
;__Lib_Lcd.c,98 :: 		
0x0394	0x9881      	BCF         LCD_D4, BitPos(LCD_D4+0) 
;__Lib_Lcd.c,100 :: 		
0x0396	0xDE42      	RCALL       _Delay_5500us
;__Lib_Lcd.c,101 :: 		
0x0398	0xDE41      	RCALL       _Delay_5500us
;__Lib_Lcd.c,102 :: 		
0x039A	0xDE40      	RCALL       _Delay_5500us
;__Lib_Lcd.c,105 :: 		
0x039C	0x8A81      	BSF         LCD_D5, BitPos(LCD_D5+0) 
;__Lib_Lcd.c,106 :: 		
0x039E	0x8881      	BSF         LCD_D4, BitPos(LCD_D4+0) 
;__Lib_Lcd.c,107 :: 		
0x03A0	0x8681      	BSF         LCD_EN, BitPos(LCD_EN+0) 
;__Lib_Lcd.c,108 :: 		
0x03A2	0xDE4B      	RCALL       _Delay_1us
;__Lib_Lcd.c,109 :: 		
0x03A4	0x9681      	BCF         LCD_EN, BitPos(LCD_EN+0) 
;__Lib_Lcd.c,110 :: 		
0x03A6	0xDE3A      	RCALL       _Delay_5500us
;__Lib_Lcd.c,112 :: 		
0x03A8	0x8681      	BSF         LCD_EN, BitPos(LCD_EN+0) 
;__Lib_Lcd.c,113 :: 		
0x03AA	0xDE47      	RCALL       _Delay_1us
;__Lib_Lcd.c,114 :: 		
0x03AC	0x9681      	BCF         LCD_EN, BitPos(LCD_EN+0) 
;__Lib_Lcd.c,115 :: 		
0x03AE	0xDE36      	RCALL       _Delay_5500us
;__Lib_Lcd.c,117 :: 		
0x03B0	0x8681      	BSF         LCD_EN, BitPos(LCD_EN+0) 
;__Lib_Lcd.c,118 :: 		
0x03B2	0xDE43      	RCALL       _Delay_1us
;__Lib_Lcd.c,119 :: 		
0x03B4	0x9681      	BCF         LCD_EN, BitPos(LCD_EN+0) 
;__Lib_Lcd.c,120 :: 		
0x03B6	0xDE32      	RCALL       _Delay_5500us
;__Lib_Lcd.c,123 :: 		
0x03B8	0x9881      	BCF         LCD_D4, BitPos(LCD_D4+0) 
;__Lib_Lcd.c,124 :: 		
0x03BA	0x8681      	BSF         LCD_EN, BitPos(LCD_EN+0) 
;__Lib_Lcd.c,125 :: 		
0x03BC	0xDE3E      	RCALL       _Delay_1us
;__Lib_Lcd.c,126 :: 		
0x03BE	0x9681      	BCF         LCD_EN, BitPos(LCD_EN+0) 
;__Lib_Lcd.c,127 :: 		
0x03C0	0xDE2D      	RCALL       _Delay_5500us
;__Lib_Lcd.c,130 :: 		
0x03C2	0x8681      	BSF         LCD_EN, BitPos(LCD_EN+0) 
;__Lib_Lcd.c,131 :: 		
0x03C4	0xDE3A      	RCALL       _Delay_1us
;__Lib_Lcd.c,132 :: 		
0x03C6	0x9681      	BCF         LCD_EN, BitPos(LCD_EN+0) 
;__Lib_Lcd.c,134 :: 		
0x03C8	0x9A81      	BCF         LCD_D5, BitPos(LCD_D5+0) 
;__Lib_Lcd.c,135 :: 		
0x03CA	0x8E81      	BSF         LCD_D7, BitPos(LCD_D7+0) 
;__Lib_Lcd.c,136 :: 		
0x03CC	0x8681      	BSF         LCD_EN, BitPos(LCD_EN+0) 
;__Lib_Lcd.c,137 :: 		
0x03CE	0xDE35      	RCALL       _Delay_1us
;__Lib_Lcd.c,138 :: 		
0x03D0	0x9681      	BCF         LCD_EN, BitPos(LCD_EN+0) 
;__Lib_Lcd.c,139 :: 		
0x03D2	0xDE24      	RCALL       _Delay_5500us
;__Lib_Lcd.c,142 :: 		
0x03D4	0x9E81      	BCF         LCD_D7, BitPos(LCD_D7+0) 
;__Lib_Lcd.c,143 :: 		
0x03D6	0x8881      	BSF         LCD_D4, BitPos(LCD_D4+0) 
;__Lib_Lcd.c,144 :: 		
0x03D8	0x8681      	BSF         LCD_EN, BitPos(LCD_EN+0) 
;__Lib_Lcd.c,145 :: 		
0x03DA	0xDE2F      	RCALL       _Delay_1us
;__Lib_Lcd.c,146 :: 		
0x03DC	0x9681      	BCF         LCD_EN, BitPos(LCD_EN+0) 
;__Lib_Lcd.c,148 :: 		
0x03DE	0x9881      	BCF         LCD_D4, BitPos(LCD_D4+0) 
;__Lib_Lcd.c,149 :: 		
0x03E0	0x8681      	BSF         LCD_EN, BitPos(LCD_EN+0) 
;__Lib_Lcd.c,150 :: 		
0x03E2	0xDE2B      	RCALL       _Delay_1us
;__Lib_Lcd.c,151 :: 		
0x03E4	0x9681      	BCF         LCD_EN, BitPos(LCD_EN+0) 
;__Lib_Lcd.c,152 :: 		
0x03E6	0xDE1A      	RCALL       _Delay_5500us
;__Lib_Lcd.c,155 :: 		
0x03E8	0x8681      	BSF         LCD_EN, BitPos(LCD_EN+0) 
;__Lib_Lcd.c,156 :: 		
0x03EA	0xDE27      	RCALL       _Delay_1us
;__Lib_Lcd.c,157 :: 		
0x03EC	0x9681      	BCF         LCD_EN, BitPos(LCD_EN+0) 
;__Lib_Lcd.c,159 :: 		
0x03EE	0x8881      	BSF         LCD_D4, BitPos(LCD_D4+0) 
;__Lib_Lcd.c,160 :: 		
0x03F0	0x8681      	BSF         LCD_EN, BitPos(LCD_EN+0) 
;__Lib_Lcd.c,161 :: 		
0x03F2	0xDE23      	RCALL       _Delay_1us
;__Lib_Lcd.c,162 :: 		
0x03F4	0x9681      	BCF         LCD_EN, BitPos(LCD_EN+0) 
;__Lib_Lcd.c,163 :: 		
0x03F6	0xDE12      	RCALL       _Delay_5500us
;__Lib_Lcd.c,166 :: 		
0x03F8	0x9881      	BCF         LCD_D4, BitPos(LCD_D4+0) 
;__Lib_Lcd.c,167 :: 		
0x03FA	0x8681      	BSF         LCD_EN, BitPos(LCD_EN+0) 
;__Lib_Lcd.c,168 :: 		
0x03FC	0xDE1E      	RCALL       _Delay_1us
;__Lib_Lcd.c,169 :: 		
0x03FE	0x9681      	BCF         LCD_EN, BitPos(LCD_EN+0) 
;__Lib_Lcd.c,171 :: 		
0x0400	0x8E81      	BSF         LCD_D7, BitPos(LCD_D7+0) 
;__Lib_Lcd.c,172 :: 		
0x0402	0x8C81      	BSF         LCD_D6, BitPos(LCD_D6+0) 
;__Lib_Lcd.c,173 :: 		
0x0404	0x8A81      	BSF         LCD_D5, BitPos(LCD_D5+0) 
;__Lib_Lcd.c,174 :: 		
0x0406	0x8881      	BSF         LCD_D4, BitPos(LCD_D4+0) 
;__Lib_Lcd.c,175 :: 		
0x0408	0x8681      	BSF         LCD_EN, BitPos(LCD_EN+0) 
;__Lib_Lcd.c,176 :: 		
0x040A	0xDE17      	RCALL       _Delay_1us
;__Lib_Lcd.c,177 :: 		
0x040C	0x9681      	BCF         LCD_EN, BitPos(LCD_EN+0) 
;__Lib_Lcd.c,179 :: 		
0x040E	0xDE06      	RCALL       _Delay_5500us
;__Lib_Lcd.c,181 :: 		
0x0410	0x8027      	BSF         __Lib_Lcd_cmd_status, BitPos(__Lib_Lcd_cmd_status+0) 
;__Lib_Lcd.c,182 :: 		
0x0412	0x0012      	RETURN      0
; end of _Lcd_Init
_imprime_Display:
;EEPROMExterna16bits2.c,127 :: 		void imprime_Display(){
;EEPROMExterna16bits2.c,131 :: 		dezmil = memoriaNova/10000;
0x0414	0x0E10      	MOVLW       16
0x0416	0x6E04      	MOVWF       R4 
0x0418	0x0E27      	MOVLW       39
0x041A	0x6E05      	MOVWF       R5 
0x041C	0xF000C015  	MOVFF       _memoriaNova, R0
0x0420	0xF001C016  	MOVFF       _memoriaNova+1, R1
0x0424	0xDEA6      	RCALL       _Div_16x16_S
0x0426	0xF028C000  	MOVFF       R0, imprime_Display_dezmil_L0
;EEPROMExterna16bits2.c,132 :: 		mil = (memoriaNova%10000)/1000;
0x042A	0x0E10      	MOVLW       16
0x042C	0x6E04      	MOVWF       R4 
0x042E	0x0E27      	MOVLW       39
0x0430	0x6E05      	MOVWF       R5 
0x0432	0xF000C015  	MOVFF       _memoriaNova, R0
0x0436	0xF001C016  	MOVFF       _memoriaNova+1, R1
0x043A	0xDE9B      	RCALL       _Div_16x16_S
0x043C	0xF000C008  	MOVFF       R8, R0
0x0440	0xF001C009  	MOVFF       R9, R1
0x0444	0x0EE8      	MOVLW       232
0x0446	0x6E04      	MOVWF       R4 
0x0448	0x0E03      	MOVLW       3
0x044A	0x6E05      	MOVWF       R5 
0x044C	0xDE92      	RCALL       _Div_16x16_S
0x044E	0xF029C000  	MOVFF       R0, imprime_Display_mil_L0
;EEPROMExterna16bits2.c,133 :: 		cen = (memoriaNova%1000)/100;
0x0452	0x0EE8      	MOVLW       232
0x0454	0x6E04      	MOVWF       R4 
0x0456	0x0E03      	MOVLW       3
0x0458	0x6E05      	MOVWF       R5 
0x045A	0xF000C015  	MOVFF       _memoriaNova, R0
0x045E	0xF001C016  	MOVFF       _memoriaNova+1, R1
0x0462	0xDE87      	RCALL       _Div_16x16_S
0x0464	0xF000C008  	MOVFF       R8, R0
0x0468	0xF001C009  	MOVFF       R9, R1
0x046C	0x0E64      	MOVLW       100
0x046E	0x6E04      	MOVWF       R4 
0x0470	0x0E00      	MOVLW       0
0x0472	0x6E05      	MOVWF       R5 
0x0474	0xDE7E      	RCALL       _Div_16x16_S
0x0476	0xF02AC000  	MOVFF       R0, imprime_Display_cen_L0
;EEPROMExterna16bits2.c,134 :: 		dez = (memoriaNova%100)/10;
0x047A	0x0E64      	MOVLW       100
0x047C	0x6E04      	MOVWF       R4 
0x047E	0x0E00      	MOVLW       0
0x0480	0x6E05      	MOVWF       R5 
0x0482	0xF000C015  	MOVFF       _memoriaNova, R0
0x0486	0xF001C016  	MOVFF       _memoriaNova+1, R1
0x048A	0xDE73      	RCALL       _Div_16x16_S
0x048C	0xF000C008  	MOVFF       R8, R0
0x0490	0xF001C009  	MOVFF       R9, R1
0x0494	0x0E0A      	MOVLW       10
0x0496	0x6E04      	MOVWF       R4 
0x0498	0x0E00      	MOVLW       0
0x049A	0x6E05      	MOVWF       R5 
0x049C	0xDE6A      	RCALL       _Div_16x16_S
0x049E	0xF02BC000  	MOVFF       R0, imprime_Display_dez_L0
;EEPROMExterna16bits2.c,135 :: 		uni = memoriaNova%10;
0x04A2	0x0E0A      	MOVLW       10
0x04A4	0x6E04      	MOVWF       R4 
0x04A6	0x0E00      	MOVLW       0
0x04A8	0x6E05      	MOVWF       R5 
0x04AA	0xF000C015  	MOVFF       _memoriaNova, R0
0x04AE	0xF001C016  	MOVFF       _memoriaNova+1, R1
0x04B2	0xDE5F      	RCALL       _Div_16x16_S
0x04B4	0xF000C008  	MOVFF       R8, R0
0x04B8	0xF001C009  	MOVFF       R9, R1
0x04BC	0xF02CC000  	MOVFF       R0, imprime_Display_uni_L0
;EEPROMExterna16bits2.c,137 :: 		lcd_chr(2, 10, dezmil + 0x30);
0x04C0	0x0E02      	MOVLW       2
0x04C2	0x6E2D      	MOVWF       FARG_Lcd_Chr_row 
0x04C4	0x0E0A      	MOVLW       10
0x04C6	0x6E2E      	MOVWF       FARG_Lcd_Chr_column 
0x04C8	0x0E30      	MOVLW       48
0x04CA	0x2428      	ADDWF       imprime_Display_dezmil_L0, 0 
0x04CC	0x6E2F      	MOVWF       FARG_Lcd_Chr_out_char 
0x04CE	0xDEB4      	RCALL       _Lcd_Chr
;EEPROMExterna16bits2.c,138 :: 		lcd_chr_cp(mil + 0x30);
0x04D0	0x0E30      	MOVLW       48
0x04D2	0x2429      	ADDWF       imprime_Display_mil_L0, 0 
0x04D4	0x6E2D      	MOVWF       FARG_Lcd_Chr_CP_out_char 
0x04D6	0xDE32      	RCALL       _Lcd_Chr_CP
;EEPROMExterna16bits2.c,139 :: 		lcd_chr_cp(cen + 0x30);
0x04D8	0x0E30      	MOVLW       48
0x04DA	0x242A      	ADDWF       imprime_Display_cen_L0, 0 
0x04DC	0x6E2D      	MOVWF       FARG_Lcd_Chr_CP_out_char 
0x04DE	0xDE2E      	RCALL       _Lcd_Chr_CP
;EEPROMExterna16bits2.c,140 :: 		lcd_chr_cp(dez + 0x30);
0x04E0	0x0E30      	MOVLW       48
0x04E2	0x242B      	ADDWF       imprime_Display_dez_L0, 0 
0x04E4	0x6E2D      	MOVWF       FARG_Lcd_Chr_CP_out_char 
0x04E6	0xDE2A      	RCALL       _Lcd_Chr_CP
;EEPROMExterna16bits2.c,141 :: 		lcd_chr_cp(uni + 0x30);
0x04E8	0x0E30      	MOVLW       48
0x04EA	0x242C      	ADDWF       imprime_Display_uni_L0, 0 
0x04EC	0x6E2D      	MOVWF       FARG_Lcd_Chr_CP_out_char 
0x04EE	0xDE26      	RCALL       _Lcd_Chr_CP
;EEPROMExterna16bits2.c,143 :: 		} // end void imprime_Display
0x04F0	0x0012      	RETURN      0
; end of _imprime_Display
_EEPROM_Escreve16bits:
;EEPROMExterna16bits2.c,81 :: 		void EEPROM_Escreve16bits(){
;EEPROMExterna16bits2.c,83 :: 		memoriaH = memoriaNova >> 0x08;
0x04F2	0xF000C016  	MOVFF       _memoriaNova+1, R0
0x04F6	0x0E00      	MOVLW       0
0x04F8	0xBE16      	BTFSC       _memoriaNova+1, 7 
0x04FA	0x0EFF      	MOVLW       255
0x04FC	0x6E01      	MOVWF       R1 
0x04FE	0xF026C000  	MOVFF       R0, _memoriaH
;EEPROMExterna16bits2.c,84 :: 		memoriaL = memoriaNova % 256;
0x0502	0x0E00      	MOVLW       0
0x0504	0x6E04      	MOVWF       R4 
0x0506	0x0E01      	MOVLW       1
0x0508	0x6E05      	MOVWF       R5 
0x050A	0xF000C015  	MOVFF       _memoriaNova, R0
0x050E	0xF001C016  	MOVFF       _memoriaNova+1, R1
0x0512	0xDE2F      	RCALL       _Div_16x16_S
0x0514	0xF000C008  	MOVFF       R8, R0
0x0518	0xF001C009  	MOVFF       R9, R1
0x051C	0xF025C000  	MOVFF       R0, _memoriaL
;EEPROMExterna16bits2.c,86 :: 		I2C1_Start();              // Inicializa o I2C
0x0520	0xDECB      	RCALL       _I2C1_Start
;EEPROMExterna16bits2.c,87 :: 		I2C1_Wr(0xA0);             // Envia um byte para o I2C contendo o endereço e configurando escrita (endereço da memória + W)
0x0522	0x0EA0      	MOVLW       160
0x0524	0x6E2D      	MOVWF       FARG_I2C1_Wr_data_ 
0x0526	0xDEB5      	RCALL       _I2C1_Wr
;EEPROMExterna16bits2.c,88 :: 		I2C1_Wr(0x05);             // Envia a posição de memória a ser escrita
0x0528	0x0E05      	MOVLW       5
0x052A	0x6E2D      	MOVWF       FARG_I2C1_Wr_data_ 
0x052C	0xDEB2      	RCALL       _I2C1_Wr
;EEPROMExterna16bits2.c,89 :: 		I2C1_Wr(memoriaH);               // Envia o valor que se quer gravar
0x052E	0xF02DC026  	MOVFF       _memoriaH, FARG_I2C1_Wr_data_
0x0532	0xDEAF      	RCALL       _I2C1_Wr
;EEPROMExterna16bits2.c,90 :: 		I2C1_Stop();               // Para o I2C
0x0534	0xDEBF      	RCALL       _I2C1_Stop
;EEPROMExterna16bits2.c,91 :: 		delay_ms(100);
0x0536	0x0E03      	MOVLW       3
0x0538	0x6E0B      	MOVWF       R11, 0
0x053A	0x0E08      	MOVLW       8
0x053C	0x6E0C      	MOVWF       R12, 0
0x053E	0x0E77      	MOVLW       119
0x0540	0x6E0D      	MOVWF       R13, 0
L_EEPROM_Escreve16bits4:
0x0542	0x2E0D      	DECFSZ      R13, 1, 0
0x0544	0xD7FE      	BRA         L_EEPROM_Escreve16bits4
0x0546	0x2E0C      	DECFSZ      R12, 1, 0
0x0548	0xD7FC      	BRA         L_EEPROM_Escreve16bits4
0x054A	0x2E0B      	DECFSZ      R11, 1, 0
0x054C	0xD7FA      	BRA         L_EEPROM_Escreve16bits4
;EEPROMExterna16bits2.c,92 :: 		I2C1_Start();              // Inicializa o I2C
0x054E	0xDEB4      	RCALL       _I2C1_Start
;EEPROMExterna16bits2.c,93 :: 		I2C1_Wr(0xA0);             // Envia um byte para o I2C contendo o endereço e configurando escrita (endereço da memória + W)
0x0550	0x0EA0      	MOVLW       160
0x0552	0x6E2D      	MOVWF       FARG_I2C1_Wr_data_ 
0x0554	0xDE9E      	RCALL       _I2C1_Wr
;EEPROMExterna16bits2.c,94 :: 		I2C1_Wr(0x06);             // Envia a posição de memória a ser escrita
0x0556	0x0E06      	MOVLW       6
0x0558	0x6E2D      	MOVWF       FARG_I2C1_Wr_data_ 
0x055A	0xDE9B      	RCALL       _I2C1_Wr
;EEPROMExterna16bits2.c,95 :: 		I2C1_Wr(memoriaL);               // Envia o valor que se quer gravar
0x055C	0xF02DC025  	MOVFF       _memoriaL, FARG_I2C1_Wr_data_
0x0560	0xDE98      	RCALL       _I2C1_Wr
;EEPROMExterna16bits2.c,96 :: 		I2C1_Stop();               // Para o I2C
0x0562	0xDEA8      	RCALL       _I2C1_Stop
;EEPROMExterna16bits2.c,97 :: 		delay_ms(100);
0x0564	0x0E03      	MOVLW       3
0x0566	0x6E0B      	MOVWF       R11, 0
0x0568	0x0E08      	MOVLW       8
0x056A	0x6E0C      	MOVWF       R12, 0
0x056C	0x0E77      	MOVLW       119
0x056E	0x6E0D      	MOVWF       R13, 0
L_EEPROM_Escreve16bits5:
0x0570	0x2E0D      	DECFSZ      R13, 1, 0
0x0572	0xD7FE      	BRA         L_EEPROM_Escreve16bits5
0x0574	0x2E0C      	DECFSZ      R12, 1, 0
0x0576	0xD7FC      	BRA         L_EEPROM_Escreve16bits5
0x0578	0x2E0B      	DECFSZ      R11, 1, 0
0x057A	0xD7FA      	BRA         L_EEPROM_Escreve16bits5
;EEPROMExterna16bits2.c,99 :: 		} // end void EEPROM_Escreve16bits
0x057C	0x0012      	RETURN      0
; end of _EEPROM_Escreve16bits
_I2C1_Init:
;__Lib_I2C_b10.c,2 :: 		
;__Lib_I2C_b10.c,9 :: 		
0x057E	0x9093      	BCF         TRISB0_bit, 0 
;__Lib_I2C_b10.c,10 :: 		
0x0580	0x9293      	BCF         TRISB1_bit, 1 
;__Lib_I2C_b10.c,13 :: 		
0x0582	0x908A      	BCF         LATB0_bit, 0 
;__Lib_I2C_b10.c,14 :: 		
0x0584	0x928A      	BCF         LATB1_bit, 1 
;__Lib_I2C_b10.c,17 :: 		
0x0586	0x8093      	BSF         TRISB0_bit, 0 
;__Lib_I2C_b10.c,18 :: 		
0x0588	0x8293      	BSF         TRISB1_bit, 1 
;__Lib_I2C_b10.c,20 :: 		
0x058A	0x9EC7      	BCF         SSPSTAT, 7 
;__Lib_I2C_b10.c,21 :: 		
0x058C	0x9CC7      	BCF         SSPSTAT, 6 
;__Lib_I2C_b10.c,22 :: 		
0x058E	0x0E38      	MOVLW       56
0x0590	0x6EC6      	MOVWF       SSPCON1 
;__Lib_I2C_b10.c,25 :: 		
0x0592	0x0012      	RETURN      0
; end of _I2C1_Init
_EEPROM_Leitura16bits:
;EEPROMExterna16bits2.c,101 :: 		void EEPROM_Leitura16bits(){
;EEPROMExterna16bits2.c,103 :: 		I2C1_Start();              // Inicializa o I2C
0x0594	0xDE91      	RCALL       _I2C1_Start
;EEPROMExterna16bits2.c,104 :: 		I2C1_Wr(0xA0);             // Envia um byte para o I2C contendo o endereço e configurando escreita  (device address + W)
0x0596	0x0EA0      	MOVLW       160
0x0598	0x6E2D      	MOVWF       FARG_I2C1_Wr_data_ 
0x059A	0xDE7B      	RCALL       _I2C1_Wr
;EEPROMExterna16bits2.c,105 :: 		I2C1_Wr(0x05);             // Envia a posição de memória a ser escrita
0x059C	0x0E05      	MOVLW       5
0x059E	0x6E2D      	MOVWF       FARG_I2C1_Wr_data_ 
0x05A0	0xDE78      	RCALL       _I2C1_Wr
;EEPROMExterna16bits2.c,106 :: 		I2C1_Repeated_Start();     // Reinicia o I2C
0x05A2	0xDDC7      	RCALL       _I2C1_Repeated_Start
;EEPROMExterna16bits2.c,107 :: 		I2C1_Wr(0xA1);             // Envia um byte para o I2C contendo o endereço e configurando leitura
0x05A4	0x0EA1      	MOVLW       161
0x05A6	0x6E2D      	MOVWF       FARG_I2C1_Wr_data_ 
0x05A8	0xDE74      	RCALL       _I2C1_Wr
;EEPROMExterna16bits2.c,108 :: 		memoriaH = I2C1_Rd(0u); // Le o dado e armazena na variável memoria
0x05AA	0x6A2D      	CLRF        FARG_I2C1_Rd_ack 
0x05AC	0xDDCD      	RCALL       _I2C1_Rd
0x05AE	0xF026C000  	MOVFF       R0, _memoriaH
;EEPROMExterna16bits2.c,109 :: 		I2C1_Stop();               // Para o I2C
0x05B2	0xDE80      	RCALL       _I2C1_Stop
;EEPROMExterna16bits2.c,110 :: 		delay_ms(100);
0x05B4	0x0E03      	MOVLW       3
0x05B6	0x6E0B      	MOVWF       R11, 0
0x05B8	0x0E08      	MOVLW       8
0x05BA	0x6E0C      	MOVWF       R12, 0
0x05BC	0x0E77      	MOVLW       119
0x05BE	0x6E0D      	MOVWF       R13, 0
L_EEPROM_Leitura16bits6:
0x05C0	0x2E0D      	DECFSZ      R13, 1, 0
0x05C2	0xD7FE      	BRA         L_EEPROM_Leitura16bits6
0x05C4	0x2E0C      	DECFSZ      R12, 1, 0
0x05C6	0xD7FC      	BRA         L_EEPROM_Leitura16bits6
0x05C8	0x2E0B      	DECFSZ      R11, 1, 0
0x05CA	0xD7FA      	BRA         L_EEPROM_Leitura16bits6
;EEPROMExterna16bits2.c,111 :: 		I2C1_Start();              // Inicializa o I2C
0x05CC	0xDE75      	RCALL       _I2C1_Start
;EEPROMExterna16bits2.c,112 :: 		I2C1_Wr(0xA0);             // Envia um byte para o I2C contendo o endereço e configurando escreita  (device address + W)
0x05CE	0x0EA0      	MOVLW       160
0x05D0	0x6E2D      	MOVWF       FARG_I2C1_Wr_data_ 
0x05D2	0xDE5F      	RCALL       _I2C1_Wr
;EEPROMExterna16bits2.c,113 :: 		I2C1_Wr(0x06);             // Envia a posição de memória a ser escrita
0x05D4	0x0E06      	MOVLW       6
0x05D6	0x6E2D      	MOVWF       FARG_I2C1_Wr_data_ 
0x05D8	0xDE5C      	RCALL       _I2C1_Wr
;EEPROMExterna16bits2.c,114 :: 		I2C1_Repeated_Start();     // Reinicia o I2C
0x05DA	0xDDAB      	RCALL       _I2C1_Repeated_Start
;EEPROMExterna16bits2.c,115 :: 		I2C1_Wr(0xA1);             // Envia um byte para o I2C contendo o endereço e configurando leitura
0x05DC	0x0EA1      	MOVLW       161
0x05DE	0x6E2D      	MOVWF       FARG_I2C1_Wr_data_ 
0x05E0	0xDE58      	RCALL       _I2C1_Wr
;EEPROMExterna16bits2.c,116 :: 		memoriaL = I2C1_Rd(0u);// Le o dado e armazena na variável memoria
0x05E2	0x6A2D      	CLRF        FARG_I2C1_Rd_ack 
0x05E4	0xDDB1      	RCALL       _I2C1_Rd
0x05E6	0xF025C000  	MOVFF       R0, _memoriaL
;EEPROMExterna16bits2.c,117 :: 		I2C1_Stop();
0x05EA	0xDE64      	RCALL       _I2C1_Stop
;EEPROMExterna16bits2.c,118 :: 		delay_ms(100);
0x05EC	0x0E03      	MOVLW       3
0x05EE	0x6E0B      	MOVWF       R11, 0
0x05F0	0x0E08      	MOVLW       8
0x05F2	0x6E0C      	MOVWF       R12, 0
0x05F4	0x0E77      	MOVLW       119
0x05F6	0x6E0D      	MOVWF       R13, 0
L_EEPROM_Leitura16bits7:
0x05F8	0x2E0D      	DECFSZ      R13, 1, 0
0x05FA	0xD7FE      	BRA         L_EEPROM_Leitura16bits7
0x05FC	0x2E0C      	DECFSZ      R12, 1, 0
0x05FE	0xD7FC      	BRA         L_EEPROM_Leitura16bits7
0x0600	0x2E0B      	DECFSZ      R11, 1, 0
0x0602	0xD7FA      	BRA         L_EEPROM_Leitura16bits7
;EEPROMExterna16bits2.c,120 :: 		memoriaNova = (memoriaH<<8) + memoriaL;
0x0604	0xF016C026  	MOVFF       _memoriaH, _memoriaNova+1
0x0608	0x6A15      	CLRF        _memoriaNova 
0x060A	0x5025      	MOVF        _memoriaL, 0 
0x060C	0x2615      	ADDWF       _memoriaNova, 1 
0x060E	0x0E00      	MOVLW       0
0x0610	0x2216      	ADDWFC      _memoriaNova+1, 1 
;EEPROMExterna16bits2.c,122 :: 		delay_ms(200);
0x0612	0x0E05      	MOVLW       5
0x0614	0x6E0B      	MOVWF       R11, 0
0x0616	0x0E0F      	MOVLW       15
0x0618	0x6E0C      	MOVWF       R12, 0
0x061A	0x0EF1      	MOVLW       241
0x061C	0x6E0D      	MOVWF       R13, 0
L_EEPROM_Leitura16bits8:
0x061E	0x2E0D      	DECFSZ      R13, 1, 0
0x0620	0xD7FE      	BRA         L_EEPROM_Leitura16bits8
0x0622	0x2E0C      	DECFSZ      R12, 1, 0
0x0624	0xD7FC      	BRA         L_EEPROM_Leitura16bits8
0x0626	0x2E0B      	DECFSZ      R11, 1, 0
0x0628	0xD7FA      	BRA         L_EEPROM_Leitura16bits8
;EEPROMExterna16bits2.c,124 :: 		} // end void EEPROM_Leitura16bits
0x062A	0x0012      	RETURN      0
; end of _EEPROM_Leitura16bits
_main:
0x062C	0xF003EC46  	CALL        1676, 0
;EEPROMExterna16bits2.c,44 :: 		void main() {
;EEPROMExterna16bits2.c,46 :: 		ADCON1 = 0x0F; // Configura todos os pinos que poderiam ser analógicos como digitais
0x0630	0x0E0F      	MOVLW       15
0x0632	0x6EC1      	MOVWF       ADCON1 
;EEPROMExterna16bits2.c,48 :: 		lcd_init();
0x0634	0xDEA4      	RCALL       _Lcd_Init
;EEPROMExterna16bits2.c,49 :: 		lcd_cmd(_LCD_CURSOR_OFF);
0x0636	0x0E0C      	MOVLW       12
0x0638	0x6E30      	MOVWF       FARG_Lcd_Cmd_out_char 
0x063A	0xDD11      	RCALL       _Lcd_Cmd
;EEPROMExterna16bits2.c,50 :: 		lcd_cmd(_LCD_CLEAR);
0x063C	0x0E01      	MOVLW       1
0x063E	0x6E30      	MOVWF       FARG_Lcd_Cmd_out_char 
0x0640	0xDD0E      	RCALL       _Lcd_Cmd
;EEPROMExterna16bits2.c,51 :: 		lcd_out(1, 2, "Valor 16 bits");
0x0642	0x0E01      	MOVLW       1
0x0644	0x6E28      	MOVWF       FARG_Lcd_Out_row 
0x0646	0x0E02      	MOVLW       2
0x0648	0x6E29      	MOVWF       FARG_Lcd_Out_column 
0x064A	0x0E17      	MOVLW       ?lstr1_EEPROMExterna16bits2
0x064C	0x6E2A      	MOVWF       FARG_Lcd_Out_text 
0x064E	0x0E00      	MOVLW       hi_addr(?lstr1_EEPROMExterna16bits2)
0x0650	0x6E2B      	MOVWF       FARG_Lcd_Out_text+1 
0x0652	0xDE58      	RCALL       _Lcd_Out
;EEPROMExterna16bits2.c,53 :: 		I2C1_Init(400000);         // Inicializa a comunicação I2C
0x0654	0x0E0A      	MOVLW       10
0x0656	0x6EC8      	MOVWF       SSPADD 
0x0658	0xDF92      	RCALL       _I2C1_Init
;EEPROMExterna16bits2.c,55 :: 		EEPROM_Leitura16bits();
0x065A	0xDF9C      	RCALL       _EEPROM_Leitura16bits
;EEPROMExterna16bits2.c,58 :: 		while(1){
L_main0:
;EEPROMExterna16bits2.c,60 :: 		imprime_Display();
0x065C	0xDEDB      	RCALL       _imprime_Display
;EEPROMExterna16bits2.c,62 :: 		if(!incremento){
0x065E	0xB082      	BTFSC       RC0_bit, 0 
0x0660	0xD003      	BRA         L_main2
;EEPROMExterna16bits2.c,64 :: 		memoriaNova += 0x01;
0x0662	0x4A15      	INFSNZ      _memoriaNova, 1 
0x0664	0x2A16      	INCF        _memoriaNova+1, 1 
;EEPROMExterna16bits2.c,65 :: 		EEPROM_Escreve16bits();
0x0666	0xDF45      	RCALL       _EEPROM_Escreve16bits
;EEPROMExterna16bits2.c,67 :: 		} // end if !incremento
L_main2:
;EEPROMExterna16bits2.c,69 :: 		if(!decremento){
0x0668	0xB282      	BTFSC       RC1_bit, 1 
0x066A	0xD005      	BRA         L_main3
;EEPROMExterna16bits2.c,71 :: 		memoriaNova -= 0x01;
0x066C	0x0E01      	MOVLW       1
0x066E	0x5E15      	SUBWF       _memoriaNova, 1 
0x0670	0x0E00      	MOVLW       0
0x0672	0x5A16      	SUBWFB      _memoriaNova+1, 1 
;EEPROMExterna16bits2.c,72 :: 		EEPROM_Escreve16bits();
0x0674	0xDF3E      	RCALL       _EEPROM_Escreve16bits
;EEPROMExterna16bits2.c,74 :: 		} // end if !decremento
L_main3:
;EEPROMExterna16bits2.c,76 :: 		} // end Loop infinito
0x0676	0xD7F2      	BRA         L_main0
;EEPROMExterna16bits2.c,78 :: 		} // end void main
0x0678	0xD7FF      	BRA         $+0
; end of _main
0x068C	0xF015EE10  	LFSR        1, 21
0x0690	0x0E12      	MOVLW       18
0x0692	0x6E00      	MOVWF       R0 
0x0694	0x0E01      	MOVLW       1
0x0696	0x6E01      	MOVWF       R1 
0x0698	0x0E7A      	MOVLW       122
0x069A	0x6EF6      	MOVWF       4086 
0x069C	0x0E06      	MOVLW       6
0x069E	0x6EF7      	MOVWF       TBLPTRH 
0x06A0	0x0E00      	MOVLW       0
0x06A2	0x6EF8      	MOVWF       TBLPTRU 
0x06A4	0xF001EC7A  	CALL        756, 0
0x06A8	0x0012      	RETURN      0
;EEPROMExterna16bits2.c,0 :: ?ICS_memoriaNova
0x067A	0x0000 ;?ICS_memoriaNova+0
; end of ?ICS_memoriaNova
;EEPROMExterna16bits2.c,0 :: ?ICS?lstr1_EEPROMExterna16bits2
0x067C	0x6156 ;?ICS?lstr1_EEPROMExterna16bits2+0
0x067E	0x6F6C ;?ICS?lstr1_EEPROMExterna16bits2+2
0x0680	0x2072 ;?ICS?lstr1_EEPROMExterna16bits2+4
0x0682	0x3631 ;?ICS?lstr1_EEPROMExterna16bits2+6
0x0684	0x6220 ;?ICS?lstr1_EEPROMExterna16bits2+8
0x0686	0x7469 ;?ICS?lstr1_EEPROMExterna16bits2+10
0x0688	0x0073 ;?ICS?lstr1_EEPROMExterna16bits2+12
; end of ?ICS?lstr1_EEPROMExterna16bits2
;EEPROMExterna16bits2.c,0 :: ?ICS_memoriaL
0x068A	0x00 ;?ICS_memoriaL+0
; end of ?ICS_memoriaL
;EEPROMExterna16bits2.c,0 :: ?ICS_memoriaH
0x068B	0x00 ;?ICS_memoriaH+0
; end of ?ICS_memoriaH
Symbol List:
//** Routines locations **
//ADDRESS    SIZE    PROCEDURE
//----------------------------------------------
0x001C      [18]    _Delay_5500us
0x002E      [12]    _Delay_50us
0x003A      [10]    _Delay_1us
0x0044      [26]    _I2C1_Is_Idle
0x005E     [124]    _Lcd_Cmd
0x00DA      [88]    _Div_16x16_S_L
0x0132      [10]    _I2C1_Repeated_Start
0x013C      [12]    _Lcd_Chr_CP
0x0148      [42]    _I2C1_Rd
0x0172     [198]    _Div_16x16_S
0x0238      [90]    _Lcd_Chr
0x0292      [34]    _I2C1_Wr
0x02B4       [4]    _I2C1_Stop
0x02B8      [60]    _I2C1_Start
0x02F4      [16]    ___CC2DW
0x0304     [122]    _Lcd_Out
0x037E     [150]    _Lcd_Init
0x0414     [222]    _imprime_Display
0x04F2     [140]    _EEPROM_Escreve16bits
0x057E      [22]    _I2C1_Init
0x0594     [152]    _EEPROM_Leitura16bits
0x062C      [78]    _main
//** Variables locations ** 
//ADDRESS    SIZE    VARIABLE
//----------------------------------------------
0x0000       [1]    FLASH_Erase_64_SaveINTCON_L0
0x0000       [1]    SPI1_Write_tmp_L0
0x0000       [1]    EEPROM_Write_SaveINTCON_L0
0x0000       [1]    UART1_Init_tmp_L0
0x0000       [1]    R0
0x0000       [1]    __Lib_SoftI2C_PutZerosToLATSda_temp_sda_L0
0x0000       [1]    __Lib_SoftI2C_PutZerosToLATScl_temp_scl_L0
0x0001       [1]    __Lib_PS2_Wait_Falling_nsample_L0
0x0001       [2]    FLASH_Read_N_Bytes_i_L0
0x0001       [1]    I2C1_Rd_tmp_L0
0x0001       [1]    R1
0x0001       [1]    FLASH_Write_32_i_L0
0x0001       [1]    FLASH_Erase_Write_64_i_L0
0x0001       [1]    UART1_Read___tmp_UART1_Read_L0
0x0001       [1]    ispunct_rslt_L0
0x0002       [2]    __Lib_USB_genHID_memset_usb_int_pp_L0
0x0002       [1]    FLASH_Write_32_SaveINTCON_L0
0x0002       [1]    FLASH_Erase_Write_64_j_L0
0x0002       [2]    strlen_cp_L0
0x0002       [2]    __Lib_USB_genHID_memset_usb_pp_L0
0x0002       [2]    memset_pp_L0
0x0002       [2]    memcpy_dd_L0
0x0002       [2]    memchr_s_L0
0x0002       [1]    R2
0x0003       [2]    __Lib_USB_genHID_USB_CtrlTrf_Tx_Service_byteToSend_L0
0x0003       [1]    R3
0x0003       [1]    FLASH_Erase_Write_64_SaveINTCON_L0
0x0003       [2]    Ltrim_original_L0
0x0003       [2]    memmove_tt_L0
0x0004       [2]    strcpy_cp_L0
0x0004       [2]    __Lib_USB_genHID_USB_Transfer_Packet_handle_L0
0x0004       [1]    R4
0x0004       [2]    __Lib_USB_genHID_USB_Std_Feature_Req_Handler_p_L0
0x0004       [2]    memcpy_ss_L0
0x0004       [2]    __Lib_USB_genHID_USB_Get_Status_Handler_p_L2
0x0004       [2]    strcat_cp_L0
0x0004       [2]    frexp_pom_L0
0x0004       [2]    strncpy_cp_L0
0x0004       [2]    strncat_cp_L0
0x0004       [2]    __Lib_USB_genHID_USB_Transfer_Packet_Int_handle_L0
0x0005       [2]    __Lib_USB_genHID_USB_Configure_Endpoint_handle_L0
0x0005       [2]    Ltrim_p_L0
0x0005       [2]    memmove_ff_L0
0x0005       [2]    LongWordToHex_input_half_L0
0x0005       [1]    R5
0x0005       [2]    LongIntToHex_input_half_L0
0x0006       [1]    R6
0x0007       [1]    R7
0x0008       [1]    R8
0x0009       [1]    R9
0x000A       [1]    R10
0x000B       [1]    R11
0x000C       [1]    R12
0x000D       [1]    R13
0x000E       [1]    R14
0x000F       [1]    R15
0x0010       [1]    R16
0x0011       [1]    R17
0x0012       [1]    R18
0x0013       [1]    R19
0x0014       [1]    R20
0x0015       [2]    _memoriaNova
0x0017      [14]    ?lstr1_EEPROMExterna16bits2
0x0025       [1]    _memoriaL
0x0026       [1]    _memoriaH
0x0027       [0]    __Lib_Lcd_cmd_status
0x0028       [1]    imprime_Display_dezmil_L0
0x0028       [1]    FARG_Lcd_Out_row
0x0028       [4]    FARG_I2C1_Init_clock
0x0029       [1]    FARG_Lcd_Out_column
0x0029       [1]    imprime_Display_mil_L0
0x002A       [1]    imprime_Display_cen_L0
0x002A       [2]    FARG_Lcd_Out_text
0x002B       [1]    imprime_Display_dez_L0
0x002C       [1]    imprime_Display_uni_L0
0x002C       [1]    Lcd_Out_i_L0
0x002D       [1]    FARG_Lcd_Chr_CP_out_char
0x002D       [1]    FARG_I2C1_Wr_data_
0x002D       [2]    I2C1_Start_j_L0
0x002D       [1]    FARG_I2C1_Rd_ack
0x002D       [1]    FARG_Lcd_Chr_row
0x002E       [1]    FARG_Lcd_Chr_column
0x002F       [1]    FARG_Lcd_Chr_out_char
0x0030       [1]    FARG_Lcd_Cmd_out_char
0x0400      [32]    __Lib_USB_genHID_BDT
0x0420       [8]    __Lib_USB_genHID_SetupPkt
0x0428       [8]    __Lib_USB_genHID_CtrlTrfData
0x0430       [3]    __Lib_USB_genHID_hid_report_out
0x0433       [3]    __Lib_USB_genHID_hid_report_in
0x0F62       [1]    SPPDATA
0x0F63       [0]    CLKCFG1_bit
0x0F63       [0]    WS2_bit
0x0F63       [0]    WS0_bit
0x0F63       [0]    WS3_bit
0x0F63       [0]    WS1_bit
0x0F63       [0]    CLK1EN_bit
0x0F63       [1]    SPPCFG
0x0F63       [0]    CSEN_bit
0x0F63       [0]    CLKCFG0_bit
0x0F64       [0]    SPPBUSY_bit
0x0F64       [1]    SPPEPS
0x0F64       [0]    ADDR3_SPPEPS_bit
0x0F64       [0]    ADDR1_SPPEPS_bit
0x0F64       [0]    RDSPP_bit
0x0F64       [0]    WRSPP_bit
0x0F64       [0]    ADDR2_SPPEPS_bit
0x0F64       [0]    ADDR0_SPPEPS_bit
0x0F65       [0]    RDYO_bit
0x0F65       [1]    SPPCON
0x0F65       [0]    DMA0WN_bit
0x0F65       [0]    SPPEN_bit
0x0F66       [0]    FRM7_bit
0x0F66       [1]    UFRM
0x0F66       [0]    FRM2_bit
0x0F66       [0]    FRM1_bit
0x0F66       [0]    FRM0_bit
0x0F66       [1]    UFRML
0x0F66       [0]    FRM3_bit
0x0F66       [0]    FRM4_bit
0x0F66       [0]    FRM5_bit
0x0F66       [0]    FRM6_bit
0x0F67       [0]    FRM9_bit
0x0F67       [0]    FRM10_bit
0x0F67       [0]    FRM8_bit
0x0F67       [1]    UFRMH
0x0F68       [0]    IDLEIF_bit
0x0F68       [0]    SOFIF_bit
0x0F68       [0]    STALLIF_bit
0x0F68       [0]    UERRIF_bit
0x0F68       [0]    URSTIF_bit
0x0F68       [0]    ACTVIF_bit
0x0F68       [0]    TRNIF_bit
0x0F68       [1]    UIR
0x0F69       [0]    URSTIE_bit
0x0F69       [1]    UIE
0x0F69       [0]    TRNIE_bit
0x0F69       [0]    IDLEIE_bit
0x0F69       [0]    SOFIE_bit
0x0F69       [0]    STALLIE_bit
0x0F69       [0]    UERRIE_bit
0x0F69       [0]    ACTVIE_bit
0x0F6A       [0]    CRC16EF_bit
0x0F6A       [0]    CRC5EF_bit
0x0F6A       [0]    DFN8EF_bit
0x0F6A       [0]    BTOEF_bit
0x0F6A       [0]    BTSEF_bit
0x0F6A       [1]    UEIR
0x0F6A       [0]    PIDEF_bit
0x0F6B       [0]    CRC5EE_bit
0x0F6B       [0]    PIDEE_bit
0x0F6B       [0]    CRC16EE_bit
0x0F6B       [0]    BTSEE_bit
0x0F6B       [0]    BTOEE_bit
0x0F6B       [0]    DFN8EE_bit
0x0F6B       [1]    UEIE
0x0F6C       [0]    ENDP3_bit
0x0F6C       [0]    PPBI_bit
0x0F6C       [0]    ENDP0_bit
0x0F6C       [1]    USTAT
0x0F6C       [0]    ENDP2_bit
0x0F6C       [0]    ENDP1_bit
0x0F6C       [0]    DIR__bit
0x0F6D       [0]    SUSPND_bit
0x0F6D       [0]    PPBRST_bit
0x0F6D       [0]    PKTDIS_bit
0x0F6D       [0]    SE0_bit
0x0F6D       [0]    RESUME__bit
0x0F6D       [1]    UCON
0x0F6D       [0]    USBEN_bit
0x0F6E       [1]    UADDR
0x0F6E       [0]    ADDR2_bit
0x0F6E       [0]    ADDR6_bit
0x0F6E       [0]    ADDR0_bit
0x0F6E       [0]    ADDR5_bit
0x0F6E       [0]    ADDR3_bit
0x0F6E       [0]    ADDR4_bit
0x0F6E       [0]    ADDR1_bit
0x0F6F       [1]    UCFG
0x0F6F       [0]    PPB1_bit
0x0F6F       [0]    FSEN_bit
0x0F6F       [0]    PPB0_bit
0x0F6F       [0]    UTEYE_bit
0x0F6F       [0]    UOEMON_bit
0x0F6F       [0]    UTRDIS_bit
0x0F6F       [0]    UPUEN_bit
0x0F70       [0]    EPCONDIS_bit
0x0F70       [0]    EPINEN_bit
0x0F70       [0]    EPOUTEN_bit
0x0F70       [0]    EPSTALL_bit
0x0F70       [0]    EPHSHK_bit
0x0F70       [1]    UEP0
0x0F71       [0]    EPSTALL_UEP1_bit
0x0F71       [1]    UEP1
0x0F71       [0]    EPINEN_UEP1_bit
0x0F71       [0]    EPOUTEN_UEP1_bit
0x0F71       [0]    EPCONDIS_UEP1_bit
0x0F71       [0]    EPHSHK_UEP1_bit
0x0F72       [0]    EPHSHK_UEP2_bit
0x0F72       [0]    EPSTALL_UEP2_bit
0x0F72       [0]    EPCONDIS_UEP2_bit
0x0F72       [0]    EPOUTEN_UEP2_bit
0x0F72       [1]    UEP2
0x0F72       [0]    EPINEN_UEP2_bit
0x0F73       [1]    UEP3
0x0F73       [0]    EPCONDIS_UEP3_bit
0x0F73       [0]    EPHSHK_UEP3_bit
0x0F73       [0]    EPOUTEN_UEP3_bit
0x0F73       [0]    EPSTALL_UEP3_bit
0x0F73       [0]    EPINEN_UEP3_bit
0x0F74       [1]    UEP4
0x0F74       [0]    EPINEN_UEP4_bit
0x0F74       [0]    EPSTALL_UEP4_bit
0x0F74       [0]    EPOUTEN_UEP4_bit
0x0F74       [0]    EPHSHK_UEP4_bit
0x0F74       [0]    EPCONDIS_UEP4_bit
0x0F75       [0]    EPOUTEN_UEP5_bit
0x0F75       [0]    EPINEN_UEP5_bit
0x0F75       [0]    EPSTALL_UEP5_bit
0x0F75       [0]    EPCONDIS_UEP5_bit
0x0F75       [1]    UEP5
0x0F75       [0]    EPHSHK_UEP5_bit
0x0F76       [1]    UEP6
0x0F76       [0]    EPCONDIS_UEP6_bit
0x0F76       [0]    EPHSHK_UEP6_bit
0x0F76       [0]    EPOUTEN_UEP6_bit
0x0F76       [0]    EPSTALL_UEP6_bit
0x0F76       [0]    EPINEN_UEP6_bit
0x0F77       [0]    EPOUTEN_UEP7_bit
0x0F77       [0]    EPCONDIS_UEP7_bit
0x0F77       [0]    EPHSHK_UEP7_bit
0x0F77       [0]    EPSTALL_UEP7_bit
0x0F77       [0]    EPINEN_UEP7_bit
0x0F77       [1]    UEP7
0x0F78       [0]    EPINEN_UEP8_bit
0x0F78       [0]    EPOUTEN_UEP8_bit
0x0F78       [1]    UEP8
0x0F78       [0]    EPSTALL_UEP8_bit
0x0F78       [0]    EPCONDIS_UEP8_bit
0x0F78       [0]    EPHSHK_UEP8_bit
0x0F79       [0]    EPHSHK_UEP9_bit
0x0F79       [1]    UEP9
0x0F79       [0]    EPINEN_UEP9_bit
0x0F79       [0]    EPSTALL_UEP9_bit
0x0F79       [0]    EPCONDIS_UEP9_bit
0x0F79       [0]    EPOUTEN_UEP9_bit
0x0F7A       [0]    EPINEN_UEP10_bit
0x0F7A       [1]    UEP10
0x0F7A       [0]    EPSTALL_UEP10_bit
0x0F7A       [0]    EPOUTEN_UEP10_bit
0x0F7A       [0]    EPCONDIS_UEP10_bit
0x0F7A       [0]    EPHSHK_UEP10_bit
0x0F7B       [0]    EPINEN_UEP11_bit
0x0F7B       [0]    EPSTALL_UEP11_bit
0x0F7B       [1]    UEP11
0x0F7B       [0]    EPOUTEN_UEP11_bit
0x0F7B       [0]    EPCONDIS_UEP11_bit
0x0F7B       [0]    EPHSHK_UEP11_bit
0x0F7C       [0]    EPINEN_UEP12_bit
0x0F7C       [1]    UEP12
0x0F7C       [0]    EPCONDIS_UEP12_bit
0x0F7C       [0]    EPOUTEN_UEP12_bit
0x0F7C       [0]    EPSTALL_UEP12_bit
0x0F7C       [0]    EPHSHK_UEP12_bit
0x0F7D       [0]    EPCONDIS_UEP13_bit
0x0F7D       [0]    EPHSHK_UEP13_bit
0x0F7D       [0]    EPINEN_UEP13_bit
0x0F7D       [0]    EPSTALL_UEP13_bit
0x0F7D       [1]    UEP13
0x0F7D       [0]    EPOUTEN_UEP13_bit
0x0F7E       [0]    EPINEN_UEP14_bit
0x0F7E       [0]    EPCONDIS_UEP14_bit
0x0F7E       [0]    EPOUTEN_UEP14_bit
0x0F7E       [0]    EPSTALL_UEP14_bit
0x0F7E       [1]    UEP14
0x0F7E       [0]    EPHSHK_UEP14_bit
0x0F7F       [1]    UEP15
0x0F7F       [0]    EPOUTEN_UEP15_bit
0x0F7F       [0]    EPHSHK_UEP15_bit
0x0F7F       [0]    EPCONDIS_UEP15_bit
0x0F7F       [0]    EPSTALL_UEP15_bit
0x0F7F       [0]    EPINEN_UEP15_bit
0x0F80       [0]    RA6_bit
0x0F80       [0]    LVDIN_bit
0x0F80       [0]    HLVDIN_bit
0x0F80       [0]    RA0_bit
0x0F80       [0]    RA1_bit
0x0F80       [0]    RA2_bit
0x0F80       [0]    RA5_bit
0x0F80       [0]    RA4_bit
0x0F80       [0]    RA3_bit
0x0F80       [0]    VREFP_bit
0x0F80       [0]    AN0_bit
0x0F80       [0]    AN2_bit
0x0F80       [0]    AN3_bit
0x0F80       [0]    T0CKI_bit
0x0F80       [0]    AN4_bit
0x0F80       [0]    AN1_bit
0x0F80       [0]    VREFM_bit
0x0F80       [1]    PORTA
0x0F80       [0]    OSC2_bit
0x0F81       [0]    LCD_D5
0x0F81       [0]    LCD_EN
0x0F81       [0]    LCD_D4
0x0F81       [0]    RB0_bit
0x0F81       [0]    LCD_D7
0x0F81       [0]    RB1_bit
0x0F81       [0]    LCD_D6
0x0F81       [0]    RB2_bit
0x0F81       [0]    INT0_bit
0x0F81       [0]    INT1_bit
0x0F81       [0]    INT2_bit
0x0F81       [0]    RB4_bit
0x0F81       [1]    PORTB
0x0F81       [0]    RB5_bit
0x0F81       [0]    PGM_bit
0x0F81       [0]    RB7_bit
0x0F81       [0]    LCD_RS
0x0F81       [0]    RB3_bit
0x0F81       [0]    RB6_bit
0x0F81       [0]    PGC_bit
0x0F81       [0]    PGD_bit
0x0F82       [0]    T1OSI_bit
0x0F82       [0]    CCP1_bit
0x0F82       [1]    PORTC
0x0F82       [0]    T1OSO_bit
0x0F82       [0]    TX_bit
0x0F82       [0]    P1A_bit
0x0F82       [0]    CK_bit
0x0F82       [0]    RX__bit
0x0F82       [0]    T13CKI_bit
0x0F82       [0]    RC4_bit
0x0F82       [0]    RC2_bit
0x0F82       [0]    RC0_bit
0x0F82       [0]    RC7_bit
0x0F82       [0]    RC1_bit
0x0F82       [0]    RC6_bit
0x0F82       [0]    RC5_bit
0x0F84       [0]    RE3_bit
0x0F84       [1]    PORTE
0x0F89       [0]    LATA0_bit
0x0F89       [0]    LATA5_bit
0x0F89       [1]    LATA
0x0F89       [0]    LATA6_bit
0x0F89       [0]    LATA1_bit
0x0F89       [0]    LATA2_bit
0x0F89       [0]    LATA4_bit
0x0F89       [0]    LATA3_bit
0x0F8A       [0]    LATB1_bit
0x0F8A       [0]    LATB0_bit
0x0F8A       [1]    LATB
0x0F8A       [0]    LATB2_bit
0x0F8A       [0]    LATB5_bit
0x0F8A       [0]    LATB4_bit
0x0F8A       [0]    LATB7_bit
0x0F8A       [0]    LATB6_bit
0x0F8A       [0]    LATB3_bit
0x0F8B       [0]    LATC2_bit
0x0F8B       [0]    LATC1_bit
0x0F8B       [0]    LATC0_bit
0x0F8B       [0]    LATC7_bit
0x0F8B       [0]    LATC6_bit
0x0F8B       [1]    LATC
0x0F92       [0]    TRISA0_bit
0x0F92       [0]    TRISA5_bit
0x0F92       [0]    TRISA4_bit
0x0F92       [0]    TRISA3_bit
0x0F92       [1]    TRISA
0x0F92       [0]    TRISA1_bit
0x0F92       [0]    TRISA6_bit
0x0F92       [0]    TRISA2_bit
0x0F93       [0]    LCD_EN_Direction
0x0F93       [0]    LCD_D7_Direction
0x0F93       [0]    LCD_D5_Direction
0x0F93       [0]    LCD_D4_Direction
0x0F93       [0]    LCD_D6_Direction
0x0F93       [0]    TRISB5_bit
0x0F93       [0]    TRISB4_bit
0x0F93       [0]    TRISB6_bit
0x0F93       [1]    TRISB
0x0F93       [0]    TRISB7_bit
0x0F93       [0]    TRISB0_bit
0x0F93       [0]    LCD_RS_Direction
0x0F93       [0]    TRISB1_bit
0x0F93       [0]    TRISB3_bit
0x0F93       [0]    TRISB2_bit
0x0F94       [0]    TRISC0_bit
0x0F94       [0]    TRISC1_bit
0x0F94       [0]    TRISC2_bit
0x0F94       [0]    TRISC7_bit
0x0F94       [0]    TRISC6_bit
0x0F94       [1]    TRISC
0x0F9B       [1]    OSCTUNE
0x0F9B       [0]    INTSRC_bit
0x0F9B       [0]    TUN1_bit
0x0F9B       [0]    TUN3_bit
0x0F9B       [0]    TUN0_bit
0x0F9B       [0]    TUN2_bit
0x0F9B       [0]    TUN4_bit
0x0F9D       [0]    TXIE_bit
0x0F9D       [0]    CCP1IE_bit
0x0F9D       [0]    TMR2IE_bit
0x0F9D       [0]    TMR1IE_bit
0x0F9D       [0]    ADIE_bit
0x0F9D       [0]    RCIE_bit
0x0F9D       [1]    PIE1
0x0F9D       [0]    SSPIE_bit
0x0F9E       [1]    PIR1
0x0F9E       [0]    CCP1IF_bit
0x0F9E       [0]    SSPIF_bit
0x0F9E       [0]    TMR1IF_bit
0x0F9E       [0]    TMR2IF_bit
0x0F9E       [0]    ADIF_bit
0x0F9E       [0]    RCIF_bit
0x0F9E       [0]    TXIF_bit
0x0F9F       [1]    IPR1
0x0F9F       [0]    ADIP_bit
0x0F9F       [0]    CCP1IP_bit
0x0F9F       [0]    TMR2IP_bit
0x0F9F       [0]    TMR1IP_bit
0x0F9F       [0]    RCIP_bit
0x0F9F       [0]    TXIP_bit
0x0F9F       [0]    SSPIP_bit
0x0FA0       [0]    OSCFIE_bit
0x0FA0       [0]    CMIE_bit
0x0FA0       [1]    PIE2
0x0FA0       [0]    HLVDIE_bit
0x0FA0       [0]    CCP2IE_bit
0x0FA0       [0]    BCLIE_bit
0x0FA0       [0]    TMR3IE_bit
0x0FA0       [0]    EEIE_bit
0x0FA0       [0]    USBIE_bit
0x0FA0       [0]    LVDIE_bit
0x0FA1       [0]    USBIF_bit
0x0FA1       [0]    EEIF_bit
0x0FA1       [0]    HLVDIF_bit
0x0FA1       [0]    OSCFIF_bit
0x0FA1       [0]    CMIF_bit
0x0FA1       [0]    TMR3IF_bit
0x0FA1       [0]    CCP2IF_bit
0x0FA1       [1]    PIR2
0x0FA1       [0]    BCLIF_bit
0x0FA1       [0]    LVDIF_bit
0x0FA2       [0]    CMIP_bit
0x0FA2       [0]    USBIP_bit
0x0FA2       [0]    EEIP_bit
0x0FA2       [1]    IPR2
0x0FA2       [0]    HLVDIP_bit
0x0FA2       [0]    OSCFIP_bit
0x0FA2       [0]    BCLIP_bit
0x0FA2       [0]    TMR3IP_bit
0x0FA2       [0]    CCP2IP_bit
0x0FA2       [0]    LVDIP_bit
0x0FA6       [1]    EECON1
0x0FA6       [0]    WR_bit
0x0FA6       [0]    WREN_bit
0x0FA6       [0]    WRERR_bit
0x0FA6       [0]    CFGS_bit
0x0FA6       [0]    FREE_bit
0x0FA6       [0]    EEPGD_bit
0x0FA6       [0]    RD_bit
0x0FA7       [1]    EECON2
0x0FA8       [1]    EEDATA
0x0FA9       [1]    EEADR
0x0FAB       [0]    SPEN_bit
0x0FAB       [0]    FERR_bit
0x0FAB       [0]    ADEN_bit
0x0FAB       [0]    SREN_bit
0x0FAB       [0]    CREN_bit
0x0FAB       [0]    ADDEN_bit
0x0FAB       [0]    RX9_bit
0x0FAB       [1]    RCSTA
0x0FAB       [0]    RX9D_bit
0x0FAB       [0]    OERR_bit
0x0FAC       [0]    BRGH_bit
0x0FAC       [0]    SENDB_bit
0x0FAC       [0]    TX9D_bit
0x0FAC       [0]    TRMT_bit
0x0FAC       [0]    TX9_bit
0x0FAC       [0]    CSRC_bit
0x0FAC       [0]    SYNC_bit
0x0FAC       [0]    TXEN_bit
0x0FAC       [1]    TXSTA
0x0FAD       [1]    TXREG
0x0FAE       [1]    RCREG
0x0FAF       [1]    SPBRG
0x0FB0       [1]    SPBRGH
0x0FB1       [0]    T3SYNC_bit
0x0FB1       [0]    T3CCP1_bit
0x0FB1       [0]    T3CCP2_bit
0x0FB1       [0]    T3CKPS0_bit
0x0FB1       [0]    T3CKPS1_bit
0x0FB1       [0]    NOT_T3SYNC_bit
0x0FB1       [0]    T3NSYNC_bit
0x0FB1       [0]    RD16_bit
0x0FB1       [0]    TMR3ON_bit
0x0FB1       [1]    T3CON
0x0FB1       [0]    TMR3CS_bit
0x0FB2       [1]    TMR3L
0x0FB3       [1]    TMR3H
0x0FB4       [0]    CM1_bit
0x0FB4       [0]    C1INV_bit
0x0FB4       [0]    CIS_bit
0x0FB4       [0]    CM2_bit
0x0FB4       [0]    CM0_bit
0x0FB4       [0]    C1OUT_bit
0x0FB4       [0]    C2OUT_bit
0x0FB4       [1]    CMCON
0x0FB4       [0]    C2INV_bit
0x0FB5       [0]    CVR1_bit
0x0FB5       [0]    CVR0_bit
0x0FB5       [0]    CVREN_bit
0x0FB5       [1]    CVRCON
0x0FB5       [0]    CVREF_bit
0x0FB5       [0]    CVRSS_bit
0x0FB5       [0]    CVROE_bit
0x0FB5       [0]    CVR2_bit
0x0FB5       [0]    CVRR_bit
0x0FB5       [0]    CVR3_bit
0x0FB6       [0]    PSSAC0_bit
0x0FB6       [0]    ECCPAS2_bit
0x0FB6       [1]    CCP1AS
0x0FB6       [0]    ECCPASE_bit
0x0FB6       [0]    ECCPAS1_bit
0x0FB6       [0]    PSSAC1_bit
0x0FB6       [0]    ECCPAS0_bit
0x0FB6       [1]    ECCP1AS
0x0FB7       [0]    PRSEN_bit
0x0FB7       [1]    CCP1DEL
0x0FB7       [1]    ECCP1DEL
0x0FB8       [0]    BRG16_bit
0x0FB8       [0]    SCKP_bit
0x0FB8       [0]    WUE_bit
0x0FB8       [0]    ABDEN_bit
0x0FB8       [0]    RXDTP_bit
0x0FB8       [0]    RCMT_bit
0x0FB8       [0]    TXCKP_bit
0x0FB8       [0]    RCIDL_bit
0x0FB8       [0]    ABDOVF_bit
0x0FB8       [1]    BAUDCON
0x0FBA       [0]    DC2B1_bit
0x0FBA       [0]    DC2B0_bit
0x0FBA       [0]    CCP2M1_bit
0x0FBA       [0]    CCP2M2_bit
0x0FBA       [1]    CCP2CON
0x0FBA       [0]    CCP2M0_bit
0x0FBA       [0]    CCP2M3_bit
0x0FBB       [1]    CCPR2L
0x0FBB       [2]    CCPR2
0x0FBC       [1]    CCPR2H
0x0FBD       [1]    CCP1CON
0x0FBD       [0]    CCP1M2_bit
0x0FBD       [0]    CCP1M1_bit
0x0FBD       [0]    CCP1M0_bit
0x0FBD       [0]    DC1B0_bit
0x0FBD       [0]    DC1B1_bit
0x0FBD       [0]    CCP1M3_bit
0x0FBE       [2]    CCPR1
0x0FBE       [1]    CCPR1L
0x0FBF       [1]    CCPR1H
0x0FC0       [0]    ADCS1_bit
0x0FC0       [0]    ADCS0_bit
0x0FC0       [0]    ACQT2_bit
0x0FC0       [0]    ADFM_bit
0x0FC0       [0]    ACQT1_bit
0x0FC0       [0]    ADCS2_bit
0x0FC0       [0]    ACQT0_bit
0x0FC0       [1]    ADCON2
0x0FC1       [1]    ADCON1
0x0FC1       [0]    PCFG3_bit
0x0FC1       [0]    PCFG1_bit
0x0FC1       [0]    PCFG2_bit
0x0FC1       [0]    PCFG0_bit
0x0FC1       [0]    VCFG0_bit
0x0FC1       [0]    VCFG1_bit
0x0FC2       [0]    GO_bit
0x0FC2       [0]    NOT_DONE_bit
0x0FC2       [0]    CHS1_bit
0x0FC2       [0]    DONE_bit
0x0FC2       [0]    GO_DONE_bit
0x0FC2       [0]    CHS2_bit
0x0FC2       [1]    ADCON0
0x0FC2       [0]    ADON_bit
0x0FC2       [0]    CHS0_bit
0x0FC2       [0]    CHS3_bit
0x0FC3       [1]    ADRESL
0x0FC3       [2]    ADRES
0x0FC4       [1]    ADRESH
0x0FC5       [1]    SSPCON2
0x0FC5       [0]    RCEN_bit
0x0FC5       [0]    ACKEN_bit
0x0FC5       [0]    ACKSTAT_bit
0x0FC5       [0]    ACKDT_bit
0x0FC5       [0]    SEN_bit
0x0FC5       [0]    GCEN_bit
0x0FC5       [0]    PEN_bit
0x0FC5       [0]    RSEN_bit
0x0FC6       [1]    SSPCON1
0x0FC6       [0]    SSPM3_bit
0x0FC6       [0]    SSPM0_bit
0x0FC6       [0]    SSPM1_bit
0x0FC6       [0]    SSPM2_bit
0x0FC6       [0]    SSPOV_bit
0x0FC6       [0]    WCOL_bit
0x0FC6       [0]    SSPEN_bit
0x0FC6       [0]    CKP_bit
0x0FC7       [0]    P_bit
0x0FC7       [0]    NOT_A_bit
0x0FC7       [0]    NOT_WRITE_bit
0x0FC7       [0]    S_bit
0x0FC7       [0]    NOT_ADDRESS_bit
0x0FC7       [0]    I2C_DAT_bit
0x0FC7       [0]    D_A_bit
0x0FC7       [0]    I2C_START__bit
0x0FC7       [0]    I2C_READ_bit
0x0FC7       [1]    SSPSTAT
0x0FC7       [0]    I2C_STOP__bit
0x0FC7       [0]    CKE_bit
0x0FC7       [0]    SMP_bit
0x0FC7       [0]    READ_WRITE_bit
0x0FC7       [0]    R_bit
0x0FC7       [0]    BF_bit
0x0FC7       [0]    R_W_bit
0x0FC7       [0]    UA_bit
0x0FC7       [0]    NOT_W_bit
0x0FC7       [0]    D_bit
0x0FC7       [0]    DATA_ADDRESS_bit
0x0FC8       [1]    SSPADD
0x0FC9       [1]    SSPBUF
0x0FCA       [0]    T2OUTPS2_bit
0x0FCA       [1]    T2CON
0x0FCA       [0]    T2CKPS0_bit
0x0FCA       [0]    T2CKPS1_bit
0x0FCA       [0]    T2OUTPS1_bit
0x0FCA       [0]    TMR2ON_bit
0x0FCA       [0]    T2OUTPS0_bit
0x0FCA       [0]    T2OUTPS3_bit
0x0FCB       [1]    PR2
0x0FCC       [1]    TMR2
0x0FCD       [0]    T1SYNC_bit
0x0FCD       [0]    T1OSCEN_bit
0x0FCD       [0]    NOT_T1SYNC_bit
0x0FCD       [0]    T1CKPS0_bit
0x0FCD       [0]    RD16_T1CON_bit
0x0FCD       [0]    TMR1CS_bit
0x0FCD       [0]    T1RUN_bit
0x0FCD       [0]    TMR1ON_bit
0x0FCD       [0]    T1CKPS1_bit
0x0FCD       [1]    T1CON
0x0FCE       [1]    TMR1L
0x0FCF       [1]    TMR1H
0x0FD0       [0]    NOT_TO_bit
0x0FD0       [0]    NOT_RI_bit
0x0FD0       [0]    IPEN_bit
0x0FD0       [0]    NOT_POR_bit
0x0FD0       [0]    NOT_PD_bit
0x0FD0       [1]    RCON
0x0FD0       [0]    NOT_BOR_bit
0x0FD0       [0]    PD_bit
0x0FD0       [0]    NOT_IPEN_bit
0x0FD0       [0]    POR_bit
0x0FD0       [0]    BOR_bit
0x0FD0       [0]    TO__bit
0x0FD0       [0]    SBOREN_bit
0x0FD0       [0]    RI_bit
0x0FD1       [1]    WDTCON
0x0FD1       [0]    SWDTEN_bit
0x0FD1       [0]    SWDTE_bit
0x0FD2       [0]    BGST_bit
0x0FD2       [0]    HLVDL1_bit
0x0FD2       [0]    HLVDL0_bit
0x0FD2       [0]    VDIRMAG_bit
0x0FD2       [0]    IVRST_bit
0x0FD2       [0]    HLVDEN_bit
0x0FD2       [0]    HLVDL2_bit
0x0FD2       [0]    HLVDL3_bit
0x0FD2       [0]    LVV3_bit
0x0FD2       [0]    LVDL3_bit
0x0FD2       [0]    LVDEN_bit
0x0FD2       [0]    LVDL2_bit
0x0FD2       [0]    LVDL0_bit
0x0FD2       [0]    LVDL1_bit
0x0FD2       [0]    LVV1_bit
0x0FD2       [0]    LVV2_bit
0x0FD2       [0]    LVV0_bit
0x0FD2       [1]    HLVDCON
0x0FD2       [0]    IRVST_bit
0x0FD2       [1]    LVDCON
0x0FD3       [0]    IRCF0_bit
0x0FD3       [0]    OSTS_bit
0x0FD3       [0]    FLTS_bit
0x0FD3       [1]    OSCCON
0x0FD3       [0]    IRCF2_bit
0x0FD3       [0]    IDLEN_bit
0x0FD3       [0]    IRCF1_bit
0x0FD3       [0]    SCS1_bit
0x0FD3       [0]    IOFS_bit
0x0FD3       [0]    SCS0_bit
0x0FD5       [1]    T0CON
0x0FD5       [0]    T0SE_bit
0x0FD5       [0]    T08BIT_bit
0x0FD5       [0]    PSA_bit
0x0FD5       [0]    T0PS1_bit
0x0FD5       [0]    TMR0ON_bit
0x0FD5       [0]    T0PS2_bit
0x0FD5       [0]    T0PS0_bit
0x0FD5       [0]    T0CS_bit
0x0FD6       [1]    TMR0L
0x0FD7       [1]    TMR0H
0x0FD8       [0]    Z_bit
0x0FD8       [0]    OV_bit
0x0FD8       [0]    DC_bit
0x0FD8       [0]    N_bit
0x0FD8       [0]    C_bit
0x0FD8       [1]    STATUS
0x0FD9       [2]    FSR2
0x0FD9       [2]    FSR2PTR
0x0FD9       [1]    FSR2L
0x0FDA       [1]    FSR2H
0x0FDB       [1]    PLUSW2
0x0FDC       [1]    PREINC2
0x0FDD       [1]    POSTDEC2
0x0FDE       [1]    POSTINC2
0x0FDF       [1]    INDF2
0x0FE0       [1]    BSR
0x0FE1       [1]    FSR1L
0x0FE1       [2]    FSR1
0x0FE1       [2]    FSR1PTR
0x0FE2       [1]    FSR1H
0x0FE3       [1]    PLUSW1
0x0FE4       [1]    PREINC1
0x0FE5       [1]    POSTDEC1
0x0FE6       [1]    POSTINC1
0x0FE7       [1]    INDF1
0x0FE8       [1]    WREG
0x0FE9       [2]    FSR0PTR
0x0FE9       [1]    FSR0L
0x0FE9       [2]    FSR0
0x0FEA       [1]    FSR0H
0x0FEB       [1]    PLUSW0
0x0FEC       [1]    PREINC0
0x0FED       [1]    POSTDEC0
0x0FEE       [1]    POSTINC0
0x0FEF       [1]    INDF0
0x0FF0       [1]    INTCON3
0x0FF0       [0]    INT1E_bit
0x0FF0       [0]    INT2F_bit
0x0FF0       [0]    INT1F_bit
0x0FF0       [0]    INT2P_bit
0x0FF0       [0]    INT1P_bit
0x0FF0       [0]    INT2E_bit
0x0FF0       [0]    INT1IE_bit
0x0FF0       [0]    INT2IF_bit
0x0FF0       [0]    INT1IF_bit
0x0FF0       [0]    INT2IP_bit
0x0FF0       [0]    INT1IP_bit
0x0FF0       [0]    INT2IE_bit
0x0FF1       [0]    INTEDG0_bit
0x0FF1       [0]    NOT_RBPU_bit
0x0FF1       [0]    T0IP_bit
0x0FF1       [0]    INTEDG1_bit
0x0FF1       [0]    RBIP_bit
0x0FF1       [0]    TMR0IP_bit
0x0FF1       [0]    INTEDG2_bit
0x0FF1       [0]    RBPU_bit
0x0FF1       [1]    INTCON2
0x0FF2       [0]    GIE_bit
0x0FF2       [0]    GIEL_bit
0x0FF2       [0]    INT0E_bit
0x0FF2       [0]    T0IE_bit
0x0FF2       [0]    RBIF_bit
0x0FF2       [0]    TMR0IF_bit
0x0FF2       [0]    INT0IF_bit
0x0FF2       [0]    GIEH_bit
0x0FF2       [0]    RBIE_bit
0x0FF2       [1]    INTCON
0x0FF2       [0]    PEIE_bit
0x0FF2       [0]    INT0F_bit
0x0FF2       [0]    T0IF_bit
0x0FF2       [0]    TMR0IE_bit
0x0FF2       [0]    INT0IE_bit
0x0FF3       [1]    PRODL
0x0FF3       [2]    PROD
0x0FF4       [1]    PRODH
0x0FF5       [1]    TABLAT
0x0FF6       [1]    TBLPTRL
0x0FF6       [3]    TBLPTR
0x0FF7       [1]    TBLPTRH
0x0FF8       [1]    TBLPTRU
0x0FF9       [1]    PCL
0x0FF9       [1]    PC
0x0FFA       [1]    PCLATH
0x0FFB       [1]    PCLATU
0x0FFB       [0]    PCU2_bit
0x0FFB       [0]    PCU3_bit
0x0FFB       [0]    PCU4_bit
0x0FFB       [0]    PCU0_bit
0x0FFB       [0]    PCU1_bit
0x0FFC       [0]    STKFUL_bit
0x0FFC       [0]    STKUNF_bit
0x0FFC       [0]    STKPTR4_bit
0x0FFC       [0]    STKPTR3_bit
0x0FFC       [0]    STKPTR1_bit
0x0FFC       [1]    STKPTR
0x0FFC       [0]    STKPTR2_bit
0x0FFC       [0]    STKPTR0_bit
0x0FFD       [1]    TOSL
0x0FFE       [1]    TOSH
0x0FFF       [1]    TOSU
//** Constants locations ** 
//ADDRESS    SIZE    CONSTANT
//----------------------------------------------
0x067A       [2]    ?ICS_memoriaNova
0x067C      [14]    ?ICS?lstr1_EEPROMExterna16bits2
0x068A       [1]    ?ICS_memoriaL
0x068B       [1]    ?ICS_memoriaH
//** Label List: ** 
//----------------------------------------------
  L_main0
  L_main1
  L_main2
  L_main3
  L_EEPROM_Escreve16bits4
  L_EEPROM_Escreve16bits5
  L_EEPROM_Leitura16bits6
  L_EEPROM_Leitura16bits7
  L_EEPROM_Leitura16bits8
  _main
  _EEPROM_Escreve16bits
  _EEPROM_Leitura16bits
  _imprime_Display
  L_Delay_10us0
  L_Delay_22us1
  L_Delay_50us2
  L_Delay_80us3
  L_Delay_500us4
  L_Delay_5500us5
  L_Delay_1ms6
  L_Delay_5ms7
  L_Delay_8ms8
  L_Delay_100ms9
  L_Delay_10ms10
  L_Delay_1sec11
  L____Boot_Delay4k12
  L____Boot_Delay8k13
  L____Boot_Delay12k14
  L____Boot_Delay16k15
  L____Boot_Delay24k16
  L____Boot_Delay32k17
  L____Boot_Delay48k18
  L____Boot_Delay64k19
  L____Boot_Delay128k20
  L_Delay_Cyc21
  L_Delay_Cyc22
  L_VDelay_ms23
  L_VDelay_ms24
  L_VDelay_ms25
  L_VDelay_Advanced_ms26
  L_VDelay_Advanced_ms27
  L_VDelay_Advanced_ms28
  _Get_Fosc_kHz
  _Delay_1us
  _Delay_10us
  _Delay_22us
  _Delay_50us
  _Delay_80us
  _Delay_500us
  _Delay_5500us
  _Delay_1ms
  _Delay_5ms
  _Delay_8ms
  _Delay_100ms
  _Delay_10ms
  _Delay_1sec
  ____Boot_Delay4k
  ____Boot_Delay8k
  ____Boot_Delay12k
  ____Boot_Delay16k
  ____Boot_Delay24k
  ____Boot_Delay32k
  ____Boot_Delay48k
  ____Boot_Delay64k
  ____Boot_Delay128k
  _Delay_Cyc
  _VDelay_ms
  L__VDelay_ms29
  L__VDelay_ms30
  L__VDelay_ms31
  _VDelay_Advanced_ms
  L__VDelay_Advanced_ms32
  L__VDelay_Advanced_ms33
  L__VDelay_Advanced_ms34
  L_I2C1_Is_Idle0
  L_I2C1_Is_Idle1
  L_I2C1_Start2
  L_I2C1_Start3
  L_I2C1_Start4
  L_I2C1_Start5
  L_I2C1_Start6
  L_I2C1_Start7
  L_I2C1_Start8
  L_I2C1_Start9
  L_I2C1_Repeated_Start10
  L_I2C1_Repeated_Start11
  L_I2C1_Rd12
  L_I2C1_Rd13
  L_I2C1_Rd14
  L_I2C1_Rd15
  L_I2C1_Rd16
  L_I2C1_Rd17
  L_I2C1_Wr18
  L_I2C1_Wr19
  L_I2C1_Wr20
  L_I2C1_Wr21
  L_I2C1_Wr22
  L_I2C1_Wr23
  _I2C1_Init
  _I2C1_Is_Idle
  _I2C1_Start
  L__I2C1_Start24
  L__I2C1_Start25
  _I2C1_Repeated_Start
  _I2C1_Rd
  _I2C1_Wr
  _I2C1_Stop
  L_Lcd_Cmd0
  L_Lcd_Cmd1
  L_Lcd_Out_CP2
  L_Lcd_Out_CP3
  L_Lcd_Chr4
  L_Lcd_Chr5
  L_Lcd_Chr6
  L_Lcd_Chr7
  L_Lcd_Chr8
  L_Lcd_Chr9
  L_Lcd_Chr10
  L_Lcd_Out11
  L_Lcd_Out12
  L_Lcd_Out13
  L_Lcd_Out14
  L_Lcd_Out15
  L_Lcd_Out16
  L_Lcd_Out17
  L_Lcd_Out18
  L_Lcd_Out19
  _Lcd_Cmd
  L__Lcd_Cmd20
  L__Lcd_Cmd21
  L__Lcd_Cmd22
  L__Lcd_Cmd23
  L__Lcd_Cmd24
  L__Lcd_Cmd25
  L__Lcd_Cmd26
  L__Lcd_Cmd27
  L__Lcd_Cmd28
  L__Lcd_Cmd29
  L__Lcd_Cmd30
  L__Lcd_Cmd31
  L__Lcd_Cmd32
  L__Lcd_Cmd33
  L__Lcd_Cmd34
  L__Lcd_Cmd35
  L__Lcd_Cmd36
  L__Lcd_Cmd37
  L__Lcd_Cmd38
  L__Lcd_Cmd39
  _Lcd_Chr_CP
  _Lcd_Out_CP
  _Lcd_Chr
  _Lcd_Init
  _Lcd_Out
  L_Div_16x16_S0
  L_Div_16x16_S1
  LOOPS3232A
  SADD22LA
  SOK22LA
  SADD22L8
  SOK22L8
  LOOPS3232B
  SADD22LB
  SOK22LB
  SADD22L16
  SOK22L16
  LOOPS3232C
  SADD22LC
  SOK22LC
  SADD22L24
  SOK22L24
  LOOPS3232D
  SADD22LD
  SOK22LD
  SOK22L
  L_Div_32x32_S6
  L_Div_32x32_S7
  L_Div_32x32_S8
  L_Div_32x32_S9
  FXD3232S
  END_ALL
  CA3232S
  C3232SX
  C3232SX1
  C3232S
  C3232S2
  C3232SX4
  C3232SOK
  C3232SX3
  C3232SX2
  avoid_comfrem
  LOOPU3232A
  UADD22LA
  UOK22LA
  UADD22L8
  UOK22L8
  LOOPU3232B
  UADD22LB
  UOK22LB
  UADD22L16
  UOK22L16
  LOOPU3232C
  UADD22LC
  UOK22LC
  UADD22L24
  UOK22L24
  LOOPU3232D
  UADD22LD
  UOK22LD
  UOK22L
  _NEXT
  _EXIT2
  _LOOP
  _EXIT1
  _IF_FIRST
  _IF_SECOND
  _INVERCE_FIRST
  _MULT
  _INBERSE_SECOND
  _EXIT
  _Div_8x8_U
  _Div_16x16_U
  _Div_16x16_S_L
  _Div_16x16_S
  _Div_8x8_S
  _Mul_8x8_S
  _Mul_16x16_U
  _Mul_16x16_S
  _SDIV3232L
  _COMFREM
  _Div_32x32_S
  _Div_32x32_U
  _Mul_32x32_U
  _Mul_32x32_S
  _CC2D_Loop1
  _CC2DL_Loop1
  L_longjmp2
  ___CC2D
  ___CC2DW
  _____DoIFC
  _Swap
  _setjmp
  _longjmp
