;  LST file generated by mikroListExporter - v.2.0 
; Date/Time: 10/04/2020 16:07:46
;----------------------------------------------

;Address Opcode 	ASM
0x0000	0x283E      	GOTO       62
_Delay_22us:
;__Lib_Delays.c,15 :: 		void Delay_22us() {
;__Lib_Delays.c,16 :: 		Delay_us(22);
0x0003	0x3007      	MOVLW      7
0x0004	0x1283      	BCF        STATUS, 5
0x0005	0x00DD      	MOVWF      R13
L_Delay_22us1:
0x0006	0x0BDD      	DECFSZ     R13, 1
0x0007	0x2806      	GOTO       L_Delay_22us1
;__Lib_Delays.c,17 :: 		}
0x0008	0x0008      	RETURN
; end of _Delay_22us
_____DoICP:
;__Lib_System.c,6 :: 		
;__Lib_System.c,9 :: 		
0x0009	0x1283      	BCF        STATUS, 5
0x000A	0x0823      	MOVF       ___DoICPAddr+1, 0
0x000B	0x008A      	MOVWF      PCLATH
;__Lib_System.c,10 :: 		
0x000C	0x0822      	MOVF       ___DoICPAddr, 0
0x000D	0x0082      	MOVWF      PCL
;__Lib_System.c,12 :: 		
0x000E	0x0008      	RETURN
; end of _____DoICP
___CC2DW:
;__Lib_System.c,24 :: 		
;__Lib_System.c,27 :: 		
_CC2D_Loop1:
;__Lib_System.c,29 :: 		
0x000F	0x2009      	CALL       _____DoICP
0x0010	0x118A      	BCF        PCLATH, 3
0x0011	0x120A      	BCF        PCLATH, 4
;__Lib_System.c,31 :: 		
0x0012	0x0080      	MOVWF      INDF
;__Lib_System.c,32 :: 		
0x0013	0x0A84      	INCF       FSR, 1
;__Lib_System.c,33 :: 		
0x0014	0x0AA2      	INCF       ___DoICPAddr, 1
;__Lib_System.c,35 :: 		
0x0015	0x1903      	BTFSC      STATUS, 2
;__Lib_System.c,36 :: 		
0x0016	0x0AA3      	INCF       ___DoICPAddr+1, 1
;__Lib_System.c,37 :: 		
0x0017	0x03D0      	DECF       R0, 1
;__Lib_System.c,39 :: 		
0x0018	0x1D03      	BTFSS      STATUS, 2
;__Lib_System.c,40 :: 		
0x0019	0x280F      	GOTO       _CC2D_Loop1
;__Lib_System.c,42 :: 		
0x001A	0x0008      	RETURN
; end of ___CC2DW
_ADC_Read:
;__Lib_ADC_A_E.c,53 :: 		
;__Lib_ADC_A_E.c,55 :: 		
0x001B	0x30C3      	MOVLW      195
0x001C	0x1283      	BCF        STATUS, 5
0x001D	0x059F      	ANDWF      ADCON0, 1
;__Lib_ADC_A_E.c,60 :: 		
0x001E	0x30F0      	MOVLW      240
0x001F	0x059F      	ANDWF      ADCON0, 1
;__Lib_ADC_A_E.c,61 :: 		
0x0020	0x30F0      	MOVLW      240
0x0021	0x1683      	BSF        STATUS, 5
0x0022	0x049F      	IORWF      ANSEL, 1
;__Lib_ADC_A_E.c,62 :: 		
0x0023	0x1283      	BCF        STATUS, 5
0x0024	0x179F      	BSF        ADCON0, 7
;__Lib_ADC_A_E.c,63 :: 		
0x0025	0x0824      	MOVF       FARG_ADC_Read_channel, 0
0x0026	0x00D0      	MOVWF      R0
0x0027	0x0DD0      	RLF        R0, 1
0x0028	0x1050      	BCF        R0, 0
0x0029	0x0DD0      	RLF        R0, 1
0x002A	0x1050      	BCF        R0, 0
0x002B	0x0850      	MOVF       R0, 0
0x002C	0x049F      	IORWF      ADCON0, 1
;__Lib_ADC_A_E.c,66 :: 		
0x002D	0x141F      	BSF        ADCON0, 0
;__Lib_ADC_A_E.c,69 :: 		
0x002E	0x2003      	CALL       _Delay_22us
;__Lib_ADC_A_E.c,72 :: 		
0x002F	0x149F      	BSF        ADCON0, 1
;__Lib_ADC_A_E.c,75 :: 		
L_ADC_Read2:
0x0030	0x1C9F      	BTFSS      ADCON0, 1
0x0031	0x2834      	GOTO       L_ADC_Read3
;__Lib_ADC_A_E.c,76 :: 		
0x0032	0x0000      	NOP
0x0033	0x2830      	GOTO       L_ADC_Read2
L_ADC_Read3:
;__Lib_ADC_A_E.c,79 :: 		
0x0034	0x101F      	BCF        ADCON0, 0
;__Lib_ADC_A_E.c,82 :: 		
0x0035	0x081E      	MOVF       ADRESH, 0
0x0036	0x00D1      	MOVWF      R0+1
0x0037	0x01D0      	CLRF       R0
0x0038	0x1683      	BSF        STATUS, 5
0x0039	0x081E      	MOVF       ADRESL, 0
0x003A	0x04D0      	IORWF      R0, 1
0x003B	0x3000      	MOVLW      0
0x003C	0x04D1      	IORWF      R0+1, 1
;__Lib_ADC_A_E.c,83 :: 		
0x003D	0x0008      	RETURN
; end of _ADC_Read
_main:
0x003E	0x1283      	BCF        STATUS, 5
0x003F	0x01A0      	CLRF       _leituraADC
0x0040	0x01A1      	CLRF       33
;ADCSimples.c,8 :: 		void main() {
;ADCSimples.c,10 :: 		ANSEL = 1; // OU 0b00000001 Seleciona AN0 como entrada analógica
0x0041	0x3001      	MOVLW      1
0x0042	0x1683      	BSF        STATUS, 5
0x0043	0x009F      	MOVWF      ANSEL
;ADCSimples.c,11 :: 		ADCON0 = 1; // Seleciona a entrada AN0
0x0044	0x3001      	MOVLW      1
0x0045	0x1283      	BCF        STATUS, 5
0x0046	0x009F      	MOVWF      ADCON0
;ADCSimples.c,12 :: 		CMCON = 7;
0x0047	0x3007      	MOVLW      7
0x0048	0x0099      	MOVWF      CMCON
;ADCSimples.c,14 :: 		TRISIO = 1; // Ou 0b00000001 Habilita GP0 como entrada
0x0049	0x3001      	MOVLW      1
0x004A	0x1683      	BSF        STATUS, 5
0x004B	0x0085      	MOVWF      TRISIO
;ADCSimples.c,15 :: 		GPIO = 0; // Ou 0x00000000 Inicia todos em low
0x004C	0x1283      	BCF        STATUS, 5
0x004D	0x0185      	CLRF       GPIO
;ADCSimples.c,17 :: 		while(1){
L_main0:
;ADCSimples.c,18 :: 		leituraADC = ADC_Read(0);
0x004E	0x01A4      	CLRF       FARG_ADC_Read_channel
0x004F	0x201B      	CALL       _ADC_Read
0x0050	0x0850      	MOVF       R0, 0
0x0051	0x00A0      	MOVWF      _leituraADC
0x0052	0x0851      	MOVF       R0+1, 0
0x0053	0x00A1      	MOVWF      _leituraADC+1
;ADCSimples.c,20 :: 		if(leituraADC > 0){
0x0054	0x3080      	MOVLW      128
0x0055	0x00D2      	MOVWF      R2
0x0056	0x3080      	MOVLW      128
0x0057	0x0651      	XORWF      R0+1, 0
0x0058	0x0252      	SUBWF      R2, 0
0x0059	0x1D03      	BTFSS      STATUS, 2
0x005A	0x285D      	GOTO       L__main8
0x005B	0x0850      	MOVF       R0, 0
0x005C	0x3C00      	SUBLW      0
L__main8:
0x005D	0x1803      	BTFSC      STATUS, 0
0x005E	0x2864      	GOTO       L_main2
;ADCSimples.c,21 :: 		led1 = 0;
0x005F	0x1283      	BCF        STATUS, 5
0x0060	0x1285      	BCF        GPIO, 5
;ADCSimples.c,22 :: 		led2 = 0;
0x0061	0x1205      	BCF        GPIO, 4
;ADCSimples.c,23 :: 		led3 = 0;
0x0062	0x1105      	BCF        GPIO, 2
;ADCSimples.c,24 :: 		led4 = 0;
0x0063	0x1085      	BCF        GPIO, 1
;ADCSimples.c,25 :: 		}
L_main2:
;ADCSimples.c,27 :: 		if(leituraADC > 204){
0x0064	0x3080      	MOVLW      128
0x0065	0x00D0      	MOVWF      R0
0x0066	0x3080      	MOVLW      128
0x0067	0x0621      	XORWF      _leituraADC+1, 0
0x0068	0x0250      	SUBWF      R0, 0
0x0069	0x1D03      	BTFSS      STATUS, 2
0x006A	0x286D      	GOTO       L__main9
0x006B	0x0820      	MOVF       _leituraADC, 0
0x006C	0x3CCC      	SUBLW      204
L__main9:
0x006D	0x1803      	BTFSC      STATUS, 0
0x006E	0x2874      	GOTO       L_main3
;ADCSimples.c,28 :: 		led1 = 1;
0x006F	0x1283      	BCF        STATUS, 5
0x0070	0x1685      	BSF        GPIO, 5
;ADCSimples.c,29 :: 		led2 = 0;
0x0071	0x1205      	BCF        GPIO, 4
;ADCSimples.c,30 :: 		led3 = 0;
0x0072	0x1105      	BCF        GPIO, 2
;ADCSimples.c,31 :: 		led4 = 0;
0x0073	0x1085      	BCF        GPIO, 1
;ADCSimples.c,32 :: 		}
L_main3:
;ADCSimples.c,34 :: 		if(leituraADC > 408){
0x0074	0x3080      	MOVLW      128
0x0075	0x3A01      	XORLW      1
0x0076	0x00D0      	MOVWF      R0
0x0077	0x3080      	MOVLW      128
0x0078	0x0621      	XORWF      _leituraADC+1, 0
0x0079	0x0250      	SUBWF      R0, 0
0x007A	0x1D03      	BTFSS      STATUS, 2
0x007B	0x287E      	GOTO       L__main10
0x007C	0x0820      	MOVF       _leituraADC, 0
0x007D	0x3C98      	SUBLW      152
L__main10:
0x007E	0x1803      	BTFSC      STATUS, 0
0x007F	0x2885      	GOTO       L_main4
;ADCSimples.c,35 :: 		led1 = 1;
0x0080	0x1283      	BCF        STATUS, 5
0x0081	0x1685      	BSF        GPIO, 5
;ADCSimples.c,36 :: 		led2 = 1;
0x0082	0x1605      	BSF        GPIO, 4
;ADCSimples.c,37 :: 		led3 = 0;
0x0083	0x1105      	BCF        GPIO, 2
;ADCSimples.c,38 :: 		led4 = 0;
0x0084	0x1085      	BCF        GPIO, 1
;ADCSimples.c,39 :: 		}
L_main4:
;ADCSimples.c,41 :: 		if(leituraADC > 612){
0x0085	0x3080      	MOVLW      128
0x0086	0x3A02      	XORLW      2
0x0087	0x00D0      	MOVWF      R0
0x0088	0x3080      	MOVLW      128
0x0089	0x0621      	XORWF      _leituraADC+1, 0
0x008A	0x0250      	SUBWF      R0, 0
0x008B	0x1D03      	BTFSS      STATUS, 2
0x008C	0x288F      	GOTO       L__main11
0x008D	0x0820      	MOVF       _leituraADC, 0
0x008E	0x3C64      	SUBLW      100
L__main11:
0x008F	0x1803      	BTFSC      STATUS, 0
0x0090	0x2896      	GOTO       L_main5
;ADCSimples.c,42 :: 		led1 = 1;
0x0091	0x1283      	BCF        STATUS, 5
0x0092	0x1685      	BSF        GPIO, 5
;ADCSimples.c,43 :: 		led2 = 1;
0x0093	0x1605      	BSF        GPIO, 4
;ADCSimples.c,44 :: 		led3 = 1;
0x0094	0x1505      	BSF        GPIO, 2
;ADCSimples.c,45 :: 		led4 = 0;
0x0095	0x1085      	BCF        GPIO, 1
;ADCSimples.c,46 :: 		}
L_main5:
;ADCSimples.c,48 :: 		if(leituraADC > 816){
0x0096	0x3080      	MOVLW      128
0x0097	0x3A03      	XORLW      3
0x0098	0x00D0      	MOVWF      R0
0x0099	0x3080      	MOVLW      128
0x009A	0x0621      	XORWF      _leituraADC+1, 0
0x009B	0x0250      	SUBWF      R0, 0
0x009C	0x1D03      	BTFSS      STATUS, 2
0x009D	0x28A0      	GOTO       L__main12
0x009E	0x0820      	MOVF       _leituraADC, 0
0x009F	0x3C30      	SUBLW      48
L__main12:
0x00A0	0x1803      	BTFSC      STATUS, 0
0x00A1	0x28A7      	GOTO       L_main6
;ADCSimples.c,49 :: 		led1 = 1;
0x00A2	0x1283      	BCF        STATUS, 5
0x00A3	0x1685      	BSF        GPIO, 5
;ADCSimples.c,50 :: 		led2 = 1;
0x00A4	0x1605      	BSF        GPIO, 4
;ADCSimples.c,51 :: 		led3 = 1;
0x00A5	0x1505      	BSF        GPIO, 2
;ADCSimples.c,52 :: 		led4 = 1;
0x00A6	0x1485      	BSF        GPIO, 1
;ADCSimples.c,53 :: 		}
L_main6:
;ADCSimples.c,55 :: 		delay_ms(100); // Taxa de atualização do ADC
0x00A7	0x3082      	MOVLW      130
0x00A8	0x00DC      	MOVWF      R12
0x00A9	0x30DD      	MOVLW      221
0x00AA	0x00DD      	MOVWF      R13
L_main7:
0x00AB	0x0BDD      	DECFSZ     R13, 1
0x00AC	0x28AB      	GOTO       L_main7
0x00AD	0x0BDC      	DECFSZ     R12, 1
0x00AE	0x28AB      	GOTO       L_main7
0x00AF	0x0000      	NOP
0x00B0	0x0000      	NOP
;ADCSimples.c,56 :: 		}
0x00B1	0x284E      	GOTO       L_main0
;ADCSimples.c,59 :: 		}
0x00B2	0x28B2      	GOTO       $+0
; end of _main
Symbol List:
//** Routines locations **
//ADDRESS    SIZE    PROCEDURE
//----------------------------------------------
0x0003       [6]    _Delay_22us
0x0009       [6]    _____DoICP
0x000F      [12]    ___CC2DW
0x001B      [35]    _ADC_Read
0x003E     [117]    _main
//** Variables locations ** 
//ADDRESS    SIZE    VARIABLE
//----------------------------------------------
0x0000       [1]    INDF
0x0001       [1]    TMR0
0x0002       [1]    PCL
0x0003       [0]    RP0_bit
0x0003       [0]    NOT_TO_bit
0x0003       [0]    NOT_PD_bit
0x0003       [0]    DC_bit
0x0003       [0]    Z_bit
0x0003       [0]    RP1_bit
0x0003       [1]    STATUS
0x0003       [0]    C_bit
0x0003       [0]    IRP_bit
0x0004       [1]    FSRPTR
0x0004       [1]    FSR
0x0005       [0]    GP1_bit
0x0005       [0]    GP0_bit
0x0005       [0]    GP4_bit
0x0005       [0]    GP3_bit
0x0005       [1]    GPIO
0x0005       [0]    GP5_bit
0x0005       [0]    GP2_bit
0x000A       [1]    PCLATH
0x000B       [0]    T0IF_bit
0x000B       [0]    T0IE_bit
0x000B       [0]    GPIE_bit
0x000B       [0]    INTE_bit
0x000B       [0]    PEIE_bit
0x000B       [0]    GPIF_bit
0x000B       [0]    INTF_bit
0x000B       [0]    GIE_bit
0x000B       [1]    INTCON
0x000C       [0]    EEIF_bit
0x000C       [0]    CMIF_bit
0x000C       [0]    ADIF_bit
0x000C       [1]    PIR1
0x000C       [0]    TMR1IF_bit
0x000C       [0]    T1IF_bit
0x000E       [1]    TMR1L
0x000F       [1]    TMR1H
0x0010       [0]    TMR1GE_bit
0x0010       [0]    TMR1CS_bit
0x0010       [1]    T1CON
0x0010       [0]    NOT_T1SYNC_bit
0x0010       [0]    T1CKPS0_bit
0x0010       [0]    T1OSCEN_bit
0x0010       [0]    T1CKPS1_bit
0x0010       [0]    TMR1ON_bit
0x0019       [0]    CM2_bit
0x0019       [0]    CM1_bit
0x0019       [0]    CM0_bit
0x0019       [0]    CIS_bit
0x0019       [0]    COUT_bit
0x0019       [1]    CMCON
0x0019       [0]    CINV_bit
0x001E       [1]    ADRESH
0x001F       [0]    GO_bit
0x001F       [0]    NOT_DONE_bit
0x001F       [0]    GO_DONE_bit
0x001F       [1]    ADCON0
0x001F       [0]    ADON_bit
0x001F       [0]    VCFG_bit
0x001F       [0]    ADFM_bit
0x001F       [0]    CHS1_bit
0x001F       [0]    CHS0_bit
0x0020       [2]    _leituraADC
0x0022       [2]    ___DoICPAddr
0x0024       [1]    FARG_ADC_Read_channel
0x0050       [1]    R0
0x0051       [1]    R1
0x0052       [1]    R2
0x0053       [1]    R3
0x0054       [1]    R4
0x0055       [1]    R5
0x0056       [1]    R6
0x0057       [1]    R7
0x0058       [1]    R8
0x0059       [1]    R9
0x005A       [1]    R10
0x005B       [1]    R11
0x005C       [1]    R12
0x005D       [1]    R13
0x005E       [1]    R14
0x005F       [1]    R15
0x0081       [0]    NOT_GPPU_bit
0x0081       [1]    OPTION_REG
0x0081       [0]    T0CS_bit
0x0081       [0]    INTEDG_bit
0x0081       [0]    T0SE_bit
0x0081       [0]    PS2_bit
0x0081       [0]    PSA_bit
0x0081       [0]    PS0_bit
0x0081       [0]    PS1_bit
0x0085       [0]    TRISIO2_bit
0x0085       [0]    TRISIO3_bit
0x0085       [0]    TRISIO0_bit
0x0085       [0]    TRISIO1_bit
0x0085       [1]    TRISIO
0x0085       [0]    TRISIO5_bit
0x0085       [0]    TRISIO4_bit
0x008C       [1]    PIE1
0x008C       [0]    ADIE_bit
0x008C       [0]    EEIE_bit
0x008C       [0]    CMIE_bit
0x008C       [0]    TMR1IE_bit
0x008C       [0]    T1IE_bit
0x008E       [1]    PCON
0x008E       [0]    NOT_POR_bit
0x008E       [0]    NOT_BOD_bit
0x0090       [0]    CAL2_bit
0x0090       [0]    CAL3_bit
0x0090       [0]    CAL4_bit
0x0090       [0]    CAL0_bit
0x0090       [0]    CAL1_bit
0x0090       [1]    OSCCAL
0x0090       [0]    CAL5_bit
0x0095       [0]    WPU1_bit
0x0095       [1]    WPU
0x0095       [0]    WPU0_bit
0x0095       [0]    WPU5_bit
0x0095       [0]    WPU4_bit
0x0095       [0]    WPU2_bit
0x0096       [0]    IOCB0_bit
0x0096       [1]    IOCB
0x0096       [1]    IOC
0x0096       [0]    IOCB4_bit
0x0096       [0]    IOCB5_bit
0x0096       [0]    IOCB3_bit
0x0096       [0]    IOCB1_bit
0x0096       [0]    IOCB2_bit
0x0099       [1]    VRCON
0x0099       [0]    VR0_bit
0x0099       [0]    VR3_bit
0x0099       [0]    VRR_bit
0x0099       [0]    VR1_bit
0x0099       [0]    VR2_bit
0x0099       [0]    VREN_bit
0x009A       [1]    EEDATA
0x009A       [1]    EEDAT
0x009B       [1]    EEADR
0x009C       [1]    EECON1
0x009C       [0]    WR_bit
0x009C       [0]    RD_bit
0x009C       [0]    WRERR_bit
0x009C       [0]    WREN_bit
0x009D       [1]    EECON2
0x009E       [1]    ADRESL
0x009F       [0]    ANS0_bit
0x009F       [0]    ANS1_bit
0x009F       [0]    ANS3_bit
0x009F       [1]    ANSEL
0x009F       [0]    ANS2_bit
0x009F       [0]    ADCS2_bit
0x009F       [0]    ADCS1_bit
0x009F       [0]    ADCS0_bit
//** Label List: ** 
//----------------------------------------------
  L_main0
  L_main1
  L_main2
  L_main3
  L_main4
  L_main5
  L_main6
  L_main7
  _main
  L__main8
  L__main9
  L__main10
  L__main11
  L__main12
  L_ADC_Get_Sample0
  L_ADC_Get_Sample1
  L_ADC_Read2
  L_ADC_Read3
  _ADC_Init
  _ADC_Get_Sample
  _ADC_Read
  L_Delay_10us0
  L_Delay_22us1
  L_Delay_50us2
  L_Delay_80us3
  L_Delay_500us4
  L_Delay_5500us5
  L_Delay_1ms6
  L_Delay_5ms7
  L_Delay_8ms8
  L_Delay_100ms9
  L_Delay_1sec10
  L_boot16_Delay_5ms11
  L_Delay_Cyc12
  L_Delay_Cyc13
  L_VDelay_ms14
  L_VDelay_ms15
  L_VDelay_ms16
  L_VDelay_Advanced_ms17
  L_VDelay_Advanced_ms18
  L_VDelay_Advanced_ms19
  _Get_Fosc_kHz
  _Delay_1us
  _Delay_10us
  _Delay_22us
  _Delay_50us
  _Delay_80us
  _Delay_500us
  _Delay_5500us
  _Delay_1ms
  _Delay_5ms
  _Delay_8ms
  _Delay_100ms
  _Delay_1sec
  _boot16_Delay_5ms
  _Delay_Cyc
  _VDelay_ms
  L__VDelay_ms20
  L__VDelay_ms21
  L__VDelay_ms22
  _VDelay_Advanced_ms
  L__VDelay_Advanced_ms23
  L__VDelay_Advanced_ms24
  L__VDelay_Advanced_ms25
  _CC2D_Loop1
  _____DoICP
  _____DoIFC
  ___CC2DW
  _Swap
