;  LST file generated by mikroListExporter - v.2.0 
; Date/Time: 18/05/2020 23:18:30
;----------------------------------------------

;Address Opcode 	ASM
0x0000	0x2A9F      	GOTO       671
_interrupt:
0x0004	0x00FF      	MOVWF      R15
0x0005	0x0E03      	SWAPF      STATUS, 0
0x0006	0x0183      	CLRF       STATUS
0x0007	0x00C2      	MOVWF      ___saveSTATUS
0x0008	0x080A      	MOVF       PCLATH, 0
0x0009	0x00C1      	MOVWF      ___savePCLATH
0x000A	0x018A      	CLRF       PCLATH
0x000B	0x0870      	MOVF       R0, 0
0x000C	0x00A0      	MOVWF      32
;PWM4Interrupcoes.c,61 :: 		void interrupt(){
;PWM4Interrupcoes.c,63 :: 		if(INTF_bit){
0x000D	0x1C8B      	BTFSS      INTF_bit, 1
0x000E	0x2817      	GOTO       L_interrupt0
;PWM4Interrupcoes.c,65 :: 		INTF_bit = 0x00;
0x000F	0x108B      	BCF        INTF_bit, 1
;PWM4Interrupcoes.c,67 :: 		controlPWM++;
0x0010	0x0AB3      	INCF       _controlPWM, 1
;PWM4Interrupcoes.c,69 :: 		if(controlPWM > 3) controlPWM = 0x01;
0x0011	0x0833      	MOVF       _controlPWM, 0
0x0012	0x3C03      	SUBLW      3
0x0013	0x1803      	BTFSC      STATUS, 0
0x0014	0x2817      	GOTO       L_interrupt1
0x0015	0x3001      	MOVLW      1
0x0016	0x00B3      	MOVWF      _controlPWM
L_interrupt1:
;PWM4Interrupcoes.c,70 :: 		}
L_interrupt0:
;PWM4Interrupcoes.c,72 :: 		if(T0IF_bit){
0x0017	0x1D0B      	BTFSS      T0IF_bit, 2
0x0018	0x2824      	GOTO       L_interrupt2
;PWM4Interrupcoes.c,74 :: 		T0IF_bit = 0x00;
0x0019	0x110B      	BCF        T0IF_bit, 2
;PWM4Interrupcoes.c,76 :: 		if(pwmOut1){
0x001A	0x1C05      	BTFSS      RA0_bit, 0
0x001B	0x2820      	GOTO       L_interrupt3
;PWM4Interrupcoes.c,78 :: 		TMR0 = PWM1;
0x001C	0x0840      	MOVF       _PWM1, 0
0x001D	0x0081      	MOVWF      TMR0
;PWM4Interrupcoes.c,79 :: 		pwmOut1 = 0x00;
0x001E	0x1005      	BCF        RA0_bit, 0
;PWM4Interrupcoes.c,80 :: 		}
0x001F	0x2824      	GOTO       L_interrupt4
L_interrupt3:
;PWM4Interrupcoes.c,83 :: 		TMR0 = 255 - PWM1;
0x0020	0x0840      	MOVF       _PWM1, 0
0x0021	0x3CFF      	SUBLW      255
0x0022	0x0081      	MOVWF      TMR0
;PWM4Interrupcoes.c,84 :: 		pwmOut1 = 0x01;
0x0023	0x1405      	BSF        RA0_bit, 0
;PWM4Interrupcoes.c,85 :: 		}
L_interrupt4:
;PWM4Interrupcoes.c,86 :: 		}
L_interrupt2:
;PWM4Interrupcoes.c,88 :: 		if(TMR1IF_bit){
0x0024	0x1C0C      	BTFSS      TMR1IF_bit, 0
0x0025	0x2833      	GOTO       L_interrupt5
;PWM4Interrupcoes.c,90 :: 		TMR1IF_bit = 0x00;
0x0026	0x100C      	BCF        TMR1IF_bit, 0
;PWM4Interrupcoes.c,91 :: 		TMR1H = 0xFF;
0x0027	0x30FF      	MOVLW      255
0x0028	0x008F      	MOVWF      TMR1H
;PWM4Interrupcoes.c,93 :: 		if(pwmOut2){
0x0029	0x1E05      	BTFSS      RA4_bit, 4
0x002A	0x282F      	GOTO       L_interrupt6
;PWM4Interrupcoes.c,95 :: 		TMR1L = PWM2;
0x002B	0x083F      	MOVF       _PWM2, 0
0x002C	0x008E      	MOVWF      TMR1L
;PWM4Interrupcoes.c,96 :: 		pwmOut2 = 0x00;
0x002D	0x1205      	BCF        RA4_bit, 4
;PWM4Interrupcoes.c,97 :: 		}
0x002E	0x2833      	GOTO       L_interrupt7
L_interrupt6:
;PWM4Interrupcoes.c,100 :: 		TMR1L = 255 - PWM2;
0x002F	0x083F      	MOVF       _PWM2, 0
0x0030	0x3CFF      	SUBLW      255
0x0031	0x008E      	MOVWF      TMR1L
;PWM4Interrupcoes.c,101 :: 		pwmOut2 = 0x01;
0x0032	0x1605      	BSF        RA4_bit, 4
;PWM4Interrupcoes.c,102 :: 		}
L_interrupt7:
;PWM4Interrupcoes.c,103 :: 		}
L_interrupt5:
;PWM4Interrupcoes.c,105 :: 		if(TMR2IF_bit){
0x0033	0x1C8C      	BTFSS      TMR2IF_bit, 1
0x0034	0x2840      	GOTO       L_interrupt8
;PWM4Interrupcoes.c,107 :: 		TMR2IF_bit = 0x00;
0x0035	0x108C      	BCF        TMR2IF_bit, 1
;PWM4Interrupcoes.c,109 :: 		if(pwmOut3){
0x0036	0x1C86      	BTFSS      RB1_bit, 1
0x0037	0x283C      	GOTO       L_interrupt9
;PWM4Interrupcoes.c,111 :: 		TMR2 = PWM3;
0x0038	0x083E      	MOVF       _PWM3, 0
0x0039	0x0091      	MOVWF      TMR2
;PWM4Interrupcoes.c,112 :: 		pwmOut3 = 0x00;
0x003A	0x1086      	BCF        RB1_bit, 1
;PWM4Interrupcoes.c,113 :: 		}
0x003B	0x2840      	GOTO       L_interrupt10
L_interrupt9:
;PWM4Interrupcoes.c,116 :: 		TMR2 = 255 - PWM3;
0x003C	0x083E      	MOVF       _PWM3, 0
0x003D	0x3CFF      	SUBLW      255
0x003E	0x0091      	MOVWF      TMR2
;PWM4Interrupcoes.c,117 :: 		pwmOut3 = 0x01;
0x003F	0x1486      	BSF        RB1_bit, 1
;PWM4Interrupcoes.c,118 :: 		}
L_interrupt10:
;PWM4Interrupcoes.c,119 :: 		}
L_interrupt8:
;PWM4Interrupcoes.c,120 :: 		}
L__interrupt39:
0x0040	0x0820      	MOVF       32, 0
0x0041	0x00F0      	MOVWF      R0
0x0042	0x0841      	MOVF       ___savePCLATH, 0
0x0043	0x008A      	MOVWF      PCLATH
0x0044	0x0E42      	SWAPF      ___saveSTATUS, 0
0x0045	0x0083      	MOVWF      STATUS
0x0046	0x0EFF      	SWAPF      R15, 1
0x0047	0x0E7F      	SWAPF      R15, 0
0x0048	0x0009      	RETFIE
; end of _interrupt
_Delay_1us:
;__Lib_Delays.c,7 :: 		void Delay_1us() {
;__Lib_Delays.c,8 :: 		Delay_us(1);
0x0049	0x0000      	NOP
;__Lib_Delays.c,9 :: 		}
0x004A	0x0008      	RETURN
; end of _Delay_1us
_Delay_5500us:
;__Lib_Delays.c,31 :: 		void Delay_5500us() {
;__Lib_Delays.c,32 :: 		Delay_us(5500);
0x004B	0x3008      	MOVLW      8
0x004C	0x1283      	BCF        STATUS, 5
0x004D	0x1303      	BCF        STATUS, 6
0x004E	0x00FC      	MOVWF      R12
0x004F	0x3023      	MOVLW      35
0x0050	0x00FD      	MOVWF      R13
L_Delay_5500us5:
0x0051	0x0BFD      	DECFSZ     R13, 1
0x0052	0x2851      	GOTO       L_Delay_5500us5
0x0053	0x0BFC      	DECFSZ     R12, 1
0x0054	0x2851      	GOTO       L_Delay_5500us5
;__Lib_Delays.c,33 :: 		}
0x0055	0x0008      	RETURN
; end of _Delay_5500us
_Delay_50us:
;__Lib_Delays.c,19 :: 		void Delay_50us() {
;__Lib_Delays.c,20 :: 		Delay_us(50);
0x0056	0x3010      	MOVLW      16
0x0057	0x1283      	BCF        STATUS, 5
0x0058	0x1303      	BCF        STATUS, 6
0x0059	0x00FD      	MOVWF      R13
L_Delay_50us2:
0x005A	0x0BFD      	DECFSZ     R13, 1
0x005B	0x285A      	GOTO       L_Delay_50us2
0x005C	0x0000      	NOP
;__Lib_Delays.c,21 :: 		}
0x005D	0x0008      	RETURN
; end of _Delay_50us
_Lcd_Cmd:
;__Lib_Lcd.c,18 :: 		
;__Lib_Lcd.c,20 :: 		
0x005E	0x1283      	BCF        STATUS, 5
0x005F	0x1303      	BCF        STATUS, 6
0x0060	0x1BD1      	BTFSC      FARG_Lcd_Cmd_out_char, 7
0x0061	0x2864      	GOTO       L__Lcd_Cmd20
0x0062	0x1386      	BCF        LCD_D7, BitPos(LCD_D7+0)
0x0063	0x2865      	GOTO       L__Lcd_Cmd21
L__Lcd_Cmd20:
0x0064	0x1786      	BSF        LCD_D7, BitPos(LCD_D7+0)
L__Lcd_Cmd21:
;__Lib_Lcd.c,21 :: 		
0x0065	0x1B51      	BTFSC      FARG_Lcd_Cmd_out_char, 6
0x0066	0x2869      	GOTO       L__Lcd_Cmd22
0x0067	0x1306      	BCF        LCD_D6, BitPos(LCD_D6+0)
0x0068	0x286A      	GOTO       L__Lcd_Cmd23
L__Lcd_Cmd22:
0x0069	0x1706      	BSF        LCD_D6, BitPos(LCD_D6+0)
L__Lcd_Cmd23:
;__Lib_Lcd.c,22 :: 		
0x006A	0x1AD1      	BTFSC      FARG_Lcd_Cmd_out_char, 5
0x006B	0x286E      	GOTO       L__Lcd_Cmd24
0x006C	0x1286      	BCF        LCD_D5, BitPos(LCD_D5+0)
0x006D	0x286F      	GOTO       L__Lcd_Cmd25
L__Lcd_Cmd24:
0x006E	0x1686      	BSF        LCD_D5, BitPos(LCD_D5+0)
L__Lcd_Cmd25:
;__Lib_Lcd.c,23 :: 		
0x006F	0x1A51      	BTFSC      FARG_Lcd_Cmd_out_char, 4
0x0070	0x2873      	GOTO       L__Lcd_Cmd26
0x0071	0x1206      	BCF        LCD_D4, BitPos(LCD_D4+0)
0x0072	0x2874      	GOTO       L__Lcd_Cmd27
L__Lcd_Cmd26:
0x0073	0x1606      	BSF        LCD_D4, BitPos(LCD_D4+0)
L__Lcd_Cmd27:
;__Lib_Lcd.c,25 :: 		
0x0074	0x183D      	BTFSC      __Lib_Lcd_cmd_status, BitPos(__Lib_Lcd_cmd_status+0)
0x0075	0x2878      	GOTO       L__Lcd_Cmd28
0x0076	0x1506      	BSF        LCD_RS, BitPos(LCD_RS+0)
0x0077	0x2879      	GOTO       L__Lcd_Cmd29
L__Lcd_Cmd28:
0x0078	0x1106      	BCF        LCD_RS, BitPos(LCD_RS+0)
L__Lcd_Cmd29:
;__Lib_Lcd.c,28 :: 		
0x0079	0x1586      	BSF        LCD_EN, BitPos(LCD_EN+0)
;__Lib_Lcd.c,29 :: 		
0x007A	0x2049      	CALL       _Delay_1us
;__Lib_Lcd.c,30 :: 		
0x007B	0x1186      	BCF        LCD_EN, BitPos(LCD_EN+0)
;__Lib_Lcd.c,33 :: 		
0x007C	0x19D1      	BTFSC      FARG_Lcd_Cmd_out_char, 3
0x007D	0x2880      	GOTO       L__Lcd_Cmd30
0x007E	0x1386      	BCF        LCD_D7, BitPos(LCD_D7+0)
0x007F	0x2881      	GOTO       L__Lcd_Cmd31
L__Lcd_Cmd30:
0x0080	0x1786      	BSF        LCD_D7, BitPos(LCD_D7+0)
L__Lcd_Cmd31:
;__Lib_Lcd.c,34 :: 		
0x0081	0x1951      	BTFSC      FARG_Lcd_Cmd_out_char, 2
0x0082	0x2885      	GOTO       L__Lcd_Cmd32
0x0083	0x1306      	BCF        LCD_D6, BitPos(LCD_D6+0)
0x0084	0x2886      	GOTO       L__Lcd_Cmd33
L__Lcd_Cmd32:
0x0085	0x1706      	BSF        LCD_D6, BitPos(LCD_D6+0)
L__Lcd_Cmd33:
;__Lib_Lcd.c,35 :: 		
0x0086	0x18D1      	BTFSC      FARG_Lcd_Cmd_out_char, 1
0x0087	0x288A      	GOTO       L__Lcd_Cmd34
0x0088	0x1286      	BCF        LCD_D5, BitPos(LCD_D5+0)
0x0089	0x288B      	GOTO       L__Lcd_Cmd35
L__Lcd_Cmd34:
0x008A	0x1686      	BSF        LCD_D5, BitPos(LCD_D5+0)
L__Lcd_Cmd35:
;__Lib_Lcd.c,36 :: 		
0x008B	0x1851      	BTFSC      FARG_Lcd_Cmd_out_char, 0
0x008C	0x288F      	GOTO       L__Lcd_Cmd36
0x008D	0x1206      	BCF        LCD_D4, BitPos(LCD_D4+0)
0x008E	0x2890      	GOTO       L__Lcd_Cmd37
L__Lcd_Cmd36:
0x008F	0x1606      	BSF        LCD_D4, BitPos(LCD_D4+0)
L__Lcd_Cmd37:
;__Lib_Lcd.c,38 :: 		
0x0090	0x183D      	BTFSC      __Lib_Lcd_cmd_status, BitPos(__Lib_Lcd_cmd_status+0)
0x0091	0x2894      	GOTO       L__Lcd_Cmd38
0x0092	0x1506      	BSF        LCD_RS, BitPos(LCD_RS+0)
0x0093	0x2895      	GOTO       L__Lcd_Cmd39
L__Lcd_Cmd38:
0x0094	0x1106      	BCF        LCD_RS, BitPos(LCD_RS+0)
L__Lcd_Cmd39:
;__Lib_Lcd.c,40 :: 		
0x0095	0x1586      	BSF        LCD_EN, BitPos(LCD_EN+0)
;__Lib_Lcd.c,41 :: 		
0x0096	0x2049      	CALL       _Delay_1us
;__Lib_Lcd.c,42 :: 		
0x0097	0x1186      	BCF        LCD_EN, BitPos(LCD_EN+0)
;__Lib_Lcd.c,44 :: 		
0x0098	0x1C3D      	BTFSS      __Lib_Lcd_cmd_status, BitPos(__Lib_Lcd_cmd_status+0)
0x0099	0x289C      	GOTO       L_Lcd_Cmd0
;__Lib_Lcd.c,45 :: 		
0x009A	0x204B      	CALL       _Delay_5500us
0x009B	0x289D      	GOTO       L_Lcd_Cmd1
L_Lcd_Cmd0:
;__Lib_Lcd.c,47 :: 		
0x009C	0x2056      	CALL       _Delay_50us
L_Lcd_Cmd1:
;__Lib_Lcd.c,48 :: 		
0x009D	0x0008      	RETURN
; end of _Lcd_Cmd
_Div_16x16_U:
;__Lib_Math.c,215 :: 		
;__Lib_Math.c,222 :: 		
0x009E	0x1283      	BCF        STATUS, 5
;__Lib_Math.c,223 :: 		
0x009F	0x1303      	BCF        STATUS, 6
;__Lib_Math.c,224 :: 		
0x00A0	0x01F8      	CLRF       R8
;__Lib_Math.c,225 :: 		
0x00A1	0x01F9      	CLRF       R9
;__Lib_Math.c,226 :: 		
0x00A2	0x3010      	MOVLW      16
;__Lib_Math.c,227 :: 		
0x00A3	0x00FC      	MOVWF      R12
;__Lib_Math.c,228 :: 		
0x00A4	0x0D71      	RLF        R1, 0
;__Lib_Math.c,229 :: 		
0x00A5	0x0DF8      	RLF        R8, 1
;__Lib_Math.c,230 :: 		
0x00A6	0x0DF9      	RLF        R9, 1
;__Lib_Math.c,231 :: 		
0x00A7	0x0874      	MOVF       R4, 0
;__Lib_Math.c,232 :: 		
0x00A8	0x02F8      	SUBWF      R8, 1
;__Lib_Math.c,233 :: 		
0x00A9	0x0875      	MOVF       R5, 0
;__Lib_Math.c,234 :: 		
0x00AA	0x1C03      	BTFSS      STATUS, 0
;__Lib_Math.c,235 :: 		
0x00AB	0x0F75      	INCFSZ     R5, 0
;__Lib_Math.c,236 :: 		
0x00AC	0x02F9      	SUBWF      R9, 1
;__Lib_Math.c,237 :: 		
0x00AD	0x1803      	BTFSC      STATUS, 0
;__Lib_Math.c,238 :: 		
0x00AE	0x28B6      	GOTO       $+8
;__Lib_Math.c,239 :: 		
0x00AF	0x0874      	MOVF       R4, 0
;__Lib_Math.c,240 :: 		
0x00B0	0x07F8      	ADDWF      R8, 1
;__Lib_Math.c,241 :: 		
0x00B1	0x0875      	MOVF       R5, 0
;__Lib_Math.c,242 :: 		
0x00B2	0x1803      	BTFSC      STATUS, 0
;__Lib_Math.c,243 :: 		
0x00B3	0x0F75      	INCFSZ     R5, 0
;__Lib_Math.c,244 :: 		
0x00B4	0x07F9      	ADDWF      R9, 1
;__Lib_Math.c,245 :: 		
0x00B5	0x1003      	BCF        STATUS, 0
;__Lib_Math.c,246 :: 		
0x00B6	0x0DF0      	RLF        R0, 1
;__Lib_Math.c,247 :: 		
0x00B7	0x0DF1      	RLF        R1, 1
;__Lib_Math.c,248 :: 		
0x00B8	0x0BFC      	DECFSZ     R12, 1
;__Lib_Math.c,249 :: 		
0x00B9	0x28A4      	GOTO       $-21
;__Lib_Math.c,251 :: 		
0x00BA	0x0008      	RETURN
; end of _Div_16x16_U
_WordToStr:
;__Lib_Conversions.c,84 :: 		
;__Lib_Conversions.c,89 :: 		
0x00BB	0x1283      	BCF        STATUS, 5
0x00BC	0x1303      	BCF        STATUS, 6
0x00BD	0x01CF      	CLRF       WordToStr_len_L0
L_WordToStr6:
0x00BE	0x3005      	MOVLW      5
0x00BF	0x024F      	SUBWF      WordToStr_len_L0, 0
0x00C0	0x1803      	BTFSC      STATUS, 0
0x00C1	0x28C9      	GOTO       L_WordToStr7
;__Lib_Conversions.c,90 :: 		
0x00C2	0x084F      	MOVF       WordToStr_len_L0, 0
0x00C3	0x074E      	ADDWF      FARG_WordToStr_output, 0
0x00C4	0x0084      	MOVWF      FSR
0x00C5	0x3020      	MOVLW      32
0x00C6	0x0080      	MOVWF      INDF
;__Lib_Conversions.c,89 :: 		
0x00C7	0x0ACF      	INCF       WordToStr_len_L0, 1
;__Lib_Conversions.c,90 :: 		
0x00C8	0x28BE      	GOTO       L_WordToStr6
L_WordToStr7:
;__Lib_Conversions.c,91 :: 		
0x00C9	0x084F      	MOVF       WordToStr_len_L0, 0
0x00CA	0x074E      	ADDWF      FARG_WordToStr_output, 0
0x00CB	0x0084      	MOVWF      FSR
0x00CC	0x0180      	CLRF       INDF
0x00CD	0x03CF      	DECF       WordToStr_len_L0, 1
;__Lib_Conversions.c,93 :: 		
L_WordToStr9:
;__Lib_Conversions.c,94 :: 		
0x00CE	0x084F      	MOVF       WordToStr_len_L0, 0
0x00CF	0x074E      	ADDWF      FARG_WordToStr_output, 0
0x00D0	0x00D0      	MOVWF      FLOC__WordToStr
0x00D1	0x300A      	MOVLW      10
0x00D2	0x00F4      	MOVWF      R4
0x00D3	0x01F5      	CLRF       R4+1
0x00D4	0x084C      	MOVF       FARG_WordToStr_input, 0
0x00D5	0x00F0      	MOVWF      R0
0x00D6	0x084D      	MOVF       FARG_WordToStr_input+1, 0
0x00D7	0x00F1      	MOVWF      R0+1
0x00D8	0x209E      	CALL       _Div_16x16_U
0x00D9	0x0878      	MOVF       R8, 0
0x00DA	0x00F0      	MOVWF      R0
0x00DB	0x0879      	MOVF       R8+1, 0
0x00DC	0x00F1      	MOVWF      R0+1
0x00DD	0x3030      	MOVLW      48
0x00DE	0x07F0      	ADDWF      R0, 1
0x00DF	0x0850      	MOVF       FLOC__WordToStr, 0
0x00E0	0x0084      	MOVWF      FSR
0x00E1	0x0870      	MOVF       R0, 0
0x00E2	0x0080      	MOVWF      INDF
;__Lib_Conversions.c,95 :: 		
0x00E3	0x300A      	MOVLW      10
0x00E4	0x00F4      	MOVWF      R4
0x00E5	0x01F5      	CLRF       R4+1
0x00E6	0x084C      	MOVF       FARG_WordToStr_input, 0
0x00E7	0x00F0      	MOVWF      R0
0x00E8	0x084D      	MOVF       FARG_WordToStr_input+1, 0
0x00E9	0x00F1      	MOVWF      R0+1
0x00EA	0x209E      	CALL       _Div_16x16_U
0x00EB	0x0870      	MOVF       R0, 0
0x00EC	0x00CC      	MOVWF      FARG_WordToStr_input
0x00ED	0x0871      	MOVF       R0+1, 0
0x00EE	0x00CD      	MOVWF      FARG_WordToStr_input+1
;__Lib_Conversions.c,96 :: 		
0x00EF	0x3000      	MOVLW      0
0x00F0	0x0671      	XORWF      R0+1, 0
0x00F1	0x1D03      	BTFSS      STATUS, 2
0x00F2	0x28F5      	GOTO       L__WordToStr96
0x00F3	0x3000      	MOVLW      0
0x00F4	0x0670      	XORWF      R0, 0
L__WordToStr96:
0x00F5	0x1D03      	BTFSS      STATUS, 2
0x00F6	0x28F8      	GOTO       L_WordToStr11
;__Lib_Conversions.c,97 :: 		
0x00F7	0x28FA      	GOTO       L_WordToStr10
L_WordToStr11:
;__Lib_Conversions.c,98 :: 		
0x00F8	0x03CF      	DECF       WordToStr_len_L0, 1
;__Lib_Conversions.c,99 :: 		
0x00F9	0x28CE      	GOTO       L_WordToStr9
L_WordToStr10:
;__Lib_Conversions.c,100 :: 		
0x00FA	0x0008      	RETURN
; end of _WordToStr
_Lcd_Chr_CP:
;__Lib_Lcd.c,50 :: 		
;__Lib_Lcd.c,52 :: 		
0x00FB	0x1283      	BCF        STATUS, 5
0x00FC	0x1303      	BCF        STATUS, 6
0x00FD	0x103D      	BCF        __Lib_Lcd_cmd_status, BitPos(__Lib_Lcd_cmd_status+0)
;__Lib_Lcd.c,53 :: 		
0x00FE	0x084C      	MOVF       FARG_Lcd_Chr_CP_out_char, 0
0x00FF	0x00D1      	MOVWF      FARG_Lcd_Cmd_out_char
0x0100	0x205E      	CALL       _Lcd_Cmd
;__Lib_Lcd.c,54 :: 		
0x0101	0x143D      	BSF        __Lib_Lcd_cmd_status, BitPos(__Lib_Lcd_cmd_status+0)
;__Lib_Lcd.c,55 :: 		
0x0102	0x0008      	RETURN
; end of _Lcd_Chr_CP
_IntToStr:
;__Lib_Conversions.c,146 :: 		
;__Lib_Conversions.c,152 :: 		
0x0103	0x1283      	BCF        STATUS, 5
0x0104	0x1303      	BCF        STATUS, 6
0x0105	0x01C8      	CLRF       IntToStr_negative_L0
0x0106	0x01C9      	CLRF       IntToStr_negative_L0+1
;__Lib_Conversions.c,153 :: 		
0x0107	0x0843      	MOVF       FARG_IntToStr_input, 0
0x0108	0x00CA      	MOVWF      IntToStr_inword_L0
0x0109	0x0844      	MOVF       FARG_IntToStr_input+1, 0
0x010A	0x00CB      	MOVWF      IntToStr_inword_L0+1
;__Lib_Conversions.c,154 :: 		
0x010B	0x3080      	MOVLW      128
0x010C	0x0644      	XORWF      FARG_IntToStr_input+1, 0
0x010D	0x00F0      	MOVWF      R0
0x010E	0x3080      	MOVLW      128
0x010F	0x0270      	SUBWF      R0, 0
0x0110	0x1D03      	BTFSS      STATUS, 2
0x0111	0x2914      	GOTO       L__IntToStr99
0x0112	0x3000      	MOVLW      0
0x0113	0x0243      	SUBWF      FARG_IntToStr_input, 0
L__IntToStr99:
0x0114	0x1803      	BTFSC      STATUS, 0
0x0115	0x2922      	GOTO       L_IntToStr23
;__Lib_Conversions.c,155 :: 		
0x0116	0x3001      	MOVLW      1
0x0117	0x00C8      	MOVWF      IntToStr_negative_L0
0x0118	0x3000      	MOVLW      0
0x0119	0x00C9      	MOVWF      IntToStr_negative_L0+1
;__Lib_Conversions.c,156 :: 		
0x011A	0x0843      	MOVF       FARG_IntToStr_input, 0
0x011B	0x3C00      	SUBLW      0
0x011C	0x00CA      	MOVWF      IntToStr_inword_L0
0x011D	0x0844      	MOVF       FARG_IntToStr_input+1, 0
0x011E	0x1C03      	BTFSS      STATUS, 0
0x011F	0x3E01      	ADDLW      1
0x0120	0x01CB      	CLRF       IntToStr_inword_L0+1
0x0121	0x02CB      	SUBWF      IntToStr_inword_L0+1, 1
;__Lib_Conversions.c,157 :: 		
L_IntToStr23:
;__Lib_Conversions.c,158 :: 		
0x0122	0x084A      	MOVF       IntToStr_inword_L0, 0
0x0123	0x00CC      	MOVWF      FARG_WordToStr_input
0x0124	0x084B      	MOVF       IntToStr_inword_L0+1, 0
0x0125	0x00CD      	MOVWF      FARG_WordToStr_input+1
0x0126	0x0845      	MOVF       FARG_IntToStr_output, 0
0x0127	0x00CE      	MOVWF      FARG_WordToStr_output
0x0128	0x20BB      	CALL       _WordToStr
;__Lib_Conversions.c,160 :: 		
0x0129	0x3006      	MOVLW      6
0x012A	0x00C6      	MOVWF      IntToStr_i_L0
0x012B	0x3000      	MOVLW      0
0x012C	0x00C7      	MOVWF      IntToStr_i_L0+1
;__Lib_Conversions.c,161 :: 		
L_IntToStr24:
0x012D	0x0847      	MOVF       IntToStr_i_L0+1, 0
0x012E	0x3C00      	SUBLW      0
0x012F	0x1D03      	BTFSS      STATUS, 2
0x0130	0x2933      	GOTO       L__IntToStr100
0x0131	0x0846      	MOVF       IntToStr_i_L0, 0
0x0132	0x3C00      	SUBLW      0
L__IntToStr100:
0x0133	0x1803      	BTFSC      STATUS, 0
0x0134	0x294E      	GOTO       L_IntToStr25
;__Lib_Conversions.c,162 :: 		
0x0135	0x0846      	MOVF       IntToStr_i_L0, 0
0x0136	0x0745      	ADDWF      FARG_IntToStr_output, 0
0x0137	0x00F2      	MOVWF      R2
0x0138	0x3001      	MOVLW      1
0x0139	0x0246      	SUBWF      IntToStr_i_L0, 0
0x013A	0x00F0      	MOVWF      R0
0x013B	0x3000      	MOVLW      0
0x013C	0x1C03      	BTFSS      STATUS, 0
0x013D	0x3E01      	ADDLW      1
0x013E	0x0247      	SUBWF      IntToStr_i_L0+1, 0
0x013F	0x00F1      	MOVWF      R0+1
0x0140	0x0870      	MOVF       R0, 0
0x0141	0x0745      	ADDWF      FARG_IntToStr_output, 0
0x0142	0x0084      	MOVWF      FSR
0x0143	0x0800      	MOVF       INDF, 0
0x0144	0x00F0      	MOVWF      R0
0x0145	0x0872      	MOVF       R2, 0
0x0146	0x0084      	MOVWF      FSR
0x0147	0x0870      	MOVF       R0, 0
0x0148	0x0080      	MOVWF      INDF
;__Lib_Conversions.c,163 :: 		
0x0149	0x3001      	MOVLW      1
0x014A	0x02C6      	SUBWF      IntToStr_i_L0, 1
0x014B	0x1C03      	BTFSS      STATUS, 0
0x014C	0x03C7      	DECF       IntToStr_i_L0+1, 1
;__Lib_Conversions.c,164 :: 		
0x014D	0x292D      	GOTO       L_IntToStr24
L_IntToStr25:
;__Lib_Conversions.c,165 :: 		
0x014E	0x0845      	MOVF       FARG_IntToStr_output, 0
0x014F	0x0084      	MOVWF      FSR
0x0150	0x3020      	MOVLW      32
0x0151	0x0080      	MOVWF      INDF
;__Lib_Conversions.c,166 :: 		
0x0152	0x0848      	MOVF       IntToStr_negative_L0, 0
0x0153	0x0449      	IORWF      IntToStr_negative_L0+1, 0
0x0154	0x1903      	BTFSC      STATUS, 2
0x0155	0x296C      	GOTO       L_IntToStr26
;__Lib_Conversions.c,167 :: 		
0x0156	0x01C6      	CLRF       IntToStr_i_L0
0x0157	0x01C7      	CLRF       IntToStr_i_L0+1
;__Lib_Conversions.c,168 :: 		
L_IntToStr27:
0x0158	0x0846      	MOVF       IntToStr_i_L0, 0
0x0159	0x0745      	ADDWF      FARG_IntToStr_output, 0
0x015A	0x0084      	MOVWF      FSR
0x015B	0x0800      	MOVF       INDF, 0
0x015C	0x3A20      	XORLW      32
0x015D	0x1D03      	BTFSS      STATUS, 2
0x015E	0x2963      	GOTO       L_IntToStr28
0x015F	0x0AC6      	INCF       IntToStr_i_L0, 1
0x0160	0x1903      	BTFSC      STATUS, 2
0x0161	0x0AC7      	INCF       IntToStr_i_L0+1, 1
0x0162	0x2958      	GOTO       L_IntToStr27
L_IntToStr28:
;__Lib_Conversions.c,169 :: 		
0x0163	0x3001      	MOVLW      1
0x0164	0x02C6      	SUBWF      IntToStr_i_L0, 1
0x0165	0x1C03      	BTFSS      STATUS, 0
0x0166	0x03C7      	DECF       IntToStr_i_L0+1, 1
;__Lib_Conversions.c,170 :: 		
0x0167	0x0846      	MOVF       IntToStr_i_L0, 0
0x0168	0x0745      	ADDWF      FARG_IntToStr_output, 0
0x0169	0x0084      	MOVWF      FSR
0x016A	0x302D      	MOVLW      45
0x016B	0x0080      	MOVWF      INDF
L_IntToStr26:
;__Lib_Conversions.c,171 :: 		
0x016C	0x0008      	RETURN
; end of _IntToStr
_Lcd_Out:
;__Lib_Lcd.c,184 :: 		
;__Lib_Lcd.c,187 :: 		
0x016D	0x297F      	GOTO       L_Lcd_Out11
;__Lib_Lcd.c,188 :: 		
L_Lcd_Out13:
0x016E	0x3080      	MOVLW      128
0x016F	0x1283      	BCF        STATUS, 5
0x0170	0x1303      	BCF        STATUS, 6
0x0171	0x00C3      	MOVWF      FARG_Lcd_Out_row
0x0172	0x2992      	GOTO       L_Lcd_Out12
;__Lib_Lcd.c,189 :: 		
L_Lcd_Out14:
0x0173	0x30C0      	MOVLW      192
0x0174	0x00C3      	MOVWF      FARG_Lcd_Out_row
0x0175	0x2992      	GOTO       L_Lcd_Out12
;__Lib_Lcd.c,190 :: 		
L_Lcd_Out15:
0x0176	0x3094      	MOVLW      148
0x0177	0x00C3      	MOVWF      FARG_Lcd_Out_row
0x0178	0x2992      	GOTO       L_Lcd_Out12
;__Lib_Lcd.c,191 :: 		
L_Lcd_Out16:
0x0179	0x30D4      	MOVLW      212
0x017A	0x00C3      	MOVWF      FARG_Lcd_Out_row
0x017B	0x2992      	GOTO       L_Lcd_Out12
;__Lib_Lcd.c,192 :: 		
L_Lcd_Out17:
0x017C	0x3080      	MOVLW      128
0x017D	0x00C3      	MOVWF      FARG_Lcd_Out_row
;__Lib_Lcd.c,193 :: 		
0x017E	0x2992      	GOTO       L_Lcd_Out12
L_Lcd_Out11:
0x017F	0x1283      	BCF        STATUS, 5
0x0180	0x1303      	BCF        STATUS, 6
0x0181	0x0843      	MOVF       FARG_Lcd_Out_row, 0
0x0182	0x3A01      	XORLW      1
0x0183	0x1903      	BTFSC      STATUS, 2
0x0184	0x296E      	GOTO       L_Lcd_Out13
0x0185	0x0843      	MOVF       FARG_Lcd_Out_row, 0
0x0186	0x3A02      	XORLW      2
0x0187	0x1903      	BTFSC      STATUS, 2
0x0188	0x2973      	GOTO       L_Lcd_Out14
0x0189	0x0843      	MOVF       FARG_Lcd_Out_row, 0
0x018A	0x3A03      	XORLW      3
0x018B	0x1903      	BTFSC      STATUS, 2
0x018C	0x2976      	GOTO       L_Lcd_Out15
0x018D	0x0843      	MOVF       FARG_Lcd_Out_row, 0
0x018E	0x3A04      	XORLW      4
0x018F	0x1903      	BTFSC      STATUS, 2
0x0190	0x2979      	GOTO       L_Lcd_Out16
0x0191	0x297C      	GOTO       L_Lcd_Out17
L_Lcd_Out12:
;__Lib_Lcd.c,194 :: 		
0x0192	0x0344      	DECF       FARG_Lcd_Out_column, 0
0x0193	0x00F0      	MOVWF      R0
0x0194	0x0843      	MOVF       FARG_Lcd_Out_row, 0
0x0195	0x07F0      	ADDWF      R0, 1
0x0196	0x0870      	MOVF       R0, 0
0x0197	0x00C3      	MOVWF      FARG_Lcd_Out_row
;__Lib_Lcd.c,196 :: 		
0x0198	0x0870      	MOVF       R0, 0
0x0199	0x00D1      	MOVWF      FARG_Lcd_Cmd_out_char
0x019A	0x205E      	CALL       _Lcd_Cmd
;__Lib_Lcd.c,197 :: 		
0x019B	0x103D      	BCF        __Lib_Lcd_cmd_status, BitPos(__Lib_Lcd_cmd_status+0)
;__Lib_Lcd.c,198 :: 		
0x019C	0x01C6      	CLRF       Lcd_Out_i_L0
;__Lib_Lcd.c,199 :: 		
L_Lcd_Out18:
0x019D	0x0846      	MOVF       Lcd_Out_i_L0, 0
0x019E	0x0745      	ADDWF      FARG_Lcd_Out_text, 0
0x019F	0x0084      	MOVWF      FSR
0x01A0	0x0800      	MOVF       INDF, 0
0x01A1	0x1903      	BTFSC      STATUS, 2
0x01A2	0x29AB      	GOTO       L_Lcd_Out19
;__Lib_Lcd.c,200 :: 		
0x01A3	0x0846      	MOVF       Lcd_Out_i_L0, 0
0x01A4	0x0745      	ADDWF      FARG_Lcd_Out_text, 0
0x01A5	0x0084      	MOVWF      FSR
0x01A6	0x0800      	MOVF       INDF, 0
0x01A7	0x00CC      	MOVWF      FARG_Lcd_Chr_CP_out_char
0x01A8	0x20FB      	CALL       _Lcd_Chr_CP
0x01A9	0x0AC6      	INCF       Lcd_Out_i_L0, 1
0x01AA	0x299D      	GOTO       L_Lcd_Out18
L_Lcd_Out19:
;__Lib_Lcd.c,201 :: 		
0x01AB	0x143D      	BSF        __Lib_Lcd_cmd_status, BitPos(__Lib_Lcd_cmd_status+0)
;__Lib_Lcd.c,202 :: 		
0x01AC	0x0008      	RETURN
; end of _Lcd_Out
_____DoICP:
;__Lib_System.c,6 :: 		
;__Lib_System.c,9 :: 		
0x01AD	0x1283      	BCF        STATUS, 5
0x01AE	0x1303      	BCF        STATUS, 6
0x01AF	0x0835      	MOVF       ___DoICPAddr+1, 0
0x01B0	0x008A      	MOVWF      PCLATH
;__Lib_System.c,10 :: 		
0x01B1	0x0834      	MOVF       ___DoICPAddr, 0
0x01B2	0x0082      	MOVWF      PCL
;__Lib_System.c,12 :: 		
0x01B3	0x0008      	RETURN
; end of _____DoICP
_Lcd_Init:
;__Lib_Lcd.c,84 :: 		
;__Lib_Lcd.c,86 :: 		
0x01B4	0x1683      	BSF        STATUS, 5
0x01B5	0x1303      	BCF        STATUS, 6
0x01B6	0x1186      	BCF        LCD_EN_Direction, BitPos(LCD_EN_Direction+0)
;__Lib_Lcd.c,87 :: 		
0x01B7	0x1106      	BCF        LCD_RS_Direction, BitPos(LCD_RS_Direction+0)
;__Lib_Lcd.c,88 :: 		
0x01B8	0x1206      	BCF        LCD_D4_Direction, BitPos(LCD_D4_Direction+0)
;__Lib_Lcd.c,89 :: 		
0x01B9	0x1286      	BCF        LCD_D5_Direction, BitPos(LCD_D5_Direction+0)
;__Lib_Lcd.c,90 :: 		
0x01BA	0x1306      	BCF        LCD_D6_Direction, BitPos(LCD_D6_Direction+0)
;__Lib_Lcd.c,91 :: 		
0x01BB	0x1386      	BCF        LCD_D7_Direction, BitPos(LCD_D7_Direction+0)
;__Lib_Lcd.c,93 :: 		
0x01BC	0x1283      	BCF        STATUS, 5
0x01BD	0x1186      	BCF        LCD_EN, BitPos(LCD_EN+0)
;__Lib_Lcd.c,94 :: 		
0x01BE	0x1106      	BCF        LCD_RS, BitPos(LCD_RS+0)
;__Lib_Lcd.c,95 :: 		
0x01BF	0x1386      	BCF        LCD_D7, BitPos(LCD_D7+0)
;__Lib_Lcd.c,96 :: 		
0x01C0	0x1306      	BCF        LCD_D6, BitPos(LCD_D6+0)
;__Lib_Lcd.c,97 :: 		
0x01C1	0x1286      	BCF        LCD_D5, BitPos(LCD_D5+0)
;__Lib_Lcd.c,98 :: 		
0x01C2	0x1206      	BCF        LCD_D4, BitPos(LCD_D4+0)
;__Lib_Lcd.c,100 :: 		
0x01C3	0x204B      	CALL       _Delay_5500us
;__Lib_Lcd.c,101 :: 		
0x01C4	0x204B      	CALL       _Delay_5500us
;__Lib_Lcd.c,102 :: 		
0x01C5	0x204B      	CALL       _Delay_5500us
;__Lib_Lcd.c,105 :: 		
0x01C6	0x1686      	BSF        LCD_D5, BitPos(LCD_D5+0)
;__Lib_Lcd.c,106 :: 		
0x01C7	0x1606      	BSF        LCD_D4, BitPos(LCD_D4+0)
;__Lib_Lcd.c,107 :: 		
0x01C8	0x1586      	BSF        LCD_EN, BitPos(LCD_EN+0)
;__Lib_Lcd.c,108 :: 		
0x01C9	0x2049      	CALL       _Delay_1us
;__Lib_Lcd.c,109 :: 		
0x01CA	0x1186      	BCF        LCD_EN, BitPos(LCD_EN+0)
;__Lib_Lcd.c,110 :: 		
0x01CB	0x204B      	CALL       _Delay_5500us
;__Lib_Lcd.c,112 :: 		
0x01CC	0x1586      	BSF        LCD_EN, BitPos(LCD_EN+0)
;__Lib_Lcd.c,113 :: 		
0x01CD	0x2049      	CALL       _Delay_1us
;__Lib_Lcd.c,114 :: 		
0x01CE	0x1186      	BCF        LCD_EN, BitPos(LCD_EN+0)
;__Lib_Lcd.c,115 :: 		
0x01CF	0x204B      	CALL       _Delay_5500us
;__Lib_Lcd.c,117 :: 		
0x01D0	0x1586      	BSF        LCD_EN, BitPos(LCD_EN+0)
;__Lib_Lcd.c,118 :: 		
0x01D1	0x2049      	CALL       _Delay_1us
;__Lib_Lcd.c,119 :: 		
0x01D2	0x1186      	BCF        LCD_EN, BitPos(LCD_EN+0)
;__Lib_Lcd.c,120 :: 		
0x01D3	0x204B      	CALL       _Delay_5500us
;__Lib_Lcd.c,123 :: 		
0x01D4	0x1206      	BCF        LCD_D4, BitPos(LCD_D4+0)
;__Lib_Lcd.c,124 :: 		
0x01D5	0x1586      	BSF        LCD_EN, BitPos(LCD_EN+0)
;__Lib_Lcd.c,125 :: 		
0x01D6	0x2049      	CALL       _Delay_1us
;__Lib_Lcd.c,126 :: 		
0x01D7	0x1186      	BCF        LCD_EN, BitPos(LCD_EN+0)
;__Lib_Lcd.c,127 :: 		
0x01D8	0x204B      	CALL       _Delay_5500us
;__Lib_Lcd.c,130 :: 		
0x01D9	0x1586      	BSF        LCD_EN, BitPos(LCD_EN+0)
;__Lib_Lcd.c,131 :: 		
0x01DA	0x2049      	CALL       _Delay_1us
;__Lib_Lcd.c,132 :: 		
0x01DB	0x1186      	BCF        LCD_EN, BitPos(LCD_EN+0)
;__Lib_Lcd.c,134 :: 		
0x01DC	0x1286      	BCF        LCD_D5, BitPos(LCD_D5+0)
;__Lib_Lcd.c,135 :: 		
0x01DD	0x1786      	BSF        LCD_D7, BitPos(LCD_D7+0)
;__Lib_Lcd.c,136 :: 		
0x01DE	0x1586      	BSF        LCD_EN, BitPos(LCD_EN+0)
;__Lib_Lcd.c,137 :: 		
0x01DF	0x2049      	CALL       _Delay_1us
;__Lib_Lcd.c,138 :: 		
0x01E0	0x1186      	BCF        LCD_EN, BitPos(LCD_EN+0)
;__Lib_Lcd.c,139 :: 		
0x01E1	0x204B      	CALL       _Delay_5500us
;__Lib_Lcd.c,142 :: 		
0x01E2	0x1386      	BCF        LCD_D7, BitPos(LCD_D7+0)
;__Lib_Lcd.c,143 :: 		
0x01E3	0x1606      	BSF        LCD_D4, BitPos(LCD_D4+0)
;__Lib_Lcd.c,144 :: 		
0x01E4	0x1586      	BSF        LCD_EN, BitPos(LCD_EN+0)
;__Lib_Lcd.c,145 :: 		
0x01E5	0x2049      	CALL       _Delay_1us
;__Lib_Lcd.c,146 :: 		
0x01E6	0x1186      	BCF        LCD_EN, BitPos(LCD_EN+0)
;__Lib_Lcd.c,148 :: 		
0x01E7	0x1206      	BCF        LCD_D4, BitPos(LCD_D4+0)
;__Lib_Lcd.c,149 :: 		
0x01E8	0x1586      	BSF        LCD_EN, BitPos(LCD_EN+0)
;__Lib_Lcd.c,150 :: 		
0x01E9	0x2049      	CALL       _Delay_1us
;__Lib_Lcd.c,151 :: 		
0x01EA	0x1186      	BCF        LCD_EN, BitPos(LCD_EN+0)
;__Lib_Lcd.c,152 :: 		
0x01EB	0x204B      	CALL       _Delay_5500us
;__Lib_Lcd.c,155 :: 		
0x01EC	0x1586      	BSF        LCD_EN, BitPos(LCD_EN+0)
;__Lib_Lcd.c,156 :: 		
0x01ED	0x2049      	CALL       _Delay_1us
;__Lib_Lcd.c,157 :: 		
0x01EE	0x1186      	BCF        LCD_EN, BitPos(LCD_EN+0)
;__Lib_Lcd.c,159 :: 		
0x01EF	0x1606      	BSF        LCD_D4, BitPos(LCD_D4+0)
;__Lib_Lcd.c,160 :: 		
0x01F0	0x1586      	BSF        LCD_EN, BitPos(LCD_EN+0)
;__Lib_Lcd.c,161 :: 		
0x01F1	0x2049      	CALL       _Delay_1us
;__Lib_Lcd.c,162 :: 		
0x01F2	0x1186      	BCF        LCD_EN, BitPos(LCD_EN+0)
;__Lib_Lcd.c,163 :: 		
0x01F3	0x204B      	CALL       _Delay_5500us
;__Lib_Lcd.c,166 :: 		
0x01F4	0x1206      	BCF        LCD_D4, BitPos(LCD_D4+0)
;__Lib_Lcd.c,167 :: 		
0x01F5	0x1586      	BSF        LCD_EN, BitPos(LCD_EN+0)
;__Lib_Lcd.c,168 :: 		
0x01F6	0x2049      	CALL       _Delay_1us
;__Lib_Lcd.c,169 :: 		
0x01F7	0x1186      	BCF        LCD_EN, BitPos(LCD_EN+0)
;__Lib_Lcd.c,171 :: 		
0x01F8	0x1786      	BSF        LCD_D7, BitPos(LCD_D7+0)
;__Lib_Lcd.c,172 :: 		
0x01F9	0x1706      	BSF        LCD_D6, BitPos(LCD_D6+0)
;__Lib_Lcd.c,173 :: 		
0x01FA	0x1686      	BSF        LCD_D5, BitPos(LCD_D5+0)
;__Lib_Lcd.c,174 :: 		
0x01FB	0x1606      	BSF        LCD_D4, BitPos(LCD_D4+0)
;__Lib_Lcd.c,175 :: 		
0x01FC	0x1586      	BSF        LCD_EN, BitPos(LCD_EN+0)
;__Lib_Lcd.c,176 :: 		
0x01FD	0x2049      	CALL       _Delay_1us
;__Lib_Lcd.c,177 :: 		
0x01FE	0x1186      	BCF        LCD_EN, BitPos(LCD_EN+0)
;__Lib_Lcd.c,179 :: 		
0x01FF	0x204B      	CALL       _Delay_5500us
;__Lib_Lcd.c,181 :: 		
0x0200	0x143D      	BSF        __Lib_Lcd_cmd_status, BitPos(__Lib_Lcd_cmd_status+0)
;__Lib_Lcd.c,182 :: 		
0x0201	0x0008      	RETURN
; end of _Lcd_Init
_alteraPWM:
;PWM4Interrupcoes.c,174 :: 		void alteraPWM(){
;PWM4Interrupcoes.c,176 :: 		if(!botAumenta) botA = 0x01;
0x0202	0x1283      	BCF        STATUS, 5
0x0203	0x1303      	BCF        STATUS, 6
0x0204	0x1A85      	BTFSC      RA5_bit, 5
0x0205	0x2A07      	GOTO       L_alteraPWM14
0x0206	0x153D      	BSF        _botA, BitPos(_botA+0)
L_alteraPWM14:
;PWM4Interrupcoes.c,177 :: 		if(!botDiminui) botD = 0x01;
0x0207	0x1985      	BTFSC      RA3_bit, 3
0x0208	0x2A0A      	GOTO       L_alteraPWM15
0x0209	0x14BD      	BSF        _botD, BitPos(_botD+0)
L_alteraPWM15:
;PWM4Interrupcoes.c,179 :: 		if(botAumenta && botA){  // Este if, que teste se o botao não está pressionado e testa se a variável bot1 está em 0x01, é uma forma
0x020A	0x1E85      	BTFSS      RA5_bit, 5
0x020B	0x2A25      	GOTO       L_alteraPWM18
0x020C	0x1D3D      	BTFSS      _botA, BitPos(_botA+0)
0x020D	0x2A25      	GOTO       L_alteraPWM18
L__alteraPWM38:
;PWM4Interrupcoes.c,181 :: 		botA = 0x00;
0x020E	0x113D      	BCF        _botA, BitPos(_botA+0)
;PWM4Interrupcoes.c,183 :: 		switch(controlPWM){
0x020F	0x2A19      	GOTO       L_alteraPWM19
;PWM4Interrupcoes.c,185 :: 		case 0x01: PWM1 = PWM1 + 4;
L_alteraPWM21:
0x0210	0x3004      	MOVLW      4
0x0211	0x07C0      	ADDWF      _PWM1, 1
;PWM4Interrupcoes.c,186 :: 		break;
0x0212	0x2A25      	GOTO       L_alteraPWM20
;PWM4Interrupcoes.c,187 :: 		case 0x02: PWM2 = PWM2 + 4;
L_alteraPWM22:
0x0213	0x3004      	MOVLW      4
0x0214	0x07BF      	ADDWF      _PWM2, 1
;PWM4Interrupcoes.c,188 :: 		break;
0x0215	0x2A25      	GOTO       L_alteraPWM20
;PWM4Interrupcoes.c,189 :: 		case 0x03: PWM3 = PWM3 + 4;
L_alteraPWM23:
0x0216	0x3004      	MOVLW      4
0x0217	0x07BE      	ADDWF      _PWM3, 1
;PWM4Interrupcoes.c,190 :: 		break;
0x0218	0x2A25      	GOTO       L_alteraPWM20
;PWM4Interrupcoes.c,191 :: 		}
L_alteraPWM19:
0x0219	0x0833      	MOVF       _controlPWM, 0
0x021A	0x3A01      	XORLW      1
0x021B	0x1903      	BTFSC      STATUS, 2
0x021C	0x2A10      	GOTO       L_alteraPWM21
0x021D	0x0833      	MOVF       _controlPWM, 0
0x021E	0x3A02      	XORLW      2
0x021F	0x1903      	BTFSC      STATUS, 2
0x0220	0x2A13      	GOTO       L_alteraPWM22
0x0221	0x0833      	MOVF       _controlPWM, 0
0x0222	0x3A03      	XORLW      3
0x0223	0x1903      	BTFSC      STATUS, 2
0x0224	0x2A16      	GOTO       L_alteraPWM23
L_alteraPWM20:
;PWM4Interrupcoes.c,192 :: 		}
L_alteraPWM18:
;PWM4Interrupcoes.c,194 :: 		if(botDiminui && botD){
0x0225	0x1D85      	BTFSS      RA3_bit, 3
0x0226	0x2A40      	GOTO       L_alteraPWM26
0x0227	0x1CBD      	BTFSS      _botD, BitPos(_botD+0)
0x0228	0x2A40      	GOTO       L_alteraPWM26
L__alteraPWM37:
;PWM4Interrupcoes.c,196 :: 		botD = 0x00;
0x0229	0x10BD      	BCF        _botD, BitPos(_botD+0)
;PWM4Interrupcoes.c,198 :: 		switch(controlPWM){
0x022A	0x2A34      	GOTO       L_alteraPWM27
;PWM4Interrupcoes.c,200 :: 		case 0x01: PWM1 = PWM1 - 4;
L_alteraPWM29:
0x022B	0x3004      	MOVLW      4
0x022C	0x02C0      	SUBWF      _PWM1, 1
;PWM4Interrupcoes.c,201 :: 		break;
0x022D	0x2A40      	GOTO       L_alteraPWM28
;PWM4Interrupcoes.c,202 :: 		case 0x02: PWM2 = PWM2 - 4;
L_alteraPWM30:
0x022E	0x3004      	MOVLW      4
0x022F	0x02BF      	SUBWF      _PWM2, 1
;PWM4Interrupcoes.c,203 :: 		break;
0x0230	0x2A40      	GOTO       L_alteraPWM28
;PWM4Interrupcoes.c,204 :: 		case 0x03: PWM3 = PWM3 - 4;
L_alteraPWM31:
0x0231	0x3004      	MOVLW      4
0x0232	0x02BE      	SUBWF      _PWM3, 1
;PWM4Interrupcoes.c,205 :: 		break;
0x0233	0x2A40      	GOTO       L_alteraPWM28
;PWM4Interrupcoes.c,206 :: 		}
L_alteraPWM27:
0x0234	0x0833      	MOVF       _controlPWM, 0
0x0235	0x3A01      	XORLW      1
0x0236	0x1903      	BTFSC      STATUS, 2
0x0237	0x2A2B      	GOTO       L_alteraPWM29
0x0238	0x0833      	MOVF       _controlPWM, 0
0x0239	0x3A02      	XORLW      2
0x023A	0x1903      	BTFSC      STATUS, 2
0x023B	0x2A2E      	GOTO       L_alteraPWM30
0x023C	0x0833      	MOVF       _controlPWM, 0
0x023D	0x3A03      	XORLW      3
0x023E	0x1903      	BTFSC      STATUS, 2
0x023F	0x2A31      	GOTO       L_alteraPWM31
L_alteraPWM28:
;PWM4Interrupcoes.c,207 :: 		}
L_alteraPWM26:
;PWM4Interrupcoes.c,209 :: 		switch(controlPWM){
0x0240	0x2A86      	GOTO       L_alteraPWM32
;PWM4Interrupcoes.c,211 :: 		case 0x01:
L_alteraPWM34:
;PWM4Interrupcoes.c,212 :: 		led0 = 0x01;
0x0241	0x1505      	BSF        RA2_bit, 2
;PWM4Interrupcoes.c,213 :: 		led1 = 0x00;
0x0242	0x1085      	BCF        RA1_bit, 1
;PWM4Interrupcoes.c,214 :: 		lcd_out(1,1, "PWM 1");
0x0243	0x3001      	MOVLW      1
0x0244	0x00C3      	MOVWF      FARG_Lcd_Out_row
0x0245	0x3001      	MOVLW      1
0x0246	0x00C4      	MOVWF      FARG_Lcd_Out_column
0x0247	0x3021      	MOVLW      ?lstr1_PWM4Interrupcoes
0x0248	0x00C5      	MOVWF      FARG_Lcd_Out_text
0x0249	0x216D      	CALL       _Lcd_Out
;PWM4Interrupcoes.c,215 :: 		IntToStr(PWM1, txt);
0x024A	0x0840      	MOVF       _PWM1, 0
0x024B	0x00C3      	MOVWF      FARG_IntToStr_input
0x024C	0x01C4      	CLRF       FARG_IntToStr_input+1
0x024D	0x3036      	MOVLW      _txt
0x024E	0x00C5      	MOVWF      FARG_IntToStr_output
0x024F	0x2103      	CALL       _IntToStr
;PWM4Interrupcoes.c,216 :: 		lcd_out(2,1, txt);
0x0250	0x3002      	MOVLW      2
0x0251	0x00C3      	MOVWF      FARG_Lcd_Out_row
0x0252	0x3001      	MOVLW      1
0x0253	0x00C4      	MOVWF      FARG_Lcd_Out_column
0x0254	0x3036      	MOVLW      _txt
0x0255	0x00C5      	MOVWF      FARG_Lcd_Out_text
0x0256	0x216D      	CALL       _Lcd_Out
;PWM4Interrupcoes.c,217 :: 		break;
0x0257	0x2A92      	GOTO       L_alteraPWM33
;PWM4Interrupcoes.c,218 :: 		case 0x02:
L_alteraPWM35:
;PWM4Interrupcoes.c,219 :: 		led0 = 0x00;
0x0258	0x1105      	BCF        RA2_bit, 2
;PWM4Interrupcoes.c,220 :: 		led1 = 0x01;
0x0259	0x1485      	BSF        RA1_bit, 1
;PWM4Interrupcoes.c,221 :: 		lcd_out(1,1, "PWM 2");
0x025A	0x3001      	MOVLW      1
0x025B	0x00C3      	MOVWF      FARG_Lcd_Out_row
0x025C	0x3001      	MOVLW      1
0x025D	0x00C4      	MOVWF      FARG_Lcd_Out_column
0x025E	0x3027      	MOVLW      ?lstr2_PWM4Interrupcoes
0x025F	0x00C5      	MOVWF      FARG_Lcd_Out_text
0x0260	0x216D      	CALL       _Lcd_Out
;PWM4Interrupcoes.c,222 :: 		IntToStr(PWM2, txt);
0x0261	0x083F      	MOVF       _PWM2, 0
0x0262	0x00C3      	MOVWF      FARG_IntToStr_input
0x0263	0x01C4      	CLRF       FARG_IntToStr_input+1
0x0264	0x3036      	MOVLW      _txt
0x0265	0x00C5      	MOVWF      FARG_IntToStr_output
0x0266	0x2103      	CALL       _IntToStr
;PWM4Interrupcoes.c,223 :: 		lcd_out(2,1, txt);
0x0267	0x3002      	MOVLW      2
0x0268	0x00C3      	MOVWF      FARG_Lcd_Out_row
0x0269	0x3001      	MOVLW      1
0x026A	0x00C4      	MOVWF      FARG_Lcd_Out_column
0x026B	0x3036      	MOVLW      _txt
0x026C	0x00C5      	MOVWF      FARG_Lcd_Out_text
0x026D	0x216D      	CALL       _Lcd_Out
;PWM4Interrupcoes.c,224 :: 		break;
0x026E	0x2A92      	GOTO       L_alteraPWM33
;PWM4Interrupcoes.c,225 :: 		case 0x03:
L_alteraPWM36:
;PWM4Interrupcoes.c,226 :: 		led0 = 0x01;
0x026F	0x1505      	BSF        RA2_bit, 2
;PWM4Interrupcoes.c,227 :: 		led1 = 0x01;
0x0270	0x1485      	BSF        RA1_bit, 1
;PWM4Interrupcoes.c,228 :: 		lcd_out(1,1, "PWM 3");
0x0271	0x3001      	MOVLW      1
0x0272	0x00C3      	MOVWF      FARG_Lcd_Out_row
0x0273	0x3001      	MOVLW      1
0x0274	0x00C4      	MOVWF      FARG_Lcd_Out_column
0x0275	0x302D      	MOVLW      ?lstr3_PWM4Interrupcoes
0x0276	0x00C5      	MOVWF      FARG_Lcd_Out_text
0x0277	0x216D      	CALL       _Lcd_Out
;PWM4Interrupcoes.c,229 :: 		IntToStr(PWM3, txt);
0x0278	0x083E      	MOVF       _PWM3, 0
0x0279	0x00C3      	MOVWF      FARG_IntToStr_input
0x027A	0x01C4      	CLRF       FARG_IntToStr_input+1
0x027B	0x3036      	MOVLW      _txt
0x027C	0x00C5      	MOVWF      FARG_IntToStr_output
0x027D	0x2103      	CALL       _IntToStr
;PWM4Interrupcoes.c,230 :: 		lcd_out(2,1, txt);
0x027E	0x3002      	MOVLW      2
0x027F	0x00C3      	MOVWF      FARG_Lcd_Out_row
0x0280	0x3001      	MOVLW      1
0x0281	0x00C4      	MOVWF      FARG_Lcd_Out_column
0x0282	0x3036      	MOVLW      _txt
0x0283	0x00C5      	MOVWF      FARG_Lcd_Out_text
0x0284	0x216D      	CALL       _Lcd_Out
;PWM4Interrupcoes.c,231 :: 		break;
0x0285	0x2A92      	GOTO       L_alteraPWM33
;PWM4Interrupcoes.c,232 :: 		}
L_alteraPWM32:
0x0286	0x0833      	MOVF       _controlPWM, 0
0x0287	0x3A01      	XORLW      1
0x0288	0x1903      	BTFSC      STATUS, 2
0x0289	0x2A41      	GOTO       L_alteraPWM34
0x028A	0x0833      	MOVF       _controlPWM, 0
0x028B	0x3A02      	XORLW      2
0x028C	0x1903      	BTFSC      STATUS, 2
0x028D	0x2A58      	GOTO       L_alteraPWM35
0x028E	0x0833      	MOVF       _controlPWM, 0
0x028F	0x3A03      	XORLW      3
0x0290	0x1903      	BTFSC      STATUS, 2
0x0291	0x2A6F      	GOTO       L_alteraPWM36
L_alteraPWM33:
;PWM4Interrupcoes.c,233 :: 		}
0x0292	0x0008      	RETURN
; end of _alteraPWM
___CC2DW:
;__Lib_System.c,24 :: 		
;__Lib_System.c,27 :: 		
_CC2D_Loop1:
;__Lib_System.c,29 :: 		
0x0293	0x21AD      	CALL       _____DoICP
0x0294	0x118A      	BCF        PCLATH, 3
0x0295	0x120A      	BCF        PCLATH, 4
;__Lib_System.c,31 :: 		
0x0296	0x0080      	MOVWF      INDF
;__Lib_System.c,32 :: 		
0x0297	0x0A84      	INCF       FSR, 1
;__Lib_System.c,33 :: 		
0x0298	0x0AB4      	INCF       ___DoICPAddr, 1
;__Lib_System.c,35 :: 		
0x0299	0x1903      	BTFSC      STATUS, 2
;__Lib_System.c,36 :: 		
0x029A	0x0AB5      	INCF       ___DoICPAddr+1, 1
;__Lib_System.c,37 :: 		
0x029B	0x03F0      	DECF       R0, 1
;__Lib_System.c,39 :: 		
0x029C	0x1D03      	BTFSS      STATUS, 2
;__Lib_System.c,40 :: 		
0x029D	0x2A93      	GOTO       _CC2D_Loop1
;__Lib_System.c,42 :: 		
0x029E	0x0008      	RETURN
; end of ___CC2DW
_main:
0x029F	0x3050      	MOVLW      80
0x02A0	0x1283      	BCF        STATUS, 5
0x02A1	0x1303      	BCF        STATUS, 6
0x02A2	0x00A1      	MOVWF      ?lstr1_PWM4Interrupcoes
0x02A3	0x3057      	MOVLW      87
0x02A4	0x00A2      	MOVWF      34
0x02A5	0x304D      	MOVLW      77
0x02A6	0x00A3      	MOVWF      35
0x02A7	0x3020      	MOVLW      32
0x02A8	0x00A4      	MOVWF      36
0x02A9	0x3031      	MOVLW      49
0x02AA	0x00A5      	MOVWF      37
0x02AB	0x01A6      	CLRF       38
0x02AC	0x3050      	MOVLW      80
0x02AD	0x00A7      	MOVWF      ?lstr2_PWM4Interrupcoes
0x02AE	0x3057      	MOVLW      87
0x02AF	0x00A8      	MOVWF      40
0x02B0	0x304D      	MOVLW      77
0x02B1	0x00A9      	MOVWF      41
0x02B2	0x3020      	MOVLW      32
0x02B3	0x00AA      	MOVWF      42
0x02B4	0x3032      	MOVLW      50
0x02B5	0x00AB      	MOVWF      43
0x02B6	0x01AC      	CLRF       44
0x02B7	0x3050      	MOVLW      80
0x02B8	0x00AD      	MOVWF      ?lstr3_PWM4Interrupcoes
0x02B9	0x3057      	MOVLW      87
0x02BA	0x00AE      	MOVWF      46
0x02BB	0x304D      	MOVLW      77
0x02BC	0x00AF      	MOVWF      47
0x02BD	0x3020      	MOVLW      32
0x02BE	0x00B0      	MOVWF      48
0x02BF	0x3033      	MOVLW      51
0x02C0	0x00B1      	MOVWF      49
0x02C1	0x01B2      	CLRF       50
0x02C2	0x3001      	MOVLW      1
0x02C3	0x00B3      	MOVWF      _controlPWM
;PWM4Interrupcoes.c,122 :: 		void main() {
;PWM4Interrupcoes.c,124 :: 		CMCON = 0x07; // Desabilita os comparadores internos
0x02C4	0x3007      	MOVLW      7
0x02C5	0x009F      	MOVWF      CMCON
;PWM4Interrupcoes.c,129 :: 		OPTION_REG = 0x88; // Liga pullups internos, interrup. externa por borda de descida, tmr0 por ciclo de maquina interno, utilizando
0x02C6	0x3088      	MOVLW      136
0x02C7	0x1683      	BSF        STATUS, 5
0x02C8	0x0081      	MOVWF      OPTION_REG
;PWM4Interrupcoes.c,131 :: 		INTCON = 0xF0; // Habilita a interrupção global, por periféricos e ativa a interrupção do timer1 e interrupção externa
0x02C9	0x30F0      	MOVLW      240
0x02CA	0x008B      	MOVWF      INTCON
;PWM4Interrupcoes.c,134 :: 		T1CON = 0x01; // Ativa o timer1 e configura o prescaler para 1:1
0x02CB	0x3001      	MOVLW      1
0x02CC	0x1283      	BCF        STATUS, 5
0x02CD	0x0090      	MOVWF      T1CON
;PWM4Interrupcoes.c,135 :: 		TMR1IE_bit = 0x01; // Habilita a interrupção pelo timer1. Essa flag é do registrador PIE1
0x02CE	0x1683      	BSF        STATUS, 5
0x02CF	0x140C      	BSF        TMR1IE_bit, 0
;PWM4Interrupcoes.c,136 :: 		TMR1H = 0xFF; // Fazendo o neeble mais significativo igual a 0xFF = 0b11111111, simula-se um timer de 8 bits, já que tmr1 é de 16
0x02D0	0x30FF      	MOVLW      255
0x02D1	0x1283      	BCF        STATUS, 5
0x02D2	0x008F      	MOVWF      TMR1H
;PWM4Interrupcoes.c,140 :: 		T2CON = 0x04; // Ativa o timer2 e configura o prescaler para 1:1 e o postscaler para 1:1
0x02D3	0x3004      	MOVLW      4
0x02D4	0x0092      	MOVWF      T2CON
;PWM4Interrupcoes.c,141 :: 		TMR2IE_bit = 0x01; // Habilita a interrupção do timer2, comparando TMR2 com PR2
0x02D5	0x1683      	BSF        STATUS, 5
0x02D6	0x148C      	BSF        TMR2IE_bit, 1
;PWM4Interrupcoes.c,142 :: 		PR2 = 0xFF; // Faz o TMR2 contar até 0xFF. O TMR2, diferentemente de TMR0 e TMR1, conta de 0 até um número, e não a partir de um
0x02D7	0x30FF      	MOVLW      255
0x02D8	0x0092      	MOVWF      PR2
;PWM4Interrupcoes.c,147 :: 		TRISA = 0xE8; // Configura apenas RA0, RA1 e RA4 como saídas digitais
0x02D9	0x30E8      	MOVLW      232
0x02DA	0x0085      	MOVWF      TRISA
;PWM4Interrupcoes.c,148 :: 		TRISB = 0x01; // Configura todo o portb como saída digital
0x02DB	0x3001      	MOVLW      1
0x02DC	0x0086      	MOVWF      TRISB
;PWM4Interrupcoes.c,149 :: 		PORTA = 0xE8; // Inicia apenas RA0, RA1 e RA4 em Low
0x02DD	0x30E8      	MOVLW      232
0x02DE	0x1283      	BCF        STATUS, 5
0x02DF	0x0085      	MOVWF      PORTA
;PWM4Interrupcoes.c,150 :: 		PORTB = 0x01; // Inicia todo portb em Low
0x02E0	0x3001      	MOVLW      1
0x02E1	0x0086      	MOVWF      PORTB
;PWM4Interrupcoes.c,154 :: 		botA = 0x00;
0x02E2	0x113D      	BCF        _botA, BitPos(_botA+0)
;PWM4Interrupcoes.c,155 :: 		botD = 0x00;
0x02E3	0x10BD      	BCF        _botD, BitPos(_botD+0)
;PWM4Interrupcoes.c,157 :: 		PWM1 = 0x80;  // Inicia os três PWMs em 0x80 (hexadecimal) = 128 (decimal), que corresponde a um dutyCicle de 50%
0x02E4	0x3080      	MOVLW      128
0x02E5	0x00C0      	MOVWF      _PWM1
;PWM4Interrupcoes.c,158 :: 		PWM2 = 0x80;
0x02E6	0x3080      	MOVLW      128
0x02E7	0x00BF      	MOVWF      _PWM2
;PWM4Interrupcoes.c,159 :: 		PWM3 = 0x80;
0x02E8	0x3080      	MOVLW      128
0x02E9	0x00BE      	MOVWF      _PWM3
;PWM4Interrupcoes.c,163 :: 		lcd_init();
0x02EA	0x21B4      	CALL       _Lcd_Init
;PWM4Interrupcoes.c,164 :: 		lcd_cmd(_LCD_CURSOR_OFF);
0x02EB	0x300C      	MOVLW      12
0x02EC	0x00D1      	MOVWF      FARG_Lcd_Cmd_out_char
0x02ED	0x205E      	CALL       _Lcd_Cmd
;PWM4Interrupcoes.c,165 :: 		lcd_cmd(_LCD_CLEAR);
0x02EE	0x3001      	MOVLW      1
0x02EF	0x00D1      	MOVWF      FARG_Lcd_Cmd_out_char
0x02F0	0x205E      	CALL       _Lcd_Cmd
;PWM4Interrupcoes.c,166 :: 		delay_ms(100);
0x02F1	0x3082      	MOVLW      130
0x02F2	0x00FC      	MOVWF      R12
0x02F3	0x30DD      	MOVLW      221
0x02F4	0x00FD      	MOVWF      R13
L_main11:
0x02F5	0x0BFD      	DECFSZ     R13, 1
0x02F6	0x2AF5      	GOTO       L_main11
0x02F7	0x0BFC      	DECFSZ     R12, 1
0x02F8	0x2AF5      	GOTO       L_main11
0x02F9	0x0000      	NOP
0x02FA	0x0000      	NOP
;PWM4Interrupcoes.c,168 :: 		while(1){
L_main12:
;PWM4Interrupcoes.c,170 :: 		alteraPWM();
0x02FB	0x2202      	CALL       _alteraPWM
;PWM4Interrupcoes.c,171 :: 		}
0x02FC	0x2AFB      	GOTO       L_main12
;PWM4Interrupcoes.c,172 :: 		}
0x02FD	0x2AFD      	GOTO       $+0
; end of _main
Symbol List:
//** Routines locations **
//ADDRESS    SIZE    PROCEDURE
//----------------------------------------------
0x0004      [69]    _interrupt
0x0049       [2]    _Delay_1us
0x004B      [11]    _Delay_5500us
0x0056       [8]    _Delay_50us
0x005E      [64]    _Lcd_Cmd
0x009E      [29]    _Div_16x16_U
0x00BB      [64]    _WordToStr
0x00FB       [8]    _Lcd_Chr_CP
0x0103     [106]    _IntToStr
0x016D      [64]    _Lcd_Out
0x01AD       [7]    _____DoICP
0x01B4      [78]    _Lcd_Init
0x0202     [145]    _alteraPWM
0x0293      [12]    ___CC2DW
0x029F      [95]    _main
//** Variables locations ** 
//ADDRESS    SIZE    VARIABLE
//----------------------------------------------
0x0000       [1]    INDF
0x0001       [1]    TMR0
0x0002       [1]    PCL
0x0003       [0]    RP1_bit
0x0003       [0]    RP0_bit
0x0003       [0]    IRP_bit
0x0003       [1]    STATUS
0x0003       [0]    NOT_TO_bit
0x0003       [0]    DC_bit
0x0003       [0]    C_bit
0x0003       [0]    NOT_PD_bit
0x0003       [0]    Z_bit
0x0004       [1]    FSR
0x0004       [1]    FSRPTR
0x0005       [0]    RA1_bit
0x0005       [0]    RA2_bit
0x0005       [0]    RA6_bit
0x0005       [1]    PORTA
0x0005       [0]    RA7_bit
0x0005       [0]    RA5_bit
0x0005       [0]    RA3_bit
0x0005       [0]    RA0_bit
0x0005       [0]    RA4_bit
0x0006       [0]    LCD_D6
0x0006       [0]    LCD_D7
0x0006       [0]    RB0_bit
0x0006       [0]    LCD_D5
0x0006       [0]    RB1_bit
0x0006       [0]    LCD_D4
0x0006       [0]    LCD_RS
0x0006       [0]    RB5_bit
0x0006       [0]    RB7_bit
0x0006       [0]    RB6_bit
0x0006       [0]    RB2_bit
0x0006       [0]    LCD_EN
0x0006       [0]    RB4_bit
0x0006       [0]    RB3_bit
0x0006       [1]    PORTB
0x000A       [1]    PCLATH
0x000B       [0]    INTE_bit
0x000B       [1]    INTCON
0x000B       [0]    RBIE_bit
0x000B       [0]    GIE_bit
0x000B       [0]    PEIE_bit
0x000B       [0]    T0IE_bit
0x000B       [0]    INTF_bit
0x000B       [0]    RBIF_bit
0x000B       [0]    T0IF_bit
0x000C       [0]    TXIF_bit
0x000C       [0]    EEIF_bit
0x000C       [0]    RCIF_bit
0x000C       [0]    CMIF_bit
0x000C       [1]    PIR1
0x000C       [0]    TMR2IF_bit
0x000C       [0]    TMR1IF_bit
0x000C       [0]    CCP1IF_bit
0x000E       [1]    TMR1L
0x000F       [1]    TMR1H
0x0010       [0]    NOT_T1SYNC_bit
0x0010       [0]    TMR1ON_bit
0x0010       [0]    TMR1CS_bit
0x0010       [0]    T1CKPS0_bit
0x0010       [0]    T1CKPS1_bit
0x0010       [1]    T1CON
0x0010       [0]    T1OSCEN_bit
0x0011       [1]    TMR2
0x0012       [0]    TOUTPS1_bit
0x0012       [0]    TOUTPS0_bit
0x0012       [0]    T2CKPS0_bit
0x0012       [0]    T2CKPS1_bit
0x0012       [0]    TMR2ON_bit
0x0012       [0]    TOUTPS3_bit
0x0012       [1]    T2CON
0x0012       [0]    TOUTPS2_bit
0x0015       [2]    CCPR1
0x0015       [1]    CCPR1L
0x0016       [1]    CCPR1H
0x0017       [0]    CCP1M2_bit
0x0017       [0]    CCP1M1_bit
0x0017       [0]    CCP1M0_bit
0x0017       [0]    CCP1M3_bit
0x0017       [1]    CCP1CON
0x0017       [0]    CCP1X_bit
0x0017       [0]    CCP1Y_bit
0x0018       [0]    ADEN_bit
0x0018       [0]    CREN_bit
0x0018       [0]    OERR_bit
0x0018       [0]    FERR_bit
0x0018       [0]    RX9D_bit
0x0018       [1]    RCSTA
0x0018       [0]    SPEN_bit
0x0018       [0]    RX9_bit
0x0018       [0]    SREN_bit
0x0019       [1]    TXREG
0x001A       [1]    RCREG
0x001F       [0]    C2INV_bit
0x001F       [1]    CMCON
0x001F       [0]    CM1_bit
0x001F       [0]    CIS_bit
0x001F       [0]    CM0_bit
0x001F       [0]    CM2_bit
0x001F       [0]    C1OUT_bit
0x001F       [0]    C1INV_bit
0x001F       [0]    C2OUT_bit
0x0021       [6]    ?lstr1_PWM4Interrupcoes
0x0027       [6]    ?lstr2_PWM4Interrupcoes
0x002D       [6]    ?lstr3_PWM4Interrupcoes
0x0033       [1]    _controlPWM
0x0034       [2]    ___DoICPAddr
0x0036       [7]    _txt
0x003D       [0]    _botD
0x003D       [0]    __Lib_Lcd_cmd_status
0x003D       [0]    _botA
0x003E       [1]    _PWM3
0x003F       [1]    _PWM2
0x0040       [1]    _PWM1
0x0041       [1]    ___savePCLATH
0x0042       [1]    ___saveSTATUS
0x0043       [1]    FARG_Lcd_Out_row
0x0043       [2]    FARG_IntToStr_input
0x0044       [1]    FARG_Lcd_Out_column
0x0045       [1]    FARG_Lcd_Out_text
0x0045       [1]    FARG_IntToStr_output
0x0046       [1]    Lcd_Out_i_L0
0x0046       [2]    IntToStr_i_L0
0x0048       [2]    IntToStr_negative_L0
0x004A       [2]    IntToStr_inword_L0
0x004C       [1]    FARG_Lcd_Chr_CP_out_char
0x004C       [2]    FARG_WordToStr_input
0x004E       [1]    FARG_WordToStr_output
0x004F       [1]    WordToStr_len_L0
0x0050       [1]    FLOC__WordToStr
0x0051       [1]    FARG_Lcd_Cmd_out_char
0x0070       [1]    R0
0x0071       [1]    R1
0x0072       [1]    R2
0x0073       [1]    R3
0x0074       [1]    R4
0x0075       [1]    R5
0x0076       [1]    R6
0x0077       [1]    R7
0x0078       [1]    R8
0x0079       [1]    R9
0x007A       [1]    R10
0x007B       [1]    R11
0x007C       [1]    R12
0x007D       [1]    R13
0x007E       [1]    R14
0x007F       [1]    R15
0x0081       [0]    NOT_RBPU_bit
0x0081       [0]    INTEDG_bit
0x0081       [0]    PSA_bit
0x0081       [0]    T0CS_bit
0x0081       [0]    T0SE_bit
0x0081       [0]    PS1_bit
0x0081       [0]    PS2_bit
0x0081       [0]    PS0_bit
0x0081       [1]    OPTION_REG
0x0085       [0]    TRISA4_bit
0x0085       [0]    TRISA7_bit
0x0085       [0]    TRISA6_bit
0x0085       [1]    TRISA
0x0085       [0]    TRISA5_bit
0x0085       [0]    TRISA1_bit
0x0085       [0]    TRISA2_bit
0x0085       [0]    TRISA0_bit
0x0085       [0]    TRISA3_bit
0x0086       [0]    TRISB3_bit
0x0086       [0]    LCD_D4_Direction
0x0086       [0]    LCD_EN_Direction
0x0086       [0]    TRISB1_bit
0x0086       [0]    TRISB0_bit
0x0086       [0]    TRISB2_bit
0x0086       [0]    LCD_RS_Direction
0x0086       [1]    TRISB
0x0086       [0]    TRISB5_bit
0x0086       [0]    TRISB7_bit
0x0086       [0]    TRISB6_bit
0x0086       [0]    LCD_D6_Direction
0x0086       [0]    LCD_D5_Direction
0x0086       [0]    LCD_D7_Direction
0x0086       [0]    TRISB4_bit
0x008C       [0]    TXIE_bit
0x008C       [0]    RCIE_bit
0x008C       [0]    CCP1IE_bit
0x008C       [0]    TMR1IE_bit
0x008C       [0]    TMR2IE_bit
0x008C       [0]    CMIE_bit
0x008C       [1]    PIE1
0x008C       [0]    EEIE_bit
0x008E       [0]    NOT_BO_bit
0x008E       [1]    PCON
0x008E       [0]    NOT_BOR_bit
0x008E       [0]    NOT_BOD_bit
0x008E       [0]    NOT_POR_bit
0x008E       [0]    OSCF_bit
0x0092       [1]    PR2
0x0098       [0]    TRMT_bit
0x0098       [0]    BRGH_bit
0x0098       [1]    TXSTA
0x0098       [0]    TX9D_bit
0x0098       [0]    SYNC_bit
0x0098       [0]    CSRC_bit
0x0098       [0]    TX9_bit
0x0098       [0]    TXEN_bit
0x0099       [1]    SPBRG
0x009A       [1]    EEDATA
0x009B       [1]    EEADR
0x009C       [1]    EECON1
0x009C       [0]    WRERR_bit
0x009C       [0]    RD_bit
0x009C       [0]    WR_bit
0x009C       [0]    WREN_bit
0x009D       [1]    EECON2
0x009F       [0]    VROE_bit
0x009F       [0]    VRR_bit
0x009F       [0]    VR1_bit
0x009F       [0]    VR0_bit
0x009F       [0]    VR3_bit
0x009F       [0]    VR2_bit
0x009F       [1]    VRCON
0x009F       [0]    VREN_bit
//** Label List: ** 
//----------------------------------------------
  L_interrupt0
  L_interrupt1
  L_interrupt2
  L_interrupt3
  L_interrupt4
  L_interrupt5
  L_interrupt6
  L_interrupt7
  L_interrupt8
  L_interrupt9
  L_interrupt10
  L_main11
  L_main12
  L_main13
  L_alteraPWM14
  L_alteraPWM15
  L_alteraPWM16
  L_alteraPWM17
  L_alteraPWM18
  L_alteraPWM19
  L_alteraPWM20
  L_alteraPWM21
  L_alteraPWM22
  L_alteraPWM23
  L_alteraPWM24
  L_alteraPWM25
  L_alteraPWM26
  L_alteraPWM27
  L_alteraPWM28
  L_alteraPWM29
  L_alteraPWM30
  L_alteraPWM31
  L_alteraPWM32
  L_alteraPWM33
  L_alteraPWM34
  L_alteraPWM35
  L_alteraPWM36
  L__alteraPWM37
  L__alteraPWM38
  _interrupt
  L__interrupt39
  _main
  _alteraPWM
  L_ByteToStr0
  L_ByteToStr1
  L_ByteToStr2
  L_ByteToStr3
  L_ByteToStr4
  L_ByteToStr5
  L_WordToStr6
  L_WordToStr7
  L_WordToStr8
  L_WordToStr9
  L_WordToStr10
  L_WordToStr11
  L_WordToStrWithZeros12
  L_WordToStrWithZeros13
  L_WordToStrWithZeros14
  L_WordToStrWithZeros15
  L_WordToStrWithZeros16
  L_ShortToStr17
  L_ShortToStr18
  L_ShortToStr19
  L_ShortToStr20
  L_ShortToStr21
  L_ShortToStr22
  L_IntToStr23
  L_IntToStr24
  L_IntToStr25
  L_IntToStr26
  L_IntToStr27
  L_IntToStr28
  L_IntToStrWithZeros29
  L_IntToStrWithZeros30
  L_IntToStrWithZeros31
  L_IntToStrWithZeros32
  L_IntToStrWithZeros33
  L_IntToStrWithZeros34
  L_IntToStrWithZeros35
  L_IntToStrWithZeros36
  L_LongWordToStr37
  L_LongWordToStr38
  L_LongWordToStr39
  L_LongWordToStr40
  L_LongWordToStr41
  L_LongWordToStr42
  L_LongWordToStrWithZeros43
  L_LongWordToStrWithZeros44
  L_LongWordToStrWithZeros45
  L_LongWordToStrWithZeros46
  L_LongWordToStrWithZeros47
  L_LongToStr48
  L_LongToStr49
  L_LongToStr50
  L_LongToStr51
  L_LongToStr52
  L_LongToStr53
  L_LongIntToStrWithZeros54
  L_LongIntToStrWithZeros55
  L_LongIntToStrWithZeros56
  L_LongIntToStrWithZeros57
  L_LongIntToStrWithZeros58
  L_LongIntToStrWithZeros59
  L_LongIntToStrWithZeros60
  L_LongIntToStrWithZeros61
  L_Dec2Bcd62
  L_Dec2Bcd63
  L_Rtrim64
  L_Rtrim65
  L_Ltrim66
  L_Ltrim67
  L_Ltrim68
  L_Ltrim69
  L_Ltrim70
  L_Ltrim71
  L_FloatToStr72
  L_FloatToStr73
  L_FloatToStr74
  L_FloatToStr75
  L_FloatToStr76
  L_FloatToStr77
  L_FloatToStr78
  L_FloatToStr79
  L_FloatToStr80
  L_FloatToStr81
  L_FloatToStr82
  L_FloatToStr83
  L_FloatToStr84
  L_FloatToStr85
  L_FloatToStr86
  L_FloatToStr87
  L_FloatToStr88
  L_FloatToStr89
  L_FloatToStr90
  L_FloatToStr91
  L_FloatToStr92
  L_FloatToStr93
  L__Ltrim94
  L__FloatToStr95
  _ByteToHex
  _ShortToHex
  _WordToHex
  _IntToHex
  _LongWordToHex
  _LongIntToHex
  _ByteToStr
  _WordToStr
  L__WordToStr96
  _WordToStrWithZeros
  L__WordToStrWithZeros97
  _ShortToStr
  L__ShortToStr98
  _IntToStr
  L__IntToStr99
  L__IntToStr100
  _IntToStrWithZeros
  L__IntToStrWithZeros101
  L__IntToStrWithZeros102
  L__IntToStrWithZeros103
  _LongWordToStr
  L__LongWordToStr104
  L__LongWordToStr105
  _LongWordToStrWithZeros
  L__LongWordToStrWithZeros106
  _LongToStr
  L__LongToStr107
  L__LongToStr108
  _LongIntToStrWithZeros
  L__LongIntToStrWithZeros109
  L__LongIntToStrWithZeros110
  L__LongIntToStrWithZeros111
  _Dec2Bcd
  _Bcd2Dec
  _Bcd2Dec16
  L__Bcd2Dec16112
  L__Bcd2Dec16113
  _Dec2Bcd16
  L__Dec2Bcd16114
  L__Dec2Bcd16115
  _Rtrim
  _Ltrim
  _FloatToStr
  L__FloatToStr116
  L__FloatToStr117
  L__FloatToStr118
  L__FloatToStr119
  L__FloatToStr120
  L_Delay_10us0
  L_Delay_22us1
  L_Delay_50us2
  L_Delay_80us3
  L_Delay_500us4
  L_Delay_5500us5
  L_Delay_1ms6
  L_Delay_5ms7
  L_Delay_8ms8
  L_Delay_100ms9
  L_Delay_1sec10
  L_boot16_Delay_5ms11
  L_Delay_Cyc12
  L_Delay_Cyc13
  L_VDelay_ms14
  L_VDelay_ms15
  L_VDelay_ms16
  L_VDelay_Advanced_ms17
  L_VDelay_Advanced_ms18
  L_VDelay_Advanced_ms19
  _Get_Fosc_kHz
  _Delay_1us
  _Delay_10us
  _Delay_22us
  _Delay_50us
  _Delay_80us
  _Delay_500us
  _Delay_5500us
  _Delay_1ms
  _Delay_5ms
  _Delay_8ms
  _Delay_100ms
  _Delay_1sec
  _boot16_Delay_5ms
  _Delay_Cyc
  _VDelay_ms
  L__VDelay_ms20
  L__VDelay_ms21
  L__VDelay_ms22
  _VDelay_Advanced_ms
  L__VDelay_Advanced_ms23
  L__VDelay_Advanced_ms24
  L__VDelay_Advanced_ms25
  L_Lcd_Cmd0
  L_Lcd_Cmd1
  L_Lcd_Out_CP2
  L_Lcd_Out_CP3
  L_Lcd_Chr4
  L_Lcd_Chr5
  L_Lcd_Chr6
  L_Lcd_Chr7
  L_Lcd_Chr8
  L_Lcd_Chr9
  L_Lcd_Chr10
  L_Lcd_Out11
  L_Lcd_Out12
  L_Lcd_Out13
  L_Lcd_Out14
  L_Lcd_Out15
  L_Lcd_Out16
  L_Lcd_Out17
  L_Lcd_Out18
  L_Lcd_Out19
  _Lcd_Cmd
  L__Lcd_Cmd20
  L__Lcd_Cmd21
  L__Lcd_Cmd22
  L__Lcd_Cmd23
  L__Lcd_Cmd24
  L__Lcd_Cmd25
  L__Lcd_Cmd26
  L__Lcd_Cmd27
  L__Lcd_Cmd28
  L__Lcd_Cmd29
  L__Lcd_Cmd30
  L__Lcd_Cmd31
  L__Lcd_Cmd32
  L__Lcd_Cmd33
  L__Lcd_Cmd34
  L__Lcd_Cmd35
  L__Lcd_Cmd36
  L__Lcd_Cmd37
  L__Lcd_Cmd38
  L__Lcd_Cmd39
  _Lcd_Chr_CP
  _Lcd_Out_CP
  _Lcd_Chr
  _Lcd_Init
  _Lcd_Out
  L_Div_16x16_S0
  L_Div_16x16_S1
  LOOPS3232A
  SADD22LA
  SOK22LA
  SADD22L8
  SOK22L8
  LOOPS3232B
  SADD22LB
  SOK22LB
  SADD22L16
  SOK22L16
  LOOPS3232C
  SADD22LC
  SOK22LC
  SADD22L24
  SOK22L24
  LOOPS3232D
  SADD22LD
  SOK22LD
  SOK22L
  L_Div_32x32_S6
  L_Div_32x32_S7
  L_Div_32x32_S8
  L_Div_32x32_S9
  FXD3232S
  END_ALL
  CA3232S
  C3232SX
  C3232SX1
  C3232S
  C3232S2
  C3232SX4
  C3232SOK
  C3232SX3
  C3232SX2
  avoid_comfrem
  LOOPU3232A
  UADD22LA
  UOK22LA
  UADD22L8
  UOK22L8
  LOOPU3232B
  UADD22LB
  UOK22LB
  UADD22L16
  UOK22L16
  LOOPU3232C
  UADD22LC
  UOK22LC
  UADD22L24
  UOK22L24
  LOOPU3232D
  UADD22LD
  UOK22LD
  UOK22L
  _NEXT
  _EXIT2
  _LOOP
  _EXIT1
  _IF_FIRST
  _IF_SECOND
  _INVERCE_FIRST
  _MULT
  _INBERSE_SECOND
  _EXIT
  _Mul_8x8_U
  _Mul_16x16_U
  _Div_8x8_U
  _Div_16x16_U
  _Mul_8x8_S
  _Mul_16x16_S
  _Div_16x16_S_L
  _Div_16x16_S
  _Div_8x8_S
  _SDIV3232L
  _COMFREM
  _Div_32x32_S
  _Div_32x32_U
  _Mul_32x32_U
  _Mul_32x32_S
  _CC2D_Loop1
  _____DoICP
  _____DoIFC
  ___CC2DW
  _Swap
  L_interrupt0
  L_interrupt1
  L_interrupt2
  L_interrupt3
  L_interrupt4
  L_interrupt5
  L_interrupt6
  L_interrupt7
  L_interrupt8
  L_interrupt9
  L_interrupt10
  L_main11
  L_main12
  L_main13
  L_alteraPWM14
  L_alteraPWM15
  L_alteraPWM16
  L_alteraPWM17
  L_alteraPWM18
  L_alteraPWM19
  L_alteraPWM20
  L_alteraPWM21
  L_alteraPWM22
  L_alteraPWM23
  L_alteraPWM24
  L_alteraPWM25
  L_alteraPWM26
  L_alteraPWM27
  L_alteraPWM28
  L_alteraPWM29
  L_alteraPWM30
  L_alteraPWM31
  L_alteraPWM32
  L_alteraPWM33
  L_alteraPWM34
  L_alteraPWM35
  L_alteraPWM36
  L__alteraPWM37
  L__alteraPWM38
  _interrupt
  L__interrupt39
  _main
  _alteraPWM
