

Microchip MPLAB XC8 Assembler V2.31 build 20201012212115 
                                                                                               Tue Jan 12 17:04:16 2021

Microchip MPLAB XC8 C Compiler v2.31 (Free license) build 20201012212115 Og1 
     1                           	processor	18F2550
     2                           	fnconf	rparam,??,?,0
     3                           	pagewidth 120
     4                           	opt	flic
     5                           	psect	cinit,global,reloc=2,class=CODE,delta=1
     6                           	psect	cstackCOMRAM,global,class=COMRAM,space=1,delta=1,lowdata,noexec
     7                           	psect	text0,global,reloc=2,class=CODE,delta=1
     8                           	psect	text1,global,reloc=2,class=CODE,delta=1
     9                           	psect	intsave_regs,global,class=BIGRAM,space=1,delta=1,noexec
    10                           	psect	rparam,global,class=COMRAM,space=1,delta=1,noexec
    11                           	psect	idloc,global,abs,ovrld,class=IDLOC,space=5,delta=1,noexec
    12                           	psect	config,global,abs,ovrld,class=CONFIG,space=4,delta=1,noexec
    13  0000                     
    14                           ; Version 2.20
    15                           ; Generated 12/02/2020 GMT
    16                           ; 
    17                           ; Copyright © 2020, Microchip Technology Inc. and its subsidiaries ("Microchip")
    18                           ; All rights reserved.
    19                           ; 
    20                           ; This software is developed by Microchip Technology Inc. and its subsidiaries ("Microch
      +                          ip").
    21                           ; 
    22                           ; Redistribution and use in source and binary forms, with or without modification, are
    23                           ; permitted provided that the following conditions are met:
    24                           ; 
    25                           ;     1. Redistributions of source code must retain the above copyright notice, this lis
      +                          t of
    26                           ;        conditions and the following disclaimer.
    27                           ; 
    28                           ;     2. Redistributions in binary form must reproduce the above copyright notice, this 
      +                          list
    29                           ;        of conditions and the following disclaimer in the documentation and/or other
    30                           ;        materials provided with the distribution.
    31                           ; 
    32                           ;     3. Microchip's name may not be used to endorse or promote products derived from th
      +                          is
    33                           ;        software without specific prior written permission.
    34                           ; 
    35                           ; THIS SOFTWARE IS PROVIDED BY MICROCHIP "AS IS" AND ANY EXPRESS OR IMPLIED WARRANTIES,
    36                           ; INCLUDING, BUT NOT LIMITED TO, THE IMPLIED WARRANTIES OF MERCHANTABILITY AND FITNESS F
      +                          OR
    37                           ; PURPOSE ARE DISCLAIMED.  IN NO EVENT SHALL MICROCHIP BE LIABLE FOR ANY DIRECT, INDIREC
      +                          T,
    38                           ; INCIDENTAL, SPECIAL, EXEMPLARY, OR CONSEQUENTIAL DAMAGES (INCLUDING BUT NOT LIMITED TO
    39                           ; PROCUREMENT OF SUBSTITUTE GOODS OR SERVICES; LOSS OF USE, DATA OR PROFITS; OR BUSINESS
    40                           ; INTERRUPTION) HOWSOEVER CAUSED AND ON ANY THEORY OF LIABILITY, WHETHER IN CONTRACT, ST
      +                          RICT
    41                           ; LIABILITY, OR TORT (INCLUDING NEGLIGENCE OR OTHERWISE) ARISING IN ANY WAY OUT OF THE U
      +                          SE OF
    42                           ; THIS SOFTWARE, EVEN IF ADVISED OF THE POSSIBILITY OF SUCH DAMAGE.
    43                           ; 
    44                           ; 
    45                           ; Code-generator required, PIC18F2550 Definitions
    46                           ; 
    47                           ; SFR Addresses
    48  0000                     _OSCCON	set	4051
    49  0000                     _OSCTUNE	set	3995
    50                           
    51                           ; #config settings
    52                           
    53                           	psect	cinit
    54  007FE4                     __pcinit:
    55                           	callstack 0
    56  007FE4                     start_initialization:
    57                           	callstack 0
    58  007FE4                     __initialization:
    59                           	callstack 0
    60  007FE4                     end_of_initialization:
    61                           	callstack 0
    62  007FE4                     __end_of__initialization:
    63                           	callstack 0
    64  007FE4  0100               	movlb	0
    65  007FE6  EFFA  F03F         	goto	_main	;jump to C main() function
    66                           
    67                           	psect	cstackCOMRAM
    68  000000                     __pcstackCOMRAM:
    69                           	callstack 0
    70  000000                     
    71                           ; 1 bytes @ 0x0
    72 ;;
    73 ;;Main: autosize = 0, tempsize = 0, incstack = 0, save=0
    74 ;;
    75 ;; *************** function _main *****************
    76 ;; Defined at:
    77 ;;		line 29 in file "main.c"
    78 ;; Parameters:    Size  Location     Type
    79 ;;		None
    80 ;; Auto vars:     Size  Location     Type
    81 ;;		None
    82 ;; Return value:  Size  Location     Type
    83 ;;                  1    wreg      void 
    84 ;; Registers used:
    85 ;;		wreg, status,2, cstack
    86 ;; Tracked objects:
    87 ;;		On entry : 0/0
    88 ;;		On exit  : 0/0
    89 ;;		Unchanged: 0/0
    90 ;; Data sizes:     COMRAM   BANK0   BANK1   BANK2   BANK3   BANK4   BANK5   BANK6   BANK7
    91 ;;      Params:         0       0       0       0       0       0       0       0       0
    92 ;;      Locals:         0       0       0       0       0       0       0       0       0
    93 ;;      Temps:          0       0       0       0       0       0       0       0       0
    94 ;;      Totals:         0       0       0       0       0       0       0       0       0
    95 ;;Total ram usage:        0 bytes
    96 ;; Hardware stack levels required when called:    1
    97 ;; This function calls:
    98 ;;		_setup
    99 ;; This function is called by:
   100 ;;		Startup code after reset
   101 ;; This function uses a non-reentrant model
   102 ;;
   103                           
   104                           	psect	text0
   105  007FF4                     __ptext0:
   106                           	callstack 0
   107  007FF4                     _main:
   108                           	callstack 30
   109  007FF4                     
   110                           ;main.c: 31:     setup();
   111  007FF4  ECF5  F03F         	call	_setup	;wreg free
   112  007FF8                     l12:
   113  007FF8  EFFC  F03F         	goto	l12
   114  007FFC  EF00  F000         	goto	start
   115  008000                     __end_of_main:
   116                           	callstack 0
   117                           
   118 ;; *************** function _setup *****************
   119 ;; Defined at:
   120 ;;		line 22 in file "main.c"
   121 ;; Parameters:    Size  Location     Type
   122 ;;		None
   123 ;; Auto vars:     Size  Location     Type
   124 ;;		None
   125 ;; Return value:  Size  Location     Type
   126 ;;                  1    wreg      void 
   127 ;; Registers used:
   128 ;;		wreg, status,2
   129 ;; Tracked objects:
   130 ;;		On entry : 0/0
   131 ;;		On exit  : 0/0
   132 ;;		Unchanged: 0/0
   133 ;; Data sizes:     COMRAM   BANK0   BANK1   BANK2   BANK3   BANK4   BANK5   BANK6   BANK7
   134 ;;      Params:         0       0       0       0       0       0       0       0       0
   135 ;;      Locals:         0       0       0       0       0       0       0       0       0
   136 ;;      Temps:          0       0       0       0       0       0       0       0       0
   137 ;;      Totals:         0       0       0       0       0       0       0       0       0
   138 ;;Total ram usage:        0 bytes
   139 ;; Hardware stack levels used:    1
   140 ;; This function calls:
   141 ;;		Nothing
   142 ;; This function is called by:
   143 ;;		_main
   144 ;; This function uses a non-reentrant model
   145 ;;
   146                           
   147                           	psect	text1
   148  007FEA                     __ptext1:
   149                           	callstack 0
   150  007FEA                     _setup:
   151                           	callstack 30
   152  007FEA                     
   153                           ;main.c: 24:     OSCTUNE = 0b10001111;
   154  007FEA  0E8F               	movlw	143
   155  007FEC  6E9B               	movwf	155,c	;volatile
   156                           
   157                           ;main.c: 25:     OSCCON = 0b11110111;
   158  007FEE  0EF7               	movlw	247
   159  007FF0  6ED3               	movwf	211,c	;volatile
   160  007FF2  0012               	return		;funcret
   161  007FF4                     __end_of_setup:
   162                           	callstack 0
   163  0000                     
   164                           	psect	rparam
   165  0000                     
   166                           	psect	idloc
   167                           
   168                           ;Config register IDLOC0 @ 0x200000
   169                           ;	unspecified, using default values
   170  200000                     	org	2097152
   171  200000  FF                 	db	255
   172                           
   173                           ;Config register IDLOC1 @ 0x200001
   174                           ;	unspecified, using default values
   175  200001                     	org	2097153
   176  200001  FF                 	db	255
   177                           
   178                           ;Config register IDLOC2 @ 0x200002
   179                           ;	unspecified, using default values
   180  200002                     	org	2097154
   181  200002  FF                 	db	255
   182                           
   183                           ;Config register IDLOC3 @ 0x200003
   184                           ;	unspecified, using default values
   185  200003                     	org	2097155
   186  200003  FF                 	db	255
   187                           
   188                           ;Config register IDLOC4 @ 0x200004
   189                           ;	unspecified, using default values
   190  200004                     	org	2097156
   191  200004  FF                 	db	255
   192                           
   193                           ;Config register IDLOC5 @ 0x200005
   194                           ;	unspecified, using default values
   195  200005                     	org	2097157
   196  200005  FF                 	db	255
   197                           
   198                           ;Config register IDLOC6 @ 0x200006
   199                           ;	unspecified, using default values
   200  200006                     	org	2097158
   201  200006  FF                 	db	255
   202                           
   203                           ;Config register IDLOC7 @ 0x200007
   204                           ;	unspecified, using default values
   205  200007                     	org	2097159
   206  200007  FF                 	db	255
   207                           
   208                           	psect	config
   209                           
   210                           ;Config register CONFIG1L @ 0x300000
   211                           ;	PLL Prescaler Selection bits
   212                           ;	PLLDIV = 1, No prescale (4 MHz oscillator input drives PLL directly)
   213                           ;	System Clock Postscaler Selection bits
   214                           ;	CPUDIV = OSC1_PLL2, [Primary Oscillator Src: /1][96 MHz PLL Src: /2]
   215                           ;	USB Clock Selection bit (used in Full-Speed USB mode only; UCFG:FSEN = 1)
   216                           ;	USBDIV = 1, USB clock source comes directly from the primary oscillator block with no 
      +                          postscale
   217  300000                     	org	3145728
   218  300000  00                 	db	0
   219                           
   220                           ;Config register CONFIG1H @ 0x300001
   221                           ;	Oscillator Selection bits
   222                           ;	FOSC = INTOSC_HS, Internal oscillator, HS oscillator used by USB (INTHS)
   223                           ;	Fail-Safe Clock Monitor Enable bit
   224                           ;	FCMEN = OFF, Fail-Safe Clock Monitor disabled
   225                           ;	Internal/External Oscillator Switchover bit
   226                           ;	IESO = OFF, Oscillator Switchover mode disabled
   227  300001                     	org	3145729
   228  300001  0B                 	db	11
   229                           
   230                           ;Config register CONFIG2L @ 0x300002
   231                           ;	Power-up Timer Enable bit
   232                           ;	PWRT = OFF, PWRT disabled
   233                           ;	Brown-out Reset Enable bits
   234                           ;	BOR = ON, Brown-out Reset enabled in hardware only (SBOREN is disabled)
   235                           ;	Brown-out Reset Voltage bits
   236                           ;	BORV = 3, Minimum setting 2.05V
   237                           ;	USB Voltage Regulator Enable bit
   238                           ;	VREGEN = OFF, USB voltage regulator disabled
   239  300002                     	org	3145730
   240  300002  1F                 	db	31
   241                           
   242                           ;Config register CONFIG2H @ 0x300003
   243                           ;	Watchdog Timer Enable bit
   244                           ;	WDT = OFF, WDT disabled (control is placed on the SWDTEN bit)
   245                           ;	Watchdog Timer Postscale Select bits
   246                           ;	WDTPS = 32768, 1:32768
   247  300003                     	org	3145731
   248  300003  1E                 	db	30
   249                           
   250                           ; Padding undefined space
   251  300004                     	org	3145732
   252  300004  FF                 	db	255
   253                           
   254                           ;Config register CONFIG3H @ 0x300005
   255                           ;	CCP2 MUX bit
   256                           ;	CCP2MX = ON, CCP2 input/output is multiplexed with RC1
   257                           ;	PORTB A/D Enable bit
   258                           ;	PBADEN = ON, PORTB<4:0> pins are configured as analog input channels on Reset
   259                           ;	Low-Power Timer 1 Oscillator Enable bit
   260                           ;	LPT1OSC = OFF, Timer1 configured for higher power operation
   261                           ;	MCLR Pin Enable bit
   262                           ;	MCLRE = ON, MCLR pin enabled; RE3 input pin disabled
   263  300005                     	org	3145733
   264  300005  83                 	db	131
   265                           
   266                           ;Config register CONFIG4L @ 0x300006
   267                           ;	Stack Full/Underflow Reset Enable bit
   268                           ;	STVREN = ON, Stack full/underflow will cause Reset
   269                           ;	Single-Supply ICSP Enable bit
   270                           ;	LVP = ON, Single-Supply ICSP enabled
   271                           ;	Extended Instruction Set Enable bit
   272                           ;	XINST = OFF, Instruction set extension and Indexed Addressing mode disabled (Legacy mo
      +                          de)
   273                           ;	Background Debugger Enable bit
   274                           ;	DEBUG = 0x1, unprogrammed default
   275  300006                     	org	3145734
   276  300006  85                 	db	133
   277                           
   278                           ; Padding undefined space
   279  300007                     	org	3145735
   280  300007  FF                 	db	255
   281                           
   282                           ;Config register CONFIG5L @ 0x300008
   283                           ;	Code Protection bit
   284                           ;	CP0 = OFF, Block 0 (000800-001FFFh) is not code-protected
   285                           ;	Code Protection bit
   286                           ;	CP1 = OFF, Block 1 (002000-003FFFh) is not code-protected
   287                           ;	Code Protection bit
   288                           ;	CP2 = OFF, Block 2 (004000-005FFFh) is not code-protected
   289                           ;	Code Protection bit
   290                           ;	CP3 = OFF, Block 3 (006000-007FFFh) is not code-protected
   291  300008                     	org	3145736
   292  300008  0F                 	db	15
   293                           
   294                           ;Config register CONFIG5H @ 0x300009
   295                           ;	Boot Block Code Protection bit
   296                           ;	CPB = OFF, Boot block (000000-0007FFh) is not code-protected
   297                           ;	Data EEPROM Code Protection bit
   298                           ;	CPD = OFF, Data EEPROM is not code-protected
   299  300009                     	org	3145737
   300  300009  C0                 	db	192
   301                           
   302                           ;Config register CONFIG6L @ 0x30000A
   303                           ;	Write Protection bit
   304                           ;	WRT0 = OFF, Block 0 (000800-001FFFh) is not write-protected
   305                           ;	Write Protection bit
   306                           ;	WRT1 = OFF, Block 1 (002000-003FFFh) is not write-protected
   307                           ;	Write Protection bit
   308                           ;	WRT2 = OFF, Block 2 (004000-005FFFh) is not write-protected
   309                           ;	Write Protection bit
   310                           ;	WRT3 = OFF, Block 3 (006000-007FFFh) is not write-protected
   311  30000A                     	org	3145738
   312  30000A  0F                 	db	15
   313                           
   314                           ;Config register CONFIG6H @ 0x30000B
   315                           ;	Configuration Register Write Protection bit
   316                           ;	WRTC = OFF, Configuration registers (300000-3000FFh) are not write-protected
   317                           ;	Boot Block Write Protection bit
   318                           ;	WRTB = OFF, Boot block (000000-0007FFh) is not write-protected
   319                           ;	Data EEPROM Write Protection bit
   320                           ;	WRTD = OFF, Data EEPROM is not write-protected
   321  30000B                     	org	3145739
   322  30000B  E0                 	db	224
   323                           
   324                           ;Config register CONFIG7L @ 0x30000C
   325                           ;	Table Read Protection bit
   326                           ;	EBTR0 = OFF, Block 0 (000800-001FFFh) is not protected from table reads executed in ot
      +                          her blocks
   327                           ;	Table Read Protection bit
   328                           ;	EBTR1 = OFF, Block 1 (002000-003FFFh) is not protected from table reads executed in ot
      +                          her blocks
   329                           ;	Table Read Protection bit
   330                           ;	EBTR2 = OFF, Block 2 (004000-005FFFh) is not protected from table reads executed in ot
      +                          her blocks
   331                           ;	Table Read Protection bit
   332                           ;	EBTR3 = OFF, Block 3 (006000-007FFFh) is not protected from table reads executed in ot
      +                          her blocks
   333  30000C                     	org	3145740
   334  30000C  0F                 	db	15
   335                           
   336                           ;Config register CONFIG7H @ 0x30000D
   337                           ;	Boot Block Table Read Protection bit
   338                           ;	EBTRB = OFF, Boot block (000000-0007FFh) is not protected from table reads executed in
      +                           other blocks
   339  30000D                     	org	3145741
   340  30000D  40                 	db	64
   341                           tosu	equ	0xFFF
   342                           tosh	equ	0xFFE
   343                           tosl	equ	0xFFD
   344                           stkptr	equ	0xFFC
   345                           pclatu	equ	0xFFB
   346                           pclath	equ	0xFFA
   347                           pcl	equ	0xFF9
   348                           tblptru	equ	0xFF8
   349                           tblptrh	equ	0xFF7
   350                           tblptrl	equ	0xFF6
   351                           tablat	equ	0xFF5
   352                           prodh	equ	0xFF4
   353                           prodl	equ	0xFF3
   354                           indf0	equ	0xFEF
   355                           postinc0	equ	0xFEE
   356                           postdec0	equ	0xFED
   357                           preinc0	equ	0xFEC
   358                           plusw0	equ	0xFEB
   359                           fsr0h	equ	0xFEA
   360                           fsr0l	equ	0xFE9
   361                           wreg	equ	0xFE8
   362                           indf1	equ	0xFE7
   363                           postinc1	equ	0xFE6
   364                           postdec1	equ	0xFE5
   365                           preinc1	equ	0xFE4
   366                           plusw1	equ	0xFE3
   367                           fsr1h	equ	0xFE2
   368                           fsr1l	equ	0xFE1
   369                           bsr	equ	0xFE0
   370                           indf2	equ	0xFDF
   371                           postinc2	equ	0xFDE
   372                           postdec2	equ	0xFDD
   373                           preinc2	equ	0xFDC
   374                           plusw2	equ	0xFDB
   375                           fsr2h	equ	0xFDA
   376                           fsr2l	equ	0xFD9
   377                           status	equ	0xFD8

Data Sizes:
    Strings     0
    Constant    0
    Data        0
    BSS         0
    Persistent  0
    Stack       0

Auto Spaces:
    Space          Size  Autos    Used
    COMRAM           95      0       0
    BANK0           160      0       0
    BANK1           256      0       0
    BANK2           256      0       0
    BANK3           256      0       0
    BANK4           256      0       0
    BANK5           256      0       0
    BANK6           256      0       0
    BANK7           256      0       0

Pointer List with Targets:

    None.

Critical Paths under _main in COMRAM

    None.

Critical Paths under _main in BANK0

    None.

Critical Paths under _main in BANK1

    None.

Critical Paths under _main in BANK2

    None.

Critical Paths under _main in BANK3

    None.

Critical Paths under _main in BANK4

    None.

Critical Paths under _main in BANK5

    None.

Critical Paths under _main in BANK6

    None.

Critical Paths under _main in BANK7

    None.

Call Graph Tables:

 ---------------------------------------------------------------------------------
 (Depth) Function   	        Calls       Base Space   Used Autos Params    Refs
 ---------------------------------------------------------------------------------
 (0) _main                                                 0     0      0       0
                              _setup
 ---------------------------------------------------------------------------------
 (1) _setup                                                0     0      0       0
 ---------------------------------------------------------------------------------
 Estimated maximum stack depth 1
 ---------------------------------------------------------------------------------

 Call Graph Graphs:

 _main (ROOT)
   _setup

 Address spaces:
Name               Size   Autos  Total    Cost      Usage
BITCOMRAM           5F      0       0       0        0.0%
EEDATA             100      0       0       0        0.0%
NULL                 0      0       0       0        0.0%
CODE                 0      0       0       0        0.0%
COMRAM              5F      0       0       1        0.0%
STACK                0      0       0       2        0.0%
DATA                 0      0       0       3        0.0%
BITBANK0            A0      0       0       4        0.0%
BANK0               A0      0       0       5        0.0%
BITBANK1           100      0       0       6        0.0%
BANK1              100      0       0       7        0.0%
BITBANK2           100      0       0       8        0.0%
BANK2              100      0       0       9        0.0%
BITBANK3           100      0       0      10        0.0%
BANK3              100      0       0      11        0.0%
BITBANK4           100      0       0      12        0.0%
BANK4              100      0       0      13        0.0%
BITBANK5           100      0       0      14        0.0%
BANK5              100      0       0      15        0.0%
BITBANK6           100      0       0      16        0.0%
BANK6              100      0       0      17        0.0%
BITBANK7           100      0       0      18        0.0%
BANK7              100      0       0      19        0.0%
ABS                  0      0       0      20        0.0%
BIGRAM             7FF      0       0      21        0.0%
BITSFR               0      0       0     200        0.0%
SFR                  0      0       0     200        0.0%


Microchip Technology PIC18 Macro Assembler V2.31 build 20201012212115 
Symbol Table                                                                                   Tue Jan 12 17:04:16 2021

                      l7 7FF2                       l12 7FF8                       l13 7FF8  
                    l691 7FEA                      l693 7FF4                     _main 7FF4  
                   start 0000             ___param_bank 000000                    ?_main 0000  
                  _setup 7FEA          __initialization 7FE4             __end_of_main 8000  
                 ??_main 0000            __activetblptr 000000                   ?_setup 0000  
                 _OSCCON 000FD3               __accesstop 0060  __end_of__initialization 7FE4  
          ___rparam_used 000001           __pcstackCOMRAM 0000            __end_of_setup 7FF4  
                ??_setup 0000                  _OSCTUNE 000F9B                  __Hparam 0000  
                __Lparam 0000                  __pcinit 7FE4                  __ramtop 0800  
                __ptext0 7FF4                  __ptext1 7FEA     end_of_initialization 7FE4  
    start_initialization 7FE4           __size_of_setup 000A                 __Hrparam 0000  
               __Lrparam 0000            __size_of_main 000C  
