;  LST file generated by mikroListExporter - v.2.0 
; Date/Time: 12/06/2018 16:25:06
;----------------------------------------------

;Address Opcode 	ASM
0x0000	0x2894      	GOTO       148
_UART1_Write:
;__Lib_UART_b21.c,37 :: 		
;__Lib_UART_b21.c,38 :: 		
L_UART1_Write3:
0x0003	0x1683      	BSF        STATUS, 5
0x0004	0x1303      	BCF        STATUS, 6
0x0005	0x1898      	BTFSC      TXSTA, 1
0x0006	0x2809      	GOTO       L_UART1_Write4
;__Lib_UART_b21.c,39 :: 		
0x0007	0x0000      	NOP
0x0008	0x2803      	GOTO       L_UART1_Write3
L_UART1_Write4:
;__Lib_UART_b21.c,40 :: 		
0x0009	0x1283      	BCF        STATUS, 5
0x000A	0x0825      	MOVF       FARG_UART1_Write_data_, 0
0x000B	0x0099      	MOVWF      TXREG
;__Lib_UART_b21.c,41 :: 		
0x000C	0x0008      	RETURN
; end of _UART1_Write
_____DoICP:
;__Lib_System.c,6 :: 		
;__Lib_System.c,9 :: 		
0x000D	0x1283      	BCF        STATUS, 5
0x000E	0x1303      	BCF        STATUS, 6
0x000F	0x0822      	MOVF       ___DoICPAddr+1, 0
0x0010	0x008A      	MOVWF      PCLATH
;__Lib_System.c,10 :: 		
0x0011	0x0821      	MOVF       ___DoICPAddr, 0
0x0012	0x0082      	MOVWF      PCL
;__Lib_System.c,12 :: 		
0x0013	0x0008      	RETURN
; end of _____DoICP
_UART1_Init:
;__Lib_UART_b21.c,2 :: 		
;__Lib_UART_b21.c,5 :: 		
0x0014	0x1683      	BSF        STATUS, 5
0x0015	0x1303      	BCF        STATUS, 6
0x0016	0x1698      	BSF        TXSTA, 5
;__Lib_UART_b21.c,6 :: 		
0x0017	0x3090      	MOVLW      144
0x0018	0x1283      	BCF        STATUS, 5
0x0019	0x0098      	MOVWF      RCSTA
;__Lib_UART_b21.c,7 :: 		
0x001A	0x1683      	BSF        STATUS, 5
0x001B	0x1486      	BSF        TRISB1_bit, 1
;__Lib_UART_b21.c,8 :: 		
0x001C	0x1106      	BCF        TRISB2_bit, 2
;__Lib_UART_b21.c,9 :: 		
L_UART1_Init0:
0x001D	0x1283      	BCF        STATUS, 5
0x001E	0x1E8C      	BTFSS      PIR1, 5
0x001F	0x2823      	GOTO       L_UART1_Init1
;__Lib_UART_b21.c,10 :: 		
0x0020	0x081A      	MOVF       RCREG, 0
0x0021	0x00F0      	MOVWF      R0
0x0022	0x281D      	GOTO       L_UART1_Init0
L_UART1_Init1:
;__Lib_UART_b21.c,11 :: 		
0x0023	0x0008      	RETURN
; end of _UART1_Init
___CC2DW:
;__Lib_System.c,24 :: 		
;__Lib_System.c,27 :: 		
_CC2D_Loop1:
;__Lib_System.c,29 :: 		
0x0024	0x200D      	CALL       _____DoICP
0x0025	0x118A      	BCF        PCLATH, 3
0x0026	0x120A      	BCF        PCLATH, 4
;__Lib_System.c,31 :: 		
0x0027	0x0080      	MOVWF      INDF
;__Lib_System.c,32 :: 		
0x0028	0x0A84      	INCF       FSR, 1
;__Lib_System.c,33 :: 		
0x0029	0x0AA1      	INCF       ___DoICPAddr, 1
;__Lib_System.c,35 :: 		
0x002A	0x1903      	BTFSC      STATUS, 2
;__Lib_System.c,36 :: 		
0x002B	0x0AA2      	INCF       ___DoICPAddr+1, 1
;__Lib_System.c,37 :: 		
0x002C	0x03F0      	DECF       R0, 1
;__Lib_System.c,39 :: 		
0x002D	0x1D03      	BTFSS      STATUS, 2
;__Lib_System.c,40 :: 		
0x002E	0x2824      	GOTO       _CC2D_Loop1
;__Lib_System.c,42 :: 		
0x002F	0x0008      	RETURN
; end of ___CC2DW
_tx_func:
;source_file_PICmid_proj04_tx.c,61 :: 		void tx_func(char comand, char value)
;source_file_PICmid_proj04_tx.c,64 :: 		UART1_Write(0xFF);                          //byte de start
0x0030	0x30FF      	MOVLW      255
0x0031	0x1283      	BCF        STATUS, 5
0x0032	0x1303      	BCF        STATUS, 6
0x0033	0x00A5      	MOVWF      FARG_UART1_Write_data_
0x0034	0x2003      	CALL       _UART1_Write
;source_file_PICmid_proj04_tx.c,65 :: 		delay_ms(10);                               //aguarda
0x0035	0x300D      	MOVLW      13
0x0036	0x00FC      	MOVWF      R12
0x0037	0x30FB      	MOVLW      251
0x0038	0x00FD      	MOVWF      R13
L_tx_func7:
0x0039	0x0BFD      	DECFSZ     R13, 1
0x003A	0x2839      	GOTO       L_tx_func7
0x003B	0x0BFC      	DECFSZ     R12, 1
0x003C	0x2839      	GOTO       L_tx_func7
0x003D	0x0000      	NOP
0x003E	0x0000      	NOP
;source_file_PICmid_proj04_tx.c,66 :: 		UART1_Write(comand);                        //envia comando
0x003F	0x0823      	MOVF       FARG_tx_func_comand, 0
0x0040	0x00A5      	MOVWF      FARG_UART1_Write_data_
0x0041	0x2003      	CALL       _UART1_Write
;source_file_PICmid_proj04_tx.c,67 :: 		delay_ms(10);                               //aguarda
0x0042	0x300D      	MOVLW      13
0x0043	0x00FC      	MOVWF      R12
0x0044	0x30FB      	MOVLW      251
0x0045	0x00FD      	MOVWF      R13
L_tx_func8:
0x0046	0x0BFD      	DECFSZ     R13, 1
0x0047	0x2846      	GOTO       L_tx_func8
0x0048	0x0BFC      	DECFSZ     R12, 1
0x0049	0x2846      	GOTO       L_tx_func8
0x004A	0x0000      	NOP
0x004B	0x0000      	NOP
;source_file_PICmid_proj04_tx.c,68 :: 		UART1_Write(value);                         //envia valor do dado
0x004C	0x0824      	MOVF       FARG_tx_func_value, 0
0x004D	0x00A5      	MOVWF      FARG_UART1_Write_data_
0x004E	0x2003      	CALL       _UART1_Write
;source_file_PICmid_proj04_tx.c,69 :: 		delay_ms(10);                               //aguarda
0x004F	0x300D      	MOVLW      13
0x0050	0x00FC      	MOVWF      R12
0x0051	0x30FB      	MOVLW      251
0x0052	0x00FD      	MOVWF      R13
L_tx_func9:
0x0053	0x0BFD      	DECFSZ     R13, 1
0x0054	0x2853      	GOTO       L_tx_func9
0x0055	0x0BFC      	DECFSZ     R12, 1
0x0056	0x2853      	GOTO       L_tx_func9
0x0057	0x0000      	NOP
0x0058	0x0000      	NOP
;source_file_PICmid_proj04_tx.c,70 :: 		UART1_Write(~(char)(comand+value));         //faz checksum
0x0059	0x0824      	MOVF       FARG_tx_func_value, 0
0x005A	0x0723      	ADDWF      FARG_tx_func_comand, 0
0x005B	0x00A5      	MOVWF      FARG_UART1_Write_data_
0x005C	0x09A5      	COMF       FARG_UART1_Write_data_, 1
0x005D	0x2003      	CALL       _UART1_Write
;source_file_PICmid_proj04_tx.c,71 :: 		delay_ms(10);
0x005E	0x300D      	MOVLW      13
0x005F	0x00FC      	MOVWF      R12
0x0060	0x30FB      	MOVLW      251
0x0061	0x00FD      	MOVWF      R13
L_tx_func10:
0x0062	0x0BFD      	DECFSZ     R13, 1
0x0063	0x2862      	GOTO       L_tx_func10
0x0064	0x0BFC      	DECFSZ     R12, 1
0x0065	0x2862      	GOTO       L_tx_func10
0x0066	0x0000      	NOP
0x0067	0x0000      	NOP
;source_file_PICmid_proj04_tx.c,74 :: 		} //end tx_func
0x0068	0x0008      	RETURN
; end of _tx_func
_cmd_code:
;source_file_PICmid_proj04_tx.c,79 :: 		void cmd_code()
;source_file_PICmid_proj04_tx.c,81 :: 		if(RB7_bit) key.B7 = 0x01;
0x0069	0x1283      	BCF        STATUS, 5
0x006A	0x1303      	BCF        STATUS, 6
0x006B	0x1F86      	BTFSS      RB7_bit, 7
0x006C	0x286F      	GOTO       L_cmd_code11
0x006D	0x17A0      	BSF        _key, 7
0x006E	0x2870      	GOTO       L_cmd_code12
L_cmd_code11:
;source_file_PICmid_proj04_tx.c,82 :: 		else        key.B7 = 0x00;
0x006F	0x13A0      	BCF        _key, 7
L_cmd_code12:
;source_file_PICmid_proj04_tx.c,84 :: 		if(RB6_bit) key.B6 = 0x01;
0x0070	0x1F06      	BTFSS      RB6_bit, 6
0x0071	0x2874      	GOTO       L_cmd_code13
0x0072	0x1720      	BSF        _key, 6
0x0073	0x2875      	GOTO       L_cmd_code14
L_cmd_code13:
;source_file_PICmid_proj04_tx.c,85 :: 		else        key.B6 = 0x00;
0x0074	0x1320      	BCF        _key, 6
L_cmd_code14:
;source_file_PICmid_proj04_tx.c,87 :: 		if(RB5_bit) key.B5 = 0x01;
0x0075	0x1E86      	BTFSS      RB5_bit, 5
0x0076	0x2879      	GOTO       L_cmd_code15
0x0077	0x16A0      	BSF        _key, 5
0x0078	0x287A      	GOTO       L_cmd_code16
L_cmd_code15:
;source_file_PICmid_proj04_tx.c,88 :: 		else        key.B5 = 0x00;
0x0079	0x12A0      	BCF        _key, 5
L_cmd_code16:
;source_file_PICmid_proj04_tx.c,90 :: 		if(RB4_bit) key.B4 = 0x01;
0x007A	0x1E06      	BTFSS      RB4_bit, 4
0x007B	0x287E      	GOTO       L_cmd_code17
0x007C	0x1620      	BSF        _key, 4
0x007D	0x287F      	GOTO       L_cmd_code18
L_cmd_code17:
;source_file_PICmid_proj04_tx.c,91 :: 		else        key.B4 = 0x00;
0x007E	0x1220      	BCF        _key, 4
L_cmd_code18:
;source_file_PICmid_proj04_tx.c,93 :: 		if(RA3_bit) key.B3 = 0x01;
0x007F	0x1D85      	BTFSS      RA3_bit, 3
0x0080	0x2883      	GOTO       L_cmd_code19
0x0081	0x15A0      	BSF        _key, 3
0x0082	0x2884      	GOTO       L_cmd_code20
L_cmd_code19:
;source_file_PICmid_proj04_tx.c,94 :: 		else        key.B3 = 0x00;
0x0083	0x11A0      	BCF        _key, 3
L_cmd_code20:
;source_file_PICmid_proj04_tx.c,96 :: 		if(RA2_bit) key.B2 = 0x01;
0x0084	0x1D05      	BTFSS      RA2_bit, 2
0x0085	0x2888      	GOTO       L_cmd_code21
0x0086	0x1520      	BSF        _key, 2
0x0087	0x2889      	GOTO       L_cmd_code22
L_cmd_code21:
;source_file_PICmid_proj04_tx.c,97 :: 		else        key.B2 = 0x00;
0x0088	0x1120      	BCF        _key, 2
L_cmd_code22:
;source_file_PICmid_proj04_tx.c,99 :: 		if(RA1_bit) key.B1 = 0x01;
0x0089	0x1C85      	BTFSS      RA1_bit, 1
0x008A	0x288D      	GOTO       L_cmd_code23
0x008B	0x14A0      	BSF        _key, 1
0x008C	0x288E      	GOTO       L_cmd_code24
L_cmd_code23:
;source_file_PICmid_proj04_tx.c,100 :: 		else        key.B1 = 0x00;
0x008D	0x10A0      	BCF        _key, 1
L_cmd_code24:
;source_file_PICmid_proj04_tx.c,102 :: 		if(RA0_bit) key.B0 = 0x01;
0x008E	0x1C05      	BTFSS      RA0_bit, 0
0x008F	0x2892      	GOTO       L_cmd_code25
0x0090	0x1420      	BSF        _key, 0
0x0091	0x2893      	GOTO       L_cmd_code26
L_cmd_code25:
;source_file_PICmid_proj04_tx.c,103 :: 		else        key.B0 = 0x00;
0x0092	0x1020      	BCF        _key, 0
L_cmd_code26:
;source_file_PICmid_proj04_tx.c,106 :: 		} //end cmd_code
0x0093	0x0008      	RETURN
; end of _cmd_code
_main:
0x0094	0x1283      	BCF        STATUS, 5
0x0095	0x1303      	BCF        STATUS, 6
0x0096	0x01A0      	CLRF       _key
;source_file_PICmid_proj04_tx.c,31 :: 		void main()
;source_file_PICmid_proj04_tx.c,33 :: 		CMCON = 0x07;                               //desabilita os comparadores internos
0x0097	0x3007      	MOVLW      7
0x0098	0x009F      	MOVWF      CMCON
;source_file_PICmid_proj04_tx.c,34 :: 		TRISB = 0xFD;                               //configura RB2 como saída (TX)
0x0099	0x30FD      	MOVLW      253
0x009A	0x1683      	BSF        STATUS, 5
0x009B	0x0086      	MOVWF      TRISB
;source_file_PICmid_proj04_tx.c,35 :: 		UART1_Init(1200);                           //inicializa UART1 com 1200 baud rate
0x009C	0x30CF      	MOVLW      207
0x009D	0x0099      	MOVWF      SPBRG
0x009E	0x1518      	BSF        TXSTA, 2
0x009F	0x2014      	CALL       _UART1_Init
;source_file_PICmid_proj04_tx.c,36 :: 		delay_ms(100);                              //aguarda estabilizar
0x00A0	0x3082      	MOVLW      130
0x00A1	0x00FC      	MOVWF      R12
0x00A2	0x30DD      	MOVLW      221
0x00A3	0x00FD      	MOVWF      R13
L_main0:
0x00A4	0x0BFD      	DECFSZ     R13, 1
0x00A5	0x28A4      	GOTO       L_main0
0x00A6	0x0BFC      	DECFSZ     R12, 1
0x00A7	0x28A4      	GOTO       L_main0
0x00A8	0x0000      	NOP
0x00A9	0x0000      	NOP
;source_file_PICmid_proj04_tx.c,39 :: 		while(1)                                    //Loop Infinito
L_main1:
;source_file_PICmid_proj04_tx.c,41 :: 		cmd_code();                              //codifica o comando
0x00AA	0x2069      	CALL       _cmd_code
;source_file_PICmid_proj04_tx.c,43 :: 		if(!RB0_bit) tx_func(key,1);             //se RB0 em LOW, envia comando key e dado 1
0x00AB	0x1806      	BTFSC      RB0_bit, 0
0x00AC	0x28B3      	GOTO       L_main3
0x00AD	0x0820      	MOVF       _key, 0
0x00AE	0x00A3      	MOVWF      FARG_tx_func_comand
0x00AF	0x3001      	MOVLW      1
0x00B0	0x00A4      	MOVWF      FARG_tx_func_value
0x00B1	0x2030      	CALL       _tx_func
0x00B2	0x28BF      	GOTO       L_main4
L_main3:
;source_file_PICmid_proj04_tx.c,44 :: 		else if(!RB1_bit) tx_func(key,1);        //se RB1 em LOW, envia comando key e dado 1
0x00B3	0x1886      	BTFSC      RB1_bit, 1
0x00B4	0x28BB      	GOTO       L_main5
0x00B5	0x0820      	MOVF       _key, 0
0x00B6	0x00A3      	MOVWF      FARG_tx_func_comand
0x00B7	0x3001      	MOVLW      1
0x00B8	0x00A4      	MOVWF      FARG_tx_func_value
0x00B9	0x2030      	CALL       _tx_func
0x00BA	0x28BF      	GOTO       L_main6
L_main5:
;source_file_PICmid_proj04_tx.c,45 :: 		else tx_func(key,0);                     //senão, envia comando key e dado 0
0x00BB	0x0820      	MOVF       _key, 0
0x00BC	0x00A3      	MOVWF      FARG_tx_func_comand
0x00BD	0x01A4      	CLRF       FARG_tx_func_value
0x00BE	0x2030      	CALL       _tx_func
L_main6:
L_main4:
;source_file_PICmid_proj04_tx.c,50 :: 		} //end while
0x00BF	0x28AA      	GOTO       L_main1
;source_file_PICmid_proj04_tx.c,52 :: 		} //end main
0x00C0	0x28C0      	GOTO       $+0
; end of _main
Symbol List:
//** Routines locations **
//ADDRESS    SIZE    PROCEDURE
//----------------------------------------------
0x0003      [10]    _UART1_Write
0x000D       [7]    _____DoICP
0x0014      [16]    _UART1_Init
0x0024      [12]    ___CC2DW
0x0030      [57]    _tx_func
0x0069      [43]    _cmd_code
0x0094      [45]    _main
//** Variables locations ** 
//ADDRESS    SIZE    VARIABLE
//----------------------------------------------
0x0000       [1]    INDF
0x0001       [1]    TMR0
0x0002       [1]    PCL
0x0003       [0]    Z_bit
0x0003       [0]    DC_bit
0x0003       [0]    RP1_bit
0x0003       [0]    NOT_TO_bit
0x0003       [0]    RP0_bit
0x0003       [0]    NOT_PD_bit
0x0003       [1]    STATUS
0x0003       [0]    C_bit
0x0003       [0]    IRP_bit
0x0004       [1]    FSR
0x0004       [1]    FSRPTR
0x0005       [0]    RA5_bit
0x0005       [0]    RA4_bit
0x0005       [0]    RA7_bit
0x0005       [0]    RA6_bit
0x0005       [0]    RA3_bit
0x0005       [0]    RA0_bit
0x0005       [1]    PORTA
0x0005       [0]    RA2_bit
0x0005       [0]    RA1_bit
0x0006       [0]    RB3_bit
0x0006       [0]    RB2_bit
0x0006       [0]    RB1_bit
0x0006       [0]    RB4_bit
0x0006       [0]    RB7_bit
0x0006       [0]    RB6_bit
0x0006       [0]    RB5_bit
0x0006       [1]    PORTB
0x0006       [0]    RB0_bit
0x000A       [1]    PCLATH
0x000B       [0]    GIE_bit
0x000B       [0]    INTE_bit
0x000B       [0]    PEIE_bit
0x000B       [0]    RBIE_bit
0x000B       [0]    T0IF_bit
0x000B       [0]    INTF_bit
0x000B       [1]    INTCON
0x000B       [0]    RBIF_bit
0x000B       [0]    T0IE_bit
0x000C       [0]    CMIF_bit
0x000C       [0]    EEIF_bit
0x000C       [0]    CCP1IF_bit
0x000C       [0]    TXIF_bit
0x000C       [0]    TMR2IF_bit
0x000C       [1]    PIR1
0x000C       [0]    RCIF_bit
0x000C       [0]    TMR1IF_bit
0x000E       [1]    TMR1L
0x000F       [1]    TMR1H
0x0010       [0]    TMR1ON_bit
0x0010       [0]    TMR1CS_bit
0x0010       [0]    T1CKPS1_bit
0x0010       [1]    T1CON
0x0010       [0]    T1CKPS0_bit
0x0010       [0]    NOT_T1SYNC_bit
0x0010       [0]    T1OSCEN_bit
0x0011       [1]    TMR2
0x0012       [0]    TOUTPS3_bit
0x0012       [1]    T2CON
0x0012       [0]    TOUTPS2_bit
0x0012       [0]    TOUTPS1_bit
0x0012       [0]    T2CKPS1_bit
0x0012       [0]    T2CKPS0_bit
0x0012       [0]    TOUTPS0_bit
0x0012       [0]    TMR2ON_bit
0x0015       [2]    CCPR1
0x0015       [1]    CCPR1L
0x0016       [1]    CCPR1H
0x0017       [1]    CCP1CON
0x0017       [0]    CCP1M0_bit
0x0017       [0]    CCP1M2_bit
0x0017       [0]    CCP1M1_bit
0x0017       [0]    CCP1X_bit
0x0017       [0]    CCP1Y_bit
0x0017       [0]    CCP1M3_bit
0x0018       [0]    CREN_bit
0x0018       [0]    ADEN_bit
0x0018       [0]    FERR_bit
0x0018       [0]    RX9D_bit
0x0018       [0]    OERR_bit
0x0018       [0]    SPEN_bit
0x0018       [1]    RCSTA
0x0018       [0]    SREN_bit
0x0018       [0]    RX9_bit
0x0019       [1]    TXREG
0x001A       [1]    RCREG
0x001F       [1]    CMCON
0x001F       [0]    CM2_bit
0x001F       [0]    CIS_bit
0x001F       [0]    CM0_bit
0x001F       [0]    CM1_bit
0x001F       [0]    C1OUT_bit
0x001F       [0]    C2OUT_bit
0x001F       [0]    C1INV_bit
0x001F       [0]    C2INV_bit
0x0020       [1]    _key
0x0021       [2]    ___DoICPAddr
0x0023       [1]    FARG_tx_func_comand
0x0024       [1]    FARG_tx_func_value
0x0025       [1]    FARG_UART1_Write_data_
0x0070       [1]    R0
0x0071       [1]    R1
0x0072       [1]    R2
0x0073       [1]    R3
0x0074       [1]    R4
0x0075       [1]    R5
0x0076       [1]    R6
0x0077       [1]    R7
0x0078       [1]    R8
0x0079       [1]    R9
0x007A       [1]    R10
0x007B       [1]    R11
0x007C       [1]    R12
0x007D       [1]    R13
0x007E       [1]    R14
0x007F       [1]    R15
0x0081       [0]    T0SE_bit
0x0081       [0]    T0CS_bit
0x0081       [0]    PS0_bit
0x0081       [1]    OPTION_REG
0x0081       [0]    PS2_bit
0x0081       [0]    PSA_bit
0x0081       [0]    NOT_RBPU_bit
0x0081       [0]    INTEDG_bit
0x0081       [0]    PS1_bit
0x0085       [0]    TRISA4_bit
0x0085       [0]    TRISA5_bit
0x0085       [0]    TRISA7_bit
0x0085       [0]    TRISA6_bit
0x0085       [0]    TRISA0_bit
0x0085       [0]    TRISA3_bit
0x0085       [1]    TRISA
0x0085       [0]    TRISA2_bit
0x0085       [0]    TRISA1_bit
0x0086       [0]    TRISB1_bit
0x0086       [0]    TRISB0_bit
0x0086       [1]    TRISB
0x0086       [0]    TRISB3_bit
0x0086       [0]    TRISB2_bit
0x0086       [0]    TRISB6_bit
0x0086       [0]    TRISB7_bit
0x0086       [0]    TRISB4_bit
0x0086       [0]    TRISB5_bit
0x008C       [0]    TMR1IE_bit
0x008C       [0]    TMR2IE_bit
0x008C       [0]    RCIE_bit
0x008C       [0]    CMIE_bit
0x008C       [0]    EEIE_bit
0x008C       [0]    TXIE_bit
0x008C       [1]    PIE1
0x008C       [0]    CCP1IE_bit
0x008E       [0]    NOT_BO_bit
0x008E       [0]    NOT_BOR_bit
0x008E       [0]    NOT_BOD_bit
0x008E       [1]    PCON
0x008E       [0]    OSCF_bit
0x008E       [0]    NOT_POR_bit
0x0092       [1]    PR2
0x0098       [0]    TX9D_bit
0x0098       [0]    CSRC_bit
0x0098       [1]    TXSTA
0x0098       [0]    TRMT_bit
0x0098       [0]    TXEN_bit
0x0098       [0]    TX9_bit
0x0098       [0]    BRGH_bit
0x0098       [0]    SYNC_bit
0x0099       [1]    SPBRG
0x009A       [1]    EEDATA
0x009B       [1]    EEADR
0x009C       [0]    WR_bit
0x009C       [0]    RD_bit
0x009C       [0]    WRERR_bit
0x009C       [0]    WREN_bit
0x009C       [1]    EECON1
0x009D       [1]    EECON2
0x009F       [0]    VR1_bit
0x009F       [0]    VR2_bit
0x009F       [0]    VRR_bit
0x009F       [0]    VR3_bit
0x009F       [0]    VREN_bit
0x009F       [1]    VRCON
0x009F       [0]    VR0_bit
0x009F       [0]    VROE_bit
//** Label List: ** 
//----------------------------------------------
  L_main0
  L_main1
  L_main2
  L_main3
  L_main4
  L_main5
  L_main6
  L_tx_func7
  L_tx_func8
  L_tx_func9
  L_tx_func10
  L_cmd_code11
  L_cmd_code12
  L_cmd_code13
  L_cmd_code14
  L_cmd_code15
  L_cmd_code16
  L_cmd_code17
  L_cmd_code18
  L_cmd_code19
  L_cmd_code20
  L_cmd_code21
  L_cmd_code22
  L_cmd_code23
  L_cmd_code24
  L_cmd_code25
  L_cmd_code26
  _main
  _tx_func
  _cmd_code
  _CC2D_Loop1
  _____DoICP
  _____DoIFC
  ___CC2DW
  _Swap
  L_UART1_Init0
  L_UART1_Init1
  L_UART1_Read2
  L_UART1_Write3
  L_UART1_Write4
  L_UART1_Write_Text5
  L_UART1_Write_Text6
  L_UART1_Read_Text7
  L_UART1_Read_Text8
  L_UART1_Read_Text9
  L_UART1_Read_Text10
  L_UART1_Read_Text11
  L_UART1_Read_Text12
  L_UART1_Read_Text13
  L_UART1_Read_Text14
  L_UART1_Read_Text15
  _UART1_Init
  _UART1_Data_Ready
  _UART1_Read
  _UART1_Tx_Idle
  _UART1_Write
  _UART1_Write_Text
  _UART1_Read_Text
