;  LST file generated by mikroListExporter - v.2.0 
; Date/Time: 13/04/2020 16:35:44
;----------------------------------------------

;Address Opcode 	ASM
0x0000	0x285A      	GOTO       90
_____DoICP:
;__Lib_System.c,6 :: 		
;__Lib_System.c,9 :: 		
0x0003	0x1283      	BCF        STATUS, 5
0x0004	0x1303      	BCF        STATUS, 6
0x0005	0x0821      	MOVF       ___DoICPAddr+1, 0
0x0006	0x008A      	MOVWF      PCLATH
;__Lib_System.c,10 :: 		
0x0007	0x0820      	MOVF       ___DoICPAddr, 0
0x0008	0x0082      	MOVWF      PCL
;__Lib_System.c,12 :: 		
0x0009	0x0008      	RETURN
; end of _____DoICP
_servoAntiHorario:
;ServoMotorSimples.c,21 :: 		void servoAntiHorario(){
;ServoMotorSimples.c,22 :: 		servo = 0x00;
0x000A	0x1283      	BCF        STATUS, 5
0x000B	0x1303      	BCF        STATUS, 6
0x000C	0x1006      	BCF        RB0_bit, 0
;ServoMotorSimples.c,23 :: 		delay_us(19000);
0x000D	0x307C      	MOVLW      124
0x000E	0x00FC      	MOVWF      R12
0x000F	0x305F      	MOVLW      95
0x0010	0x00FD      	MOVWF      R13
L_servoAntiHorario4:
0x0011	0x0BFD      	DECFSZ     R13, 1
0x0012	0x2811      	GOTO       L_servoAntiHorario4
0x0013	0x0BFC      	DECFSZ     R12, 1
0x0014	0x2811      	GOTO       L_servoAntiHorario4
;ServoMotorSimples.c,24 :: 		servo = 0x01;
0x0015	0x1406      	BSF        RB0_bit, 0
;ServoMotorSimples.c,25 :: 		delay_us(1000);
0x0016	0x3007      	MOVLW      7
0x0017	0x00FC      	MOVWF      R12
0x0018	0x307D      	MOVLW      125
0x0019	0x00FD      	MOVWF      R13
L_servoAntiHorario5:
0x001A	0x0BFD      	DECFSZ     R13, 1
0x001B	0x281A      	GOTO       L_servoAntiHorario5
0x001C	0x0BFC      	DECFSZ     R12, 1
0x001D	0x281A      	GOTO       L_servoAntiHorario5
;ServoMotorSimples.c,26 :: 		}
0x001E	0x0008      	RETURN
; end of _servoAntiHorario
_servoHorario:
;ServoMotorSimples.c,14 :: 		void servoHorario (){
;ServoMotorSimples.c,15 :: 		servo = 0x00;
0x001F	0x1283      	BCF        STATUS, 5
0x0020	0x1303      	BCF        STATUS, 6
0x0021	0x1006      	BCF        RB0_bit, 0
;ServoMotorSimples.c,16 :: 		delay_us(18000);
0x0022	0x3075      	MOVLW      117
0x0023	0x00FC      	MOVWF      R12
0x0024	0x30E1      	MOVLW      225
0x0025	0x00FD      	MOVWF      R13
L_servoHorario2:
0x0026	0x0BFD      	DECFSZ     R13, 1
0x0027	0x2826      	GOTO       L_servoHorario2
0x0028	0x0BFC      	DECFSZ     R12, 1
0x0029	0x2826      	GOTO       L_servoHorario2
;ServoMotorSimples.c,17 :: 		servo = 0x01;
0x002A	0x1406      	BSF        RB0_bit, 0
;ServoMotorSimples.c,18 :: 		delay_us(2000);
0x002B	0x300D      	MOVLW      13
0x002C	0x00FC      	MOVWF      R12
0x002D	0x30FB      	MOVLW      251
0x002E	0x00FD      	MOVWF      R13
L_servoHorario3:
0x002F	0x0BFD      	DECFSZ     R13, 1
0x0030	0x282F      	GOTO       L_servoHorario3
0x0031	0x0BFC      	DECFSZ     R12, 1
0x0032	0x282F      	GOTO       L_servoHorario3
0x0033	0x0000      	NOP
0x0034	0x0000      	NOP
;ServoMotorSimples.c,19 :: 		}
0x0035	0x0008      	RETURN
; end of _servoHorario
_servoCentro:
;ServoMotorSimples.c,7 :: 		void servoCentro(){
;ServoMotorSimples.c,8 :: 		servo = 0x00; // 1 em hexadecimal
0x0036	0x1283      	BCF        STATUS, 5
0x0037	0x1303      	BCF        STATUS, 6
0x0038	0x1006      	BCF        RB0_bit, 0
;ServoMotorSimples.c,9 :: 		delay_us(18500);
0x0039	0x3079      	MOVLW      121
0x003A	0x00FC      	MOVWF      R12
0x003B	0x301F      	MOVLW      31
0x003C	0x00FD      	MOVWF      R13
L_servoCentro0:
0x003D	0x0BFD      	DECFSZ     R13, 1
0x003E	0x283D      	GOTO       L_servoCentro0
0x003F	0x0BFC      	DECFSZ     R12, 1
0x0040	0x283D      	GOTO       L_servoCentro0
0x0041	0x0000      	NOP
0x0042	0x0000      	NOP
;ServoMotorSimples.c,10 :: 		servo = 0x01;
0x0043	0x1406      	BSF        RB0_bit, 0
;ServoMotorSimples.c,11 :: 		delay_us(1500);
0x0044	0x300A      	MOVLW      10
0x0045	0x00FC      	MOVWF      R12
0x0046	0x30BC      	MOVLW      188
0x0047	0x00FD      	MOVWF      R13
L_servoCentro1:
0x0048	0x0BFD      	DECFSZ     R13, 1
0x0049	0x2848      	GOTO       L_servoCentro1
0x004A	0x0BFC      	DECFSZ     R12, 1
0x004B	0x2848      	GOTO       L_servoCentro1
0x004C	0x0000      	NOP
;ServoMotorSimples.c,12 :: 		}
0x004D	0x0008      	RETURN
; end of _servoCentro
___CC2DW:
;__Lib_System.c,24 :: 		
;__Lib_System.c,27 :: 		
_CC2D_Loop1:
;__Lib_System.c,29 :: 		
0x004E	0x2003      	CALL       _____DoICP
0x004F	0x118A      	BCF        PCLATH, 3
0x0050	0x120A      	BCF        PCLATH, 4
;__Lib_System.c,31 :: 		
0x0051	0x0080      	MOVWF      INDF
;__Lib_System.c,32 :: 		
0x0052	0x0A84      	INCF       FSR, 1
;__Lib_System.c,33 :: 		
0x0053	0x0AA0      	INCF       ___DoICPAddr, 1
;__Lib_System.c,35 :: 		
0x0054	0x1903      	BTFSC      STATUS, 2
;__Lib_System.c,36 :: 		
0x0055	0x0AA1      	INCF       ___DoICPAddr+1, 1
;__Lib_System.c,37 :: 		
0x0056	0x03F0      	DECF       R0, 1
;__Lib_System.c,39 :: 		
0x0057	0x1D03      	BTFSS      STATUS, 2
;__Lib_System.c,40 :: 		
0x0058	0x284E      	GOTO       _CC2D_Loop1
;__Lib_System.c,42 :: 		
0x0059	0x0008      	RETURN
; end of ___CC2DW
_main:
;ServoMotorSimples.c,29 :: 		void main() {
;ServoMotorSimples.c,31 :: 		CMCON = 0X07;
0x005A	0x3007      	MOVLW      7
0x005B	0x1283      	BCF        STATUS, 5
0x005C	0x1303      	BCF        STATUS, 6
0x005D	0x009F      	MOVWF      CMCON
;ServoMotorSimples.c,32 :: 		TRISA = 0X03;
0x005E	0x3003      	MOVLW      3
0x005F	0x1683      	BSF        STATUS, 5
0x0060	0x0085      	MOVWF      TRISA
;ServoMotorSimples.c,33 :: 		PORTA = 0X03;
0x0061	0x3003      	MOVLW      3
0x0062	0x1283      	BCF        STATUS, 5
0x0063	0x0085      	MOVWF      PORTA
;ServoMotorSimples.c,34 :: 		TRISB = 0X00;
0x0064	0x1683      	BSF        STATUS, 5
0x0065	0x0186      	CLRF       TRISB
;ServoMotorSimples.c,35 :: 		PORTB = 0X00;
0x0066	0x1283      	BCF        STATUS, 5
0x0067	0x0186      	CLRF       PORTB
;ServoMotorSimples.c,37 :: 		while(1){
L_main6:
;ServoMotorSimples.c,39 :: 		if(s1 == 0 && s2 == 1)
0x0068	0x1805      	BTFSC      RA0_bit, 0
0x0069	0x286E      	GOTO       L_main10
0x006A	0x1C85      	BTFSS      RA1_bit, 1
0x006B	0x286E      	GOTO       L_main10
L__main17:
;ServoMotorSimples.c,40 :: 		servoAntiHorario();
0x006C	0x200A      	CALL       _servoAntiHorario
0x006D	0x2875      	GOTO       L_main11
L_main10:
;ServoMotorSimples.c,41 :: 		else if(s2 == 0 && s1 == 1)
0x006E	0x1885      	BTFSC      RA1_bit, 1
0x006F	0x2874      	GOTO       L_main14
0x0070	0x1C05      	BTFSS      RA0_bit, 0
0x0071	0x2874      	GOTO       L_main14
L__main16:
;ServoMotorSimples.c,42 :: 		servoHorario();
0x0072	0x201F      	CALL       _servoHorario
0x0073	0x2875      	GOTO       L_main15
L_main14:
;ServoMotorSimples.c,44 :: 		servoCentro();
0x0074	0x2036      	CALL       _servoCentro
L_main15:
L_main11:
;ServoMotorSimples.c,46 :: 		}
0x0075	0x2868      	GOTO       L_main6
;ServoMotorSimples.c,48 :: 		}
0x0076	0x2876      	GOTO       $+0
; end of _main
Symbol List:
//** Routines locations **
//ADDRESS    SIZE    PROCEDURE
//----------------------------------------------
0x0003       [7]    _____DoICP
0x000A      [21]    _servoAntiHorario
0x001F      [23]    _servoHorario
0x0036      [24]    _servoCentro
0x004E      [12]    ___CC2DW
0x005A      [29]    _main
//** Variables locations ** 
//ADDRESS    SIZE    VARIABLE
//----------------------------------------------
0x0000       [1]    INDF
0x0001       [1]    TMR0
0x0002       [1]    PCL
0x0003       [0]    NOT_PD_bit
0x0003       [0]    NOT_TO_bit
0x0003       [0]    DC_bit
0x0003       [0]    Z_bit
0x0003       [0]    IRP_bit
0x0003       [0]    RP0_bit
0x0003       [0]    RP1_bit
0x0003       [0]    C_bit
0x0003       [1]    STATUS
0x0004       [1]    FSR
0x0004       [1]    FSRPTR
0x0005       [0]    RA6_bit
0x0005       [1]    PORTA
0x0005       [0]    RA7_bit
0x0005       [0]    RA5_bit
0x0005       [0]    RA3_bit
0x0005       [0]    RA4_bit
0x0005       [0]    RA0_bit
0x0005       [0]    RA1_bit
0x0005       [0]    RA2_bit
0x0006       [0]    RB5_bit
0x0006       [0]    RB4_bit
0x0006       [0]    RB7_bit
0x0006       [0]    RB6_bit
0x0006       [0]    RB3_bit
0x0006       [1]    PORTB
0x0006       [0]    RB0_bit
0x0006       [0]    RB2_bit
0x0006       [0]    RB1_bit
0x000A       [1]    PCLATH
0x000B       [0]    T0IE_bit
0x000B       [0]    T0IF_bit
0x000B       [0]    RBIE_bit
0x000B       [1]    INTCON
0x000B       [0]    INTE_bit
0x000B       [0]    PEIE_bit
0x000B       [0]    INTF_bit
0x000B       [0]    RBIF_bit
0x000B       [0]    GIE_bit
0x000C       [0]    CMIF_bit
0x000C       [0]    TXIF_bit
0x000C       [0]    CCP1IF_bit
0x000C       [0]    EEIF_bit
0x000C       [0]    TMR2IF_bit
0x000C       [0]    TMR1IF_bit
0x000C       [0]    RCIF_bit
0x000C       [1]    PIR1
0x000E       [1]    TMR1L
0x000F       [1]    TMR1H
0x0010       [0]    T1CKPS1_bit
0x0010       [0]    T1OSCEN_bit
0x0010       [0]    TMR1ON_bit
0x0010       [0]    TMR1CS_bit
0x0010       [0]    NOT_T1SYNC_bit
0x0010       [0]    T1CKPS0_bit
0x0010       [1]    T1CON
0x0011       [1]    TMR2
0x0012       [1]    T2CON
0x0012       [0]    TOUTPS3_bit
0x0012       [0]    TOUTPS2_bit
0x0012       [0]    TMR2ON_bit
0x0012       [0]    T2CKPS1_bit
0x0012       [0]    T2CKPS0_bit
0x0012       [0]    TOUTPS0_bit
0x0012       [0]    TOUTPS1_bit
0x0015       [1]    CCPR1L
0x0015       [2]    CCPR1
0x0016       [1]    CCPR1H
0x0017       [0]    CCP1M2_bit
0x0017       [0]    CCP1M3_bit
0x0017       [0]    CCP1M0_bit
0x0017       [0]    CCP1M1_bit
0x0017       [1]    CCP1CON
0x0017       [0]    CCP1X_bit
0x0017       [0]    CCP1Y_bit
0x0018       [1]    RCSTA
0x0018       [0]    FERR_bit
0x0018       [0]    ADEN_bit
0x0018       [0]    RX9D_bit
0x0018       [0]    OERR_bit
0x0018       [0]    RX9_bit
0x0018       [0]    SPEN_bit
0x0018       [0]    CREN_bit
0x0018       [0]    SREN_bit
0x0019       [1]    TXREG
0x001A       [1]    RCREG
0x001F       [0]    CM0_bit
0x001F       [0]    CM1_bit
0x001F       [1]    CMCON
0x001F       [0]    C2INV_bit
0x001F       [0]    C1OUT_bit
0x001F       [0]    C2OUT_bit
0x001F       [0]    C1INV_bit
0x001F       [0]    CM2_bit
0x001F       [0]    CIS_bit
0x0020       [2]    ___DoICPAddr
0x0070       [1]    R0
0x0071       [1]    R1
0x0072       [1]    R2
0x0073       [1]    R3
0x0074       [1]    R4
0x0075       [1]    R5
0x0076       [1]    R6
0x0077       [1]    R7
0x0078       [1]    R8
0x0079       [1]    R9
0x007A       [1]    R10
0x007B       [1]    R11
0x007C       [1]    R12
0x007D       [1]    R13
0x007E       [1]    R14
0x007F       [1]    R15
0x0081       [0]    T0SE_bit
0x0081       [0]    PSA_bit
0x0081       [0]    T0CS_bit
0x0081       [1]    OPTION_REG
0x0081       [0]    NOT_RBPU_bit
0x0081       [0]    INTEDG_bit
0x0081       [0]    PS1_bit
0x0081       [0]    PS0_bit
0x0081       [0]    PS2_bit
0x0085       [0]    TRISA2_bit
0x0085       [0]    TRISA3_bit
0x0085       [0]    TRISA0_bit
0x0085       [0]    TRISA1_bit
0x0085       [0]    TRISA7_bit
0x0085       [0]    TRISA6_bit
0x0085       [0]    TRISA4_bit
0x0085       [0]    TRISA5_bit
0x0085       [1]    TRISA
0x0086       [1]    TRISB
0x0086       [0]    TRISB6_bit
0x0086       [0]    TRISB5_bit
0x0086       [0]    TRISB4_bit
0x0086       [0]    TRISB7_bit
0x0086       [0]    TRISB2_bit
0x0086       [0]    TRISB3_bit
0x0086       [0]    TRISB1_bit
0x0086       [0]    TRISB0_bit
0x008C       [0]    CCP1IE_bit
0x008C       [0]    TXIE_bit
0x008C       [0]    TMR2IE_bit
0x008C       [0]    TMR1IE_bit
0x008C       [0]    EEIE_bit
0x008C       [1]    PIE1
0x008C       [0]    RCIE_bit
0x008C       [0]    CMIE_bit
0x008E       [0]    NOT_BOR_bit
0x008E       [0]    NOT_BOD_bit
0x008E       [1]    PCON
0x008E       [0]    OSCF_bit
0x008E       [0]    NOT_POR_bit
0x008E       [0]    NOT_BO_bit
0x0092       [1]    PR2
0x0098       [0]    SYNC_bit
0x0098       [0]    BRGH_bit
0x0098       [0]    TX9D_bit
0x0098       [0]    TRMT_bit
0x0098       [0]    TX9_bit
0x0098       [0]    CSRC_bit
0x0098       [0]    TXEN_bit
0x0098       [1]    TXSTA
0x0099       [1]    SPBRG
0x009A       [1]    EEDATA
0x009B       [1]    EEADR
0x009C       [1]    EECON1
0x009C       [0]    WR_bit
0x009C       [0]    RD_bit
0x009C       [0]    WREN_bit
0x009C       [0]    WRERR_bit
0x009D       [1]    EECON2
0x009F       [0]    VREN_bit
0x009F       [0]    VROE_bit
0x009F       [0]    VR1_bit
0x009F       [0]    VR0_bit
0x009F       [1]    VRCON
0x009F       [0]    VRR_bit
0x009F       [0]    VR3_bit
0x009F       [0]    VR2_bit
//** Label List: ** 
//----------------------------------------------
  L_servoCentro0
  L_servoCentro1
  L_servoHorario2
  L_servoHorario3
  L_servoAntiHorario4
  L_servoAntiHorario5
  L_main6
  L_main7
  L_main8
  L_main9
  L_main10
  L_main11
  L_main12
  L_main13
  L_main14
  L_main15
  L__main16
  L__main17
  _servoCentro
  _servoHorario
  _servoAntiHorario
  _main
  _CC2D_Loop1
  _____DoICP
  _____DoIFC
  ___CC2DW
  _Swap
