

Microchip Technology PIC18 LITE Macro Assembler V1.38 build -256452561 
                                                                                               Thu Aug 27 17:10:43 2020

Microchip Technology Omniscient Code Generator v1.38 (Free mode) build 201607010351
     1                           	processor	18F2550
     2                           	fnconf	rparam,??,?,0
     3                           	opt	pw 120
     4                           	opt	lm
     5                           	psect	bitnvCOMRAM,global,bit,class=COMRAM,space=1,delta=1
     6                           	psect	cinit,global,reloc=2,class=CODE,delta=1
     7                           	psect	cstackCOMRAM,global,class=COMRAM,space=1,delta=1
     8                           	psect	text0,global,reloc=2,class=CODE,delta=1
     9                           	psect	text1,global,reloc=2,class=CODE,delta=1
    10                           	psect	intsave_regs,global,class=BIGRAM,space=1,delta=1
    11                           	psect	rparam,global,class=COMRAM,space=1,delta=1
    12  0000                     
    13                           	psect	bitnvCOMRAM
    14  000008                     __pbitnvCOMRAM:
    15                           	opt stack 0
    16  000008                     _botao1:
    17                           	opt stack 0
    18  000008                     	ds	1
    19  0000                     _OSCCON	set	4051
    20  0000                     _PORTBbits	set	3969
    21  0000                     _TRISB	set	3987
    22  0000                     _LATB7	set	31831
    23                           
    24                           ; #config settings
    25  0000                     
    26                           	psect	cinit
    27  007FD0                     __pcinit:
    28                           	opt stack 0
    29  007FD0                     start_initialization:
    30                           	opt stack 0
    31  007FD0                     __initialization:
    32                           	opt stack 0
    33  007FD0                     end_of_initialization:
    34                           	opt stack 0
    35  007FD0                     __end_of__initialization:
    36                           	opt stack 0
    37  007FD0  0100               	movlb	0
    38  007FD2  EFF1  F03F         	goto	_main	;jump to C main() function
    39                           
    40                           	psect	cstackCOMRAM
    41  000000                     __pcstackCOMRAM:
    42                           	opt stack 0
    43  000000                     
    44                           ; 1 bytes @ 0x0
    45 ;;
    46 ;;Main: autosize = 0, tempsize = 0, incstack = 0, save=0
    47 ;;
    48 ;; *************** function _main *****************
    49 ;; Defined at:
    50 ;;		line 41 in file "main.c"
    51 ;; Parameters:    Size  Location     Type
    52 ;;		None
    53 ;; Auto vars:     Size  Location     Type
    54 ;;		None
    55 ;; Return value:  Size  Location     Type
    56 ;;                  1    wreg      void 
    57 ;; Registers used:
    58 ;;		wreg, status,2, cstack
    59 ;; Tracked objects:
    60 ;;		On entry : 0/0
    61 ;;		On exit  : 0/0
    62 ;;		Unchanged: 0/0
    63 ;; Data sizes:     COMRAM   BANK0   BANK1   BANK2   BANK3   BANK4   BANK5   BANK6   BANK7
    64 ;;      Params:         0       0       0       0       0       0       0       0       0
    65 ;;      Locals:         0       0       0       0       0       0       0       0       0
    66 ;;      Temps:          0       0       0       0       0       0       0       0       0
    67 ;;      Totals:         0       0       0       0       0       0       0       0       0
    68 ;;Total ram usage:        0 bytes
    69 ;; Hardware stack levels required when called:    1
    70 ;; This function calls:
    71 ;;		_setup
    72 ;; This function is called by:
    73 ;;		Startup code after reset
    74 ;; This function uses a non-reentrant model
    75 ;;
    76                           
    77                           	psect	text0
    78  007FE2                     __ptext0:
    79                           	opt stack 0
    80  007FE2                     _main:
    81                           	opt stack 30
    82                           
    83                           ;main.c: 43: setup();
    84                           
    85                           ;incstack = 0
    86  007FE2  ECEB  F03F         	call	_setup	;wreg free
    87                           
    88                           ;main.c: 45: botao1 = PORTBbits.RB0;
    89  007FE6  A081               	btfss	3969,0,c	;volatile
    90  007FE8  D002               	goto	u10
    91  007FEA  8001               	bsf	_botao1/(0+8),_botao1& (0+7),c
    92  007FEC  D001               	goto	l632
    93  007FEE                     u10:
    94  007FEE  9001               	bcf	_botao1/(0+8),_botao1& (0+7),c
    95  007FF0                     l632:
    96                           
    97                           ;main.c: 47: if(botao1)
    98  007FF0  A001               	btfss	_botao1/(0+8),_botao1& (0+7),c
    99  007FF2  D003               	goto	l16
   100                           
   101                           ;main.c: 48: LATB7 = 1;
   102  007FF4  8E8A               	bsf	3978,7,c	;volatile
   103  007FF6  EF00  F000         	goto	start
   104  007FFA                     l16:
   105                           
   106                           ;main.c: 49: else
   107                           ;main.c: 50: LATB7 = 0;
   108  007FFA  9E8A               	bcf	3978,7,c	;volatile
   109  007FFC  EF00  F000         	goto	start
   110  008000                     __end_of_main:
   111                           	opt stack 0
   112                           
   113 ;; *************** function _setup *****************
   114 ;; Defined at:
   115 ;;		line 29 in file "main.c"
   116 ;; Parameters:    Size  Location     Type
   117 ;;		None
   118 ;; Auto vars:     Size  Location     Type
   119 ;;		None
   120 ;; Return value:  Size  Location     Type
   121 ;;                  1    wreg      void 
   122 ;; Registers used:
   123 ;;		wreg, status,2
   124 ;; Tracked objects:
   125 ;;		On entry : 0/0
   126 ;;		On exit  : 0/0
   127 ;;		Unchanged: 0/0
   128 ;; Data sizes:     COMRAM   BANK0   BANK1   BANK2   BANK3   BANK4   BANK5   BANK6   BANK7
   129 ;;      Params:         0       0       0       0       0       0       0       0       0
   130 ;;      Locals:         0       0       0       0       0       0       0       0       0
   131 ;;      Temps:          0       0       0       0       0       0       0       0       0
   132 ;;      Totals:         0       0       0       0       0       0       0       0       0
   133 ;;Total ram usage:        0 bytes
   134 ;; Hardware stack levels used:    1
   135 ;; This function calls:
   136 ;;		Nothing
   137 ;; This function is called by:
   138 ;;		_main
   139 ;; This function uses a non-reentrant model
   140 ;;
   141                           
   142                           	psect	text1
   143  007FD6                     __ptext1:
   144                           	opt stack 0
   145  007FD6                     _setup:
   146                           	opt stack 30
   147                           
   148                           ;main.c: 31: OSCCON = 0b11111110;
   149                           
   150                           ;incstack = 0
   151  007FD6  0EFE               	movlw	254
   152  007FD8  6ED3               	movwf	4051,c	;volatile
   153                           
   154                           ;main.c: 35: TRISB = 0b01111111;
   155  007FDA  0E7F               	movlw	127
   156  007FDC  6E93               	movwf	3987,c	;volatile
   157                           
   158                           ;main.c: 37: LATB7 = 0b0;
   159  007FDE  9E8A               	bcf	3978,7,c	;volatile
   160  007FE0  0012               	return		;funcret
   161  007FE2                     __end_of_setup:
   162                           	opt stack 0
   163  0000                     
   164                           	psect	rparam


Data Sizes:
    Strings     0
    Constant    0
    Data        0
    BSS         0
    Persistent  0
    Stack       0

Auto Spaces:
    Space          Size  Autos    Used
    COMRAM           95      0       1
    BANK0           160      0       0
    BANK1           256      0       0
    BANK2           256      0       0
    BANK3           256      0       0
    BANK4           256      0       0
    BANK5           256      0       0
    BANK6           256      0       0
    BANK7           256      0       0

Pointer List with Targets:

    None.

Critical Paths under _main in COMRAM

    None.

Critical Paths under _main in BANK0

    None.

Critical Paths under _main in BANK1

    None.

Critical Paths under _main in BANK2

    None.

Critical Paths under _main in BANK3

    None.

Critical Paths under _main in BANK4

    None.

Critical Paths under _main in BANK5

    None.

Critical Paths under _main in BANK6

    None.

Critical Paths under _main in BANK7

    None.

Call Graph Tables:

 ---------------------------------------------------------------------------------
 (Depth) Function   	        Calls       Base Space   Used Autos Params    Refs
 ---------------------------------------------------------------------------------
 (0) _main                                                 0     0      0       0
                              _setup
 ---------------------------------------------------------------------------------
 (1) _setup                                                0     0      0       0
 ---------------------------------------------------------------------------------
 Estimated maximum stack depth 1
 ---------------------------------------------------------------------------------

 Call Graph Graphs:

 _main (ROOT)
   _setup

 Address spaces:
Name               Size   Autos  Total    Cost      Usage
BITCOMRAM           5F      0       1       0        1.1%
EEDATA             100      0       0       0        0.0%
NULL                 0      0       0       0        0.0%
CODE                 0      0       0       0        0.0%
COMRAM              5F      0       1       1        1.1%
STACK                0      0       0       2        0.0%
DATA                 0      0       1       3        0.0%
BITBANK0            A0      0       0       4        0.0%
BANK0               A0      0       0       5        0.0%
BITBANK1           100      0       0       6        0.0%
BANK1              100      0       0       7        0.0%
BITBANK2           100      0       0       8        0.0%
BANK2              100      0       0       9        0.0%
BITBANK3           100      0       0      10        0.0%
BANK3              100      0       0      11        0.0%
BITBANK4           100      0       0      12        0.0%
BANK4              100      0       0      13        0.0%
BITBANK5           100      0       0      14        0.0%
BANK5              100      0       0      15        0.0%
BITBANK6           100      0       0      16        0.0%
BANK6              100      0       0      17        0.0%
BITBANK7           100      0       0      18        0.0%
BANK7              100      0       0      19        0.0%
ABS                  0      0       1      20        0.0%
BIGRAM             7FF      0       0      21        0.0%
BITSFR               0      0       0      40        0.0%
SFR                  0      0       0      40        0.0%


Microchip Technology PIC18 Macro Assembler V1.38 build -256452561 
Symbol Table                                                                                   Thu Aug 27 17:10:43 2020

                     l16 7FFA                       u10 7FEE              __CFG_BOR$ON 000000  
            __CFG_BORV$3 000000             __CFG_CP0$OFF 000000             __CFG_CP1$OFF 000000  
           __CFG_CP2$OFF 000000             __CFG_CP3$OFF 000000              __CFG_LVP$ON 000000  
                    l632 7FF0             __CFG_CPB$OFF 000000             __CFG_CPD$OFF 000000  
           __CFG_WDT$OFF 000000                     _main 7FE2                     start 0000  
          __CFG_IESO$OFF 000000            __CFG_MCLRE$ON 000000             ___param_bank 000010  
          __CFG_PLLDIV$5 000000           __CFG_CCP2MX$ON 000000                    ?_main 0000  
                  _LATB7 007C57            __CFG_USBDIV$2 000000                    _TRISB 000F93  
          __CFG_PWRT$OFF 000000            __CFG_WRT0$OFF 000000            __CFG_WRT1$OFF 000000  
          __CFG_WRT2$OFF 000000            __CFG_WRT3$OFF 000000           __CFG_EBTR0$OFF 000000  
         __CFG_FCMEN$OFF 000000           __CFG_EBTR1$OFF 000000           __CFG_EBTR2$OFF 000000  
         __CFG_EBTR3$OFF 000000            __CFG_WRTB$OFF 000000            __CFG_WRTC$OFF 000000  
          __CFG_WRTD$OFF 000000           __CFG_EBTRB$OFF 000000                    _setup 7FD6  
        __initialization 7FD0             __end_of_main 8000                   ??_main 0000  
          __activetblptr 000000                   ?_setup 0000                   _OSCCON 000FD3  
         __CFG_XINST$OFF 000000           __CFG_STVREN$ON 000000                   _botao1 0008  
             __accesstop 0060  __end_of__initialization 7FD0          __CFG_PBADEN$OFF 000000  
          ___rparam_used 000001           __pcstackCOMRAM 0000            __end_of_setup 7FE2  
                ??_setup 0000          __CFG_VREGEN$OFF 000000                  __Hparam 0000  
                __Lparam 0000                  __pcinit 7FD0                  __ramtop 0800  
                __ptext0 7FE2                  __ptext1 7FD6     end_of_initialization 7FD0  
              _PORTBbits 000F81            __pbitnvCOMRAM 0008      start_initialization 7FD0  
       __CFG_LPT1OSC$OFF 000000           __size_of_setup 000C         __CFG_WDTPS$32768 000000  
               __Hrparam 0000                 __Lrparam 0000            __size_of_main 001E  
  __CFG_CPUDIV$OSC2_PLL3 000000      __CFG_FOSC$INTOSC_HS 000000  
